[2023-10-25T12:44:04.772] [INFO] ma-core - database URI mongodb://localhost:27017/core
[2023-10-25T12:44:06.346] [INFO] ma-core - server started at port 5000
[2023-10-25T12:44:06.413] [INFO] ma-core - mongodb conected
[2023-10-25T12:45:14.331] [INFO] ma-core - get all posts success /api/newsFeed/getAllPosts GET ::1
[2023-10-25T12:57:45.205] [INFO] ma-core - get all posts success /api/newsFeed/getAllPosts GET ::1
[2023-10-25T12:57:45.374] [INFO] ma-core - get all posts success /api/newsFeed/getAllPosts GET ::1
[2023-10-25T12:57:52.073] [INFO] ma-core - get all Customer success /api/customer/ GET ::1
[2023-10-25T12:57:54.704] [INFO] ma-core - get Customer success toBase64 error /api/customer/:id/ GET ::1
[2023-10-25T12:59:51.670] [INFO] ma-core - get All nomenclature success /api/nomenclature/ GET ::1
[2023-10-25T12:59:52.448] [INFO] ma-core - Get all shifts success /api/shift/ GET ::1
[2023-10-25T12:59:53.056] [INFO] ma-core - Get all shifts success /api/shift/ GET ::1
[2023-10-25T13:00:01.178] [INFO] ma-core - Get all shifts success /api/shift/getAllMembersByShifts GET ::1
[2023-10-25T13:01:21.105] [INFO] ma-core - get all Customer success /api/customer/ GET ::1
[2023-10-25T13:01:21.129] [INFO] ma-core - get all Customer success /api/customer/ GET ::1
[2023-10-25T13:01:21.160] [INFO] ma-core - get all Customer success /api/customer/ GET ::1
[2023-10-25T13:01:29.700] [INFO] ma-core - get all Customer success /api/customer/ GET ::1
[2023-10-25T13:01:29.904] [INFO] ma-core - get all Customer success /api/customer/ GET ::1
[2023-10-25T13:01:32.941] [INFO] ma-core - get all Customer success /api/customer/ GET ::1
[2023-10-25T13:01:33.091] [INFO] ma-core - get all Customer success /api/customer/ GET ::1
[2023-10-25T13:01:35.312] [INFO] ma-core - get all result form success /api/resultForm/getAllResultForm GET ::1
[2023-10-25T13:01:35.346] [INFO] ma-core - get Monitoring Activities Without Result Form success /api/resultForm/getMonitoringActivitiesWithoutResultForm GET ::1
[2023-10-25T13:02:06.387] [INFO] ma-core - get by id Result Form /api/resultForm/getResultFormById/:id GET ::1
[2023-10-25T13:02:41.382] [INFO] ma-core - Get all shifts success /api/shift/getAllMembersByShifts GET ::1
[2023-10-25T13:02:59.367] [INFO] ma-core - get all Customer success /api/customer/ GET ::1
[2023-10-25T13:02:59.568] [INFO] ma-core - get all Customer success /api/customer/ GET ::1
[2023-10-25T13:04:40.617] [INFO] ma-core - get all Customer success /api/customer/ GET ::1
[2023-10-25T13:04:40.712] [INFO] ma-core - get all Customer success /api/customer/ GET ::1
[2023-10-25T13:05:52.528] [INFO] ma-core - get All Module success /api/module/getAll GET ::1
[2023-10-25T13:06:03.401] [INFO] ma-core - get All Role success /api/role/ GET ::1
[2023-10-25T13:06:06.642] [INFO] ma-core - get All Module success /api/module/getAll GET ::1
[2023-10-25T13:06:06.738] [INFO] ma-core - get by id Role success /api/role/:id/ GET ::1
[2023-10-25T13:07:11.748] [INFO] ma-core - get all Customer success /api/customer/ GET ::1
[2023-10-25T13:07:11.767] [INFO] ma-core - get all Customer success /api/customer/ GET ::1
[2023-10-25T13:07:11.799] [INFO] ma-core - get all Customer success /api/customer/ GET ::1
