[2021-12-15T08:32:48.666] [INFO] ma-core - database URI mongodb://localhost:27017/core
[2021-12-15T08:32:49.508] [INFO] ma-core - server started at port 5000
[2021-12-15T08:32:49.543] [INFO] ma-core - mongodb conected
[2021-12-15T08:39:27.669] [ERROR] ma-core - get All Task By filter error :team leader shift not found /api/task/getTasksByFilter GET ::1
[2021-12-15T08:40:04.728] [ERROR] ma-core - get All Task By filter error :team leader shift not found /api/task/getTasksByFilter GET ::1
[2021-12-15T08:43:37.996] [INFO] ma-core - get all Customer success /api/customer/ GET ::1
[2021-12-15T08:43:38.040] [INFO] ma-core - get all Customer success /api/customer/ GET ::1
[2021-12-15T08:43:47.879] [INFO] ma-core - get All nomenclature success /api/nomenclature/ GET ::1
[2021-12-15T08:43:48.197] [INFO] ma-core - Get all shifts success /api/shift/ GET ::1
[2021-12-15T08:43:48.407] [INFO] ma-core - Get all shifts success /api/shift/ GET ::1
[2021-12-15T08:46:04.223] [ERROR] ma-core - get by id Task :Cast to ObjectId failed for value "undefined" (type string) at path "_id" for model "task" /api/task/:id GET ::1
[2021-12-15T08:46:04.509] [ERROR] ma-core - get by id Task :Cast to ObjectId failed for value "undefined" (type string) at path "_id" for model "task" /api/task/:id GET ::1
[2021-12-15T08:46:05.298] [ERROR] ma-core - get by id Task :Cast to ObjectId failed for value "undefined" (type string) at path "_id" for model "task" /api/task/:id GET ::1
[2021-12-15T08:46:10.451] [INFO] ma-core - get all Customer success /api/customer/ GET ::1
[2021-12-15T08:46:10.526] [INFO] ma-core - get all Customer success /api/customer/ GET ::1
[2021-12-15T08:46:50.341] [ERROR] ma-core - get All Task By filter error :team leader shift not found /api/task/getTasksByFilter GET ::1
[2021-12-15T09:00:44.069] [INFO] ma-core - get All nomenclature success /api/nomenclature/ GET ::1
[2021-12-15T09:00:44.220] [INFO] ma-core - Get all shifts success /api/shift/ GET ::1
[2021-12-15T09:00:44.459] [INFO] ma-core - Get all shifts success /api/shift/ GET ::1
[2021-12-15T09:03:52.384] [INFO] ma-core - get All nomenclature success /api/nomenclature/ GET ::1
[2021-12-15T09:03:52.627] [INFO] ma-core - Get all shifts success /api/shift/ GET ::1
[2021-12-15T09:03:52.816] [INFO] ma-core - Get all shifts success /api/shift/ GET ::1
[2021-12-15T09:04:36.301] [INFO] ma-core - get all Customer success /api/customer/ GET ::1
[2021-12-15T09:04:36.366] [INFO] ma-core - get all Customer success /api/customer/ GET ::1
[2021-12-15T09:05:34.625] [INFO] ma-core - get all Customer success /api/customer/ GET ::1
[2021-12-15T09:05:34.683] [INFO] ma-core - get all Customer success /api/customer/ GET ::1
[2021-12-15T09:05:40.357] [INFO] ma-core - get all Customer success /api/customer/ GET ::1
[2021-12-15T09:05:40.451] [INFO] ma-core - get all Customer success /api/customer/ GET ::1
[2021-12-15T09:12:37.892] [INFO] ma-core - get All nomenclature success /api/nomenclature/ GET ::1
[2021-12-15T09:12:38.011] [INFO] ma-core - Get all shifts success /api/shift/ GET ::1
[2021-12-15T09:12:38.153] [INFO] ma-core - Get all shifts success /api/shift/ GET ::1
[2021-12-15T09:12:51.030] [INFO] ma-core - get all Customer success /api/customer/ GET ::1
[2021-12-15T09:12:51.086] [INFO] ma-core - get all Customer success /api/customer/ GET ::1
[2021-12-15T09:13:17.135] [INFO] ma-core - get All Task By filter success /api/task/getTasksByFilter GET ::1
[2021-12-15T09:18:32.106] [INFO] ma-core - database URI mongodb://localhost:27017/core
[2021-12-15T09:18:32.818] [INFO] ma-core - server started at port 5000
[2021-12-15T09:18:32.842] [INFO] ma-core - mongodb conected
[2021-12-15T09:19:21.390] [INFO] ma-core - database URI mongodb://localhost:27017/core
[2021-12-15T09:19:22.003] [INFO] ma-core - server started at port 5000
[2021-12-15T09:19:22.027] [INFO] ma-core - mongodb conected
[2021-12-15T09:21:08.786] [INFO] ma-core - get all Customer success /api/customer/ GET ::1
[2021-12-15T09:21:08.870] [INFO] ma-core - get all Customer success /api/customer/ GET ::1
[2021-12-15T09:54:22.206] [INFO] ma-core - database URI mongodb://localhost:27017/core
[2021-12-15T09:54:22.835] [INFO] ma-core - server started at port 5000
[2021-12-15T09:54:22.863] [INFO] ma-core - mongodb conected
[2021-12-15T10:00:35.125] [INFO] ma-core - database URI mongodb://localhost:27017/core
[2021-12-15T10:00:35.763] [INFO] ma-core - server started at port 5000
[2021-12-15T10:00:35.795] [INFO] ma-core - mongodb conected
[2021-12-15T10:01:31.767] [INFO] ma-core - database URI mongodb://localhost:27017/core
[2021-12-15T10:01:32.312] [INFO] ma-core - server started at port 5000
[2021-12-15T10:01:32.333] [INFO] ma-core - mongodb conected
[2021-12-15T10:03:55.697] [INFO] ma-core - database URI mongodb://localhost:27017/core
[2021-12-15T10:03:56.248] [INFO] ma-core - server started at port 5000
[2021-12-15T10:03:56.271] [INFO] ma-core - mongodb conected
[2021-12-15T10:05:47.501] [INFO] ma-core - database URI mongodb://localhost:27017/core
[2021-12-15T10:05:48.061] [INFO] ma-core - server started at port 5000
[2021-12-15T10:05:48.083] [INFO] ma-core - mongodb conected
[2021-12-15T10:14:24.283] [INFO] ma-core - database URI mongodb://localhost:27017/core
[2021-12-15T10:14:24.879] [INFO] ma-core - server started at port 5000
[2021-12-15T10:14:24.899] [INFO] ma-core - mongodb conected
[2021-12-15T10:17:54.931] [INFO] ma-core - database URI mongodb://localhost:27017/core
[2021-12-15T10:17:55.554] [INFO] ma-core - server started at port 5000
[2021-12-15T10:17:55.576] [INFO] ma-core - mongodb conected
[2021-12-15T10:18:07.101] [ERROR] ma-core - get All Task By filter error :member shift not found /api/task/getTasksByFilter GET ::1
[2021-12-15T10:18:11.707] [INFO] ma-core - get All Task By filter success /api/task/getTasksByFilter GET ::1
[2021-12-15T10:20:49.807] [INFO] ma-core - database URI mongodb://localhost:27017/core
[2021-12-15T10:20:50.504] [INFO] ma-core - server started at port 5000
[2021-12-15T10:20:50.505] [TRACE] ma-core - A user connected, Total users connected is: 
[2021-12-15T10:20:50.531] [INFO] ma-core - mongodb conected
[2021-12-15T10:20:51.478] [INFO] ma-core - database URI mongodb://localhost:27017/core
[2021-12-15T10:20:52.123] [INFO] ma-core - server started at port 5000
[2021-12-15T10:20:52.124] [TRACE] ma-core - A user connected, Total users connected is: 
[2021-12-15T10:20:52.150] [INFO] ma-core - mongodb conected
[2021-12-15T11:30:35.780] [INFO] ma-core - get All Task By filter success /api/task/getTasksByFilter GET ::1
[2021-12-15T15:37:16.242] [INFO] ma-core - database URI mongodb://localhost:27017/core
[2021-12-15T15:37:16.765] [INFO] ma-core - server started at port 5000
[2021-12-15T15:37:16.766] [TRACE] ma-core - A user connected, Total users connected is: 
[2021-12-15T15:37:16.787] [INFO] ma-core - mongodb conected
[2021-12-15T15:41:09.672] [ERROR] ma-core - add Licence :Licence Already Exist During This Periode /api/licence/ POST ::1
[2021-12-15T15:43:02.529] [ERROR] ma-core - add Licence :Licence Already Exist During This Periode /api/licence/ POST ::1
[2021-12-15T15:43:40.741] [INFO] ma-core - database URI mongodb://localhost:27017/core
[2021-12-15T15:43:41.170] [INFO] ma-core - server started at port 5000
[2021-12-15T15:43:41.170] [TRACE] ma-core - A user connected, Total users connected is: 
[2021-12-15T15:43:41.190] [INFO] ma-core - mongodb conected
[2021-12-15T15:43:46.551] [ERROR] ma-core - add Licence :Licence Already Exist During This Periode /api/licence/ POST ::1
[2021-12-15T15:44:40.822] [INFO] ma-core - add Licence success /api/licence/ POST ::1
[2021-12-15T15:45:00.772] [ERROR] ma-core - add Licence :Licence Already Exist During This Periode /api/licence/ POST ::1
[2021-12-15T15:46:09.221] [INFO] ma-core - add Licence success /api/licence/ POST ::1
[2021-12-15T15:47:42.541] [INFO] ma-core - database URI mongodb://localhost:27017/core
[2021-12-15T15:47:43.031] [INFO] ma-core - server started at port 5000
[2021-12-15T15:47:43.032] [TRACE] ma-core - A user connected, Total users connected is: 
[2021-12-15T15:47:43.052] [INFO] ma-core - mongodb conected
