[2021-12-09T08:56:24.055] [INFO] ma-core - database URI mongodb://localhost:27017/core
[2021-12-09T08:56:24.704] [INFO] ma-core - server started at port 5000
[2021-12-09T08:56:24.725] [INFO] ma-core - mongodb conected
[2021-12-09T08:56:28.219] [INFO] ma-core - get all result form success /api/resultform/getAllResultForm GET ::1
[2021-12-09T08:56:47.917] [INFO] ma-core - database URI mongodb://localhost:27017/core
[2021-12-09T08:56:48.475] [INFO] ma-core - server started at port 5000
[2021-12-09T08:56:48.496] [INFO] ma-core - mongodb conected
[2021-12-09T08:57:17.587] [INFO] ma-core - get by id Result Form /api/resultform/getResultFormById/:id GET ::1
[2021-12-09T10:02:42.510] [INFO] ma-core - database URI mongodb://localhost:27017/core
[2021-12-09T10:02:43.055] [INFO] ma-core - server started at port 5000
[2021-12-09T10:02:43.077] [INFO] ma-core - mongodb conected
[2021-12-09T10:43:57.320] [INFO] ma-core - database URI mongodb://localhost:27017/core
[2021-12-09T10:43:57.948] [INFO] ma-core - server started at port 5000
[2021-12-09T10:43:57.976] [INFO] ma-core - mongodb conected
[2021-12-09T10:44:02.708] [INFO] ma-core - get by id Result Form /api/resultform/getResultFormById/:id GET ::1
[2021-12-09T10:45:21.411] [INFO] ma-core - database URI mongodb://localhost:27017/core
[2021-12-09T10:45:22.043] [INFO] ma-core - server started at port 5000
[2021-12-09T10:45:22.067] [INFO] ma-core - mongodb conected
[2021-12-09T10:45:26.217] [ERROR] ma-core - get by id Result Form :select is not defined /api/resultform/getResultFormById/:id GET ::1
[2021-12-09T10:46:19.137] [ERROR] ma-core - get by id Result Form :select is not defined /api/resultform/getResultFormById/:id GET ::1
[2021-12-09T10:46:22.111] [INFO] ma-core - database URI mongodb://localhost:27017/core
[2021-12-09T10:46:22.775] [INFO] ma-core - server started at port 5000
[2021-12-09T10:46:22.803] [INFO] ma-core - mongodb conected
[2021-12-09T10:46:24.043] [INFO] ma-core - get by id Result Form /api/resultform/getResultFormById/:id GET ::1
[2021-12-09T10:50:19.371] [INFO] ma-core - database URI mongodb://localhost:27017/core
[2021-12-09T10:50:19.954] [INFO] ma-core - server started at port 5000
[2021-12-09T10:50:19.984] [INFO] ma-core - mongodb conected
[2021-12-09T10:50:25.432] [INFO] ma-core - get by id Result Form /api/resultform/getResultFormById/:id GET ::1
[2021-12-09T10:50:39.407] [INFO] ma-core - database URI mongodb://localhost:27017/core
[2021-12-09T10:50:40.067] [INFO] ma-core - server started at port 5000
[2021-12-09T10:50:40.110] [INFO] ma-core - mongodb conected
[2021-12-09T10:50:41.339] [INFO] ma-core - get by id Result Form /api/resultform/getResultFormById/:id GET ::1
[2021-12-09T10:53:57.689] [INFO] ma-core - database URI mongodb://localhost:27017/core
[2021-12-09T10:53:58.348] [INFO] ma-core - server started at port 5000
[2021-12-09T10:53:58.417] [INFO] ma-core - mongodb conected
[2021-12-09T10:55:15.885] [INFO] ma-core - database URI mongodb://localhost:27017/core
[2021-12-09T10:55:16.486] [INFO] ma-core - server started at port 5000
[2021-12-09T10:55:16.513] [INFO] ma-core - mongodb conected
[2021-12-09T10:55:22.245] [INFO] ma-core - get by id Result Form /api/resultform/getResultFormById/:id GET ::1
[2021-12-09T11:40:57.805] [INFO] ma-core - database URI mongodb://localhost:27017/core
[2021-12-09T11:40:58.439] [INFO] ma-core - server started at port 5000
[2021-12-09T11:40:58.469] [INFO] ma-core - mongodb conected
[2021-12-09T11:41:54.345] [INFO] ma-core - database URI mongodb://localhost:27017/core
[2021-12-09T11:41:55.027] [INFO] ma-core - server started at port 5000
[2021-12-09T11:41:55.056] [INFO] ma-core - mongodb conected
[2021-12-09T11:42:22.000] [INFO] ma-core - database URI mongodb://localhost:27017/core
[2021-12-09T11:42:22.784] [INFO] ma-core - server started at port 5000
[2021-12-09T11:42:22.813] [INFO] ma-core - mongodb conected
[2021-12-09T11:47:12.864] [INFO] ma-core - database URI mongodb://localhost:27017/core
[2021-12-09T11:47:13.556] [INFO] ma-core - server started at port 5000
[2021-12-09T11:47:13.585] [INFO] ma-core - mongodb conected
[2021-12-09T12:07:35.841] [INFO] ma-core - database URI mongodb://localhost:27017/core
[2021-12-09T12:07:36.465] [INFO] ma-core - server started at port 5000
[2021-12-09T12:07:36.489] [INFO] ma-core - mongodb conected
[2021-12-09T12:12:37.931] [INFO] ma-core - database URI mongodb://localhost:27017/core
[2021-12-09T12:12:38.471] [INFO] ma-core - server started at port 5000
[2021-12-09T12:12:38.491] [INFO] ma-core - mongodb conected
[2021-12-09T12:15:26.949] [INFO] ma-core - database URI mongodb://localhost:27017/core
[2021-12-09T12:15:27.509] [INFO] ma-core - server started at port 5000
[2021-12-09T12:15:27.530] [INFO] ma-core - mongodb conected
[2021-12-09T12:15:53.120] [INFO] ma-core - get all result form success /api/resultform/getAllResultForm GET ::1
[2021-12-09T12:16:07.738] [INFO] ma-core - get all result form success /api/resultform/getAllResultForm GET ::1
[2021-12-09T12:16:50.270] [INFO] ma-core - database URI mongodb://localhost:27017/core
[2021-12-09T12:16:50.899] [INFO] ma-core - server started at port 5000
[2021-12-09T12:16:50.931] [INFO] ma-core - mongodb conected
[2021-12-09T12:17:16.403] [INFO] ma-core - delete Result Form success testing testing testing
[2021-12-09T12:17:16.407] [INFO] ma-core - delete Result Form success NaN post 1234
[2021-12-09T12:17:16.409] [ERROR] ma-core - delete Result Form :task not found testing testing testing
[2021-12-09T12:17:16.411] [ERROR] ma-core - delete Result Form :task not found NaN post 1234
[2021-12-09T12:17:16.425] [INFO] ma-core - get all result form success testing testing testing
[2021-12-09T12:17:16.426] [INFO] ma-core - get all result form success NaN post 1234
[2021-12-09T12:17:16.433] [INFO] ma-core - get by id Result Form testing testing testing
[2021-12-09T12:17:16.434] [INFO] ma-core - get by id Result Form NaN post 1234
[2021-12-09T12:17:16.436] [ERROR] ma-core - get by id Result Form :task not found testing testing testing
[2021-12-09T12:17:16.437] [ERROR] ma-core - get by id Result Form :task not found NaN post 1234
[2021-12-09T12:17:16.443] [INFO] ma-core - add result form success testing testing testing
[2021-12-09T12:17:16.445] [INFO] ma-core - add result form success NaN post 1234
[2021-12-09T12:17:16.447] [ERROR] ma-core - add result form :missing property testing testing testing
[2021-12-09T12:17:16.448] [ERROR] ma-core - add result form :missing property NaN post 1234
[2021-12-09T12:17:16.454] [INFO] ma-core - update Result Form success testing testing testing
[2021-12-09T12:17:16.455] [INFO] ma-core - update Result Form success NaN post 1234
[2021-12-09T12:17:16.456] [ERROR] ma-core - update Result Form  :task not found testing testing testing
[2021-12-09T12:17:16.458] [ERROR] ma-core - update Result Form  :task not found NaN post 1234
[2021-12-09T12:18:08.725] [INFO] ma-core - database URI mongodb://localhost:27017/core
[2021-12-09T12:18:09.322] [INFO] ma-core - server started at port 5000
[2021-12-09T12:18:09.363] [INFO] ma-core - mongodb conected
[2021-12-09T12:18:15.819] [INFO] ma-core - delete Result Form success testing testing testing
[2021-12-09T12:18:15.824] [INFO] ma-core - delete Result Form success NaN post 1234
[2021-12-09T12:18:15.826] [ERROR] ma-core - delete Result Form :task not found testing testing testing
[2021-12-09T12:18:15.828] [ERROR] ma-core - delete Result Form :task not found NaN post 1234
[2021-12-09T12:18:15.841] [INFO] ma-core - get all result form success testing testing testing
[2021-12-09T12:18:15.843] [INFO] ma-core - get all result form success NaN post 1234
[2021-12-09T12:18:15.849] [INFO] ma-core - get by id Result Form testing testing testing
[2021-12-09T12:18:15.851] [INFO] ma-core - get by id Result Form NaN post 1234
[2021-12-09T12:18:15.852] [ERROR] ma-core - get by id Result Form :task not found testing testing testing
[2021-12-09T12:18:15.854] [ERROR] ma-core - get by id Result Form :task not found NaN post 1234
[2021-12-09T12:18:15.861] [INFO] ma-core - add result form success testing testing testing
[2021-12-09T12:18:15.862] [INFO] ma-core - add result form success NaN post 1234
[2021-12-09T12:18:15.864] [ERROR] ma-core - add result form :missing property testing testing testing
[2021-12-09T12:18:15.865] [ERROR] ma-core - add result form :missing property NaN post 1234
[2021-12-09T12:18:15.871] [INFO] ma-core - update Result Form success testing testing testing
[2021-12-09T12:18:15.872] [INFO] ma-core - update Result Form success NaN post 1234
[2021-12-09T12:18:15.874] [ERROR] ma-core - update Result Form  :task not found testing testing testing
[2021-12-09T12:18:15.875] [ERROR] ma-core - update Result Form  :task not found NaN post 1234
[2021-12-09T12:18:44.369] [INFO] ma-core - database URI mongodb://localhost:27017/core
[2021-12-09T12:18:45.054] [INFO] ma-core - server started at port 5000
[2021-12-09T12:18:45.083] [INFO] ma-core - mongodb conected
[2021-12-09T12:18:49.501] [INFO] ma-core - delete Result Form success testing testing testing
[2021-12-09T12:18:49.507] [INFO] ma-core - delete Result Form success NaN post 1234
[2021-12-09T12:18:49.510] [ERROR] ma-core - delete Result Form :task not found testing testing testing
[2021-12-09T12:18:49.513] [ERROR] ma-core - delete Result Form :task not found NaN post 1234
[2021-12-09T12:18:49.529] [INFO] ma-core - get all result form success testing testing testing
[2021-12-09T12:18:49.532] [INFO] ma-core - get all result form success NaN post 1234
[2021-12-09T12:18:49.540] [INFO] ma-core - get by id Result Form testing testing testing
[2021-12-09T12:18:49.542] [INFO] ma-core - get by id Result Form NaN post 1234
[2021-12-09T12:18:49.544] [ERROR] ma-core - get by id Result Form :task not found testing testing testing
[2021-12-09T12:18:49.547] [ERROR] ma-core - get by id Result Form :task not found NaN post 1234
[2021-12-09T12:18:49.555] [INFO] ma-core - add result form success testing testing testing
[2021-12-09T12:18:49.557] [INFO] ma-core - add result form success NaN post 1234
[2021-12-09T12:18:49.559] [ERROR] ma-core - add result form :missing property testing testing testing
[2021-12-09T12:18:49.561] [ERROR] ma-core - add result form :missing property NaN post 1234
[2021-12-09T12:18:49.567] [INFO] ma-core - update Result Form success testing testing testing
[2021-12-09T12:18:49.569] [INFO] ma-core - update Result Form success NaN post 1234
[2021-12-09T12:18:49.570] [ERROR] ma-core - update Result Form  :task not found testing testing testing
[2021-12-09T12:18:49.572] [ERROR] ma-core - update Result Form  :task not found NaN post 1234
[2021-12-09T12:19:04.074] [INFO] ma-core - database URI mongodb://localhost:27017/core
[2021-12-09T12:19:04.611] [INFO] ma-core - server started at port 5000
[2021-12-09T12:19:04.652] [INFO] ma-core - mongodb conected
[2021-12-09T12:19:13.377] [INFO] ma-core - delete Result Form success testing testing testing
[2021-12-09T12:19:13.382] [INFO] ma-core - delete Result Form success NaN post 1234
[2021-12-09T12:19:13.384] [ERROR] ma-core - delete Result Form :task not found testing testing testing
[2021-12-09T12:19:13.386] [ERROR] ma-core - delete Result Form :task not found NaN post 1234
[2021-12-09T12:19:13.399] [INFO] ma-core - get all result form success testing testing testing
[2021-12-09T12:19:13.401] [INFO] ma-core - get all result form success NaN post 1234
[2021-12-09T12:19:13.408] [INFO] ma-core - get by id Result Form testing testing testing
[2021-12-09T12:19:13.409] [INFO] ma-core - get by id Result Form NaN post 1234
[2021-12-09T12:19:13.411] [ERROR] ma-core - get by id Result Form :task not found testing testing testing
[2021-12-09T12:19:13.413] [ERROR] ma-core - get by id Result Form :task not found NaN post 1234
[2021-12-09T12:19:13.419] [INFO] ma-core - add result form success testing testing testing
[2021-12-09T12:19:13.421] [INFO] ma-core - add result form success NaN post 1234
[2021-12-09T12:19:13.422] [ERROR] ma-core - add result form :missing property testing testing testing
[2021-12-09T12:19:13.424] [ERROR] ma-core - add result form :missing property NaN post 1234
[2021-12-09T12:19:13.430] [INFO] ma-core - update Result Form success testing testing testing
[2021-12-09T12:19:13.431] [INFO] ma-core - update Result Form success NaN post 1234
[2021-12-09T12:19:13.432] [ERROR] ma-core - update Result Form  :task not found testing testing testing
[2021-12-09T12:19:13.434] [ERROR] ma-core - update Result Form  :task not found NaN post 1234
[2021-12-09T12:34:19.529] [INFO] ma-core - database URI mongodb://localhost:27017/core
[2021-12-09T12:34:20.130] [INFO] ma-core - server started at port 5000
[2021-12-09T12:34:20.156] [INFO] ma-core - mongodb conected
[2021-12-09T12:34:31.216] [INFO] ma-core - database URI mongodb://localhost:27017/core
[2021-12-09T12:34:31.779] [INFO] ma-core - server started at port 5000
[2021-12-09T12:34:31.800] [INFO] ma-core - mongodb conected
[2021-12-09T12:34:38.713] [INFO] ma-core - delete Result Form success testing testing testing
[2021-12-09T12:34:38.717] [INFO] ma-core - delete Result Form success NaN post 1234
[2021-12-09T12:34:38.719] [ERROR] ma-core - delete Result Form :task not found testing testing testing
[2021-12-09T12:34:38.721] [ERROR] ma-core - delete Result Form :task not found NaN post 1234
[2021-12-09T12:34:38.735] [INFO] ma-core - get all result form success testing testing testing
[2021-12-09T12:34:38.736] [INFO] ma-core - get all result form success NaN post 1234
[2021-12-09T12:34:38.743] [INFO] ma-core - get by id Result Form testing testing testing
[2021-12-09T12:34:38.745] [INFO] ma-core - get by id Result Form NaN post 1234
[2021-12-09T12:34:38.746] [ERROR] ma-core - get by id Result Form :task not found testing testing testing
[2021-12-09T12:34:38.748] [ERROR] ma-core - get by id Result Form :task not found NaN post 1234
[2021-12-09T12:34:38.755] [INFO] ma-core - add result form success testing testing testing
[2021-12-09T12:34:38.757] [INFO] ma-core - add result form success NaN post 1234
[2021-12-09T12:34:38.758] [ERROR] ma-core - add result form :missing property testing testing testing
[2021-12-09T12:34:38.760] [ERROR] ma-core - add result form :missing property NaN post 1234
[2021-12-09T12:34:38.765] [INFO] ma-core - update Result Form success testing testing testing
[2021-12-09T12:34:38.767] [INFO] ma-core - update Result Form success NaN post 1234
[2021-12-09T12:34:38.768] [ERROR] ma-core - update Result Form  :task not found testing testing testing
[2021-12-09T12:34:38.770] [ERROR] ma-core - update Result Form  :task not found NaN post 1234
[2021-12-09T12:35:26.366] [INFO] ma-core - database URI mongodb://localhost:27017/core
[2021-12-09T12:35:26.917] [INFO] ma-core - server started at port 5000
[2021-12-09T12:35:26.943] [INFO] ma-core - mongodb conected
[2021-12-09T12:35:30.592] [INFO] ma-core - delete Result Form success testing testing testing
[2021-12-09T12:35:30.597] [INFO] ma-core - delete Result Form success NaN post 1234
[2021-12-09T12:35:30.599] [ERROR] ma-core - delete Result Form :task not found testing testing testing
[2021-12-09T12:35:30.600] [ERROR] ma-core - delete Result Form :task not found NaN post 1234
[2021-12-09T12:35:30.615] [INFO] ma-core - get all result form success testing testing testing
[2021-12-09T12:35:30.616] [INFO] ma-core - get all result form success NaN post 1234
[2021-12-09T12:35:30.623] [INFO] ma-core - get by id Result Form testing testing testing
[2021-12-09T12:35:30.624] [INFO] ma-core - get by id Result Form NaN post 1234
[2021-12-09T12:35:30.626] [ERROR] ma-core - get by id Result Form :task not found testing testing testing
[2021-12-09T12:35:30.628] [ERROR] ma-core - get by id Result Form :task not found NaN post 1234
[2021-12-09T12:35:30.635] [INFO] ma-core - add result form success testing testing testing
[2021-12-09T12:35:30.636] [INFO] ma-core - add result form success NaN post 1234
[2021-12-09T12:35:30.638] [ERROR] ma-core - add result form :missing property testing testing testing
[2021-12-09T12:35:30.639] [ERROR] ma-core - add result form :missing property NaN post 1234
[2021-12-09T12:35:30.645] [INFO] ma-core - update Result Form success testing testing testing
[2021-12-09T12:35:30.646] [INFO] ma-core - update Result Form success NaN post 1234
[2021-12-09T12:35:30.648] [ERROR] ma-core - update Result Form  :task not found testing testing testing
[2021-12-09T12:35:30.649] [ERROR] ma-core - update Result Form  :task not found NaN post 1234
[2021-12-09T12:36:26.508] [INFO] ma-core - database URI mongodb://localhost:27017/core
[2021-12-09T12:36:27.049] [INFO] ma-core - server started at port 5000
[2021-12-09T12:36:27.070] [INFO] ma-core - mongodb conected
[2021-12-09T12:36:31.796] [INFO] ma-core - delete Result Form success testing testing testing
[2021-12-09T12:36:31.801] [INFO] ma-core - delete Result Form success NaN post 1234
[2021-12-09T12:36:31.802] [ERROR] ma-core - delete Result Form :task not found testing testing testing
[2021-12-09T12:36:31.804] [ERROR] ma-core - delete Result Form :task not found NaN post 1234
[2021-12-09T12:36:31.818] [INFO] ma-core - get all result form success testing testing testing
[2021-12-09T12:36:31.820] [INFO] ma-core - get all result form success NaN post 1234
[2021-12-09T12:36:31.826] [INFO] ma-core - get by id Result Form testing testing testing
[2021-12-09T12:36:31.828] [INFO] ma-core - get by id Result Form NaN post 1234
[2021-12-09T12:36:31.830] [ERROR] ma-core - get by id Result Form :task not found testing testing testing
[2021-12-09T12:36:31.831] [ERROR] ma-core - get by id Result Form :task not found NaN post 1234
[2021-12-09T12:36:31.837] [INFO] ma-core - add result form success testing testing testing
[2021-12-09T12:36:31.839] [INFO] ma-core - add result form success NaN post 1234
[2021-12-09T12:36:31.841] [ERROR] ma-core - add result form :missing property testing testing testing
[2021-12-09T12:36:31.842] [ERROR] ma-core - add result form :missing property NaN post 1234
[2021-12-09T12:36:31.848] [INFO] ma-core - update Result Form success testing testing testing
[2021-12-09T12:36:31.849] [INFO] ma-core - update Result Form success NaN post 1234
[2021-12-09T12:36:31.851] [ERROR] ma-core - update Result Form  :task not found testing testing testing
[2021-12-09T12:36:31.852] [ERROR] ma-core - update Result Form  :task not found NaN post 1234
[2021-12-09T16:11:55.379] [INFO] ma-core - delete Result Form success testing testing testing
[2021-12-09T16:11:55.385] [INFO] ma-core - delete Result Form success NaN post 1234
[2021-12-09T16:11:55.388] [ERROR] ma-core - delete Result Form :task not found testing testing testing
[2021-12-09T16:11:55.389] [ERROR] ma-core - delete Result Form :task not found NaN post 1234
[2021-12-09T16:11:55.408] [INFO] ma-core - get all result form success testing testing testing
[2021-12-09T16:11:55.410] [INFO] ma-core - get all result form success NaN post 1234
[2021-12-09T16:11:55.418] [INFO] ma-core - get by id Result Form testing testing testing
[2021-12-09T16:11:55.420] [INFO] ma-core - get by id Result Form NaN post 1234
[2021-12-09T16:11:55.422] [ERROR] ma-core - get by id Result Form :task not found testing testing testing
[2021-12-09T16:11:55.423] [ERROR] ma-core - get by id Result Form :task not found NaN post 1234
[2021-12-09T16:11:55.432] [INFO] ma-core - add result form success testing testing testing
[2021-12-09T16:11:55.436] [INFO] ma-core - add result form success NaN post 1234
[2021-12-09T16:11:55.439] [ERROR] ma-core - add result form :missing property testing testing testing
[2021-12-09T16:11:55.441] [ERROR] ma-core - add result form :missing property NaN post 1234
[2021-12-09T16:11:55.450] [INFO] ma-core - update Result Form success testing testing testing
[2021-12-09T16:11:55.452] [INFO] ma-core - update Result Form success NaN post 1234
[2021-12-09T16:11:55.454] [ERROR] ma-core - update Result Form  :task not found testing testing testing
[2021-12-09T16:11:55.455] [ERROR] ma-core - update Result Form  :task not found NaN post 1234
[2021-12-09T16:28:11.779] [INFO] ma-core - database URI mongodb://localhost:27017/core
[2021-12-09T16:28:12.317] [INFO] ma-core - server started at port 5000
[2021-12-09T16:28:12.339] [INFO] ma-core - mongodb conected
[2021-12-09T16:28:18.531] [INFO] ma-core - delete Result Form success testing testing testing
[2021-12-09T16:28:18.535] [INFO] ma-core - delete Result Form success NaN post 1234
[2021-12-09T16:28:18.537] [ERROR] ma-core - delete Result Form :task not found testing testing testing
[2021-12-09T16:28:18.539] [ERROR] ma-core - delete Result Form :task not found NaN post 1234
[2021-12-09T16:28:18.553] [INFO] ma-core - get all result form success testing testing testing
[2021-12-09T16:28:18.555] [INFO] ma-core - get all result form success NaN post 1234
[2021-12-09T16:28:18.563] [INFO] ma-core - get by id Result Form testing testing testing
[2021-12-09T16:28:18.565] [INFO] ma-core - get by id Result Form NaN post 1234
[2021-12-09T16:28:18.567] [ERROR] ma-core - get by id Result Form :task not found testing testing testing
[2021-12-09T16:28:18.568] [ERROR] ma-core - get by id Result Form :task not found NaN post 1234
[2021-12-09T16:28:18.574] [INFO] ma-core - add result form success testing testing testing
[2021-12-09T16:28:18.576] [INFO] ma-core - add result form success NaN post 1234
[2021-12-09T16:28:18.578] [ERROR] ma-core - add result form :missing property testing testing testing
[2021-12-09T16:28:18.579] [ERROR] ma-core - add result form :missing property NaN post 1234
[2021-12-09T16:28:18.586] [INFO] ma-core - update Result Form success testing testing testing
[2021-12-09T16:28:18.588] [INFO] ma-core - update Result Form success NaN post 1234
[2021-12-09T16:28:18.590] [ERROR] ma-core - update Result Form  :task not found testing testing testing
[2021-12-09T16:28:18.591] [ERROR] ma-core - update Result Form  :task not found NaN post 1234
[2021-12-09T16:31:33.415] [INFO] ma-core - database URI mongodb://localhost:27017/core
[2021-12-09T16:31:33.937] [INFO] ma-core - server started at port 5000
[2021-12-09T16:31:33.958] [INFO] ma-core - mongodb conected
[2021-12-09T16:31:48.161] [INFO] ma-core - delete Result Form success testing testing testing
[2021-12-09T16:31:48.166] [INFO] ma-core - delete Result Form success NaN post 1234
[2021-12-09T16:31:48.168] [ERROR] ma-core - delete Result Form :task not found testing testing testing
[2021-12-09T16:31:48.169] [ERROR] ma-core - delete Result Form :task not found NaN post 1234
[2021-12-09T16:31:48.184] [INFO] ma-core - get all result form success testing testing testing
[2021-12-09T16:31:48.186] [INFO] ma-core - get all result form success NaN post 1234
[2021-12-09T16:31:48.190] [INFO] ma-core - get by id Result Form testing testing testing
[2021-12-09T16:31:48.191] [INFO] ma-core - get by id Result Form NaN post 1234
[2021-12-09T16:31:48.193] [ERROR] ma-core - get by id Result Form :task not found testing testing testing
[2021-12-09T16:31:48.196] [ERROR] ma-core - get by id Result Form :task not found NaN post 1234
[2021-12-09T16:31:48.204] [INFO] ma-core - add result form success testing testing testing
[2021-12-09T16:31:48.206] [INFO] ma-core - add result form success NaN post 1234
[2021-12-09T16:31:48.208] [ERROR] ma-core - add result form :missing property testing testing testing
[2021-12-09T16:31:48.209] [ERROR] ma-core - add result form :missing property NaN post 1234
[2021-12-09T16:31:48.215] [INFO] ma-core - update Result Form success testing testing testing
[2021-12-09T16:31:48.217] [INFO] ma-core - update Result Form success NaN post 1234
[2021-12-09T16:31:48.218] [ERROR] ma-core - update Result Form  :task not found testing testing testing
[2021-12-09T16:31:48.220] [ERROR] ma-core - update Result Form  :task not found NaN post 1234
[2021-12-09T16:34:12.836] [INFO] ma-core - database URI mongodb://localhost:27017/core
[2021-12-09T16:34:13.383] [INFO] ma-core - server started at port 5000
[2021-12-09T16:34:13.406] [INFO] ma-core - mongodb conected
[2021-12-09T16:34:17.822] [INFO] ma-core - delete Result Form success testing testing testing
[2021-12-09T16:34:17.827] [INFO] ma-core - delete Result Form success NaN post 1234
[2021-12-09T16:34:17.829] [ERROR] ma-core - delete Result Form :task not found testing testing testing
[2021-12-09T16:34:17.830] [ERROR] ma-core - delete Result Form :task not found NaN post 1234
[2021-12-09T16:34:17.845] [INFO] ma-core - get all result form success testing testing testing
[2021-12-09T16:34:17.847] [INFO] ma-core - get all result form success NaN post 1234
[2021-12-09T16:34:17.851] [INFO] ma-core - get by id Result Form testing testing testing
[2021-12-09T16:34:17.853] [INFO] ma-core - get by id Result Form NaN post 1234
[2021-12-09T16:34:17.855] [ERROR] ma-core - get by id Result Form :task not found testing testing testing
[2021-12-09T16:34:17.856] [ERROR] ma-core - get by id Result Form :task not found NaN post 1234
[2021-12-09T16:34:17.864] [INFO] ma-core - add result form success testing testing testing
[2021-12-09T16:34:17.866] [INFO] ma-core - add result form success NaN post 1234
[2021-12-09T16:34:17.867] [ERROR] ma-core - add result form :missing property testing testing testing
[2021-12-09T16:34:17.869] [ERROR] ma-core - add result form :missing property NaN post 1234
[2021-12-09T16:34:17.874] [INFO] ma-core - update Result Form success testing testing testing
[2021-12-09T16:34:17.876] [INFO] ma-core - update Result Form success NaN post 1234
[2021-12-09T16:34:17.877] [ERROR] ma-core - update Result Form  :task not found testing testing testing
[2021-12-09T16:34:17.878] [ERROR] ma-core - update Result Form  :task not found NaN post 1234
[2021-12-09T16:35:58.723] [INFO] ma-core - database URI mongodb://localhost:27017/core
[2021-12-09T16:35:59.256] [INFO] ma-core - server started at port 5000
[2021-12-09T16:35:59.277] [INFO] ma-core - mongodb conected
[2021-12-09T16:36:06.363] [INFO] ma-core - delete Result Form success testing testing testing
[2021-12-09T16:36:06.368] [INFO] ma-core - delete Result Form success NaN post 1234
[2021-12-09T16:36:06.369] [ERROR] ma-core - delete Result Form :task not found testing testing testing
[2021-12-09T16:36:06.371] [ERROR] ma-core - delete Result Form :task not found NaN post 1234
[2021-12-09T16:36:06.386] [INFO] ma-core - get all result form success testing testing testing
[2021-12-09T16:36:06.388] [INFO] ma-core - get all result form success NaN post 1234
[2021-12-09T16:36:06.393] [INFO] ma-core - get by id Result Form testing testing testing
[2021-12-09T16:36:06.394] [INFO] ma-core - get by id Result Form NaN post 1234
[2021-12-09T16:36:06.396] [ERROR] ma-core - get by id Result Form :task not found testing testing testing
[2021-12-09T16:36:06.398] [ERROR] ma-core - get by id Result Form :task not found NaN post 1234
[2021-12-09T16:36:06.405] [INFO] ma-core - add result form success testing testing testing
[2021-12-09T16:36:06.407] [INFO] ma-core - add result form success NaN post 1234
[2021-12-09T16:36:06.409] [ERROR] ma-core - add result form :missing property testing testing testing
[2021-12-09T16:36:06.410] [ERROR] ma-core - add result form :missing property NaN post 1234
[2021-12-09T16:36:06.415] [INFO] ma-core - update Result Form success testing testing testing
[2021-12-09T16:36:06.417] [INFO] ma-core - update Result Form success NaN post 1234
[2021-12-09T16:36:06.419] [ERROR] ma-core - update Result Form  :task not found testing testing testing
[2021-12-09T16:36:06.421] [ERROR] ma-core - update Result Form  :task not found NaN post 1234
[2021-12-09T16:36:40.566] [INFO] ma-core - database URI mongodb://localhost:27017/core
[2021-12-09T16:36:41.128] [INFO] ma-core - server started at port 5000
[2021-12-09T16:36:41.151] [INFO] ma-core - mongodb conected
[2021-12-09T16:41:38.241] [INFO] ma-core - get all result form success /api/resultform/getAllResultForm GET ::1
[2021-12-09T16:42:01.740] [INFO] ma-core - get by id Result Form /api/resultform/getResultFormById/:id GET ::1
[2021-12-09T16:44:38.384] [INFO] ma-core - database URI mongodb://localhost:27017/core
[2021-12-09T16:44:38.989] [INFO] ma-core - server started at port 5000
[2021-12-09T16:44:39.012] [INFO] ma-core - mongodb conected
[2021-12-09T16:44:46.173] [INFO] ma-core - delete Result Form success testing testing testing
[2021-12-09T16:44:46.178] [INFO] ma-core - delete Result Form success NaN post 1234
[2021-12-09T16:44:46.180] [ERROR] ma-core - delete Result Form :task not found testing testing testing
[2021-12-09T16:44:46.182] [ERROR] ma-core - delete Result Form :task not found NaN post 1234
[2021-12-09T16:44:46.197] [INFO] ma-core - get all result form success testing testing testing
[2021-12-09T16:44:46.199] [INFO] ma-core - get all result form success NaN post 1234
[2021-12-09T16:44:46.203] [INFO] ma-core - get by id Result Form testing testing testing
[2021-12-09T16:44:46.204] [INFO] ma-core - get by id Result Form NaN post 1234
[2021-12-09T16:44:46.206] [ERROR] ma-core - get by id Result Form :task not found testing testing testing
[2021-12-09T16:44:46.207] [ERROR] ma-core - get by id Result Form :task not found NaN post 1234
[2021-12-09T16:44:46.216] [INFO] ma-core - add result form success testing testing testing
[2021-12-09T16:44:46.218] [INFO] ma-core - add result form success NaN post 1234
[2021-12-09T16:44:46.220] [ERROR] ma-core - add result form :missing property testing testing testing
[2021-12-09T16:44:46.221] [ERROR] ma-core - add result form :missing property NaN post 1234
[2021-12-09T16:44:46.226] [INFO] ma-core - update Result Form success testing testing testing
[2021-12-09T16:44:46.227] [INFO] ma-core - update Result Form success NaN post 1234
[2021-12-09T16:44:46.229] [ERROR] ma-core - update Result Form  :task not found testing testing testing
[2021-12-09T16:44:46.230] [ERROR] ma-core - update Result Form  :task not found NaN post 1234
[2021-12-09T16:48:30.738] [INFO] ma-core - database URI mongodb://localhost:27017/core
[2021-12-09T16:48:31.343] [INFO] ma-core - server started at port 5000
[2021-12-09T16:48:31.367] [INFO] ma-core - mongodb conected
[2021-12-09T16:48:36.889] [INFO] ma-core - delete Result Form success testing testing testing
[2021-12-09T16:48:36.894] [INFO] ma-core - delete Result Form success NaN post 1234
[2021-12-09T16:48:36.896] [ERROR] ma-core - delete Result Form :task not found testing testing testing
[2021-12-09T16:48:36.897] [ERROR] ma-core - delete Result Form :task not found NaN post 1234
[2021-12-09T16:48:36.912] [INFO] ma-core - get all result form success testing testing testing
[2021-12-09T16:48:36.913] [INFO] ma-core - get all result form success NaN post 1234
[2021-12-09T16:48:36.918] [INFO] ma-core - get by id Result Form testing testing testing
[2021-12-09T16:48:36.919] [INFO] ma-core - get by id Result Form NaN post 1234
[2021-12-09T16:48:36.921] [ERROR] ma-core - get by id Result Form :task not found testing testing testing
[2021-12-09T16:48:36.923] [ERROR] ma-core - get by id Result Form :task not found NaN post 1234
[2021-12-09T16:48:36.931] [INFO] ma-core - add result form success testing testing testing
[2021-12-09T16:48:36.933] [INFO] ma-core - add result form success NaN post 1234
[2021-12-09T16:48:36.934] [ERROR] ma-core - add result form :missing property testing testing testing
[2021-12-09T16:48:36.936] [ERROR] ma-core - add result form :missing property NaN post 1234
[2021-12-09T16:48:36.941] [INFO] ma-core - update Result Form success testing testing testing
[2021-12-09T16:48:36.943] [INFO] ma-core - update Result Form success NaN post 1234
[2021-12-09T16:48:36.944] [ERROR] ma-core - update Result Form  :task not found testing testing testing
[2021-12-09T16:48:36.946] [ERROR] ma-core - update Result Form  :task not found NaN post 1234
[2021-12-09T16:49:16.774] [INFO] ma-core - database URI mongodb://localhost:27017/core
[2021-12-09T16:49:17.348] [INFO] ma-core - server started at port 5000
[2021-12-09T16:49:17.370] [INFO] ma-core - mongodb conected
[2021-12-09T16:49:23.940] [INFO] ma-core - delete Result Form success testing testing testing
[2021-12-09T16:49:23.945] [INFO] ma-core - delete Result Form success NaN post 1234
[2021-12-09T16:49:23.946] [ERROR] ma-core - delete Result Form :task not found testing testing testing
[2021-12-09T16:49:23.948] [ERROR] ma-core - delete Result Form :task not found NaN post 1234
[2021-12-09T16:49:23.962] [INFO] ma-core - get all result form success testing testing testing
[2021-12-09T16:49:23.964] [INFO] ma-core - get all result form success NaN post 1234
[2021-12-09T16:49:23.968] [INFO] ma-core - get by id Result Form testing testing testing
[2021-12-09T16:49:23.970] [INFO] ma-core - get by id Result Form NaN post 1234
[2021-12-09T16:49:23.971] [ERROR] ma-core - get by id Result Form :task not found testing testing testing
[2021-12-09T16:49:23.973] [ERROR] ma-core - get by id Result Form :task not found NaN post 1234
[2021-12-09T16:49:23.980] [INFO] ma-core - add result form success testing testing testing
[2021-12-09T16:49:23.982] [INFO] ma-core - add result form success NaN post 1234
[2021-12-09T16:49:23.983] [ERROR] ma-core - add result form :missing property testing testing testing
[2021-12-09T16:49:23.985] [ERROR] ma-core - add result form :missing property NaN post 1234
[2021-12-09T16:49:23.990] [INFO] ma-core - update Result Form success testing testing testing
[2021-12-09T16:49:23.992] [INFO] ma-core - update Result Form success NaN post 1234
[2021-12-09T16:49:23.993] [ERROR] ma-core - update Result Form  :task not found testing testing testing
[2021-12-09T16:49:23.994] [ERROR] ma-core - update Result Form  :task not found NaN post 1234
[2021-12-09T16:50:18.719] [INFO] ma-core - database URI mongodb://localhost:27017/core
[2021-12-09T16:50:19.273] [INFO] ma-core - server started at port 5000
[2021-12-09T16:50:19.306] [INFO] ma-core - mongodb conected
[2021-12-09T16:50:26.262] [INFO] ma-core - delete Result Form success testing testing testing
[2021-12-09T16:50:26.266] [INFO] ma-core - delete Result Form success NaN post 1234
[2021-12-09T16:50:26.268] [ERROR] ma-core - delete Result Form :task not found testing testing testing
[2021-12-09T16:50:26.269] [ERROR] ma-core - delete Result Form :task not found NaN post 1234
[2021-12-09T16:50:26.283] [INFO] ma-core - get all result form success testing testing testing
[2021-12-09T16:50:26.285] [INFO] ma-core - get all result form success NaN post 1234
[2021-12-09T16:50:26.289] [INFO] ma-core - get by id Result Form testing testing testing
[2021-12-09T16:50:26.290] [INFO] ma-core - get by id Result Form NaN post 1234
[2021-12-09T16:50:26.292] [ERROR] ma-core - get by id Result Form :task not found testing testing testing
[2021-12-09T16:50:26.293] [ERROR] ma-core - get by id Result Form :task not found NaN post 1234
[2021-12-09T16:50:26.303] [INFO] ma-core - add result form success testing testing testing
[2021-12-09T16:50:26.305] [INFO] ma-core - add result form success NaN post 1234
[2021-12-09T16:50:26.306] [ERROR] ma-core - add result form :missing property testing testing testing
[2021-12-09T16:50:26.308] [ERROR] ma-core - add result form :missing property NaN post 1234
[2021-12-09T16:50:26.313] [INFO] ma-core - update Result Form success testing testing testing
[2021-12-09T16:50:26.314] [INFO] ma-core - update Result Form success NaN post 1234
[2021-12-09T16:50:26.316] [ERROR] ma-core - update Result Form  :task not found testing testing testing
[2021-12-09T16:50:26.317] [ERROR] ma-core - update Result Form  :task not found NaN post 1234
[2021-12-09T16:52:19.572] [INFO] ma-core - database URI mongodb://localhost:27017/core
[2021-12-09T16:52:20.203] [INFO] ma-core - server started at port 5000
[2021-12-09T16:52:20.230] [INFO] ma-core - mongodb conected
[2021-12-09T16:56:10.972] [INFO] ma-core - database URI mongodb://localhost:27017/core
[2021-12-09T16:56:11.594] [INFO] ma-core - server started at port 5000
[2021-12-09T16:56:11.625] [INFO] ma-core - mongodb conected
[2021-12-09T16:56:22.422] [INFO] ma-core - delete Result Form success testing testing testing
[2021-12-09T16:56:22.427] [INFO] ma-core - delete Result Form success NaN post 1234
[2021-12-09T16:56:22.429] [ERROR] ma-core - delete Result Form :task not found testing testing testing
[2021-12-09T16:56:22.431] [ERROR] ma-core - delete Result Form :task not found NaN post 1234
[2021-12-09T16:56:22.446] [INFO] ma-core - get all result form success testing testing testing
[2021-12-09T16:56:22.448] [INFO] ma-core - get all result form success NaN post 1234
[2021-12-09T16:56:22.452] [INFO] ma-core - get by id Result Form testing testing testing
[2021-12-09T16:56:22.454] [INFO] ma-core - get by id Result Form NaN post 1234
[2021-12-09T16:56:22.456] [ERROR] ma-core - get by id Result Form :task not found testing testing testing
[2021-12-09T16:56:22.458] [ERROR] ma-core - get by id Result Form :task not found NaN post 1234
[2021-12-09T16:56:22.465] [INFO] ma-core - add result form success testing testing testing
[2021-12-09T16:56:22.467] [INFO] ma-core - add result form success NaN post 1234
[2021-12-09T16:56:22.469] [ERROR] ma-core - add result form :missing property testing testing testing
[2021-12-09T16:56:22.470] [ERROR] ma-core - add result form :missing property NaN post 1234
[2021-12-09T16:56:22.477] [INFO] ma-core - update Result Form success testing testing testing
[2021-12-09T16:56:22.479] [INFO] ma-core - update Result Form success NaN post 1234
[2021-12-09T16:56:22.480] [ERROR] ma-core - update Result Form  :task not found testing testing testing
[2021-12-09T16:56:22.482] [ERROR] ma-core - update Result Form  :task not found NaN post 1234
[2021-12-09T16:57:56.190] [INFO] ma-core - database URI mongodb://localhost:27017/core
[2021-12-09T16:57:56.812] [INFO] ma-core - server started at port 5000
[2021-12-09T16:57:56.841] [INFO] ma-core - mongodb conected
[2021-12-09T16:58:01.343] [INFO] ma-core - delete Result Form success testing testing testing
[2021-12-09T16:58:01.348] [INFO] ma-core - delete Result Form success NaN post 1234
[2021-12-09T16:58:01.350] [ERROR] ma-core - delete Result Form :task not found testing testing testing
[2021-12-09T16:58:01.352] [ERROR] ma-core - delete Result Form :task not found NaN post 1234
[2021-12-09T16:58:01.366] [INFO] ma-core - get all result form success testing testing testing
[2021-12-09T16:58:01.367] [INFO] ma-core - get all result form success NaN post 1234
[2021-12-09T16:58:01.369] [ERROR] ma-core - get All result form :missing property testing testing testing
[2021-12-09T16:58:01.371] [ERROR] ma-core - get All result form :missing property NaN post 1234
[2021-12-09T16:58:01.375] [INFO] ma-core - get by id Result Form testing testing testing
[2021-12-09T16:58:01.377] [INFO] ma-core - get by id Result Form NaN post 1234
[2021-12-09T16:58:01.379] [ERROR] ma-core - get by id Result Form :task not found testing testing testing
[2021-12-09T16:58:01.381] [ERROR] ma-core - get by id Result Form :task not found NaN post 1234
[2021-12-09T16:58:01.388] [INFO] ma-core - add result form success testing testing testing
[2021-12-09T16:58:01.389] [INFO] ma-core - add result form success NaN post 1234
[2021-12-09T16:58:01.390] [ERROR] ma-core - add result form :missing property testing testing testing
[2021-12-09T16:58:01.392] [ERROR] ma-core - add result form :missing property NaN post 1234
[2021-12-09T16:58:01.397] [INFO] ma-core - update Result Form success testing testing testing
[2021-12-09T16:58:01.399] [INFO] ma-core - update Result Form success NaN post 1234
[2021-12-09T16:58:01.400] [ERROR] ma-core - update Result Form  :task not found testing testing testing
[2021-12-09T16:58:01.402] [ERROR] ma-core - update Result Form  :task not found NaN post 1234
[2021-12-09T16:58:40.957] [INFO] ma-core - database URI mongodb://localhost:27017/core
[2021-12-09T16:58:41.536] [INFO] ma-core - server started at port 5000
[2021-12-09T16:58:41.562] [INFO] ma-core - mongodb conected
[2021-12-09T16:59:31.436] [INFO] ma-core - database URI mongodb://localhost:27017/core
[2021-12-09T16:59:32.025] [INFO] ma-core - server started at port 5000
[2021-12-09T16:59:32.050] [INFO] ma-core - mongodb conected
