[2023-12-03T19:47:17.275] [INFO] ma-core - database URI mongodb://localhost:27017/core
[2023-12-03T19:47:20.224] [INFO] ma-core - server started at port 5000
[2023-12-03T19:47:20.292] [INFO] ma-core - mongodb conected
[2023-12-03T19:48:15.207] [INFO] ma-core - get all posts success /api/newsFeed/getAllPosts GET ::1
[2023-12-03T19:54:03.442] [INFO] ma-core - get all posts success /api/newsFeed/getAllPosts GET ::1
[2023-12-03T19:54:03.584] [INFO] ma-core - get all posts success /api/newsFeed/getAllPosts GET ::1
[2023-12-03T19:54:07.314] [INFO] ma-core - Get all shifts success /api/shift/getAllMembersByShifts GET ::1
[2023-12-03T19:54:12.770] [INFO] ma-core - get All nomenclature success /api/nomenclature/ GET ::1
[2023-12-03T19:54:12.793] [INFO] ma-core - Get all shifts success /api/shift/ GET ::1
[2023-12-03T19:54:12.847] [INFO] ma-core - Get all shifts success /api/shift/ GET ::1
[2023-12-03T19:54:29.697] [INFO] ma-core - add new shifts success /api/shift/sync PATCH ::1
[2023-12-03T19:54:29.731] [INFO] ma-core - sync shift success /api/shift/sync PATCH ::1
[2023-12-03T19:54:30.796] [INFO] ma-core - Shift Unassigned reminder cron launched
[2023-12-03T19:54:30.800] [INFO] ma-core - Shift Unassigned reminder cron launched
[2023-12-03T19:54:30.803] [INFO] ma-core - Shift Unassigned reminder cron launched
[2023-12-03T19:54:30.807] [INFO] ma-core - Shift Unassigned reminder cron launched
[2023-12-03T19:54:30.809] [INFO] ma-core - Shift Unassigned reminder cron launched
[2023-12-03T19:54:30.811] [INFO] ma-core - Shift Unassigned reminder cron launched
[2023-12-03T19:54:30.820] [INFO] ma-core - cron shift unassigned : startdate before now
[2023-12-03T19:54:30.830] [INFO] ma-core - Shift Unassigned reminder cron launched
[2023-12-03T19:54:30.836] [INFO] ma-core - Shift Unassigned reminder cron launched
[2023-12-03T19:54:30.844] [INFO] ma-core - Shift Unassigned reminder cron launched
[2023-12-03T19:54:30.850] [INFO] ma-core - Shift Unassigned reminder cron launched
[2023-12-03T19:54:30.855] [INFO] ma-core - Shift Unassigned reminder cron launched
[2023-12-03T19:54:30.860] [INFO] ma-core - Shift Unassigned reminder cron launched
[2023-12-03T19:54:30.862] [INFO] ma-core - Shift Unassigned reminder cron launched
[2023-12-03T19:54:30.866] [INFO] ma-core - Shift Unassigned reminder cron launched
[2023-12-03T19:54:30.871] [INFO] ma-core - Shift Unassigned reminder cron launched
[2023-12-03T19:54:30.875] [INFO] ma-core - Shift Unassigned reminder cron launched
[2023-12-03T19:54:30.878] [INFO] ma-core - Shift Unassigned reminder cron launched
[2023-12-03T19:54:30.883] [INFO] ma-core - Shift Unassigned reminder cron launched
[2023-12-03T19:54:30.890] [INFO] ma-core - Shift Unassigned reminder cron launched
[2023-12-03T19:54:30.895] [INFO] ma-core - Shift Unassigned reminder cron launched
[2023-12-03T19:54:30.902] [INFO] ma-core - Shift Unassigned reminder cron launched
[2023-12-03T19:54:30.909] [INFO] ma-core - Shift Unassigned reminder cron launched
[2023-12-03T19:54:30.914] [INFO] ma-core - Shift Unassigned reminder cron launched
[2023-12-03T19:54:30.921] [INFO] ma-core - Shift Unassigned reminder cron launched
[2023-12-03T19:54:30.949] [INFO] ma-core - Shift Unassigned reminder cron launched
[2023-12-03T19:54:30.953] [INFO] ma-core - Shift Unassigned reminder cron launched
[2023-12-03T19:54:30.961] [INFO] ma-core - Shift Unassigned reminder cron launched
[2023-12-03T19:54:30.965] [INFO] ma-core - Shift Unassigned reminder cron launched
[2023-12-03T19:54:30.970] [INFO] ma-core - Shift Unassigned reminder cron launched
[2023-12-03T19:54:30.973] [INFO] ma-core - cron shift unassigned : startdate before now
[2023-12-03T19:54:30.981] [INFO] ma-core - Shift Unassigned reminder cron launched
[2023-12-03T19:54:30.985] [INFO] ma-core - Shift Unassigned reminder cron launched
[2023-12-03T19:54:30.999] [INFO] ma-core - Shift Unassigned reminder cron launched
[2023-12-03T19:54:31.006] [INFO] ma-core - Shift Unassigned reminder cron launched
[2023-12-03T19:54:31.015] [INFO] ma-core - Shift Unassigned reminder cron launched
[2023-12-03T19:54:31.025] [INFO] ma-core - Shift Unassigned reminder cron launched
[2023-12-03T19:54:31.030] [INFO] ma-core - Shift Unassigned reminder cron launched
[2023-12-03T19:54:31.038] [INFO] ma-core - Shift Unassigned reminder cron launched
[2023-12-03T19:54:31.048] [INFO] ma-core - Shift Unassigned reminder cron launched
[2023-12-03T19:54:31.054] [INFO] ma-core - Shift Unassigned reminder cron launched
[2023-12-03T19:54:31.057] [INFO] ma-core - cron shift unassigned : startdate before now
[2023-12-03T19:54:31.076] [INFO] ma-core - Shift Unassigned reminder cron launched
[2023-12-03T19:54:31.087] [INFO] ma-core - Shift Unassigned reminder cron launched
[2023-12-03T19:54:31.113] [INFO] ma-core - Shift Unassigned reminder cron launched
[2023-12-03T19:54:31.122] [INFO] ma-core - Shift Unassigned reminder cron launched
[2023-12-03T19:54:31.130] [INFO] ma-core - Shift Unassigned reminder cron launched
[2023-12-03T19:54:31.136] [INFO] ma-core - Shift Unassigned reminder cron launched
[2023-12-03T19:54:31.154] [INFO] ma-core - Shift Unassigned reminder cron launched
[2023-12-03T19:54:31.165] [INFO] ma-core - Shift Unassigned reminder cron launched
[2023-12-03T19:54:31.179] [INFO] ma-core - Shift Unassigned reminder cron launched
[2023-12-03T19:54:31.184] [INFO] ma-core - Shift Unassigned reminder cron launched
[2023-12-03T19:54:31.190] [INFO] ma-core - Shift Unassigned reminder cron launched
[2023-12-03T19:54:31.196] [INFO] ma-core - Shift Unassigned reminder cron launched
[2023-12-03T19:54:31.203] [INFO] ma-core - Shift Unassigned reminder cron launched
[2023-12-03T19:54:31.210] [INFO] ma-core - Shift Unassigned reminder cron launched
[2023-12-03T19:54:31.214] [INFO] ma-core - Shift Unassigned reminder cron launched
[2023-12-03T19:54:31.220] [INFO] ma-core - Shift Unassigned reminder cron launched
[2023-12-03T19:54:31.227] [INFO] ma-core - Shift Unassigned reminder cron launched
[2023-12-03T19:54:31.233] [INFO] ma-core - Shift Unassigned reminder cron launched
[2023-12-03T19:54:31.238] [INFO] ma-core - Shift Unassigned reminder cron launched
[2023-12-03T19:54:31.242] [INFO] ma-core - cron shift unassigned : startdate before now
[2023-12-03T19:54:31.247] [INFO] ma-core - Shift Unassigned reminder cron launched
[2023-12-03T19:54:31.251] [INFO] ma-core - Shift Unassigned reminder cron launched
[2023-12-03T19:54:31.260] [INFO] ma-core - Shift Unassigned reminder cron launched
[2023-12-03T19:54:31.265] [INFO] ma-core - Shift Unassigned reminder cron launched
[2023-12-03T19:54:31.270] [INFO] ma-core - Shift Unassigned reminder cron launched
[2023-12-03T19:54:31.276] [INFO] ma-core - Shift Unassigned reminder cron launched
[2023-12-03T19:54:31.281] [INFO] ma-core - Shift Unassigned reminder cron launched
[2023-12-03T19:54:31.285] [INFO] ma-core - Shift Unassigned reminder cron launched
[2023-12-03T19:54:31.288] [INFO] ma-core - Shift Unassigned reminder cron launched
[2023-12-03T19:54:31.292] [INFO] ma-core - Shift Unassigned reminder cron launched
[2023-12-03T19:54:31.297] [INFO] ma-core - Shift Unassigned reminder cron launched
[2023-12-03T19:54:31.303] [INFO] ma-core - Shift Unassigned reminder cron launched
[2023-12-03T19:54:31.327] [INFO] ma-core - Shift Unassigned reminder cron launched
[2023-12-03T19:54:31.333] [INFO] ma-core - cron shift unassigned : startdate before now
[2023-12-03T19:54:31.345] [INFO] ma-core - Shift Unassigned reminder cron launched
[2023-12-03T19:54:31.353] [INFO] ma-core - Shift Unassigned reminder cron launched
[2023-12-03T19:54:31.368] [INFO] ma-core - Shift Unassigned reminder cron launched
[2023-12-03T19:54:31.375] [INFO] ma-core - Shift Unassigned reminder cron launched
[2023-12-03T19:54:31.379] [INFO] ma-core - Shift Unassigned reminder cron launched
[2023-12-03T19:54:31.385] [INFO] ma-core - Shift Unassigned reminder cron launched
[2023-12-03T19:54:31.390] [INFO] ma-core - cron shift unassigned : startdate before now
[2023-12-03T19:54:31.396] [INFO] ma-core - Shift Unassigned reminder cron launched
[2023-12-03T19:54:31.398] [INFO] ma-core - cron shift unassigned : startdate before now
[2023-12-03T19:54:31.403] [INFO] ma-core - Shift Unassigned reminder cron launched
[2023-12-03T19:54:31.409] [INFO] ma-core - Shift Unassigned reminder cron launched
[2023-12-03T19:54:31.412] [INFO] ma-core - Shift Unassigned reminder cron launched
[2023-12-03T19:54:31.416] [INFO] ma-core - Shift Unassigned reminder cron launched
[2023-12-03T19:54:31.420] [INFO] ma-core - Shift Unassigned reminder cron launched
[2023-12-03T19:54:31.426] [INFO] ma-core - Shift Unassigned reminder cron launched
[2023-12-03T19:54:31.429] [INFO] ma-core - Shift Unassigned reminder cron launched
[2023-12-03T19:54:31.430] [INFO] ma-core - cron shift unassigned : startdate before now
[2023-12-03T19:54:31.433] [INFO] ma-core - Shift Unassigned reminder cron launched
[2023-12-03T19:54:31.440] [INFO] ma-core - Shift Unassigned reminder cron launched
[2023-12-03T19:54:31.444] [INFO] ma-core - Shift Unassigned reminder cron launched
[2023-12-03T19:54:31.447] [INFO] ma-core - cron shift unassigned : startdate before now
[2023-12-03T19:54:31.450] [INFO] ma-core - Shift Unassigned reminder cron launched
[2023-12-03T19:54:31.455] [INFO] ma-core - Shift Unassigned reminder cron launched
[2023-12-03T19:54:31.459] [INFO] ma-core - Shift Unassigned reminder cron launched
[2023-12-03T19:54:31.461] [INFO] ma-core - Shift Unassigned reminder cron launched
[2023-12-03T19:54:31.464] [INFO] ma-core - Shift Unassigned reminder cron launched
[2023-12-03T19:54:31.467] [INFO] ma-core - Shift Unassigned reminder cron launched
[2023-12-03T19:54:31.471] [INFO] ma-core - Shift Unassigned reminder cron launched
[2023-12-03T19:54:31.475] [INFO] ma-core - Shift Unassigned reminder cron launched
[2023-12-03T19:54:31.478] [INFO] ma-core - Shift Unassigned reminder cron launched
[2023-12-03T19:54:31.484] [INFO] ma-core - Shift Unassigned reminder cron launched
[2023-12-03T19:54:31.491] [INFO] ma-core - Shift Unassigned reminder cron launched
[2023-12-03T19:54:31.499] [INFO] ma-core - Shift Unassigned reminder cron launched
[2023-12-03T19:54:31.505] [INFO] ma-core - Shift Unassigned reminder cron launched
[2023-12-03T19:54:31.514] [INFO] ma-core - Shift Unassigned reminder cron launched
[2023-12-03T19:54:31.520] [INFO] ma-core - Shift Unassigned reminder cron launched
[2023-12-03T19:54:31.526] [INFO] ma-core - Shift Unassigned reminder cron launched
[2023-12-03T19:54:31.537] [INFO] ma-core - Shift Unassigned reminder cron launched
[2023-12-03T19:54:31.544] [INFO] ma-core - Shift Unassigned reminder cron launched
[2023-12-03T19:54:31.558] [INFO] ma-core - Shift Unassigned reminder cron launched
[2023-12-03T19:54:31.567] [INFO] ma-core - Shift Unassigned reminder cron launched
[2023-12-03T19:54:31.575] [INFO] ma-core - Shift Unassigned reminder cron launched
[2023-12-03T19:54:31.579] [INFO] ma-core - Shift Unassigned reminder cron launched
[2023-12-03T19:54:31.585] [INFO] ma-core - Shift Unassigned reminder cron launched
[2023-12-03T19:54:31.591] [INFO] ma-core - Shift Unassigned reminder cron launched
[2023-12-03T19:54:31.598] [INFO] ma-core - cron shift unassigned : startdate before now
[2023-12-03T19:54:31.604] [INFO] ma-core - Shift Unassigned reminder cron launched
[2023-12-03T19:54:31.609] [INFO] ma-core - Shift Unassigned reminder cron launched
[2023-12-03T19:54:31.621] [INFO] ma-core - Shift Unassigned reminder cron launched
[2023-12-03T19:54:31.624] [INFO] ma-core - Shift Unassigned reminder cron launched
[2023-12-03T19:54:31.628] [INFO] ma-core - Shift Unassigned reminder cron launched
[2023-12-03T19:54:31.630] [INFO] ma-core - Shift Unassigned reminder cron launched
[2023-12-03T19:54:31.632] [INFO] ma-core - Shift Unassigned reminder cron launched
[2023-12-03T19:54:31.638] [INFO] ma-core - Shift Unassigned reminder cron launched
[2023-12-03T19:54:31.642] [INFO] ma-core - Shift Unassigned reminder cron launched
[2023-12-03T19:54:31.646] [INFO] ma-core - Shift Unassigned reminder cron launched
[2023-12-03T19:54:31.647] [INFO] ma-core - cron shift unassigned : startdate before now
[2023-12-03T19:54:31.649] [INFO] ma-core - Shift Unassigned reminder cron launched
[2023-12-03T19:54:31.651] [INFO] ma-core - Shift Unassigned reminder cron launched
[2023-12-03T19:54:31.653] [INFO] ma-core - Shift Unassigned reminder cron launched
[2023-12-03T19:54:31.656] [INFO] ma-core - Shift Unassigned reminder cron launched
[2023-12-03T19:54:31.660] [INFO] ma-core - Shift Unassigned reminder cron launched
[2023-12-03T19:54:31.664] [INFO] ma-core - Shift Unassigned reminder cron launched
[2023-12-03T19:54:31.668] [INFO] ma-core - Shift Unassigned reminder cron launched
[2023-12-03T19:54:31.674] [INFO] ma-core - Shift Unassigned reminder cron launched
[2023-12-03T19:54:31.678] [INFO] ma-core - Shift Unassigned reminder cron launched
[2023-12-03T19:54:31.681] [INFO] ma-core - Shift Unassigned reminder cron launched
[2023-12-03T19:54:31.685] [INFO] ma-core - Shift Unassigned reminder cron launched
[2023-12-03T19:54:31.690] [INFO] ma-core - Shift Unassigned reminder cron launched
[2023-12-03T19:54:31.693] [INFO] ma-core - Shift Unassigned reminder cron launched
[2023-12-03T19:54:31.695] [INFO] ma-core - Shift Unassigned reminder cron launched
[2023-12-03T19:54:31.698] [INFO] ma-core - Shift Unassigned reminder cron launched
[2023-12-03T19:54:31.700] [INFO] ma-core - Shift Unassigned reminder cron launched
[2023-12-03T19:54:31.703] [INFO] ma-core - Shift Unassigned reminder cron launched
[2023-12-03T19:54:31.707] [INFO] ma-core - Shift Unassigned reminder cron launched
[2023-12-03T19:54:31.710] [INFO] ma-core - Shift Unassigned reminder cron launched
[2023-12-03T19:54:31.714] [INFO] ma-core - Shift Unassigned reminder cron launched
[2023-12-03T19:54:31.716] [INFO] ma-core - Shift Unassigned reminder cron launched
[2023-12-03T19:54:31.718] [INFO] ma-core - Shift Unassigned reminder cron launched
[2023-12-03T19:54:31.719] [INFO] ma-core - Shift Unassigned reminder cron launched
[2023-12-03T19:54:31.721] [INFO] ma-core - Shift Unassigned reminder cron launched
[2023-12-03T19:54:31.724] [INFO] ma-core - Shift Unassigned reminder cron launched
[2023-12-03T19:54:31.724] [INFO] ma-core - cron shift unassigned : startdate before now
[2023-12-03T19:54:31.726] [INFO] ma-core - Shift Unassigned reminder cron launched
[2023-12-03T19:54:31.728] [INFO] ma-core - Shift Unassigned reminder cron launched
[2023-12-03T19:54:31.729] [INFO] ma-core - Shift Unassigned reminder cron launched
[2023-12-03T19:54:31.730] [INFO] ma-core - Shift Unassigned reminder cron launched
[2023-12-03T19:54:31.732] [INFO] ma-core - Shift Unassigned reminder cron launched
[2023-12-03T19:54:31.733] [INFO] ma-core - Shift Unassigned reminder cron launched
[2023-12-03T19:54:31.738] [INFO] ma-core - Shift Unassigned reminder cron launched
[2023-12-03T19:54:31.741] [INFO] ma-core - Shift Unassigned reminder cron launched
[2023-12-03T19:54:31.743] [INFO] ma-core - Shift Unassigned reminder cron launched
[2023-12-03T19:54:31.744] [INFO] ma-core - Shift Unassigned reminder cron launched
[2023-12-03T19:54:31.747] [INFO] ma-core - Shift Unassigned reminder cron launched
[2023-12-03T19:54:31.748] [INFO] ma-core - Shift Unassigned reminder cron launched
[2023-12-03T19:54:33.379] [INFO] ma-core - get All nomenclature success /api/nomenclature/ GET ::1
[2023-12-03T19:54:33.587] [INFO] ma-core - Get all shifts success /api/shift/ GET ::1
[2023-12-03T19:54:33.750] [INFO] ma-core - Get all shifts success /api/shift/ GET ::1
[2023-12-03T19:54:42.707] [INFO] ma-core - Get all shifts success /api/shift/getAllMembersByShifts GET ::1
[2023-12-03T20:08:39.547] [INFO] ma-core - get all Customer success /api/customer/ GET ::1
[2023-12-03T20:08:39.666] [INFO] ma-core - get all Customer success /api/customer/ GET ::1
[2023-12-03T20:13:59.370] [INFO] ma-core - get All nomenclature success /api/nomenclature/ GET ::1
[2023-12-03T20:13:59.649] [INFO] ma-core - Get all shifts success /api/shift/ GET ::1
[2023-12-03T20:13:59.921] [INFO] ma-core - Get all shifts success /api/shift/ GET ::1
[2023-12-03T20:14:02.167] [INFO] ma-core - get All nomenclature success /api/nomenclature/ GET ::1
[2023-12-03T20:14:02.386] [INFO] ma-core - Get all shifts success /api/shift/ GET ::1
[2023-12-03T20:14:03.484] [INFO] ma-core - get All nomenclature success /api/nomenclature/ GET ::1
[2023-12-03T20:14:04.111] [INFO] ma-core - Get all shifts success /api/shift/ GET ::1
[2023-12-03T20:14:04.950] [INFO] ma-core - get All nomenclature success /api/nomenclature/ GET ::1
[2023-12-03T20:14:05.195] [INFO] ma-core - Get all shifts success /api/shift/ GET ::1
[2023-12-03T20:14:05.955] [INFO] ma-core - get All nomenclature success /api/nomenclature/ GET ::1
[2023-12-03T20:14:06.223] [INFO] ma-core - Get all shifts success /api/shift/ GET ::1
[2023-12-03T20:14:07.106] [INFO] ma-core - get All nomenclature success /api/nomenclature/ GET ::1
[2023-12-03T20:14:07.316] [INFO] ma-core - Get all shifts success /api/shift/ GET ::1
[2023-12-03T20:14:08.736] [INFO] ma-core - get All nomenclature success /api/nomenclature/ GET ::1
[2023-12-03T20:14:08.841] [INFO] ma-core - Get all shifts success /api/shift/ GET ::1
[2023-12-03T20:14:08.871] [INFO] ma-core - get All nomenclature success /api/nomenclature/ GET ::1
[2023-12-03T20:14:09.042] [INFO] ma-core - Get all shifts success /api/shift/ GET ::1
[2023-12-03T20:14:09.062] [INFO] ma-core - get All nomenclature success /api/nomenclature/ GET ::1
[2023-12-03T20:14:09.132] [INFO] ma-core - get All nomenclature success /api/nomenclature/ GET ::1
[2023-12-03T20:14:09.649] [INFO] ma-core - Get all shifts success /api/shift/ GET ::1
[2023-12-03T20:14:09.762] [INFO] ma-core - Get all shifts success /api/shift/ GET ::1
[2023-12-03T20:14:09.793] [INFO] ma-core - get All nomenclature success /api/nomenclature/ GET ::1
[2023-12-03T20:14:09.857] [INFO] ma-core - get All nomenclature success /api/nomenclature/ GET ::1
[2023-12-03T20:14:09.879] [INFO] ma-core - Get all shifts success /api/shift/ GET ::1
[2023-12-03T20:14:09.914] [INFO] ma-core - Get all shifts success /api/shift/ GET ::1
[2023-12-03T20:14:09.916] [INFO] ma-core - Get all shifts success /api/shift/ GET ::1
[2023-12-03T20:14:10.075] [INFO] ma-core - Get all shifts success /api/shift/ GET ::1
[2023-12-03T20:14:10.089] [INFO] ma-core - get All nomenclature success /api/nomenclature/ GET ::1
[2023-12-03T20:14:10.123] [INFO] ma-core - get All nomenclature success /api/nomenclature/ GET ::1
[2023-12-03T20:14:10.831] [INFO] ma-core - get All nomenclature success /api/nomenclature/ GET ::1
[2023-12-03T20:14:10.843] [INFO] ma-core - Get all shifts success /api/shift/ GET ::1
[2023-12-03T20:14:11.058] [INFO] ma-core - get All nomenclature success /api/nomenclature/ GET ::1
[2023-12-03T20:14:11.116] [INFO] ma-core - Get all shifts success /api/shift/ GET ::1
[2023-12-03T20:14:11.248] [INFO] ma-core - get All nomenclature success /api/nomenclature/ GET ::1
[2023-12-03T20:14:11.446] [INFO] ma-core - Get all shifts success /api/shift/ GET ::1
[2023-12-03T20:14:13.079] [INFO] ma-core - get All nomenclature success /api/nomenclature/ GET ::1
[2023-12-03T20:14:13.134] [INFO] ma-core - Get all shifts success /api/shift/ GET ::1
[2023-12-03T20:14:14.995] [INFO] ma-core - get All nomenclature success /api/nomenclature/ GET ::1
[2023-12-03T20:14:15.296] [INFO] ma-core - Get all shifts success /api/shift/ GET ::1
