[2023-09-25T12:40:48.902] [INFO] ma-core - database URI mongodb://localhost:27017/core
[2023-09-25T12:40:50.658] [INFO] ma-core - server started at port 5000
[2023-09-25T12:40:50.719] [INFO] ma-core - mongodb conected
[2023-09-25T12:41:56.232] [INFO] ma-core - get all posts success /api/newsFeed/getAllPosts GET ::1
[2023-09-25T12:42:02.192] [INFO] ma-core - get all posts success /api/newsFeed/getAllPosts GET ::1
[2023-09-25T12:42:02.434] [INFO] ma-core - get all posts success /api/newsFeed/getAllPosts GET ::1
[2023-09-25T12:42:11.297] [INFO] ma-core - get all posts success /api/newsFeed/getAllPosts GET ::1
[2023-09-25T12:42:11.538] [INFO] ma-core - get all posts success /api/newsFeed/getAllPosts GET ::1
[2023-09-25T12:42:42.289] [INFO] ma-core - get all posts success /api/newsFeed/getAllPosts GET ::1
[2023-09-25T12:42:50.555] [INFO] ma-core - get all posts success /api/newsFeed/getAllPosts GET ::1
[2023-09-25T12:42:51.134] [INFO] ma-core - get all posts success /api/newsFeed/getAllPosts GET ::1
[2023-09-25T12:43:27.961] [INFO] ma-core - get all posts success /api/newsFeed/getAllPosts GET ::1
[2023-09-25T12:43:28.323] [INFO] ma-core - get all posts success /api/newsFeed/getAllPosts GET ::1
[2023-09-25T12:43:35.870] [INFO] ma-core - get all Customer success /api/customer/ GET ::1
[2023-09-25T12:43:39.937] [INFO] ma-core - get all Customer success /api/customer/ GET ::1
[2023-09-25T12:43:51.102] [INFO] ma-core - get all Customer success /api/customer/ GET ::1
[2023-09-25T12:43:57.127] [INFO] ma-core - get Customer success toBase64 error /api/customer/:id/ GET ::1
[2023-09-25T12:44:39.835] [INFO] ma-core - get all Customer success /api/customer/ GET ::1
[2023-09-25T12:45:01.968] [INFO] ma-core - get all Customer success /api/customer/ GET ::1
[2023-09-25T12:45:08.563] [INFO] ma-core - get all Customer success /api/customer/ GET ::1
[2023-09-25T12:45:08.678] [INFO] ma-core - get all Customer success /api/customer/ GET ::1
[2023-09-25T12:48:49.213] [INFO] ma-core - get all Customer success /api/customer/ GET ::1
[2023-09-25T12:48:50.891] [INFO] ma-core - get Customer success toBase64 error /api/customer/:id/ GET ::1
[2023-09-25T16:27:20.246] [INFO] ma-core - get all Customer success /api/customer/ GET ::1
[2023-09-25T16:27:21.744] [INFO] ma-core - get Customer success toBase64 error /api/customer/:id/ GET ::1
[2023-09-25T16:27:23.896] [INFO] ma-core - get all posts success /api/newsFeed/getAllPosts GET ::1
[2023-09-25T16:27:25.540] [INFO] ma-core - get all Customer success /api/customer/ GET ::1
[2023-09-25T16:27:27.138] [INFO] ma-core - get Customer success toBase64 error /api/customer/:id/ GET ::1
[2023-09-25T16:27:28.731] [INFO] ma-core - get all Customer success /api/customer/ GET ::1
[2023-09-25T16:27:34.213] [INFO] ma-core - get Customer success toBase64 error /api/customer/:id/ GET ::1
[2023-09-25T16:46:16.285] [INFO] ma-core - get all Customer success /api/customer/ GET ::1
[2023-09-25T16:46:17.439] [INFO] ma-core - get Customer success toBase64 error /api/customer/:id/ GET ::1
[2023-09-25T16:49:41.195] [INFO] ma-core - get all posts success /api/newsFeed/getAllPosts GET ::1
[2023-09-25T16:49:41.389] [INFO] ma-core - get all posts success /api/newsFeed/getAllPosts GET ::1
[2023-09-25T16:49:43.538] [INFO] ma-core - get all Customer success /api/customer/ GET ::1
[2023-09-25T16:49:58.387] [INFO] ma-core - get All Role success /api/role/ GET ::1
[2023-09-25T16:50:08.715] [INFO] ma-core - update user : add new role success :  /api/user/update/:id PATCH
[2023-09-25T16:50:08.747] [INFO] ma-core - update user : update old shift endDate success /api/user/update/:id PATCH
[2023-09-25T16:50:14.402] [INFO] ma-core - get all posts success /api/newsFeed/getAllPosts GET ::1
[2023-09-25T16:50:18.064] [INFO] ma-core - get all posts success /api/newsFeed/getAllPosts GET ::1
[2023-09-25T16:50:18.313] [INFO] ma-core - get all posts success /api/newsFeed/getAllPosts GET ::1
[2023-09-25T16:50:25.776] [INFO] ma-core - get all Customer success /api/customer/ GET ::1
[2023-09-25T16:50:25.868] [INFO] ma-core - get all Customer success /api/customer/ GET ::1
[2023-09-25T16:50:36.467] [INFO] ma-core - get all Customer success /api/customer/ GET ::1
[2023-09-25T16:50:36.619] [INFO] ma-core - get all Customer success /api/customer/ GET ::1
[2023-09-25T16:51:07.833] [INFO] ma-core - get all Customer success /api/customer/ GET ::1
[2023-09-25T16:51:35.596] [INFO] ma-core - get All Role success /api/role/ GET ::1
[2023-09-25T16:52:03.139] [INFO] ma-core - update user : add new role success :  /api/user/update/:id PATCH
[2023-09-25T16:52:03.166] [INFO] ma-core - update user : update old shift endDate success /api/user/update/:id PATCH
[2023-09-25T16:52:14.081] [INFO] ma-core - get all Customer success /api/customer/ GET ::1
[2023-09-25T16:52:14.189] [INFO] ma-core - get all Customer success /api/customer/ GET ::1
[2023-09-25T16:52:18.864] [INFO] ma-core - get all posts success /api/newsFeed/getAllPosts GET ::1
[2023-09-25T16:52:19.806] [INFO] ma-core - get all Customer success /api/customer/ GET ::1
[2023-09-25T16:52:19.912] [INFO] ma-core - get all Customer success /api/customer/ GET ::1
[2023-09-25T16:52:28.906] [INFO] ma-core - get All Role success /api/role/ GET ::1
[2023-09-25T16:52:52.906] [INFO] ma-core - update user : add new role success :  /api/user/update/:id PATCH
[2023-09-25T16:52:52.923] [INFO] ma-core - update user : update old shift endDate success /api/user/update/:id PATCH
[2023-09-25T16:52:57.891] [INFO] ma-core - get all Customer success /api/customer/ GET ::1
[2023-09-25T16:52:58.014] [INFO] ma-core - get all Customer success /api/customer/ GET ::1
[2023-09-25T16:53:04.419] [INFO] ma-core - get All nomenclature success /api/nomenclature/ GET ::1
[2023-09-25T16:53:04.771] [INFO] ma-core - Get all shifts success /api/shift/ GET ::1
[2023-09-25T16:53:05.049] [INFO] ma-core - Get all shifts success /api/shift/ GET ::1
[2023-09-25T16:53:19.621] [INFO] ma-core - get all Customer success /api/customer/ GET ::1
[2023-09-25T16:53:19.686] [INFO] ma-core - get all Customer success /api/customer/ GET ::1
[2023-09-25T16:53:19.722] [INFO] ma-core - get all Customer success /api/customer/ GET ::1
[2023-09-25T16:53:37.371] [INFO] ma-core - get All Role success /api/role/ GET ::1
[2023-09-25T16:53:44.027] [INFO] ma-core - update user : add new role success :  /api/user/update/:id PATCH
[2023-09-25T16:53:58.956] [INFO] ma-core - get all Customer success /api/customer/ GET ::1
[2023-09-25T16:53:59.010] [INFO] ma-core - get all Customer success /api/customer/ GET ::1
[2023-09-25T16:53:59.060] [INFO] ma-core - get all Customer success /api/customer/ GET ::1
[2023-09-25T16:54:02.778] [INFO] ma-core - get all Customer success /api/customer/ GET ::1
[2023-09-25T16:54:02.877] [INFO] ma-core - get all Customer success /api/customer/ GET ::1
[2023-09-25T16:54:04.408] [INFO] ma-core - get all Customer success /api/customer/ GET ::1
[2023-09-25T16:54:04.679] [INFO] ma-core - get all Customer success /api/customer/ GET ::1
[2023-09-25T16:54:06.476] [INFO] ma-core - get all Customer success /api/customer/ GET ::1
[2023-09-25T16:54:06.643] [INFO] ma-core - get all Customer success /api/customer/ GET ::1
[2023-09-25T16:54:07.788] [INFO] ma-core - get all Customer success /api/customer/ GET ::1
[2023-09-25T16:54:08.056] [INFO] ma-core - get all Customer success /api/customer/ GET ::1
[2023-09-25T16:54:09.790] [INFO] ma-core - get all Customer success /api/customer/ GET ::1
[2023-09-25T16:54:09.845] [INFO] ma-core - get all Customer success /api/customer/ GET ::1
[2023-09-25T16:54:09.908] [INFO] ma-core - get all Customer success /api/customer/ GET ::1
[2023-09-25T16:54:11.387] [INFO] ma-core - get all Customer success /api/customer/ GET ::1
[2023-09-25T16:54:11.518] [INFO] ma-core - get all Customer success /api/customer/ GET ::1
[2023-09-25T16:54:26.456] [INFO] ma-core - get All Role success /api/role/ GET ::1
[2023-09-25T16:54:30.168] [INFO] ma-core - update user : update old shift endDate success /api/user/update/:id PATCH
[2023-09-25T16:54:49.876] [INFO] ma-core - get all Customer success /api/customer/ GET ::1
[2023-09-25T16:54:50.028] [INFO] ma-core - get all Customer success /api/customer/ GET ::1
[2023-09-25T16:56:28.850] [INFO] ma-core - get all posts success /api/newsFeed/getAllPosts GET ::1
[2023-09-25T16:56:30.126] [INFO] ma-core - get all Customer success /api/customer/ GET ::1
[2023-09-25T16:56:31.543] [INFO] ma-core - get Customer success toBase64 error /api/customer/:id/ GET ::1
[2023-09-25T17:11:48.595] [INFO] ma-core - get all Customer success /api/customer/ GET ::1
[2023-09-25T17:11:48.790] [INFO] ma-core - get all Customer success /api/customer/ GET ::1
[2023-09-25T17:11:51.318] [INFO] ma-core - get all Customer success /api/customer/ GET ::1
[2023-09-25T17:11:51.388] [INFO] ma-core - get all Customer success /api/customer/ GET ::1
[2023-09-25T17:27:42.842] [INFO] ma-core - get all Customer success /api/customer/ GET ::1
[2023-09-25T17:27:44.274] [INFO] ma-core - get Customer success toBase64 error /api/customer/:id/ GET ::1
[2023-09-25T17:28:29.470] [INFO] ma-core - get all Customer success /api/customer/ GET ::1
[2023-09-25T17:28:45.591] [INFO] ma-core - get All Role success /api/role/ GET ::1
[2023-09-25T17:28:54.235] [INFO] ma-core - update user : add new role success :  /api/user/update/:id PATCH
[2023-09-25T17:28:54.263] [INFO] ma-core - update user : update old shift endDate success /api/user/update/:id PATCH
[2023-09-25T17:28:59.826] [INFO] ma-core - get all posts success /api/newsFeed/getAllPosts GET ::1
[2023-09-25T17:29:06.569] [INFO] ma-core - get all posts success /api/newsFeed/getAllPosts GET ::1
[2023-09-25T17:29:32.374] [INFO] ma-core - get all posts success /api/newsFeed/getAllPosts GET ::1
[2023-09-25T17:30:32.489] [INFO] ma-core - get all posts success /api/newsFeed/getAllPosts GET ::1
[2023-09-25T17:31:00.601] [INFO] ma-core - get all posts success /api/newsFeed/getAllPosts GET ::1
[2023-09-25T17:31:29.694] [INFO] ma-core - get All Role success /api/role/ GET ::1
[2023-09-25T17:31:36.721] [INFO] ma-core - update user : add new role success :  /api/user/update/:id PATCH
[2023-09-25T17:32:14.688] [INFO] ma-core - get Customer success toBase64 error /api/customer/:id/ GET ::1
