[2022-01-21T02:52:49.410] [INFO] ma-core - database URI mongodb://localhost:27017/core
[2022-01-21T02:52:50.182] [INFO] ma-core - server started at port 5000
[2022-01-21T02:52:50.215] [INFO] ma-core - mongodb conected
[2022-01-21T02:52:57.837] [INFO] ma-core - get all posts success /api/newsfeed/getAllPosts GET ::1
[2022-01-21T02:56:53.155] [INFO] ma-core - database URI mongodb://localhost:27017/core
[2022-01-21T02:56:53.854] [INFO] ma-core - server started at port 5000
[2022-01-21T02:56:53.880] [INFO] ma-core - mongodb conected
[2022-01-21T02:57:01.662] [INFO] ma-core - database URI mongodb://localhost:27017/core
[2022-01-21T02:57:02.244] [INFO] ma-core - server started at port 5000
[2022-01-21T02:57:02.263] [INFO] ma-core - mongodb conected
[2022-01-21T02:57:05.073] [INFO] ma-core - database URI mongodb://localhost:27017/core
[2022-01-21T02:57:05.702] [INFO] ma-core - server started at port 5000
[2022-01-21T02:57:05.720] [INFO] ma-core - mongodb conected
[2022-01-21T02:57:25.090] [INFO] ma-core - database URI mongodb://localhost:27017/core
[2022-01-21T02:57:25.739] [INFO] ma-core - server started at port 5000
[2022-01-21T02:57:25.786] [INFO] ma-core - mongodb conected
[2022-01-21T02:57:26.996] [INFO] ma-core - database URI mongodb://localhost:27017/core
[2022-01-21T02:57:27.621] [INFO] ma-core - server started at port 5000
[2022-01-21T02:57:27.646] [INFO] ma-core - mongodb conected
[2022-01-21T02:57:28.214] [INFO] ma-core - database URI mongodb://localhost:27017/core
[2022-01-21T02:57:28.815] [INFO] ma-core - server started at port 5000
[2022-01-21T02:57:28.838] [INFO] ma-core - mongodb conected
[2022-01-21T02:57:43.942] [INFO] ma-core - database URI mongodb://localhost:27017/core
[2022-01-21T02:57:44.588] [INFO] ma-core - server started at port 5000
[2022-01-21T02:57:44.608] [INFO] ma-core - mongodb conected
[2022-01-21T02:57:48.400] [INFO] ma-core - database URI mongodb://localhost:27017/core
[2022-01-21T02:57:49.094] [INFO] ma-core - server started at port 5000
[2022-01-21T02:57:49.114] [INFO] ma-core - mongodb conected
[2022-01-21T02:57:54.121] [INFO] ma-core - database URI mongodb://localhost:27017/core
[2022-01-21T02:57:54.700] [INFO] ma-core - server started at port 5000
[2022-01-21T02:57:54.720] [INFO] ma-core - mongodb conected
[2022-01-21T02:58:01.893] [INFO] ma-core - database URI mongodb://localhost:27017/core
[2022-01-21T02:58:02.466] [INFO] ma-core - server started at port 5000
[2022-01-21T02:58:02.486] [INFO] ma-core - mongodb conected
[2022-01-21T02:58:22.817] [INFO] ma-core - database URI mongodb://localhost:27017/core
[2022-01-21T02:58:23.402] [INFO] ma-core - server started at port 5000
[2022-01-21T02:58:23.425] [INFO] ma-core - mongodb conected
[2022-01-21T02:58:28.444] [INFO] ma-core - database URI mongodb://localhost:27017/core
[2022-01-21T02:58:29.188] [INFO] ma-core - server started at port 5000
[2022-01-21T02:58:29.208] [INFO] ma-core - mongodb conected
[2022-01-21T02:58:37.738] [INFO] ma-core - database URI mongodb://localhost:27017/core
[2022-01-21T02:58:38.354] [INFO] ma-core - server started at port 5000
[2022-01-21T02:58:38.383] [INFO] ma-core - mongodb conected
[2022-01-21T02:58:38.883] [INFO] ma-core - database URI mongodb://localhost:27017/core
[2022-01-21T02:58:39.472] [INFO] ma-core - server started at port 5000
[2022-01-21T02:58:39.492] [INFO] ma-core - mongodb conected
[2022-01-21T02:58:44.812] [INFO] ma-core - database URI mongodb://localhost:27017/core
[2022-01-21T02:58:45.382] [INFO] ma-core - server started at port 5000
[2022-01-21T02:58:45.401] [INFO] ma-core - mongodb conected
[2022-01-21T02:58:47.238] [INFO] ma-core - database URI mongodb://localhost:27017/core
[2022-01-21T02:58:48.066] [INFO] ma-core - server started at port 5000
[2022-01-21T02:58:48.088] [INFO] ma-core - mongodb conected
[2022-01-21T02:58:48.893] [INFO] ma-core - database URI mongodb://localhost:27017/core
[2022-01-21T02:58:49.489] [INFO] ma-core - server started at port 5000
[2022-01-21T02:58:49.508] [INFO] ma-core - mongodb conected
[2022-01-21T02:58:57.394] [INFO] ma-core - database URI mongodb://localhost:27017/core
[2022-01-21T02:58:58.037] [INFO] ma-core - server started at port 5000
[2022-01-21T02:58:58.060] [INFO] ma-core - mongodb conected
[2022-01-21T02:59:01.160] [INFO] ma-core - database URI mongodb://localhost:27017/core
[2022-01-21T02:59:01.799] [INFO] ma-core - server started at port 5000
[2022-01-21T02:59:01.860] [INFO] ma-core - mongodb conected
[2022-01-21T02:59:12.135] [INFO] ma-core - database URI mongodb://localhost:27017/core
[2022-01-21T02:59:12.742] [INFO] ma-core - server started at port 5000
[2022-01-21T02:59:12.771] [INFO] ma-core - mongodb conected
[2022-01-21T02:59:23.080] [INFO] ma-core - database URI mongodb://localhost:27017/core
[2022-01-21T02:59:23.644] [INFO] ma-core - server started at port 5000
[2022-01-21T02:59:23.667] [INFO] ma-core - mongodb conected
[2022-01-21T02:59:30.211] [INFO] ma-core - database URI mongodb://localhost:27017/core
[2022-01-21T02:59:31.256] [INFO] ma-core - server started at port 5000
[2022-01-21T02:59:31.279] [INFO] ma-core - mongodb conected
[2022-01-21T02:59:33.314] [INFO] ma-core - database URI mongodb://localhost:27017/core
[2022-01-21T02:59:33.916] [INFO] ma-core - server started at port 5000
[2022-01-21T02:59:33.938] [INFO] ma-core - mongodb conected
[2022-01-21T02:59:36.492] [INFO] ma-core - database URI mongodb://localhost:27017/core
[2022-01-21T02:59:37.216] [INFO] ma-core - server started at port 5000
[2022-01-21T02:59:37.237] [INFO] ma-core - mongodb conected
[2022-01-21T02:59:38.139] [INFO] ma-core - database URI mongodb://localhost:27017/core
[2022-01-21T02:59:38.820] [INFO] ma-core - server started at port 5000
[2022-01-21T02:59:38.847] [INFO] ma-core - mongodb conected
[2022-01-21T02:59:40.041] [INFO] ma-core - database URI mongodb://localhost:27017/core
[2022-01-21T02:59:41.037] [INFO] ma-core - server started at port 5000
[2022-01-21T02:59:41.072] [INFO] ma-core - mongodb conected
[2022-01-21T02:59:42.442] [INFO] ma-core - get all posts success /api/newsfeed/getAllPosts GET ::1
[2022-01-21T02:59:57.641] [INFO] ma-core - database URI mongodb://localhost:27017/core
[2022-01-21T02:59:58.463] [INFO] ma-core - server started at port 5000
[2022-01-21T02:59:58.482] [INFO] ma-core - mongodb conected
[2022-01-21T02:59:59.191] [INFO] ma-core - get all posts success /api/newsfeed/getAllPosts GET ::1
[2022-01-21T03:00:00.007] [INFO] ma-core - Running Sync Shift 2PM UTC
[2022-01-21T03:00:06.122] [INFO] ma-core - add new shifts success /api/shift/sync PATCH ::ffff:127.0.0.1
[2022-01-21T03:00:06.136] [INFO] ma-core - sync shift success /api/shift/sync PATCH ::ffff:127.0.0.1
[2022-01-21T03:00:06.145] [INFO] ma-core - {"message":"Shift sync success"}
[2022-01-21T03:00:21.486] [INFO] ma-core - database URI mongodb://localhost:27017/core
[2022-01-21T03:00:22.147] [INFO] ma-core - server started at port 5000
[2022-01-21T03:00:22.167] [INFO] ma-core - mongodb conected
[2022-01-21T03:00:23.421] [INFO] ma-core - database URI mongodb://localhost:27017/core
[2022-01-21T03:00:24.058] [INFO] ma-core - server started at port 5000
[2022-01-21T03:00:24.082] [INFO] ma-core - mongodb conected
[2022-01-21T03:03:11.841] [INFO] ma-core - database URI mongodb://localhost:27017/core
[2022-01-21T03:03:12.442] [INFO] ma-core - server started at port 5000
[2022-01-21T03:03:12.467] [INFO] ma-core - mongodb conected
[2022-01-21T03:03:18.819] [INFO] ma-core - database URI mongodb://localhost:27017/core
[2022-01-21T03:03:19.414] [INFO] ma-core - server started at port 5000
[2022-01-21T03:03:19.432] [INFO] ma-core - mongodb conected
[2022-01-21T03:03:24.613] [INFO] ma-core - get all posts success /api/newsfeed/getAllPosts GET ::1
[2022-01-21T03:03:53.579] [INFO] ma-core - database URI mongodb://localhost:27017/core
[2022-01-21T03:03:54.424] [INFO] ma-core - server started at port 5000
[2022-01-21T03:03:54.458] [INFO] ma-core - mongodb conected
[2022-01-21T03:04:05.824] [INFO] ma-core - database URI mongodb://localhost:27017/core
[2022-01-21T03:04:06.401] [INFO] ma-core - server started at port 5000
[2022-01-21T03:04:06.423] [INFO] ma-core - mongodb conected
[2022-01-21T03:04:11.028] [INFO] ma-core - database URI mongodb://localhost:27017/core
[2022-01-21T03:04:11.623] [INFO] ma-core - server started at port 5000
[2022-01-21T03:04:12.103] [INFO] ma-core - database URI mongodb://localhost:27017/core
[2022-01-21T03:04:12.668] [INFO] ma-core - server started at port 5000
[2022-01-21T03:04:12.690] [INFO] ma-core - mongodb conected
[2022-01-21T03:04:22.056] [INFO] ma-core - database URI mongodb://localhost:27017/core
[2022-01-21T03:04:22.634] [INFO] ma-core - server started at port 5000
[2022-01-21T03:04:22.654] [INFO] ma-core - mongodb conected
[2022-01-21T03:04:25.456] [INFO] ma-core - database URI mongodb://localhost:27017/core
[2022-01-21T03:04:26.093] [INFO] ma-core - server started at port 5000
[2022-01-21T03:04:26.125] [INFO] ma-core - mongodb conected
[2022-01-21T03:04:28.847] [INFO] ma-core - database URI mongodb://localhost:27017/core
[2022-01-21T03:04:29.427] [INFO] ma-core - server started at port 5000
[2022-01-21T03:04:29.446] [INFO] ma-core - mongodb conected
[2022-01-21T03:04:42.828] [INFO] ma-core - database URI mongodb://localhost:27017/core
[2022-01-21T03:04:43.407] [INFO] ma-core - server started at port 5000
[2022-01-21T03:04:43.427] [INFO] ma-core - mongodb conected
[2022-01-21T03:04:52.190] [INFO] ma-core - database URI mongodb://localhost:27017/core
[2022-01-21T03:04:52.921] [INFO] ma-core - server started at port 5000
[2022-01-21T03:04:52.944] [INFO] ma-core - mongodb conected
[2022-01-21T03:04:53.449] [INFO] ma-core - get all posts success /api/newsfeed/getAllPosts GET ::1
[2022-01-21T03:05:13.582] [INFO] ma-core - database URI mongodb://localhost:27017/core
[2022-01-21T03:05:14.180] [INFO] ma-core - server started at port 5000
[2022-01-21T03:05:14.199] [INFO] ma-core - mongodb conected
[2022-01-21T03:05:16.149] [INFO] ma-core - database URI mongodb://localhost:27017/core
[2022-01-21T03:05:16.878] [INFO] ma-core - server started at port 5000
[2022-01-21T03:05:16.897] [INFO] ma-core - mongodb conected
[2022-01-21T03:05:18.065] [INFO] ma-core - database URI mongodb://localhost:27017/core
[2022-01-21T03:05:18.809] [INFO] ma-core - server started at port 5000
[2022-01-21T03:05:18.831] [INFO] ma-core - mongodb conected
[2022-01-21T03:05:26.292] [INFO] ma-core - database URI mongodb://localhost:27017/core
[2022-01-21T03:05:26.976] [INFO] ma-core - server started at port 5000
[2022-01-21T03:05:27.011] [INFO] ma-core - mongodb conected
[2022-01-21T03:05:32.730] [INFO] ma-core - database URI mongodb://localhost:27017/core
[2022-01-21T03:05:33.318] [INFO] ma-core - server started at port 5000
[2022-01-21T03:05:33.337] [INFO] ma-core - mongodb conected
[2022-01-21T03:05:41.034] [INFO] ma-core - database URI mongodb://localhost:27017/core
[2022-01-21T03:05:41.615] [INFO] ma-core - server started at port 5000
[2022-01-21T03:05:41.635] [INFO] ma-core - mongodb conected
[2022-01-21T03:05:44.704] [INFO] ma-core - database URI mongodb://localhost:27017/core
[2022-01-21T03:05:45.296] [INFO] ma-core - server started at port 5000
[2022-01-21T03:05:45.315] [INFO] ma-core - mongodb conected
[2022-01-21T03:05:49.260] [INFO] ma-core - database URI mongodb://localhost:27017/core
[2022-01-21T03:05:49.853] [INFO] ma-core - server started at port 5000
[2022-01-21T03:05:49.872] [INFO] ma-core - mongodb conected
[2022-01-21T03:06:08.921] [INFO] ma-core - database URI mongodb://localhost:27017/core
[2022-01-21T03:06:09.512] [INFO] ma-core - server started at port 5000
[2022-01-21T03:06:09.539] [INFO] ma-core - mongodb conected
[2022-01-21T03:06:13.021] [INFO] ma-core - database URI mongodb://localhost:27017/core
[2022-01-21T03:06:13.615] [INFO] ma-core - server started at port 5000
[2022-01-21T03:06:13.638] [INFO] ma-core - mongodb conected
[2022-01-21T03:06:18.294] [INFO] ma-core - database URI mongodb://localhost:27017/core
[2022-01-21T03:06:18.935] [INFO] ma-core - server started at port 5000
[2022-01-21T03:06:18.954] [INFO] ma-core - mongodb conected
[2022-01-21T03:06:21.943] [INFO] ma-core - database URI mongodb://localhost:27017/core
[2022-01-21T03:06:22.531] [INFO] ma-core - server started at port 5000
[2022-01-21T03:06:22.549] [INFO] ma-core - mongodb conected
[2022-01-21T03:06:24.730] [INFO] ma-core - get all posts success /api/newsfeed/getAllPosts GET ::1
[2022-01-21T03:07:24.321] [INFO] ma-core - database URI mongodb://localhost:27017/core
[2022-01-21T03:07:25.179] [INFO] ma-core - server started at port 5000
[2022-01-21T03:07:25.198] [INFO] ma-core - mongodb conected
[2022-01-21T03:07:25.817] [INFO] ma-core - database URI mongodb://localhost:27017/core
[2022-01-21T03:07:26.384] [INFO] ma-core - server started at port 5000
[2022-01-21T03:07:26.402] [INFO] ma-core - mongodb conected
[2022-01-21T03:07:28.223] [INFO] ma-core - database URI mongodb://localhost:27017/core
[2022-01-21T03:07:28.977] [INFO] ma-core - server started at port 5000
[2022-01-21T03:07:28.997] [INFO] ma-core - mongodb conected
[2022-01-21T03:07:30.771] [INFO] ma-core - database URI mongodb://localhost:27017/core
[2022-01-21T03:07:31.635] [INFO] ma-core - server started at port 5000
[2022-01-21T03:07:31.655] [INFO] ma-core - mongodb conected
[2022-01-21T03:07:32.428] [INFO] ma-core - database URI mongodb://localhost:27017/core
[2022-01-21T03:07:33.028] [INFO] ma-core - server started at port 5000
[2022-01-21T03:07:33.046] [INFO] ma-core - mongodb conected
[2022-01-21T03:07:33.582] [INFO] ma-core - database URI mongodb://localhost:27017/core
[2022-01-21T03:07:34.216] [INFO] ma-core - server started at port 5000
[2022-01-21T03:07:34.234] [INFO] ma-core - mongodb conected
[2022-01-21T03:07:36.577] [INFO] ma-core - database URI mongodb://localhost:27017/core
[2022-01-21T03:07:37.150] [INFO] ma-core - server started at port 5000
[2022-01-21T03:07:37.175] [INFO] ma-core - mongodb conected
[2022-01-21T03:07:40.352] [INFO] ma-core - database URI mongodb://localhost:27017/core
[2022-01-21T03:07:40.942] [INFO] ma-core - server started at port 5000
[2022-01-21T03:07:40.960] [INFO] ma-core - mongodb conected
[2022-01-21T03:07:44.139] [INFO] ma-core - database URI mongodb://localhost:27017/core
[2022-01-21T03:07:44.705] [INFO] ma-core - server started at port 5000
[2022-01-21T03:07:44.724] [INFO] ma-core - mongodb conected
[2022-01-21T03:07:48.295] [INFO] ma-core - database URI mongodb://localhost:27017/core
[2022-01-21T03:07:48.978] [INFO] ma-core - server started at port 5000
[2022-01-21T03:07:48.997] [INFO] ma-core - mongodb conected
[2022-01-21T03:07:57.525] [INFO] ma-core - get all posts success /api/newsfeed/getAllPosts GET ::1
[2022-01-21T03:10:01.058] [INFO] ma-core - database URI mongodb://localhost:27017/core
[2022-01-21T03:10:01.659] [INFO] ma-core - server started at port 5000
[2022-01-21T03:10:01.679] [INFO] ma-core - mongodb conected
[2022-01-21T03:10:11.949] [INFO] ma-core - get all posts success /api/newsfeed/getAllPosts GET ::1
[2022-01-21T03:10:36.771] [INFO] ma-core - database URI mongodb://localhost:27017/core
[2022-01-21T03:10:37.448] [INFO] ma-core - server started at port 5000
[2022-01-21T03:10:37.480] [INFO] ma-core - mongodb conected
[2022-01-21T03:13:34.766] [INFO] ma-core - database URI mongodb://localhost:27017/core
[2022-01-21T03:13:35.373] [INFO] ma-core - server started at port 5000
[2022-01-21T03:13:35.399] [INFO] ma-core - mongodb conected
[2022-01-21T03:13:36.082] [INFO] ma-core - database URI mongodb://localhost:27017/core
[2022-01-21T03:13:36.677] [INFO] ma-core - server started at port 5000
[2022-01-21T03:13:36.696] [INFO] ma-core - mongodb conected
[2022-01-21T03:14:11.756] [INFO] ma-core - database URI mongodb://localhost:27017/core
[2022-01-21T03:14:12.409] [INFO] ma-core - server started at port 5000
[2022-01-21T03:14:12.430] [INFO] ma-core - mongodb conected
[2022-01-21T03:14:49.580] [INFO] ma-core - database URI mongodb://localhost:27017/core
[2022-01-21T03:14:50.174] [INFO] ma-core - server started at port 5000
[2022-01-21T03:14:50.193] [INFO] ma-core - mongodb conected
[2022-01-21T03:14:52.148] [INFO] ma-core - database URI mongodb://localhost:27017/core
[2022-01-21T03:14:52.770] [INFO] ma-core - server started at port 5000
[2022-01-21T03:14:52.791] [INFO] ma-core - mongodb conected
[2022-01-21T03:15:25.515] [INFO] ma-core - database URI mongodb://localhost:27017/core
[2022-01-21T03:15:26.120] [INFO] ma-core - server started at port 5000
[2022-01-21T03:15:26.140] [INFO] ma-core - mongodb conected
[2022-01-21T03:15:33.104] [INFO] ma-core - database URI mongodb://localhost:27017/core
[2022-01-21T03:15:33.856] [INFO] ma-core - server started at port 5000
[2022-01-21T03:15:33.882] [INFO] ma-core - mongodb conected
[2022-01-21T03:15:35.605] [INFO] ma-core - database URI mongodb://localhost:27017/core
[2022-01-21T03:15:36.207] [INFO] ma-core - server started at port 5000
[2022-01-21T03:15:36.227] [INFO] ma-core - mongodb conected
[2022-01-21T03:15:47.624] [INFO] ma-core - database URI mongodb://localhost:27017/core
[2022-01-21T03:15:48.559] [INFO] ma-core - server started at port 5000
[2022-01-21T03:15:48.599] [INFO] ma-core - mongodb conected
[2022-01-21T03:15:49.261] [INFO] ma-core - database URI mongodb://localhost:27017/core
[2022-01-21T03:15:50.030] [INFO] ma-core - server started at port 5000
[2022-01-21T03:15:50.067] [INFO] ma-core - mongodb conected
[2022-01-21T03:15:53.092] [INFO] ma-core - database URI mongodb://localhost:27017/core
[2022-01-21T03:15:53.833] [INFO] ma-core - server started at port 5000
[2022-01-21T03:15:53.854] [INFO] ma-core - mongodb conected
[2022-01-21T03:15:57.065] [INFO] ma-core - database URI mongodb://localhost:27017/core
[2022-01-21T03:15:57.715] [INFO] ma-core - server started at port 5000
[2022-01-21T03:15:57.735] [INFO] ma-core - mongodb conected
[2022-01-21T03:16:01.107] [INFO] ma-core - database URI mongodb://localhost:27017/core
[2022-01-21T03:16:01.698] [INFO] ma-core - server started at port 5000
[2022-01-21T03:16:01.724] [INFO] ma-core - mongodb conected
[2022-01-21T03:16:26.449] [INFO] ma-core - database URI mongodb://localhost:27017/core
[2022-01-21T03:16:27.081] [INFO] ma-core - server started at port 5000
[2022-01-21T03:16:27.107] [INFO] ma-core - mongodb conected
[2022-01-21T03:16:44.027] [INFO] ma-core - database URI mongodb://localhost:27017/core
[2022-01-21T03:16:44.631] [INFO] ma-core - server started at port 5000
[2022-01-21T03:16:44.662] [INFO] ma-core - mongodb conected
[2022-01-21T03:16:47.023] [INFO] ma-core - database URI mongodb://localhost:27017/core
[2022-01-21T03:16:47.758] [INFO] ma-core - server started at port 5000
[2022-01-21T03:16:47.792] [INFO] ma-core - mongodb conected
[2022-01-21T03:16:48.828] [INFO] ma-core - database URI mongodb://localhost:27017/core
[2022-01-21T03:16:49.561] [INFO] ma-core - server started at port 5000
[2022-01-21T03:16:49.583] [INFO] ma-core - mongodb conected
[2022-01-21T03:16:51.844] [INFO] ma-core - database URI mongodb://localhost:27017/core
[2022-01-21T03:16:52.456] [INFO] ma-core - server started at port 5000
[2022-01-21T03:16:52.489] [INFO] ma-core - mongodb conected
[2022-01-21T03:16:53.003] [INFO] ma-core - database URI mongodb://localhost:27017/core
[2022-01-21T03:16:53.630] [INFO] ma-core - server started at port 5000
[2022-01-21T03:16:53.648] [INFO] ma-core - mongodb conected
[2022-01-21T03:16:54.574] [INFO] ma-core - database URI mongodb://localhost:27017/core
[2022-01-21T03:16:55.577] [INFO] ma-core - server started at port 5000
[2022-01-21T03:16:55.642] [INFO] ma-core - mongodb conected
[2022-01-21T03:16:56.777] [INFO] ma-core - database URI mongodb://localhost:27017/core
[2022-01-21T03:16:57.364] [INFO] ma-core - server started at port 5000
[2022-01-21T03:16:57.386] [INFO] ma-core - mongodb conected
[2022-01-21T03:16:59.237] [INFO] ma-core - database URI mongodb://localhost:27017/core
[2022-01-21T03:16:59.870] [INFO] ma-core - server started at port 5000
[2022-01-21T03:16:59.890] [INFO] ma-core - mongodb conected
[2022-01-21T03:17:03.409] [INFO] ma-core - database URI mongodb://localhost:27017/core
[2022-01-21T03:17:04.073] [INFO] ma-core - server started at port 5000
[2022-01-21T03:17:04.093] [INFO] ma-core - mongodb conected
[2022-01-21T03:17:06.616] [INFO] ma-core - get all posts success /api/newsfeed/getAllPosts GET ::1
[2022-01-21T03:18:31.226] [INFO] ma-core - database URI mongodb://localhost:27017/core
[2022-01-21T03:18:31.872] [INFO] ma-core - server started at port 5000
[2022-01-21T03:18:31.899] [INFO] ma-core - mongodb conected
[2022-01-21T03:18:45.295] [INFO] ma-core - database URI mongodb://localhost:27017/core
[2022-01-21T03:18:46.090] [INFO] ma-core - server started at port 5000
[2022-01-21T03:18:46.125] [INFO] ma-core - mongodb conected
[2022-01-21T03:18:47.260] [INFO] ma-core - database URI mongodb://localhost:27017/core
[2022-01-21T03:18:47.948] [INFO] ma-core - server started at port 5000
[2022-01-21T03:18:47.976] [INFO] ma-core - mongodb conected
[2022-01-21T03:18:53.259] [INFO] ma-core - database URI mongodb://localhost:27017/core
[2022-01-21T03:18:53.966] [INFO] ma-core - server started at port 5000
[2022-01-21T03:18:53.990] [INFO] ma-core - mongodb conected
[2022-01-21T03:19:21.885] [INFO] ma-core - get all posts success /api/newsfeed/getAllPosts GET ::1
[2022-01-21T03:19:42.527] [INFO] ma-core - database URI mongodb://localhost:27017/core
[2022-01-21T03:19:43.289] [INFO] ma-core - server started at port 5000
[2022-01-21T03:19:43.316] [INFO] ma-core - mongodb conected
[2022-01-21T03:19:43.939] [INFO] ma-core - database URI mongodb://localhost:27017/core
[2022-01-21T03:19:44.540] [INFO] ma-core - server started at port 5000
[2022-01-21T03:19:44.558] [INFO] ma-core - mongodb conected
[2022-01-21T03:19:54.193] [INFO] ma-core - database URI mongodb://localhost:27017/core
[2022-01-21T03:19:54.843] [INFO] ma-core - server started at port 5000
[2022-01-21T03:19:54.869] [INFO] ma-core - mongodb conected
[2022-01-21T03:19:55.958] [INFO] ma-core - database URI mongodb://localhost:27017/core
[2022-01-21T03:19:56.609] [INFO] ma-core - server started at port 5000
[2022-01-21T03:19:56.634] [INFO] ma-core - mongodb conected
[2022-01-21T03:19:57.661] [INFO] ma-core - database URI mongodb://localhost:27017/core
[2022-01-21T03:19:58.263] [INFO] ma-core - server started at port 5000
[2022-01-21T03:19:58.282] [INFO] ma-core - mongodb conected
[2022-01-21T03:20:05.216] [INFO] ma-core - database URI mongodb://localhost:27017/core
[2022-01-21T03:20:05.855] [INFO] ma-core - server started at port 5000
[2022-01-21T03:20:05.894] [INFO] ma-core - mongodb conected
[2022-01-21T03:20:07.353] [INFO] ma-core - database URI mongodb://localhost:27017/core
[2022-01-21T03:20:08.063] [INFO] ma-core - server started at port 5000
[2022-01-21T03:20:08.098] [INFO] ma-core - mongodb conected
[2022-01-21T03:20:12.926] [INFO] ma-core - database URI mongodb://localhost:27017/core
[2022-01-21T03:20:13.707] [INFO] ma-core - server started at port 5000
[2022-01-21T03:20:13.736] [INFO] ma-core - mongodb conected
[2022-01-21T03:20:19.248] [INFO] ma-core - database URI mongodb://localhost:27017/core
[2022-01-21T03:20:19.892] [INFO] ma-core - server started at port 5000
[2022-01-21T03:20:19.912] [INFO] ma-core - mongodb conected
[2022-01-21T03:20:20.945] [INFO] ma-core - database URI mongodb://localhost:27017/core
[2022-01-21T03:20:21.566] [INFO] ma-core - server started at port 5000
[2022-01-21T03:20:21.592] [INFO] ma-core - mongodb conected
[2022-01-21T03:20:29.876] [INFO] ma-core - database URI mongodb://localhost:27017/core
[2022-01-21T03:20:30.459] [INFO] ma-core - server started at port 5000
[2022-01-21T03:20:30.481] [INFO] ma-core - mongodb conected
[2022-01-21T03:20:38.664] [INFO] ma-core - get all posts success /api/newsfeed/getAllPosts GET ::1
[2022-01-21T03:21:09.449] [INFO] ma-core - database URI mongodb://localhost:27017/core
[2022-01-21T03:21:10.123] [INFO] ma-core - server started at port 5000
[2022-01-21T03:21:10.148] [INFO] ma-core - mongodb conected
[2022-01-21T03:21:13.871] [INFO] ma-core - database URI mongodb://localhost:27017/core
[2022-01-21T03:21:14.590] [INFO] ma-core - server started at port 5000
[2022-01-21T03:21:14.609] [INFO] ma-core - mongodb conected
[2022-01-21T03:21:20.761] [INFO] ma-core - database URI mongodb://localhost:27017/core
[2022-01-21T03:21:21.640] [INFO] ma-core - server started at port 5000
[2022-01-21T03:21:21.667] [INFO] ma-core - mongodb conected
[2022-01-21T03:21:23.071] [INFO] ma-core - get all posts success /api/newsfeed/getAllPosts GET ::1
[2022-01-21T03:23:34.344] [INFO] ma-core - database URI mongodb://localhost:27017/core
[2022-01-21T03:23:35.099] [INFO] ma-core - server started at port 5000
[2022-01-21T03:23:35.127] [INFO] ma-core - mongodb conected
[2022-01-21T03:23:36.258] [INFO] ma-core - database URI mongodb://localhost:27017/core
[2022-01-21T03:23:36.843] [INFO] ma-core - server started at port 5000
[2022-01-21T03:23:36.867] [INFO] ma-core - mongodb conected
[2022-01-21T03:24:00.893] [INFO] ma-core - database URI mongodb://localhost:27017/core
[2022-01-21T03:24:01.501] [INFO] ma-core - server started at port 5000
[2022-01-21T03:24:01.533] [INFO] ma-core - mongodb conected
[2022-01-21T03:24:02.272] [INFO] ma-core - database URI mongodb://localhost:27017/core
[2022-01-21T03:24:02.881] [INFO] ma-core - server started at port 5000
[2022-01-21T03:24:02.902] [INFO] ma-core - mongodb conected
[2022-01-21T03:24:46.119] [INFO] ma-core - database URI mongodb://localhost:27017/core
[2022-01-21T03:24:46.805] [INFO] ma-core - server started at port 5000
[2022-01-21T03:24:46.831] [INFO] ma-core - mongodb conected
[2022-01-21T03:24:47.750] [INFO] ma-core - database URI mongodb://localhost:27017/core
[2022-01-21T03:24:48.383] [INFO] ma-core - server started at port 5000
[2022-01-21T03:24:48.414] [INFO] ma-core - mongodb conected
[2022-01-21T03:24:50.786] [INFO] ma-core - database URI mongodb://localhost:27017/core
[2022-01-21T03:24:51.384] [INFO] ma-core - server started at port 5000
[2022-01-21T03:24:51.410] [INFO] ma-core - mongodb conected
[2022-01-21T03:24:52.899] [INFO] ma-core - database URI mongodb://localhost:27017/core
[2022-01-21T03:24:53.552] [INFO] ma-core - server started at port 5000
[2022-01-21T03:24:53.581] [INFO] ma-core - mongodb conected
[2022-01-21T03:24:54.749] [INFO] ma-core - database URI mongodb://localhost:27017/core
[2022-01-21T03:24:55.391] [INFO] ma-core - server started at port 5000
[2022-01-21T03:24:55.411] [INFO] ma-core - mongodb conected
[2022-01-21T03:25:07.878] [INFO] ma-core - database URI mongodb://localhost:27017/core
[2022-01-21T03:25:08.495] [INFO] ma-core - server started at port 5000
[2022-01-21T03:25:08.521] [INFO] ma-core - mongodb conected
[2022-01-21T03:25:17.427] [INFO] ma-core - get all posts success /api/newsfeed/getAllPosts GET ::1
[2022-01-21T03:26:06.646] [INFO] ma-core - database URI mongodb://localhost:27017/core
[2022-01-21T03:26:07.309] [INFO] ma-core - server started at port 5000
[2022-01-21T03:26:07.346] [INFO] ma-core - mongodb conected
[2022-01-21T03:26:08.885] [INFO] ma-core - database URI mongodb://localhost:27017/core
[2022-01-21T03:26:09.608] [INFO] ma-core - server started at port 5000
[2022-01-21T03:26:09.631] [INFO] ma-core - mongodb conected
[2022-01-21T03:26:15.566] [INFO] ma-core - database URI mongodb://localhost:27017/core
[2022-01-21T03:26:16.369] [INFO] ma-core - server started at port 5000
[2022-01-21T03:26:16.419] [INFO] ma-core - mongodb conected
[2022-01-21T03:26:18.220] [INFO] ma-core - database URI mongodb://localhost:27017/core
[2022-01-21T03:26:18.839] [INFO] ma-core - server started at port 5000
[2022-01-21T03:26:18.862] [INFO] ma-core - mongodb conected
[2022-01-21T03:26:20.003] [INFO] ma-core - database URI mongodb://localhost:27017/core
[2022-01-21T03:26:20.624] [INFO] ma-core - server started at port 5000
[2022-01-21T03:26:20.642] [INFO] ma-core - mongodb conected
[2022-01-21T03:26:28.497] [INFO] ma-core - database URI mongodb://localhost:27017/core
[2022-01-21T03:26:29.155] [INFO] ma-core - server started at port 5000
[2022-01-21T03:26:29.174] [INFO] ma-core - mongodb conected
[2022-01-21T03:26:31.762] [INFO] ma-core - get all posts success /api/newsfeed/getAllPosts GET ::1
[2022-01-21T03:27:49.633] [INFO] ma-core - database URI mongodb://localhost:27017/core
[2022-01-21T03:27:50.511] [INFO] ma-core - server started at port 5000
[2022-01-21T03:27:50.534] [INFO] ma-core - mongodb conected
[2022-01-21T03:27:58.542] [INFO] ma-core - get all posts success /api/newsfeed/getAllPosts GET ::1
[2022-01-21T03:31:03.439] [INFO] ma-core - database URI mongodb://localhost:27017/core
[2022-01-21T03:31:04.033] [INFO] ma-core - server started at port 5000
[2022-01-21T03:31:04.054] [INFO] ma-core - mongodb conected
[2022-01-21T03:31:15.429] [INFO] ma-core - database URI mongodb://localhost:27017/core
[2022-01-21T03:31:16.130] [INFO] ma-core - server started at port 5000
[2022-01-21T03:31:16.154] [INFO] ma-core - mongodb conected
[2022-01-21T03:31:46.922] [INFO] ma-core - database URI mongodb://localhost:27017/core
[2022-01-21T03:31:47.513] [INFO] ma-core - server started at port 5000
[2022-01-21T03:31:47.533] [INFO] ma-core - mongodb conected
[2022-01-21T03:32:31.337] [INFO] ma-core - database URI mongodb://localhost:27017/core
[2022-01-21T03:32:31.977] [INFO] ma-core - server started at port 5000
[2022-01-21T03:32:31.997] [INFO] ma-core - mongodb conected
[2022-01-21T03:33:13.669] [INFO] ma-core - database URI mongodb://localhost:27017/core
[2022-01-21T03:33:14.336] [INFO] ma-core - server started at port 5000
[2022-01-21T03:33:14.355] [INFO] ma-core - mongodb conected
[2022-01-21T03:33:15.285] [INFO] ma-core - database URI mongodb://localhost:27017/core
[2022-01-21T03:33:15.898] [INFO] ma-core - server started at port 5000
[2022-01-21T03:33:15.917] [INFO] ma-core - mongodb conected
[2022-01-21T03:34:23.886] [INFO] ma-core - database URI mongodb://localhost:27017/core
[2022-01-21T03:34:24.481] [INFO] ma-core - server started at port 5000
[2022-01-21T03:34:24.501] [INFO] ma-core - mongodb conected
[2022-01-21T03:34:37.287] [INFO] ma-core - database URI mongodb://localhost:27017/core
[2022-01-21T03:34:37.941] [INFO] ma-core - server started at port 5000
[2022-01-21T03:34:37.972] [INFO] ma-core - mongodb conected
[2022-01-21T03:35:31.366] [INFO] ma-core - database URI mongodb://localhost:27017/core
[2022-01-21T03:35:31.984] [INFO] ma-core - server started at port 5000
[2022-01-21T03:35:32.003] [INFO] ma-core - mongodb conected
[2022-01-21T03:35:47.799] [INFO] ma-core - get all posts success /api/newsfeed/getAllPosts GET ::1
[2022-01-21T03:37:55.597] [INFO] ma-core - database URI mongodb://localhost:27017/core
[2022-01-21T03:37:56.439] [INFO] ma-core - server started at port 5000
[2022-01-21T03:37:56.481] [INFO] ma-core - mongodb conected
[2022-01-21T03:38:03.183] [INFO] ma-core - get all posts success /api/newsfeed/getAllPosts GET ::1
[2022-01-21T03:39:19.405] [INFO] ma-core - database URI mongodb://localhost:27017/core
[2022-01-21T03:39:20.172] [INFO] ma-core - server started at port 5000
[2022-01-21T03:39:20.203] [INFO] ma-core - mongodb conected
[2022-01-21T03:39:47.402] [INFO] ma-core - database URI mongodb://localhost:27017/core
[2022-01-21T03:39:48.325] [INFO] ma-core - server started at port 5000
[2022-01-21T03:39:48.352] [INFO] ma-core - mongodb conected
[2022-01-21T03:39:59.465] [INFO] ma-core - get all posts success /api/newsfeed/getAllPosts GET ::1
[2022-01-21T03:42:32.127] [INFO] ma-core - database URI mongodb://localhost:27017/core
[2022-01-21T03:42:32.746] [INFO] ma-core - server started at port 5000
[2022-01-21T03:42:32.778] [INFO] ma-core - mongodb conected
[2022-01-21T03:42:37.954] [INFO] ma-core - database URI mongodb://localhost:27017/core
[2022-01-21T03:42:38.671] [INFO] ma-core - server started at port 5000
[2022-01-21T03:42:38.698] [INFO] ma-core - mongodb conected
[2022-01-21T03:42:46.011] [INFO] ma-core - get all posts success /api/newsfeed/getAllPosts GET ::1
[2022-01-21T03:43:26.761] [INFO] ma-core - database URI mongodb://localhost:27017/core
[2022-01-21T03:43:27.357] [INFO] ma-core - server started at port 5000
[2022-01-21T03:43:27.395] [INFO] ma-core - mongodb conected
[2022-01-21T03:43:38.037] [INFO] ma-core - get all posts success /api/newsfeed/getAllPosts GET ::1
[2022-01-21T03:44:15.039] [INFO] ma-core - database URI mongodb://localhost:27017/core
[2022-01-21T03:44:15.627] [INFO] ma-core - server started at port 5000
[2022-01-21T03:44:15.650] [INFO] ma-core - mongodb conected
[2022-01-21T03:44:19.438] [INFO] ma-core - database URI mongodb://localhost:27017/core
[2022-01-21T03:44:20.042] [INFO] ma-core - server started at port 5000
[2022-01-21T03:44:20.077] [INFO] ma-core - mongodb conected
[2022-01-21T03:44:22.360] [INFO] ma-core - database URI mongodb://localhost:27017/core
[2022-01-21T03:44:22.965] [INFO] ma-core - server started at port 5000
[2022-01-21T03:44:22.985] [INFO] ma-core - mongodb conected
[2022-01-21T03:44:23.794] [INFO] ma-core - database URI mongodb://localhost:27017/core
[2022-01-21T03:44:24.393] [INFO] ma-core - server started at port 5000
[2022-01-21T03:44:24.412] [INFO] ma-core - mongodb conected
[2022-01-21T03:44:34.423] [INFO] ma-core - get all posts success /api/newsfeed/getAllPosts GET ::1
[2022-01-21T03:45:52.515] [INFO] ma-core - database URI mongodb://localhost:27017/core
[2022-01-21T03:45:53.193] [INFO] ma-core - server started at port 5000
[2022-01-21T03:45:53.213] [INFO] ma-core - mongodb conected
[2022-01-21T03:45:54.077] [INFO] ma-core - database URI mongodb://localhost:27017/core
[2022-01-21T03:45:54.687] [INFO] ma-core - server started at port 5000
[2022-01-21T03:45:54.707] [INFO] ma-core - mongodb conected
[2022-01-21T03:45:56.527] [INFO] ma-core - database URI mongodb://localhost:27017/core
[2022-01-21T03:45:57.129] [INFO] ma-core - server started at port 5000
[2022-01-21T03:45:57.147] [INFO] ma-core - mongodb conected
[2022-01-21T03:46:04.440] [INFO] ma-core - database URI mongodb://localhost:27017/core
[2022-01-21T03:46:05.034] [INFO] ma-core - server started at port 5000
[2022-01-21T03:46:05.054] [INFO] ma-core - mongodb conected
[2022-01-21T03:46:05.675] [INFO] ma-core - database URI mongodb://localhost:27017/core
[2022-01-21T03:46:06.273] [INFO] ma-core - server started at port 5000
[2022-01-21T03:46:06.296] [INFO] ma-core - mongodb conected
[2022-01-21T03:46:09.795] [INFO] ma-core - get all posts success /api/newsfeed/getAllPosts GET ::1
[2022-01-21T03:49:11.025] [INFO] ma-core - database URI mongodb://localhost:27017/core
[2022-01-21T03:49:11.641] [INFO] ma-core - server started at port 5000
[2022-01-21T03:49:11.662] [INFO] ma-core - mongodb conected
[2022-01-21T03:49:47.272] [INFO] ma-core - database URI mongodb://localhost:27017/core
[2022-01-21T03:49:47.875] [INFO] ma-core - server started at port 5000
[2022-01-21T03:49:47.898] [INFO] ma-core - mongodb conected
[2022-01-21T03:49:50.155] [INFO] ma-core - database URI mongodb://localhost:27017/core
[2022-01-21T03:49:50.786] [INFO] ma-core - server started at port 5000
[2022-01-21T03:49:50.805] [INFO] ma-core - mongodb conected
[2022-01-21T03:49:56.944] [INFO] ma-core - database URI mongodb://localhost:27017/core
[2022-01-21T03:49:57.806] [INFO] ma-core - server started at port 5000
[2022-01-21T03:49:57.829] [INFO] ma-core - mongodb conected
[2022-01-21T03:50:02.206] [INFO] ma-core - database URI mongodb://localhost:27017/core
[2022-01-21T03:50:02.814] [INFO] ma-core - server started at port 5000
[2022-01-21T03:50:02.833] [INFO] ma-core - mongodb conected
[2022-01-21T03:50:15.221] [INFO] ma-core - database URI mongodb://localhost:27017/core
[2022-01-21T03:50:15.847] [INFO] ma-core - server started at port 5000
[2022-01-21T03:50:15.887] [INFO] ma-core - mongodb conected
[2022-01-21T03:50:43.851] [INFO] ma-core - get all posts success /api/newsfeed/getAllPosts GET ::1
[2022-01-21T03:59:10.297] [INFO] ma-core - database URI mongodb://localhost:27017/core
[2022-01-21T03:59:11.011] [INFO] ma-core - server started at port 5000
[2022-01-21T03:59:11.046] [INFO] ma-core - mongodb conected
[2022-01-21T03:59:18.577] [INFO] ma-core - database URI mongodb://localhost:27017/core
[2022-01-21T03:59:19.377] [INFO] ma-core - server started at port 5000
[2022-01-21T03:59:19.403] [INFO] ma-core - mongodb conected
[2022-01-21T04:04:44.976] [INFO] ma-core - database URI mongodb://localhost:27017/core
[2022-01-21T04:04:45.645] [INFO] ma-core - server started at port 5000
[2022-01-21T04:04:45.680] [INFO] ma-core - mongodb conected
[2022-01-21T04:04:46.847] [INFO] ma-core - database URI mongodb://localhost:27017/core
[2022-01-21T04:04:47.460] [INFO] ma-core - server started at port 5000
[2022-01-21T04:04:47.480] [INFO] ma-core - mongodb conected
[2022-01-21T04:06:53.541] [INFO] ma-core - database URI mongodb://localhost:27017/core
[2022-01-21T04:06:54.139] [INFO] ma-core - server started at port 5000
[2022-01-21T04:06:54.159] [INFO] ma-core - mongodb conected
[2022-01-21T04:07:02.004] [INFO] ma-core - database URI mongodb://localhost:27017/core
[2022-01-21T04:07:02.748] [INFO] ma-core - server started at port 5000
[2022-01-21T04:07:02.791] [INFO] ma-core - mongodb conected
[2022-01-21T04:07:09.816] [INFO] ma-core - get all posts success /api/newsfeed/getAllPosts GET ::1
[2022-01-21T04:08:37.612] [INFO] ma-core - database URI mongodb://localhost:27017/core
[2022-01-21T04:08:38.272] [INFO] ma-core - server started at port 5000
[2022-01-21T04:08:38.299] [INFO] ma-core - mongodb conected
[2022-01-21T04:08:41.827] [INFO] ma-core - database URI mongodb://localhost:27017/core
[2022-01-21T04:08:42.439] [INFO] ma-core - server started at port 5000
[2022-01-21T04:08:42.471] [INFO] ma-core - mongodb conected
[2022-01-21T04:08:43.892] [INFO] ma-core - database URI mongodb://localhost:27017/core
[2022-01-21T04:08:44.518] [INFO] ma-core - server started at port 5000
[2022-01-21T04:08:44.545] [INFO] ma-core - mongodb conected
[2022-01-21T04:08:46.006] [INFO] ma-core - database URI mongodb://localhost:27017/core
[2022-01-21T04:08:46.730] [INFO] ma-core - server started at port 5000
[2022-01-21T04:08:46.749] [INFO] ma-core - mongodb conected
[2022-01-21T04:08:51.057] [INFO] ma-core - database URI mongodb://localhost:27017/core
[2022-01-21T04:08:51.654] [INFO] ma-core - server started at port 5000
[2022-01-21T04:08:51.674] [INFO] ma-core - mongodb conected
[2022-01-21T04:08:58.898] [INFO] ma-core - database URI mongodb://localhost:27017/core
[2022-01-21T04:08:59.484] [INFO] ma-core - server started at port 5000
[2022-01-21T04:08:59.515] [INFO] ma-core - mongodb conected
[2022-01-21T04:09:10.041] [INFO] ma-core - database URI mongodb://localhost:27017/core
[2022-01-21T04:09:10.755] [INFO] ma-core - server started at port 5000
[2022-01-21T04:09:10.794] [INFO] ma-core - mongodb conected
[2022-01-21T04:09:16.444] [INFO] ma-core - database URI mongodb://localhost:27017/core
[2022-01-21T04:09:17.040] [INFO] ma-core - server started at port 5000
[2022-01-21T04:09:17.060] [INFO] ma-core - mongodb conected
[2022-01-21T04:09:19.123] [INFO] ma-core - database URI mongodb://localhost:27017/core
[2022-01-21T04:09:19.701] [INFO] ma-core - server started at port 5000
[2022-01-21T04:09:19.723] [INFO] ma-core - mongodb conected
[2022-01-21T04:09:30.172] [INFO] ma-core - get all posts success /api/newsfeed/getAllPosts GET ::1
[2022-01-21T04:10:07.978] [INFO] ma-core - get all posts success /api/newsfeed/getAllPosts GET ::1
[2022-01-21T04:14:17.334] [INFO] ma-core - database URI mongodb://localhost:27017/core
[2022-01-21T04:14:17.944] [INFO] ma-core - server started at port 5000
[2022-01-21T04:14:17.968] [INFO] ma-core - mongodb conected
[2022-01-21T04:14:20.567] [INFO] ma-core - database URI mongodb://localhost:27017/core
[2022-01-21T04:14:21.439] [INFO] ma-core - server started at port 5000
[2022-01-21T04:14:21.463] [INFO] ma-core - mongodb conected
[2022-01-21T04:14:22.219] [INFO] ma-core - database URI mongodb://localhost:27017/core
[2022-01-21T04:14:22.814] [INFO] ma-core - server started at port 5000
[2022-01-21T04:14:22.853] [INFO] ma-core - mongodb conected
[2022-01-21T04:14:24.307] [INFO] ma-core - database URI mongodb://localhost:27017/core
[2022-01-21T04:14:24.903] [INFO] ma-core - server started at port 5000
[2022-01-21T04:14:24.922] [INFO] ma-core - mongodb conected
[2022-01-21T04:14:32.186] [INFO] ma-core - database URI mongodb://localhost:27017/core
[2022-01-21T04:14:33.224] [INFO] ma-core - server started at port 5000
[2022-01-21T04:14:33.297] [INFO] ma-core - mongodb conected
[2022-01-21T04:14:34.811] [INFO] ma-core - database URI mongodb://localhost:27017/core
[2022-01-21T04:14:35.467] [INFO] ma-core - server started at port 5000
[2022-01-21T04:14:35.490] [INFO] ma-core - mongodb conected
[2022-01-21T04:14:39.492] [INFO] ma-core - database URI mongodb://localhost:27017/core
[2022-01-21T04:14:40.158] [INFO] ma-core - server started at port 5000
[2022-01-21T04:14:40.178] [INFO] ma-core - mongodb conected
[2022-01-21T04:14:43.167] [INFO] ma-core - database URI mongodb://localhost:27017/core
[2022-01-21T04:14:43.848] [INFO] ma-core - server started at port 5000
[2022-01-21T04:14:43.887] [INFO] ma-core - mongodb conected
[2022-01-21T04:14:45.690] [INFO] ma-core - database URI mongodb://localhost:27017/core
[2022-01-21T04:14:46.332] [INFO] ma-core - server started at port 5000
[2022-01-21T04:14:46.351] [INFO] ma-core - mongodb conected
[2022-01-21T04:14:51.229] [INFO] ma-core - database URI mongodb://localhost:27017/core
[2022-01-21T04:14:51.855] [INFO] ma-core - server started at port 5000
[2022-01-21T04:14:51.877] [INFO] ma-core - mongodb conected
[2022-01-21T04:14:53.578] [INFO] ma-core - database URI mongodb://localhost:27017/core
[2022-01-21T04:14:54.202] [INFO] ma-core - server started at port 5000
[2022-01-21T04:14:54.221] [INFO] ma-core - mongodb conected
[2022-01-21T04:15:04.845] [INFO] ma-core - database URI mongodb://localhost:27017/core
[2022-01-21T04:15:05.548] [INFO] ma-core - server started at port 5000
[2022-01-21T04:15:05.575] [INFO] ma-core - mongodb conected
[2022-01-21T04:15:11.109] [INFO] ma-core - database URI mongodb://localhost:27017/core
[2022-01-21T04:15:11.694] [INFO] ma-core - server started at port 5000
[2022-01-21T04:15:11.713] [INFO] ma-core - mongodb conected
[2022-01-21T04:15:20.971] [INFO] ma-core - database URI mongodb://localhost:27017/core
[2022-01-21T04:15:21.583] [INFO] ma-core - server started at port 5000
[2022-01-21T04:15:21.603] [INFO] ma-core - mongodb conected
[2022-01-21T04:15:23.742] [INFO] ma-core - database URI mongodb://localhost:27017/core
[2022-01-21T04:15:24.332] [INFO] ma-core - server started at port 5000
[2022-01-21T04:15:24.352] [INFO] ma-core - mongodb conected
[2022-01-21T04:15:29.116] [INFO] ma-core - database URI mongodb://localhost:27017/core
[2022-01-21T04:15:29.739] [INFO] ma-core - server started at port 5000
[2022-01-21T04:15:29.765] [INFO] ma-core - mongodb conected
[2022-01-21T04:15:31.112] [INFO] ma-core - database URI mongodb://localhost:27017/core
[2022-01-21T04:15:31.812] [INFO] ma-core - server started at port 5000
[2022-01-21T04:15:31.840] [INFO] ma-core - mongodb conected
[2022-01-21T04:15:53.923] [INFO] ma-core - database URI mongodb://localhost:27017/core
[2022-01-21T04:15:54.581] [INFO] ma-core - server started at port 5000
[2022-01-21T04:15:54.600] [INFO] ma-core - mongodb conected
[2022-01-21T04:16:00.608] [INFO] ma-core - database URI mongodb://localhost:27017/core
[2022-01-21T04:16:01.563] [INFO] ma-core - server started at port 5000
[2022-01-21T04:16:01.607] [INFO] ma-core - mongodb conected
[2022-01-21T04:16:29.734] [INFO] ma-core - database URI mongodb://localhost:27017/core
[2022-01-21T04:16:30.635] [INFO] ma-core - server started at port 5000
[2022-01-21T04:16:30.654] [INFO] ma-core - mongodb conected
[2022-01-21T04:16:33.894] [INFO] ma-core - get all posts success /api/newsfeed/getAllPosts GET ::1
[2022-01-21T04:16:58.249] [INFO] ma-core - database URI mongodb://localhost:27017/core
[2022-01-21T04:16:58.875] [INFO] ma-core - server started at port 5000
[2022-01-21T04:16:58.900] [INFO] ma-core - mongodb conected
[2022-01-21T04:16:59.488] [INFO] ma-core - database URI mongodb://localhost:27017/core
[2022-01-21T04:17:00.086] [INFO] ma-core - server started at port 5000
[2022-01-21T04:17:00.105] [INFO] ma-core - mongodb conected
[2022-01-21T04:18:39.228] [INFO] ma-core - get all posts success /api/newsfeed/getAllPosts GET ::1
[2022-01-21T04:21:49.614] [INFO] ma-core - database URI mongodb://localhost:27017/core
[2022-01-21T04:21:50.310] [INFO] ma-core - server started at port 5000
[2022-01-21T04:21:50.358] [INFO] ma-core - mongodb conected
[2022-01-21T04:21:52.116] [INFO] ma-core - database URI mongodb://localhost:27017/core
[2022-01-21T04:21:52.863] [INFO] ma-core - server started at port 5000
[2022-01-21T04:21:52.903] [INFO] ma-core - mongodb conected
[2022-01-21T04:22:07.481] [INFO] ma-core - database URI mongodb://localhost:27017/core
[2022-01-21T04:22:08.090] [INFO] ma-core - server started at port 5000
[2022-01-21T04:22:08.109] [INFO] ma-core - mongodb conected
[2022-01-21T04:22:10.417] [INFO] ma-core - database URI mongodb://localhost:27017/core
[2022-01-21T04:22:11.034] [INFO] ma-core - server started at port 5000
[2022-01-21T04:22:11.072] [INFO] ma-core - mongodb conected
[2022-01-21T04:22:11.690] [INFO] ma-core - database URI mongodb://localhost:27017/core
[2022-01-21T04:22:12.497] [INFO] ma-core - server started at port 5000
[2022-01-21T04:22:12.516] [INFO] ma-core - mongodb conected
[2022-01-21T04:22:22.068] [INFO] ma-core - database URI mongodb://localhost:27017/core
[2022-01-21T04:22:22.891] [INFO] ma-core - server started at port 5000
[2022-01-21T04:22:22.910] [INFO] ma-core - mongodb conected
[2022-01-21T04:22:28.183] [INFO] ma-core - database URI mongodb://localhost:27017/core
[2022-01-21T04:22:28.774] [INFO] ma-core - server started at port 5000
[2022-01-21T04:22:28.796] [INFO] ma-core - mongodb conected
[2022-01-21T04:22:33.074] [INFO] ma-core - database URI mongodb://localhost:27017/core
[2022-01-21T04:22:33.665] [INFO] ma-core - server started at port 5000
[2022-01-21T04:22:33.684] [INFO] ma-core - mongodb conected
[2022-01-21T04:23:20.055] [INFO] ma-core - database URI mongodb://localhost:27017/core
[2022-01-21T04:23:20.651] [INFO] ma-core - server started at port 5000
[2022-01-21T04:23:20.678] [INFO] ma-core - mongodb conected
[2022-01-21T04:23:28.841] [INFO] ma-core - database URI mongodb://localhost:27017/core
[2022-01-21T04:23:29.435] [INFO] ma-core - server started at port 5000
[2022-01-21T04:23:29.465] [INFO] ma-core - mongodb conected
[2022-01-21T04:23:32.990] [INFO] ma-core - database URI mongodb://localhost:27017/core
[2022-01-21T04:23:33.590] [INFO] ma-core - server started at port 5000
[2022-01-21T04:23:33.611] [INFO] ma-core - mongodb conected
[2022-01-21T04:23:37.044] [INFO] ma-core - database URI mongodb://localhost:27017/core
[2022-01-21T04:23:37.647] [INFO] ma-core - server started at port 5000
[2022-01-21T04:23:37.666] [INFO] ma-core - mongodb conected
[2022-01-21T04:23:40.834] [INFO] ma-core - database URI mongodb://localhost:27017/core
[2022-01-21T04:23:41.450] [INFO] ma-core - server started at port 5000
[2022-01-21T04:23:41.469] [INFO] ma-core - mongodb conected
[2022-01-21T04:23:42.062] [INFO] ma-core - database URI mongodb://localhost:27017/core
[2022-01-21T04:23:42.645] [INFO] ma-core - server started at port 5000
[2022-01-21T04:23:42.664] [INFO] ma-core - mongodb conected
[2022-01-21T04:23:46.305] [INFO] ma-core - database URI mongodb://localhost:27017/core
[2022-01-21T04:23:46.918] [INFO] ma-core - server started at port 5000
[2022-01-21T04:23:46.940] [INFO] ma-core - mongodb conected
[2022-01-21T04:23:59.966] [INFO] ma-core - database URI mongodb://localhost:27017/core
[2022-01-21T04:24:00.650] [INFO] ma-core - server started at port 5000
[2022-01-21T04:24:00.706] [INFO] ma-core - mongodb conected
[2022-01-21T04:24:02.836] [INFO] ma-core - database URI mongodb://localhost:27017/core
[2022-01-21T04:24:03.443] [INFO] ma-core - server started at port 5000
[2022-01-21T04:24:03.462] [INFO] ma-core - mongodb conected
[2022-01-21T04:24:16.884] [INFO] ma-core - database URI mongodb://localhost:27017/core
[2022-01-21T04:24:17.662] [INFO] ma-core - server started at port 5000
[2022-01-21T04:24:17.689] [INFO] ma-core - mongodb conected
[2022-01-21T04:24:32.501] [INFO] ma-core - database URI mongodb://localhost:27017/core
[2022-01-21T04:24:33.243] [INFO] ma-core - server started at port 5000
[2022-01-21T04:24:33.268] [INFO] ma-core - mongodb conected
[2022-01-21T04:24:52.436] [INFO] ma-core - database URI mongodb://localhost:27017/core
[2022-01-21T04:24:53.129] [INFO] ma-core - server started at port 5000
[2022-01-21T04:24:53.162] [INFO] ma-core - mongodb conected
[2022-01-21T04:24:54.987] [INFO] ma-core - database URI mongodb://localhost:27017/core
[2022-01-21T04:24:55.571] [INFO] ma-core - server started at port 5000
[2022-01-21T04:24:55.592] [INFO] ma-core - mongodb conected
[2022-01-21T04:24:57.398] [INFO] ma-core - database URI mongodb://localhost:27017/core
[2022-01-21T04:24:58.403] [INFO] ma-core - server started at port 5000
[2022-01-21T04:24:58.443] [INFO] ma-core - mongodb conected
[2022-01-21T04:25:00.717] [INFO] ma-core - database URI mongodb://localhost:27017/core
[2022-01-21T04:25:01.362] [INFO] ma-core - server started at port 5000
[2022-01-21T04:25:01.382] [INFO] ma-core - mongodb conected
[2022-01-21T04:25:07.153] [INFO] ma-core - database URI mongodb://localhost:27017/core
[2022-01-21T04:25:07.742] [INFO] ma-core - server started at port 5000
[2022-01-21T04:25:07.767] [INFO] ma-core - mongodb conected
[2022-01-21T04:25:10.132] [INFO] ma-core - database URI mongodb://localhost:27017/core
[2022-01-21T04:25:10.721] [INFO] ma-core - server started at port 5000
[2022-01-21T04:25:10.751] [INFO] ma-core - mongodb conected
[2022-01-21T04:25:13.418] [INFO] ma-core - database URI mongodb://localhost:27017/core
[2022-01-21T04:25:14.026] [INFO] ma-core - server started at port 5000
[2022-01-21T04:25:14.049] [INFO] ma-core - mongodb conected
[2022-01-21T04:25:24.316] [INFO] ma-core - database URI mongodb://localhost:27017/core
[2022-01-21T04:25:24.942] [INFO] ma-core - server started at port 5000
[2022-01-21T04:25:24.968] [INFO] ma-core - mongodb conected
[2022-01-21T04:25:26.303] [INFO] ma-core - database URI mongodb://localhost:27017/core
[2022-01-21T04:25:26.894] [INFO] ma-core - server started at port 5000
[2022-01-21T04:25:26.918] [INFO] ma-core - mongodb conected
[2022-01-21T04:25:27.577] [INFO] ma-core - database URI mongodb://localhost:27017/core
[2022-01-21T04:25:28.173] [INFO] ma-core - server started at port 5000
[2022-01-21T04:25:28.197] [INFO] ma-core - mongodb conected
[2022-01-21T04:25:34.980] [INFO] ma-core - database URI mongodb://localhost:27017/core
[2022-01-21T04:25:35.567] [INFO] ma-core - server started at port 5000
[2022-01-21T04:25:35.587] [INFO] ma-core - mongodb conected
[2022-01-21T04:25:37.864] [INFO] ma-core - database URI mongodb://localhost:27017/core
[2022-01-21T04:25:38.507] [INFO] ma-core - server started at port 5000
[2022-01-21T04:25:38.526] [INFO] ma-core - mongodb conected
[2022-01-21T04:25:40.991] [INFO] ma-core - database URI mongodb://localhost:27017/core
[2022-01-21T04:25:41.607] [INFO] ma-core - server started at port 5000
[2022-01-21T04:25:41.657] [INFO] ma-core - mongodb conected
[2022-01-21T04:25:45.594] [INFO] ma-core - database URI mongodb://localhost:27017/core
[2022-01-21T04:25:46.419] [INFO] ma-core - server started at port 5000
[2022-01-21T04:25:46.438] [INFO] ma-core - mongodb conected
[2022-01-21T04:25:47.331] [INFO] ma-core - database URI mongodb://localhost:27017/core
[2022-01-21T04:25:47.989] [INFO] ma-core - server started at port 5000
[2022-01-21T04:25:48.021] [INFO] ma-core - mongodb conected
[2022-01-21T04:25:48.629] [INFO] ma-core - database URI mongodb://localhost:27017/core
[2022-01-21T04:25:49.223] [INFO] ma-core - server started at port 5000
[2022-01-21T04:25:49.246] [INFO] ma-core - mongodb conected
[2022-01-21T04:25:50.988] [INFO] ma-core - database URI mongodb://localhost:27017/core
[2022-01-21T04:25:51.646] [INFO] ma-core - server started at port 5000
[2022-01-21T04:25:51.670] [INFO] ma-core - mongodb conected
[2022-01-21T04:25:52.377] [INFO] ma-core - database URI mongodb://localhost:27017/core
[2022-01-21T04:25:53.113] [INFO] ma-core - server started at port 5000
[2022-01-21T04:25:53.139] [INFO] ma-core - mongodb conected
[2022-01-21T04:25:53.733] [INFO] ma-core - database URI mongodb://localhost:27017/core
[2022-01-21T04:25:54.321] [INFO] ma-core - server started at port 5000
[2022-01-21T04:25:54.341] [INFO] ma-core - mongodb conected
[2022-01-21T04:25:57.264] [INFO] ma-core - database URI mongodb://localhost:27017/core
[2022-01-21T04:25:57.867] [INFO] ma-core - server started at port 5000
[2022-01-21T04:25:57.886] [INFO] ma-core - mongodb conected
[2022-01-21T04:26:07.290] [INFO] ma-core - database URI mongodb://localhost:27017/core
[2022-01-21T04:26:08.044] [INFO] ma-core - server started at port 5000
[2022-01-21T04:26:08.081] [INFO] ma-core - mongodb conected
[2022-01-21T04:26:17.478] [INFO] ma-core - get all posts success /api/newsfeed/getAllPosts GET ::1
[2022-01-21T04:32:05.352] [INFO] ma-core - database URI mongodb://localhost:27017/core
[2022-01-21T04:32:05.967] [INFO] ma-core - server started at port 5000
[2022-01-21T04:32:06.001] [INFO] ma-core - mongodb conected
[2022-01-21T04:32:16.092] [INFO] ma-core - get all posts success /api/newsfeed/getAllPosts GET ::1
[2022-01-21T04:33:33.815] [INFO] ma-core - database URI mongodb://localhost:27017/core
[2022-01-21T04:33:34.503] [INFO] ma-core - server started at port 5000
[2022-01-21T04:33:34.535] [INFO] ma-core - mongodb conected
[2022-01-21T04:33:37.499] [INFO] ma-core - get all posts success /api/newsfeed/getAllPosts GET ::1
[2022-01-21T04:35:02.885] [INFO] ma-core - database URI mongodb://localhost:27017/core
[2022-01-21T04:35:03.498] [INFO] ma-core - server started at port 5000
[2022-01-21T04:35:03.536] [INFO] ma-core - mongodb conected
[2022-01-21T04:35:05.517] [INFO] ma-core - database URI mongodb://localhost:27017/core
[2022-01-21T04:35:06.124] [INFO] ma-core - server started at port 5000
[2022-01-21T04:35:06.150] [INFO] ma-core - mongodb conected
[2022-01-21T04:35:14.447] [INFO] ma-core - database URI mongodb://localhost:27017/core
[2022-01-21T04:35:15.086] [INFO] ma-core - server started at port 5000
[2022-01-21T04:35:15.117] [INFO] ma-core - mongodb conected
[2022-01-21T04:35:18.987] [INFO] ma-core - database URI mongodb://localhost:27017/core
[2022-01-21T04:35:19.589] [INFO] ma-core - server started at port 5000
[2022-01-21T04:35:19.609] [INFO] ma-core - mongodb conected
[2022-01-21T04:35:21.177] [INFO] ma-core - database URI mongodb://localhost:27017/core
[2022-01-21T04:35:21.802] [INFO] ma-core - server started at port 5000
[2022-01-21T04:35:21.821] [INFO] ma-core - mongodb conected
[2022-01-21T04:35:25.100] [INFO] ma-core - database URI mongodb://localhost:27017/core
[2022-01-21T04:35:25.788] [INFO] ma-core - server started at port 5000
[2022-01-21T04:35:25.817] [INFO] ma-core - mongodb conected
[2022-01-21T04:35:34.734] [INFO] ma-core - database URI mongodb://localhost:27017/core
[2022-01-21T04:35:35.329] [INFO] ma-core - server started at port 5000
[2022-01-21T04:35:35.353] [INFO] ma-core - mongodb conected
[2022-01-21T04:35:43.123] [INFO] ma-core - database URI mongodb://localhost:27017/core
[2022-01-21T04:35:43.820] [INFO] ma-core - server started at port 5000
[2022-01-21T04:35:43.843] [INFO] ma-core - mongodb conected
[2022-01-21T04:35:50.497] [INFO] ma-core - database URI mongodb://localhost:27017/core
[2022-01-21T04:35:51.349] [INFO] ma-core - server started at port 5000
[2022-01-21T04:35:51.375] [INFO] ma-core - mongodb conected
[2022-01-21T04:35:53.401] [INFO] ma-core - database URI mongodb://localhost:27017/core
[2022-01-21T04:35:53.999] [INFO] ma-core - server started at port 5000
[2022-01-21T04:35:54.024] [INFO] ma-core - mongodb conected
[2022-01-21T04:36:00.399] [INFO] ma-core - get all posts success /api/newsfeed/getAllPosts GET ::1
[2022-01-21T04:37:20.948] [INFO] ma-core - database URI mongodb://localhost:27017/core
[2022-01-21T04:37:21.602] [INFO] ma-core - server started at port 5000
[2022-01-21T04:37:21.637] [INFO] ma-core - mongodb conected
[2022-01-21T04:37:22.973] [INFO] ma-core - database URI mongodb://localhost:27017/core
[2022-01-21T04:37:23.569] [INFO] ma-core - server started at port 5000
[2022-01-21T04:37:23.588] [INFO] ma-core - mongodb conected
[2022-01-21T04:37:35.251] [INFO] ma-core - database URI mongodb://localhost:27017/core
[2022-01-21T04:37:35.844] [INFO] ma-core - server started at port 5000
[2022-01-21T04:37:35.885] [INFO] ma-core - mongodb conected
[2022-01-21T04:37:40.794] [INFO] ma-core - get all posts success /api/newsfeed/getAllPosts GET ::1
[2022-01-21T04:38:28.819] [INFO] ma-core - database URI mongodb://localhost:27017/core
[2022-01-21T04:38:29.504] [INFO] ma-core - server started at port 5000
[2022-01-21T04:38:29.577] [INFO] ma-core - mongodb conected
[2022-01-21T04:38:35.510] [INFO] ma-core - database URI mongodb://localhost:27017/core
[2022-01-21T04:38:36.212] [INFO] ma-core - server started at port 5000
[2022-01-21T04:38:36.236] [INFO] ma-core - mongodb conected
[2022-01-21T04:39:29.128] [INFO] ma-core - database URI mongodb://localhost:27017/core
[2022-01-21T04:39:29.735] [INFO] ma-core - server started at port 5000
[2022-01-21T04:39:29.756] [INFO] ma-core - mongodb conected
[2022-01-21T04:39:32.989] [INFO] ma-core - database URI mongodb://localhost:27017/core
[2022-01-21T04:39:33.695] [INFO] ma-core - server started at port 5000
[2022-01-21T04:39:33.722] [INFO] ma-core - mongodb conected
[2022-01-21T04:39:44.983] [INFO] ma-core - get all posts success /api/newsfeed/getAllPosts GET ::1
[2022-01-21T04:41:02.061] [INFO] ma-core - database URI mongodb://localhost:27017/core
[2022-01-21T04:41:02.662] [INFO] ma-core - server started at port 5000
[2022-01-21T04:41:02.683] [INFO] ma-core - mongodb conected
[2022-01-21T04:41:46.697] [INFO] ma-core - database URI mongodb://localhost:27017/core
[2022-01-21T04:41:47.307] [INFO] ma-core - server started at port 5000
[2022-01-21T04:41:47.335] [INFO] ma-core - mongodb conected
[2022-01-21T04:42:14.399] [INFO] ma-core - database URI mongodb://localhost:27017/core
[2022-01-21T04:42:15.090] [INFO] ma-core - server started at port 5000
[2022-01-21T04:42:15.119] [INFO] ma-core - mongodb conected
[2022-01-21T04:42:52.272] [INFO] ma-core - database URI mongodb://localhost:27017/core
[2022-01-21T04:42:52.863] [INFO] ma-core - server started at port 5000
[2022-01-21T04:42:52.893] [INFO] ma-core - mongodb conected
[2022-01-21T04:48:03.442] [INFO] ma-core - database URI mongodb://localhost:27017/core
[2022-01-21T04:48:04.024] [INFO] ma-core - server started at port 5000
[2022-01-21T04:48:04.044] [INFO] ma-core - mongodb conected
[2022-01-21T04:48:56.667] [INFO] ma-core - get all posts success /api/newsfeed/getAllPosts GET ::1
[2022-01-21T04:49:40.193] [INFO] ma-core - database URI mongodb://localhost:27017/core
[2022-01-21T04:49:40.807] [INFO] ma-core - server started at port 5000
[2022-01-21T04:49:40.826] [INFO] ma-core - mongodb conected
[2022-01-21T04:49:41.709] [INFO] ma-core - database URI mongodb://localhost:27017/core
[2022-01-21T04:49:42.413] [INFO] ma-core - server started at port 5000
[2022-01-21T04:49:42.444] [INFO] ma-core - mongodb conected
[2022-01-21T04:49:46.980] [INFO] ma-core - get all posts success /api/newsfeed/getAllPosts GET ::1
[2022-01-21T04:50:06.063] [INFO] ma-core - get all posts success /api/newsfeed/getAllPosts GET ::1
[2022-01-21T04:51:08.424] [INFO] ma-core - database URI mongodb://localhost:27017/core
[2022-01-21T04:51:09.565] [INFO] ma-core - server started at port 5000
[2022-01-21T04:51:09.621] [INFO] ma-core - mongodb conected
[2022-01-21T04:51:11.371] [INFO] ma-core - database URI mongodb://localhost:27017/core
[2022-01-21T04:51:12.309] [INFO] ma-core - server started at port 5000
[2022-01-21T04:51:12.329] [INFO] ma-core - mongodb conected
[2022-01-21T04:51:16.264] [INFO] ma-core - database URI mongodb://localhost:27017/core
[2022-01-21T04:51:16.912] [INFO] ma-core - server started at port 5000
[2022-01-21T04:51:16.932] [INFO] ma-core - mongodb conected
[2022-01-21T04:51:22.006] [INFO] ma-core - database URI mongodb://localhost:27017/core
[2022-01-21T04:51:22.637] [INFO] ma-core - server started at port 5000
[2022-01-21T04:51:22.658] [INFO] ma-core - mongodb conected
[2022-01-21T04:51:27.959] [INFO] ma-core - database URI mongodb://localhost:27017/core
[2022-01-21T04:51:28.680] [INFO] ma-core - server started at port 5000
[2022-01-21T04:51:28.703] [INFO] ma-core - mongodb conected
[2022-01-21T04:51:37.117] [INFO] ma-core - database URI mongodb://localhost:27017/core
[2022-01-21T04:51:37.712] [INFO] ma-core - server started at port 5000
[2022-01-21T04:51:37.731] [INFO] ma-core - mongodb conected
[2022-01-21T04:51:41.305] [INFO] ma-core - database URI mongodb://localhost:27017/core
[2022-01-21T04:51:41.913] [INFO] ma-core - server started at port 5000
[2022-01-21T04:51:41.932] [INFO] ma-core - mongodb conected
[2022-01-21T04:51:44.733] [INFO] ma-core - database URI mongodb://localhost:27017/core
[2022-01-21T04:51:45.427] [INFO] ma-core - server started at port 5000
[2022-01-21T04:51:45.454] [INFO] ma-core - mongodb conected
[2022-01-21T04:51:47.619] [INFO] ma-core - database URI mongodb://localhost:27017/core
[2022-01-21T04:51:48.209] [INFO] ma-core - server started at port 5000
[2022-01-21T04:51:48.229] [INFO] ma-core - mongodb conected
[2022-01-21T04:51:59.077] [INFO] ma-core - database URI mongodb://localhost:27017/core
[2022-01-21T04:52:00.083] [INFO] ma-core - server started at port 5000
[2022-01-21T04:52:00.108] [INFO] ma-core - mongodb conected
[2022-01-21T04:52:06.270] [INFO] ma-core - get all posts success /api/newsfeed/getAllPosts GET ::1
[2022-01-21T04:58:44.823] [INFO] ma-core - database URI mongodb://localhost:27017/core
[2022-01-21T04:58:45.467] [INFO] ma-core - server started at port 5000
[2022-01-21T04:58:45.504] [INFO] ma-core - mongodb conected
[2022-01-21T04:59:00.714] [INFO] ma-core - get all posts success /api/newsfeed/getAllPosts GET ::1
[2022-01-21T05:01:13.112] [INFO] ma-core - database URI mongodb://localhost:27017/core
[2022-01-21T05:01:13.703] [INFO] ma-core - server started at port 5000
[2022-01-21T05:01:13.727] [INFO] ma-core - mongodb conected
[2022-01-21T05:01:16.433] [INFO] ma-core - database URI mongodb://localhost:27017/core
[2022-01-21T05:01:17.025] [INFO] ma-core - server started at port 5000
[2022-01-21T05:01:17.044] [INFO] ma-core - mongodb conected
[2022-01-21T05:01:34.803] [INFO] ma-core - get all posts success /api/newsfeed/getAllPosts GET ::1
[2022-01-21T05:01:53.232] [INFO] ma-core - database URI mongodb://localhost:27017/core
[2022-01-21T05:01:54.481] [INFO] ma-core - server started at port 5000
[2022-01-21T05:01:54.507] [INFO] ma-core - mongodb conected
[2022-01-21T05:01:55.344] [INFO] ma-core - get all posts success /api/newsfeed/getAllPosts GET ::1
[2022-01-21T05:03:18.123] [INFO] ma-core - database URI mongodb://localhost:27017/core
[2022-01-21T05:03:18.752] [INFO] ma-core - server started at port 5000
[2022-01-21T05:03:18.788] [INFO] ma-core - mongodb conected
[2022-01-21T05:03:52.245] [INFO] ma-core - get all posts success /api/newsfeed/getAllPosts GET ::1
[2022-01-21T05:05:56.011] [INFO] ma-core - database URI mongodb://localhost:27017/core
[2022-01-21T05:05:56.978] [INFO] ma-core - server started at port 5000
[2022-01-21T05:05:57.026] [INFO] ma-core - mongodb conected
[2022-01-21T05:06:49.164] [INFO] ma-core - database URI mongodb://localhost:27017/core
[2022-01-21T05:06:49.878] [INFO] ma-core - server started at port 5000
[2022-01-21T05:06:49.907] [INFO] ma-core - mongodb conected
[2022-01-21T05:06:53.803] [INFO] ma-core - database URI mongodb://localhost:27017/core
[2022-01-21T05:06:54.387] [INFO] ma-core - server started at port 5000
[2022-01-21T05:06:54.411] [INFO] ma-core - mongodb conected
[2022-01-21T05:07:01.125] [INFO] ma-core - get all posts success /api/newsfeed/getAllPosts GET ::1
[2022-01-21T05:08:32.294] [INFO] ma-core - database URI mongodb://localhost:27017/core
[2022-01-21T05:08:32.985] [INFO] ma-core - server started at port 5000
[2022-01-21T05:08:33.004] [INFO] ma-core - mongodb conected
[2022-01-21T05:08:52.320] [INFO] ma-core - database URI mongodb://localhost:27017/core
[2022-01-21T05:08:52.987] [INFO] ma-core - server started at port 5000
[2022-01-21T05:08:53.025] [INFO] ma-core - mongodb conected
[2022-01-21T05:08:58.516] [INFO] ma-core - get all posts success /api/newsfeed/getAllPosts GET ::1
[2022-01-21T05:11:41.662] [INFO] ma-core - database URI mongodb://localhost:27017/core
[2022-01-21T05:11:42.303] [INFO] ma-core - server started at port 5000
[2022-01-21T05:11:42.327] [INFO] ma-core - mongodb conected
[2022-01-21T05:11:49.419] [INFO] ma-core - database URI mongodb://localhost:27017/core
[2022-01-21T05:11:50.053] [INFO] ma-core - server started at port 5000
[2022-01-21T05:11:50.075] [INFO] ma-core - mongodb conected
[2022-01-21T05:12:22.749] [INFO] ma-core - database URI mongodb://localhost:27017/core
[2022-01-21T05:12:23.357] [INFO] ma-core - server started at port 5000
[2022-01-21T05:12:23.382] [INFO] ma-core - mongodb conected
[2022-01-21T05:13:04.225] [INFO] ma-core - database URI mongodb://localhost:27017/core
[2022-01-21T05:13:04.835] [INFO] ma-core - server started at port 5000
[2022-01-21T05:13:04.858] [INFO] ma-core - mongodb conected
[2022-01-21T05:13:20.651] [INFO] ma-core - database URI mongodb://localhost:27017/core
[2022-01-21T05:13:21.493] [INFO] ma-core - server started at port 5000
[2022-01-21T05:13:21.516] [INFO] ma-core - mongodb conected
[2022-01-21T05:13:31.698] [INFO] ma-core - database URI mongodb://localhost:27017/core
[2022-01-21T05:13:32.459] [INFO] ma-core - server started at port 5000
[2022-01-21T05:13:32.486] [INFO] ma-core - mongodb conected
[2022-01-21T05:13:33.253] [INFO] ma-core - database URI mongodb://localhost:27017/core
[2022-01-21T05:13:33.902] [INFO] ma-core - server started at port 5000
[2022-01-21T05:13:33.922] [INFO] ma-core - mongodb conected
[2022-01-21T05:13:37.352] [INFO] ma-core - database URI mongodb://localhost:27017/core
[2022-01-21T05:13:38.074] [INFO] ma-core - server started at port 5000
[2022-01-21T05:13:38.095] [INFO] ma-core - mongodb conected
[2022-01-21T05:13:38.637] [INFO] ma-core - database URI mongodb://localhost:27017/core
[2022-01-21T05:13:39.265] [INFO] ma-core - server started at port 5000
[2022-01-21T05:13:39.285] [INFO] ma-core - mongodb conected
[2022-01-21T05:13:43.852] [INFO] ma-core - database URI mongodb://localhost:27017/core
[2022-01-21T05:13:44.475] [INFO] ma-core - server started at port 5000
[2022-01-21T05:13:44.495] [INFO] ma-core - mongodb conected
[2022-01-21T05:13:48.300] [INFO] ma-core - database URI mongodb://localhost:27017/core
[2022-01-21T05:13:48.884] [INFO] ma-core - server started at port 5000
[2022-01-21T05:13:48.907] [INFO] ma-core - mongodb conected
[2022-01-21T05:13:52.426] [INFO] ma-core - database URI mongodb://localhost:27017/core
[2022-01-21T05:13:53.040] [INFO] ma-core - server started at port 5000
[2022-01-21T05:13:53.083] [INFO] ma-core - mongodb conected
[2022-01-21T05:14:29.356] [INFO] ma-core - database URI mongodb://localhost:27017/core
[2022-01-21T05:14:29.979] [INFO] ma-core - server started at port 5000
[2022-01-21T05:14:30.011] [INFO] ma-core - mongodb conected
[2022-01-21T05:14:33.273] [INFO] ma-core - database URI mongodb://localhost:27017/core
[2022-01-21T05:14:33.903] [INFO] ma-core - server started at port 5000
[2022-01-21T05:14:33.931] [INFO] ma-core - mongodb conected
[2022-01-21T05:14:56.909] [INFO] ma-core - database URI mongodb://localhost:27017/core
[2022-01-21T05:14:57.539] [INFO] ma-core - server started at port 5000
[2022-01-21T05:14:57.585] [INFO] ma-core - mongodb conected
[2022-01-21T05:15:02.318] [INFO] ma-core - database URI mongodb://localhost:27017/core
[2022-01-21T05:15:03.068] [INFO] ma-core - server started at port 5000
[2022-01-21T05:15:03.090] [INFO] ma-core - mongodb conected
[2022-01-21T05:15:48.466] [INFO] ma-core - get all posts success /api/newsfeed/getAllPosts GET ::1
[2022-01-21T05:16:21.168] [INFO] ma-core - database URI mongodb://localhost:27017/core
[2022-01-21T05:16:21.772] [INFO] ma-core - server started at port 5000
[2022-01-21T05:16:21.793] [INFO] ma-core - mongodb conected
[2022-01-21T05:16:34.372] [INFO] ma-core - get all posts success /api/newsfeed/getAllPosts GET ::1
[2022-01-21T05:17:22.678] [INFO] ma-core - database URI mongodb://localhost:27017/core
[2022-01-21T05:17:23.451] [INFO] ma-core - server started at port 5000
[2022-01-21T05:17:23.474] [INFO] ma-core - mongodb conected
[2022-01-21T05:17:26.021] [INFO] ma-core - database URI mongodb://localhost:27017/core
[2022-01-21T05:17:27.062] [INFO] ma-core - server started at port 5000
[2022-01-21T05:17:27.082] [INFO] ma-core - mongodb conected
[2022-01-21T05:17:27.740] [INFO] ma-core - get all posts success /api/newsfeed/getAllPosts GET ::1
[2022-01-21T05:18:11.372] [INFO] ma-core - database URI mongodb://localhost:27017/core
[2022-01-21T05:18:11.963] [INFO] ma-core - server started at port 5000
[2022-01-21T05:18:11.982] [INFO] ma-core - mongodb conected
[2022-01-21T05:18:16.366] [INFO] ma-core - get all posts success /api/newsfeed/getAllPosts GET ::1
[2022-01-21T05:20:39.737] [INFO] ma-core - database URI mongodb://localhost:27017/core
[2022-01-21T05:20:40.538] [INFO] ma-core - server started at port 5000
[2022-01-21T05:20:40.574] [INFO] ma-core - mongodb conected
[2022-01-21T05:20:46.475] [INFO] ma-core - get all posts success /api/newsfeed/getAllPosts GET ::1
[2022-01-21T05:22:57.327] [INFO] ma-core - database URI mongodb://localhost:27017/core
[2022-01-21T05:22:57.960] [INFO] ma-core - server started at port 5000
[2022-01-21T05:22:57.986] [INFO] ma-core - mongodb conected
[2022-01-21T05:23:01.832] [INFO] ma-core - database URI mongodb://localhost:27017/core
[2022-01-21T05:23:02.447] [INFO] ma-core - server started at port 5000
[2022-01-21T05:23:02.467] [INFO] ma-core - mongodb conected
[2022-01-21T05:23:40.045] [INFO] ma-core - database URI mongodb://localhost:27017/core
[2022-01-21T05:23:40.791] [INFO] ma-core - server started at port 5000
[2022-01-21T05:23:40.819] [INFO] ma-core - mongodb conected
[2022-01-21T05:24:09.983] [INFO] ma-core - database URI mongodb://localhost:27017/core
[2022-01-21T05:24:10.677] [INFO] ma-core - server started at port 5000
[2022-01-21T05:24:10.717] [INFO] ma-core - mongodb conected
[2022-01-21T05:24:11.954] [INFO] ma-core - database URI mongodb://localhost:27017/core
[2022-01-21T05:24:12.558] [INFO] ma-core - server started at port 5000
[2022-01-21T05:24:12.578] [INFO] ma-core - mongodb conected
[2022-01-21T05:24:36.316] [INFO] ma-core - database URI mongodb://localhost:27017/core
[2022-01-21T05:24:36.934] [INFO] ma-core - server started at port 5000
[2022-01-21T05:24:36.967] [INFO] ma-core - mongodb conected
[2022-01-21T05:24:41.387] [INFO] ma-core - database URI mongodb://localhost:27017/core
[2022-01-21T05:24:42.107] [INFO] ma-core - server started at port 5000
[2022-01-21T05:24:42.134] [INFO] ma-core - mongodb conected
[2022-01-21T05:24:53.361] [INFO] ma-core - database URI mongodb://localhost:27017/core
[2022-01-21T05:24:54.081] [INFO] ma-core - server started at port 5000
[2022-01-21T05:24:54.150] [INFO] ma-core - mongodb conected
[2022-01-21T05:24:55.413] [INFO] ma-core - database URI mongodb://localhost:27017/core
[2022-01-21T05:24:56.115] [INFO] ma-core - server started at port 5000
[2022-01-21T05:24:56.138] [INFO] ma-core - mongodb conected
[2022-01-21T05:24:58.271] [INFO] ma-core - database URI mongodb://localhost:27017/core
[2022-01-21T05:24:59.175] [INFO] ma-core - server started at port 5000
[2022-01-21T05:24:59.195] [INFO] ma-core - mongodb conected
[2022-01-21T05:25:02.031] [INFO] ma-core - database URI mongodb://localhost:27017/core
[2022-01-21T05:25:02.633] [INFO] ma-core - server started at port 5000
[2022-01-21T05:25:02.652] [INFO] ma-core - mongodb conected
[2022-01-21T05:25:04.419] [INFO] ma-core - database URI mongodb://localhost:27017/core
[2022-01-21T05:25:05.199] [INFO] ma-core - server started at port 5000
[2022-01-21T05:25:05.226] [INFO] ma-core - mongodb conected
[2022-01-21T05:25:08.527] [INFO] ma-core - database URI mongodb://localhost:27017/core
[2022-01-21T05:25:09.220] [INFO] ma-core - server started at port 5000
[2022-01-21T05:25:09.244] [INFO] ma-core - mongodb conected
[2022-01-21T05:25:43.955] [INFO] ma-core - database URI mongodb://localhost:27017/core
[2022-01-21T05:25:44.783] [INFO] ma-core - server started at port 5000
[2022-01-21T05:25:44.809] [INFO] ma-core - mongodb conected
[2022-01-21T05:25:54.106] [INFO] ma-core - get all posts success /api/newsfeed/getAllPosts GET ::1
[2022-01-21T05:26:40.358] [INFO] ma-core - database URI mongodb://localhost:27017/core
[2022-01-21T05:26:40.997] [INFO] ma-core - server started at port 5000
[2022-01-21T05:26:41.031] [INFO] ma-core - mongodb conected
[2022-01-21T05:34:38.410] [INFO] ma-core - database URI mongodb://localhost:27017/core
[2022-01-21T05:34:38.974] [INFO] ma-core - server started at port 5000
[2022-01-21T05:34:38.993] [INFO] ma-core - mongodb conected
[2022-01-21T05:34:43.041] [INFO] ma-core - get all posts success /api/newsfeed/getAllPosts GET ::1
[2022-01-21T05:35:12.387] [INFO] ma-core - database URI mongodb://localhost:27017/core
[2022-01-21T05:35:12.993] [INFO] ma-core - server started at port 5000
[2022-01-21T05:35:13.021] [INFO] ma-core - mongodb conected
[2022-01-21T05:35:18.863] [INFO] ma-core - database URI mongodb://localhost:27017/core
[2022-01-21T05:35:19.492] [INFO] ma-core - server started at port 5000
[2022-01-21T05:35:19.511] [INFO] ma-core - mongodb conected
[2022-01-21T05:35:20.464] [INFO] ma-core - database URI mongodb://localhost:27017/core
[2022-01-21T05:35:21.065] [INFO] ma-core - server started at port 5000
[2022-01-21T05:35:21.084] [INFO] ma-core - mongodb conected
[2022-01-21T05:35:26.233] [INFO] ma-core - database URI mongodb://localhost:27017/core
[2022-01-21T05:35:26.862] [INFO] ma-core - server started at port 5000
[2022-01-21T05:35:26.890] [INFO] ma-core - mongodb conected
[2022-01-21T05:35:35.807] [INFO] ma-core - get all posts success /api/newsfeed/getAllPosts GET ::1
[2022-01-21T05:37:16.370] [INFO] ma-core - database URI mongodb://localhost:27017/core
[2022-01-21T05:37:16.966] [INFO] ma-core - server started at port 5000
[2022-01-21T05:37:16.993] [INFO] ma-core - mongodb conected
[2022-01-21T05:37:21.354] [INFO] ma-core - database URI mongodb://localhost:27017/core
[2022-01-21T05:37:22.140] [INFO] ma-core - server started at port 5000
[2022-01-21T05:37:22.176] [INFO] ma-core - mongodb conected
[2022-01-21T05:37:22.918] [INFO] ma-core - database URI mongodb://localhost:27017/core
[2022-01-21T05:37:23.685] [INFO] ma-core - server started at port 5000
[2022-01-21T05:37:23.705] [INFO] ma-core - mongodb conected
[2022-01-21T05:37:31.254] [INFO] ma-core - database URI mongodb://localhost:27017/core
[2022-01-21T05:37:31.863] [INFO] ma-core - server started at port 5000
[2022-01-21T05:37:31.886] [INFO] ma-core - mongodb conected
[2022-01-21T05:37:38.806] [INFO] ma-core - database URI mongodb://localhost:27017/core
[2022-01-21T05:37:39.654] [INFO] ma-core - server started at port 5000
[2022-01-21T05:37:39.679] [INFO] ma-core - mongodb conected
[2022-01-21T05:38:06.806] [INFO] ma-core - database URI mongodb://localhost:27017/core
[2022-01-21T05:38:07.414] [INFO] ma-core - server started at port 5000
[2022-01-21T05:38:07.445] [INFO] ma-core - mongodb conected
[2022-01-21T05:38:15.343] [INFO] ma-core - database URI mongodb://localhost:27017/core
[2022-01-21T05:38:15.943] [INFO] ma-core - server started at port 5000
[2022-01-21T05:38:15.964] [INFO] ma-core - mongodb conected
[2022-01-21T05:38:22.827] [INFO] ma-core - get all posts success /api/newsfeed/getAllPosts GET ::1
[2022-01-21T05:39:11.991] [INFO] ma-core - like posts success /api/newsfeed/like/:id PUT ::1
[2022-01-21T05:39:16.450] [INFO] ma-core - get all posts success /api/newsfeed/getAllPosts GET ::1
[2022-01-21T05:39:54.159] [INFO] ma-core - database URI mongodb://localhost:27017/core
[2022-01-21T05:39:54.816] [INFO] ma-core - server started at port 5000
[2022-01-21T05:39:54.847] [INFO] ma-core - mongodb conected
[2022-01-21T05:39:59.497] [INFO] ma-core - database URI mongodb://localhost:27017/core
[2022-01-21T05:40:00.184] [INFO] ma-core - server started at port 5000
[2022-01-21T05:40:00.214] [INFO] ma-core - mongodb conected
[2022-01-21T05:40:05.539] [INFO] ma-core - database URI mongodb://localhost:27017/core
[2022-01-21T05:40:06.234] [INFO] ma-core - server started at port 5000
[2022-01-21T05:40:06.267] [INFO] ma-core - mongodb conected
[2022-01-21T05:40:11.180] [INFO] ma-core - database URI mongodb://localhost:27017/core
[2022-01-21T05:40:11.779] [INFO] ma-core - server started at port 5000
[2022-01-21T05:40:11.803] [INFO] ma-core - mongodb conected
[2022-01-21T05:40:19.091] [INFO] ma-core - database URI mongodb://localhost:27017/core
[2022-01-21T05:40:19.824] [INFO] ma-core - server started at port 5000
[2022-01-21T05:40:19.844] [INFO] ma-core - mongodb conected
[2022-01-21T05:40:24.347] [INFO] ma-core - database URI mongodb://localhost:27017/core
[2022-01-21T05:40:25.177] [INFO] ma-core - server started at port 5000
[2022-01-21T05:40:25.212] [INFO] ma-core - mongodb conected
[2022-01-21T05:40:54.387] [INFO] ma-core - database URI mongodb://localhost:27017/core
[2022-01-21T05:40:55.138] [INFO] ma-core - server started at port 5000
[2022-01-21T05:40:55.162] [INFO] ma-core - mongodb conected
[2022-01-21T05:41:07.288] [INFO] ma-core - database URI mongodb://localhost:27017/core
[2022-01-21T05:41:07.919] [INFO] ma-core - server started at port 5000
[2022-01-21T05:41:07.946] [INFO] ma-core - mongodb conected
[2022-01-21T05:46:55.345] [INFO] ma-core - database URI mongodb://localhost:27017/core
[2022-01-21T05:46:56.054] [INFO] ma-core - server started at port 5000
[2022-01-21T05:46:56.079] [INFO] ma-core - mongodb conected
[2022-01-21T05:47:51.365] [INFO] ma-core - database URI mongodb://localhost:27017/core
[2022-01-21T05:47:52.060] [INFO] ma-core - server started at port 5000
[2022-01-21T05:47:52.098] [INFO] ma-core - mongodb conected
[2022-01-21T05:48:13.637] [INFO] ma-core - database URI mongodb://localhost:27017/core
[2022-01-21T05:48:14.234] [INFO] ma-core - server started at port 5000
[2022-01-21T05:48:14.257] [INFO] ma-core - mongodb conected
[2022-01-21T05:48:22.714] [INFO] ma-core - database URI mongodb://localhost:27017/core
[2022-01-21T05:48:23.438] [INFO] ma-core - server started at port 5000
[2022-01-21T05:48:23.471] [INFO] ma-core - mongodb conected
[2022-01-21T05:48:32.096] [INFO] ma-core - database URI mongodb://localhost:27017/core
[2022-01-21T05:48:32.675] [INFO] ma-core - server started at port 5000
[2022-01-21T05:48:32.694] [INFO] ma-core - mongodb conected
[2022-01-21T05:50:24.825] [INFO] ma-core - database URI mongodb://localhost:27017/core
[2022-01-21T05:50:25.423] [INFO] ma-core - server started at port 5000
[2022-01-21T05:50:25.443] [INFO] ma-core - mongodb conected
[2022-01-21T05:52:08.428] [INFO] ma-core - database URI mongodb://localhost:27017/core
[2022-01-21T05:52:09.097] [INFO] ma-core - server started at port 5000
[2022-01-21T05:52:09.120] [INFO] ma-core - mongodb conected
[2022-01-21T05:53:26.746] [INFO] ma-core - database URI mongodb://localhost:27017/core
[2022-01-21T05:53:27.345] [INFO] ma-core - server started at port 5000
[2022-01-21T05:53:27.369] [INFO] ma-core - mongodb conected
[2022-01-21T05:53:31.871] [INFO] ma-core - database URI mongodb://localhost:27017/core
[2022-01-21T05:53:32.483] [INFO] ma-core - server started at port 5000
[2022-01-21T05:53:32.502] [INFO] ma-core - mongodb conected
[2022-01-21T05:53:39.466] [INFO] ma-core - database URI mongodb://localhost:27017/core
[2022-01-21T05:53:40.094] [INFO] ma-core - server started at port 5000
[2022-01-21T05:53:40.114] [INFO] ma-core - mongodb conected
[2022-01-21T05:54:02.189] [INFO] ma-core - database URI mongodb://localhost:27017/core
[2022-01-21T05:54:02.949] [INFO] ma-core - server started at port 5000
[2022-01-21T05:54:02.991] [INFO] ma-core - mongodb conected
[2022-01-21T05:54:04.175] [INFO] ma-core - database URI mongodb://localhost:27017/core
[2022-01-21T05:54:04.758] [INFO] ma-core - server started at port 5000
[2022-01-21T05:54:04.778] [INFO] ma-core - mongodb conected
[2022-01-21T05:54:14.347] [INFO] ma-core - database URI mongodb://localhost:27017/core
[2022-01-21T05:54:15.049] [INFO] ma-core - server started at port 5000
[2022-01-21T05:54:15.074] [INFO] ma-core - mongodb conected
[2022-01-21T05:54:32.254] [INFO] ma-core - database URI mongodb://localhost:27017/core
[2022-01-21T05:54:32.943] [INFO] ma-core - server started at port 5000
[2022-01-21T05:54:32.967] [INFO] ma-core - mongodb conected
[2022-01-21T05:54:33.952] [INFO] ma-core - database URI mongodb://localhost:27017/core
[2022-01-21T05:54:34.567] [INFO] ma-core - server started at port 5000
[2022-01-21T05:54:34.596] [INFO] ma-core - mongodb conected
[2022-01-21T05:54:39.401] [INFO] ma-core - database URI mongodb://localhost:27017/core
[2022-01-21T05:54:40.162] [INFO] ma-core - server started at port 5000
[2022-01-21T05:54:40.185] [INFO] ma-core - mongodb conected
[2022-01-21T05:55:24.753] [INFO] ma-core - database URI mongodb://localhost:27017/core
[2022-01-21T05:55:25.366] [INFO] ma-core - server started at port 5000
[2022-01-21T05:55:25.386] [INFO] ma-core - mongodb conected
[2022-01-21T05:55:29.044] [INFO] ma-core - database URI mongodb://localhost:27017/core
[2022-01-21T05:55:29.636] [INFO] ma-core - server started at port 5000
[2022-01-21T05:55:29.655] [INFO] ma-core - mongodb conected
[2022-01-21T05:55:34.921] [INFO] ma-core - database URI mongodb://localhost:27017/core
[2022-01-21T05:55:35.564] [INFO] ma-core - server started at port 5000
[2022-01-21T05:55:35.591] [INFO] ma-core - mongodb conected
[2022-01-21T05:55:37.894] [INFO] ma-core - database URI mongodb://localhost:27017/core
[2022-01-21T05:55:38.608] [INFO] ma-core - server started at port 5000
[2022-01-21T05:55:38.627] [INFO] ma-core - mongodb conected
[2022-01-21T05:55:40.657] [INFO] ma-core - database URI mongodb://localhost:27017/core
[2022-01-21T05:55:41.295] [INFO] ma-core - server started at port 5000
[2022-01-21T05:55:41.315] [INFO] ma-core - mongodb conected
[2022-01-21T05:55:49.916] [INFO] ma-core - database URI mongodb://localhost:27017/core
[2022-01-21T05:55:50.515] [INFO] ma-core - server started at port 5000
[2022-01-21T05:55:50.536] [INFO] ma-core - mongodb conected
[2022-01-21T05:55:52.288] [INFO] ma-core - database URI mongodb://localhost:27017/core
[2022-01-21T05:55:52.925] [INFO] ma-core - server started at port 5000
[2022-01-21T05:55:52.944] [INFO] ma-core - mongodb conected
[2022-01-21T05:55:54.684] [INFO] ma-core - database URI mongodb://localhost:27017/core
[2022-01-21T05:55:55.280] [INFO] ma-core - server started at port 5000
[2022-01-21T05:55:55.299] [INFO] ma-core - mongodb conected
[2022-01-21T05:55:57.300] [INFO] ma-core - database URI mongodb://localhost:27017/core
[2022-01-21T05:55:58.076] [INFO] ma-core - server started at port 5000
[2022-01-21T05:55:58.097] [INFO] ma-core - mongodb conected
[2022-01-21T05:56:00.279] [INFO] ma-core - database URI mongodb://localhost:27017/core
[2022-01-21T05:56:00.893] [INFO] ma-core - server started at port 5000
[2022-01-21T05:56:00.917] [INFO] ma-core - mongodb conected
[2022-01-21T05:56:03.821] [INFO] ma-core - database URI mongodb://localhost:27017/core
[2022-01-21T05:56:04.524] [INFO] ma-core - server started at port 5000
[2022-01-21T05:56:04.548] [INFO] ma-core - mongodb conected
[2022-01-21T05:56:08.566] [INFO] ma-core - database URI mongodb://localhost:27017/core
[2022-01-21T05:56:09.274] [INFO] ma-core - server started at port 5000
[2022-01-21T05:56:09.295] [INFO] ma-core - mongodb conected
[2022-01-21T05:56:11.811] [INFO] ma-core - database URI mongodb://localhost:27017/core
[2022-01-21T05:56:12.399] [INFO] ma-core - server started at port 5000
[2022-01-21T05:56:12.421] [INFO] ma-core - mongodb conected
[2022-01-21T05:57:23.413] [INFO] ma-core - database URI mongodb://localhost:27017/core
[2022-01-21T05:57:24.106] [INFO] ma-core - server started at port 5000
[2022-01-21T05:57:24.133] [INFO] ma-core - mongodb conected
[2022-01-21T05:57:50.565] [INFO] ma-core - get all posts success /api/newsfeed/getAllPosts GET ::1
[2022-01-21T05:58:25.010] [INFO] ma-core - database URI mongodb://localhost:27017/core
[2022-01-21T05:58:25.713] [INFO] ma-core - server started at port 5000
[2022-01-21T05:58:25.741] [INFO] ma-core - mongodb conected
[2022-01-21T05:58:32.080] [INFO] ma-core - database URI mongodb://localhost:27017/core
[2022-01-21T05:58:32.666] [INFO] ma-core - server started at port 5000
[2022-01-21T05:58:32.686] [INFO] ma-core - mongodb conected
[2022-01-21T05:58:33.464] [INFO] ma-core - database URI mongodb://localhost:27017/core
[2022-01-21T05:58:34.060] [INFO] ma-core - server started at port 5000
[2022-01-21T05:58:34.079] [INFO] ma-core - mongodb conected
[2022-01-21T05:58:40.153] [INFO] ma-core - database URI mongodb://localhost:27017/core
[2022-01-21T05:58:40.881] [INFO] ma-core - server started at port 5000
[2022-01-21T05:58:40.911] [INFO] ma-core - mongodb conected
[2022-01-21T05:58:48.910] [INFO] ma-core - get all posts success /api/newsfeed/getAllPosts GET ::1
[2022-01-21T06:00:13.146] [INFO] ma-core - database URI mongodb://localhost:27017/core
[2022-01-21T06:00:13.781] [INFO] ma-core - server started at port 5000
[2022-01-21T06:00:13.801] [INFO] ma-core - mongodb conected
[2022-01-21T06:00:54.004] [INFO] ma-core - database URI mongodb://localhost:27017/core
[2022-01-21T06:00:54.601] [INFO] ma-core - server started at port 5000
[2022-01-21T06:00:54.627] [INFO] ma-core - mongodb conected
[2022-01-21T06:03:11.917] [INFO] ma-core - database URI mongodb://localhost:27017/core
[2022-01-21T06:03:12.540] [INFO] ma-core - server started at port 5000
[2022-01-21T06:03:12.561] [INFO] ma-core - mongodb conected
[2022-01-21T11:09:19.167] [INFO] ma-core - database URI mongodb://localhost:27017/core
[2022-01-21T11:09:19.849] [INFO] ma-core - server started at port 5000
[2022-01-21T11:09:19.879] [INFO] ma-core - mongodb conected
[2022-01-21T11:09:39.794] [INFO] ma-core - get all posts success /api/newsfeed/getAllPosts GET ::1
[2022-01-21T11:10:25.542] [INFO] ma-core - database URI mongodb://localhost:27017/core
[2022-01-21T11:10:26.130] [INFO] ma-core - server started at port 5000
[2022-01-21T11:10:26.158] [INFO] ma-core - mongodb conected
