[2021-12-14T07:42:35.164] [INFO] ma-core - database URI mongodb://localhost:27017/core
[2021-12-14T07:42:35.918] [INFO] ma-core - server started at port 5000
[2021-12-14T09:02:54.177] [INFO] ma-core - database URI mongodb://localhost:27017/core
[2021-12-14T09:02:54.914] [INFO] ma-core - server started at port 5000
[2021-12-14T10:17:33.100] [INFO] ma-core - database URI mongodb://localhost:27017/core
[2021-12-14T10:17:33.640] [INFO] ma-core - server started at port 5000
[2021-12-14T10:22:19.929] [INFO] ma-core - database URI mongodb://localhost:27017/core
[2021-12-14T10:22:20.463] [INFO] ma-core - server started at port 5000
[2021-12-14T10:30:27.872] [INFO] ma-core - database URI mongodb://localhost:27017/core
[2021-12-14T10:30:28.398] [INFO] ma-core - server started at port 5000
[2021-12-14T10:47:40.307] [INFO] ma-core - database URI mongodb://localhost:27017/core
[2021-12-14T10:47:40.836] [INFO] ma-core - server started at port 5000
[2021-12-14T10:57:41.086] [INFO] ma-core - database URI mongodb://localhost:27017/core
[2021-12-14T10:57:41.611] [INFO] ma-core - server started at port 5000
[2021-12-14T10:57:41.630] [INFO] ma-core - mongodb conected
[2021-12-14T10:57:41.806] [INFO] ma-core - categories Collection created
[2021-12-14T10:57:41.817] [INFO] ma-core - clients Collection created
[2021-12-14T10:57:41.828] [INFO] ma-core - customercontacts Collection created
[2021-12-14T10:57:41.840] [INFO] ma-core - customers Collection created
[2021-12-14T10:57:41.852] [INFO] ma-core - hosts Collection created
[2021-12-14T10:57:41.864] [INFO] ma-core - itoperations Collection created
[2021-12-14T10:57:41.874] [INFO] ma-core - instances Collection created
[2021-12-14T10:57:42.036] [INFO] ma-core - levels Collection created
[2021-12-14T10:57:42.048] [INFO] ma-core - licences Collection created
[2021-12-14T10:57:42.059] [INFO] ma-core - mandants Collection created
[2021-12-14T10:57:42.074] [INFO] ma-core - maps Collection created
[2021-12-14T10:57:42.084] [INFO] ma-core - modules Collection created
[2021-12-14T10:57:42.096] [INFO] ma-core - monitoringacts Collection created
[2021-12-14T10:57:42.107] [INFO] ma-core - monitoringtypes Collection created
[2021-12-14T10:57:42.118] [INFO] ma-core - newsfeeds Collection created
[2021-12-14T10:57:42.128] [INFO] ma-core - permissions Collection created
[2021-12-14T10:57:42.139] [INFO] ma-core - results Collection created
[2021-12-14T10:57:42.262] [INFO] ma-core - rolehistories Collection created
[2021-12-14T10:57:42.275] [INFO] ma-core - roles Collection created
[2021-12-14T10:57:42.286] [INFO] ma-core - shifts Collection created
[2021-12-14T10:57:42.298] [INFO] ma-core - slacontracts Collection created
[2021-12-14T10:57:42.310] [INFO] ma-core - slas Collection created
[2021-12-14T10:57:42.319] [INFO] ma-core - sysclasses Collection created
[2021-12-14T10:57:42.327] [INFO] ma-core - systems Collection created
[2021-12-14T10:57:42.337] [INFO] ma-core - tasks Collection created
[2021-12-14T10:57:42.345] [INFO] ma-core - technicalusers Collection created
[2021-12-14T10:57:42.358] [INFO] ma-core - files Collection created
[2021-12-14T10:57:42.408] [INFO] ma-core - techtypes Collection created
[2021-12-14T10:57:42.418] [INFO] ma-core - shiftsynclogs Collection created
[2021-12-14T10:57:42.431] [INFO] ma-core - resultforms Collection created
[2021-12-14T11:01:56.646] [ERROR] ma-core - get All Task By filter error :team leader shift not found /api/task/getTasksByFilter GET ::1
[2021-12-14T11:10:58.737] [INFO] ma-core - get All Role success /api/role/ GET ::1
[2021-12-14T11:15:31.758] [INFO] ma-core - get All Role success /api/role/ GET ::1
[2021-12-14T11:16:25.509] [INFO] ma-core - get All Role success /api/role/ GET ::1
[2021-12-14T11:16:32.010] [INFO] ma-core - get All Role success /api/role/ GET ::1
[2021-12-14T11:16:36.262] [INFO] ma-core - update user : add new role success :  /api/user/update/:id PATCH ::1
[2021-12-14T11:16:41.560] [INFO] ma-core - get All Role success /api/role/ GET ::1
[2021-12-14T11:16:44.792] [INFO] ma-core - update user : add new role success :  /api/user/update/:id PATCH ::1
[2021-12-14T11:16:44.805] [INFO] ma-core - update user : update old shift endDate success /api/user/update/:id PATCH ::1
[2021-12-14T11:17:04.633] [INFO] ma-core - get All nomenclature success /api/nomenclature/ GET ::1
[2021-12-14T11:17:05.044] [INFO] ma-core - Get all shifts success /api/shift/ GET ::1
[2021-12-14T11:17:05.263] [INFO] ma-core - Get all shifts success /api/shift/ GET ::1
[2021-12-14T11:22:38.426] [INFO] ma-core - get All nomenclature success /api/nomenclature/ GET ::1
[2021-12-14T11:22:38.593] [INFO] ma-core - Get all shifts success /api/shift/ GET ::1
[2021-12-14T11:22:38.857] [INFO] ma-core - Get all shifts success /api/shift/ GET ::1
[2021-12-14T11:22:50.343] [INFO] ma-core - get all Customer success /api/customer/ GET ::1
[2021-12-14T11:22:50.517] [INFO] ma-core - get all Customer success /api/customer/ GET ::1
[2021-12-14T11:23:32.054] [ERROR] ma-core - get All Task By filter error :team leader shift not found /api/task/getTasksByFilter GET ::1
[2021-12-14T11:23:33.300] [ERROR] ma-core - get All Task By filter error :team leader shift not found /api/task/getTasksByFilter GET ::1
[2021-12-14T11:23:33.904] [ERROR] ma-core - get All Task By filter error :team leader shift not found /api/task/getTasksByFilter GET ::1
[2021-12-14T11:23:34.122] [ERROR] ma-core - get All Task By filter error :team leader shift not found /api/task/getTasksByFilter GET ::1
[2021-12-14T11:23:34.357] [ERROR] ma-core - get All Task By filter error :team leader shift not found /api/task/getTasksByFilter GET ::1
[2021-12-14T11:23:53.790] [INFO] ma-core - get all Customer success /api/customer/ GET ::1
[2021-12-14T11:23:58.584] [INFO] ma-core - get All nomenclature success /api/nomenclature/ GET ::1
[2021-12-14T11:23:58.706] [INFO] ma-core - Get all shifts success /api/shift/ GET ::1
[2021-12-14T11:23:58.942] [INFO] ma-core - Get all shifts success /api/shift/ GET ::1
[2021-12-14T11:24:43.212] [INFO] ma-core - get All Role success /api/role/ GET ::1
[2021-12-14T11:27:33.791] [INFO] ma-core - get All Role success /api/role/ GET ::1
[2021-12-14T11:27:51.017] [INFO] ma-core - get All Role success /api/role/ GET ::1
[2021-12-14T11:29:22.647] [INFO] ma-core - database URI mongodb://localhost:27017/core
[2021-12-14T11:29:23.362] [INFO] ma-core - server started at port 5000
[2021-12-14T11:29:23.384] [INFO] ma-core - mongodb conected
[2021-12-14T11:31:17.541] [INFO] ma-core - get All Role success /api/role/ GET ::1
[2021-12-14T11:34:43.536] [INFO] ma-core - get All Role success /api/role/ GET ::1
[2021-12-14T11:34:56.407] [INFO] ma-core - get All nomenclature success /api/nomenclature/ GET ::1
[2021-12-14T11:34:56.862] [INFO] ma-core - Get all shifts success /api/shift/ GET ::1
[2021-12-14T11:34:57.181] [INFO] ma-core - Get all shifts success /api/shift/ GET ::1
[2021-12-14T11:35:50.401] [INFO] ma-core - get All nomenclature success /api/nomenclature/ GET ::1
[2021-12-14T11:35:50.544] [INFO] ma-core - Get all shifts success /api/shift/ GET ::1
[2021-12-14T11:37:17.848] [INFO] ma-core - get all Customer success /api/customer/ GET ::1
[2021-12-14T11:37:17.986] [INFO] ma-core - get all Customer success /api/customer/ GET ::1
[2021-12-14T11:37:55.361] [INFO] ma-core - get all Customer success /api/customer/ GET ::1
[2021-12-14T11:37:55.530] [INFO] ma-core - get all Customer success /api/customer/ GET ::1
[2021-12-14T11:40:41.448] [INFO] ma-core - get All nomenclature success /api/nomenclature/ GET ::1
[2021-12-14T11:40:41.634] [INFO] ma-core - Get all shifts success /api/shift/ GET ::1
[2021-12-14T11:40:42.018] [INFO] ma-core - Get all shifts success /api/shift/ GET ::1
[2021-12-14T11:43:45.822] [INFO] ma-core - get All nomenclature success /api/nomenclature/ GET ::1
[2021-12-14T11:43:46.160] [INFO] ma-core - Get all shifts success /api/shift/ GET ::1
[2021-12-14T11:43:46.422] [INFO] ma-core - Get all shifts success /api/shift/ GET ::1
[2021-12-14T11:51:46.171] [INFO] ma-core - get All nomenclature success /api/nomenclature/ GET ::1
[2021-12-14T11:51:46.481] [INFO] ma-core - Get all shifts success /api/shift/ GET ::1
[2021-12-14T11:51:46.731] [INFO] ma-core - Get all shifts success /api/shift/ GET ::1
[2021-12-14T11:56:49.820] [INFO] ma-core - get All nomenclature success /api/nomenclature/ GET ::1
[2021-12-14T11:56:50.193] [INFO] ma-core - Get all shifts success /api/shift/ GET ::1
[2021-12-14T11:56:50.444] [INFO] ma-core - Get all shifts success /api/shift/ GET ::1
[2021-12-14T11:57:47.428] [INFO] ma-core - get All nomenclature success /api/nomenclature/ GET ::1
[2021-12-14T11:57:47.720] [INFO] ma-core - Get all shifts success /api/shift/ GET ::1
[2021-12-14T11:57:47.918] [INFO] ma-core - Get all shifts success /api/shift/ GET ::1
[2021-12-14T11:58:41.269] [INFO] ma-core - get All nomenclature success /api/nomenclature/ GET ::1
[2021-12-14T11:58:41.581] [INFO] ma-core - Get all shifts success /api/shift/ GET ::1
[2021-12-14T11:58:41.867] [INFO] ma-core - Get all shifts success /api/shift/ GET ::1
[2021-12-14T11:59:01.118] [ERROR] ma-core - get All Task By filter error :team leader shift not found /api/task/getTasksByFilter GET ::1
[2021-12-14T11:59:01.858] [ERROR] ma-core - get All Task By filter error :team leader shift not found /api/task/getTasksByFilter GET ::1
[2021-12-14T11:59:02.402] [ERROR] ma-core - get All Task By filter error :team leader shift not found /api/task/getTasksByFilter GET ::1
[2021-12-14T11:59:02.583] [ERROR] ma-core - get All Task By filter error :team leader shift not found /api/task/getTasksByFilter GET ::1
[2021-12-14T11:59:28.499] [ERROR] ma-core - get All Task By filter error :team leader shift not found /api/task/getTasksByFilter GET ::1
[2021-12-14T12:02:02.196] [ERROR] ma-core - get All Task By filter error :team leader shift not found /api/task/getTasksByFilter GET ::1
[2021-12-14T12:02:03.013] [ERROR] ma-core - get All Task By filter error :team leader shift not found /api/task/getTasksByFilter GET ::1
[2021-12-14T12:02:47.441] [ERROR] ma-core - get All Task By filter error :team leader shift not found /api/task/getTasksByFilter GET ::1
[2021-12-14T12:06:04.899] [INFO] ma-core - get All Task By filter success /api/task/getTasksByFilter GET ::1
[2021-12-14T12:06:06.941] [INFO] ma-core - get All Task By filter success /api/task/getTasksByFilter GET ::1
[2021-12-14T12:06:07.726] [INFO] ma-core - get All Task By filter success /api/task/getTasksByFilter GET ::1
[2021-12-14T12:06:08.465] [INFO] ma-core - get All Task By filter success /api/task/getTasksByFilter GET ::1
[2021-12-14T12:06:08.701] [INFO] ma-core - get All Task By filter success /api/task/getTasksByFilter GET ::1
[2021-12-14T12:06:08.944] [INFO] ma-core - get All Task By filter success /api/task/getTasksByFilter GET ::1
[2021-12-14T12:07:24.848] [ERROR] ma-core - get All Task By filter error :team leader shift not found /api/task/getTasksByFilter GET ::1
[2021-12-14T12:07:26.115] [ERROR] ma-core - get All Task By filter error :team leader shift not found /api/task/getTasksByFilter GET ::1
[2021-12-14T12:28:01.796] [ERROR] ma-core - get by id Task :Cast to ObjectId failed for value "undefined" (type string) at path "_id" for model "task" /api/task/:id GET ::1
[2021-12-14T14:24:10.922] [INFO] ma-core - get All Task By filter success /api/task/getTasksByFilter GET ::1
[2021-12-14T14:24:12.599] [INFO] ma-core - get All Task By filter success /api/task/getTasksByFilter GET ::1
[2021-12-14T14:24:57.100] [INFO] ma-core - get All Task By filter success /api/task/getTasksByFilter GET ::1
[2021-12-14T14:24:57.776] [INFO] ma-core - get All Task By filter success /api/task/getTasksByFilter GET ::1
[2021-12-14T14:24:58.028] [INFO] ma-core - get All Task By filter success /api/task/getTasksByFilter GET ::1
[2021-12-14T14:25:23.591] [ERROR] ma-core - get All Task By filter error :team leader shift not found /api/task/getTasksByFilter GET ::1
[2021-12-14T14:44:19.910] [ERROR] ma-core - get All Task By filter error :team leader shift not found /api/task/getTasksByFilter GET ::1
[2021-12-14T14:44:20.675] [ERROR] ma-core - get All Task By filter error :team leader shift not found /api/task/getTasksByFilter GET ::1
[2021-12-14T16:36:14.485] [ERROR] ma-core - get All Task By filter error :team leader shift not found /api/task/getTasksByFilter GET ::1
[2021-12-14T16:36:40.963] [INFO] ma-core - get All Task By filter success /api/task/getTasksByFilter GET ::1
[2021-12-14T16:38:22.106] [INFO] ma-core - get All Task By filter success /api/task/getTasksByFilter GET ::1
[2021-12-14T16:39:02.650] [INFO] ma-core - add Task success /api/task/addOne POST ::1
[2021-12-14T16:39:05.944] [INFO] ma-core - get All Task By ID success /api/task/getTasksByUserId GET ::1
[2021-12-14T16:39:07.109] [INFO] ma-core - get by id Task success /api/task/:id GET ::1
[2021-12-14T16:39:12.548] [INFO] ma-core - get All Task By filter success /api/task/getTasksByFilter GET ::1
[2021-12-14T16:39:13.291] [INFO] ma-core - get All Task By filter success /api/task/getTasksByFilter GET ::1
[2021-12-14T16:39:13.494] [INFO] ma-core - get All Task By filter success /api/task/getTasksByFilter GET ::1
[2021-12-14T16:39:35.037] [INFO] ma-core - get all Customer success /api/customer/ GET ::1
[2021-12-14T16:39:35.064] [INFO] ma-core - get All Task success /api/task/getFiltredTasks GET ::1
[2021-12-14T16:39:35.144] [INFO] ma-core - get all Customer success /api/customer/ GET ::1
[2021-12-14T16:39:36.442] [INFO] ma-core - get All Task success /api/task/getFiltredTasks GET ::1
[2021-12-14T16:39:39.666] [INFO] ma-core - update Task success /api/task/:id PATCH ::1
[2021-12-14T16:39:46.374] [INFO] ma-core - get All Task By filter success /api/task/getTasksByFilter GET ::1
[2021-12-14T16:39:47.040] [INFO] ma-core - get All Task By filter success /api/task/getTasksByFilter GET ::1
[2021-12-14T16:39:47.227] [INFO] ma-core - get All Task By filter success /api/task/getTasksByFilter GET ::1
[2021-12-14T16:39:47.417] [INFO] ma-core - get All Task By filter success /api/task/getTasksByFilter GET ::1
[2021-12-14T16:39:47.655] [INFO] ma-core - get All Task By filter success /api/task/getTasksByFilter GET ::1
[2021-12-14T16:39:47.814] [INFO] ma-core - get All Task By filter success /api/task/getTasksByFilter GET ::1
[2021-12-14T16:39:48.033] [INFO] ma-core - get All Task By filter success /api/task/getTasksByFilter GET ::1
[2021-12-14T16:40:39.125] [INFO] ma-core - get all Customer success /api/customer/ GET ::1
[2021-12-14T16:40:39.230] [INFO] ma-core - get all Customer success /api/customer/ GET ::1
[2021-12-14T16:40:53.807] [INFO] ma-core - get All nomenclature success /api/nomenclature/ GET ::1
[2021-12-14T16:40:54.009] [INFO] ma-core - Get all shifts success /api/shift/ GET ::1
[2021-12-14T16:40:54.316] [INFO] ma-core - Get all shifts success /api/shift/ GET ::1
[2021-12-14T16:42:12.576] [INFO] ma-core - get all Customer success /api/customer/ GET ::1
[2021-12-14T16:42:12.684] [INFO] ma-core - get all Customer success /api/customer/ GET ::1
[2021-12-14T16:44:25.231] [INFO] ma-core - get all Customer success /api/customer/ GET ::1
[2021-12-14T16:44:25.285] [INFO] ma-core - get all Customer success /api/customer/ GET ::1
[2021-12-14T16:47:12.561] [INFO] ma-core - get all Customer success /api/customer/ GET ::1
[2021-12-14T16:47:12.611] [INFO] ma-core - get all Customer success /api/customer/ GET ::1
[2021-12-14T16:47:40.069] [INFO] ma-core - get All nomenclature success /api/nomenclature/ GET ::1
[2021-12-14T16:47:40.441] [INFO] ma-core - Get all shifts success /api/shift/ GET ::1
[2021-12-14T16:47:40.690] [INFO] ma-core - Get all shifts success /api/shift/ GET ::1
[2021-12-14T16:50:11.780] [INFO] ma-core - get all Customer success /api/customer/ GET ::1
[2021-12-14T16:50:11.923] [INFO] ma-core - get all Customer success /api/customer/ GET ::1
[2021-12-14T16:50:52.182] [INFO] ma-core - get all Customer success /api/customer/ GET ::1
[2021-12-14T16:50:52.291] [INFO] ma-core - get all Customer success /api/customer/ GET ::1
[2021-12-14T17:04:31.506] [INFO] ma-core - database URI mongodb://localhost:27017/core
[2021-12-14T17:04:32.545] [INFO] ma-core - server started at port 5000
[2021-12-14T17:04:32.570] [INFO] ma-core - mongodb conected
[2021-12-14T17:04:49.291] [ERROR] ma-core - get All Task By filter error :team leader shift not found /api/task/getTasksByFilter GET ::1
[2021-12-14T17:06:30.870] [INFO] ma-core - get All Task By filter success /api/task/getTasksByFilter GET ::1
[2021-12-14T17:06:54.576] [INFO] ma-core - database URI mongodb://localhost:27017/core
[2021-12-14T17:06:55.694] [INFO] ma-core - server started at port 5000
[2021-12-14T17:06:55.719] [INFO] ma-core - mongodb conected
[2021-12-14T17:07:02.541] [INFO] ma-core - get All Task By filter success /api/task/getTasksByFilter GET ::1
[2021-12-14T17:09:19.930] [INFO] ma-core - database URI mongodb://localhost:27017/core
[2021-12-14T17:09:20.604] [INFO] ma-core - server started at port 5000
[2021-12-14T17:09:20.627] [INFO] ma-core - mongodb conected
[2021-12-14T17:09:40.880] [ERROR] ma-core - get All Task By filter error :team leader shift not found /api/task/getTasksByFilter GET ::1
[2021-12-14T17:14:08.917] [INFO] ma-core - get All Task By filter success /api/task/getTasksByFilter GET ::1
[2021-12-14T17:14:32.267] [INFO] ma-core - get all Customer success /api/customer/ GET ::1
[2021-12-14T17:17:03.369] [INFO] ma-core - get all Customer success /api/customer/ GET ::1
[2021-12-14T17:17:03.468] [INFO] ma-core - get all Customer success /api/customer/ GET ::1
[2021-12-14T17:32:30.949] [INFO] ma-core - database URI mongodb://localhost:27017/core
[2021-12-14T17:32:32.206] [INFO] ma-core - server started at port 5000
[2021-12-14T17:32:32.228] [INFO] ma-core - mongodb conected
[2021-12-14T17:32:32.938] [INFO] ma-core - database URI mongodb://localhost:27017/core
[2021-12-14T17:32:33.704] [INFO] ma-core - server started at port 5000
[2021-12-14T17:32:33.727] [INFO] ma-core - mongodb conected
[2021-12-14T17:32:44.010] [INFO] ma-core - get all Customer success /api/customer/ GET ::1
[2021-12-14T17:32:44.191] [INFO] ma-core - get all Customer success /api/customer/ GET ::1
[2021-12-14T17:32:46.382] [INFO] ma-core - get All Task By filter success /api/task/getTasksByFilter GET ::1
[2021-12-14T17:34:49.781] [INFO] ma-core - get all Customer success /api/customer/ GET ::1
[2021-12-14T17:34:49.891] [INFO] ma-core - get all Customer success /api/customer/ GET ::1
[2021-12-14T17:58:08.102] [INFO] ma-core - get All Task By filter success /api/task/getTasksByFilter GET ::1
[2021-12-14T17:58:08.937] [INFO] ma-core - get All Task By filter success /api/task/getTasksByFilter GET ::1
[2021-12-14T17:58:09.229] [INFO] ma-core - get All Task By filter success /api/task/getTasksByFilter GET ::1
[2021-12-14T17:58:09.430] [INFO] ma-core - get All Task By filter success /api/task/getTasksByFilter GET ::1
[2021-12-14T17:58:09.648] [INFO] ma-core - get All Task By filter success /api/task/getTasksByFilter GET ::1
[2021-12-14T17:58:09.810] [INFO] ma-core - get All Task By filter success /api/task/getTasksByFilter GET ::1
[2021-12-14T17:58:09.985] [INFO] ma-core - get All Task By filter success /api/task/getTasksByFilter GET ::1
[2021-12-14T17:58:10.203] [INFO] ma-core - get All Task By filter success /api/task/getTasksByFilter GET ::1
[2021-12-14T17:58:10.393] [INFO] ma-core - get All Task By filter success /api/task/getTasksByFilter GET ::1
[2021-12-14T17:58:10.555] [INFO] ma-core - get All Task By filter success /api/task/getTasksByFilter GET ::1
[2021-12-14T17:58:10.804] [INFO] ma-core - get All Task By filter success /api/task/getTasksByFilter GET ::1
[2021-12-14T17:58:11.042] [INFO] ma-core - get All Task By filter success /api/task/getTasksByFilter GET ::1
[2021-12-14T17:58:11.213] [INFO] ma-core - get All Task By filter success /api/task/getTasksByFilter GET ::1
[2021-12-14T18:00:35.844] [INFO] ma-core - get All Task By filter success /api/task/getTasksByFilter GET ::1
[2021-12-14T18:00:36.542] [INFO] ma-core - get All Task By filter success /api/task/getTasksByFilter GET ::1
[2021-12-14T18:00:36.869] [INFO] ma-core - get All Task By filter success /api/task/getTasksByFilter GET ::1
[2021-12-14T18:00:37.046] [INFO] ma-core - get All Task By filter success /api/task/getTasksByFilter GET ::1
[2021-12-14T18:00:37.228] [INFO] ma-core - get All Task By filter success /api/task/getTasksByFilter GET ::1
[2021-12-14T18:00:37.386] [INFO] ma-core - get All Task By filter success /api/task/getTasksByFilter GET ::1
[2021-12-14T18:03:47.189] [INFO] ma-core - database URI mongodb://localhost:27017/core
[2021-12-14T18:03:48.206] [INFO] ma-core - server started at port 5000
[2021-12-14T18:03:48.237] [INFO] ma-core - mongodb conected
[2021-12-14T18:04:15.557] [INFO] ma-core - database URI mongodb://localhost:27017/core
[2021-12-14T18:04:16.446] [INFO] ma-core - server started at port 5000
[2021-12-14T18:04:16.468] [INFO] ma-core - mongodb conected
[2021-12-14T18:04:19.529] [INFO] ma-core - database URI mongodb://localhost:27017/core
[2021-12-14T18:04:20.293] [INFO] ma-core - server started at port 5000
[2021-12-14T18:04:20.318] [INFO] ma-core - mongodb conected
[2021-12-14T18:04:33.510] [INFO] ma-core - get all Customer success /api/customer/ GET ::1
[2021-12-14T18:04:33.710] [INFO] ma-core - get all Customer success /api/customer/ GET ::1
[2021-12-14T18:05:40.980] [INFO] ma-core - database URI mongodb://localhost:27017/core
[2021-12-14T18:05:41.961] [INFO] ma-core - server started at port 5000
[2021-12-14T18:05:41.986] [INFO] ma-core - mongodb conected
[2021-12-14T18:06:01.799] [INFO] ma-core - get all Customer success /api/customer/ GET ::1
[2021-12-14T18:06:01.923] [INFO] ma-core - get all Customer success /api/customer/ GET ::1
[2021-12-14T18:08:10.409] [ERROR] ma-core - "id" is not allowed /api/shift/currentMembers GET ::1
[2021-12-14T18:08:20.014] [ERROR] ma-core - "id" is not allowed /api/shift/currentMembers GET ::1
[2021-12-14T18:10:05.423] [INFO] ma-core - database URI mongodb://localhost:27017/core
[2021-12-14T18:10:06.328] [INFO] ma-core - server started at port 5000
[2021-12-14T18:10:06.359] [INFO] ma-core - mongodb conected
[2021-12-14T18:10:14.880] [ERROR] ma-core - "id" is not allowed /api/shift/currentMembers GET ::1
[2021-12-14T18:13:16.388] [ERROR] ma-core - "id" is not allowed /api/shift/currentMembers GET ::1
[2021-12-14T18:13:58.665] [INFO] ma-core - database URI mongodb://localhost:27017/core
[2021-12-14T18:13:59.609] [INFO] ma-core - server started at port 5000
[2021-12-14T18:13:59.646] [INFO] ma-core - mongodb conected
[2021-12-14T18:14:26.648] [INFO] ma-core - database URI mongodb://localhost:27017/core
[2021-12-14T18:14:27.670] [INFO] ma-core - server started at port 5000
[2021-12-14T18:14:27.713] [INFO] ma-core - mongodb conected
[2021-12-14T18:15:14.379] [INFO] ma-core - database URI mongodb://localhost:27017/core
[2021-12-14T18:15:15.441] [INFO] ma-core - server started at port 5000
[2021-12-14T18:15:15.463] [INFO] ma-core - mongodb conected
[2021-12-14T18:16:47.549] [INFO] ma-core - get All Task By filter success /api/task/getTasksByFilter GET ::1
[2021-12-14T18:17:03.554] [INFO] ma-core - get all Customer success /api/customer/ GET ::1
[2021-12-14T18:17:03.689] [INFO] ma-core - get all Customer success /api/customer/ GET ::1
[2021-12-14T18:18:53.246] [INFO] ma-core - database URI mongodb://localhost:27017/core
[2021-12-14T18:18:54.249] [INFO] ma-core - server started at port 5000
[2021-12-14T18:18:54.275] [INFO] ma-core - mongodb conected
[2021-12-14T23:25:50.588] [INFO] ma-core - database URI mongodb://localhost:27017/core
[2021-12-14T23:25:51.234] [INFO] ma-core - server started at port 5000
[2021-12-14T23:25:51.252] [INFO] ma-core - mongodb conected
