[2023-10-29T13:43:28.823] [INFO] ma-core - Running Sync Shift 2PM UTC
[2023-10-29T13:43:46.955] [INFO] ma-core - add new shifts success /api/shift/sync PATCH ::ffff:127.0.0.1
[2023-10-29T13:43:46.974] [INFO] ma-core - sync shift success /api/shift/sync PATCH ::ffff:127.0.0.1
[2023-10-29T13:43:47.153] [INFO] ma-core - {"message":"Shift sync success"}
[2023-10-29T13:43:47.608] [INFO] ma-core - Shift Unassigned reminder cron launched
[2023-10-29T13:43:47.610] [INFO] ma-core - Shift Unassigned reminder cron launched
[2023-10-29T13:43:47.613] [INFO] ma-core - Shift Unassigned reminder cron launched
[2023-10-29T13:43:47.615] [INFO] ma-core - Shift Unassigned reminder cron launched
[2023-10-29T13:43:47.622] [INFO] ma-core - Shift Unassigned reminder cron launched
[2023-10-29T13:43:47.624] [INFO] ma-core - Shift Unassigned reminder cron launched
[2023-10-29T13:43:47.625] [INFO] ma-core - Shift Unassigned reminder cron launched
[2023-10-29T13:43:47.627] [INFO] ma-core - Shift Unassigned reminder cron launched
[2023-10-29T13:43:47.629] [INFO] ma-core - Shift Unassigned reminder cron launched
[2023-10-29T13:43:47.639] [INFO] ma-core - Shift Unassigned reminder cron launched
[2023-10-29T13:43:47.642] [INFO] ma-core - Shift Unassigned reminder cron launched
[2023-10-29T13:43:47.644] [INFO] ma-core - Shift Unassigned reminder cron launched
[2023-10-29T13:43:47.646] [INFO] ma-core - cron shift unassigned : startdate before now
[2023-10-29T13:43:47.652] [INFO] ma-core - Shift Unassigned reminder cron launched
[2023-10-29T13:43:47.654] [INFO] ma-core - Shift Unassigned reminder cron launched
[2023-10-29T13:43:47.656] [INFO] ma-core - Shift Unassigned reminder cron launched
[2023-10-29T13:43:47.658] [INFO] ma-core - Shift Unassigned reminder cron launched
[2023-10-29T13:43:47.660] [INFO] ma-core - Shift Unassigned reminder cron launched
[2023-10-29T13:43:47.663] [INFO] ma-core - Shift Unassigned reminder cron launched
[2023-10-29T13:43:47.665] [INFO] ma-core - Shift Unassigned reminder cron launched
[2023-10-29T13:43:47.668] [INFO] ma-core - Shift Unassigned reminder cron launched
[2023-10-29T13:43:47.670] [INFO] ma-core - Shift Unassigned reminder cron launched
[2023-10-29T13:43:47.672] [INFO] ma-core - Shift Unassigned reminder cron launched
[2023-10-29T13:43:47.673] [INFO] ma-core - cron shift unassigned : startdate before now
[2023-10-29T13:43:47.674] [INFO] ma-core - cron shift unassigned : startdate before now
[2023-10-29T13:43:47.675] [INFO] ma-core - Shift Unassigned reminder cron launched
[2023-10-29T13:43:47.677] [INFO] ma-core - Shift Unassigned reminder cron launched
[2023-10-29T13:43:47.678] [INFO] ma-core - Shift Unassigned reminder cron launched
[2023-10-29T13:43:47.679] [INFO] ma-core - Shift Unassigned reminder cron launched
[2023-10-29T13:43:47.696] [INFO] ma-core - Shift Unassigned reminder cron launched
[2023-10-29T13:43:47.699] [INFO] ma-core - Shift Unassigned reminder cron launched
[2023-10-29T13:43:47.702] [INFO] ma-core - Shift Unassigned reminder cron launched
[2023-10-29T13:43:47.704] [INFO] ma-core - Shift Unassigned reminder cron launched
[2023-10-29T13:43:47.706] [INFO] ma-core - Shift Unassigned reminder cron launched
[2023-10-29T13:43:47.708] [INFO] ma-core - Shift Unassigned reminder cron launched
[2023-10-29T13:43:47.709] [INFO] ma-core - Shift Unassigned reminder cron launched
[2023-10-29T13:43:47.712] [INFO] ma-core - Shift Unassigned reminder cron launched
[2023-10-29T13:43:47.713] [INFO] ma-core - Shift Unassigned reminder cron launched
[2023-10-29T13:43:47.715] [INFO] ma-core - Shift Unassigned reminder cron launched
[2023-10-29T13:43:47.718] [INFO] ma-core - Shift Unassigned reminder cron launched
[2023-10-29T13:43:47.720] [INFO] ma-core - Shift Unassigned reminder cron launched
[2023-10-29T13:43:47.723] [INFO] ma-core - Shift Unassigned reminder cron launched
[2023-10-29T13:43:47.725] [INFO] ma-core - Shift Unassigned reminder cron launched
[2023-10-29T13:43:47.727] [INFO] ma-core - Shift Unassigned reminder cron launched
[2023-10-29T13:43:47.729] [INFO] ma-core - Shift Unassigned reminder cron launched
[2023-10-29T13:43:47.730] [INFO] ma-core - Shift Unassigned reminder cron launched
[2023-10-29T13:43:47.732] [INFO] ma-core - Shift Unassigned reminder cron launched
[2023-10-29T13:43:47.733] [INFO] ma-core - Shift Unassigned reminder cron launched
[2023-10-29T13:43:47.736] [INFO] ma-core - Shift Unassigned reminder cron launched
[2023-10-29T13:43:47.753] [INFO] ma-core - Shift Unassigned reminder cron launched
[2023-10-29T13:43:47.755] [INFO] ma-core - Shift Unassigned reminder cron launched
[2023-10-29T13:43:47.757] [INFO] ma-core - Shift Unassigned reminder cron launched
[2023-10-29T13:43:47.760] [INFO] ma-core - Shift Unassigned reminder cron launched
[2023-10-29T13:43:47.762] [INFO] ma-core - Shift Unassigned reminder cron launched
[2023-10-29T13:43:47.765] [INFO] ma-core - Shift Unassigned reminder cron launched
[2023-10-29T13:43:47.766] [INFO] ma-core - Shift Unassigned reminder cron launched
[2023-10-29T13:43:47.768] [INFO] ma-core - Shift Unassigned reminder cron launched
[2023-10-29T13:43:47.771] [INFO] ma-core - Shift Unassigned reminder cron launched
[2023-10-29T13:43:47.773] [INFO] ma-core - Shift Unassigned reminder cron launched
[2023-10-29T13:43:47.776] [INFO] ma-core - Shift Unassigned reminder cron launched
[2023-10-29T13:43:47.777] [INFO] ma-core - cron shift unassigned : startdate before now
[2023-10-29T13:43:47.780] [INFO] ma-core - Shift Unassigned reminder cron launched
[2023-10-29T13:43:47.782] [INFO] ma-core - Shift Unassigned reminder cron launched
[2023-10-29T13:43:47.784] [INFO] ma-core - Shift Unassigned reminder cron launched
[2023-10-29T13:43:47.785] [INFO] ma-core - cron shift unassigned : startdate before now
[2023-10-29T13:43:47.786] [INFO] ma-core - Shift Unassigned reminder cron launched
[2023-10-29T13:43:47.788] [INFO] ma-core - Shift Unassigned reminder cron launched
[2023-10-29T13:43:47.789] [INFO] ma-core - Shift Unassigned reminder cron launched
[2023-10-29T13:43:47.791] [INFO] ma-core - Shift Unassigned reminder cron launched
[2023-10-29T13:43:47.797] [INFO] ma-core - Shift Unassigned reminder cron launched
[2023-10-29T13:43:47.800] [INFO] ma-core - Shift Unassigned reminder cron launched
[2023-10-29T13:43:47.802] [INFO] ma-core - Shift Unassigned reminder cron launched
[2023-10-29T13:43:47.804] [INFO] ma-core - Shift Unassigned reminder cron launched
[2023-10-29T13:43:47.806] [INFO] ma-core - Shift Unassigned reminder cron launched
[2023-10-29T13:43:47.810] [INFO] ma-core - Shift Unassigned reminder cron launched
[2023-10-29T13:43:47.812] [INFO] ma-core - Shift Unassigned reminder cron launched
[2023-10-29T13:43:47.813] [INFO] ma-core - Shift Unassigned reminder cron launched
[2023-10-29T13:43:47.816] [INFO] ma-core - Shift Unassigned reminder cron launched
[2023-10-29T13:43:47.817] [INFO] ma-core - Shift Unassigned reminder cron launched
[2023-10-29T13:43:47.820] [INFO] ma-core - Shift Unassigned reminder cron launched
[2023-10-29T13:43:47.822] [INFO] ma-core - Shift Unassigned reminder cron launched
[2023-10-29T13:43:47.824] [INFO] ma-core - Shift Unassigned reminder cron launched
[2023-10-29T13:43:47.826] [INFO] ma-core - Shift Unassigned reminder cron launched
[2023-10-29T13:43:47.827] [INFO] ma-core - Shift Unassigned reminder cron launched
[2023-10-29T13:43:47.829] [INFO] ma-core - Shift Unassigned reminder cron launched
[2023-10-29T13:43:47.832] [INFO] ma-core - Shift Unassigned reminder cron launched
[2023-10-29T13:43:47.834] [INFO] ma-core - Shift Unassigned reminder cron launched
[2023-10-29T13:43:47.835] [INFO] ma-core - cron shift unassigned : startdate before now
[2023-10-29T13:43:47.837] [INFO] ma-core - Shift Unassigned reminder cron launched
[2023-10-29T13:43:47.838] [INFO] ma-core - Shift Unassigned reminder cron launched
[2023-10-29T13:43:47.840] [INFO] ma-core - Shift Unassigned reminder cron launched
[2023-10-29T13:43:47.842] [INFO] ma-core - Shift Unassigned reminder cron launched
[2023-10-29T13:43:47.844] [INFO] ma-core - Shift Unassigned reminder cron launched
[2023-10-29T13:43:47.846] [INFO] ma-core - Shift Unassigned reminder cron launched
[2023-10-29T13:43:47.849] [INFO] ma-core - Shift Unassigned reminder cron launched
[2023-10-29T13:43:47.851] [INFO] ma-core - Shift Unassigned reminder cron launched
[2023-10-29T13:43:47.853] [INFO] ma-core - Shift Unassigned reminder cron launched
[2023-10-29T13:43:47.856] [INFO] ma-core - Shift Unassigned reminder cron launched
[2023-10-29T13:43:47.858] [INFO] ma-core - Shift Unassigned reminder cron launched
[2023-10-29T13:43:47.861] [INFO] ma-core - Shift Unassigned reminder cron launched
[2023-10-29T13:43:47.864] [INFO] ma-core - Shift Unassigned reminder cron launched
[2023-10-29T13:43:47.867] [INFO] ma-core - Shift Unassigned reminder cron launched
[2023-10-29T13:43:47.869] [INFO] ma-core - Shift Unassigned reminder cron launched
[2023-10-29T13:43:47.870] [INFO] ma-core - Shift Unassigned reminder cron launched
[2023-10-29T13:43:47.872] [INFO] ma-core - Shift Unassigned reminder cron launched
[2023-10-29T13:43:47.873] [INFO] ma-core - Shift Unassigned reminder cron launched
[2023-10-29T13:43:47.875] [INFO] ma-core - Shift Unassigned reminder cron launched
[2023-10-29T13:43:47.877] [INFO] ma-core - Shift Unassigned reminder cron launched
[2023-10-29T13:43:47.878] [INFO] ma-core - cron shift unassigned : startdate before now
[2023-10-29T13:43:47.881] [INFO] ma-core - Shift Unassigned reminder cron launched
[2023-10-29T13:43:47.882] [INFO] ma-core - cron shift unassigned : startdate before now
[2023-10-29T13:43:47.885] [INFO] ma-core - Shift Unassigned reminder cron launched
[2023-10-29T13:43:47.887] [INFO] ma-core - Shift Unassigned reminder cron launched
[2023-10-29T13:43:47.889] [INFO] ma-core - Shift Unassigned reminder cron launched
[2023-10-29T13:43:47.891] [INFO] ma-core - Shift Unassigned reminder cron launched
[2023-10-29T13:43:47.893] [INFO] ma-core - Shift Unassigned reminder cron launched
[2023-10-29T13:43:47.896] [INFO] ma-core - Shift Unassigned reminder cron launched
[2023-10-29T13:43:47.898] [INFO] ma-core - Shift Unassigned reminder cron launched
[2023-10-29T13:43:47.902] [INFO] ma-core - Shift Unassigned reminder cron launched
[2023-10-29T13:43:47.906] [INFO] ma-core - Shift Unassigned reminder cron launched
[2023-10-29T13:43:47.908] [INFO] ma-core - Shift Unassigned reminder cron launched
[2023-10-29T13:43:47.910] [INFO] ma-core - Shift Unassigned reminder cron launched
[2023-10-29T13:43:47.913] [INFO] ma-core - Shift Unassigned reminder cron launched
[2023-10-29T13:43:47.916] [INFO] ma-core - Shift Unassigned reminder cron launched
[2023-10-29T13:43:47.919] [INFO] ma-core - Shift Unassigned reminder cron launched
[2023-10-29T13:43:47.922] [INFO] ma-core - Shift Unassigned reminder cron launched
[2023-10-29T13:43:47.924] [INFO] ma-core - Shift Unassigned reminder cron launched
[2023-10-29T13:43:47.926] [INFO] ma-core - Shift Unassigned reminder cron launched
[2023-10-29T13:43:47.928] [INFO] ma-core - Shift Unassigned reminder cron launched
[2023-10-29T13:43:47.931] [INFO] ma-core - Shift Unassigned reminder cron launched
[2023-10-29T13:43:47.934] [INFO] ma-core - Shift Unassigned reminder cron launched
[2023-10-29T13:43:47.936] [INFO] ma-core - Shift Unassigned reminder cron launched
[2023-10-29T13:43:47.938] [INFO] ma-core - Shift Unassigned reminder cron launched
[2023-10-29T13:43:47.939] [INFO] ma-core - Shift Unassigned reminder cron launched
[2023-10-29T13:43:47.941] [INFO] ma-core - Shift Unassigned reminder cron launched
[2023-10-29T13:43:47.942] [INFO] ma-core - Shift Unassigned reminder cron launched
[2023-10-29T13:43:47.943] [INFO] ma-core - cron shift unassigned : startdate before now
[2023-10-29T13:43:47.944] [INFO] ma-core - Shift Unassigned reminder cron launched
[2023-10-29T13:43:47.946] [INFO] ma-core - Shift Unassigned reminder cron launched
[2023-10-29T13:43:47.948] [INFO] ma-core - Shift Unassigned reminder cron launched
[2023-10-29T13:43:47.950] [INFO] ma-core - Shift Unassigned reminder cron launched
[2023-10-29T13:43:47.952] [INFO] ma-core - Shift Unassigned reminder cron launched
[2023-10-29T13:43:47.953] [INFO] ma-core - Shift Unassigned reminder cron launched
[2023-10-29T13:43:47.956] [INFO] ma-core - Shift Unassigned reminder cron launched
[2023-10-29T13:43:47.958] [INFO] ma-core - Shift Unassigned reminder cron launched
