[2022-01-17T01:52:50.959] [INFO] ma-core - database URI mongodb://localhost:27017/core
[2022-01-17T01:52:51.678] [INFO] ma-core - server started at port 5000
[2022-01-17T01:52:51.700] [INFO] ma-core - mongodb conected
[2022-01-17T01:53:17.734] [INFO] ma-core - database URI mongodb://localhost:27017/core
[2022-01-17T01:53:18.613] [INFO] ma-core - server started at port 5000
[2022-01-17T01:53:18.646] [INFO] ma-core - mongodb conected
[2022-01-17T01:53:25.726] [INFO] ma-core - database URI mongodb://localhost:27017/core
[2022-01-17T01:53:26.441] [INFO] ma-core - server started at port 5000
[2022-01-17T01:53:26.464] [INFO] ma-core - mongodb conected
[2022-01-17T02:00:21.333] [INFO] ma-core - database URI mongodb://localhost:27017/core
[2022-01-17T02:00:21.981] [INFO] ma-core - server started at port 5000
[2022-01-17T02:00:22.011] [INFO] ma-core - mongodb conected
[2022-01-17T02:06:51.281] [INFO] ma-core - add post success /api/newsfeed/ POST ::1
[2022-01-17T02:10:58.453] [INFO] ma-core - database URI mongodb://localhost:27017/core
[2022-01-17T02:10:59.059] [INFO] ma-core - server started at port 5000
[2022-01-17T02:10:59.078] [INFO] ma-core - mongodb conected
[2022-01-17T02:11:01.259] [INFO] ma-core - database URI mongodb://localhost:27017/core
[2022-01-17T02:11:01.848] [INFO] ma-core - server started at port 5000
[2022-01-17T02:11:01.867] [INFO] ma-core - mongodb conected
[2022-01-17T02:11:05.228] [INFO] ma-core - database URI mongodb://localhost:27017/core
[2022-01-17T02:11:05.815] [INFO] ma-core - server started at port 5000
[2022-01-17T02:11:05.836] [INFO] ma-core - mongodb conected
[2022-01-17T02:11:18.397] [INFO] ma-core - database URI mongodb://localhost:27017/core
[2022-01-17T02:11:19.002] [INFO] ma-core - server started at port 5000
[2022-01-17T02:11:19.024] [INFO] ma-core - mongodb conected
[2022-01-17T02:11:25.998] [INFO] ma-core - database URI mongodb://localhost:27017/core
[2022-01-17T02:11:26.644] [INFO] ma-core - server started at port 5000
[2022-01-17T02:11:26.666] [INFO] ma-core - mongodb conected
[2022-01-17T02:11:27.671] [INFO] ma-core - database URI mongodb://localhost:27017/core
[2022-01-17T02:11:28.263] [INFO] ma-core - server started at port 5000
[2022-01-17T02:11:28.282] [INFO] ma-core - mongodb conected
[2022-01-17T02:12:59.115] [INFO] ma-core - database URI mongodb://localhost:27017/core
[2022-01-17T02:12:59.760] [INFO] ma-core - server started at port 5000
[2022-01-17T02:12:59.787] [INFO] ma-core - mongodb conected
[2022-01-17T02:13:39.282] [INFO] ma-core - database URI mongodb://localhost:27017/core
[2022-01-17T02:13:39.876] [INFO] ma-core - server started at port 5000
[2022-01-17T02:13:39.896] [INFO] ma-core - mongodb conected
[2022-01-17T02:13:41.702] [INFO] ma-core - database URI mongodb://localhost:27017/core
[2022-01-17T02:13:42.419] [INFO] ma-core - server started at port 5000
[2022-01-17T02:13:42.441] [INFO] ma-core - mongodb conected
[2022-01-17T02:13:44.816] [INFO] ma-core - database URI mongodb://localhost:27017/core
[2022-01-17T02:13:45.666] [INFO] ma-core - server started at port 5000
[2022-01-17T02:13:45.684] [INFO] ma-core - mongodb conected
[2022-01-17T02:13:47.049] [INFO] ma-core - database URI mongodb://localhost:27017/core
[2022-01-17T02:13:47.693] [INFO] ma-core - server started at port 5000
[2022-01-17T02:13:47.717] [INFO] ma-core - mongodb conected
[2022-01-17T02:13:49.581] [INFO] ma-core - database URI mongodb://localhost:27017/core
[2022-01-17T02:13:50.164] [INFO] ma-core - server started at port 5000
[2022-01-17T02:13:50.182] [INFO] ma-core - mongodb conected
[2022-01-17T02:13:59.656] [INFO] ma-core - database URI mongodb://localhost:27017/core
[2022-01-17T02:14:00.290] [INFO] ma-core - server started at port 5000
[2022-01-17T02:14:00.312] [INFO] ma-core - mongodb conected
[2022-01-17T02:14:01.291] [INFO] ma-core - database URI mongodb://localhost:27017/core
[2022-01-17T02:14:01.915] [INFO] ma-core - server started at port 5000
[2022-01-17T02:14:01.938] [INFO] ma-core - mongodb conected
[2022-01-17T02:14:04.007] [INFO] ma-core - database URI mongodb://localhost:27017/core
[2022-01-17T02:14:04.657] [INFO] ma-core - server started at port 5000
[2022-01-17T02:14:04.676] [INFO] ma-core - mongodb conected
[2022-01-17T02:14:18.173] [INFO] ma-core - database URI mongodb://localhost:27017/core
[2022-01-17T02:14:18.771] [INFO] ma-core - server started at port 5000
[2022-01-17T02:14:18.791] [INFO] ma-core - mongodb conected
[2022-01-17T02:14:20.431] [INFO] ma-core - database URI mongodb://localhost:27017/core
[2022-01-17T02:14:21.040] [INFO] ma-core - server started at port 5000
[2022-01-17T02:14:21.060] [INFO] ma-core - mongodb conected
[2022-01-17T02:14:22.790] [INFO] ma-core - database URI mongodb://localhost:27017/core
[2022-01-17T02:14:23.458] [INFO] ma-core - server started at port 5000
[2022-01-17T02:14:23.482] [INFO] ma-core - mongodb conected
[2022-01-17T02:16:07.170] [INFO] ma-core - database URI mongodb://localhost:27017/core
[2022-01-17T02:16:07.890] [INFO] ma-core - server started at port 5000
[2022-01-17T02:16:07.910] [INFO] ma-core - mongodb conected
[2022-01-17T02:16:09.946] [INFO] ma-core - database URI mongodb://localhost:27017/core
[2022-01-17T02:16:10.543] [INFO] ma-core - server started at port 5000
[2022-01-17T02:16:10.563] [INFO] ma-core - mongodb conected
[2022-01-17T02:16:12.072] [INFO] ma-core - database URI mongodb://localhost:27017/core
[2022-01-17T02:16:12.663] [INFO] ma-core - server started at port 5000
[2022-01-17T02:16:12.682] [INFO] ma-core - mongodb conected
[2022-01-17T02:16:17.019] [INFO] ma-core - database URI mongodb://localhost:27017/core
[2022-01-17T02:16:17.776] [INFO] ma-core - server started at port 5000
[2022-01-17T02:16:17.803] [INFO] ma-core - mongodb conected
[2022-01-17T02:18:04.477] [INFO] ma-core - database URI mongodb://localhost:27017/core
[2022-01-17T02:18:05.126] [INFO] ma-core - server started at port 5000
[2022-01-17T02:18:05.147] [INFO] ma-core - mongodb conected
[2022-01-17T02:18:06.738] [INFO] ma-core - database URI mongodb://localhost:27017/core
[2022-01-17T02:18:07.344] [INFO] ma-core - server started at port 5000
[2022-01-17T02:18:07.363] [INFO] ma-core - mongodb conected
[2022-01-17T02:18:07.874] [INFO] ma-core - database URI mongodb://localhost:27017/core
[2022-01-17T02:18:08.554] [INFO] ma-core - server started at port 5000
[2022-01-17T02:18:08.576] [INFO] ma-core - mongodb conected
[2022-01-17T02:18:09.327] [INFO] ma-core - database URI mongodb://localhost:27017/core
[2022-01-17T02:18:09.906] [INFO] ma-core - server started at port 5000
[2022-01-17T02:18:09.925] [INFO] ma-core - mongodb conected
[2022-01-17T02:18:12.340] [INFO] ma-core - database URI mongodb://localhost:27017/core
[2022-01-17T02:18:12.954] [INFO] ma-core - server started at port 5000
[2022-01-17T02:18:12.977] [INFO] ma-core - mongodb conected
[2022-01-17T02:18:20.181] [INFO] ma-core - database URI mongodb://localhost:27017/core
[2022-01-17T02:18:20.843] [INFO] ma-core - server started at port 5000
[2022-01-17T02:18:20.865] [INFO] ma-core - mongodb conected
[2022-01-17T02:18:21.746] [INFO] ma-core - database URI mongodb://localhost:27017/core
[2022-01-17T02:18:22.395] [INFO] ma-core - server started at port 5000
[2022-01-17T02:18:22.415] [INFO] ma-core - mongodb conected
[2022-01-17T02:21:35.431] [INFO] ma-core - database URI mongodb://localhost:27017/core
[2022-01-17T02:21:36.047] [INFO] ma-core - server started at port 5000
[2022-01-17T02:21:36.070] [INFO] ma-core - mongodb conected
[2022-01-17T02:21:44.413] [INFO] ma-core - database URI mongodb://localhost:27017/core
[2022-01-17T02:21:45.020] [INFO] ma-core - server started at port 5000
[2022-01-17T02:21:45.038] [INFO] ma-core - mongodb conected
[2022-01-17T02:23:17.251] [INFO] ma-core - database URI mongodb://localhost:27017/core
[2022-01-17T02:23:17.877] [INFO] ma-core - server started at port 5000
[2022-01-17T02:23:17.899] [INFO] ma-core - mongodb conected
[2022-01-17T02:23:50.327] [INFO] ma-core - database URI mongodb://localhost:27017/core
[2022-01-17T02:23:50.930] [INFO] ma-core - server started at port 5000
[2022-01-17T02:23:50.950] [INFO] ma-core - mongodb conected
[2022-01-17T02:23:55.993] [INFO] ma-core - database URI mongodb://localhost:27017/core
[2022-01-17T02:23:56.572] [INFO] ma-core - server started at port 5000
[2022-01-17T02:23:56.591] [INFO] ma-core - mongodb conected
[2022-01-17T02:23:57.800] [INFO] ma-core - database URI mongodb://localhost:27017/core
[2022-01-17T02:23:58.449] [INFO] ma-core - server started at port 5000
[2022-01-17T02:23:58.470] [INFO] ma-core - mongodb conected
[2022-01-17T02:24:21.455] [INFO] ma-core - database URI mongodb://localhost:27017/core
[2022-01-17T02:24:22.085] [INFO] ma-core - server started at port 5000
[2022-01-17T02:24:22.104] [INFO] ma-core - mongodb conected
[2022-01-17T02:24:24.099] [INFO] ma-core - database URI mongodb://localhost:27017/core
[2022-01-17T02:24:24.681] [INFO] ma-core - server started at port 5000
[2022-01-17T02:24:24.701] [INFO] ma-core - mongodb conected
[2022-01-17T02:25:06.964] [INFO] ma-core - database URI mongodb://localhost:27017/core
[2022-01-17T02:25:07.634] [INFO] ma-core - server started at port 5000
[2022-01-17T02:25:07.653] [INFO] ma-core - mongodb conected
[2022-01-17T02:25:08.302] [INFO] ma-core - database URI mongodb://localhost:27017/core
[2022-01-17T02:25:08.947] [INFO] ma-core - server started at port 5000
[2022-01-17T02:25:08.968] [INFO] ma-core - mongodb conected
[2022-01-17T02:25:09.469] [INFO] ma-core - database URI mongodb://localhost:27017/core
[2022-01-17T02:25:10.058] [INFO] ma-core - server started at port 5000
[2022-01-17T02:25:10.077] [INFO] ma-core - mongodb conected
[2022-01-17T02:25:13.353] [INFO] ma-core - database URI mongodb://localhost:27017/core
[2022-01-17T02:25:13.980] [INFO] ma-core - server started at port 5000
[2022-01-17T02:25:13.999] [INFO] ma-core - mongodb conected
[2022-01-17T02:25:14.898] [INFO] ma-core - database URI mongodb://localhost:27017/core
[2022-01-17T02:25:15.490] [INFO] ma-core - server started at port 5000
[2022-01-17T02:25:15.509] [INFO] ma-core - mongodb conected
[2022-01-17T02:25:17.958] [INFO] ma-core - database URI mongodb://localhost:27017/core
[2022-01-17T02:25:18.583] [INFO] ma-core - server started at port 5000
[2022-01-17T02:25:18.605] [INFO] ma-core - mongodb conected
[2022-01-17T02:25:24.361] [INFO] ma-core - database URI mongodb://localhost:27017/core
[2022-01-17T02:25:24.950] [INFO] ma-core - server started at port 5000
[2022-01-17T02:25:24.969] [INFO] ma-core - mongodb conected
[2022-01-17T02:25:31.115] [INFO] ma-core - database URI mongodb://localhost:27017/core
[2022-01-17T02:25:31.748] [INFO] ma-core - server started at port 5000
[2022-01-17T02:25:31.768] [INFO] ma-core - mongodb conected
[2022-01-17T02:25:35.918] [INFO] ma-core - database URI mongodb://localhost:27017/core
[2022-01-17T02:25:36.509] [INFO] ma-core - server started at port 5000
[2022-01-17T02:25:36.529] [INFO] ma-core - mongodb conected
[2022-01-17T02:25:42.100] [INFO] ma-core - database URI mongodb://localhost:27017/core
[2022-01-17T02:25:42.738] [INFO] ma-core - server started at port 5000
[2022-01-17T02:25:42.758] [INFO] ma-core - mongodb conected
[2022-01-17T02:33:21.731] [INFO] ma-core - database URI mongodb://localhost:27017/core
[2022-01-17T02:33:22.306] [INFO] ma-core - server started at port 5000
[2022-01-17T02:33:22.324] [INFO] ma-core - mongodb conected
[2022-01-17T02:33:29.938] [INFO] ma-core - database URI mongodb://localhost:27017/core
[2022-01-17T02:33:30.517] [INFO] ma-core - server started at port 5000
[2022-01-17T02:33:30.538] [INFO] ma-core - mongodb conected
[2022-01-17T02:40:59.809] [INFO] ma-core - get by id posts /api/newsfeed/getPostByUserID/:id GET ::1
[2022-01-17T02:42:00.244] [INFO] ma-core - database URI mongodb://localhost:27017/core
[2022-01-17T02:42:00.850] [INFO] ma-core - server started at port 5000
[2022-01-17T02:42:00.875] [INFO] ma-core - mongodb conected
[2022-01-17T02:42:02.778] [INFO] ma-core - database URI mongodb://localhost:27017/core
[2022-01-17T02:42:03.365] [INFO] ma-core - server started at port 5000
[2022-01-17T02:42:03.384] [INFO] ma-core - mongodb conected
[2022-01-17T02:42:05.604] [INFO] ma-core - database URI mongodb://localhost:27017/core
[2022-01-17T02:42:06.254] [INFO] ma-core - server started at port 5000
[2022-01-17T02:42:06.273] [INFO] ma-core - mongodb conected
[2022-01-17T02:42:24.933] [ERROR] ma-core - get All posts :News.paginate is not a function /api/newsfeed/ GET ::1
[2022-01-17T02:43:30.457] [ERROR] ma-core - get All posts :News.paginate is not a function /api/newsfeed/ GET ::1
[2022-01-17T02:44:26.646] [INFO] ma-core - database URI mongodb://localhost:27017/core
[2022-01-17T02:44:27.249] [INFO] ma-core - server started at port 5000
[2022-01-17T02:44:27.271] [INFO] ma-core - mongodb conected
[2022-01-17T02:48:05.411] [INFO] ma-core - get all result form success /api/resultform/getAllResultForm GET ::1
[2022-01-17T02:49:22.420] [ERROR] ma-core - get All posts :News.paginate is not a function /api/newsfeed/ GET ::1
[2022-01-17T02:49:42.999] [INFO] ma-core - database URI mongodb://localhost:27017/core
[2022-01-17T02:49:43.577] [INFO] ma-core - server started at port 5000
[2022-01-17T02:49:43.596] [INFO] ma-core - mongodb conected
[2022-01-17T02:49:44.459] [INFO] ma-core - database URI mongodb://localhost:27017/core
[2022-01-17T02:49:45.096] [INFO] ma-core - server started at port 5000
[2022-01-17T02:49:45.117] [INFO] ma-core - mongodb conected
[2022-01-17T02:49:54.691] [ERROR] ma-core - get All posts :News.paginate is not a function /api/newsfeed/getAllPosts GET ::1
[2022-01-17T02:53:38.376] [ERROR] ma-core - get All posts :News.paginate is not a function /api/newsfeed/getAllPosts GET ::1
[2022-01-17T02:55:26.553] [INFO] ma-core - delete posts success /api/newsfeed/deletePost/:id PATCH ::1
[2022-01-17T02:55:39.351] [INFO] ma-core - add post success /api/newsfeed/ POST ::1
[2022-01-17T02:59:45.371] [INFO] ma-core - update posts success /api/newsfeed/updatePost/:id PATCH ::1
[2022-01-17T03:00:00.009] [INFO] ma-core - Running Sync Shift 2PM UTC
[2022-01-17T03:00:08.287] [INFO] ma-core - add new shifts success /api/shift/sync PATCH ::ffff:127.0.0.1
[2022-01-17T03:00:08.300] [INFO] ma-core - sync shift success /api/shift/sync PATCH ::ffff:127.0.0.1
[2022-01-17T03:00:08.309] [INFO] ma-core - {"message":"Shift sync success"}
[2022-01-17T03:03:03.209] [INFO] ma-core - database URI mongodb://localhost:27017/core
[2022-01-17T03:03:03.847] [INFO] ma-core - server started at port 5000
[2022-01-17T03:03:03.870] [INFO] ma-core - mongodb conected
[2022-01-17T03:03:27.056] [INFO] ma-core - database URI mongodb://localhost:27017/core
[2022-01-17T03:03:27.647] [INFO] ma-core - server started at port 5000
[2022-01-17T03:03:27.668] [INFO] ma-core - mongodb conected
[2022-01-17T03:03:34.327] [INFO] ma-core - database URI mongodb://localhost:27017/core
[2022-01-17T03:03:34.982] [INFO] ma-core - server started at port 5000
[2022-01-17T03:03:35.002] [INFO] ma-core - mongodb conected
[2022-01-17T03:03:37.066] [INFO] ma-core - database URI mongodb://localhost:27017/core
[2022-01-17T03:03:37.668] [INFO] ma-core - server started at port 5000
[2022-01-17T03:03:37.687] [INFO] ma-core - mongodb conected
[2022-01-17T03:04:15.068] [INFO] ma-core - update posts success /api/newsfeed/updatePost/:id PATCH ::1
[2022-01-17T03:06:17.608] [INFO] ma-core - database URI mongodb://localhost:27017/core
[2022-01-17T03:06:18.405] [INFO] ma-core - server started at port 5000
[2022-01-17T03:06:18.426] [INFO] ma-core - mongodb conected
[2022-01-17T03:06:21.892] [INFO] ma-core - database URI mongodb://localhost:27017/core
[2022-01-17T03:06:22.524] [INFO] ma-core - server started at port 5000
[2022-01-17T03:06:22.544] [INFO] ma-core - mongodb conected
[2022-01-17T03:08:08.905] [INFO] ma-core - database URI mongodb://localhost:27017/core
[2022-01-17T03:08:09.474] [INFO] ma-core - server started at port 5000
[2022-01-17T03:08:09.495] [INFO] ma-core - mongodb conected
[2022-01-17T03:08:11.839] [INFO] ma-core - database URI mongodb://localhost:27017/core
[2022-01-17T03:08:12.472] [INFO] ma-core - server started at port 5000
[2022-01-17T03:08:12.492] [INFO] ma-core - mongodb conected
[2022-01-17T03:08:18.847] [INFO] ma-core - database URI mongodb://localhost:27017/core
[2022-01-17T03:08:19.439] [INFO] ma-core - server started at port 5000
[2022-01-17T03:08:19.458] [INFO] ma-core - mongodb conected
[2022-01-17T03:19:53.802] [INFO] ma-core - database URI mongodb://localhost:27017/core
[2022-01-17T03:19:54.394] [INFO] ma-core - server started at port 5000
[2022-01-17T03:19:54.413] [INFO] ma-core - mongodb conected
[2022-01-17T03:20:40.115] [INFO] ma-core - database URI mongodb://localhost:27017/core
[2022-01-17T03:20:40.712] [INFO] ma-core - server started at port 5000
[2022-01-17T03:20:40.741] [INFO] ma-core - mongodb conected
[2022-01-17T03:20:41.381] [INFO] ma-core - database URI mongodb://localhost:27017/core
[2022-01-17T03:20:42.002] [INFO] ma-core - server started at port 5000
[2022-01-17T03:20:42.025] [INFO] ma-core - mongodb conected
[2022-01-17T03:20:42.920] [INFO] ma-core - database URI mongodb://localhost:27017/core
[2022-01-17T03:20:43.526] [INFO] ma-core - server started at port 5000
[2022-01-17T03:20:43.551] [INFO] ma-core - mongodb conected
[2022-01-17T03:20:46.853] [INFO] ma-core - database URI mongodb://localhost:27017/core
[2022-01-17T03:20:47.463] [INFO] ma-core - server started at port 5000
[2022-01-17T03:20:47.481] [INFO] ma-core - mongodb conected
[2022-01-17T03:20:48.088] [INFO] ma-core - database URI mongodb://localhost:27017/core
[2022-01-17T03:20:48.731] [INFO] ma-core - server started at port 5000
[2022-01-17T03:20:48.750] [INFO] ma-core - mongodb conected
[2022-01-17T03:20:51.313] [INFO] ma-core - database URI mongodb://localhost:27017/core
[2022-01-17T03:20:51.909] [INFO] ma-core - server started at port 5000
[2022-01-17T03:20:51.928] [INFO] ma-core - mongodb conected
[2022-01-17T03:20:52.641] [INFO] ma-core - database URI mongodb://localhost:27017/core
[2022-01-17T03:20:53.239] [INFO] ma-core - server started at port 5000
[2022-01-17T03:20:53.258] [INFO] ma-core - mongodb conected
[2022-01-17T03:20:55.961] [INFO] ma-core - database URI mongodb://localhost:27017/core
[2022-01-17T03:20:56.553] [INFO] ma-core - server started at port 5000
[2022-01-17T03:20:56.575] [INFO] ma-core - mongodb conected
[2022-01-17T03:20:57.903] [INFO] ma-core - database URI mongodb://localhost:27017/core
[2022-01-17T03:20:58.484] [INFO] ma-core - server started at port 5000
[2022-01-17T03:20:58.503] [INFO] ma-core - mongodb conected
[2022-01-17T03:21:23.056] [INFO] ma-core - database URI mongodb://localhost:27017/core
[2022-01-17T03:21:23.700] [INFO] ma-core - server started at port 5000
[2022-01-17T03:21:23.720] [INFO] ma-core - mongodb conected
[2022-01-17T03:21:27.047] [INFO] ma-core - database URI mongodb://localhost:27017/core
[2022-01-17T03:21:27.654] [INFO] ma-core - server started at port 5000
[2022-01-17T03:21:27.677] [INFO] ma-core - mongodb conected
[2022-01-17T03:21:29.346] [INFO] ma-core - database URI mongodb://localhost:27017/core
[2022-01-17T03:21:29.993] [INFO] ma-core - server started at port 5000
[2022-01-17T03:21:30.017] [INFO] ma-core - mongodb conected
[2022-01-17T03:21:30.909] [INFO] ma-core - database URI mongodb://localhost:27017/core
[2022-01-17T03:21:31.504] [INFO] ma-core - server started at port 5000
[2022-01-17T03:21:31.526] [INFO] ma-core - mongodb conected
[2022-01-17T03:21:34.043] [INFO] ma-core - database URI mongodb://localhost:27017/core
[2022-01-17T03:21:34.653] [INFO] ma-core - server started at port 5000
[2022-01-17T03:21:34.672] [INFO] ma-core - mongodb conected
[2022-01-17T03:21:54.380] [INFO] ma-core - database URI mongodb://localhost:27017/core
[2022-01-17T03:21:55.016] [INFO] ma-core - server started at port 5000
[2022-01-17T03:21:55.037] [INFO] ma-core - mongodb conected
[2022-01-17T03:21:56.846] [INFO] ma-core - database URI mongodb://localhost:27017/core
[2022-01-17T03:21:57.457] [INFO] ma-core - server started at port 5000
[2022-01-17T03:21:57.476] [INFO] ma-core - mongodb conected
[2022-01-17T03:22:25.227] [INFO] ma-core - database URI mongodb://localhost:27017/core
[2022-01-17T03:22:25.822] [INFO] ma-core - server started at port 5000
[2022-01-17T03:22:25.841] [INFO] ma-core - mongodb conected
[2022-01-17T03:22:28.619] [INFO] ma-core - database URI mongodb://localhost:27017/core
[2022-01-17T03:22:29.206] [INFO] ma-core - server started at port 5000
[2022-01-17T03:22:29.226] [INFO] ma-core - mongodb conected
[2022-01-17T03:23:40.289] [INFO] ma-core - database URI mongodb://localhost:27017/core
[2022-01-17T03:23:40.922] [INFO] ma-core - server started at port 5000
[2022-01-17T03:23:40.943] [INFO] ma-core - mongodb conected
[2022-01-17T03:23:46.317] [INFO] ma-core - database URI mongodb://localhost:27017/core
[2022-01-17T03:23:46.933] [INFO] ma-core - server started at port 5000
[2022-01-17T03:23:46.953] [INFO] ma-core - mongodb conected
[2022-01-17T03:24:38.093] [INFO] ma-core - like posts success /api/newsfeed/like/:id PUT ::1
[2022-01-17T03:25:15.417] [INFO] ma-core - like posts success /api/newsfeed/like/:id PUT ::1
[2022-01-17T03:27:02.156] [INFO] ma-core - database URI mongodb://localhost:27017/core
[2022-01-17T03:27:02.762] [INFO] ma-core - server started at port 5000
[2022-01-17T03:27:02.782] [INFO] ma-core - mongodb conected
[2022-01-17T03:27:05.522] [INFO] ma-core - database URI mongodb://localhost:27017/core
[2022-01-17T03:27:06.298] [INFO] ma-core - server started at port 5000
[2022-01-17T03:27:06.316] [INFO] ma-core - mongodb conected
[2022-01-17T03:27:09.061] [INFO] ma-core - unlike posts success /api/newsfeed/unlike/:id PUT ::1
[2022-01-17T03:28:08.353] [ERROR] ma-core - get All posts :News.paginate is not a function /api/newsfeed/getAllPosts GET ::1
[2022-01-17T03:32:02.351] [INFO] ma-core - database URI mongodb://localhost:27017/core
[2022-01-17T03:32:02.962] [INFO] ma-core - server started at port 5000
[2022-01-17T03:32:02.986] [INFO] ma-core - mongodb conected
[2022-01-17T03:32:07.425] [INFO] ma-core - database URI mongodb://localhost:27017/core
[2022-01-17T03:32:08.030] [INFO] ma-core - server started at port 5000
[2022-01-17T03:32:08.051] [INFO] ma-core - mongodb conected
[2022-01-17T03:32:10.425] [INFO] ma-core - database URI mongodb://localhost:27017/core
[2022-01-17T03:32:11.021] [INFO] ma-core - server started at port 5000
[2022-01-17T03:32:11.041] [INFO] ma-core - mongodb conected
[2022-01-17T03:32:15.766] [INFO] ma-core - database URI mongodb://localhost:27017/core
[2022-01-17T03:32:16.494] [INFO] ma-core - server started at port 5000
[2022-01-17T03:32:16.521] [INFO] ma-core - mongodb conected
[2022-01-17T03:32:17.840] [INFO] ma-core - database URI mongodb://localhost:27017/core
[2022-01-17T03:32:18.457] [INFO] ma-core - server started at port 5000
[2022-01-17T03:32:18.476] [INFO] ma-core - mongodb conected
[2022-01-17T03:32:27.184] [INFO] ma-core - database URI mongodb://localhost:27017/core
[2022-01-17T03:32:27.791] [INFO] ma-core - server started at port 5000
[2022-01-17T03:32:27.814] [INFO] ma-core - mongodb conected
[2022-01-17T03:32:28.500] [INFO] ma-core - database URI mongodb://localhost:27017/core
[2022-01-17T03:32:29.101] [INFO] ma-core - server started at port 5000
[2022-01-17T03:32:29.121] [INFO] ma-core - mongodb conected
[2022-01-17T03:32:33.642] [ERROR] ma-core - get All posts :News.paginate is not a function /api/newsfeed/getAllPosts GET ::1
[2022-01-17T03:32:45.287] [ERROR] ma-core - get All posts :News.paginate is not a function /api/newsfeed/getAllPosts GET ::1
[2022-01-17T03:33:47.144] [INFO] ma-core - database URI mongodb://localhost:27017/core
[2022-01-17T03:33:47.910] [INFO] ma-core - server started at port 5000
[2022-01-17T03:33:47.931] [INFO] ma-core - mongodb conected
[2022-01-17T03:33:55.926] [INFO] ma-core - database URI mongodb://localhost:27017/core
[2022-01-17T03:33:56.791] [INFO] ma-core - server started at port 5000
[2022-01-17T03:33:56.820] [INFO] ma-core - mongodb conected
[2022-01-17T03:33:58.256] [INFO] ma-core - database URI mongodb://localhost:27017/core
[2022-01-17T03:33:59.013] [INFO] ma-core - server started at port 5000
[2022-01-17T03:33:59.047] [INFO] ma-core - mongodb conected
[2022-01-17T03:34:00.300] [INFO] ma-core - database URI mongodb://localhost:27017/core
[2022-01-17T03:34:00.889] [INFO] ma-core - server started at port 5000
[2022-01-17T03:34:00.908] [INFO] ma-core - mongodb conected
[2022-01-17T03:34:03.122] [INFO] ma-core - database URI mongodb://localhost:27017/core
[2022-01-17T03:34:03.711] [INFO] ma-core - server started at port 5000
[2022-01-17T03:34:03.730] [INFO] ma-core - mongodb conected
[2022-01-17T03:34:04.758] [INFO] ma-core - database URI mongodb://localhost:27017/core
[2022-01-17T03:34:05.349] [INFO] ma-core - server started at port 5000
[2022-01-17T03:34:05.369] [INFO] ma-core - mongodb conected
[2022-01-17T03:34:17.354] [ERROR] ma-core - get All posts :News.paginate is not a function /api/newsfeed/getAllPosts GET ::1
[2022-01-17T03:35:32.835] [ERROR] ma-core - get All posts :News.paginate is not a function /api/newsfeed/getAllPosts GET ::1
[2022-01-17T03:36:50.031] [INFO] ma-core - database URI mongodb://localhost:27017/core
[2022-01-17T03:36:50.979] [INFO] ma-core - server started at port 5000
[2022-01-17T03:36:50.999] [INFO] ma-core - mongodb conected
[2022-01-17T03:36:53.975] [INFO] ma-core - database URI mongodb://localhost:27017/core
[2022-01-17T03:36:54.575] [INFO] ma-core - server started at port 5000
[2022-01-17T03:36:54.594] [INFO] ma-core - mongodb conected
[2022-01-17T03:36:56.305] [INFO] ma-core - database URI mongodb://localhost:27017/core
[2022-01-17T03:36:56.950] [INFO] ma-core - server started at port 5000
[2022-01-17T03:36:56.969] [INFO] ma-core - mongodb conected
[2022-01-17T03:37:06.391] [INFO] ma-core - database URI mongodb://localhost:27017/core
[2022-01-17T03:37:07.005] [INFO] ma-core - server started at port 5000
[2022-01-17T03:37:07.025] [INFO] ma-core - mongodb conected
[2022-01-17T03:37:09.790] [INFO] ma-core - database URI mongodb://localhost:27017/core
[2022-01-17T03:37:10.437] [INFO] ma-core - server started at port 5000
[2022-01-17T03:37:10.460] [INFO] ma-core - mongodb conected
[2022-01-17T03:37:11.683] [ERROR] ma-core - get All posts :News.paginate is not a function /api/newsfeed/getAllPosts GET ::1
[2022-01-17T03:38:38.002] [ERROR] ma-core - get All posts :News.paginate is not a function /api/newsfeed/getAllPosts GET ::1
[2022-01-17T03:38:41.473] [INFO] ma-core - get all result form success /api/resultform/getAllResultForm GET ::1
[2022-01-17T03:40:01.268] [INFO] ma-core - database URI mongodb://localhost:27017/core
[2022-01-17T03:40:01.959] [INFO] ma-core - server started at port 5000
[2022-01-17T03:40:01.983] [INFO] ma-core - mongodb conected
[2022-01-17T03:40:15.266] [INFO] ma-core - database URI mongodb://localhost:27017/core
[2022-01-17T03:40:15.883] [INFO] ma-core - server started at port 5000
[2022-01-17T03:40:15.906] [INFO] ma-core - mongodb conected
[2022-01-17T03:41:21.258] [INFO] ma-core - database URI mongodb://localhost:27017/core
[2022-01-17T03:41:21.893] [INFO] ma-core - server started at port 5000
[2022-01-17T03:41:21.916] [INFO] ma-core - mongodb conected
[2022-01-17T03:41:27.095] [INFO] ma-core - get all posts success /api/newsfeed/getAllPosts GET ::1
[2022-01-17T10:45:02.988] [INFO] ma-core - database URI mongodb://localhost:27017/core
[2022-01-17T10:45:03.672] [INFO] ma-core - server started at port 5000
[2022-01-17T10:45:03.691] [INFO] ma-core - mongodb conected
[2022-01-17T10:46:06.460] [INFO] ma-core - database URI mongodb://localhost:27017/core
[2022-01-17T10:46:07.155] [INFO] ma-core - server started at port 5000
[2022-01-17T10:46:07.182] [INFO] ma-core - mongodb conected
[2022-01-17T10:46:24.581] [INFO] ma-core - database URI mongodb://localhost:27017/core
[2022-01-17T10:46:25.147] [INFO] ma-core - server started at port 5000
[2022-01-17T10:46:25.170] [INFO] ma-core - mongodb conected
[2022-01-17T10:46:44.266] [INFO] ma-core - database URI mongodb://localhost:27017/core
[2022-01-17T10:46:44.858] [INFO] ma-core - server started at port 5000
[2022-01-17T10:46:44.877] [INFO] ma-core - mongodb conected
[2022-01-17T10:46:52.985] [INFO] ma-core - database URI mongodb://localhost:27017/core
[2022-01-17T10:46:53.664] [INFO] ma-core - server started at port 5000
[2022-01-17T10:46:53.689] [INFO] ma-core - mongodb conected
[2022-01-17T10:50:28.086] [INFO] ma-core - database URI mongodb://localhost:27017/core
[2022-01-17T10:50:28.766] [INFO] ma-core - server started at port 5000
[2022-01-17T10:50:28.786] [INFO] ma-core - mongodb conected
[2022-01-17T10:53:34.340] [INFO] ma-core - database URI mongodb://localhost:27017/core
[2022-01-17T10:53:34.966] [INFO] ma-core - server started at port 5000
[2022-01-17T10:53:34.989] [INFO] ma-core - mongodb conected
[2022-01-17T10:58:42.578] [INFO] ma-core - database URI mongodb://localhost:27017/core
[2022-01-17T10:58:43.184] [INFO] ma-core - server started at port 5000
[2022-01-17T10:58:43.207] [INFO] ma-core - mongodb conected
[2022-01-17T11:00:41.678] [INFO] ma-core - database URI mongodb://localhost:27017/core
[2022-01-17T11:00:42.249] [INFO] ma-core - server started at port 5000
[2022-01-17T11:00:42.270] [INFO] ma-core - mongodb conected
[2022-01-17T11:00:55.202] [INFO] ma-core - database URI mongodb://localhost:27017/core
[2022-01-17T11:00:55.781] [INFO] ma-core - server started at port 5000
[2022-01-17T11:00:55.800] [INFO] ma-core - mongodb conected
[2022-01-17T11:00:56.553] [INFO] ma-core - database URI mongodb://localhost:27017/core
[2022-01-17T11:00:57.193] [INFO] ma-core - server started at port 5000
[2022-01-17T11:00:57.222] [INFO] ma-core - mongodb conected
[2022-01-17T11:00:57.660] [INFO] ma-core - database URI mongodb://localhost:27017/core
[2022-01-17T11:00:58.240] [INFO] ma-core - server started at port 5000
[2022-01-17T11:00:58.259] [INFO] ma-core - mongodb conected
[2022-01-17T11:01:01.024] [INFO] ma-core - database URI mongodb://localhost:27017/core
[2022-01-17T11:01:01.681] [INFO] ma-core - server started at port 5000
[2022-01-17T11:01:01.700] [INFO] ma-core - mongodb conected
[2022-01-17T11:01:02.408] [INFO] ma-core - database URI mongodb://localhost:27017/core
[2022-01-17T11:01:02.974] [INFO] ma-core - server started at port 5000
[2022-01-17T11:01:02.994] [INFO] ma-core - mongodb conected
[2022-01-17T11:01:04.601] [INFO] ma-core - database URI mongodb://localhost:27017/core
[2022-01-17T11:01:05.212] [INFO] ma-core - server started at port 5000
[2022-01-17T11:01:05.231] [INFO] ma-core - mongodb conected
[2022-01-17T11:01:11.420] [INFO] ma-core - database URI mongodb://localhost:27017/core
[2022-01-17T11:01:12.011] [INFO] ma-core - server started at port 5000
[2022-01-17T11:01:12.034] [INFO] ma-core - mongodb conected
[2022-01-17T11:01:14.406] [INFO] ma-core - database URI mongodb://localhost:27017/core
[2022-01-17T11:01:15.007] [INFO] ma-core - server started at port 5000
[2022-01-17T11:01:15.027] [INFO] ma-core - mongodb conected
[2022-01-17T11:01:17.874] [INFO] ma-core - database URI mongodb://localhost:27017/core
[2022-01-17T11:01:18.441] [INFO] ma-core - server started at port 5000
[2022-01-17T11:01:18.460] [INFO] ma-core - mongodb conected
[2022-01-17T11:01:38.844] [INFO] ma-core - database URI mongodb://localhost:27017/core
[2022-01-17T11:01:39.395] [INFO] ma-core - server started at port 5000
[2022-01-17T11:01:39.417] [INFO] ma-core - mongodb conected
[2022-01-17T11:01:41.452] [INFO] ma-core - database URI mongodb://localhost:27017/core
[2022-01-17T11:01:42.018] [INFO] ma-core - server started at port 5000
[2022-01-17T11:01:42.040] [INFO] ma-core - mongodb conected
[2022-01-17T11:01:45.930] [INFO] ma-core - database URI mongodb://localhost:27017/core
[2022-01-17T11:01:46.539] [INFO] ma-core - server started at port 5000
[2022-01-17T11:01:46.562] [INFO] ma-core - mongodb conected
[2022-01-17T11:01:47.339] [INFO] ma-core - database URI mongodb://localhost:27017/core
[2022-01-17T11:01:47.894] [INFO] ma-core - server started at port 5000
[2022-01-17T11:01:47.913] [INFO] ma-core - mongodb conected
[2022-01-17T11:01:49.386] [INFO] ma-core - database URI mongodb://localhost:27017/core
[2022-01-17T11:01:49.976] [INFO] ma-core - server started at port 5000
[2022-01-17T11:01:50.006] [INFO] ma-core - mongodb conected
[2022-01-17T11:01:51.355] [INFO] ma-core - database URI mongodb://localhost:27017/core
[2022-01-17T11:01:52.081] [INFO] ma-core - server started at port 5000
[2022-01-17T11:01:52.107] [INFO] ma-core - mongodb conected
[2022-01-17T11:02:29.376] [INFO] ma-core - database URI mongodb://localhost:27017/core
[2022-01-17T11:02:30.036] [INFO] ma-core - server started at port 5000
[2022-01-17T11:02:30.056] [INFO] ma-core - mongodb conected
[2022-01-17T11:03:09.252] [INFO] ma-core - database URI mongodb://localhost:27017/core
[2022-01-17T11:03:09.832] [INFO] ma-core - server started at port 5000
[2022-01-17T11:03:09.852] [INFO] ma-core - mongodb conected
[2022-01-17T11:03:14.975] [INFO] ma-core - database URI mongodb://localhost:27017/core
[2022-01-17T11:03:15.527] [INFO] ma-core - server started at port 5000
[2022-01-17T11:03:15.549] [INFO] ma-core - mongodb conected
[2022-01-17T11:03:26.077] [INFO] ma-core - database URI mongodb://localhost:27017/core
[2022-01-17T11:03:26.655] [INFO] ma-core - server started at port 5000
[2022-01-17T11:03:26.674] [INFO] ma-core - mongodb conected
[2022-01-17T11:03:28.246] [INFO] ma-core - database URI mongodb://localhost:27017/core
[2022-01-17T11:03:28.801] [INFO] ma-core - server started at port 5000
[2022-01-17T11:03:28.823] [INFO] ma-core - mongodb conected
[2022-01-17T11:03:36.082] [INFO] ma-core - database URI mongodb://localhost:27017/core
[2022-01-17T11:03:36.682] [INFO] ma-core - server started at port 5000
[2022-01-17T11:03:36.705] [INFO] ma-core - mongodb conected
[2022-01-17T11:04:07.331] [INFO] ma-core - database URI mongodb://localhost:27017/core
[2022-01-17T11:04:07.986] [INFO] ma-core - server started at port 5000
[2022-01-17T11:04:08.005] [INFO] ma-core - mongodb conected
[2022-01-17T11:04:10.306] [INFO] ma-core - database URI mongodb://localhost:27017/core
[2022-01-17T11:04:10.865] [INFO] ma-core - server started at port 5000
[2022-01-17T11:04:10.887] [INFO] ma-core - mongodb conected
[2022-01-17T11:04:31.615] [INFO] ma-core - database URI mongodb://localhost:27017/core
[2022-01-17T11:04:32.224] [INFO] ma-core - server started at port 5000
[2022-01-17T11:04:32.251] [INFO] ma-core - mongodb conected
[2022-01-17T11:04:38.629] [INFO] ma-core - database URI mongodb://localhost:27017/core
[2022-01-17T11:04:39.215] [INFO] ma-core - server started at port 5000
[2022-01-17T11:04:39.244] [INFO] ma-core - mongodb conected
[2022-01-17T11:04:39.767] [INFO] ma-core - database URI mongodb://localhost:27017/core
[2022-01-17T11:04:40.325] [INFO] ma-core - server started at port 5000
[2022-01-17T11:04:40.350] [INFO] ma-core - mongodb conected
[2022-01-17T11:04:42.817] [INFO] ma-core - database URI mongodb://localhost:27017/core
[2022-01-17T11:04:43.379] [INFO] ma-core - server started at port 5000
[2022-01-17T11:04:43.399] [INFO] ma-core - mongodb conected
[2022-01-17T11:04:58.834] [INFO] ma-core - database URI mongodb://localhost:27017/core
[2022-01-17T11:04:59.428] [INFO] ma-core - server started at port 5000
[2022-01-17T11:04:59.451] [INFO] ma-core - mongodb conected
[2022-01-17T11:05:00.115] [INFO] ma-core - database URI mongodb://localhost:27017/core
[2022-01-17T11:05:00.669] [INFO] ma-core - server started at port 5000
[2022-01-17T11:05:00.692] [INFO] ma-core - mongodb conected
[2022-01-17T11:05:13.423] [INFO] ma-core - database URI mongodb://localhost:27017/core
[2022-01-17T11:05:14.039] [INFO] ma-core - server started at port 5000
[2022-01-17T11:05:14.062] [INFO] ma-core - mongodb conected
[2022-01-17T11:05:24.128] [INFO] ma-core - database URI mongodb://localhost:27017/core
[2022-01-17T11:05:24.751] [INFO] ma-core - server started at port 5000
[2022-01-17T11:05:24.775] [INFO] ma-core - mongodb conected
[2022-01-17T11:05:25.619] [INFO] ma-core - database URI mongodb://localhost:27017/core
[2022-01-17T11:05:26.248] [INFO] ma-core - server started at port 5000
[2022-01-17T11:05:26.272] [INFO] ma-core - mongodb conected
[2022-01-17T11:05:26.736] [INFO] ma-core - database URI mongodb://localhost:27017/core
[2022-01-17T11:05:27.327] [INFO] ma-core - server started at port 5000
[2022-01-17T11:05:27.351] [INFO] ma-core - mongodb conected
[2022-01-17T11:05:34.915] [INFO] ma-core - database URI mongodb://localhost:27017/core
[2022-01-17T11:05:35.477] [INFO] ma-core - server started at port 5000
[2022-01-17T11:05:35.497] [INFO] ma-core - mongodb conected
[2022-01-17T11:05:45.760] [INFO] ma-core - database URI mongodb://localhost:27017/core
[2022-01-17T11:05:46.317] [INFO] ma-core - server started at port 5000
[2022-01-17T11:05:46.340] [INFO] ma-core - mongodb conected
[2022-01-17T11:05:55.691] [INFO] ma-core - database URI mongodb://localhost:27017/core
[2022-01-17T11:05:56.271] [INFO] ma-core - server started at port 5000
[2022-01-17T11:05:56.295] [INFO] ma-core - mongodb conected
[2022-01-17T11:08:51.662] [INFO] ma-core - add post success /api/newsfeed/ POST ::1
[2022-01-17T11:09:43.159] [INFO] ma-core - database URI mongodb://localhost:27017/core
[2022-01-17T11:09:43.717] [INFO] ma-core - server started at port 5000
[2022-01-17T11:09:43.736] [INFO] ma-core - mongodb conected
[2022-01-17T11:10:13.969] [INFO] ma-core - database URI mongodb://localhost:27017/core
[2022-01-17T11:10:14.572] [INFO] ma-core - server started at port 5000
[2022-01-17T11:10:14.599] [INFO] ma-core - mongodb conected
[2022-01-17T11:10:22.467] [INFO] ma-core - database URI mongodb://localhost:27017/core
[2022-01-17T11:10:23.030] [INFO] ma-core - server started at port 5000
[2022-01-17T11:10:23.050] [INFO] ma-core - mongodb conected
[2022-01-17T11:10:26.778] [INFO] ma-core - database URI mongodb://localhost:27017/core
[2022-01-17T11:10:27.520] [INFO] ma-core - server started at port 5000
[2022-01-17T11:10:27.538] [INFO] ma-core - mongodb conected
[2022-01-17T11:10:28.494] [INFO] ma-core - database URI mongodb://localhost:27017/core
[2022-01-17T11:10:29.049] [INFO] ma-core - server started at port 5000
[2022-01-17T11:10:29.068] [INFO] ma-core - mongodb conected
[2022-01-17T11:10:56.503] [INFO] ma-core - database URI mongodb://localhost:27017/core
[2022-01-17T11:10:57.055] [INFO] ma-core - server started at port 5000
[2022-01-17T11:10:57.077] [INFO] ma-core - mongodb conected
[2022-01-17T11:11:04.557] [INFO] ma-core - database URI mongodb://localhost:27017/core
[2022-01-17T11:11:05.113] [INFO] ma-core - server started at port 5000
[2022-01-17T11:11:05.134] [INFO] ma-core - mongodb conected
[2022-01-17T11:11:20.062] [INFO] ma-core - database URI mongodb://localhost:27017/core
[2022-01-17T11:11:20.626] [INFO] ma-core - server started at port 5000
[2022-01-17T11:11:20.649] [INFO] ma-core - mongodb conected
[2022-01-17T11:11:27.392] [INFO] ma-core - database URI mongodb://localhost:27017/core
[2022-01-17T11:11:27.944] [INFO] ma-core - server started at port 5000
[2022-01-17T11:11:27.963] [INFO] ma-core - mongodb conected
[2022-01-17T11:11:33.362] [INFO] ma-core - database URI mongodb://localhost:27017/core
[2022-01-17T11:11:33.914] [INFO] ma-core - server started at port 5000
[2022-01-17T11:11:33.932] [INFO] ma-core - mongodb conected
[2022-01-17T11:11:36.144] [INFO] ma-core - database URI mongodb://localhost:27017/core
[2022-01-17T11:11:36.708] [INFO] ma-core - server started at port 5000
[2022-01-17T11:11:36.730] [INFO] ma-core - mongodb conected
[2022-01-17T11:11:37.488] [INFO] ma-core - database URI mongodb://localhost:27017/core
[2022-01-17T11:11:38.046] [INFO] ma-core - server started at port 5000
[2022-01-17T11:11:38.066] [INFO] ma-core - mongodb conected
[2022-01-17T11:12:00.763] [INFO] ma-core - database URI mongodb://localhost:27017/core
[2022-01-17T11:12:01.366] [INFO] ma-core - server started at port 5000
[2022-01-17T11:12:01.394] [INFO] ma-core - mongodb conected
[2022-01-17T11:12:04.042] [INFO] ma-core - database URI mongodb://localhost:27017/core
[2022-01-17T11:12:04.627] [INFO] ma-core - server started at port 5000
[2022-01-17T11:12:04.651] [INFO] ma-core - mongodb conected
[2022-01-17T11:12:07.862] [INFO] ma-core - database URI mongodb://localhost:27017/core
[2022-01-17T11:12:08.447] [INFO] ma-core - server started at port 5000
[2022-01-17T11:12:08.473] [INFO] ma-core - mongodb conected
[2022-01-17T11:12:09.551] [INFO] ma-core - database URI mongodb://localhost:27017/core
[2022-01-17T11:12:10.131] [INFO] ma-core - server started at port 5000
[2022-01-17T11:12:10.151] [INFO] ma-core - mongodb conected
[2022-01-17T11:12:13.395] [INFO] ma-core - database URI mongodb://localhost:27017/core
[2022-01-17T11:12:13.979] [INFO] ma-core - server started at port 5000
[2022-01-17T11:12:13.998] [INFO] ma-core - mongodb conected
[2022-01-17T11:18:58.827] [INFO] ma-core - database URI mongodb://localhost:27017/core
[2022-01-17T11:18:59.453] [INFO] ma-core - server started at port 5000
[2022-01-17T11:18:59.475] [INFO] ma-core - mongodb conected
[2022-01-17T11:19:11.913] [INFO] ma-core - database URI mongodb://localhost:27017/core
[2022-01-17T11:19:12.499] [INFO] ma-core - server started at port 5000
[2022-01-17T11:19:12.520] [INFO] ma-core - mongodb conected
[2022-01-17T11:19:28.467] [INFO] ma-core - database URI mongodb://localhost:27017/core
[2022-01-17T11:19:29.164] [INFO] ma-core - server started at port 5000
[2022-01-17T11:19:29.188] [INFO] ma-core - mongodb conected
[2022-01-17T11:19:39.486] [INFO] ma-core - database URI mongodb://localhost:27017/core
[2022-01-17T11:19:40.057] [INFO] ma-core - server started at port 5000
[2022-01-17T11:19:40.077] [INFO] ma-core - mongodb conected
[2022-01-17T11:22:02.305] [INFO] ma-core - database URI mongodb://localhost:27017/core
[2022-01-17T11:22:02.944] [INFO] ma-core - server started at port 5000
[2022-01-17T11:22:02.975] [INFO] ma-core - mongodb conected
[2022-01-17T11:22:04.048] [INFO] ma-core - database URI mongodb://localhost:27017/core
[2022-01-17T11:22:04.642] [INFO] ma-core - server started at port 5000
[2022-01-17T11:22:04.661] [INFO] ma-core - mongodb conected
[2022-01-17T11:22:05.445] [INFO] ma-core - database URI mongodb://localhost:27017/core
[2022-01-17T11:22:06.022] [INFO] ma-core - server started at port 5000
[2022-01-17T11:22:06.042] [INFO] ma-core - mongodb conected
[2022-01-17T11:22:08.171] [INFO] ma-core - database URI mongodb://localhost:27017/core
[2022-01-17T11:22:08.759] [INFO] ma-core - server started at port 5000
[2022-01-17T11:22:08.778] [INFO] ma-core - mongodb conected
[2022-01-17T11:22:28.677] [INFO] ma-core - database URI mongodb://localhost:27017/core
[2022-01-17T11:22:29.348] [INFO] ma-core - server started at port 5000
[2022-01-17T11:22:29.375] [INFO] ma-core - mongodb conected
[2022-01-17T11:22:38.440] [INFO] ma-core - database URI mongodb://localhost:27017/core
[2022-01-17T11:22:39.133] [INFO] ma-core - server started at port 5000
[2022-01-17T11:22:39.159] [INFO] ma-core - mongodb conected
[2022-01-17T11:23:00.202] [INFO] ma-core - database URI mongodb://localhost:27017/core
[2022-01-17T11:23:00.798] [INFO] ma-core - server started at port 5000
[2022-01-17T11:23:00.822] [INFO] ma-core - mongodb conected
[2022-01-17T11:23:02.056] [INFO] ma-core - database URI mongodb://localhost:27017/core
[2022-01-17T11:23:02.627] [INFO] ma-core - server started at port 5000
[2022-01-17T11:23:02.649] [INFO] ma-core - mongodb conected
[2022-01-17T11:23:04.234] [INFO] ma-core - database URI mongodb://localhost:27017/core
[2022-01-17T11:23:04.893] [INFO] ma-core - server started at port 5000
[2022-01-17T11:23:04.913] [INFO] ma-core - mongodb conected
[2022-01-17T11:23:19.814] [INFO] ma-core - database URI mongodb://localhost:27017/core
[2022-01-17T11:23:20.401] [INFO] ma-core - server started at port 5000
[2022-01-17T11:23:20.424] [INFO] ma-core - mongodb conected
[2022-01-17T11:24:54.331] [INFO] ma-core - database URI mongodb://localhost:27017/core
[2022-01-17T11:24:54.909] [INFO] ma-core - server started at port 5000
[2022-01-17T11:24:54.928] [INFO] ma-core - mongodb conected
[2022-01-17T11:25:27.171] [INFO] ma-core - database URI mongodb://localhost:27017/core
[2022-01-17T11:25:27.744] [INFO] ma-core - server started at port 5000
[2022-01-17T11:25:27.763] [INFO] ma-core - mongodb conected
[2022-01-17T11:25:28.450] [INFO] ma-core - database URI mongodb://localhost:27017/core
[2022-01-17T11:25:29.023] [INFO] ma-core - server started at port 5000
[2022-01-17T11:25:29.045] [INFO] ma-core - mongodb conected
[2022-01-17T11:25:43.007] [INFO] ma-core - database URI mongodb://localhost:27017/core
[2022-01-17T11:25:43.616] [INFO] ma-core - server started at port 5000
[2022-01-17T11:25:43.639] [INFO] ma-core - mongodb conected
[2022-01-17T11:25:51.706] [INFO] ma-core - database URI mongodb://localhost:27017/core
[2022-01-17T11:25:52.273] [INFO] ma-core - server started at port 5000
[2022-01-17T11:25:52.294] [INFO] ma-core - mongodb conected
[2022-01-17T17:14:45.975] [INFO] ma-core - database URI mongodb://localhost:27017/core
[2022-01-17T17:14:46.650] [INFO] ma-core - server started at port 5000
[2022-01-17T17:14:46.681] [INFO] ma-core - mongodb conected
[2022-01-17T17:14:56.547] [INFO] ma-core - add post success /api/newsfeed/ POST ::1
[2022-01-17T17:16:13.753] [INFO] ma-core - get by id posts /api/newsfeed/getPostByUserID/:id GET ::1
[2022-01-17T17:17:29.715] [INFO] ma-core - database URI mongodb://localhost:27017/core
[2022-01-17T17:17:30.308] [INFO] ma-core - server started at port 5000
[2022-01-17T17:17:30.328] [INFO] ma-core - mongodb conected
[2022-01-17T17:17:37.900] [INFO] ma-core - get by id posts /api/newsfeed/getPostByUserID/:id GET ::1
[2022-01-17T17:20:49.144] [INFO] ma-core - database URI mongodb://localhost:27017/core
[2022-01-17T17:20:49.801] [INFO] ma-core - server started at port 5000
[2022-01-17T17:20:49.826] [INFO] ma-core - mongodb conected
[2022-01-17T17:23:47.143] [INFO] ma-core - database URI mongodb://localhost:27017/core
[2022-01-17T17:23:47.830] [INFO] ma-core - server started at port 5000
[2022-01-17T17:23:47.850] [INFO] ma-core - mongodb conected
[2022-01-17T17:24:14.942] [INFO] ma-core - database URI mongodb://localhost:27017/core
[2022-01-17T17:24:15.574] [INFO] ma-core - server started at port 5000
[2022-01-17T17:24:15.600] [INFO] ma-core - mongodb conected
[2022-01-17T17:24:18.520] [INFO] ma-core - database URI mongodb://localhost:27017/core
[2022-01-17T17:24:19.437] [INFO] ma-core - server started at port 5000
[2022-01-17T17:24:19.483] [INFO] ma-core - mongodb conected
[2022-01-17T17:24:33.074] [INFO] ma-core - database URI mongodb://localhost:27017/core
[2022-01-17T17:24:33.743] [INFO] ma-core - server started at port 5000
[2022-01-17T17:24:33.796] [INFO] ma-core - mongodb conected
[2022-01-17T17:25:11.719] [INFO] ma-core - get by id posts /api/newsfeed/getPostByUserID/:id GET ::1
[2022-01-17T17:28:59.134] [ERROR] ma-core - get by id posts :post not found /api/newsfeed/getPostByUserID/:id GET ::1
[2022-01-17T17:30:41.046] [INFO] ma-core - add post success /api/newsfeed/ POST ::1
[2022-01-17T17:30:46.290] [INFO] ma-core - get by id posts /api/newsfeed/getPostByUserID/:id GET ::1
[2022-01-17T17:32:10.276] [INFO] ma-core - get all posts success /api/newsfeed/getAllPosts GET ::1
[2022-01-17T17:33:08.405] [INFO] ma-core - update posts success /api/newsfeed/updatePost/:id PATCH ::1
[2022-01-17T17:33:21.320] [INFO] ma-core - get all posts success /api/newsfeed/getAllPosts GET ::1
[2022-01-17T17:34:23.502] [INFO] ma-core - database URI mongodb://localhost:27017/core
[2022-01-17T17:34:24.178] [INFO] ma-core - server started at port 5000
[2022-01-17T17:34:24.219] [INFO] ma-core - mongodb conected
[2022-01-17T17:34:25.168] [INFO] ma-core - database URI mongodb://localhost:27017/core
[2022-01-17T17:34:25.932] [INFO] ma-core - server started at port 5000
[2022-01-17T17:34:25.957] [INFO] ma-core - mongodb conected
[2022-01-17T17:34:30.104] [INFO] ma-core - database URI mongodb://localhost:27017/core
[2022-01-17T17:34:30.757] [INFO] ma-core - server started at port 5000
[2022-01-17T17:34:30.792] [INFO] ma-core - mongodb conected
[2022-01-17T17:34:31.253] [INFO] ma-core - database URI mongodb://localhost:27017/core
[2022-01-17T17:34:31.854] [INFO] ma-core - server started at port 5000
[2022-01-17T17:34:31.874] [INFO] ma-core - mongodb conected
[2022-01-17T17:34:36.058] [INFO] ma-core - like posts success /api/newsfeed/like/:id PUT ::1
[2022-01-17T17:35:01.394] [INFO] ma-core - like posts success /api/newsfeed/like/:id PUT ::1
[2022-01-17T17:35:08.094] [INFO] ma-core - get by id posts /api/newsfeed/getPostByUserID/:id GET ::1
[2022-01-17T17:35:12.751] [INFO] ma-core - get all posts success /api/newsfeed/getAllPosts GET ::1
[2022-01-17T17:35:22.805] [ERROR] ma-core - unlike posts :Cannot read property 'likes' of null /api/newsfeed/unlike/:id PUT ::1
[2022-01-17T17:36:53.427] [INFO] ma-core - unlike posts success /api/newsfeed/unlike/:id PUT ::1
[2022-01-17T17:36:57.585] [INFO] ma-core - get all posts success /api/newsfeed/getAllPosts GET ::1
[2022-01-17T17:37:03.279] [INFO] ma-core - delete posts success /api/newsfeed/deletePost/:id PATCH ::1
[2022-01-17T17:37:11.357] [INFO] ma-core - get all posts success /api/newsfeed/getAllPosts GET ::1
[2022-01-17T17:37:34.965] [ERROR] ma-core - delete Result Form :form result not found /api/resultform/deleteResultForm/:id PATCH ::1
[2022-01-17T17:37:48.744] [INFO] ma-core - delete posts success /api/newsfeed/deletePost/:id PATCH ::1
[2022-01-17T17:37:52.577] [INFO] ma-core - get all posts success /api/newsfeed/getAllPosts GET ::1
