[2023-10-09T12:51:01.769] [INFO] ma-core - database URI mongodb://localhost:27017/core
[2023-10-09T12:51:03.978] [INFO] ma-core - server started at port 5000
[2023-10-09T12:51:04.054] [INFO] ma-core - mongodb conected
[2023-10-09T12:52:17.928] [INFO] ma-core - get all posts success /api/newsFeed/getAllPosts GET ::1
[2023-10-09T12:52:23.214] [INFO] ma-core - get all posts success /api/newsFeed/getAllPosts GET ::1
[2023-10-09T12:52:23.430] [INFO] ma-core - get all posts success /api/newsFeed/getAllPosts GET ::1
[2023-10-09T12:52:25.286] [INFO] ma-core - get all Customer success /api/customer/ GET ::1
[2023-10-09T12:52:25.461] [INFO] ma-core - get all Customer success /api/customer/ GET ::1
[2023-10-09T12:52:58.212] [INFO] ma-core - get all result form success /api/resultForm/getAllResultForm GET ::1
[2023-10-09T12:52:58.248] [INFO] ma-core - get Monitoring Activities Without Result Form success /api/resultForm/getMonitoringActivitiesWithoutResultForm GET ::1
[2023-10-09T12:53:15.253] [INFO] ma-core - get by id Result Form /api/resultForm/getResultFormById/:id GET ::1
[2023-10-09T12:57:24.335] [INFO] ma-core - get all Customer success /api/customer/ GET ::1
[2023-10-09T12:57:25.238] [INFO] ma-core - get Customer success toBase64 error /api/customer/:id/ GET ::1
[2023-10-09T12:57:51.068] [INFO] ma-core - get Customer success toBase64 error /api/customer/:id/ GET ::1
[2023-10-09T13:09:20.277] [INFO] ma-core - Get all shifts success /api/shift/getAllMembersByShifts GET ::1
[2023-10-09T13:09:39.733] [INFO] ma-core - get all Customer success /api/customer/ GET ::1
[2023-10-09T13:09:41.306] [INFO] ma-core - get Customer success toBase64 error /api/customer/:id/ GET ::1
[2023-10-09T13:14:14.723] [INFO] ma-core - get all result form success /api/resultForm/getAllResultForm GET ::1
[2023-10-09T13:14:14.754] [INFO] ma-core - get Monitoring Activities Without Result Form success /api/resultForm/getMonitoringActivitiesWithoutResultForm GET ::1
[2023-10-09T13:18:33.111] [INFO] ma-core - get by id Result Form /api/resultForm/getResultFormById/:id GET ::1
[2023-10-09T13:22:32.317] [INFO] ma-core - get by id Result Form /api/resultForm/getResultFormById/:id GET ::1
[2023-10-09T14:14:03.756] [INFO] ma-core - get all posts success /api/newsFeed/getAllPosts GET ::1
[2023-10-09T14:14:05.412] [INFO] ma-core - get all Customer success /api/customer/ GET ::1
[2023-10-09T14:14:06.809] [INFO] ma-core - get Customer success toBase64 error /api/customer/:id/ GET ::1
[2023-10-09T14:18:00.437] [INFO] ma-core - get all result form success /api/resultForm/getAllResultForm GET ::1
[2023-10-09T14:18:00.468] [INFO] ma-core - get Monitoring Activities Without Result Form success /api/resultForm/getMonitoringActivitiesWithoutResultForm GET ::1
[2023-10-09T14:18:02.452] [INFO] ma-core - get by id Result Form /api/resultForm/getResultFormById/:id GET ::1
[2023-10-09T14:18:37.856] [INFO] ma-core - get all Customer success /api/customer/ GET ::1
[2023-10-09T14:18:41.604] [INFO] ma-core - get Customer success toBase64 error /api/customer/:id/ GET ::1
[2023-10-09T14:18:55.835] [INFO] ma-core - get all Customer success /api/customer/ GET ::1
[2023-10-09T14:18:58.972] [INFO] ma-core - get Customer success toBase64 error /api/customer/:id/ GET ::1
[2023-10-09T14:19:02.825] [INFO] ma-core - get Customer success toBase64 error /api/customer/:id/ GET ::1
[2023-10-09T14:21:19.232] [INFO] ma-core - get All Module success /api/module/getAll GET ::1
[2023-10-09T14:21:21.334] [INFO] ma-core - get all result form success /api/resultForm/getAllResultForm GET ::1
[2023-10-09T14:21:21.379] [INFO] ma-core - get Monitoring Activities Without Result Form success /api/resultForm/getMonitoringActivitiesWithoutResultForm GET ::1
[2023-10-09T14:22:02.700] [INFO] ma-core - get all Customer success /api/customer/ GET ::1
[2023-10-09T14:22:04.389] [INFO] ma-core - get Customer success toBase64 error /api/customer/:id/ GET ::1
[2023-10-09T14:39:30.649] [INFO] ma-core - get Customer success toBase64 error /api/customer/:id/ GET ::1
[2023-10-09T15:35:01.549] [INFO] ma-core - get All Module success /api/module/getAll GET ::1
[2023-10-09T15:35:04.705] [INFO] ma-core - get All Role success /api/role/ GET ::1
[2023-10-09T15:35:08.143] [INFO] ma-core - get All Module success /api/module/getAll GET ::1
[2023-10-09T15:35:08.196] [INFO] ma-core - get by id Role success /api/role/:id/ GET ::1
[2023-10-09T15:35:27.562] [INFO] ma-core - get all Customer success /api/customer/ GET ::1
[2023-10-09T15:35:35.131] [INFO] ma-core - get all posts success /api/newsFeed/getAllPosts GET ::1
[2023-10-09T15:35:36.091] [INFO] ma-core - get all Customer success /api/customer/ GET ::1
[2023-10-09T15:35:47.314] [INFO] ma-core - get All Role success /api/role/ GET ::1
[2023-10-09T15:36:01.273] [INFO] ma-core - update user : update old shift endDate success /api/user/update/:id PATCH
[2023-10-09T15:37:09.123] [INFO] ma-core - database URI mongodb://localhost:27017/core
[2023-10-09T15:37:10.641] [INFO] ma-core - server started at port 5000
[2023-10-09T15:37:10.671] [INFO] ma-core - mongodb conected
[2023-10-09T15:37:38.122] [INFO] ma-core - database URI mongodb://localhost:27017/core
[2023-10-09T15:37:39.462] [INFO] ma-core - server started at port 5000
[2023-10-09T15:37:39.492] [INFO] ma-core - mongodb conected
[2023-10-09T15:43:52.241] [INFO] ma-core - get all posts success /api/newsFeed/getAllPosts GET ::1
[2023-10-09T15:44:00.478] [INFO] ma-core - get all posts success /api/newsFeed/getAllPosts GET ::1
[2023-10-09T15:44:00.808] [INFO] ma-core - get all posts success /api/newsFeed/getAllPosts GET ::1
[2023-10-09T15:44:06.332] [INFO] ma-core - get All nomenclature success /api/nomenclature/ GET ::1
[2023-10-09T15:44:07.257] [INFO] ma-core - Get all shifts success /api/shift/ GET ::1
[2023-10-09T15:44:07.456] [INFO] ma-core - get all Customer success /api/customer/ GET ::1
[2023-10-09T15:44:07.806] [INFO] ma-core - Get all shifts success /api/shift/ GET ::1
[2023-10-09T15:44:07.851] [INFO] ma-core - get all Customer success /api/customer/ GET ::1
[2023-10-09T15:44:07.933] [INFO] ma-core - get all Customer success /api/customer/ GET ::1
[2023-10-09T15:45:38.095] [INFO] ma-core - get all Customer success /api/customer/ GET ::1
[2023-10-09T15:45:38.244] [INFO] ma-core - get all Customer success /api/customer/ GET ::1
[2023-10-09T15:45:40.824] [INFO] ma-core - get all Customer success /api/customer/ GET ::1
[2023-10-09T15:45:41.029] [INFO] ma-core - get all Customer success /api/customer/ GET ::1
[2023-10-09T15:45:53.295] [INFO] ma-core - Get all shifts success /api/shift/getAllMembersByShifts GET ::1
[2023-10-09T16:26:46.498] [INFO] ma-core - get all posts success /api/newsFeed/getAllPosts GET ::1
[2023-10-09T16:26:47.457] [INFO] ma-core - get all Customer success /api/customer/ GET ::1
[2023-10-09T16:26:48.998] [INFO] ma-core - get Customer success toBase64 error /api/customer/:id/ GET ::1
[2023-10-09T17:40:35.030] [INFO] ma-core - get all result form success /api/resultForm/getAllResultForm GET ::1
[2023-10-09T17:40:35.065] [INFO] ma-core - get Monitoring Activities Without Result Form success /api/resultForm/getMonitoringActivitiesWithoutResultForm GET ::1
[2023-10-09T17:42:47.027] [INFO] ma-core - get all result form success /api/resultForm/getAllResultForm GET ::1
[2023-10-09T17:42:49.651] [INFO] ma-core - get all result form success /api/resultForm/getAllResultForm GET ::1
[2023-10-09T17:42:51.851] [INFO] ma-core - get all result form success /api/resultForm/getAllResultForm GET ::1
[2023-10-09T17:56:43.848] [INFO] ma-core - get by id Result Form /api/resultForm/getResultFormById/:id GET ::1
[2023-10-09T17:56:47.363] [INFO] ma-core - get by id Result Form /api/resultForm/getResultFormById/:id GET ::1
[2023-10-09T17:56:53.896] [INFO] ma-core - get Monitoring Activities Without Result Form success /api/resultForm/getMonitoringActivitiesWithoutResultForm GET ::1
[2023-10-09T17:56:53.924] [INFO] ma-core - get all result form success /api/resultForm/getAllResultForm GET ::1
[2023-10-09T17:56:57.897] [INFO] ma-core - get by id Result Form /api/resultForm/getResultFormById/:id GET ::1
[2023-10-09T17:57:01.674] [INFO] ma-core - get by id Result Form /api/resultForm/getResultFormById/:id GET ::1
[2023-10-09T17:57:06.337] [INFO] ma-core - get by id Result Form /api/resultForm/getResultFormById/:id GET ::1
[2023-10-09T17:57:19.808] [INFO] ma-core - get by id Result Form /api/resultForm/getResultFormById/:id GET ::1
[2023-10-09T17:57:27.722] [INFO] ma-core - get by id Result Form /api/resultForm/getResultFormById/:id GET ::1
[2023-10-09T17:57:35.237] [INFO] ma-core - get all result form success /api/resultForm/getAllResultForm GET ::1
[2023-10-09T17:57:35.263] [INFO] ma-core - get Monitoring Activities Without Result Form success /api/resultForm/getMonitoringActivitiesWithoutResultForm GET ::1
[2023-10-09T17:57:39.686] [INFO] ma-core - get by id Result Form /api/resultForm/getResultFormById/:id GET ::1
[2023-10-09T17:57:47.015] [INFO] ma-core - get all result form success /api/resultForm/getAllResultForm GET ::1
[2023-10-09T17:57:47.048] [INFO] ma-core - get Monitoring Activities Without Result Form success /api/resultForm/getMonitoringActivitiesWithoutResultForm GET ::1
[2023-10-09T17:57:48.273] [INFO] ma-core - get all result form success /api/resultForm/getAllResultForm GET ::1
[2023-10-09T17:57:48.294] [INFO] ma-core - get Monitoring Activities Without Result Form success /api/resultForm/getMonitoringActivitiesWithoutResultForm GET ::1
[2023-10-09T17:57:57.460] [INFO] ma-core - get by id Result Form /api/resultForm/getResultFormById/:id GET ::1
[2023-10-09T18:12:11.741] [INFO] ma-core - get by id Result Form /api/resultForm/getResultFormById/:id GET ::1
[2023-10-09T18:49:53.213] [INFO] ma-core - get all Customer success /api/customer/ GET ::1
[2023-10-09T18:49:57.565] [INFO] ma-core - get Customer success toBase64 error /api/customer/:id/ GET ::1
[2023-10-09T19:15:17.936] [INFO] ma-core - database URI mongodb://localhost:27017/core
[2023-10-09T19:15:20.199] [INFO] ma-core - server started at port 5000
[2023-10-09T19:15:20.257] [INFO] ma-core - mongodb conected
[2023-10-09T19:15:29.031] [INFO] ma-core - database URI mongodb://localhost:27017/core
[2023-10-09T19:15:31.093] [INFO] ma-core - server started at port 5000
[2023-10-09T19:15:31.149] [INFO] ma-core - mongodb conected
[2023-10-09T19:16:19.564] [INFO] ma-core - database URI mongodb://localhost:27017/core
[2023-10-09T19:16:23.755] [INFO] ma-core - server started at port 5000
[2023-10-09T19:16:23.801] [INFO] ma-core - mongodb conected
[2023-10-09T19:16:24.177] [ERROR] ma-core - delete Map By Id :Map not found. /api/map/delete/:id PATCH ::ffff:127.0.0.1
[2023-10-09T19:16:24.213] [ERROR] ma-core - delete Map By Id : /api/map/delete/:id PATCH ::ffff:127.0.0.1
[2023-10-09T19:20:55.233] [INFO] ma-core - delete Result Form success testing testing testing
[2023-10-09T19:20:55.248] [INFO] ma-core - delete Result Form success NaN post 1234
[2023-10-09T19:20:55.257] [ERROR] ma-core - delete Result Form :task not found testing testing testing
[2023-10-09T19:20:55.263] [ERROR] ma-core - delete Result Form :task not found NaN post 1234
[2023-10-09T19:20:55.324] [INFO] ma-core - get all result form success testing testing testing
[2023-10-09T19:20:55.331] [INFO] ma-core - get all result form success testing testing testing
[2023-10-09T19:20:55.338] [INFO] ma-core - get all result form success NaN post 1234
[2023-10-09T19:20:55.344] [ERROR] ma-core - get All result form :missing property testing testing testing
[2023-10-09T19:20:55.353] [ERROR] ma-core - get All result form :missing property NaN post 1234
[2023-10-09T19:20:55.376] [INFO] ma-core - get by id Result Form testing testing testing
[2023-10-09T19:20:55.385] [INFO] ma-core - get by id Result Form NaN post 1234
[2023-10-09T19:20:55.393] [ERROR] ma-core - get by id Result Form :task not found testing testing testing
[2023-10-09T19:20:55.404] [ERROR] ma-core - get by id Result Form :task not found NaN post 1234
[2023-10-09T19:20:55.429] [INFO] ma-core - get Monitoring Activities Without Result Form success testing testing testing
[2023-10-09T19:20:55.440] [INFO] ma-core - get Monitoring Activities Without Result Form success NaN post 1234
[2023-10-09T19:20:55.446] [ERROR] ma-core - get Monitoring Activities Without Result Forms :error testing testing testing
[2023-10-09T19:20:55.450] [ERROR] ma-core - get Monitoring Activities Without Result Forms :not found error testing testing testing
[2023-10-09T19:20:55.454] [ERROR] ma-core - get Monitoring Activities Without Result Forms :error NaN post 1234
[2023-10-09T19:20:55.471] [INFO] ma-core - add result form success testing testing testing
[2023-10-09T19:20:55.482] [INFO] ma-core - add result form success NaN post 1234
[2023-10-09T19:20:55.487] [ERROR] ma-core - add result form :missing property testing testing testing
[2023-10-09T19:20:55.490] [ERROR] ma-core - add result form :missing property NaN post 1234
[2023-10-09T19:20:55.498] [INFO] ma-core - update Result Form success testing testing testing
[2023-10-09T19:20:55.500] [INFO] ma-core - update Result Form success NaN post 1234
[2023-10-09T19:20:55.502] [ERROR] ma-core - update Result Form  :task not found testing testing testing
[2023-10-09T19:20:55.504] [ERROR] ma-core - update Result Form  :task not found NaN post 1234
[2023-10-09T19:25:15.101] [ERROR] ma-core - delete Map By Id :MAP not found testing testing testing
[2023-10-09T19:25:15.105] [ERROR] ma-core - delete Map By Id :missing ID testing testing testing
[2023-10-09T19:25:15.107] [ERROR] ma-core - delete Map By Id :missing ID testing testing testing
[2023-10-09T19:25:15.110] [ERROR] ma-core - delete Map By Id :missing ID NaN post 1234
[2023-10-09T19:25:15.147] [ERROR] ma-core - Get by System Error : TypeError: moment.tz is not a function
    at /home/azer/avaxia-monitpring-app/core-service/services/map/getBySystemId.js:83:48
    at Array.map (<anonymous>)
    at module.exports (/home/azer/avaxia-monitpring-app/core-service/services/map/getBySystemId.js:82:39)
    at async Context.<anonymous> (/home/azer/avaxia-monitpring-app/core-service/test/unit/map/getAllBySystem/getAllBySystemServiceTest.js:71:17)
[2023-10-09T19:25:15.160] [ERROR] ma-core - Get by System Error : Error: Random error
    at Context.<anonymous> (/home/azer/avaxia-monitpring-app/core-service/test/unit/map/getAllBySystem/getAllBySystemServiceTest.js:98:21)
    at callFn (/home/azer/avaxia-monitpring-app/core-service/node_modules/mocha/lib/runnable.js:366:21)
    at Test.Runnable.run (/home/azer/avaxia-monitpring-app/core-service/node_modules/mocha/lib/runnable.js:354:5)
    at Runner.runTest (/home/azer/avaxia-monitpring-app/core-service/node_modules/mocha/lib/runner.js:681:10)
    at /home/azer/avaxia-monitpring-app/core-service/node_modules/mocha/lib/runner.js:804:12
    at next (/home/azer/avaxia-monitpring-app/core-service/node_modules/mocha/lib/runner.js:596:14)
    at /home/azer/avaxia-monitpring-app/core-service/node_modules/mocha/lib/runner.js:606:7
    at next (/home/azer/avaxia-monitpring-app/core-service/node_modules/mocha/lib/runner.js:489:14)
    at cbHookRun (/home/azer/avaxia-monitpring-app/core-service/node_modules/mocha/lib/runner.js:554:7)
    at done (/home/azer/avaxia-monitpring-app/core-service/node_modules/mocha/lib/runnable.js:310:5)
    at callFn (/home/azer/avaxia-monitpring-app/core-service/node_modules/mocha/lib/runnable.js:389:7)
    at Hook.Runnable.run (/home/azer/avaxia-monitpring-app/core-service/node_modules/mocha/lib/runnable.js:354:5)
    at next (/home/azer/avaxia-monitpring-app/core-service/node_modules/mocha/lib/runner.js:513:10)
    at Immediate._onImmediate (/home/azer/avaxia-monitpring-app/core-service/node_modules/mocha/lib/runner.js:574:5)
    at processImmediate (internal/timers.js:464:21)
[2023-10-09T19:25:36.368] [ERROR] ma-core - delete Map By Id :MAP not found testing testing testing
[2023-10-09T19:25:36.377] [ERROR] ma-core - delete Map By Id :missing ID testing testing testing
[2023-10-09T19:25:36.384] [ERROR] ma-core - delete Map By Id :missing ID testing testing testing
[2023-10-09T19:25:36.391] [ERROR] ma-core - delete Map By Id :missing ID NaN post 1234
[2023-10-09T19:25:36.455] [ERROR] ma-core - Get by System Error : TypeError: moment.tz is not a function
    at /home/azer/avaxia-monitpring-app/core-service/services/map/getBySystemId.js:83:48
    at Array.map (<anonymous>)
    at module.exports (/home/azer/avaxia-monitpring-app/core-service/services/map/getBySystemId.js:82:39)
    at async Context.<anonymous> (/home/azer/avaxia-monitpring-app/core-service/test/unit/map/getAllBySystem/getAllBySystemServiceTest.js:71:17)
[2023-10-09T19:25:36.469] [ERROR] ma-core - Get by System Error : Error: Random error
    at Context.<anonymous> (/home/azer/avaxia-monitpring-app/core-service/test/unit/map/getAllBySystem/getAllBySystemServiceTest.js:98:21)
    at callFn (/home/azer/avaxia-monitpring-app/core-service/node_modules/mocha/lib/runnable.js:366:21)
    at Test.Runnable.run (/home/azer/avaxia-monitpring-app/core-service/node_modules/mocha/lib/runnable.js:354:5)
    at Runner.runTest (/home/azer/avaxia-monitpring-app/core-service/node_modules/mocha/lib/runner.js:681:10)
    at /home/azer/avaxia-monitpring-app/core-service/node_modules/mocha/lib/runner.js:804:12
    at next (/home/azer/avaxia-monitpring-app/core-service/node_modules/mocha/lib/runner.js:596:14)
    at /home/azer/avaxia-monitpring-app/core-service/node_modules/mocha/lib/runner.js:606:7
    at next (/home/azer/avaxia-monitpring-app/core-service/node_modules/mocha/lib/runner.js:489:14)
    at cbHookRun (/home/azer/avaxia-monitpring-app/core-service/node_modules/mocha/lib/runner.js:554:7)
    at done (/home/azer/avaxia-monitpring-app/core-service/node_modules/mocha/lib/runnable.js:310:5)
    at callFn (/home/azer/avaxia-monitpring-app/core-service/node_modules/mocha/lib/runnable.js:389:7)
    at Hook.Runnable.run (/home/azer/avaxia-monitpring-app/core-service/node_modules/mocha/lib/runnable.js:354:5)
    at next (/home/azer/avaxia-monitpring-app/core-service/node_modules/mocha/lib/runner.js:513:10)
    at Immediate._onImmediate (/home/azer/avaxia-monitpring-app/core-service/node_modules/mocha/lib/runner.js:574:5)
    at processImmediate (internal/timers.js:464:21)
