[2023-09-21T18:22:09.099] [INFO] ma-core - database URI mongodb://localhost:27017/core
[2023-09-21T18:22:10.205] [INFO] ma-core - server started at port 5000
[2023-09-21T18:22:10.256] [INFO] ma-core - mongodb conected
[2023-09-21T18:23:20.366] [INFO] ma-core - get all posts success /api/newsFeed/getAllPosts GET ::1
[2023-09-21T18:23:23.853] [INFO] ma-core - get all posts success /api/newsFeed/getAllPosts GET ::1
[2023-09-21T18:23:24.037] [INFO] ma-core - get all posts success /api/newsFeed/getAllPosts GET ::1
[2023-09-21T18:23:47.910] [INFO] ma-core - get All Role success /api/role/ GET ::1
[2023-09-21T18:24:00.826] [INFO] ma-core - update user : update old shift endDate success /api/user/update/:id PATCH
[2023-09-21T18:24:35.237] [INFO] ma-core - get All Role success /api/role/ GET ::1
[2023-09-21T18:24:52.020] [INFO] ma-core - update user : add new role success :  /api/user/update/:id PATCH
[2023-09-21T18:26:34.915] [INFO] ma-core - get all posts success /api/newsFeed/getAllPosts GET ::1
[2023-09-21T18:29:45.423] [INFO] ma-core - Get all shifts success /api/shift/getAllMembersByShifts GET ::1
[2023-09-21T18:29:50.086] [INFO] ma-core - get all Customer success /api/customer/ GET ::1
[2023-09-21T18:29:50.142] [INFO] ma-core - get all Customer success /api/customer/ GET ::1
[2023-09-21T18:29:57.663] [INFO] ma-core - get all Customer success /api/customer/ GET ::1
[2023-09-21T18:29:57.919] [INFO] ma-core - get all Customer success /api/customer/ GET ::1
[2023-09-21T18:30:21.561] [INFO] ma-core - add new shifts success /api/shift/sync PATCH ::1
[2023-09-21T18:30:21.593] [INFO] ma-core - sync shift success /api/shift/sync PATCH ::1
[2023-09-21T18:30:25.200] [INFO] ma-core - Shift Unassigned reminder cron launched
[2023-09-21T18:30:25.205] [INFO] ma-core - Shift Unassigned reminder cron launched
[2023-09-21T18:30:25.212] [INFO] ma-core - Shift Unassigned reminder cron launched
[2023-09-21T18:30:25.217] [INFO] ma-core - Shift Unassigned reminder cron launched
[2023-09-21T18:30:25.221] [INFO] ma-core - Shift Unassigned reminder cron launched
[2023-09-21T18:30:25.249] [INFO] ma-core - Shift Unassigned reminder cron launched
[2023-09-21T18:30:25.256] [INFO] ma-core - Shift Unassigned reminder cron launched
[2023-09-21T18:30:25.265] [INFO] ma-core - Shift Unassigned reminder cron launched
[2023-09-21T18:30:25.274] [INFO] ma-core - Shift Unassigned reminder cron launched
[2023-09-21T18:30:25.279] [INFO] ma-core - Shift Unassigned reminder cron launched
[2023-09-21T18:30:25.286] [INFO] ma-core - Shift Unassigned reminder cron launched
[2023-09-21T18:30:25.293] [INFO] ma-core - Shift Unassigned reminder cron launched
[2023-09-21T18:30:25.299] [INFO] ma-core - Shift Unassigned reminder cron launched
[2023-09-21T18:30:25.305] [INFO] ma-core - Shift Unassigned reminder cron launched
[2023-09-21T18:30:25.319] [INFO] ma-core - Shift Unassigned reminder cron launched
[2023-09-21T18:30:25.326] [INFO] ma-core - Shift Unassigned reminder cron launched
[2023-09-21T18:30:25.337] [INFO] ma-core - Shift Unassigned reminder cron launched
[2023-09-21T18:30:25.341] [INFO] ma-core - Shift Unassigned reminder cron launched
[2023-09-21T18:30:25.349] [INFO] ma-core - Shift Unassigned reminder cron launched
[2023-09-21T18:30:25.366] [INFO] ma-core - Shift Unassigned reminder cron launched
[2023-09-21T18:30:25.371] [INFO] ma-core - Shift Unassigned reminder cron launched
[2023-09-21T18:30:25.376] [INFO] ma-core - Shift Unassigned reminder cron launched
[2023-09-21T18:30:25.384] [INFO] ma-core - Shift Unassigned reminder cron launched
[2023-09-21T18:30:25.389] [INFO] ma-core - Shift Unassigned reminder cron launched
[2023-09-21T18:30:25.396] [INFO] ma-core - Shift Unassigned reminder cron launched
[2023-09-21T18:30:25.400] [INFO] ma-core - Shift Unassigned reminder cron launched
[2023-09-21T18:30:25.404] [INFO] ma-core - Shift Unassigned reminder cron launched
[2023-09-21T18:30:25.411] [INFO] ma-core - Shift Unassigned reminder cron launched
[2023-09-21T18:30:25.422] [INFO] ma-core - Shift Unassigned reminder cron launched
[2023-09-21T18:30:25.428] [INFO] ma-core - Shift Unassigned reminder cron launched
[2023-09-21T18:30:25.434] [INFO] ma-core - Shift Unassigned reminder cron launched
[2023-09-21T18:30:25.439] [INFO] ma-core - Shift Unassigned reminder cron launched
[2023-09-21T18:30:25.445] [INFO] ma-core - Shift Unassigned reminder cron launched
[2023-09-21T18:30:25.461] [INFO] ma-core - Shift Unassigned reminder cron launched
[2023-09-21T18:30:25.467] [INFO] ma-core - Shift Unassigned reminder cron launched
[2023-09-21T18:30:25.470] [INFO] ma-core - Shift Unassigned reminder cron launched
[2023-09-21T18:30:25.475] [INFO] ma-core - Shift Unassigned reminder cron launched
[2023-09-21T18:30:25.484] [INFO] ma-core - Shift Unassigned reminder cron launched
[2023-09-21T18:30:25.499] [INFO] ma-core - Shift Unassigned reminder cron launched
[2023-09-21T18:30:25.507] [INFO] ma-core - Shift Unassigned reminder cron launched
[2023-09-21T18:30:25.519] [INFO] ma-core - Shift Unassigned reminder cron launched
[2023-09-21T18:30:25.532] [INFO] ma-core - Shift Unassigned reminder cron launched
[2023-09-21T18:30:25.542] [INFO] ma-core - Shift Unassigned reminder cron launched
[2023-09-21T18:30:25.553] [INFO] ma-core - Shift Unassigned reminder cron launched
[2023-09-21T18:30:25.564] [INFO] ma-core - Shift Unassigned reminder cron launched
[2023-09-21T18:30:25.573] [INFO] ma-core - Shift Unassigned reminder cron launched
[2023-09-21T18:30:25.582] [INFO] ma-core - Shift Unassigned reminder cron launched
[2023-09-21T18:30:25.596] [INFO] ma-core - Shift Unassigned reminder cron launched
[2023-09-21T18:30:25.603] [INFO] ma-core - Shift Unassigned reminder cron launched
[2023-09-21T18:30:25.609] [INFO] ma-core - Shift Unassigned reminder cron launched
[2023-09-21T18:30:25.615] [INFO] ma-core - Shift Unassigned reminder cron launched
[2023-09-21T18:30:25.621] [INFO] ma-core - Shift Unassigned reminder cron launched
[2023-09-21T18:30:25.628] [INFO] ma-core - Shift Unassigned reminder cron launched
[2023-09-21T18:30:25.632] [INFO] ma-core - Shift Unassigned reminder cron launched
[2023-09-21T18:30:25.635] [INFO] ma-core - Shift Unassigned reminder cron launched
[2023-09-21T18:30:25.638] [INFO] ma-core - Shift Unassigned reminder cron launched
[2023-09-21T18:30:25.641] [INFO] ma-core - Shift Unassigned reminder cron launched
[2023-09-21T18:30:25.648] [INFO] ma-core - Shift Unassigned reminder cron launched
[2023-09-21T18:30:25.652] [INFO] ma-core - Shift Unassigned reminder cron launched
[2023-09-21T18:30:25.658] [INFO] ma-core - Shift Unassigned reminder cron launched
[2023-09-21T18:30:25.665] [INFO] ma-core - Shift Unassigned reminder cron launched
[2023-09-21T18:30:25.671] [INFO] ma-core - Shift Unassigned reminder cron launched
[2023-09-21T18:30:25.679] [INFO] ma-core - Shift Unassigned reminder cron launched
[2023-09-21T18:30:25.687] [INFO] ma-core - Shift Unassigned reminder cron launched
[2023-09-21T18:30:25.695] [INFO] ma-core - Shift Unassigned reminder cron launched
[2023-09-21T18:30:25.704] [INFO] ma-core - Shift Unassigned reminder cron launched
[2023-09-21T18:30:25.713] [INFO] ma-core - Shift Unassigned reminder cron launched
[2023-09-21T18:30:25.724] [INFO] ma-core - Shift Unassigned reminder cron launched
[2023-09-21T18:30:25.736] [INFO] ma-core - Shift Unassigned reminder cron launched
[2023-09-21T18:30:25.745] [INFO] ma-core - cron shift unassigned : startdate before now
[2023-09-21T18:30:25.764] [INFO] ma-core - Shift Unassigned reminder cron launched
[2023-09-21T18:30:25.773] [INFO] ma-core - Shift Unassigned reminder cron launched
[2023-09-21T18:30:25.787] [INFO] ma-core - Shift Unassigned reminder cron launched
[2023-09-21T18:30:25.795] [INFO] ma-core - Shift Unassigned reminder cron launched
[2023-09-21T18:30:25.806] [INFO] ma-core - Shift Unassigned reminder cron launched
[2023-09-21T18:30:25.814] [INFO] ma-core - Shift Unassigned reminder cron launched
[2023-09-21T18:30:25.821] [INFO] ma-core - Shift Unassigned reminder cron launched
[2023-09-21T18:30:25.824] [INFO] ma-core - cron shift unassigned : startdate before now
[2023-09-21T18:30:25.836] [INFO] ma-core - Shift Unassigned reminder cron launched
[2023-09-21T18:30:25.845] [INFO] ma-core - Shift Unassigned reminder cron launched
[2023-09-21T18:30:25.852] [INFO] ma-core - Shift Unassigned reminder cron launched
[2023-09-21T18:30:25.855] [INFO] ma-core - Shift Unassigned reminder cron launched
[2023-09-21T18:30:25.858] [INFO] ma-core - Shift Unassigned reminder cron launched
[2023-09-21T18:30:25.873] [INFO] ma-core - Shift Unassigned reminder cron launched
[2023-09-21T18:30:25.876] [INFO] ma-core - Shift Unassigned reminder cron launched
[2023-09-21T18:30:25.880] [INFO] ma-core - Shift Unassigned reminder cron launched
[2023-09-21T18:30:25.885] [INFO] ma-core - Shift Unassigned reminder cron launched
[2023-09-21T18:30:25.890] [INFO] ma-core - Shift Unassigned reminder cron launched
[2023-09-21T18:30:25.897] [INFO] ma-core - Shift Unassigned reminder cron launched
[2023-09-21T18:30:25.908] [INFO] ma-core - Shift Unassigned reminder cron launched
[2023-09-21T18:30:25.914] [INFO] ma-core - Shift Unassigned reminder cron launched
[2023-09-21T18:30:25.917] [INFO] ma-core - Shift Unassigned reminder cron launched
[2023-09-21T18:30:25.921] [INFO] ma-core - Shift Unassigned reminder cron launched
[2023-09-21T18:30:25.927] [INFO] ma-core - cron shift unassigned : startdate before now
[2023-09-21T18:30:25.931] [INFO] ma-core - Shift Unassigned reminder cron launched
[2023-09-21T18:30:25.931] [INFO] ma-core - cron shift unassigned : startdate before now
[2023-09-21T18:30:25.933] [INFO] ma-core - Shift Unassigned reminder cron launched
[2023-09-21T18:30:25.935] [INFO] ma-core - Shift Unassigned reminder cron launched
[2023-09-21T18:30:25.937] [INFO] ma-core - Shift Unassigned reminder cron launched
[2023-09-21T18:30:25.938] [INFO] ma-core - Shift Unassigned reminder cron launched
[2023-09-21T18:30:25.939] [INFO] ma-core - Shift Unassigned reminder cron launched
[2023-09-21T18:30:25.942] [INFO] ma-core - Shift Unassigned reminder cron launched
[2023-09-21T18:30:25.945] [INFO] ma-core - Shift Unassigned reminder cron launched
[2023-09-21T18:30:25.954] [INFO] ma-core - Shift Unassigned reminder cron launched
[2023-09-21T18:30:25.956] [INFO] ma-core - Shift Unassigned reminder cron launched
[2023-09-21T18:30:25.959] [INFO] ma-core - Shift Unassigned reminder cron launched
[2023-09-21T18:30:25.962] [INFO] ma-core - Shift Unassigned reminder cron launched
[2023-09-21T18:30:25.964] [INFO] ma-core - cron shift unassigned : startdate before now
[2023-09-21T18:30:25.967] [INFO] ma-core - Shift Unassigned reminder cron launched
[2023-09-21T18:30:25.969] [INFO] ma-core - Shift Unassigned reminder cron launched
[2023-09-21T18:30:25.972] [INFO] ma-core - Shift Unassigned reminder cron launched
[2023-09-21T18:30:25.975] [INFO] ma-core - Shift Unassigned reminder cron launched
[2023-09-21T18:30:25.990] [INFO] ma-core - Shift Unassigned reminder cron launched
[2023-09-21T18:30:25.995] [INFO] ma-core - Shift Unassigned reminder cron launched
[2023-09-21T18:30:25.999] [INFO] ma-core - Shift Unassigned reminder cron launched
[2023-09-21T18:30:26.002] [INFO] ma-core - Shift Unassigned reminder cron launched
[2023-09-21T18:30:26.005] [INFO] ma-core - Shift Unassigned reminder cron launched
[2023-09-21T18:30:26.008] [INFO] ma-core - Shift Unassigned reminder cron launched
[2023-09-21T18:30:26.009] [INFO] ma-core - cron shift unassigned : startdate before now
[2023-09-21T18:30:26.012] [INFO] ma-core - Shift Unassigned reminder cron launched
[2023-09-21T18:30:26.014] [INFO] ma-core - Shift Unassigned reminder cron launched
[2023-09-21T18:30:26.018] [INFO] ma-core - Shift Unassigned reminder cron launched
[2023-09-21T18:30:26.021] [INFO] ma-core - Shift Unassigned reminder cron launched
[2023-09-21T18:30:26.023] [INFO] ma-core - Shift Unassigned reminder cron launched
[2023-09-21T18:30:26.026] [INFO] ma-core - Shift Unassigned reminder cron launched
[2023-09-21T18:30:26.027] [INFO] ma-core - Shift Unassigned reminder cron launched
[2023-09-21T18:30:26.030] [INFO] ma-core - Shift Unassigned reminder cron launched
[2023-09-21T18:30:26.034] [INFO] ma-core - Shift Unassigned reminder cron launched
[2023-09-21T18:30:26.036] [INFO] ma-core - Shift Unassigned reminder cron launched
[2023-09-21T18:30:26.039] [INFO] ma-core - Shift Unassigned reminder cron launched
[2023-09-21T18:30:26.042] [INFO] ma-core - Shift Unassigned reminder cron launched
[2023-09-21T18:30:26.044] [INFO] ma-core - Shift Unassigned reminder cron launched
[2023-09-21T18:30:26.046] [INFO] ma-core - Shift Unassigned reminder cron launched
[2023-09-21T18:30:26.048] [INFO] ma-core - Shift Unassigned reminder cron launched
[2023-09-21T18:30:26.051] [INFO] ma-core - Shift Unassigned reminder cron launched
[2023-09-21T18:30:26.054] [INFO] ma-core - Shift Unassigned reminder cron launched
[2023-09-21T18:30:26.058] [INFO] ma-core - Shift Unassigned reminder cron launched
[2023-09-21T18:30:26.061] [INFO] ma-core - Shift Unassigned reminder cron launched
[2023-09-21T18:30:26.066] [INFO] ma-core - Shift Unassigned reminder cron launched
[2023-09-21T18:30:26.068] [INFO] ma-core - Shift Unassigned reminder cron launched
[2023-09-21T18:30:26.069] [INFO] ma-core - Shift Unassigned reminder cron launched
[2023-09-21T18:30:26.070] [INFO] ma-core - Shift Unassigned reminder cron launched
[2023-09-21T18:30:26.073] [INFO] ma-core - Shift Unassigned reminder cron launched
[2023-09-21T18:30:26.075] [INFO] ma-core - Shift Unassigned reminder cron launched
[2023-09-21T18:30:26.077] [INFO] ma-core - Shift Unassigned reminder cron launched
[2023-09-21T18:30:26.081] [INFO] ma-core - Shift Unassigned reminder cron launched
[2023-09-21T18:30:26.085] [INFO] ma-core - Shift Unassigned reminder cron launched
[2023-09-21T18:30:26.088] [INFO] ma-core - Shift Unassigned reminder cron launched
[2023-09-21T18:30:26.091] [INFO] ma-core - Shift Unassigned reminder cron launched
[2023-09-21T18:30:26.092] [INFO] ma-core - cron shift unassigned : startdate before now
[2023-09-21T18:30:26.095] [INFO] ma-core - Shift Unassigned reminder cron launched
[2023-09-21T18:30:26.098] [INFO] ma-core - Shift Unassigned reminder cron launched
[2023-09-21T18:30:26.101] [INFO] ma-core - Shift Unassigned reminder cron launched
[2023-09-21T18:30:26.104] [INFO] ma-core - Shift Unassigned reminder cron launched
[2023-09-21T18:30:26.105] [INFO] ma-core - cron shift unassigned : startdate before now
[2023-09-21T18:30:26.106] [INFO] ma-core - Shift Unassigned reminder cron launched
[2023-09-21T18:30:26.108] [INFO] ma-core - Shift Unassigned reminder cron launched
[2023-09-21T18:30:26.110] [INFO] ma-core - Shift Unassigned reminder cron launched
[2023-09-21T18:30:26.113] [INFO] ma-core - Shift Unassigned reminder cron launched
[2023-09-21T18:30:26.116] [INFO] ma-core - Shift Unassigned reminder cron launched
[2023-09-21T18:30:26.119] [INFO] ma-core - Add user in sync shifts: takashi.maruyama@avaxia-group.com
[2023-09-21T18:30:26.130] [INFO] ma-core - Add user in sync shifts: ryoichi.kaneko@avaxia-group.com
[2023-09-21T18:30:26.136] [INFO] ma-core - Add user in sync shifts: yuichi.ishikawa@avaxia-group.com
[2023-09-21T18:30:26.156] [INFO] ma-core - Shift Unassigned reminder cron launched
[2023-09-21T18:30:26.160] [INFO] ma-core - Shift Unassigned reminder cron launched
[2023-09-21T18:30:26.163] [INFO] ma-core - Shift Unassigned reminder cron launched
[2023-09-21T18:30:26.166] [INFO] ma-core - Shift Unassigned reminder cron launched
[2023-09-21T18:30:26.170] [INFO] ma-core - Shift Unassigned reminder cron launched
[2023-09-21T18:30:26.174] [INFO] ma-core - Shift Unassigned reminder cron launched
[2023-09-21T18:30:26.177] [INFO] ma-core - Shift Unassigned reminder cron launched
[2023-09-21T18:30:26.179] [INFO] ma-core - Shift Unassigned reminder cron launched
[2023-09-21T18:30:26.182] [INFO] ma-core - Shift Unassigned reminder cron launched
[2023-09-21T18:30:26.185] [INFO] ma-core - Shift Unassigned reminder cron launched
[2023-09-21T18:30:26.281] [INFO] ma-core - Shift Unassigned reminder cron launched
[2023-09-21T18:30:26.285] [INFO] ma-core - Shift Unassigned reminder cron launched
[2023-09-21T18:30:26.290] [INFO] ma-core - Shift Unassigned reminder cron launched
[2023-09-21T18:30:26.294] [INFO] ma-core - Shift Unassigned reminder cron launched
[2023-09-21T18:30:26.297] [INFO] ma-core - Shift Unassigned reminder cron launched
[2023-09-21T18:30:26.300] [INFO] ma-core - Shift Unassigned reminder cron launched
[2023-09-21T18:30:26.303] [INFO] ma-core - Shift Unassigned reminder cron launched
[2023-09-21T18:30:26.306] [INFO] ma-core - cron shift unassigned : startdate before now
[2023-09-21T18:30:26.311] [INFO] ma-core - Shift Unassigned reminder cron launched
[2023-09-21T18:30:26.313] [INFO] ma-core - Shift Unassigned reminder cron launched
[2023-09-21T18:30:26.319] [INFO] ma-core - Shift Unassigned reminder cron launched
[2023-09-21T18:30:26.321] [INFO] ma-core - Shift Unassigned reminder cron launched
[2023-09-21T18:30:26.325] [INFO] ma-core - Shift Unassigned reminder cron launched
[2023-09-21T18:30:26.327] [INFO] ma-core - Shift Unassigned reminder cron launched
[2023-09-21T18:30:26.329] [INFO] ma-core - cron shift unassigned : startdate before now
[2023-09-21T18:30:26.333] [INFO] ma-core - Shift Unassigned reminder cron launched
[2023-09-21T18:30:26.337] [INFO] ma-core - Shift Unassigned reminder cron launched
[2023-09-21T18:30:26.341] [INFO] ma-core - cron shift unassigned : startdate before now
[2023-09-21T18:30:26.345] [INFO] ma-core - Shift Unassigned reminder cron launched
[2023-09-21T18:30:26.353] [INFO] ma-core - Shift Unassigned reminder cron launched
[2023-09-21T18:30:26.356] [INFO] ma-core - Shift Unassigned reminder cron launched
[2023-09-21T18:30:26.361] [INFO] ma-core - Shift Unassigned reminder cron launched
[2023-09-21T18:30:26.364] [INFO] ma-core - Shift Unassigned reminder cron launched
[2023-09-21T18:30:26.369] [INFO] ma-core - Shift Unassigned reminder cron launched
[2023-09-21T18:30:26.377] [INFO] ma-core - Shift Unassigned reminder cron launched
[2023-09-21T18:30:26.382] [INFO] ma-core - Sync shift : add new role success :  /api/shift/sync PATCH ::1
[2023-09-21T18:30:26.385] [INFO] ma-core - Sync shift : add new role success :  /api/shift/sync PATCH ::1
[2023-09-21T18:30:26.387] [INFO] ma-core - Sync shift : add new role success :  /api/shift/sync PATCH ::1
[2023-09-21T18:30:26.388] [INFO] ma-core - Sync shift : add new role success :  /api/shift/sync PATCH ::1
[2023-09-21T18:30:26.391] [INFO] ma-core - Sync shift : add new role success :  /api/shift/sync PATCH ::1
[2023-09-21T18:30:26.392] [INFO] ma-core - Sync shift : add new role success :  /api/shift/sync PATCH ::1
[2023-09-21T18:30:26.393] [INFO] ma-core - Sync shift : add new role success :  /api/shift/sync PATCH ::1
[2023-09-21T18:30:26.393] [INFO] ma-core - Sync shift : add new role success :  /api/shift/sync PATCH ::1
[2023-09-21T18:30:26.394] [INFO] ma-core - Sync shift : add new role success :  /api/shift/sync PATCH ::1
[2023-09-21T18:30:26.394] [INFO] ma-core - Sync shift : add new role success :  /api/shift/sync PATCH ::1
[2023-09-21T18:30:26.396] [INFO] ma-core - Sync shift : add new role success :  /api/shift/sync PATCH ::1
[2023-09-21T18:30:26.397] [INFO] ma-core - Sync shift : add new role success :  /api/shift/sync PATCH ::1
[2023-09-21T18:30:26.397] [INFO] ma-core - Sync shift : add new role success :  /api/shift/sync PATCH ::1
[2023-09-21T18:30:26.398] [INFO] ma-core - Sync shift : add new role success :  /api/shift/sync PATCH ::1
[2023-09-21T18:30:26.398] [INFO] ma-core - Sync shift : add new role success :  /api/shift/sync PATCH ::1
[2023-09-21T18:30:26.400] [INFO] ma-core - Sync shift : add new role success :  /api/shift/sync PATCH ::1
[2023-09-21T18:30:26.401] [INFO] ma-core - Sync shift : add new role success :  /api/shift/sync PATCH ::1
[2023-09-21T18:30:26.402] [INFO] ma-core - Sync shift : add new role success :  /api/shift/sync PATCH ::1
[2023-09-21T18:30:26.402] [INFO] ma-core - Sync shift : add new role success :  /api/shift/sync PATCH ::1
[2023-09-21T18:30:26.403] [INFO] ma-core - Sync shift : add new role success :  /api/shift/sync PATCH ::1
[2023-09-21T18:30:26.404] [INFO] ma-core - Sync shift : add new role success :  /api/shift/sync PATCH ::1
[2023-09-21T18:30:26.405] [INFO] ma-core - Sync shift : add new role success :  /api/shift/sync PATCH ::1
[2023-09-21T18:30:26.406] [INFO] ma-core - Sync shift : add new role success :  /api/shift/sync PATCH ::1
[2023-09-21T18:30:26.407] [INFO] ma-core - Sync shift : add new role success :  /api/shift/sync PATCH ::1
[2023-09-21T18:30:26.408] [INFO] ma-core - Sync shift : add new role success :  /api/shift/sync PATCH ::1
[2023-09-21T18:30:26.408] [INFO] ma-core - Sync shift : add new role success :  /api/shift/sync PATCH ::1
[2023-09-21T18:39:07.338] [INFO] ma-core - get All Role success /api/role/ GET ::1
[2023-09-21T18:39:11.307] [INFO] ma-core - get All Module success /api/module/getAll GET ::1
[2023-09-21T19:12:09.031] [INFO] ma-core - get All Role success /api/role/ GET ::1
[2023-09-21T19:12:21.102] [INFO] ma-core - get all Customer success /api/customer/ GET ::1
[2023-09-21T19:12:21.298] [INFO] ma-core - get all Customer success /api/customer/ GET ::1
[2023-09-21T19:12:23.464] [INFO] ma-core - get all Customer success /api/customer/ GET ::1
[2023-09-21T19:12:23.593] [INFO] ma-core - get all Customer success /api/customer/ GET ::1
[2023-09-21T19:12:26.517] [INFO] ma-core - get all Customer success /api/customer/ GET ::1
[2023-09-21T19:13:31.568] [INFO] ma-core - database URI mongodb://localhost:27017/core
[2023-09-21T19:13:32.438] [INFO] ma-core - server started at port 5000
[2023-09-21T19:13:32.459] [INFO] ma-core - mongodb conected
[2023-09-21T19:13:50.998] [INFO] ma-core - database URI mongodb://localhost:27017/core
[2023-09-21T19:13:51.801] [INFO] ma-core - server started at port 5000
[2023-09-21T19:13:51.850] [INFO] ma-core - mongodb conected
[2023-09-21T19:14:30.407] [INFO] ma-core - database URI mongodb://localhost:27017/core
[2023-09-21T19:14:31.026] [INFO] ma-core - server started at port 5000
[2023-09-21T19:14:31.047] [INFO] ma-core - mongodb conected
[2023-09-21T19:16:22.760] [INFO] ma-core - get All Role success /api/role/ GET ::1
[2023-09-21T19:18:15.169] [INFO] ma-core - get all Customer success /api/customer/ GET ::1
[2023-09-21T19:18:18.302] [INFO] ma-core - get All Role success /api/role/ GET ::1
[2023-09-21T19:18:36.824] [INFO] ma-core - get All Role success /api/role/ GET ::1
