[2021-11-23T10:26:08.731] [INFO] ma-core - add Client success testing testing testing
[2021-11-23T10:26:08.736] [ERROR] ma-core - add Client :missing property testing testing testing
[2021-11-23T10:26:08.740] [ERROR] ma-core - add Client :missing property NaN post 1234
[2021-11-23T10:26:08.752] [ERROR] ma-core - Delete Error : Error
    at Context.<anonymous> (/home/azer/avaxia-monitpring-app/core-service/test/unit/client/delete/deleteClient.service.test.js:62:33)
    at callFn (/home/azer/avaxia-monitpring-app/core-service/node_modules/mocha/lib/runnable.js:366:21)
    at Test.Runnable.run (/home/azer/avaxia-monitpring-app/core-service/node_modules/mocha/lib/runnable.js:354:5)
    at Runner.runTest (/home/azer/avaxia-monitpring-app/core-service/node_modules/mocha/lib/runner.js:680:10)
    at /home/azer/avaxia-monitpring-app/core-service/node_modules/mocha/lib/runner.js:803:12
    at next (/home/azer/avaxia-monitpring-app/core-service/node_modules/mocha/lib/runner.js:595:14)
    at /home/azer/avaxia-monitpring-app/core-service/node_modules/mocha/lib/runner.js:605:7
    at next (/home/azer/avaxia-monitpring-app/core-service/node_modules/mocha/lib/runner.js:488:14)
    at cbHookRun (/home/azer/avaxia-monitpring-app/core-service/node_modules/mocha/lib/runner.js:553:7)
    at done (/home/azer/avaxia-monitpring-app/core-service/node_modules/mocha/lib/runnable.js:310:5)
    at callFn (/home/azer/avaxia-monitpring-app/core-service/node_modules/mocha/lib/runnable.js:389:7)
    at Hook.Runnable.run (/home/azer/avaxia-monitpring-app/core-service/node_modules/mocha/lib/runnable.js:354:5)
    at next (/home/azer/avaxia-monitpring-app/core-service/node_modules/mocha/lib/runner.js:512:10)
    at Immediate._onImmediate (/home/azer/avaxia-monitpring-app/core-service/node_modules/mocha/lib/runner.js:573:5)
    at processImmediate (internal/timers.js:464:21)
[2021-11-23T10:26:08.754] [ERROR] ma-core - Delete Error : Error: random error
    at Context.<anonymous> (/home/azer/avaxia-monitpring-app/core-service/test/unit/client/delete/deleteClient.service.test.js:72:33)
    at callFn (/home/azer/avaxia-monitpring-app/core-service/node_modules/mocha/lib/runnable.js:366:21)
    at Test.Runnable.run (/home/azer/avaxia-monitpring-app/core-service/node_modules/mocha/lib/runnable.js:354:5)
    at Runner.runTest (/home/azer/avaxia-monitpring-app/core-service/node_modules/mocha/lib/runner.js:680:10)
    at /home/azer/avaxia-monitpring-app/core-service/node_modules/mocha/lib/runner.js:803:12
    at next (/home/azer/avaxia-monitpring-app/core-service/node_modules/mocha/lib/runner.js:595:14)
    at /home/azer/avaxia-monitpring-app/core-service/node_modules/mocha/lib/runner.js:605:7
    at next (/home/azer/avaxia-monitpring-app/core-service/node_modules/mocha/lib/runner.js:488:14)
    at cbHookRun (/home/azer/avaxia-monitpring-app/core-service/node_modules/mocha/lib/runner.js:553:7)
    at done (/home/azer/avaxia-monitpring-app/core-service/node_modules/mocha/lib/runnable.js:310:5)
    at callFn (/home/azer/avaxia-monitpring-app/core-service/node_modules/mocha/lib/runnable.js:389:7)
    at Hook.Runnable.run (/home/azer/avaxia-monitpring-app/core-service/node_modules/mocha/lib/runnable.js:354:5)
    at next (/home/azer/avaxia-monitpring-app/core-service/node_modules/mocha/lib/runner.js:512:10)
    at Immediate._onImmediate (/home/azer/avaxia-monitpring-app/core-service/node_modules/mocha/lib/runner.js:573:5)
    at processImmediate (internal/timers.js:464:21)
[2021-11-23T10:26:08.776] [ERROR] ma-core - Get by System Error : Error: Random error
    at Context.<anonymous> (/home/azer/avaxia-monitpring-app/core-service/test/unit/client/getClientsBySystemId/getAllBySystemServiceTest.js:49:21)
    at callFn (/home/azer/avaxia-monitpring-app/core-service/node_modules/mocha/lib/runnable.js:366:21)
    at Test.Runnable.run (/home/azer/avaxia-monitpring-app/core-service/node_modules/mocha/lib/runnable.js:354:5)
    at Runner.runTest (/home/azer/avaxia-monitpring-app/core-service/node_modules/mocha/lib/runner.js:680:10)
    at /home/azer/avaxia-monitpring-app/core-service/node_modules/mocha/lib/runner.js:803:12
    at next (/home/azer/avaxia-monitpring-app/core-service/node_modules/mocha/lib/runner.js:595:14)
    at /home/azer/avaxia-monitpring-app/core-service/node_modules/mocha/lib/runner.js:605:7
    at next (/home/azer/avaxia-monitpring-app/core-service/node_modules/mocha/lib/runner.js:488:14)
    at cbHookRun (/home/azer/avaxia-monitpring-app/core-service/node_modules/mocha/lib/runner.js:553:7)
    at done (/home/azer/avaxia-monitpring-app/core-service/node_modules/mocha/lib/runnable.js:310:5)
    at callFn (/home/azer/avaxia-monitpring-app/core-service/node_modules/mocha/lib/runnable.js:389:7)
    at Hook.Runnable.run (/home/azer/avaxia-monitpring-app/core-service/node_modules/mocha/lib/runnable.js:354:5)
    at next (/home/azer/avaxia-monitpring-app/core-service/node_modules/mocha/lib/runner.js:512:10)
    at Immediate._onImmediate (/home/azer/avaxia-monitpring-app/core-service/node_modules/mocha/lib/runner.js:573:5)
    at processImmediate (internal/timers.js:464:21)
[2021-11-23T10:26:08.783] [ERROR] ma-core - Error
    at Context.<anonymous> (/home/azer/avaxia-monitpring-app/core-service/test/unit/client/update/updateClient.service.test.js:70:33)
    at callFn (/home/azer/avaxia-monitpring-app/core-service/node_modules/mocha/lib/runnable.js:366:21)
    at Test.Runnable.run (/home/azer/avaxia-monitpring-app/core-service/node_modules/mocha/lib/runnable.js:354:5)
    at Runner.runTest (/home/azer/avaxia-monitpring-app/core-service/node_modules/mocha/lib/runner.js:680:10)
    at /home/azer/avaxia-monitpring-app/core-service/node_modules/mocha/lib/runner.js:803:12
    at next (/home/azer/avaxia-monitpring-app/core-service/node_modules/mocha/lib/runner.js:595:14)
    at /home/azer/avaxia-monitpring-app/core-service/node_modules/mocha/lib/runner.js:605:7
    at next (/home/azer/avaxia-monitpring-app/core-service/node_modules/mocha/lib/runner.js:488:14)
    at cbHookRun (/home/azer/avaxia-monitpring-app/core-service/node_modules/mocha/lib/runner.js:553:7)
    at done (/home/azer/avaxia-monitpring-app/core-service/node_modules/mocha/lib/runnable.js:310:5)
    at callFn (/home/azer/avaxia-monitpring-app/core-service/node_modules/mocha/lib/runnable.js:389:7)
    at Hook.Runnable.run (/home/azer/avaxia-monitpring-app/core-service/node_modules/mocha/lib/runnable.js:354:5)
    at next (/home/azer/avaxia-monitpring-app/core-service/node_modules/mocha/lib/runner.js:512:10)
    at Immediate._onImmediate (/home/azer/avaxia-monitpring-app/core-service/node_modules/mocha/lib/runner.js:573:5)
    at processImmediate (internal/timers.js:464:21)
[2021-11-23T10:44:26.626] [INFO] ma-core - database URI mongodb://localhost:27017/core
[2021-11-23T10:44:27.041] [INFO] ma-core - server started at port 5000
[2021-11-23T10:44:27.041] [TRACE] ma-core - A user connected, Total users connected is: 
[2021-11-23T10:44:27.059] [INFO] ma-core - mongodb conected
[2021-11-23T10:53:49.375] [INFO] ma-core - database URI mongodb://localhost:27017/core
[2021-11-23T10:53:49.814] [INFO] ma-core - server started at port 5000
[2021-11-23T10:53:49.814] [TRACE] ma-core - A user connected, Total users connected is: 
[2021-11-23T10:53:49.835] [INFO] ma-core - mongodb conected
[2021-11-23T10:54:38.347] [INFO] ma-core - database URI mongodb://localhost:27017/core
[2021-11-23T10:54:38.776] [INFO] ma-core - server started at port 5000
[2021-11-23T10:54:38.776] [TRACE] ma-core - A user connected, Total users connected is: 
[2021-11-23T10:54:38.793] [INFO] ma-core - mongodb conected
[2021-11-23T10:54:45.617] [INFO] ma-core - Get all shifts success testing testing testing
[2021-11-23T10:54:45.638] [INFO] ma-core - Get all members success testing testing testing
[2021-11-23T11:00:31.807] [INFO] ma-core - database URI mongodb://localhost:27017/core
[2021-11-23T11:00:32.234] [INFO] ma-core - server started at port 5000
[2021-11-23T11:00:32.234] [TRACE] ma-core - A user connected, Total users connected is: 
[2021-11-23T11:00:32.252] [INFO] ma-core - mongodb conected
[2021-11-23T11:00:33.951] [INFO] ma-core - database URI mongodb://localhost:27017/core
[2021-11-23T11:00:34.377] [INFO] ma-core - server started at port 5000
[2021-11-23T11:00:34.378] [TRACE] ma-core - A user connected, Total users connected is: 
[2021-11-23T11:00:34.397] [INFO] ma-core - mongodb conected
[2021-11-23T11:00:38.849] [INFO] ma-core - Get all shifts success testing testing testing
[2021-11-23T11:00:38.871] [INFO] ma-core - Get all members success testing testing testing
[2021-11-23T16:49:12.944] [INFO] ma-core - database URI mongodb://localhost:27017/core
[2021-11-23T16:49:13.377] [INFO] ma-core - server started at port 5000
[2021-11-23T16:49:13.377] [TRACE] ma-core - A user connected, Total users connected is: 
[2021-11-23T16:49:13.397] [INFO] ma-core - mongodb conected
[2021-11-23T16:49:25.816] [INFO] ma-core - database URI mongodb://localhost:27017/core
[2021-11-23T16:49:26.247] [INFO] ma-core - server started at port 5000
[2021-11-23T16:49:26.247] [TRACE] ma-core - A user connected, Total users connected is: 
[2021-11-23T16:49:26.266] [INFO] ma-core - mongodb conected
[2021-11-23T16:49:57.660] [INFO] ma-core - Get all shifts success testing testing testing
[2021-11-23T16:49:57.683] [INFO] ma-core - Get all members success testing testing testing
[2021-11-23T16:51:29.392] [INFO] ma-core - database URI mongodb://localhost:27017/core
[2021-11-23T16:51:29.799] [INFO] ma-core - server started at port 5000
[2021-11-23T16:51:29.800] [TRACE] ma-core - A user connected, Total users connected is: 
[2021-11-23T16:51:29.818] [INFO] ma-core - mongodb conected
[2021-11-23T16:51:42.148] [INFO] ma-core - Get all shifts success testing testing testing
[2021-11-23T16:51:42.171] [INFO] ma-core - Get all members success testing testing testing
[2021-11-23T16:53:22.095] [INFO] ma-core - database URI mongodb://localhost:27017/core
[2021-11-23T16:53:22.516] [INFO] ma-core - server started at port 5000
[2021-11-23T16:53:22.517] [TRACE] ma-core - A user connected, Total users connected is: 
[2021-11-23T16:53:22.535] [INFO] ma-core - mongodb conected
[2021-11-23T16:53:30.541] [INFO] ma-core - Get all shifts success testing testing testing
[2021-11-23T16:53:30.564] [INFO] ma-core - Get all members success testing testing testing
[2021-11-23T17:01:54.759] [INFO] ma-core - database URI mongodb://localhost:27017/core
[2021-11-23T17:01:55.198] [INFO] ma-core - server started at port 5000
[2021-11-23T17:01:55.198] [TRACE] ma-core - A user connected, Total users connected is: 
[2021-11-23T17:01:55.217] [INFO] ma-core - mongodb conected
[2021-11-23T17:02:07.285] [INFO] ma-core - Get all shifts success testing testing testing
[2021-11-23T17:02:07.308] [INFO] ma-core - Get all members success testing testing testing
[2021-11-23T17:03:45.712] [INFO] ma-core - database URI mongodb://localhost:27017/core
[2021-11-23T17:03:46.132] [INFO] ma-core - server started at port 5000
[2021-11-23T17:03:46.133] [TRACE] ma-core - A user connected, Total users connected is: 
[2021-11-23T17:03:46.150] [INFO] ma-core - mongodb conected
[2021-11-23T17:03:54.059] [INFO] ma-core - Get all shifts success testing testing testing
[2021-11-23T17:03:54.080] [INFO] ma-core - Get all members success testing testing testing
[2021-11-23T17:04:08.878] [INFO] ma-core - database URI mongodb://localhost:27017/core
[2021-11-23T17:04:09.305] [INFO] ma-core - server started at port 5000
[2021-11-23T17:04:09.305] [TRACE] ma-core - A user connected, Total users connected is: 
[2021-11-23T17:04:09.323] [INFO] ma-core - mongodb conected
