[2024-03-21T22:11:07.603] [INFO] ma-core - database URI mongodb://localhost:27017/core
[2024-03-21T22:11:10.396] [INFO] ma-core - server started at port 5000
[2024-03-21T22:11:10.486] [INFO] ma-core - mongodb conected
[2024-03-21T22:11:22.475] [INFO] ma-core - get all posts success /api/newsFeed/getAllPosts GET ::1
[2024-03-21T22:11:22.725] [INFO] ma-core - get all posts success /api/newsFeed/getAllPosts GET ::1
[2024-03-21T22:11:28.147] [INFO] ma-core - get all Customer success /api/customer/ GET ::1
[2024-03-21T22:11:29.799] [INFO] ma-core - get Customer success toBase64 error /api/customer/:id/ GET ::1
[2024-03-21T22:20:36.662] [INFO] ma-core - get all Customer success /api/customer/ GET ::1
[2024-03-21T22:20:37.965] [INFO] ma-core - get Customer success toBase64 error /api/customer/:id/ GET ::1
[2024-03-21T22:23:37.038] [INFO] ma-core - get all result form success /api/resultForm/getAllResultForm GET ::1
[2024-03-21T22:23:37.074] [INFO] ma-core - get Monitoring Activities Without Result Form success /api/resultForm/getMonitoringActivitiesWithoutResultForm GET ::1
[2024-03-21T22:23:50.639] [INFO] ma-core - get by id Result Form /api/resultForm/getResultFormById/:id GET ::1
[2024-03-21T22:24:47.237] [INFO] ma-core - get by id Result Form /api/resultForm/getResultFormById/:id GET ::1
[2024-03-21T22:30:39.290] [INFO] ma-core - get all Customer success /api/customer/ GET ::1
[2024-03-21T22:30:40.329] [INFO] ma-core - get Customer success toBase64 error /api/customer/:id/ GET ::1
[2024-03-21T22:34:03.104] [INFO] ma-core - get All nomenclature success /api/nomenclature/ GET ::1
[2024-03-21T22:34:03.738] [INFO] ma-core - Get all shifts success /api/shift/ GET ::1
[2024-03-21T22:34:04.130] [INFO] ma-core - Get all shifts success /api/shift/ GET ::1
[2024-03-21T22:34:11.215] [INFO] ma-core - Get all shifts success /api/shift/getAllMembersByShifts GET ::1
[2024-03-21T22:34:40.944] [INFO] ma-core - get All nomenclature success /api/nomenclature/ GET ::1
[2024-03-21T22:34:41.278] [INFO] ma-core - Get all shifts success /api/shift/ GET ::1
[2024-03-21T22:34:41.782] [INFO] ma-core - Get all shifts success /api/shift/ GET ::1
[2024-03-21T22:35:37.265] [INFO] ma-core - Get all shifts success /api/shift/getAllMembersByShifts GET ::1
[2024-03-21T22:36:13.312] [INFO] ma-core - Get all shifts success /api/shift/getAllMembersByShifts GET ::1
[2024-03-21T22:37:22.013] [INFO] ma-core - Get all shifts success /api/shift/getAllMembersByShifts GET ::1
[2024-03-21T22:41:02.030] [INFO] ma-core - get All nomenclature success /api/nomenclature/ GET ::1
[2024-03-21T22:41:02.529] [INFO] ma-core - Get all shifts success /api/shift/ GET ::1
[2024-03-21T22:41:02.877] [INFO] ma-core - Get all shifts success /api/shift/ GET ::1
[2024-03-21T22:41:03.309] [INFO] ma-core - Get all shifts success /api/shift/getAllMembersByShifts GET ::1
[2024-03-21T22:42:04.713] [INFO] ma-core - Get all shifts success /api/shift/getAllMembersByShifts GET ::1
[2024-03-21T22:43:47.736] [INFO] ma-core - get all Customer success /api/customer/ GET ::1
[2024-03-21T22:43:47.853] [INFO] ma-core - get all Customer success /api/customer/ GET ::1
[2024-03-21T22:43:54.871] [INFO] ma-core - get all Customer success /api/customer/ GET ::1
[2024-03-21T22:43:55.041] [INFO] ma-core - get all Customer success /api/customer/ GET ::1
[2024-03-21T22:44:25.388] [INFO] ma-core - get All Task By filter success /api/task/getTasksByFilter GET ::1
[2024-03-21T22:44:52.840] [INFO] ma-core - get all Customer success /api/customer/ GET ::1
[2024-03-21T22:44:52.878] [INFO] ma-core - get all Customer success /api/customer/ GET ::1
[2024-03-21T22:44:52.950] [INFO] ma-core - get all Customer success /api/customer/ GET ::1
[2024-03-21T22:44:56.668] [INFO] ma-core - get all Customer success /api/customer/ GET ::1
[2024-03-21T22:44:56.864] [INFO] ma-core - get all Customer success /api/customer/ GET ::1
[2024-03-21T22:44:58.621] [INFO] ma-core - get all Customer success /api/customer/ GET ::1
[2024-03-21T22:44:58.770] [INFO] ma-core - get all Customer success /api/customer/ GET ::1
[2024-03-21T22:45:00.958] [INFO] ma-core - get all Customer success /api/customer/ GET ::1
[2024-03-21T22:45:01.239] [INFO] ma-core - get all Customer success /api/customer/ GET ::1
[2024-03-21T22:45:35.794] [INFO] ma-core - get All Task By filter success /api/task/getTasksByFilter GET ::1
[2024-03-21T22:46:46.793] [INFO] ma-core - add Many Task success /api/task/addMany POST ::1
[2024-03-21T22:46:46.798] [INFO] ma-core - Auto start Task cron launched
[2024-03-21T22:46:46.799] [INFO] ma-core - Auto start Task cron launched
[2024-03-21T22:46:46.801] [INFO] ma-core - Auto start Task cron launched
[2024-03-21T22:46:46.804] [INFO] ma-core - Auto start Task cron launched
[2024-03-21T22:46:46.806] [INFO] ma-core - Auto start Task cron launched
[2024-03-21T22:46:46.809] [INFO] ma-core - Auto start Task cron launched
[2024-03-21T22:46:46.812] [INFO] ma-core - Auto start Task cron launched
[2024-03-21T22:46:46.814] [INFO] ma-core - Auto start Task cron launched
[2024-03-21T22:46:46.818] [INFO] ma-core - Auto start Task cron launched
[2024-03-21T22:46:46.823] [INFO] ma-core - Auto start Task cron launched
[2024-03-21T22:46:46.826] [INFO] ma-core - Auto start Task cron launched
[2024-03-21T22:46:46.831] [INFO] ma-core - Auto start Task cron launched
[2024-03-21T22:46:46.834] [INFO] ma-core - Auto start Task cron launched
[2024-03-21T22:46:46.857] [INFO] ma-core - Auto cancel/Done Task cron launched
[2024-03-21T22:46:46.862] [INFO] ma-core - Auto cancel/Done Task cron launched
[2024-03-21T22:46:47.163] [INFO] ma-core - get All Task By filter success /api/task/getTasksByFilter GET ::1
[2024-03-21T22:46:47.761] [INFO] ma-core - get All Task success /api/task/getFiltredTasks GET ::1
[2024-03-21T22:49:30.790] [INFO] ma-core - get All nomenclature success /api/nomenclature/ GET ::1
[2024-03-21T22:49:31.206] [INFO] ma-core - Get all shifts success /api/shift/ GET ::1
[2024-03-21T22:49:31.758] [INFO] ma-core - Get all shifts success /api/shift/ GET ::1
[2024-03-21T22:50:55.491] [INFO] ma-core - Get all shifts success /api/shift/getAllMembersByShifts GET ::1
[2024-03-21T22:52:04.823] [INFO] ma-core - Get all shifts success /api/shift/ GET ::1
[2024-03-21T22:52:05.720] [INFO] ma-core - Get all shifts success /api/shift/ GET ::1
[2024-03-21T22:52:06.903] [INFO] ma-core - Get all shifts success /api/shift/ GET ::1
[2024-03-21T22:52:28.193] [INFO] ma-core - get all Customer success /api/customer/ GET ::1
[2024-03-21T22:52:28.287] [INFO] ma-core - get all Customer success /api/customer/ GET ::1
[2024-03-21T22:52:29.327] [INFO] ma-core - get all Customer success /api/customer/ GET ::1
[2024-03-21T22:52:29.525] [INFO] ma-core - get All Task success /api/task/getFiltredTasks GET ::1
[2024-03-21T22:52:29.538] [INFO] ma-core - get all Customer success /api/customer/ GET ::1
[2024-03-21T22:52:29.692] [INFO] ma-core - get All Task success /api/task/getFiltredTasks GET ::1
[2024-03-21T22:52:29.752] [INFO] ma-core - get All Task success /api/task/getFiltredTasks GET ::1
[2024-03-21T22:52:29.806] [INFO] ma-core - get All Task success /api/task/getFiltredTasks GET ::1
[2024-03-21T22:52:29.855] [INFO] ma-core - get All Task success /api/task/getFiltredTasks GET ::1
[2024-03-21T22:56:48.360] [INFO] ma-core - get All Task By filter success /api/task/getTasksByFilter GET ::1
[2024-03-21T22:59:00.012] [DEBUG] ma-core - Before sending Info !!
[2024-03-21T22:59:00.012] [DEBUG] ma-core - Before sending inside the producer !
[2024-03-21T22:59:00.014] [INFO] ma-core - Auto start Task success
[2024-03-21T22:59:00.014] [INFO] ma-core - Task state change sent with socket!
[2024-03-21T22:59:00.017] [DEBUG] ma-core - Before sending Info !!
[2024-03-21T22:59:00.018] [DEBUG] ma-core - Before sending inside the producer !
[2024-03-21T22:59:00.018] [INFO] ma-core - Auto start Task success
[2024-03-21T22:59:00.018] [INFO] ma-core - Task state change sent with socket!
[2024-03-21T22:59:00.019] [DEBUG] ma-core - Before sending Info !!
[2024-03-21T22:59:00.019] [DEBUG] ma-core - Before sending inside the producer !
[2024-03-21T22:59:00.020] [INFO] ma-core - Auto start Task success
[2024-03-21T22:59:00.020] [INFO] ma-core - Task state change sent with socket!
[2024-03-21T22:59:00.021] [DEBUG] ma-core - Before sending Info !!
[2024-03-21T22:59:00.021] [DEBUG] ma-core - Before sending inside the producer !
[2024-03-21T22:59:00.021] [INFO] ma-core - Auto start Task success
[2024-03-21T22:59:00.021] [INFO] ma-core - Task state change sent with socket!
[2024-03-21T22:59:00.023] [DEBUG] ma-core - Before sending Info !!
[2024-03-21T22:59:00.023] [DEBUG] ma-core - Before sending inside the producer !
[2024-03-21T22:59:00.024] [INFO] ma-core - Auto start Task success
[2024-03-21T22:59:00.024] [INFO] ma-core - Task state change sent with socket!
[2024-03-21T22:59:00.025] [DEBUG] ma-core - Before sending Info !!
[2024-03-21T22:59:00.025] [DEBUG] ma-core - Before sending inside the producer !
[2024-03-21T22:59:00.026] [INFO] ma-core - Auto start Task success
[2024-03-21T22:59:00.026] [INFO] ma-core - Task state change sent with socket!
[2024-03-21T22:59:00.030] [INFO] ma-core - Auto cancel/Done Task cron launched
[2024-03-21T22:59:00.032] [INFO] ma-core - Auto cancel/Done Task cron launched
[2024-03-21T22:59:00.036] [INFO] ma-core - Auto cancel/Done Task cron launched
[2024-03-21T22:59:00.039] [INFO] ma-core - Auto cancel/Done Task cron launched
[2024-03-21T22:59:00.042] [INFO] ma-core - Auto cancel/Done Task cron launched
[2024-03-21T22:59:00.044] [DEBUG] ma-core - Before sending Info !!
[2024-03-21T22:59:00.045] [DEBUG] ma-core - Before sending inside the producer !
[2024-03-21T22:59:00.045] [INFO] ma-core - Auto Canceled the Task
[2024-03-21T22:59:00.045] [INFO] ma-core - Task state change sent with socket!
[2024-03-21T22:59:00.078] [INFO] ma-core - Auto cancel/Done Task cron launched
[2024-03-21T23:00:31.037] [INFO] ma-core - get all posts success /api/newsFeed/getAllPosts GET ::1
[2024-03-21T23:00:31.221] [INFO] ma-core - get all posts success /api/newsFeed/getAllPosts GET ::1
[2024-03-21T23:00:32.693] [INFO] ma-core - get all Customer success /api/customer/ GET ::1
[2024-03-21T23:00:32.717] [INFO] ma-core - get All Task By ID success /api/task/getTasksByUserId GET ::1
[2024-03-21T23:00:32.847] [INFO] ma-core - get all Customer success /api/customer/ GET ::1
[2024-03-21T23:00:32.862] [INFO] ma-core - get All Task By ID success /api/task/getTasksByUserId GET ::1
[2024-03-21T23:01:18.831] [INFO] ma-core - add Task success /api/task/addOne POST ::1
[2024-03-21T23:01:18.962] [INFO] ma-core - Auto cancel/Done Task cron launched
[2024-03-21T23:01:21.251] [INFO] ma-core - get All Task success /api/task/getFiltredTasks GET ::1
[2024-03-21T23:03:19.730] [INFO] ma-core - get All Task success /api/task/getFiltredTasks GET ::1
[2024-03-21T23:03:22.859] [INFO] ma-core - update Task success /api/task/:id PATCH ::1
[2024-03-21T23:03:23.117] [INFO] ma-core - get All Task success /api/task/getFiltredTasks GET ::1
[2024-03-21T23:03:42.921] [INFO] ma-core - get all Customer success /api/customer/ GET ::1
[2024-03-21T23:03:43.039] [INFO] ma-core - get all Customer success /api/customer/ GET ::1
[2024-03-21T23:04:00.510] [INFO] ma-core - get All Role success /api/role/ GET ::1
[2024-03-21T23:04:03.119] [INFO] ma-core - update user : update old shift endDate success /api/user/update/:id PATCH
[2024-03-21T23:04:06.814] [INFO] ma-core - get all posts success /api/newsFeed/getAllPosts GET ::1
[2024-03-21T23:04:11.325] [INFO] ma-core - get all posts success /api/newsFeed/getAllPosts GET ::1
[2024-03-21T23:04:11.631] [INFO] ma-core - get all posts success /api/newsFeed/getAllPosts GET ::1
[2024-03-21T23:04:21.888] [INFO] ma-core - get All Task By ID success /api/task/getTasksByUserId GET ::1
[2024-03-21T23:04:21.912] [INFO] ma-core - get all Customer success /api/customer/ GET ::1
[2024-03-21T23:04:22.052] [INFO] ma-core - get all Customer success /api/customer/ GET ::1
[2024-03-21T23:04:22.069] [INFO] ma-core - get All Task By ID success /api/task/getTasksByUserId GET ::1
[2024-03-21T23:04:33.296] [INFO] ma-core - get all Customer success /api/customer/ GET ::1
[2024-03-21T23:04:33.366] [INFO] ma-core - get All Task success /api/task/getFiltredTasks GET ::1
[2024-03-21T23:04:33.460] [INFO] ma-core - get all Customer success /api/customer/ GET ::1
[2024-03-21T23:04:33.584] [INFO] ma-core - get All Task success /api/task/getFiltredTasks GET ::1
[2024-03-21T23:04:33.658] [INFO] ma-core - get All Task success /api/task/getFiltredTasks GET ::1
[2024-03-21T23:04:33.724] [INFO] ma-core - get All Task success /api/task/getFiltredTasks GET ::1
[2024-03-21T23:04:33.774] [INFO] ma-core - get All Task success /api/task/getFiltredTasks GET ::1
[2024-03-21T23:04:47.776] [INFO] ma-core - get All Task By ID success /api/task/getTasksByUserId GET ::1
[2024-03-21T23:04:53.084] [INFO] ma-core - get All Task By ID success /api/task/getTasksByUserId GET ::1
[2024-03-21T23:04:53.959] [INFO] ma-core - get All Task By ID success /api/task/getTasksByUserId GET ::1
[2024-03-21T23:04:55.378] [INFO] ma-core - get All Task By ID success /api/task/getTasksByUserId GET ::1
[2024-03-21T23:04:56.687] [INFO] ma-core - get Created Tasks success /api/task/getworkflowTasks GET ::1
[2024-03-21T23:05:02.081] [INFO] ma-core - get all Customer success /api/customer/ GET ::1
[2024-03-21T23:05:02.117] [INFO] ma-core - get All Task By ID success /api/task/getTasksByUserId GET ::1
[2024-03-21T23:05:02.200] [INFO] ma-core - get all Customer success /api/customer/ GET ::1
[2024-03-21T23:06:45.949] [INFO] ma-core - get all Customer success /api/customer/ GET ::1
[2024-03-21T23:06:46.084] [INFO] ma-core - get all Customer success /api/customer/ GET ::1
[2024-03-21T23:07:56.760] [INFO] ma-core - get Created Tasks success /api/task/getworkflowTasks GET ::1
[2024-03-21T23:13:10.974] [INFO] ma-core - Insert result success /api/result/ POST ::1
[2024-03-21T23:13:10.980] [DEBUG] ma-core - Before sending Info !!
[2024-03-21T23:13:10.981] [DEBUG] ma-core - Before sending inside the producer !
[2024-03-21T23:13:11.012] [INFO] ma-core - Auto cancel/Done Task cron launched
[2024-03-21T23:13:38.587] [INFO] ma-core - Insert result success /api/result/ POST ::1
[2024-03-21T23:13:38.633] [INFO] ma-core - Auto cancel/Done Task cron launched
[2024-03-21T23:13:45.384] [INFO] ma-core - get all Customer success /api/customer/ GET ::1
[2024-03-21T23:13:45.407] [INFO] ma-core - get All Task By ID success /api/task/getTasksByUserId GET ::1
[2024-03-21T23:13:45.528] [INFO] ma-core - get all Customer success /api/customer/ GET ::1
[2024-03-21T23:13:45.582] [INFO] ma-core - get All Task By ID success /api/task/getTasksByUserId GET ::1
[2024-03-21T23:13:46.858] [INFO] ma-core - get Created Tasks success /api/task/getworkflowTasks GET ::1
[2024-03-21T23:14:04.182] [INFO] ma-core - Insert result success /api/result/ POST ::1
[2024-03-21T23:14:04.190] [DEBUG] ma-core - Before sending Info !!
[2024-03-21T23:14:04.191] [DEBUG] ma-core - Before sending inside the producer !
[2024-03-21T23:14:04.211] [INFO] ma-core - Auto cancel/Done Task cron launched
[2024-03-21T23:14:09.788] [INFO] ma-core - get all Customer success /api/customer/ GET ::1
[2024-03-21T23:14:09.802] [INFO] ma-core - get All Task By ID success /api/task/getTasksByUserId GET ::1
[2024-03-21T23:14:09.922] [INFO] ma-core - get all Customer success /api/customer/ GET ::1
[2024-03-21T23:14:09.961] [INFO] ma-core - get All Task By ID success /api/task/getTasksByUserId GET ::1
[2024-03-21T23:14:10.807] [INFO] ma-core - get Created Tasks success /api/task/getworkflowTasks GET ::1
[2024-03-21T23:14:11.712] [INFO] ma-core - get one result success /api/result/:id GET ::1
[2024-03-21T23:14:15.268] [INFO] ma-core - get one result success /api/result/:id GET ::1
[2024-03-21T23:14:20.220] [DEBUG] ma-core - Before sending Info !!
[2024-03-21T23:14:20.220] [DEBUG] ma-core - Before sending inside the producer !
[2024-03-21T23:14:20.221] [INFO] ma-core - Closed the Task /api/task/closeTask/:id PUT ::1
[2024-03-21T23:14:23.256] [DEBUG] ma-core - Before sending Info !!
[2024-03-21T23:14:23.257] [DEBUG] ma-core - Before sending inside the producer !
[2024-03-21T23:14:23.258] [INFO] ma-core - Closed the Task /api/task/closeTask/:id PUT ::1
[2024-03-21T23:14:27.829] [INFO] ma-core - get all posts success /api/newsFeed/getAllPosts GET ::1
[2024-03-21T23:15:13.121] [INFO] ma-core - get all Customer success /api/customer/ GET ::1
[2024-03-21T23:15:13.189] [INFO] ma-core - get All Task success /api/task/getFiltredTasks GET ::1
[2024-03-21T23:15:13.308] [INFO] ma-core - get all Customer success /api/customer/ GET ::1
[2024-03-21T23:15:13.397] [INFO] ma-core - get All Task success /api/task/getFiltredTasks GET ::1
[2024-03-21T23:15:13.529] [INFO] ma-core - get All Task success /api/task/getFiltredTasks GET ::1
[2024-03-21T23:15:13.607] [INFO] ma-core - get All Task success /api/task/getFiltredTasks GET ::1
[2024-03-21T23:15:13.675] [INFO] ma-core - get All Task success /api/task/getFiltredTasks GET ::1
[2024-03-21T23:15:34.520] [INFO] ma-core - get All Task By filter success /api/task/getTasksByFilter GET ::1
[2024-03-21T23:15:50.303] [INFO] ma-core - add Many Task success /api/task/addMany POST ::1
[2024-03-21T23:15:50.306] [INFO] ma-core - Auto start Task cron launched
[2024-03-21T23:15:50.308] [INFO] ma-core - Auto start Task cron launched
[2024-03-21T23:15:50.310] [INFO] ma-core - Auto start Task cron launched
[2024-03-21T23:15:50.677] [INFO] ma-core - get All Task By filter success /api/task/getTasksByFilter GET ::1
[2024-03-21T23:15:51.209] [INFO] ma-core - get All Task success /api/task/getFiltredTasks GET ::1
[2024-03-21T23:16:06.358] [INFO] ma-core - get All Task success /api/task/getFiltredTasks GET ::1
[2024-03-21T23:16:16.477] [INFO] ma-core - get all Customer success /api/customer/ GET ::1
[2024-03-21T23:16:16.530] [INFO] ma-core - get All Task By ID success /api/task/getTasksByUserId GET ::1
[2024-03-21T23:16:16.645] [INFO] ma-core - get all Customer success /api/customer/ GET ::1
[2024-03-21T23:16:16.679] [INFO] ma-core - get All Task By ID success /api/task/getTasksByUserId GET ::1
[2024-03-21T23:16:20.995] [INFO] ma-core - get All Task By ID success /api/task/getTasksByUserId GET ::1
[2024-03-21T23:16:21.252] [INFO] ma-core - get All Task By ID success /api/task/getTasksByUserId GET ::1
[2024-03-21T23:16:25.409] [INFO] ma-core - get Created Tasks success /api/task/getworkflowTasks GET ::1
[2024-03-21T23:16:56.644] [INFO] ma-core - Insert result success /api/result/ POST ::1
[2024-03-21T23:16:56.649] [DEBUG] ma-core - Before sending Info !!
[2024-03-21T23:16:56.650] [DEBUG] ma-core - Before sending inside the producer !
[2024-03-21T23:16:56.673] [INFO] ma-core - Auto cancel/Done Task cron launched
[2024-03-21T23:16:59.321] [INFO] ma-core - get all Customer success /api/customer/ GET ::1
[2024-03-21T23:16:59.335] [INFO] ma-core - get All Task By ID success /api/task/getTasksByUserId GET ::1
[2024-03-21T23:16:59.413] [INFO] ma-core - get all Customer success /api/customer/ GET ::1
[2024-03-21T23:17:00.155] [INFO] ma-core - get Created Tasks success /api/task/getworkflowTasks GET ::1
[2024-03-21T23:17:09.584] [ERROR] ma-core - get Previous result error /api/result/previousResult/:id GET ::1
[2024-03-21T23:17:10.519] [ERROR] ma-core - get Previous result error /api/result/previousResult/:id GET ::1
[2024-03-21T23:17:21.218] [INFO] ma-core - Insert result success /api/result/ POST ::1
[2024-03-21T23:17:21.226] [DEBUG] ma-core - Before sending Info !!
[2024-03-21T23:17:21.227] [DEBUG] ma-core - Before sending inside the producer !
[2024-03-21T23:17:21.256] [INFO] ma-core - Auto cancel/Done Task cron launched
[2024-03-21T23:17:24.972] [INFO] ma-core - get all posts success /api/newsFeed/getAllPosts GET ::1
[2024-03-21T23:17:26.649] [INFO] ma-core - get all Customer success /api/customer/ GET ::1
[2024-03-21T23:17:26.667] [INFO] ma-core - get All Task By ID success /api/task/getTasksByUserId GET ::1
[2024-03-21T23:17:26.734] [INFO] ma-core - get all Customer success /api/customer/ GET ::1
[2024-03-21T23:17:26.773] [INFO] ma-core - get All Task By ID success /api/task/getTasksByUserId GET ::1
[2024-03-21T23:17:27.746] [INFO] ma-core - get Created Tasks success /api/task/getworkflowTasks GET ::1
[2024-03-21T23:17:33.754] [DEBUG] ma-core - Before sending Info !!
[2024-03-21T23:17:33.755] [DEBUG] ma-core - Before sending inside the producer !
[2024-03-21T23:17:33.756] [INFO] ma-core - Closed the Task /api/task/closeTask/:id PUT ::1
[2024-03-21T23:17:34.831] [DEBUG] ma-core - Before sending Info !!
[2024-03-21T23:17:34.832] [DEBUG] ma-core - Before sending inside the producer !
[2024-03-21T23:17:34.832] [INFO] ma-core - Closed the Task /api/task/closeTask/:id PUT ::1
[2024-03-21T23:17:36.903] [INFO] ma-core - get all posts success /api/newsFeed/getAllPosts GET ::1
[2024-03-21T23:17:51.368] [INFO] ma-core - get all Customer success /api/customer/ GET ::1
[2024-03-21T23:17:51.391] [INFO] ma-core - get All Task By ID success /api/task/getTasksByUserId GET ::1
[2024-03-21T23:17:51.492] [INFO] ma-core - get all Customer success /api/customer/ GET ::1
[2024-03-21T23:17:51.549] [INFO] ma-core - get All Task By ID success /api/task/getTasksByUserId GET ::1
[2024-03-21T23:18:03.861] [INFO] ma-core - get all posts success /api/newsFeed/getAllPosts GET ::1
[2024-03-21T23:18:36.347] [INFO] ma-core - get All Task By ID success /api/task/getTasksByUserId GET ::1
[2024-03-21T23:18:36.368] [INFO] ma-core - get all Customer success /api/customer/ GET ::1
[2024-03-21T23:18:36.492] [INFO] ma-core - get all Customer success /api/customer/ GET ::1
[2024-03-21T23:18:36.522] [INFO] ma-core - get All Task By ID success /api/task/getTasksByUserId GET ::1
[2024-03-21T23:24:06.015] [INFO] ma-core - get all Customer success /api/customer/ GET ::1
[2024-03-21T23:24:06.100] [INFO] ma-core - get all Customer success /api/customer/ GET ::1
[2024-03-21T23:24:06.190] [INFO] ma-core - get all Customer success /api/customer/ GET ::1
[2024-03-21T23:24:55.059] [INFO] ma-core - get all Customer success /api/customer/ GET ::1
[2024-03-21T23:24:55.110] [INFO] ma-core - get all Customer success /api/customer/ GET ::1
[2024-03-21T23:24:55.190] [INFO] ma-core - get all Customer success /api/customer/ GET ::1
[2024-03-21T23:26:27.932] [INFO] ma-core - get all posts success /api/newsFeed/getAllPosts GET ::1
[2024-03-21T23:26:28.621] [INFO] ma-core - get All Task By ID success /api/task/getTasksByUserId GET ::1
[2024-03-21T23:26:28.676] [INFO] ma-core - get all Customer success /api/customer/ GET ::1
[2024-03-21T23:26:28.894] [INFO] ma-core - get All Task By ID success /api/task/getTasksByUserId GET ::1
[2024-03-21T23:26:28.919] [INFO] ma-core - get all Customer success /api/customer/ GET ::1
[2024-03-21T23:26:44.766] [INFO] ma-core - get all posts success /api/newsFeed/getAllPosts GET ::1
[2024-03-21T23:27:28.441] [INFO] ma-core - get all posts success /api/newsFeed/getAllPosts GET ::1
[2024-03-21T23:29:00.005] [DEBUG] ma-core - Before sending Info !!
[2024-03-21T23:29:00.006] [DEBUG] ma-core - Before sending inside the producer !
[2024-03-21T23:29:00.006] [INFO] ma-core - Auto start Task success
[2024-03-21T23:29:00.007] [INFO] ma-core - Task state change sent with socket!
[2024-03-21T23:29:00.017] [INFO] ma-core - Auto cancel/Done Task cron launched
[2024-03-21T23:29:31.482] [INFO] ma-core - get All nomenclature success /api/nomenclature/ GET ::1
[2024-03-21T23:29:32.000] [INFO] ma-core - Get all shifts success /api/shift/ GET ::1
[2024-03-21T23:29:32.591] [INFO] ma-core - Get all shifts success /api/shift/ GET ::1
[2024-03-21T23:29:32.769] [INFO] ma-core - get all Customer success /api/customer/ GET ::1
[2024-03-21T23:29:32.827] [INFO] ma-core - get all Customer success /api/customer/ GET ::1
[2024-03-21T23:29:32.884] [INFO] ma-core - get all Customer success /api/customer/ GET ::1
[2024-03-21T23:29:34.104] [INFO] ma-core - get all Customer success /api/customer/ GET ::1
[2024-03-21T23:29:34.173] [INFO] ma-core - get all Customer success /api/customer/ GET ::1
[2024-03-21T23:29:34.248] [INFO] ma-core - get all Customer success /api/customer/ GET ::1
[2024-03-21T23:30:36.648] [INFO] ma-core - get All nomenclature success /api/nomenclature/ GET ::1
[2024-03-21T23:30:37.264] [INFO] ma-core - Get all shifts success /api/shift/ GET ::1
[2024-03-21T23:30:37.769] [INFO] ma-core - Get all shifts success /api/shift/ GET ::1
[2024-03-21T23:30:38.399] [INFO] ma-core - get all Customer success /api/customer/ GET ::1
[2024-03-21T23:30:38.458] [INFO] ma-core - get all Customer success /api/customer/ GET ::1
[2024-03-21T23:30:38.515] [INFO] ma-core - get all Customer success /api/customer/ GET ::1
[2024-03-21T23:32:28.755] [INFO] ma-core - get All Role success /api/role/ GET ::1
[2024-03-21T23:32:30.416] [INFO] ma-core - get All Module success /api/module/getAll GET ::1
[2024-03-21T23:32:35.556] [INFO] ma-core - get All Basic Module success /api/module/getAllBasic GET ::1
[2024-03-21T23:33:01.057] [INFO] ma-core - get module By Id success /api/module/getOne/:id/ GET ::1
[2024-03-21T23:33:08.168] [INFO] ma-core - get module By Id success /api/module/getOne/:id/ GET ::1
[2024-03-21T23:46:34.264] [INFO] ma-core - database URI mongodb://localhost:27017/core
[2024-03-21T23:46:38.486] [INFO] ma-core - server started at port 5000
[2024-03-21T23:46:38.590] [INFO] ma-core - mongodb conected
[2024-03-21T23:48:48.652] [INFO] ma-core - get all posts success /api/newsFeed/getAllPosts GET ::1
[2024-03-21T23:48:49.324] [INFO] ma-core - get all posts success /api/newsFeed/getAllPosts GET ::1
[2024-03-21T23:51:35.134] [INFO] ma-core - get all result form success /api/resultForm/getAllResultForm GET ::1
[2024-03-21T23:51:35.180] [INFO] ma-core - get Monitoring Activities Without Result Form success /api/resultForm/getMonitoringActivitiesWithoutResultForm GET ::1
[2024-03-21T23:51:38.517] [INFO] ma-core - get by id Result Form /api/resultForm/getResultFormById/:id GET ::1
