[2023-12-04T01:14:56.563] [INFO] ma-core - get All nomenclature success /api/nomenclature/ GET ::1
[2023-12-04T01:14:56.733] [INFO] ma-core - Get all shifts success /api/shift/ GET ::1
[2023-12-04T01:14:56.854] [INFO] ma-core - Get all shifts success /api/shift/ GET ::1
[2023-12-04T01:15:12.113] [INFO] ma-core - Get all members success /api/shift/members GET ::1
[2023-12-04T01:15:16.611] [INFO] ma-core - Get all shifts success /api/shift/getAllMembersByShifts GET ::1
[2023-12-04T01:16:15.650] [INFO] ma-core - Get all members success /api/shift/members GET ::1
[2023-12-04T01:16:21.466] [INFO] ma-core - Get all shifts success /api/shift/getAllMembersByShifts GET ::1
[2023-12-04T01:16:58.597] [INFO] ma-core - get all Customer success /api/customer/ GET ::1
[2023-12-04T01:16:58.643] [INFO] ma-core - get all Customer success /api/customer/ GET ::1
[2023-12-04T01:17:03.253] [INFO] ma-core - get All nomenclature success /api/nomenclature/ GET ::1
[2023-12-04T01:17:03.373] [INFO] ma-core - Get all shifts success /api/shift/ GET ::1
[2023-12-04T01:17:03.645] [INFO] ma-core - Get all shifts success /api/shift/ GET ::1
[2023-12-04T01:17:19.200] [INFO] ma-core - Get all shifts success /api/shift/getAllMembersByShifts GET ::1
[2023-12-04T01:17:40.740] [INFO] ma-core - Get all members success /api/shift/members GET ::1
[2023-12-04T01:19:43.074] [INFO] ma-core - Get all shifts success /api/shift/getAllMembersByShifts GET ::1
[2023-12-04T01:24:08.073] [INFO] ma-core - get All nomenclature success /api/nomenclature/ GET ::1
[2023-12-04T01:24:08.325] [INFO] ma-core - Get all shifts success /api/shift/ GET ::1
[2023-12-04T01:24:08.597] [INFO] ma-core - Get all shifts success /api/shift/ GET ::1
[2023-12-04T01:24:09.069] [INFO] ma-core - Get all shifts success /api/shift/getAllMembersByShifts GET ::1
[2023-12-04T01:25:28.878] [INFO] ma-core - get All nomenclature success /api/nomenclature/ GET ::1
[2023-12-04T01:25:29.195] [INFO] ma-core - Get all shifts success /api/shift/ GET ::1
[2023-12-04T01:25:29.521] [INFO] ma-core - Get all shifts success /api/shift/ GET ::1
[2023-12-04T01:25:51.490] [INFO] ma-core - get all Customer success /api/customer/ GET ::1
[2023-12-04T01:25:51.580] [INFO] ma-core - get all Customer success /api/customer/ GET ::1
[2023-12-04T01:26:22.891] [INFO] ma-core - get All Task By filter success /api/task/getTasksByFilter GET ::1
[2023-12-04T01:26:37.172] [INFO] ma-core - get All Task By filter success /api/task/getTasksByFilter GET ::1
[2023-12-04T01:26:38.935] [INFO] ma-core - get All Task By filter success /api/task/getTasksByFilter GET ::1
[2023-12-04T01:26:48.834] [INFO] ma-core - get All Task By filter success /api/task/getTasksByFilter GET ::1
[2023-12-04T01:27:12.864] [INFO] ma-core - get All Task By filter success /api/task/getTasksByFilter GET ::1
[2023-12-04T01:27:27.159] [INFO] ma-core - get all Customer success /api/customer/ GET ::1
[2023-12-04T01:27:28.461] [INFO] ma-core - get Customer success toBase64 error /api/customer/:id/ GET ::1
[2023-12-04T01:29:42.469] [INFO] ma-core - get all Customer success /api/customer/ GET ::1
[2023-12-04T01:29:42.623] [INFO] ma-core - get all Customer success /api/customer/ GET ::1
[2023-12-04T01:30:00.426] [INFO] ma-core - get All Task By filter success /api/task/getTasksByFilter GET ::1
[2023-12-04T01:30:01.575] [INFO] ma-core - get All Task By filter success /api/task/getTasksByFilter GET ::1
[2023-12-04T01:30:12.632] [INFO] ma-core - get All Task By filter success /api/task/getTasksByFilter GET ::1
[2023-12-04T01:30:15.746] [INFO] ma-core - get All Task By filter success /api/task/getTasksByFilter GET ::1
[2023-12-04T01:30:20.413] [INFO] ma-core - get All Task By filter success /api/task/getTasksByFilter GET ::1
[2023-12-04T01:30:23.135] [INFO] ma-core - get All Task By filter success /api/task/getTasksByFilter GET ::1
[2023-12-04T01:30:32.808] [INFO] ma-core - get All Task By filter success /api/task/getTasksByFilter GET ::1
[2023-12-04T01:30:46.602] [INFO] ma-core - get All Task By filter success /api/task/getTasksByFilter GET ::1
[2023-12-04T01:30:54.010] [INFO] ma-core - get All Task By filter success /api/task/getTasksByFilter GET ::1
[2023-12-04T01:31:00.432] [INFO] ma-core - get All Task By filter success /api/task/getTasksByFilter GET ::1
[2023-12-04T01:31:01.244] [INFO] ma-core - get All Task By filter success /api/task/getTasksByFilter GET ::1
[2023-12-04T01:31:01.978] [INFO] ma-core - get All Task By filter success /api/task/getTasksByFilter GET ::1
[2023-12-04T01:31:02.188] [INFO] ma-core - get All Task By filter success /api/task/getTasksByFilter GET ::1
[2023-12-04T01:31:02.473] [INFO] ma-core - get All Task By filter success /api/task/getTasksByFilter GET ::1
[2023-12-04T01:31:02.767] [INFO] ma-core - get All Task By filter success /api/task/getTasksByFilter GET ::1
[2023-12-04T01:31:02.847] [INFO] ma-core - get All Task By filter success /api/task/getTasksByFilter GET ::1
[2023-12-04T01:31:03.119] [INFO] ma-core - get All Task By filter success /api/task/getTasksByFilter GET ::1
[2023-12-04T01:31:43.169] [INFO] ma-core - get all Customer success /api/customer/ GET ::1
[2023-12-04T01:33:31.621] [INFO] ma-core - add customer success /api/customer/ POST ::1
[2023-12-04T01:33:31.642] [INFO] ma-core - get all Customer success /api/customer/ GET ::1
[2023-12-04T01:33:33.809] [INFO] ma-core - get all Customer success /api/customer/ GET ::1
[2023-12-04T01:33:34.225] [INFO] ma-core - get all Customer success /api/customer/ GET ::1
[2023-12-04T01:33:36.179] [INFO] ma-core - get Customer success toBase64 error /api/customer/:id/ GET ::1
[2023-12-04T01:35:15.107] [INFO] ma-core - get all Customer success /api/customer/ GET ::1
[2023-12-04T01:35:15.182] [INFO] ma-core - get all Customer success /api/customer/ GET ::1
[2023-12-04T01:35:38.857] [INFO] ma-core - get All Task By filter success /api/task/getTasksByFilter GET ::1
[2023-12-04T01:36:10.829] [INFO] ma-core - get all Customer success /api/customer/ GET ::1
[2023-12-04T01:36:10.925] [INFO] ma-core - get all Customer success /api/customer/ GET ::1
[2023-12-04T01:36:11.112] [INFO] ma-core - get all Customer success /api/customer/ GET ::1
[2023-12-04T01:36:11.209] [INFO] ma-core - get all Customer success /api/customer/ GET ::1
[2023-12-04T01:36:45.197] [INFO] ma-core - get All Task By filter success /api/task/getTasksByFilter GET ::1
[2023-12-04T01:36:54.078] [INFO] ma-core - get All Task By filter success /api/task/getTasksByFilter GET ::1
[2023-12-04T01:37:03.812] [INFO] ma-core - get All Task By filter success /api/task/getTasksByFilter GET ::1
[2023-12-04T01:37:14.292] [INFO] ma-core - get All Task By filter success /api/task/getTasksByFilter GET ::1
[2023-12-04T01:37:20.188] [INFO] ma-core - get All Task By filter success /api/task/getTasksByFilter GET ::1
[2023-12-04T01:37:26.845] [INFO] ma-core - get All Task By filter success /api/task/getTasksByFilter GET ::1
[2023-12-04T01:37:42.455] [INFO] ma-core - get all Customer success /api/customer/ GET ::1
[2023-12-04T01:37:43.649] [INFO] ma-core - get Customer success toBase64 error /api/customer/:id/ GET ::1
[2023-12-04T01:38:09.828] [INFO] ma-core - Get all shifts success /api/shift/getAllMembersByShifts GET ::1
[2023-12-04T01:38:28.750] [INFO] ma-core - get All nomenclature success /api/nomenclature/ GET ::1
[2023-12-04T01:38:29.002] [INFO] ma-core - Get all shifts success /api/shift/ GET ::1
[2023-12-04T01:38:29.164] [INFO] ma-core - Get all shifts success /api/shift/ GET ::1
[2023-12-04T01:39:16.171] [INFO] ma-core - Get all members success /api/shift/members GET ::1
[2023-12-04T01:39:48.269] [INFO] ma-core - get All nomenclature success /api/nomenclature/ GET ::1
[2023-12-04T01:39:48.397] [INFO] ma-core - Get all shifts success /api/shift/ GET ::1
[2023-12-04T01:39:49.728] [INFO] ma-core - get All nomenclature success /api/nomenclature/ GET ::1
[2023-12-04T01:39:49.944] [INFO] ma-core - Get all shifts success /api/shift/ GET ::1
[2023-12-04T01:39:51.014] [INFO] ma-core - get All nomenclature success /api/nomenclature/ GET ::1
[2023-12-04T01:39:51.228] [INFO] ma-core - Get all shifts success /api/shift/ GET ::1
[2023-12-04T01:40:29.856] [INFO] ma-core - Get all members success /api/shift/members GET ::1
[2023-12-04T01:40:57.824] [INFO] ma-core - Get all members success /api/shift/members GET ::1
[2023-12-04T01:42:15.246] [INFO] ma-core - get All nomenclature success /api/nomenclature/ GET ::1
[2023-12-04T01:42:15.750] [INFO] ma-core - Get all shifts success /api/shift/ GET ::1
[2023-12-04T01:42:16.026] [INFO] ma-core - Get all shifts success /api/shift/ GET ::1
[2023-12-04T01:42:21.923] [INFO] ma-core - Get all shifts success /api/shift/getAllMembersByShifts GET ::1
[2023-12-04T01:42:31.808] [INFO] ma-core - get all Customer success /api/customer/ GET ::1
[2023-12-04T01:42:31.952] [INFO] ma-core - get all Customer success /api/customer/ GET ::1
[2023-12-04T01:42:42.481] [INFO] ma-core - Get all shifts success /api/shift/getAllMembersByShifts GET ::1
[2023-12-04T01:42:48.739] [INFO] ma-core - Get all shifts success /api/shift/getAllMembersByShifts GET ::1
[2023-12-04T01:43:37.238] [INFO] ma-core - get all Customer success /api/customer/ GET ::1
[2023-12-04T01:43:37.417] [INFO] ma-core - get all Customer success /api/customer/ GET ::1
[2023-12-04T01:43:37.557] [INFO] ma-core - get all Customer success /api/customer/ GET ::1
[2023-12-04T01:43:37.753] [INFO] ma-core - get all Customer success /api/customer/ GET ::1
[2023-12-04T01:43:41.027] [INFO] ma-core - Get all shifts success /api/shift/getAllMembersByShifts GET ::1
[2023-12-04T01:44:04.484] [INFO] ma-core - get All Task By filter success /api/task/getTasksByFilter GET ::1
[2023-12-04T01:44:08.218] [INFO] ma-core - get All Task By filter success /api/task/getTasksByFilter GET ::1
[2023-12-04T01:45:05.367] [INFO] ma-core - add Task success /api/task/addOne POST ::1
[2023-12-04T01:45:05.426] [INFO] ma-core - get All Task success /api/task/getFiltredTasks GET ::1
[2023-12-04T01:45:05.589] [INFO] ma-core - Auto cancel/Done Task cron launched
[2023-12-04T01:45:12.886] [INFO] ma-core - get all Customer success /api/customer/ GET ::1
[2023-12-04T01:45:12.895] [INFO] ma-core - get All Task By ID success /api/task/getTasksByUserId GET ::1
[2023-12-04T01:45:12.971] [INFO] ma-core - get all Customer success /api/customer/ GET ::1
[2023-12-04T01:45:12.978] [INFO] ma-core - get All Task By ID success /api/task/getTasksByUserId GET ::1
[2023-12-04T01:45:14.744] [INFO] ma-core - get Created Tasks success /api/task/getworkflowTasks GET ::1
[2023-12-04T01:45:40.447] [INFO] ma-core - Insert result success /api/result/ POST ::1
[2023-12-04T01:45:40.469] [DEBUG] ma-core - Before sending Info !!
[2023-12-04T01:45:40.472] [DEBUG] ma-core - Before sending inside the producer !
[2023-12-04T01:45:40.523] [INFO] ma-core - Auto cancel/Done Task cron launched
[2023-12-04T01:45:48.364] [INFO] ma-core - get all Customer success /api/customer/ GET ::1
[2023-12-04T01:45:48.385] [INFO] ma-core - get All Task By ID success /api/task/getTasksByUserId GET ::1
[2023-12-04T01:45:48.452] [INFO] ma-core - get all Customer success /api/customer/ GET ::1
[2023-12-04T01:45:49.329] [INFO] ma-core - get Created Tasks success /api/task/getworkflowTasks GET ::1
[2023-12-04T01:45:52.422] [DEBUG] ma-core - Before sending Info !!
[2023-12-04T01:45:52.422] [DEBUG] ma-core - Before sending inside the producer !
[2023-12-04T01:45:52.424] [INFO] ma-core - Closed the Task /api/task/closeTask/:id PUT ::1
[2023-12-04T01:45:54.248] [INFO] ma-core - get all posts success /api/newsFeed/getAllPosts GET ::1
[2023-12-04T01:46:05.996] [INFO] ma-core - get all Customer success /api/customer/ GET ::1
[2023-12-04T01:46:06.064] [INFO] ma-core - get All Task success /api/task/getFiltredTasks GET ::1
[2023-12-04T01:46:06.203] [INFO] ma-core - get all Customer success /api/customer/ GET ::1
[2023-12-04T01:46:06.258] [INFO] ma-core - get All Task success /api/task/getFiltredTasks GET ::1
[2023-12-04T01:46:06.344] [INFO] ma-core - get All Task success /api/task/getFiltredTasks GET ::1
[2023-12-04T01:46:06.397] [INFO] ma-core - get All Task success /api/task/getFiltredTasks GET ::1
[2023-12-04T01:46:06.429] [INFO] ma-core - get All Task success /api/task/getFiltredTasks GET ::1
[2023-12-04T01:46:24.070] [INFO] ma-core - get All Task By filter success /api/task/getTasksByFilter GET ::1
[2023-12-04T01:46:29.728] [INFO] ma-core - get All Task By filter success /api/task/getTasksByFilter GET ::1
[2023-12-04T01:46:40.167] [INFO] ma-core - get All Task By filter success /api/task/getTasksByFilter GET ::1
[2023-12-04T01:47:50.399] [INFO] ma-core - get all result form success /api/resultForm/getAllResultForm GET ::1
[2023-12-04T01:47:50.446] [INFO] ma-core - get Monitoring Activities Without Result Form success /api/resultForm/getMonitoringActivitiesWithoutResultForm GET ::1
[2023-12-04T01:48:13.334] [INFO] ma-core - get all result form success /api/resultForm/getAllResultForm GET ::1
[2023-12-04T01:48:13.393] [INFO] ma-core - get Monitoring Activities Without Result Form success /api/resultForm/getMonitoringActivitiesWithoutResultForm GET ::1
[2023-12-04T01:48:19.193] [INFO] ma-core - get all Customer success /api/customer/ GET ::1
[2023-12-04T01:48:22.539] [INFO] ma-core - get Customer success toBase64 error /api/customer/:id/ GET ::1
[2023-12-04T01:48:52.406] [INFO] ma-core - get licence By Id success /api/licence/getone/:id/ GET ::1
[2023-12-04T01:49:26.902] [INFO] ma-core - get licence By Id success /api/licence/getone/:id/ GET ::1
[2023-12-04T01:49:46.706] [INFO] ma-core - update licence By Customer success /api/licence/update/:id PATCH ::1
[2023-12-04T01:49:49.487] [INFO] ma-core - get all Customer success /api/customer/ GET ::1
[2023-12-04T01:49:49.633] [INFO] ma-core - get All Task success /api/task/getFiltredTasks GET ::1
[2023-12-04T01:49:49.746] [INFO] ma-core - get all Customer success /api/customer/ GET ::1
[2023-12-04T01:49:49.875] [INFO] ma-core - get All Task success /api/task/getFiltredTasks GET ::1
[2023-12-04T01:49:49.957] [INFO] ma-core - get All Task success /api/task/getFiltredTasks GET ::1
[2023-12-04T01:49:50.001] [INFO] ma-core - get All Task success /api/task/getFiltredTasks GET ::1
[2023-12-04T01:49:50.040] [INFO] ma-core - get All Task success /api/task/getFiltredTasks GET ::1
[2023-12-04T01:50:10.819] [INFO] ma-core - get All Task By filter success /api/task/getTasksByFilter GET ::1
[2023-12-04T01:50:13.260] [INFO] ma-core - get All Task By filter success /api/task/getTasksByFilter GET ::1
[2023-12-04T01:52:46.797] [INFO] ma-core - get All Task By filter success /api/task/getTasksByFilter GET ::1
[2023-12-04T01:53:05.070] [INFO] ma-core - get all Customer success /api/customer/ GET ::1
[2023-12-04T01:53:06.522] [INFO] ma-core - get Customer success toBase64 error /api/customer/:id/ GET ::1
[2023-12-04T01:53:27.331] [ERROR] ma-core - add Licence :Licence Already Exist During This Periode /api/licence/ POST ::1
[2023-12-04T01:53:32.110] [ERROR] ma-core - add Licence :Licence Already Exist During This Periode /api/licence/ POST ::1
[2023-12-04T01:53:42.766] [ERROR] ma-core - add Licence :Licence Already Exist During This Periode /api/licence/ POST ::1
[2023-12-04T01:53:48.966] [ERROR] ma-core - add Licence :Licence Already Exist During This Periode /api/licence/ POST ::1
[2023-12-04T01:54:21.661] [INFO] ma-core - delete licence success /api/licence/delete/:id PATCH ::1
[2023-12-04T01:54:32.238] [ERROR] ma-core - add Licence :Licence Already Exist During This Periode /api/licence/ POST ::1
[2023-12-04T01:56:24.142] [INFO] ma-core - get licence By Id success /api/licence/getone/:id/ GET ::1
[2023-12-04T01:56:53.010] [INFO] ma-core - update licence By Customer success /api/licence/update/:id PATCH ::1
[2023-12-04T01:57:03.306] [INFO] ma-core - get slaContract By Id success /api/slaContract/getone/:id/ GET ::1
[2023-12-04T01:57:28.336] [INFO] ma-core - update slaContract By Customer success /api/slaContract/update/:id PATCH ::1
[2023-12-04T01:57:33.420] [INFO] ma-core - get slaContract By Id success /api/slaContract/getone/:id/ GET ::1
[2023-12-04T01:57:47.903] [INFO] ma-core - update slaContract By Customer success /api/slaContract/update/:id PATCH ::1
[2023-12-04T01:59:27.302] [INFO] ma-core - get all Customer success /api/customer/ GET ::1
[2023-12-04T01:59:27.348] [INFO] ma-core - get All Task success /api/task/getFiltredTasks GET ::1
[2023-12-04T01:59:27.433] [INFO] ma-core - get all Customer success /api/customer/ GET ::1
[2023-12-04T01:59:27.479] [INFO] ma-core - get All Task success /api/task/getFiltredTasks GET ::1
[2023-12-04T01:59:27.513] [INFO] ma-core - get All Task success /api/task/getFiltredTasks GET ::1
[2023-12-04T01:59:27.544] [INFO] ma-core - get All Task success /api/task/getFiltredTasks GET ::1
[2023-12-04T01:59:27.569] [INFO] ma-core - get All Task success /api/task/getFiltredTasks GET ::1
[2023-12-04T01:59:44.600] [INFO] ma-core - get All Task By filter success /api/task/getTasksByFilter GET ::1
[2023-12-04T02:01:42.854] [INFO] ma-core - Get all shifts success /api/shift/getAllMembersByShifts GET ::1
[2023-12-04T02:01:47.227] [INFO] ma-core - get all Customer success /api/customer/ GET ::1
[2023-12-04T02:01:47.291] [INFO] ma-core - get All Task success /api/task/getFiltredTasks GET ::1
[2023-12-04T02:01:47.456] [INFO] ma-core - get all Customer success /api/customer/ GET ::1
[2023-12-04T02:01:47.492] [INFO] ma-core - get All Task success /api/task/getFiltredTasks GET ::1
[2023-12-04T02:01:47.711] [INFO] ma-core - get all Customer success /api/customer/ GET ::1
[2023-12-04T02:01:47.792] [INFO] ma-core - get All Task success /api/task/getFiltredTasks GET ::1
[2023-12-04T02:01:47.887] [INFO] ma-core - get all Customer success /api/customer/ GET ::1
[2023-12-04T02:01:47.943] [INFO] ma-core - get All Task success /api/task/getFiltredTasks GET ::1
[2023-12-04T02:01:47.993] [INFO] ma-core - get All Task success /api/task/getFiltredTasks GET ::1
[2023-12-04T02:01:49.596] [INFO] ma-core - Get all shifts success /api/shift/getAllMembersByShifts GET ::1
[2023-12-04T02:02:40.096] [INFO] ma-core - get all Customer success /api/customer/ GET ::1
[2023-12-04T02:02:41.554] [INFO] ma-core - get Customer success toBase64 error /api/customer/:id/ GET ::1
[2023-12-04T02:07:20.829] [INFO] ma-core - get all Customer success /api/customer/ GET ::1
[2023-12-04T02:07:20.852] [INFO] ma-core - get All Task By ID success /api/task/getTasksByUserId GET ::1
[2023-12-04T02:07:20.939] [INFO] ma-core - get all Customer success /api/customer/ GET ::1
[2023-12-04T02:07:20.988] [INFO] ma-core - get All Task By ID success /api/task/getTasksByUserId GET ::1
[2023-12-04T02:07:21.747] [INFO] ma-core - get All Task By ID success /api/task/getTasksByUserId GET ::1
[2023-12-04T02:07:24.238] [ERROR] ma-core - get by id Task :Cast to ObjectId failed for value "undefined" (type string) at path "_id" for model "task" /api/task/:id GET ::1
[2023-12-04T02:07:25.324] [ERROR] ma-core - get by id Task :Cast to ObjectId failed for value "undefined" (type string) at path "_id" for model "task" /api/task/:id GET ::1
[2023-12-04T02:07:27.539] [INFO] ma-core - get All Task By ID success /api/task/getTasksByUserId GET ::1
[2023-12-04T02:07:29.082] [INFO] ma-core - get all Customer success /api/customer/ GET ::1
[2023-12-04T02:07:29.124] [INFO] ma-core - get All Task success /api/task/getFiltredTasks GET ::1
[2023-12-04T02:07:29.281] [INFO] ma-core - get all Customer success /api/customer/ GET ::1
[2023-12-04T02:07:29.323] [INFO] ma-core - get All Task success /api/task/getFiltredTasks GET ::1
[2023-12-04T02:07:29.423] [INFO] ma-core - get All Task success /api/task/getFiltredTasks GET ::1
[2023-12-04T02:07:29.459] [INFO] ma-core - get All Task success /api/task/getFiltredTasks GET ::1
[2023-12-04T02:07:29.491] [INFO] ma-core - get All Task success /api/task/getFiltredTasks GET ::1
[2023-12-04T02:07:46.879] [INFO] ma-core - get All Task By filter success /api/task/getTasksByFilter GET ::1
[2023-12-04T02:08:05.065] [INFO] ma-core - get All Task By filter success /api/task/getTasksByFilter GET ::1
[2023-12-04T02:08:26.365] [INFO] ma-core - get all Customer success /api/customer/ GET ::1
[2023-12-04T02:08:27.793] [INFO] ma-core - get Customer success toBase64 error /api/customer/:id/ GET ::1
[2023-12-04T02:09:20.338] [INFO] ma-core - get all Customer success /api/customer/ GET ::1
[2023-12-04T02:09:20.368] [INFO] ma-core - get All Task success /api/task/getFiltredTasks GET ::1
[2023-12-04T02:09:20.483] [INFO] ma-core - get all Customer success /api/customer/ GET ::1
[2023-12-04T02:09:20.513] [INFO] ma-core - get All Task success /api/task/getFiltredTasks GET ::1
[2023-12-04T02:09:20.580] [INFO] ma-core - get All Task success /api/task/getFiltredTasks GET ::1
[2023-12-04T02:09:20.616] [INFO] ma-core - get All Task success /api/task/getFiltredTasks GET ::1
[2023-12-04T02:09:20.649] [INFO] ma-core - get All Task success /api/task/getFiltredTasks GET ::1
[2023-12-04T02:09:36.194] [INFO] ma-core - get All Task By filter success /api/task/getTasksByFilter GET ::1
[2023-12-04T02:09:53.764] [INFO] ma-core - get all Customer success /api/customer/ GET ::1
[2023-12-04T02:09:55.458] [INFO] ma-core - get Customer success toBase64 error /api/customer/:id/ GET ::1
[2023-12-04T02:11:36.328] [INFO] ma-core - get all Customer success /api/customer/ GET ::1
[2023-12-04T02:11:36.412] [INFO] ma-core - get All Task success /api/task/getFiltredTasks GET ::1
[2023-12-04T02:11:36.456] [INFO] ma-core - get all Customer success /api/customer/ GET ::1
[2023-12-04T02:11:36.609] [INFO] ma-core - get All Task success /api/task/getFiltredTasks GET ::1
[2023-12-04T02:11:36.734] [INFO] ma-core - get All Task success /api/task/getFiltredTasks GET ::1
[2023-12-04T02:11:36.770] [INFO] ma-core - get All Task success /api/task/getFiltredTasks GET ::1
[2023-12-04T02:11:36.797] [INFO] ma-core - get All Task success /api/task/getFiltredTasks GET ::1
[2023-12-04T02:11:52.276] [INFO] ma-core - get All Task By filter success /api/task/getTasksByFilter GET ::1
[2023-12-04T02:12:48.973] [INFO] ma-core - add Many Task success /api/task/addMany POST ::1
[2023-12-04T02:12:48.976] [INFO] ma-core - Auto start Task cron launched
[2023-12-04T02:12:48.979] [INFO] ma-core - Auto start Task cron launched
[2023-12-04T02:12:48.982] [INFO] ma-core - Auto start Task cron launched
[2023-12-04T02:12:48.984] [INFO] ma-core - Auto start Task cron launched
[2023-12-04T02:12:48.987] [INFO] ma-core - Auto start Task cron launched
[2023-12-04T02:12:48.989] [INFO] ma-core - Auto start Task cron launched
[2023-12-04T02:12:48.992] [INFO] ma-core - Auto start Task cron launched
[2023-12-04T02:12:48.994] [INFO] ma-core - Auto start Task cron launched
[2023-12-04T02:12:48.999] [INFO] ma-core - Auto start Task cron launched
[2023-12-04T02:12:49.003] [INFO] ma-core - Auto start Task cron launched
[2023-12-04T02:12:49.006] [INFO] ma-core - Auto start Task cron launched
[2023-12-04T02:12:49.008] [INFO] ma-core - Auto start Task cron launched
[2023-12-04T02:12:49.011] [INFO] ma-core - Auto start Task cron launched
[2023-12-04T02:12:49.013] [INFO] ma-core - Auto start Task cron launched
[2023-12-04T02:12:49.457] [INFO] ma-core - get All Task By filter success /api/task/getTasksByFilter GET ::1
[2023-12-04T02:12:50.230] [INFO] ma-core - get All Task success /api/task/getFiltredTasks GET ::1
[2023-12-04T02:15:13.267] [INFO] ma-core - get all Customer success /api/customer/ GET ::1
[2023-12-04T02:15:28.286] [INFO] ma-core - get Created Tasks success /api/task/getCreatedTasks GET ::1
[2023-12-04T02:15:50.789] [INFO] ma-core - get all Customer success /api/customer/ GET ::1
[2023-12-04T02:15:52.076] [INFO] ma-core - get all Customer success /api/customer/ GET ::1
[2023-12-04T02:15:52.156] [INFO] ma-core - get All Task By ID success /api/task/getTasksByUserId GET ::1
[2023-12-04T02:15:52.180] [INFO] ma-core - get all Customer success /api/customer/ GET ::1
[2023-12-04T02:15:52.242] [INFO] ma-core - get All Task By ID success /api/task/getTasksByUserId GET ::1
[2023-12-04T02:15:54.304] [INFO] ma-core - get all Customer success /api/customer/ GET ::1
[2023-12-04T02:15:54.464] [INFO] ma-core - get All Task success /api/task/getFiltredTasks GET ::1
[2023-12-04T02:15:54.477] [INFO] ma-core - get all Customer success /api/customer/ GET ::1
[2023-12-04T02:15:54.599] [INFO] ma-core - get All Task success /api/task/getFiltredTasks GET ::1
[2023-12-04T02:15:54.657] [INFO] ma-core - get All Task success /api/task/getFiltredTasks GET ::1
[2023-12-04T02:15:54.698] [INFO] ma-core - get All Task success /api/task/getFiltredTasks GET ::1
[2023-12-04T02:15:54.736] [INFO] ma-core - get All Task success /api/task/getFiltredTasks GET ::1
[2023-12-04T02:15:55.467] [INFO] ma-core - get all Customer success /api/customer/ GET ::1
[2023-12-04T02:15:55.519] [INFO] ma-core - get All Task By ID success /api/task/getTasksByUserId GET ::1
[2023-12-04T02:15:55.600] [INFO] ma-core - get all Customer success /api/customer/ GET ::1
[2023-12-04T02:15:55.622] [INFO] ma-core - get All Task By ID success /api/task/getTasksByUserId GET ::1
[2023-12-04T02:15:56.931] [INFO] ma-core - get Created Tasks success /api/task/getworkflowTasks GET ::1
[2023-12-04T02:15:59.557] [INFO] ma-core - get all Customer success /api/customer/ GET ::1
[2023-12-04T02:15:59.578] [INFO] ma-core - get All Task By ID success /api/task/getTasksByUserId GET ::1
[2023-12-04T02:15:59.648] [INFO] ma-core - get all Customer success /api/customer/ GET ::1
[2023-12-04T02:16:00.624] [INFO] ma-core - get all Customer success /api/customer/ GET ::1
[2023-12-04T02:16:00.755] [INFO] ma-core - get all Customer success /api/customer/ GET ::1
[2023-12-04T02:16:00.768] [INFO] ma-core - get All Task success /api/task/getFiltredTasks GET ::1
[2023-12-04T02:16:00.869] [INFO] ma-core - get All Task success /api/task/getFiltredTasks GET ::1
[2023-12-04T02:16:00.927] [INFO] ma-core - get All Task success /api/task/getFiltredTasks GET ::1
[2023-12-04T02:16:00.964] [INFO] ma-core - get All Task success /api/task/getFiltredTasks GET ::1
[2023-12-04T02:16:00.992] [INFO] ma-core - get All Task success /api/task/getFiltredTasks GET ::1
[2023-12-04T02:16:15.752] [INFO] ma-core - get all posts success /api/newsFeed/getAllPosts GET ::1
[2023-12-04T02:16:15.992] [INFO] ma-core - get all posts success /api/newsFeed/getAllPosts GET ::1
[2023-12-04T02:16:17.136] [INFO] ma-core - get All Task By ID success /api/task/getTasksByUserId GET ::1
[2023-12-04T02:16:17.156] [INFO] ma-core - get all Customer success /api/customer/ GET ::1
[2023-12-04T02:16:17.235] [INFO] ma-core - get all Customer success /api/customer/ GET ::1
[2023-12-04T02:16:17.244] [INFO] ma-core - get All Task By ID success /api/task/getTasksByUserId GET ::1
[2023-12-04T02:16:19.848] [INFO] ma-core - get Created Tasks success /api/task/getworkflowTasks GET ::1
[2023-12-04T02:17:30.809] [INFO] ma-core - get all Customer success /api/customer/ GET ::1
[2023-12-04T02:17:30.821] [INFO] ma-core - get All Task By ID success /api/task/getTasksByUserId GET ::1
[2023-12-04T02:17:30.888] [INFO] ma-core - get all Customer success /api/customer/ GET ::1
[2023-12-04T02:18:22.502] [INFO] ma-core - get All Task success /api/task/getFiltredTasks GET ::1
[2023-12-04T02:18:24.978] [INFO] ma-core - get All Task success /api/task/getFiltredTasks GET ::1
[2023-12-04T02:29:00.016] [DEBUG] ma-core - Before sending Info !!
[2023-12-04T02:29:00.017] [DEBUG] ma-core - Before sending inside the producer !
[2023-12-04T02:29:00.018] [INFO] ma-core - Auto start Task success
[2023-12-04T02:29:00.019] [INFO] ma-core - Task state change sent with socket!
[2023-12-04T02:29:00.029] [DEBUG] ma-core - Before sending Info !!
[2023-12-04T02:29:00.030] [DEBUG] ma-core - Before sending inside the producer !
[2023-12-04T02:29:00.031] [INFO] ma-core - Auto start Task success
[2023-12-04T02:29:00.031] [INFO] ma-core - Task state change sent with socket!
[2023-12-04T02:29:00.051] [INFO] ma-core - Auto cancel/Done Task cron launched
[2023-12-04T02:29:00.058] [INFO] ma-core - Auto cancel/Done Task cron launched
[2023-12-04T02:33:34.698] [INFO] ma-core - get all Customer success /api/customer/ GET ::1
[2023-12-04T02:33:34.711] [INFO] ma-core - get All Task By ID success /api/task/getTasksByUserId GET ::1
[2023-12-04T02:33:34.816] [INFO] ma-core - get all Customer success /api/customer/ GET ::1
[2023-12-04T02:33:34.831] [INFO] ma-core - get All Task By ID success /api/task/getTasksByUserId GET ::1
[2023-12-04T02:34:09.087] [INFO] ma-core - get Created Tasks success /api/task/getworkflowTasks GET ::1
[2023-12-04T02:34:10.258] [INFO] ma-core - get all Customer success /api/customer/ GET ::1
[2023-12-04T02:34:10.290] [INFO] ma-core - get All Task By ID success /api/task/getTasksByUserId GET ::1
[2023-12-04T02:34:10.363] [INFO] ma-core - get all Customer success /api/customer/ GET ::1
[2023-12-04T02:34:13.600] [INFO] ma-core - get all Customer success /api/customer/ GET ::1
[2023-12-04T02:34:13.718] [INFO] ma-core - get all Customer success /api/customer/ GET ::1
[2023-12-04T02:34:13.756] [INFO] ma-core - get All Task success /api/task/getFiltredTasks GET ::1
[2023-12-04T02:34:13.858] [INFO] ma-core - get All Task success /api/task/getFiltredTasks GET ::1
[2023-12-04T02:34:13.913] [INFO] ma-core - get All Task success /api/task/getFiltredTasks GET ::1
[2023-12-04T02:34:13.961] [INFO] ma-core - get All Task success /api/task/getFiltredTasks GET ::1
[2023-12-04T02:34:14.010] [INFO] ma-core - get All Task success /api/task/getFiltredTasks GET ::1
[2023-12-04T02:34:23.321] [INFO] ma-core - get Created Tasks success /api/task/getworkflowTasks GET ::1
[2023-12-04T02:34:38.561] [INFO] ma-core - Insert result success /api/result/ POST ::1
[2023-12-04T02:34:38.574] [DEBUG] ma-core - Before sending Info !!
[2023-12-04T02:34:38.575] [DEBUG] ma-core - Before sending inside the producer !
[2023-12-04T02:34:38.600] [INFO] ma-core - Auto cancel/Done Task cron launched
[2023-12-04T02:35:03.910] [INFO] ma-core - Insert result success /api/result/ POST ::1
[2023-12-04T02:35:03.916] [DEBUG] ma-core - Before sending Info !!
[2023-12-04T02:35:03.917] [DEBUG] ma-core - Before sending inside the producer !
[2023-12-04T02:35:03.941] [INFO] ma-core - Auto cancel/Done Task cron launched
[2023-12-04T02:35:06.197] [INFO] ma-core - get all Customer success /api/customer/ GET ::1
[2023-12-04T02:35:06.217] [INFO] ma-core - get All Task By ID success /api/task/getTasksByUserId GET ::1
[2023-12-04T02:35:06.288] [INFO] ma-core - get all Customer success /api/customer/ GET ::1
[2023-12-04T02:35:06.955] [INFO] ma-core - get Created Tasks success /api/task/getworkflowTasks GET ::1
[2023-12-04T02:35:09.059] [INFO] ma-core - get all Customer success /api/customer/ GET ::1
[2023-12-04T02:35:09.082] [INFO] ma-core - get All Task By ID success /api/task/getTasksByUserId GET ::1
[2023-12-04T02:35:09.188] [INFO] ma-core - get all Customer success /api/customer/ GET ::1
[2023-12-04T02:35:16.221] [INFO] ma-core - get all posts success /api/newsFeed/getAllPosts GET ::1
[2023-12-04T02:35:18.189] [INFO] ma-core - get all Customer success /api/customer/ GET ::1
[2023-12-04T02:35:18.205] [INFO] ma-core - get All Task By ID success /api/task/getTasksByUserId GET ::1
[2023-12-04T02:35:18.287] [INFO] ma-core - get all Customer success /api/customer/ GET ::1
[2023-12-04T02:35:18.315] [INFO] ma-core - get All Task By ID success /api/task/getTasksByUserId GET ::1
[2023-12-04T02:35:20.423] [INFO] ma-core - get Created Tasks success /api/task/getworkflowTasks GET ::1
[2023-12-04T02:35:22.066] [DEBUG] ma-core - Before sending Info !!
[2023-12-04T02:35:22.067] [DEBUG] ma-core - Before sending inside the producer !
[2023-12-04T02:35:22.067] [INFO] ma-core - Closed the Task /api/task/closeTask/:id PUT ::1
[2023-12-04T02:35:25.551] [DEBUG] ma-core - Before sending Info !!
[2023-12-04T02:35:25.552] [DEBUG] ma-core - Before sending inside the producer !
[2023-12-04T02:35:25.553] [INFO] ma-core - Closed the Task /api/task/closeTask/:id PUT ::1
[2023-12-04T02:35:30.399] [INFO] ma-core - get all posts success /api/newsFeed/getAllPosts GET ::1
[2023-12-04T02:35:35.012] [INFO] ma-core - get All Task By ID success /api/task/getTasksByUserId GET ::1
[2023-12-04T02:35:35.044] [INFO] ma-core - get all Customer success /api/customer/ GET ::1
[2023-12-04T02:35:35.144] [INFO] ma-core - get all Customer success /api/customer/ GET ::1
[2023-12-04T02:35:35.168] [INFO] ma-core - get All Task By ID success /api/task/getTasksByUserId GET ::1
[2023-12-04T02:35:54.556] [INFO] ma-core - get all Customer success /api/customer/ GET ::1
[2023-12-04T02:35:54.576] [INFO] ma-core - get All Task By ID success /api/task/getTasksByUserId GET ::1
[2023-12-04T02:35:54.675] [INFO] ma-core - get all Customer success /api/customer/ GET ::1
[2023-12-04T02:35:54.689] [INFO] ma-core - get All Task By ID success /api/task/getTasksByUserId GET ::1
[2023-12-04T02:35:56.905] [INFO] ma-core - get all Customer success /api/customer/ GET ::1
[2023-12-04T02:35:57.107] [INFO] ma-core - get all Customer success /api/customer/ GET ::1
[2023-12-04T02:35:57.133] [INFO] ma-core - get All Task success /api/task/getFiltredTasks GET ::1
[2023-12-04T02:35:57.260] [INFO] ma-core - get All Task success /api/task/getFiltredTasks GET ::1
[2023-12-04T02:35:57.338] [INFO] ma-core - get All Task success /api/task/getFiltredTasks GET ::1
[2023-12-04T02:35:57.383] [INFO] ma-core - get All Task success /api/task/getFiltredTasks GET ::1
[2023-12-04T02:35:57.481] [INFO] ma-core - get All Task success /api/task/getFiltredTasks GET ::1
[2023-12-04T02:36:01.574] [INFO] ma-core - get all posts success /api/newsFeed/getAllPosts GET ::1
[2023-12-04T02:36:03.647] [INFO] ma-core - get all Customer success /api/customer/ GET ::1
[2023-12-04T02:36:03.660] [INFO] ma-core - get All Task By ID success /api/task/getTasksByUserId GET ::1
[2023-12-04T02:36:03.754] [INFO] ma-core - get all Customer success /api/customer/ GET ::1
[2023-12-04T02:36:03.776] [INFO] ma-core - get All Task By ID success /api/task/getTasksByUserId GET ::1
[2023-12-04T02:36:14.570] [INFO] ma-core - get all Customer success /api/customer/ GET ::1
[2023-12-04T02:36:14.604] [INFO] ma-core - get all Customer success /api/customer/ GET ::1
[2023-12-04T02:36:14.645] [INFO] ma-core - get all Customer success /api/customer/ GET ::1
[2023-12-04T02:37:18.917] [INFO] ma-core - get all posts success /api/newsFeed/getAllPosts GET ::1
[2023-12-04T02:37:19.488] [INFO] ma-core - get all posts success /api/newsFeed/getAllPosts GET ::1
[2023-12-04T02:37:24.644] [INFO] ma-core - get All nomenclature success /api/nomenclature/ GET ::1
[2023-12-04T02:37:24.993] [INFO] ma-core - Get all shifts success /api/shift/ GET ::1
[2023-12-04T02:37:25.264] [INFO] ma-core - Get all shifts success /api/shift/ GET ::1
[2023-12-04T02:37:26.718] [INFO] ma-core - get all Customer success /api/customer/ GET ::1
[2023-12-04T02:37:26.782] [INFO] ma-core - get all Customer success /api/customer/ GET ::1
[2023-12-04T02:37:26.838] [INFO] ma-core - get all Customer success /api/customer/ GET ::1
[2023-12-04T02:37:38.430] [INFO] ma-core - get All Task By ID success /api/task/getTasksByUserId GET ::1
[2023-12-04T02:37:38.458] [INFO] ma-core - get all Customer success /api/customer/ GET ::1
[2023-12-04T02:37:38.539] [INFO] ma-core - get All Task By ID success /api/task/getTasksByUserId GET ::1
[2023-12-04T02:37:38.557] [INFO] ma-core - get all Customer success /api/customer/ GET ::1
[2023-12-04T02:37:39.260] [INFO] ma-core - get all Customer success /api/customer/ GET ::1
[2023-12-04T02:37:39.440] [INFO] ma-core - get all Customer success /api/customer/ GET ::1
[2023-12-04T02:37:39.481] [INFO] ma-core - get All Task success /api/task/getFiltredTasks GET ::1
[2023-12-04T02:37:39.548] [INFO] ma-core - get All Task success /api/task/getFiltredTasks GET ::1
[2023-12-04T02:37:39.627] [INFO] ma-core - get All Task success /api/task/getFiltredTasks GET ::1
[2023-12-04T02:37:39.665] [INFO] ma-core - get All Task success /api/task/getFiltredTasks GET ::1
[2023-12-04T02:37:39.710] [INFO] ma-core - get All Task success /api/task/getFiltredTasks GET ::1
[2023-12-04T02:42:09.722] [INFO] ma-core - add Task success /api/task/addOne POST ::1
[2023-12-04T02:42:09.820] [INFO] ma-core - Auto cancel/Done Task cron launched
[2023-12-04T02:42:23.503] [INFO] ma-core - add Task success /api/task/addOne POST ::1
[2023-12-04T02:42:23.589] [INFO] ma-core - Auto cancel/Done Task cron launched
[2023-12-04T02:42:30.653] [INFO] ma-core - get All Task By ID success /api/task/getTasksByUserId GET ::1
[2023-12-04T02:42:30.670] [INFO] ma-core - get all Customer success /api/customer/ GET ::1
[2023-12-04T02:42:30.770] [INFO] ma-core - get All Task By ID success /api/task/getTasksByUserId GET ::1
[2023-12-04T02:42:30.783] [INFO] ma-core - get all Customer success /api/customer/ GET ::1
[2023-12-04T02:42:31.254] [INFO] ma-core - get all Customer success /api/customer/ GET ::1
[2023-12-04T02:42:31.449] [INFO] ma-core - get all Customer success /api/customer/ GET ::1
[2023-12-04T02:42:31.469] [INFO] ma-core - get All Task success /api/task/getFiltredTasks GET ::1
[2023-12-04T02:42:31.475] [INFO] ma-core - get All Task success /api/task/getFiltredTasks GET ::1
[2023-12-04T02:42:31.592] [INFO] ma-core - get All Task success /api/task/getFiltredTasks GET ::1
[2023-12-04T02:42:31.682] [INFO] ma-core - get All Task success /api/task/getFiltredTasks GET ::1
[2023-12-04T02:42:31.749] [INFO] ma-core - get All Task success /api/task/getFiltredTasks GET ::1
[2023-12-04T02:42:31.809] [INFO] ma-core - get All Task success /api/task/getFiltredTasks GET ::1
[2023-12-04T02:42:32.582] [INFO] ma-core - get All Task success /api/task/getFiltredTasks GET ::1
[2023-12-04T02:43:02.398] [INFO] ma-core - update Task success /api/task/:id PATCH ::1
[2023-12-04T02:43:05.078] [INFO] ma-core - get All Task success /api/task/getFiltredTasks GET ::1
[2023-12-04T02:43:12.557] [INFO] ma-core - update Task success /api/task/:id PATCH ::1
[2023-12-04T02:43:12.904] [INFO] ma-core - get All Task success /api/task/getFiltredTasks GET ::1
[2023-12-04T02:43:27.317] [INFO] ma-core - get all Customer success /api/customer/ GET ::1
[2023-12-04T02:43:27.408] [INFO] ma-core - get All Task success /api/task/getFiltredTasks GET ::1
[2023-12-04T02:43:27.488] [INFO] ma-core - get all Customer success /api/customer/ GET ::1
[2023-12-04T02:43:27.652] [INFO] ma-core - get All Task success /api/task/getFiltredTasks GET ::1
[2023-12-04T02:43:27.726] [INFO] ma-core - get All Task success /api/task/getFiltredTasks GET ::1
[2023-12-04T02:43:27.779] [INFO] ma-core - get All Task success /api/task/getFiltredTasks GET ::1
[2023-12-04T02:43:27.815] [INFO] ma-core - get All Task success /api/task/getFiltredTasks GET ::1
[2023-12-04T02:59:00.012] [DEBUG] ma-core - Before sending Info !!
[2023-12-04T02:59:00.012] [DEBUG] ma-core - Before sending inside the producer !
[2023-12-04T02:59:00.013] [INFO] ma-core - Auto start Task success
[2023-12-04T02:59:00.013] [INFO] ma-core - Task state change sent with socket!
[2023-12-04T02:59:00.024] [DEBUG] ma-core - Before sending Info !!
[2023-12-04T02:59:00.024] [DEBUG] ma-core - Before sending inside the producer !
[2023-12-04T02:59:00.024] [INFO] ma-core - Auto start Task success
[2023-12-04T02:59:00.024] [INFO] ma-core - Task state change sent with socket!
[2023-12-04T02:59:00.026] [DEBUG] ma-core - Before sending Info !!
[2023-12-04T02:59:00.026] [DEBUG] ma-core - Before sending inside the producer !
[2023-12-04T02:59:00.026] [INFO] ma-core - Auto start Task success
[2023-12-04T02:59:00.026] [INFO] ma-core - Task state change sent with socket!
[2023-12-04T02:59:00.028] [DEBUG] ma-core - Before sending Info !!
[2023-12-04T02:59:00.028] [DEBUG] ma-core - Before sending inside the producer !
[2023-12-04T02:59:00.028] [INFO] ma-core - Auto start Task success
[2023-12-04T02:59:00.028] [INFO] ma-core - Task state change sent with socket!
[2023-12-04T02:59:00.029] [DEBUG] ma-core - Before sending Info !!
[2023-12-04T02:59:00.029] [DEBUG] ma-core - Before sending inside the producer !
[2023-12-04T02:59:00.030] [INFO] ma-core - Auto start Task success
[2023-12-04T02:59:00.030] [INFO] ma-core - Task state change sent with socket!
[2023-12-04T02:59:00.037] [INFO] ma-core - Auto cancel/Done Task cron launched
[2023-12-04T02:59:00.039] [INFO] ma-core - Auto cancel/Done Task cron launched
[2023-12-04T02:59:00.041] [INFO] ma-core - Auto cancel/Done Task cron launched
[2023-12-04T02:59:00.047] [INFO] ma-core - Auto cancel/Done Task cron launched
[2023-12-04T02:59:00.051] [INFO] ma-core - Auto cancel/Done Task cron launched
[2023-12-04T03:00:00.419] [INFO] ma-core - Running Sync Shift 2PM UTC
[2023-12-04T03:00:09.191] [INFO] ma-core - add new shifts success /api/shift/sync PATCH ::ffff:127.0.0.1
[2023-12-04T03:00:09.221] [INFO] ma-core - sync shift success /api/shift/sync PATCH ::ffff:127.0.0.1
[2023-12-04T03:00:09.467] [INFO] ma-core - {"message":"Shift sync success"}
[2023-12-04T03:00:09.894] [INFO] ma-core - Shift Unassigned reminder cron launched
[2023-12-04T03:00:09.897] [INFO] ma-core - Shift Unassigned reminder cron launched
[2023-12-04T03:00:09.905] [INFO] ma-core - Shift Unassigned reminder cron launched
[2023-12-04T03:00:09.913] [INFO] ma-core - Shift Unassigned reminder cron launched
[2023-12-04T03:00:09.916] [INFO] ma-core - Shift Unassigned reminder cron launched
[2023-12-04T03:00:09.919] [INFO] ma-core - Shift Unassigned reminder cron launched
[2023-12-04T03:00:09.923] [INFO] ma-core - Shift Unassigned reminder cron launched
[2023-12-04T03:00:09.926] [INFO] ma-core - Shift Unassigned reminder cron launched
[2023-12-04T03:00:09.928] [INFO] ma-core - cron shift unassigned : startdate before now
[2023-12-04T03:00:09.931] [INFO] ma-core - Shift Unassigned reminder cron launched
[2023-12-04T03:00:09.935] [INFO] ma-core - Shift Unassigned reminder cron launched
[2023-12-04T03:00:09.943] [INFO] ma-core - Shift Unassigned reminder cron launched
[2023-12-04T03:00:09.946] [INFO] ma-core - Shift Unassigned reminder cron launched
[2023-12-04T03:00:09.949] [INFO] ma-core - Shift Unassigned reminder cron launched
[2023-12-04T03:00:09.955] [INFO] ma-core - Shift Unassigned reminder cron launched
[2023-12-04T03:00:09.961] [INFO] ma-core - Shift Unassigned reminder cron launched
[2023-12-04T03:00:09.968] [INFO] ma-core - Shift Unassigned reminder cron launched
[2023-12-04T03:00:09.973] [INFO] ma-core - Shift Unassigned reminder cron launched
[2023-12-04T03:00:09.977] [INFO] ma-core - Shift Unassigned reminder cron launched
[2023-12-04T03:00:09.980] [INFO] ma-core - Shift Unassigned reminder cron launched
[2023-12-04T03:00:09.985] [INFO] ma-core - Shift Unassigned reminder cron launched
[2023-12-04T03:00:09.989] [INFO] ma-core - Shift Unassigned reminder cron launched
[2023-12-04T03:00:09.993] [INFO] ma-core - Shift Unassigned reminder cron launched
[2023-12-04T03:00:09.999] [INFO] ma-core - Shift Unassigned reminder cron launched
[2023-12-04T03:00:10.005] [INFO] ma-core - Shift Unassigned reminder cron launched
[2023-12-04T03:00:10.010] [INFO] ma-core - Shift Unassigned reminder cron launched
[2023-12-04T03:00:10.017] [INFO] ma-core - Shift Unassigned reminder cron launched
[2023-12-04T03:00:10.024] [INFO] ma-core - Shift Unassigned reminder cron launched
[2023-12-04T03:00:10.029] [INFO] ma-core - Shift Unassigned reminder cron launched
[2023-12-04T03:00:10.036] [INFO] ma-core - Shift Unassigned reminder cron launched
[2023-12-04T03:00:10.041] [INFO] ma-core - Shift Unassigned reminder cron launched
[2023-12-04T03:00:10.047] [INFO] ma-core - Shift Unassigned reminder cron launched
[2023-12-04T03:00:10.053] [INFO] ma-core - Shift Unassigned reminder cron launched
[2023-12-04T03:00:10.061] [INFO] ma-core - Shift Unassigned reminder cron launched
[2023-12-04T03:00:10.068] [INFO] ma-core - Shift Unassigned reminder cron launched
[2023-12-04T03:00:10.073] [INFO] ma-core - Shift Unassigned reminder cron launched
[2023-12-04T03:00:10.078] [INFO] ma-core - Shift Unassigned reminder cron launched
[2023-12-04T03:00:10.087] [INFO] ma-core - Shift Unassigned reminder cron launched
[2023-12-04T03:00:10.094] [INFO] ma-core - Shift Unassigned reminder cron launched
[2023-12-04T03:00:10.102] [INFO] ma-core - Shift Unassigned reminder cron launched
[2023-12-04T03:00:10.108] [INFO] ma-core - Shift Unassigned reminder cron launched
[2023-12-04T03:00:10.111] [INFO] ma-core - Shift Unassigned reminder cron launched
[2023-12-04T03:00:10.115] [INFO] ma-core - Shift Unassigned reminder cron launched
[2023-12-04T03:00:10.123] [INFO] ma-core - Shift Unassigned reminder cron launched
[2023-12-04T03:00:10.129] [INFO] ma-core - Shift Unassigned reminder cron launched
[2023-12-04T03:00:10.135] [INFO] ma-core - Shift Unassigned reminder cron launched
[2023-12-04T03:00:10.141] [INFO] ma-core - Shift Unassigned reminder cron launched
[2023-12-04T03:00:10.148] [INFO] ma-core - Shift Unassigned reminder cron launched
[2023-12-04T03:00:10.156] [INFO] ma-core - Shift Unassigned reminder cron launched
[2023-12-04T03:00:10.164] [INFO] ma-core - Shift Unassigned reminder cron launched
[2023-12-04T03:00:10.170] [INFO] ma-core - Shift Unassigned reminder cron launched
[2023-12-04T03:00:10.176] [INFO] ma-core - Shift Unassigned reminder cron launched
[2023-12-04T03:00:10.182] [INFO] ma-core - Shift Unassigned reminder cron launched
[2023-12-04T03:00:10.190] [INFO] ma-core - Shift Unassigned reminder cron launched
[2023-12-04T03:00:10.195] [INFO] ma-core - Shift Unassigned reminder cron launched
[2023-12-04T03:00:10.202] [INFO] ma-core - Shift Unassigned reminder cron launched
[2023-12-04T03:00:10.210] [INFO] ma-core - Shift Unassigned reminder cron launched
[2023-12-04T03:00:10.220] [INFO] ma-core - Shift Unassigned reminder cron launched
[2023-12-04T03:00:10.230] [INFO] ma-core - Shift Unassigned reminder cron launched
[2023-12-04T03:00:10.233] [INFO] ma-core - Shift Unassigned reminder cron launched
[2023-12-04T03:00:10.239] [INFO] ma-core - Shift Unassigned reminder cron launched
[2023-12-04T03:00:10.245] [INFO] ma-core - Shift Unassigned reminder cron launched
[2023-12-04T03:00:10.250] [INFO] ma-core - Shift Unassigned reminder cron launched
[2023-12-04T03:00:10.269] [INFO] ma-core - Shift Unassigned reminder cron launched
[2023-12-04T03:00:10.280] [INFO] ma-core - Shift Unassigned reminder cron launched
[2023-12-04T03:00:10.288] [INFO] ma-core - Shift Unassigned reminder cron launched
[2023-12-04T03:00:10.296] [INFO] ma-core - Shift Unassigned reminder cron launched
[2023-12-04T03:00:10.299] [INFO] ma-core - Shift Unassigned reminder cron launched
[2023-12-04T03:00:10.302] [INFO] ma-core - Shift Unassigned reminder cron launched
[2023-12-04T03:00:10.317] [INFO] ma-core - Shift Unassigned reminder cron launched
[2023-12-04T03:00:10.334] [INFO] ma-core - Shift Unassigned reminder cron launched
[2023-12-04T03:00:10.340] [INFO] ma-core - Shift Unassigned reminder cron launched
[2023-12-04T03:00:10.348] [INFO] ma-core - Shift Unassigned reminder cron launched
[2023-12-04T03:00:10.356] [INFO] ma-core - Shift Unassigned reminder cron launched
[2023-12-04T03:00:10.359] [INFO] ma-core - Shift Unassigned reminder cron launched
[2023-12-04T03:00:10.365] [INFO] ma-core - Shift Unassigned reminder cron launched
[2023-12-04T03:00:10.369] [INFO] ma-core - Shift Unassigned reminder cron launched
[2023-12-04T03:00:10.372] [INFO] ma-core - Shift Unassigned reminder cron launched
[2023-12-04T03:00:10.374] [INFO] ma-core - Shift Unassigned reminder cron launched
[2023-12-04T03:00:10.378] [INFO] ma-core - Shift Unassigned reminder cron launched
[2023-12-04T03:00:10.388] [INFO] ma-core - Shift Unassigned reminder cron launched
[2023-12-04T03:00:10.391] [INFO] ma-core - Shift Unassigned reminder cron launched
[2023-12-04T03:00:10.396] [INFO] ma-core - Shift Unassigned reminder cron launched
[2023-12-04T03:00:10.403] [INFO] ma-core - Shift Unassigned reminder cron launched
[2023-12-04T03:00:10.409] [INFO] ma-core - Shift Unassigned reminder cron launched
[2023-12-04T03:00:10.412] [INFO] ma-core - Shift Unassigned reminder cron launched
[2023-12-04T03:00:10.418] [INFO] ma-core - Shift Unassigned reminder cron launched
[2023-12-04T03:00:10.425] [INFO] ma-core - Shift Unassigned reminder cron launched
[2023-12-04T03:00:10.435] [INFO] ma-core - Shift Unassigned reminder cron launched
[2023-12-04T03:00:10.441] [INFO] ma-core - Shift Unassigned reminder cron launched
[2023-12-04T03:00:10.450] [INFO] ma-core - Shift Unassigned reminder cron launched
[2023-12-04T03:00:10.455] [INFO] ma-core - Shift Unassigned reminder cron launched
[2023-12-04T03:00:10.459] [INFO] ma-core - Shift Unassigned reminder cron launched
[2023-12-04T03:00:10.470] [INFO] ma-core - Shift Unassigned reminder cron launched
[2023-12-04T03:00:10.474] [INFO] ma-core - Shift Unassigned reminder cron launched
[2023-12-04T03:00:10.477] [INFO] ma-core - Shift Unassigned reminder cron launched
[2023-12-04T03:00:10.480] [INFO] ma-core - Shift Unassigned reminder cron launched
[2023-12-04T03:00:10.483] [INFO] ma-core - Shift Unassigned reminder cron launched
[2023-12-04T03:00:10.486] [INFO] ma-core - Shift Unassigned reminder cron launched
[2023-12-04T03:00:10.490] [INFO] ma-core - Shift Unassigned reminder cron launched
[2023-12-04T03:00:10.494] [INFO] ma-core - Shift Unassigned reminder cron launched
[2023-12-04T03:00:10.499] [INFO] ma-core - Shift Unassigned reminder cron launched
[2023-12-04T03:00:10.503] [INFO] ma-core - Shift Unassigned reminder cron launched
[2023-12-04T03:00:10.508] [INFO] ma-core - Shift Unassigned reminder cron launched
[2023-12-04T03:00:10.515] [INFO] ma-core - Shift Unassigned reminder cron launched
[2023-12-04T03:00:10.518] [INFO] ma-core - cron shift unassigned : startdate before now
[2023-12-04T03:00:10.522] [INFO] ma-core - Shift Unassigned reminder cron launched
[2023-12-04T03:00:10.526] [INFO] ma-core - Shift Unassigned reminder cron launched
[2023-12-04T03:00:10.531] [INFO] ma-core - Shift Unassigned reminder cron launched
[2023-12-04T03:00:10.533] [INFO] ma-core - Shift Unassigned reminder cron launched
[2023-12-04T03:00:10.535] [INFO] ma-core - Shift Unassigned reminder cron launched
[2023-12-04T03:00:10.538] [INFO] ma-core - Shift Unassigned reminder cron launched
[2023-12-04T03:00:10.541] [INFO] ma-core - Shift Unassigned reminder cron launched
[2023-12-04T03:00:10.545] [INFO] ma-core - Shift Unassigned reminder cron launched
[2023-12-04T03:00:10.550] [INFO] ma-core - Shift Unassigned reminder cron launched
[2023-12-04T03:00:10.557] [INFO] ma-core - Shift Unassigned reminder cron launched
[2023-12-04T03:00:10.564] [INFO] ma-core - cron shift unassigned : startdate before now
[2023-12-04T03:00:10.573] [INFO] ma-core - Shift Unassigned reminder cron launched
[2023-12-04T03:00:10.578] [INFO] ma-core - Shift Unassigned reminder cron launched
[2023-12-04T03:00:10.583] [INFO] ma-core - Shift Unassigned reminder cron launched
[2023-12-04T03:00:10.588] [INFO] ma-core - Shift Unassigned reminder cron launched
[2023-12-04T03:00:10.594] [INFO] ma-core - Shift Unassigned reminder cron launched
[2023-12-04T03:00:10.599] [INFO] ma-core - Shift Unassigned reminder cron launched
[2023-12-04T03:00:10.605] [INFO] ma-core - Shift Unassigned reminder cron launched
[2023-12-04T03:00:10.612] [INFO] ma-core - Shift Unassigned reminder cron launched
[2023-12-04T03:00:10.618] [INFO] ma-core - Shift Unassigned reminder cron launched
[2023-12-04T03:00:10.622] [INFO] ma-core - Shift Unassigned reminder cron launched
[2023-12-04T03:00:10.626] [INFO] ma-core - Shift Unassigned reminder cron launched
[2023-12-04T03:00:10.631] [INFO] ma-core - Shift Unassigned reminder cron launched
[2023-12-04T03:00:10.636] [INFO] ma-core - Shift Unassigned reminder cron launched
[2023-12-04T03:00:10.639] [INFO] ma-core - Shift Unassigned reminder cron launched
[2023-12-04T03:00:10.642] [INFO] ma-core - Shift Unassigned reminder cron launched
[2023-12-04T03:00:10.644] [INFO] ma-core - Shift Unassigned reminder cron launched
[2023-12-04T03:00:10.650] [INFO] ma-core - Shift Unassigned reminder cron launched
[2023-12-04T03:00:10.655] [INFO] ma-core - Shift Unassigned reminder cron launched
[2023-12-04T03:00:10.658] [INFO] ma-core - Shift Unassigned reminder cron launched
[2023-12-04T03:00:10.670] [INFO] ma-core - Shift Unassigned reminder cron launched
[2023-12-04T03:00:10.679] [INFO] ma-core - Shift Unassigned reminder cron launched
[2023-12-04T03:00:10.683] [INFO] ma-core - Shift Unassigned reminder cron launched
[2023-12-04T03:00:10.689] [INFO] ma-core - Shift Unassigned reminder cron launched
[2023-12-04T03:00:10.693] [INFO] ma-core - Shift Unassigned reminder cron launched
[2023-12-04T03:00:10.697] [INFO] ma-core - cron shift unassigned : startdate before now
[2023-12-04T03:00:10.702] [INFO] ma-core - Shift Unassigned reminder cron launched
[2023-12-04T03:00:10.705] [INFO] ma-core - Shift Unassigned reminder cron launched
[2023-12-04T03:00:10.710] [INFO] ma-core - Shift Unassigned reminder cron launched
[2023-12-04T03:00:10.714] [INFO] ma-core - Shift Unassigned reminder cron launched
[2023-12-04T03:00:10.719] [INFO] ma-core - Shift Unassigned reminder cron launched
[2023-12-04T03:00:10.724] [INFO] ma-core - Shift Unassigned reminder cron launched
[2023-12-04T03:00:10.730] [INFO] ma-core - Shift Unassigned reminder cron launched
[2023-12-04T03:00:10.736] [INFO] ma-core - Shift Unassigned reminder cron launched
[2023-12-04T03:00:10.740] [INFO] ma-core - Shift Unassigned reminder cron launched
[2023-12-04T03:00:10.742] [INFO] ma-core - Shift Unassigned reminder cron launched
[2023-12-04T03:00:10.745] [INFO] ma-core - Shift Unassigned reminder cron launched
[2023-12-04T03:00:10.748] [INFO] ma-core - Shift Unassigned reminder cron launched
[2023-12-04T03:00:10.752] [INFO] ma-core - Shift Unassigned reminder cron launched
[2023-12-04T03:00:10.756] [INFO] ma-core - Shift Unassigned reminder cron launched
[2023-12-04T03:00:10.760] [INFO] ma-core - Shift Unassigned reminder cron launched
[2023-12-04T03:00:10.763] [INFO] ma-core - Shift Unassigned reminder cron launched
[2023-12-04T03:00:10.768] [INFO] ma-core - Shift Unassigned reminder cron launched
[2023-12-04T03:00:10.772] [INFO] ma-core - Shift Unassigned reminder cron launched
[2023-12-04T03:00:10.776] [INFO] ma-core - Shift Unassigned reminder cron launched
[2023-12-04T03:00:10.777] [INFO] ma-core - Shift Unassigned reminder cron launched
[2023-12-04T03:02:17.913] [INFO] ma-core - get all Customer success /api/customer/ GET ::1
[2023-12-04T03:02:18.016] [INFO] ma-core - get all Customer success /api/customer/ GET ::1
[2023-12-04T03:02:49.038] [INFO] ma-core - get all Customer success /api/customer/ GET ::1
[2023-12-04T03:02:49.111] [INFO] ma-core - get all Customer success /api/customer/ GET ::1
[2023-12-04T03:02:52.421] [INFO] ma-core - get all Customer success /api/customer/ GET ::1
[2023-12-04T03:02:52.619] [INFO] ma-core - get all Customer success /api/customer/ GET ::1
[2023-12-04T03:02:54.579] [INFO] ma-core - get all Customer success /api/customer/ GET ::1
[2023-12-04T03:02:54.674] [INFO] ma-core - get all Customer success /api/customer/ GET ::1
[2023-12-04T03:02:56.397] [INFO] ma-core - Get all shifts success /api/shift/getAllMembersByShifts GET ::1
[2023-12-04T03:03:20.805] [INFO] ma-core - get all Customer success /api/customer/ GET ::1
[2023-12-04T03:03:20.936] [INFO] ma-core - get all Customer success /api/customer/ GET ::1
[2023-12-04T03:03:31.430] [INFO] ma-core - Get all shifts success /api/shift/getAllMembersByShifts GET ::1
[2023-12-04T03:03:48.117] [INFO] ma-core - get all Customer success /api/customer/ GET ::1
[2023-12-04T03:03:48.208] [INFO] ma-core - get all Customer success /api/customer/ GET ::1
[2023-12-04T03:03:52.518] [INFO] ma-core - get all Customer success /api/customer/ GET ::1
[2023-12-04T03:03:52.602] [INFO] ma-core - get all Customer success /api/customer/ GET ::1
[2023-12-04T03:04:24.135] [INFO] ma-core - get all posts success /api/newsFeed/getAllPosts GET ::1
[2023-12-04T03:04:29.211] [INFO] ma-core - get All nomenclature success /api/nomenclature/ GET ::1
[2023-12-04T03:04:29.540] [INFO] ma-core - Get all shifts success /api/shift/ GET ::1
[2023-12-04T03:04:29.899] [INFO] ma-core - Get all shifts success /api/shift/ GET ::1
