[2024-01-24T09:59:57.802] [INFO] ma-core - database URI mongodb://localhost:27017/core
[2024-01-24T10:00:00.499] [INFO] ma-core - server started at port 5000
[2024-01-24T10:00:00.599] [INFO] ma-core - mongodb conected
[2024-01-24T10:01:42.796] [INFO] ma-core - get all posts success /api/newsFeed/getAllPosts GET ::1
[2024-01-24T10:50:45.874] [INFO] ma-core - get all posts success /api/newsFeed/getAllPosts GET ::1
[2024-01-24T10:50:46.025] [INFO] ma-core - get all posts success /api/newsFeed/getAllPosts GET ::1
[2024-01-24T10:50:50.296] [INFO] ma-core - get All nomenclature success /api/nomenclature/ GET ::1
[2024-01-24T10:50:50.322] [INFO] ma-core - Get all shifts success /api/shift/ GET ::1
[2024-01-24T10:50:50.388] [INFO] ma-core - Get all shifts success /api/shift/ GET ::1
[2024-01-24T10:51:03.838] [INFO] ma-core - Get all shifts success /api/shift/getAllMembersByShifts GET ::1
[2024-01-24T10:51:22.788] [INFO] ma-core - add new shifts success /api/shift/sync PATCH ::1
[2024-01-24T10:51:22.833] [INFO] ma-core - sync shift success /api/shift/sync PATCH ::1
[2024-01-24T10:51:24.674] [INFO] ma-core - Shift Unassigned reminder cron launched
[2024-01-24T10:51:24.680] [INFO] ma-core - Shift Unassigned reminder cron launched
[2024-01-24T10:51:24.685] [INFO] ma-core - cron shift unassigned : startdate before now
[2024-01-24T10:51:24.701] [INFO] ma-core - Shift Unassigned reminder cron launched
[2024-01-24T10:51:24.706] [INFO] ma-core - cron shift unassigned : startdate before now
[2024-01-24T10:51:24.725] [INFO] ma-core - Shift Unassigned reminder cron launched
[2024-01-24T10:51:24.730] [INFO] ma-core - Shift Unassigned reminder cron launched
[2024-01-24T10:51:24.736] [INFO] ma-core - Shift Unassigned reminder cron launched
[2024-01-24T10:51:24.742] [INFO] ma-core - Shift Unassigned reminder cron launched
[2024-01-24T10:51:24.754] [INFO] ma-core - Shift Unassigned reminder cron launched
[2024-01-24T10:51:24.761] [INFO] ma-core - Shift Unassigned reminder cron launched
[2024-01-24T10:51:24.765] [INFO] ma-core - cron shift unassigned : startdate before now
[2024-01-24T10:51:24.775] [INFO] ma-core - Shift Unassigned reminder cron launched
[2024-01-24T10:51:24.782] [INFO] ma-core - Shift Unassigned reminder cron launched
[2024-01-24T10:51:24.792] [INFO] ma-core - Shift Unassigned reminder cron launched
[2024-01-24T10:51:24.796] [INFO] ma-core - cron shift unassigned : startdate before now
[2024-01-24T10:51:24.802] [INFO] ma-core - Shift Unassigned reminder cron launched
[2024-01-24T10:51:24.814] [INFO] ma-core - Shift Unassigned reminder cron launched
[2024-01-24T10:51:24.820] [INFO] ma-core - Shift Unassigned reminder cron launched
[2024-01-24T10:51:24.826] [INFO] ma-core - Shift Unassigned reminder cron launched
[2024-01-24T10:51:24.837] [INFO] ma-core - Shift Unassigned reminder cron launched
[2024-01-24T10:51:24.841] [INFO] ma-core - Shift Unassigned reminder cron launched
[2024-01-24T10:51:24.848] [INFO] ma-core - Shift Unassigned reminder cron launched
[2024-01-24T10:51:24.857] [INFO] ma-core - Shift Unassigned reminder cron launched
[2024-01-24T10:51:24.891] [INFO] ma-core - Shift Unassigned reminder cron launched
[2024-01-24T10:51:24.896] [INFO] ma-core - Shift Unassigned reminder cron launched
[2024-01-24T10:51:24.902] [INFO] ma-core - Shift Unassigned reminder cron launched
[2024-01-24T10:51:24.915] [INFO] ma-core - Shift Unassigned reminder cron launched
[2024-01-24T10:51:24.924] [INFO] ma-core - Shift Unassigned reminder cron launched
[2024-01-24T10:51:24.929] [INFO] ma-core - Shift Unassigned reminder cron launched
[2024-01-24T10:51:24.934] [INFO] ma-core - Shift Unassigned reminder cron launched
[2024-01-24T10:51:24.943] [INFO] ma-core - Shift Unassigned reminder cron launched
[2024-01-24T10:51:24.950] [INFO] ma-core - Shift Unassigned reminder cron launched
[2024-01-24T10:51:24.974] [INFO] ma-core - Shift Unassigned reminder cron launched
[2024-01-24T10:51:24.984] [INFO] ma-core - Shift Unassigned reminder cron launched
[2024-01-24T10:51:24.991] [INFO] ma-core - Shift Unassigned reminder cron launched
[2024-01-24T10:51:25.000] [INFO] ma-core - Shift Unassigned reminder cron launched
[2024-01-24T10:51:25.006] [INFO] ma-core - cron shift unassigned : startdate before now
[2024-01-24T10:51:25.019] [INFO] ma-core - Shift Unassigned reminder cron launched
[2024-01-24T10:51:25.028] [INFO] ma-core - Shift Unassigned reminder cron launched
[2024-01-24T10:51:25.035] [INFO] ma-core - Shift Unassigned reminder cron launched
[2024-01-24T10:51:25.049] [INFO] ma-core - Shift Unassigned reminder cron launched
[2024-01-24T10:51:25.059] [INFO] ma-core - Shift Unassigned reminder cron launched
[2024-01-24T10:51:25.078] [INFO] ma-core - Shift Unassigned reminder cron launched
[2024-01-24T10:51:25.086] [INFO] ma-core - Shift Unassigned reminder cron launched
[2024-01-24T10:51:25.092] [INFO] ma-core - Shift Unassigned reminder cron launched
[2024-01-24T10:51:25.100] [INFO] ma-core - Shift Unassigned reminder cron launched
[2024-01-24T10:51:25.107] [INFO] ma-core - Shift Unassigned reminder cron launched
[2024-01-24T10:51:25.112] [INFO] ma-core - cron shift unassigned : startdate before now
[2024-01-24T10:51:25.120] [INFO] ma-core - Shift Unassigned reminder cron launched
[2024-01-24T10:51:25.128] [INFO] ma-core - Shift Unassigned reminder cron launched
[2024-01-24T10:51:25.133] [INFO] ma-core - Shift Unassigned reminder cron launched
[2024-01-24T10:51:25.140] [INFO] ma-core - Shift Unassigned reminder cron launched
[2024-01-24T10:51:25.149] [INFO] ma-core - Shift Unassigned reminder cron launched
[2024-01-24T10:51:25.163] [INFO] ma-core - Shift Unassigned reminder cron launched
[2024-01-24T10:51:25.169] [INFO] ma-core - Shift Unassigned reminder cron launched
[2024-01-24T10:51:25.176] [INFO] ma-core - Shift Unassigned reminder cron launched
[2024-01-24T10:51:25.184] [INFO] ma-core - Shift Unassigned reminder cron launched
[2024-01-24T10:51:25.199] [INFO] ma-core - Shift Unassigned reminder cron launched
[2024-01-24T10:51:25.207] [INFO] ma-core - Shift Unassigned reminder cron launched
[2024-01-24T10:51:25.215] [INFO] ma-core - Shift Unassigned reminder cron launched
[2024-01-24T10:51:25.223] [INFO] ma-core - Shift Unassigned reminder cron launched
[2024-01-24T10:51:25.231] [INFO] ma-core - Shift Unassigned reminder cron launched
[2024-01-24T10:51:25.242] [INFO] ma-core - Shift Unassigned reminder cron launched
[2024-01-24T10:51:25.250] [INFO] ma-core - Shift Unassigned reminder cron launched
[2024-01-24T10:51:25.260] [INFO] ma-core - Shift Unassigned reminder cron launched
[2024-01-24T10:51:25.269] [INFO] ma-core - Shift Unassigned reminder cron launched
[2024-01-24T10:51:25.281] [INFO] ma-core - Shift Unassigned reminder cron launched
[2024-01-24T10:51:25.291] [INFO] ma-core - Shift Unassigned reminder cron launched
[2024-01-24T10:51:25.297] [INFO] ma-core - Shift Unassigned reminder cron launched
[2024-01-24T10:51:25.305] [INFO] ma-core - Shift Unassigned reminder cron launched
[2024-01-24T10:51:25.311] [INFO] ma-core - Shift Unassigned reminder cron launched
[2024-01-24T10:51:25.317] [INFO] ma-core - Shift Unassigned reminder cron launched
[2024-01-24T10:51:25.327] [INFO] ma-core - Shift Unassigned reminder cron launched
[2024-01-24T10:51:25.332] [INFO] ma-core - Shift Unassigned reminder cron launched
[2024-01-24T10:51:25.341] [INFO] ma-core - Shift Unassigned reminder cron launched
[2024-01-24T10:51:25.349] [INFO] ma-core - Shift Unassigned reminder cron launched
[2024-01-24T10:51:25.358] [INFO] ma-core - Shift Unassigned reminder cron launched
[2024-01-24T10:51:25.367] [INFO] ma-core - Shift Unassigned reminder cron launched
[2024-01-24T10:51:25.376] [INFO] ma-core - Shift Unassigned reminder cron launched
[2024-01-24T10:51:25.381] [INFO] ma-core - Shift Unassigned reminder cron launched
[2024-01-24T10:51:25.389] [INFO] ma-core - Shift Unassigned reminder cron launched
[2024-01-24T10:51:25.393] [INFO] ma-core - Shift Unassigned reminder cron launched
[2024-01-24T10:51:25.400] [INFO] ma-core - Shift Unassigned reminder cron launched
[2024-01-24T10:51:25.408] [INFO] ma-core - Shift Unassigned reminder cron launched
[2024-01-24T10:51:25.413] [INFO] ma-core - Shift Unassigned reminder cron launched
[2024-01-24T10:51:25.422] [INFO] ma-core - Shift Unassigned reminder cron launched
[2024-01-24T10:51:25.429] [INFO] ma-core - Shift Unassigned reminder cron launched
[2024-01-24T10:51:25.436] [INFO] ma-core - Shift Unassigned reminder cron launched
[2024-01-24T10:51:25.447] [INFO] ma-core - Shift Unassigned reminder cron launched
[2024-01-24T10:51:25.455] [INFO] ma-core - Shift Unassigned reminder cron launched
[2024-01-24T10:51:25.460] [INFO] ma-core - Shift Unassigned reminder cron launched
[2024-01-24T10:51:25.473] [INFO] ma-core - Shift Unassigned reminder cron launched
[2024-01-24T10:51:25.481] [INFO] ma-core - Shift Unassigned reminder cron launched
[2024-01-24T10:51:25.488] [INFO] ma-core - Shift Unassigned reminder cron launched
[2024-01-24T10:51:25.494] [INFO] ma-core - Shift Unassigned reminder cron launched
[2024-01-24T10:51:25.502] [INFO] ma-core - Shift Unassigned reminder cron launched
[2024-01-24T10:51:25.509] [INFO] ma-core - Shift Unassigned reminder cron launched
[2024-01-24T10:51:25.515] [INFO] ma-core - Shift Unassigned reminder cron launched
[2024-01-24T10:51:25.524] [INFO] ma-core - Shift Unassigned reminder cron launched
[2024-01-24T10:51:25.531] [INFO] ma-core - Shift Unassigned reminder cron launched
[2024-01-24T10:51:25.537] [INFO] ma-core - Shift Unassigned reminder cron launched
[2024-01-24T10:51:25.544] [INFO] ma-core - Shift Unassigned reminder cron launched
[2024-01-24T10:51:25.552] [INFO] ma-core - Shift Unassigned reminder cron launched
[2024-01-24T10:51:25.562] [INFO] ma-core - Shift Unassigned reminder cron launched
[2024-01-24T10:51:25.570] [INFO] ma-core - Shift Unassigned reminder cron launched
[2024-01-24T10:51:25.586] [INFO] ma-core - Shift Unassigned reminder cron launched
[2024-01-24T10:51:25.602] [INFO] ma-core - Shift Unassigned reminder cron launched
[2024-01-24T10:51:25.628] [INFO] ma-core - Shift Unassigned reminder cron launched
[2024-01-24T10:51:25.631] [INFO] ma-core - Shift Unassigned reminder cron launched
[2024-01-24T10:51:25.640] [INFO] ma-core - Shift Unassigned reminder cron launched
[2024-01-24T10:51:25.651] [INFO] ma-core - Shift Unassigned reminder cron launched
[2024-01-24T10:51:25.659] [INFO] ma-core - Shift Unassigned reminder cron launched
[2024-01-24T10:51:25.736] [INFO] ma-core - Shift Unassigned reminder cron launched
[2024-01-24T10:51:25.745] [INFO] ma-core - Shift Unassigned reminder cron launched
[2024-01-24T10:51:25.748] [INFO] ma-core - Shift Unassigned reminder cron launched
[2024-01-24T10:51:25.751] [INFO] ma-core - Shift Unassigned reminder cron launched
[2024-01-24T10:51:25.755] [INFO] ma-core - Shift Unassigned reminder cron launched
[2024-01-24T10:51:25.758] [INFO] ma-core - Shift Unassigned reminder cron launched
[2024-01-24T10:51:25.761] [INFO] ma-core - Shift Unassigned reminder cron launched
[2024-01-24T10:51:25.764] [INFO] ma-core - Shift Unassigned reminder cron launched
[2024-01-24T10:51:25.767] [INFO] ma-core - Shift Unassigned reminder cron launched
[2024-01-24T10:51:25.770] [INFO] ma-core - Shift Unassigned reminder cron launched
[2024-01-24T10:51:25.780] [INFO] ma-core - Shift Unassigned reminder cron launched
[2024-01-24T10:51:25.783] [INFO] ma-core - Shift Unassigned reminder cron launched
[2024-01-24T10:51:25.786] [INFO] ma-core - Shift Unassigned reminder cron launched
[2024-01-24T10:51:25.790] [INFO] ma-core - Shift Unassigned reminder cron launched
[2024-01-24T10:51:25.793] [INFO] ma-core - Shift Unassigned reminder cron launched
[2024-01-24T10:51:25.796] [INFO] ma-core - Shift Unassigned reminder cron launched
[2024-01-24T10:51:25.799] [INFO] ma-core - Shift Unassigned reminder cron launched
[2024-01-24T10:51:25.802] [INFO] ma-core - Shift Unassigned reminder cron launched
[2024-01-24T10:51:25.803] [INFO] ma-core - Shift Unassigned reminder cron launched
[2024-01-24T10:51:25.804] [INFO] ma-core - cron shift unassigned : startdate before now
[2024-01-24T10:51:25.806] [INFO] ma-core - Shift Unassigned reminder cron launched
[2024-01-24T10:51:25.807] [INFO] ma-core - Shift Unassigned reminder cron launched
[2024-01-24T10:51:25.809] [INFO] ma-core - Shift Unassigned reminder cron launched
[2024-01-24T10:51:25.811] [INFO] ma-core - Shift Unassigned reminder cron launched
[2024-01-24T10:51:25.812] [INFO] ma-core - Shift Unassigned reminder cron launched
[2024-01-24T10:51:25.813] [INFO] ma-core - Shift Unassigned reminder cron launched
[2024-01-24T10:51:25.815] [INFO] ma-core - Shift Unassigned reminder cron launched
[2024-01-24T10:51:25.816] [INFO] ma-core - Shift Unassigned reminder cron launched
[2024-01-24T10:51:25.818] [INFO] ma-core - Shift Unassigned reminder cron launched
[2024-01-24T10:51:25.820] [INFO] ma-core - Shift Unassigned reminder cron launched
[2024-01-24T10:51:25.822] [INFO] ma-core - Shift Unassigned reminder cron launched
[2024-01-24T10:51:25.825] [INFO] ma-core - Shift Unassigned reminder cron launched
[2024-01-24T10:51:25.831] [INFO] ma-core - Shift Unassigned reminder cron launched
[2024-01-24T10:51:25.833] [INFO] ma-core - Shift Unassigned reminder cron launched
[2024-01-24T10:51:25.834] [INFO] ma-core - cron shift unassigned : startdate before now
[2024-01-24T10:51:25.836] [INFO] ma-core - Shift Unassigned reminder cron launched
[2024-01-24T10:51:25.838] [INFO] ma-core - Shift Unassigned reminder cron launched
[2024-01-24T10:51:25.840] [INFO] ma-core - Shift Unassigned reminder cron launched
[2024-01-24T10:51:25.841] [INFO] ma-core - Shift Unassigned reminder cron launched
[2024-01-24T10:51:25.842] [INFO] ma-core - Shift Unassigned reminder cron launched
[2024-01-24T10:51:25.844] [INFO] ma-core - Shift Unassigned reminder cron launched
[2024-01-24T10:51:25.845] [INFO] ma-core - Shift Unassigned reminder cron launched
[2024-01-24T10:51:25.846] [INFO] ma-core - Shift Unassigned reminder cron launched
[2024-01-24T10:51:25.848] [INFO] ma-core - Shift Unassigned reminder cron launched
[2024-01-24T10:51:25.849] [INFO] ma-core - Shift Unassigned reminder cron launched
[2024-01-24T10:51:25.850] [INFO] ma-core - Shift Unassigned reminder cron launched
[2024-01-24T10:51:25.852] [INFO] ma-core - Shift Unassigned reminder cron launched
[2024-01-24T10:51:25.853] [INFO] ma-core - Shift Unassigned reminder cron launched
[2024-01-24T10:51:28.829] [INFO] ma-core - get All nomenclature success /api/nomenclature/ GET ::1
[2024-01-24T10:51:28.955] [INFO] ma-core - Get all shifts success /api/shift/ GET ::1
[2024-01-24T10:51:29.095] [INFO] ma-core - Get all shifts success /api/shift/ GET ::1
[2024-01-24T10:51:36.495] [INFO] ma-core - Get all shifts success /api/shift/getAllMembersByShifts GET ::1
[2024-01-24T10:51:58.337] [INFO] ma-core - Get all members success /api/shift/members GET ::1
[2024-01-24T10:52:07.981] [INFO] ma-core - Get all members success /api/shift/members GET ::1
[2024-01-24T10:52:22.734] [INFO] ma-core - Get all members success /api/shift/members GET ::1
[2024-01-24T10:52:33.800] [INFO] ma-core - Get all shifts success /api/shift/getAllMembersByShifts GET ::1
[2024-01-24T10:52:44.684] [INFO] ma-core - Get all members success /api/shift/members GET ::1
[2024-01-24T10:52:49.248] [INFO] ma-core - Get all shifts success /api/shift/getAllMembersByShifts GET ::1
[2024-01-24T11:09:32.280] [INFO] ma-core - Get all shifts success /api/shift/getAllMembersByShifts GET ::1
[2024-01-24T11:12:06.918] [INFO] ma-core - get All nomenclature success /api/nomenclature/ GET ::1
[2024-01-24T11:12:07.528] [INFO] ma-core - Get all shifts success /api/shift/ GET ::1
[2024-01-24T11:12:08.007] [INFO] ma-core - Get all shifts success /api/shift/ GET ::1
[2024-01-24T11:14:28.340] [INFO] ma-core - Get all shifts success /api/shift/getAllMembersByShifts GET ::1
[2024-01-24T11:22:34.730] [INFO] ma-core - get All nomenclature success /api/nomenclature/ GET ::1
[2024-01-24T11:22:35.109] [INFO] ma-core - Get all shifts success /api/shift/ GET ::1
[2024-01-24T11:22:35.611] [INFO] ma-core - Get all shifts success /api/shift/ GET ::1
[2024-01-24T11:22:38.769] [INFO] ma-core - Get all shifts success /api/shift/getAllMembersByShifts GET ::1
[2024-01-24T11:22:43.768] [INFO] ma-core - get all Customer success /api/customer/ GET ::1
[2024-01-24T11:22:44.043] [INFO] ma-core - get all Customer success /api/customer/ GET ::1
[2024-01-24T11:23:10.532] [INFO] ma-core - get All Task By filter success /api/task/getTasksByFilter GET ::1
[2024-01-24T12:12:54.811] [INFO] ma-core - get all Customer success /api/customer/ GET ::1
[2024-01-24T12:12:55.141] [INFO] ma-core - get all Customer success /api/customer/ GET ::1
[2024-01-24T12:12:55.351] [INFO] ma-core - get all Customer success /api/customer/ GET ::1
[2024-01-24T12:12:55.672] [INFO] ma-core - get all Customer success /api/customer/ GET ::1
[2024-01-24T12:55:09.355] [INFO] ma-core - Get all shifts success /api/shift/getAllMembersByShifts GET ::1
[2024-01-24T13:29:20.305] [INFO] ma-core - get all result form success /api/resultForm/getAllResultForm GET ::1
[2024-01-24T13:29:20.341] [INFO] ma-core - get Monitoring Activities Without Result Form success /api/resultForm/getMonitoringActivitiesWithoutResultForm GET ::1
[2024-01-24T13:29:22.415] [INFO] ma-core - get by id Result Form /api/resultForm/getResultFormById/:id GET ::1
[2024-01-24T13:52:27.701] [INFO] ma-core - get all posts success /api/newsFeed/getAllPosts GET ::1
[2024-01-24T14:00:09.879] [INFO] ma-core - get all Customer success /api/customer/ GET ::1
[2024-01-24T14:00:15.577] [INFO] ma-core - get Customer success toBase64 error /api/customer/:id/ GET ::1
[2024-01-24T14:02:12.258] [INFO] ma-core - get all Customer success /api/customer/ GET ::1
[2024-01-24T14:02:12.481] [INFO] ma-core - get all Customer success /api/customer/ GET ::1
[2024-01-24T14:02:13.543] [INFO] ma-core - Get all shifts success /api/shift/getAllMembersByShifts GET ::1
[2024-01-24T14:02:57.595] [INFO] ma-core - get All Task By filter success /api/task/getTasksByFilter GET ::1
[2024-01-24T14:03:30.479] [INFO] ma-core - add Many Task success /api/task/addMany POST ::1
[2024-01-24T14:03:30.493] [INFO] ma-core - Auto start Task cron launched
[2024-01-24T14:03:30.498] [INFO] ma-core - Auto start Task cron launched
[2024-01-24T14:03:30.503] [INFO] ma-core - Auto start Task cron launched
[2024-01-24T14:03:30.533] [INFO] ma-core - Auto cancel/Done Task cron launched
[2024-01-24T14:03:30.536] [INFO] ma-core - Auto cancel/Done Task cron launched
[2024-01-24T14:03:31.165] [INFO] ma-core - get All Task By filter success /api/task/getTasksByFilter GET ::1
[2024-01-24T14:03:32.154] [INFO] ma-core - get All Task success /api/task/getFiltredTasks GET ::1
[2024-01-24T14:04:02.238] [INFO] ma-core - get all posts success /api/newsFeed/getAllPosts GET ::1
[2024-01-24T14:04:02.422] [INFO] ma-core - get all posts success /api/newsFeed/getAllPosts GET ::1
[2024-01-24T14:04:12.975] [INFO] ma-core - get all Customer success /api/customer/ GET ::1
[2024-01-24T14:04:13.018] [INFO] ma-core - get All Task By ID success /api/task/getTasksByUserId GET ::1
[2024-01-24T14:04:13.117] [INFO] ma-core - get all Customer success /api/customer/ GET ::1
[2024-01-24T14:04:13.147] [INFO] ma-core - get All Task By ID success /api/task/getTasksByUserId GET ::1
[2024-01-24T14:04:20.071] [INFO] ma-core - get Created Tasks success /api/task/getworkflowTasks GET ::1
[2024-01-24T14:05:02.289] [INFO] ma-core - Insert result success /api/result/ POST ::1
[2024-01-24T14:05:02.301] [DEBUG] ma-core - Before sending Info !!
[2024-01-24T14:05:02.303] [DEBUG] ma-core - Before sending inside the producer !
[2024-01-24T14:05:02.352] [INFO] ma-core - Auto cancel/Done Task cron launched
[2024-01-24T14:05:23.479] [INFO] ma-core - get all result form success /api/resultForm/getAllResultForm GET ::1
[2024-01-24T14:05:23.511] [INFO] ma-core - get Monitoring Activities Without Result Form success /api/resultForm/getMonitoringActivitiesWithoutResultForm GET ::1
[2024-01-24T14:05:40.468] [INFO] ma-core - get all result form success /api/resultForm/getAllResultForm GET ::1
[2024-01-24T14:05:40.586] [INFO] ma-core - get Monitoring Activities Without Result Form success /api/resultForm/getMonitoringActivitiesWithoutResultForm GET ::1
[2024-01-24T14:05:40.962] [INFO] ma-core - get Monitoring Activities Without Result Form success /api/resultForm/getMonitoringActivitiesWithoutResultForm GET ::1
[2024-01-24T14:05:40.976] [INFO] ma-core - get all result form success /api/resultForm/getAllResultForm GET ::1
[2024-01-24T14:05:42.042] [INFO] ma-core - get all result form success /api/resultForm/getAllResultForm GET ::1
[2024-01-24T14:05:42.089] [INFO] ma-core - get Monitoring Activities Without Result Form success /api/resultForm/getMonitoringActivitiesWithoutResultForm GET ::1
[2024-01-24T14:05:43.222] [INFO] ma-core - get all result form success /api/resultForm/getAllResultForm GET ::1
[2024-01-24T14:05:43.268] [INFO] ma-core - get Monitoring Activities Without Result Form success /api/resultForm/getMonitoringActivitiesWithoutResultForm GET ::1
[2024-01-24T14:05:43.452] [INFO] ma-core - get Monitoring Activities Without Result Form success /api/resultForm/getMonitoringActivitiesWithoutResultForm GET ::1
[2024-01-24T14:05:43.460] [INFO] ma-core - get all result form success /api/resultForm/getAllResultForm GET ::1
[2024-01-24T14:05:43.755] [INFO] ma-core - get all result form success /api/resultForm/getAllResultForm GET ::1
[2024-01-24T14:05:43.790] [INFO] ma-core - get Monitoring Activities Without Result Form success /api/resultForm/getMonitoringActivitiesWithoutResultForm GET ::1
[2024-01-24T14:05:52.112] [INFO] ma-core - get by id Result Form /api/resultForm/getResultFormById/:id GET ::1
[2024-01-24T14:07:10.520] [INFO] ma-core - Get all shifts success /api/shift/getAllMembersByShifts GET ::1
[2024-01-24T14:07:20.239] [INFO] ma-core - get All nomenclature success /api/nomenclature/ GET ::1
[2024-01-24T14:07:20.423] [INFO] ma-core - Get all shifts success /api/shift/ GET ::1
[2024-01-24T14:07:20.638] [INFO] ma-core - Get all shifts success /api/shift/ GET ::1
[2024-01-24T14:07:29.506] [INFO] ma-core - Get all members success /api/shift/members GET ::1
[2024-01-24T14:07:37.497] [INFO] ma-core - get all Customer success /api/customer/ GET ::1
[2024-01-24T14:07:37.545] [INFO] ma-core - get all Customer success /api/customer/ GET ::1
[2024-01-24T14:07:37.607] [INFO] ma-core - get all Customer success /api/customer/ GET ::1
[2024-01-24T14:07:52.366] [INFO] ma-core - get all Customer success /api/customer/ GET ::1
[2024-01-24T14:07:52.468] [INFO] ma-core - get All Task success /api/task/getFiltredTasks GET ::1
[2024-01-24T14:07:52.579] [INFO] ma-core - get all Customer success /api/customer/ GET ::1
[2024-01-24T14:07:52.692] [INFO] ma-core - get All Task success /api/task/getFiltredTasks GET ::1
[2024-01-24T14:07:52.764] [INFO] ma-core - get All Task success /api/task/getFiltredTasks GET ::1
[2024-01-24T14:07:52.814] [INFO] ma-core - get All Task success /api/task/getFiltredTasks GET ::1
[2024-01-24T14:07:52.859] [INFO] ma-core - get All Task success /api/task/getFiltredTasks GET ::1
[2024-01-24T14:08:00.098] [INFO] ma-core - get all Customer success /api/customer/ GET ::1
[2024-01-24T14:08:05.288] [INFO] ma-core - get all Customer success /api/customer/ GET ::1
[2024-01-24T14:08:33.087] [INFO] ma-core - get all posts success /api/newsFeed/getAllPosts GET ::1
[2024-01-24T14:08:33.392] [INFO] ma-core - get all posts success /api/newsFeed/getAllPosts GET ::1
[2024-01-24T14:08:34.725] [INFO] ma-core - get All Task By ID success /api/task/getTasksByUserId GET ::1
[2024-01-24T14:08:34.775] [INFO] ma-core - get all Customer success /api/customer/ GET ::1
[2024-01-24T14:08:34.925] [INFO] ma-core - get all Customer success /api/customer/ GET ::1
[2024-01-24T14:08:34.946] [INFO] ma-core - get All Task By ID success /api/task/getTasksByUserId GET ::1
[2024-01-24T14:08:55.569] [INFO] ma-core - add Task success /api/task/addOne POST ::1
[2024-01-24T14:08:55.714] [INFO] ma-core - Auto cancel/Done Task cron launched
[2024-01-24T14:09:07.007] [INFO] ma-core - get all Customer success /api/customer/ GET ::1
[2024-01-24T14:09:07.150] [INFO] ma-core - get All Task success /api/task/getFiltredTasks GET ::1
[2024-01-24T14:09:07.250] [INFO] ma-core - get All Task success /api/task/getFiltredTasks GET ::1
[2024-01-24T14:09:07.273] [INFO] ma-core - get all Customer success /api/customer/ GET ::1
[2024-01-24T14:09:07.549] [INFO] ma-core - get All Task success /api/task/getFiltredTasks GET ::1
[2024-01-24T14:09:07.596] [INFO] ma-core - get all Customer success /api/customer/ GET ::1
[2024-01-24T14:09:07.816] [INFO] ma-core - get all Customer success /api/customer/ GET ::1
[2024-01-24T14:09:07.852] [INFO] ma-core - get All Task success /api/task/getFiltredTasks GET ::1
[2024-01-24T14:09:07.947] [INFO] ma-core - get All Task success /api/task/getFiltredTasks GET ::1
[2024-01-24T14:09:08.003] [INFO] ma-core - get All Task success /api/task/getFiltredTasks GET ::1
[2024-01-24T14:09:12.212] [INFO] ma-core - get All Task success /api/task/getFiltredTasks GET ::1
[2024-01-24T14:09:20.667] [INFO] ma-core - update Task success /api/task/:id PATCH ::1
