[2021-11-30T09:29:36.603] [INFO] ma-core - database URI mongodb://localhost:27017/core
[2021-11-30T09:29:37.076] [INFO] ma-core - server started at port 5000
[2021-11-30T09:29:37.076] [TRACE] ma-core - A user connected, Total users connected is: 
[2021-11-30T09:29:37.094] [INFO] ma-core - mongodb conected
[2021-11-30T09:30:21.426] [INFO] ma-core - get All Task success testing testing testing
[2021-11-30T09:30:21.429] [INFO] ma-core - get All Task success NaN post 1234
[2021-11-30T09:30:21.435] [INFO] ma-core - get All Task By filter success testing testing testing
[2021-11-30T09:30:21.437] [ERROR] ma-core - get All Task By filter error :error testing testing testing
[2021-11-30T09:30:21.439] [INFO] ma-core - get All Task By filter success testing testing testing
[2021-11-30T09:30:21.442] [INFO] ma-core - get by id Task success testing testing testing
[2021-11-30T09:30:21.444] [INFO] ma-core - get by id Task success NaN post 1234
[2021-11-30T09:30:21.446] [ERROR] ma-core - get by id Task :task not found testing testing testing
[2021-11-30T09:30:21.448] [ERROR] ma-core - get by id Task :task not found NaN post 1234
[2021-11-30T09:30:21.454] [INFO] ma-core - get All Task By filter success testing testing testing
[2021-11-30T09:30:21.457] [ERROR] ma-core - get All Task By filter error :error testing testing testing
[2021-11-30T09:30:21.459] [INFO] ma-core - get All Task By filter success testing testing testing
[2021-11-30T09:30:21.529] [INFO] ma-core - get All Task By ID success testing testing testing
[2021-11-30T09:30:21.548] [INFO] ma-core - get All Task success testing testing testing
[2021-11-30T09:30:21.556] [INFO] ma-core - add Task success testing testing testing
[2021-11-30T09:30:21.558] [INFO] ma-core - add Task success NaN post 1234
[2021-11-30T09:30:21.560] [ERROR] ma-core - add Task :missing property testing testing testing
[2021-11-30T09:30:21.564] [ERROR] ma-core - add Task :missing property NaN post 1234
[2021-11-30T09:30:21.571] [INFO] ma-core - add Many Task success testing testing testing
[2021-11-30T09:30:21.573] [INFO] ma-core - add Many Task success NaN post 1234
[2021-11-30T09:30:21.575] [ERROR] ma-core - add Many Task :missing property testing testing testing
[2021-11-30T09:30:21.577] [ERROR] ma-core - add Many Task :missing property NaN post 1234
[2021-11-30T09:30:21.603] [INFO] ma-core - Update Task Assignee success testing testing testing
[2021-11-30T09:30:21.605] [INFO] ma-core - Update Task Assignee Incomplete testing testing testing
[2021-11-30T09:30:21.607] [ERROR] ma-core - Update Task Assignee :task not found testing testing testing
[2021-11-30T09:30:21.618] [INFO] ma-core - Canceled the Task testing testing testing
[2021-11-30T09:30:21.620] [INFO] ma-core - Canceled the Task NaN post 1234
[2021-11-30T09:30:21.624] [ERROR] ma-core - Failed to Cancel the Task :failed to update the task testing testing testing
[2021-11-30T09:30:21.626] [ERROR] ma-core - Failed to Cancel the Task :failed to update the task NaN post 1234
[2021-11-30T09:30:21.627] [INFO] ma-core - Deleted the Task testing testing testing
[2021-11-30T09:30:21.630] [INFO] ma-core - Deleted the Task NaN post 1234
[2021-11-30T09:30:21.634] [ERROR] ma-core - Failed to delete the Task :failed to update the task testing testing testing
[2021-11-30T09:30:21.636] [ERROR] ma-core - Failed to delete the Task :failed to update the task NaN post 1234
[2021-11-30T09:30:21.638] [INFO] ma-core - Finished the Task testing testing testing
[2021-11-30T09:30:21.640] [INFO] ma-core - Finished the Task NaN post 1234
[2021-11-30T09:30:21.645] [ERROR] ma-core - Failed to finish the Task :failed to update the task testing testing testing
[2021-11-30T09:30:21.646] [ERROR] ma-core - Failed to finish the Task :failed to update the task NaN post 1234
[2021-11-30T09:30:21.648] [INFO] ma-core - Rejected the Task testing testing testing
[2021-11-30T09:30:21.650] [INFO] ma-core - Rejected the Task NaN post 1234
[2021-11-30T09:30:21.654] [ERROR] ma-core - Failed to reject the Task :failed to update the task testing testing testing
[2021-11-30T09:30:21.655] [ERROR] ma-core - Failed to reject the Task :failed to update the task NaN post 1234
[2021-11-30T09:30:21.657] [INFO] ma-core - Started the Task testing testing testing
[2021-11-30T09:30:21.663] [INFO] ma-core - Started the Task NaN post 1234
[2021-11-30T09:30:21.669] [ERROR] ma-core - Failed to start the Task :failed to update the task testing testing testing
[2021-11-30T09:30:21.672] [ERROR] ma-core - Failed to start the Task :failed to update the task NaN post 1234
[2021-11-30T09:30:21.674] [INFO] ma-core - Validated the Task testing testing testing
[2021-11-30T09:30:21.676] [INFO] ma-core - Validated the Task NaN post 1234
[2021-11-30T09:30:21.682] [ERROR] ma-core - Failed to validate the Task :failed to update the task testing testing testing
[2021-11-30T09:30:21.683] [ERROR] ma-core - Failed to validate the Task :failed to update the task NaN post 1234
[2021-11-30T09:30:43.315] [INFO] ma-core - database URI mongodb://localhost:27017/core
[2021-11-30T09:30:43.720] [INFO] ma-core - server started at port 5000
[2021-11-30T09:30:43.721] [TRACE] ma-core - A user connected, Total users connected is: 
[2021-11-30T09:30:43.738] [INFO] ma-core - mongodb conected
[2021-11-30T09:33:43.776] [INFO] ma-core - database URI mongodb://localhost:27017/core
[2021-11-30T09:33:44.191] [INFO] ma-core - server started at port 5000
[2021-11-30T09:33:44.191] [TRACE] ma-core - A user connected, Total users connected is: 
[2021-11-30T09:33:44.208] [INFO] ma-core - mongodb conected
[2021-11-30T09:35:09.981] [INFO] ma-core - database URI mongodb://localhost:27017/core
[2021-11-30T09:35:10.413] [INFO] ma-core - server started at port 5000
[2021-11-30T09:35:10.414] [TRACE] ma-core - A user connected, Total users connected is: 
[2021-11-30T09:35:10.432] [INFO] ma-core - mongodb conected
[2021-11-30T09:36:41.098] [INFO] ma-core - database URI mongodb://localhost:27017/core
[2021-11-30T09:36:41.529] [INFO] ma-core - server started at port 5000
[2021-11-30T09:36:41.530] [TRACE] ma-core - A user connected, Total users connected is: 
[2021-11-30T09:36:41.548] [INFO] ma-core - mongodb conected
[2021-11-30T09:36:46.098] [INFO] ma-core - database URI mongodb://localhost:27017/core
[2021-11-30T09:36:46.520] [INFO] ma-core - server started at port 5000
[2021-11-30T09:36:46.520] [TRACE] ma-core - A user connected, Total users connected is: 
[2021-11-30T09:36:46.538] [INFO] ma-core - mongodb conected
[2021-11-30T09:36:47.865] [INFO] ma-core - database URI mongodb://localhost:27017/core
[2021-11-30T09:36:48.292] [INFO] ma-core - server started at port 5000
[2021-11-30T09:36:48.293] [TRACE] ma-core - A user connected, Total users connected is: 
[2021-11-30T09:36:48.314] [INFO] ma-core - mongodb conected
[2021-11-30T09:37:19.389] [INFO] ma-core - database URI mongodb://localhost:27017/core
[2021-11-30T09:37:19.828] [INFO] ma-core - server started at port 5000
[2021-11-30T09:37:19.828] [TRACE] ma-core - A user connected, Total users connected is: 
[2021-11-30T09:37:19.848] [INFO] ma-core - mongodb conected
[2021-11-30T09:37:22.453] [INFO] ma-core - database URI mongodb://localhost:27017/core
[2021-11-30T09:37:22.898] [INFO] ma-core - server started at port 5000
[2021-11-30T09:37:22.899] [TRACE] ma-core - A user connected, Total users connected is: 
[2021-11-30T09:37:22.922] [INFO] ma-core - mongodb conected
[2021-11-30T09:37:23.593] [INFO] ma-core - database URI mongodb://localhost:27017/core
[2021-11-30T09:37:24.056] [INFO] ma-core - server started at port 5000
[2021-11-30T09:37:24.056] [TRACE] ma-core - A user connected, Total users connected is: 
[2021-11-30T09:37:24.081] [INFO] ma-core - mongodb conected
[2021-11-30T09:37:36.267] [INFO] ma-core - database URI mongodb://localhost:27017/core
[2021-11-30T09:37:36.685] [INFO] ma-core - server started at port 5000
[2021-11-30T09:37:36.685] [TRACE] ma-core - A user connected, Total users connected is: 
[2021-11-30T09:37:36.702] [INFO] ma-core - mongodb conected
[2021-11-30T09:37:46.687] [INFO] ma-core - database URI mongodb://localhost:27017/core
[2021-11-30T09:37:47.119] [INFO] ma-core - server started at port 5000
[2021-11-30T09:37:47.119] [TRACE] ma-core - A user connected, Total users connected is: 
[2021-11-30T09:37:47.138] [INFO] ma-core - mongodb conected
[2021-11-30T09:38:55.250] [INFO] ma-core - add Many Task success /api/task/addMany POST ::1
[2021-11-30T09:47:02.944] [INFO] ma-core - database URI mongodb://localhost:27017/core
[2021-11-30T09:47:03.368] [INFO] ma-core - server started at port 5000
[2021-11-30T09:47:03.369] [TRACE] ma-core - A user connected, Total users connected is: 
[2021-11-30T09:47:03.388] [INFO] ma-core - mongodb conected
[2021-11-30T09:47:07.079] [INFO] ma-core - database URI mongodb://localhost:27017/core
[2021-11-30T09:47:07.495] [INFO] ma-core - server started at port 5000
[2021-11-30T09:47:07.496] [TRACE] ma-core - A user connected, Total users connected is: 
[2021-11-30T09:47:07.513] [INFO] ma-core - mongodb conected
[2021-11-30T09:47:08.310] [INFO] ma-core - database URI mongodb://localhost:27017/core
[2021-11-30T09:47:08.724] [INFO] ma-core - server started at port 5000
[2021-11-30T09:47:08.724] [TRACE] ma-core - A user connected, Total users connected is: 
[2021-11-30T09:47:08.743] [INFO] ma-core - mongodb conected
[2021-11-30T09:47:10.139] [INFO] ma-core - database URI mongodb://localhost:27017/core
[2021-11-30T09:47:10.557] [INFO] ma-core - server started at port 5000
[2021-11-30T09:47:10.557] [TRACE] ma-core - A user connected, Total users connected is: 
[2021-11-30T09:47:10.574] [INFO] ma-core - mongodb conected
[2021-11-30T09:47:12.941] [INFO] ma-core - database URI mongodb://localhost:27017/core
[2021-11-30T09:47:13.528] [INFO] ma-core - server started at port 5000
[2021-11-30T09:47:13.529] [TRACE] ma-core - A user connected, Total users connected is: 
[2021-11-30T09:47:13.556] [INFO] ma-core - mongodb conected
[2021-11-30T09:47:15.713] [INFO] ma-core - database URI mongodb://localhost:27017/core
[2021-11-30T09:47:16.125] [INFO] ma-core - server started at port 5000
[2021-11-30T09:47:16.125] [TRACE] ma-core - A user connected, Total users connected is: 
[2021-11-30T09:47:16.143] [INFO] ma-core - mongodb conected
[2021-11-30T09:47:17.041] [INFO] ma-core - database URI mongodb://localhost:27017/core
[2021-11-30T09:47:17.466] [INFO] ma-core - server started at port 5000
[2021-11-30T09:47:17.466] [TRACE] ma-core - A user connected, Total users connected is: 
[2021-11-30T09:47:17.484] [INFO] ma-core - mongodb conected
[2021-11-30T09:47:20.070] [INFO] ma-core - database URI mongodb://localhost:27017/core
[2021-11-30T09:47:20.491] [INFO] ma-core - server started at port 5000
[2021-11-30T09:47:20.491] [TRACE] ma-core - A user connected, Total users connected is: 
[2021-11-30T09:47:20.511] [INFO] ma-core - mongodb conected
[2021-11-30T09:47:21.779] [INFO] ma-core - database URI mongodb://localhost:27017/core
[2021-11-30T09:47:22.210] [INFO] ma-core - server started at port 5000
[2021-11-30T09:47:22.211] [TRACE] ma-core - A user connected, Total users connected is: 
[2021-11-30T09:47:22.230] [INFO] ma-core - mongodb conected
[2021-11-30T09:47:23.247] [INFO] ma-core - database URI mongodb://localhost:27017/core
[2021-11-30T09:47:23.658] [INFO] ma-core - server started at port 5000
[2021-11-30T09:47:23.658] [TRACE] ma-core - A user connected, Total users connected is: 
[2021-11-30T09:47:23.676] [INFO] ma-core - mongodb conected
[2021-11-30T09:47:25.115] [INFO] ma-core - database URI mongodb://localhost:27017/core
[2021-11-30T09:47:25.529] [INFO] ma-core - server started at port 5000
[2021-11-30T09:47:25.529] [TRACE] ma-core - A user connected, Total users connected is: 
[2021-11-30T09:47:25.546] [INFO] ma-core - mongodb conected
[2021-11-30T09:47:28.236] [INFO] ma-core - database URI mongodb://localhost:27017/core
[2021-11-30T09:47:28.649] [INFO] ma-core - server started at port 5000
[2021-11-30T09:47:28.649] [TRACE] ma-core - A user connected, Total users connected is: 
[2021-11-30T09:47:28.667] [INFO] ma-core - mongodb conected
[2021-11-30T09:47:30.819] [INFO] ma-core - database URI mongodb://localhost:27017/core
[2021-11-30T09:47:31.262] [INFO] ma-core - server started at port 5000
[2021-11-30T09:47:31.262] [TRACE] ma-core - A user connected, Total users connected is: 
[2021-11-30T09:47:31.282] [INFO] ma-core - mongodb conected
[2021-11-30T09:47:31.999] [INFO] ma-core - database URI mongodb://localhost:27017/core
[2021-11-30T09:47:32.440] [INFO] ma-core - server started at port 5000
[2021-11-30T09:47:32.441] [TRACE] ma-core - A user connected, Total users connected is: 
[2021-11-30T09:47:32.458] [INFO] ma-core - mongodb conected
[2021-11-30T09:47:45.541] [INFO] ma-core - database URI mongodb://localhost:27017/core
[2021-11-30T09:47:45.965] [INFO] ma-core - server started at port 5000
[2021-11-30T09:47:45.965] [TRACE] ma-core - A user connected, Total users connected is: 
[2021-11-30T09:47:45.983] [INFO] ma-core - mongodb conected
[2021-11-30T09:51:01.281] [INFO] ma-core - database URI mongodb://localhost:27017/core
[2021-11-30T09:51:01.725] [INFO] ma-core - server started at port 5000
[2021-11-30T09:51:01.725] [TRACE] ma-core - A user connected, Total users connected is: 
[2021-11-30T09:51:01.743] [INFO] ma-core - mongodb conected
[2021-11-30T09:51:39.506] [INFO] ma-core - database URI mongodb://localhost:27017/core
[2021-11-30T09:51:39.930] [INFO] ma-core - server started at port 5000
[2021-11-30T09:51:39.930] [TRACE] ma-core - A user connected, Total users connected is: 
[2021-11-30T09:51:39.948] [INFO] ma-core - mongodb conected
[2021-11-30T09:52:07.941] [INFO] ma-core - database URI mongodb://localhost:27017/core
[2021-11-30T09:52:08.369] [INFO] ma-core - server started at port 5000
[2021-11-30T09:52:08.369] [TRACE] ma-core - A user connected, Total users connected is: 
[2021-11-30T09:52:08.390] [INFO] ma-core - mongodb conected
[2021-11-30T09:52:09.758] [INFO] ma-core - database URI mongodb://localhost:27017/core
[2021-11-30T09:52:10.166] [INFO] ma-core - server started at port 5000
[2021-11-30T09:52:10.167] [TRACE] ma-core - A user connected, Total users connected is: 
[2021-11-30T09:52:10.184] [INFO] ma-core - mongodb conected
[2021-11-30T09:52:10.783] [INFO] ma-core - database URI mongodb://localhost:27017/core
[2021-11-30T09:52:11.192] [INFO] ma-core - server started at port 5000
[2021-11-30T09:52:11.192] [TRACE] ma-core - A user connected, Total users connected is: 
[2021-11-30T09:52:11.210] [INFO] ma-core - mongodb conected
[2021-11-30T09:52:18.703] [INFO] ma-core - database URI mongodb://localhost:27017/core
[2021-11-30T09:52:19.127] [INFO] ma-core - server started at port 5000
[2021-11-30T09:52:19.128] [TRACE] ma-core - A user connected, Total users connected is: 
[2021-11-30T09:52:19.146] [INFO] ma-core - mongodb conected
[2021-11-30T09:52:27.582] [INFO] ma-core - database URI mongodb://localhost:27017/core
[2021-11-30T09:52:28.019] [INFO] ma-core - server started at port 5000
[2021-11-30T09:52:28.019] [TRACE] ma-core - A user connected, Total users connected is: 
[2021-11-30T09:52:28.037] [INFO] ma-core - mongodb conected
[2021-11-30T09:52:28.907] [INFO] ma-core - database URI mongodb://localhost:27017/core
[2021-11-30T09:52:29.370] [INFO] ma-core - server started at port 5000
[2021-11-30T09:52:29.370] [TRACE] ma-core - A user connected, Total users connected is: 
[2021-11-30T09:52:29.388] [INFO] ma-core - mongodb conected
[2021-11-30T09:54:02.614] [INFO] ma-core - database URI mongodb://localhost:27017/core
[2021-11-30T09:54:03.041] [INFO] ma-core - server started at port 5000
[2021-11-30T09:54:03.042] [TRACE] ma-core - A user connected, Total users connected is: 
[2021-11-30T09:54:03.059] [INFO] ma-core - mongodb conected
[2021-11-30T09:54:05.631] [INFO] ma-core - add Many Task success /api/task/addMany POST ::1
[2021-11-30T09:54:37.349] [INFO] ma-core - database URI mongodb://localhost:27017/core
[2021-11-30T09:54:37.763] [INFO] ma-core - server started at port 5000
[2021-11-30T09:54:37.764] [TRACE] ma-core - A user connected, Total users connected is: 
[2021-11-30T09:54:37.782] [INFO] ma-core - mongodb conected
[2021-11-30T09:54:51.203] [INFO] ma-core - database URI mongodb://localhost:27017/core
[2021-11-30T09:54:51.615] [INFO] ma-core - server started at port 5000
[2021-11-30T09:54:51.616] [TRACE] ma-core - A user connected, Total users connected is: 
[2021-11-30T09:54:51.634] [INFO] ma-core - mongodb conected
[2021-11-30T09:55:05.573] [INFO] ma-core - database URI mongodb://localhost:27017/core
[2021-11-30T09:55:05.992] [INFO] ma-core - server started at port 5000
[2021-11-30T09:55:05.992] [TRACE] ma-core - A user connected, Total users connected is: 
[2021-11-30T09:55:06.012] [INFO] ma-core - mongodb conected
[2021-11-30T09:55:24.858] [INFO] ma-core - database URI mongodb://localhost:27017/core
[2021-11-30T09:55:25.290] [INFO] ma-core - server started at port 5000
[2021-11-30T09:55:25.290] [TRACE] ma-core - A user connected, Total users connected is: 
[2021-11-30T09:55:25.309] [INFO] ma-core - mongodb conected
[2021-11-30T09:55:26.184] [INFO] ma-core - database URI mongodb://localhost:27017/core
[2021-11-30T09:55:26.613] [INFO] ma-core - server started at port 5000
[2021-11-30T09:55:26.613] [TRACE] ma-core - A user connected, Total users connected is: 
[2021-11-30T09:55:26.631] [INFO] ma-core - mongodb conected
[2021-11-30T09:55:54.596] [INFO] ma-core - database URI mongodb://localhost:27017/core
[2021-11-30T09:55:55.044] [INFO] ma-core - server started at port 5000
[2021-11-30T09:55:55.044] [TRACE] ma-core - A user connected, Total users connected is: 
[2021-11-30T09:55:55.063] [INFO] ma-core - mongodb conected
[2021-11-30T09:56:46.348] [INFO] ma-core - database URI mongodb://localhost:27017/core
[2021-11-30T09:56:46.809] [INFO] ma-core - server started at port 5000
[2021-11-30T09:56:46.809] [TRACE] ma-core - A user connected, Total users connected is: 
[2021-11-30T09:56:46.827] [INFO] ma-core - mongodb conected
[2021-11-30T09:56:47.998] [INFO] ma-core - database URI mongodb://localhost:27017/core
[2021-11-30T09:56:48.561] [INFO] ma-core - server started at port 5000
[2021-11-30T09:56:48.561] [TRACE] ma-core - A user connected, Total users connected is: 
[2021-11-30T09:56:48.594] [INFO] ma-core - mongodb conected
[2021-11-30T09:56:49.769] [INFO] ma-core - database URI mongodb://localhost:27017/core
[2021-11-30T09:56:50.187] [INFO] ma-core - server started at port 5000
[2021-11-30T09:56:50.187] [TRACE] ma-core - A user connected, Total users connected is: 
[2021-11-30T09:56:50.205] [INFO] ma-core - mongodb conected
[2021-11-30T09:56:50.833] [INFO] ma-core - database URI mongodb://localhost:27017/core
[2021-11-30T09:56:51.257] [INFO] ma-core - server started at port 5000
[2021-11-30T09:56:51.257] [TRACE] ma-core - A user connected, Total users connected is: 
[2021-11-30T09:56:51.279] [INFO] ma-core - mongodb conected
[2021-11-30T09:56:53.084] [INFO] ma-core - database URI mongodb://localhost:27017/core
[2021-11-30T09:56:53.528] [INFO] ma-core - server started at port 5000
[2021-11-30T09:56:53.529] [TRACE] ma-core - A user connected, Total users connected is: 
[2021-11-30T09:56:53.547] [INFO] ma-core - mongodb conected
[2021-11-30T09:56:54.088] [INFO] ma-core - database URI mongodb://localhost:27017/core
[2021-11-30T09:56:54.507] [INFO] ma-core - server started at port 5000
[2021-11-30T09:56:54.507] [TRACE] ma-core - A user connected, Total users connected is: 
[2021-11-30T09:56:54.526] [INFO] ma-core - mongodb conected
[2021-11-30T09:57:49.747] [INFO] ma-core - database URI mongodb://localhost:27017/core
[2021-11-30T09:57:50.333] [INFO] ma-core - server started at port 5000
[2021-11-30T09:57:50.333] [TRACE] ma-core - A user connected, Total users connected is: 
[2021-11-30T09:57:50.350] [INFO] ma-core - mongodb conected
[2021-11-30T09:57:51.207] [INFO] ma-core - database URI mongodb://localhost:27017/core
[2021-11-30T09:57:51.639] [INFO] ma-core - server started at port 5000
[2021-11-30T09:57:51.639] [TRACE] ma-core - A user connected, Total users connected is: 
[2021-11-30T09:57:51.657] [INFO] ma-core - mongodb conected
[2021-11-30T09:57:52.436] [INFO] ma-core - database URI mongodb://localhost:27017/core
[2021-11-30T09:57:52.913] [INFO] ma-core - server started at port 5000
[2021-11-30T09:57:52.914] [TRACE] ma-core - A user connected, Total users connected is: 
[2021-11-30T09:57:52.933] [INFO] ma-core - mongodb conected
[2021-11-30T09:58:18.452] [INFO] ma-core - database URI mongodb://localhost:27017/core
[2021-11-30T09:58:18.865] [INFO] ma-core - server started at port 5000
[2021-11-30T09:58:18.865] [TRACE] ma-core - A user connected, Total users connected is: 
[2021-11-30T09:58:18.883] [INFO] ma-core - mongodb conected
[2021-11-30T09:58:20.087] [INFO] ma-core - database URI mongodb://localhost:27017/core
[2021-11-30T09:58:20.497] [INFO] ma-core - server started at port 5000
[2021-11-30T09:58:20.497] [TRACE] ma-core - A user connected, Total users connected is: 
[2021-11-30T09:58:20.514] [INFO] ma-core - mongodb conected
[2021-11-30T10:02:16.618] [INFO] ma-core - database URI mongodb://localhost:27017/core
[2021-11-30T10:02:17.038] [INFO] ma-core - server started at port 5000
[2021-11-30T10:02:17.039] [TRACE] ma-core - A user connected, Total users connected is: 
[2021-11-30T10:02:17.058] [INFO] ma-core - mongodb conected
[2021-11-30T10:02:20.643] [INFO] ma-core - database URI mongodb://localhost:27017/core
[2021-11-30T10:02:21.077] [INFO] ma-core - server started at port 5000
[2021-11-30T10:02:21.078] [TRACE] ma-core - A user connected, Total users connected is: 
[2021-11-30T10:02:21.096] [INFO] ma-core - mongodb conected
[2021-11-30T10:02:22.399] [INFO] ma-core - database URI mongodb://localhost:27017/core
[2021-11-30T10:02:22.891] [INFO] ma-core - server started at port 5000
[2021-11-30T10:02:22.891] [TRACE] ma-core - A user connected, Total users connected is: 
[2021-11-30T10:02:22.911] [INFO] ma-core - mongodb conected
[2021-11-30T10:02:24.116] [INFO] ma-core - database URI mongodb://localhost:27017/core
[2021-11-30T10:02:24.520] [INFO] ma-core - server started at port 5000
[2021-11-30T10:02:24.520] [TRACE] ma-core - A user connected, Total users connected is: 
[2021-11-30T10:02:24.537] [INFO] ma-core - mongodb conected
[2021-11-30T10:02:27.288] [INFO] ma-core - database URI mongodb://localhost:27017/core
[2021-11-30T10:02:27.702] [INFO] ma-core - server started at port 5000
[2021-11-30T10:02:27.703] [TRACE] ma-core - A user connected, Total users connected is: 
[2021-11-30T10:02:27.721] [INFO] ma-core - mongodb conected
[2021-11-30T10:02:29.971] [INFO] ma-core - database URI mongodb://localhost:27017/core
[2021-11-30T10:02:30.415] [INFO] ma-core - server started at port 5000
[2021-11-30T10:02:30.416] [TRACE] ma-core - A user connected, Total users connected is: 
[2021-11-30T10:02:30.436] [INFO] ma-core - mongodb conected
[2021-11-30T10:03:40.125] [INFO] ma-core - database URI mongodb://localhost:27017/core
[2021-11-30T10:03:40.582] [INFO] ma-core - server started at port 5000
[2021-11-30T10:03:40.582] [TRACE] ma-core - A user connected, Total users connected is: 
[2021-11-30T10:03:40.602] [INFO] ma-core - mongodb conected
[2021-11-30T10:03:42.428] [INFO] ma-core - database URI mongodb://localhost:27017/core
[2021-11-30T10:03:42.846] [INFO] ma-core - server started at port 5000
[2021-11-30T10:03:42.846] [TRACE] ma-core - A user connected, Total users connected is: 
[2021-11-30T10:03:42.865] [INFO] ma-core - mongodb conected
[2021-11-30T10:03:44.752] [INFO] ma-core - database URI mongodb://localhost:27017/core
[2021-11-30T10:03:45.183] [INFO] ma-core - server started at port 5000
[2021-11-30T10:03:45.183] [TRACE] ma-core - A user connected, Total users connected is: 
[2021-11-30T10:03:45.201] [INFO] ma-core - mongodb conected
[2021-11-30T10:03:47.407] [INFO] ma-core - database URI mongodb://localhost:27017/core
[2021-11-30T10:03:47.823] [INFO] ma-core - server started at port 5000
[2021-11-30T10:03:47.824] [TRACE] ma-core - A user connected, Total users connected is: 
[2021-11-30T10:03:47.841] [INFO] ma-core - mongodb conected
[2021-11-30T10:03:52.232] [INFO] ma-core - database URI mongodb://localhost:27017/core
[2021-11-30T10:03:52.650] [INFO] ma-core - server started at port 5000
[2021-11-30T10:03:52.650] [TRACE] ma-core - A user connected, Total users connected is: 
[2021-11-30T10:03:52.667] [INFO] ma-core - mongodb conected
[2021-11-30T10:03:57.178] [INFO] ma-core - database URI mongodb://localhost:27017/core
[2021-11-30T10:03:57.610] [INFO] ma-core - server started at port 5000
[2021-11-30T10:03:57.611] [TRACE] ma-core - A user connected, Total users connected is: 
[2021-11-30T10:03:57.628] [INFO] ma-core - mongodb conected
[2021-11-30T10:08:46.912] [INFO] ma-core - database URI mongodb://localhost:27017/core
[2021-11-30T10:08:47.330] [INFO] ma-core - server started at port 5000
[2021-11-30T10:08:47.331] [TRACE] ma-core - A user connected, Total users connected is: 
[2021-11-30T10:08:47.349] [INFO] ma-core - mongodb conected
[2021-11-30T10:08:48.914] [INFO] ma-core - database URI mongodb://localhost:27017/core
[2021-11-30T10:08:49.356] [INFO] ma-core - server started at port 5000
[2021-11-30T10:08:49.356] [TRACE] ma-core - A user connected, Total users connected is: 
[2021-11-30T10:08:49.381] [INFO] ma-core - mongodb conected
[2021-11-30T10:08:53.592] [INFO] ma-core - database URI mongodb://localhost:27017/core
[2021-11-30T10:08:54.014] [INFO] ma-core - server started at port 5000
[2021-11-30T10:08:54.014] [TRACE] ma-core - A user connected, Total users connected is: 
[2021-11-30T10:08:54.031] [INFO] ma-core - mongodb conected
[2021-11-30T10:10:23.943] [INFO] ma-core - database URI mongodb://localhost:27017/core
[2021-11-30T10:10:24.441] [INFO] ma-core - server started at port 5000
[2021-11-30T10:10:24.442] [TRACE] ma-core - A user connected, Total users connected is: 
[2021-11-30T10:10:24.472] [INFO] ma-core - mongodb conected
[2021-11-30T10:10:26.986] [INFO] ma-core - database URI mongodb://localhost:27017/core
[2021-11-30T10:10:27.415] [INFO] ma-core - server started at port 5000
[2021-11-30T10:10:27.415] [TRACE] ma-core - A user connected, Total users connected is: 
[2021-11-30T10:10:27.432] [INFO] ma-core - mongodb conected
[2021-11-30T10:10:35.769] [INFO] ma-core - database URI mongodb://localhost:27017/core
[2021-11-30T10:10:36.368] [INFO] ma-core - server started at port 5000
[2021-11-30T10:10:36.369] [TRACE] ma-core - A user connected, Total users connected is: 
[2021-11-30T10:10:36.407] [INFO] ma-core - mongodb conected
[2021-11-30T10:10:38.002] [INFO] ma-core - database URI mongodb://localhost:27017/core
[2021-11-30T10:10:38.421] [INFO] ma-core - server started at port 5000
[2021-11-30T10:10:38.421] [TRACE] ma-core - A user connected, Total users connected is: 
[2021-11-30T10:10:38.438] [INFO] ma-core - mongodb conected
[2021-11-30T10:10:43.251] [INFO] ma-core - database URI mongodb://localhost:27017/core
[2021-11-30T10:10:43.657] [INFO] ma-core - server started at port 5000
[2021-11-30T10:10:43.658] [TRACE] ma-core - A user connected, Total users connected is: 
[2021-11-30T10:10:43.675] [INFO] ma-core - mongodb conected
[2021-11-30T10:10:45.464] [INFO] ma-core - database URI mongodb://localhost:27017/core
[2021-11-30T10:10:45.884] [INFO] ma-core - server started at port 5000
[2021-11-30T10:10:45.884] [TRACE] ma-core - A user connected, Total users connected is: 
[2021-11-30T10:10:45.903] [INFO] ma-core - mongodb conected
[2021-11-30T10:10:55.499] [INFO] ma-core - add Many Task success /api/task/addMany POST ::1
[2021-11-30T10:11:16.817] [INFO] ma-core - database URI mongodb://localhost:27017/core
[2021-11-30T10:11:17.247] [INFO] ma-core - server started at port 5000
[2021-11-30T10:11:17.247] [TRACE] ma-core - A user connected, Total users connected is: 
[2021-11-30T10:11:17.265] [INFO] ma-core - mongodb conected
[2021-11-30T10:11:17.762] [INFO] ma-core - database URI mongodb://localhost:27017/core
[2021-11-30T10:11:18.169] [INFO] ma-core - server started at port 5000
[2021-11-30T10:11:18.169] [TRACE] ma-core - A user connected, Total users connected is: 
[2021-11-30T10:11:18.187] [INFO] ma-core - mongodb conected
[2021-11-30T10:11:22.248] [INFO] ma-core - add Many Task success /api/task/addMany POST ::1
[2021-11-30T10:11:31.781] [INFO] ma-core - database URI mongodb://localhost:27017/core
[2021-11-30T10:11:32.191] [INFO] ma-core - server started at port 5000
[2021-11-30T10:11:32.191] [TRACE] ma-core - A user connected, Total users connected is: 
[2021-11-30T10:11:32.210] [INFO] ma-core - mongodb conected
[2021-11-30T10:11:41.884] [INFO] ma-core - database URI mongodb://localhost:27017/core
[2021-11-30T10:11:42.310] [INFO] ma-core - server started at port 5000
[2021-11-30T10:11:42.310] [TRACE] ma-core - A user connected, Total users connected is: 
[2021-11-30T10:11:42.332] [INFO] ma-core - mongodb conected
[2021-11-30T10:11:45.654] [INFO] ma-core - database URI mongodb://localhost:27017/core
[2021-11-30T10:11:46.061] [INFO] ma-core - server started at port 5000
[2021-11-30T10:11:46.062] [TRACE] ma-core - A user connected, Total users connected is: 
[2021-11-30T10:11:46.079] [INFO] ma-core - mongodb conected
[2021-11-30T10:11:53.793] [INFO] ma-core - database URI mongodb://localhost:27017/core
[2021-11-30T10:11:54.213] [INFO] ma-core - server started at port 5000
[2021-11-30T10:11:54.213] [TRACE] ma-core - A user connected, Total users connected is: 
[2021-11-30T10:11:54.231] [INFO] ma-core - mongodb conected
[2021-11-30T10:11:58.193] [INFO] ma-core - database URI mongodb://localhost:27017/core
[2021-11-30T10:11:58.612] [INFO] ma-core - server started at port 5000
[2021-11-30T10:11:58.612] [TRACE] ma-core - A user connected, Total users connected is: 
[2021-11-30T10:11:58.630] [INFO] ma-core - mongodb conected
[2021-11-30T10:12:12.019] [INFO] ma-core - add Many Task success /api/task/addMany POST ::1
[2021-11-30T10:12:30.497] [INFO] ma-core - database URI mongodb://localhost:27017/core
[2021-11-30T10:12:30.910] [INFO] ma-core - server started at port 5000
[2021-11-30T10:12:30.910] [TRACE] ma-core - A user connected, Total users connected is: 
[2021-11-30T10:12:30.927] [INFO] ma-core - mongodb conected
[2021-11-30T10:12:35.514] [INFO] ma-core - database URI mongodb://localhost:27017/core
[2021-11-30T10:12:35.933] [INFO] ma-core - server started at port 5000
[2021-11-30T10:12:35.933] [TRACE] ma-core - A user connected, Total users connected is: 
[2021-11-30T10:12:35.951] [INFO] ma-core - mongodb conected
[2021-11-30T10:12:50.206] [INFO] ma-core - add Many Task success /api/task/addMany POST ::1
[2021-11-30T10:13:06.433] [INFO] ma-core - database URI mongodb://localhost:27017/core
[2021-11-30T10:13:06.860] [INFO] ma-core - server started at port 5000
[2021-11-30T10:13:06.861] [TRACE] ma-core - A user connected, Total users connected is: 
[2021-11-30T10:13:06.879] [INFO] ma-core - mongodb conected
[2021-11-30T10:13:13.533] [INFO] ma-core - database URI mongodb://localhost:27017/core
[2021-11-30T10:13:13.959] [INFO] ma-core - server started at port 5000
[2021-11-30T10:13:13.960] [TRACE] ma-core - A user connected, Total users connected is: 
[2021-11-30T10:13:13.979] [INFO] ma-core - mongodb conected
[2021-11-30T10:13:16.790] [INFO] ma-core - database URI mongodb://localhost:27017/core
[2021-11-30T10:13:17.225] [INFO] ma-core - server started at port 5000
[2021-11-30T10:13:17.225] [TRACE] ma-core - A user connected, Total users connected is: 
[2021-11-30T10:13:17.243] [INFO] ma-core - mongodb conected
[2021-11-30T10:13:18.863] [INFO] ma-core - database URI mongodb://localhost:27017/core
[2021-11-30T10:13:19.278] [INFO] ma-core - server started at port 5000
[2021-11-30T10:13:19.278] [TRACE] ma-core - A user connected, Total users connected is: 
[2021-11-30T10:13:19.295] [INFO] ma-core - mongodb conected
[2021-11-30T10:13:20.115] [INFO] ma-core - database URI mongodb://localhost:27017/core
[2021-11-30T10:13:20.540] [INFO] ma-core - server started at port 5000
[2021-11-30T10:13:20.540] [TRACE] ma-core - A user connected, Total users connected is: 
[2021-11-30T10:13:20.558] [INFO] ma-core - mongodb conected
[2021-11-30T10:13:27.587] [INFO] ma-core - add Many Task success /api/task/addMany POST ::1
[2021-11-30T10:17:22.097] [INFO] ma-core - database URI mongodb://localhost:27017/core
[2021-11-30T10:17:22.511] [INFO] ma-core - server started at port 5000
[2021-11-30T10:17:22.511] [TRACE] ma-core - A user connected, Total users connected is: 
[2021-11-30T10:17:22.529] [INFO] ma-core - mongodb conected
[2021-11-30T10:18:07.867] [INFO] ma-core - database URI mongodb://localhost:27017/core
[2021-11-30T10:18:08.294] [INFO] ma-core - server started at port 5000
[2021-11-30T10:18:08.294] [TRACE] ma-core - A user connected, Total users connected is: 
[2021-11-30T10:18:08.313] [INFO] ma-core - mongodb conected
[2021-11-30T10:18:09.451] [INFO] ma-core - database URI mongodb://localhost:27017/core
[2021-11-30T10:18:09.884] [INFO] ma-core - server started at port 5000
[2021-11-30T10:18:09.884] [TRACE] ma-core - A user connected, Total users connected is: 
[2021-11-30T10:18:09.901] [INFO] ma-core - mongodb conected
[2021-11-30T10:18:59.713] [INFO] ma-core - database URI mongodb://localhost:27017/core
[2021-11-30T10:19:00.126] [INFO] ma-core - server started at port 5000
[2021-11-30T10:19:00.127] [TRACE] ma-core - A user connected, Total users connected is: 
[2021-11-30T10:19:00.144] [INFO] ma-core - mongodb conected
[2021-11-30T10:19:00.820] [INFO] ma-core - database URI mongodb://localhost:27017/core
[2021-11-30T10:19:01.462] [INFO] ma-core - server started at port 5000
[2021-11-30T10:19:01.462] [TRACE] ma-core - A user connected, Total users connected is: 
[2021-11-30T10:19:01.481] [INFO] ma-core - mongodb conected
[2021-11-30T10:19:02.409] [INFO] ma-core - database URI mongodb://localhost:27017/core
[2021-11-30T10:19:02.827] [INFO] ma-core - server started at port 5000
[2021-11-30T10:19:02.828] [TRACE] ma-core - A user connected, Total users connected is: 
[2021-11-30T10:19:02.848] [INFO] ma-core - mongodb conected
[2021-11-30T10:19:03.499] [INFO] ma-core - database URI mongodb://localhost:27017/core
[2021-11-30T10:19:03.924] [INFO] ma-core - server started at port 5000
[2021-11-30T10:19:03.924] [TRACE] ma-core - A user connected, Total users connected is: 
[2021-11-30T10:19:03.942] [INFO] ma-core - mongodb conected
[2021-11-30T10:19:13.314] [INFO] ma-core - database URI mongodb://localhost:27017/core
[2021-11-30T10:19:13.727] [INFO] ma-core - server started at port 5000
[2021-11-30T10:19:13.727] [TRACE] ma-core - A user connected, Total users connected is: 
[2021-11-30T10:19:13.746] [INFO] ma-core - mongodb conected
[2021-11-30T10:19:40.595] [INFO] ma-core - database URI mongodb://localhost:27017/core
[2021-11-30T10:19:41.024] [INFO] ma-core - server started at port 5000
[2021-11-30T10:19:41.024] [TRACE] ma-core - A user connected, Total users connected is: 
[2021-11-30T10:19:41.044] [INFO] ma-core - mongodb conected
[2021-11-30T10:19:59.526] [INFO] ma-core - database URI mongodb://localhost:27017/core
[2021-11-30T10:19:59.952] [INFO] ma-core - server started at port 5000
[2021-11-30T10:19:59.953] [TRACE] ma-core - A user connected, Total users connected is: 
[2021-11-30T10:19:59.971] [INFO] ma-core - mongodb conected
[2021-11-30T10:20:12.457] [INFO] ma-core - database URI mongodb://localhost:27017/core
[2021-11-30T10:20:12.865] [INFO] ma-core - server started at port 5000
[2021-11-30T10:20:12.866] [TRACE] ma-core - A user connected, Total users connected is: 
[2021-11-30T10:20:12.883] [INFO] ma-core - mongodb conected
[2021-11-30T10:20:14.513] [INFO] ma-core - database URI mongodb://localhost:27017/core
[2021-11-30T10:20:15.114] [INFO] ma-core - server started at port 5000
[2021-11-30T10:20:15.115] [TRACE] ma-core - A user connected, Total users connected is: 
[2021-11-30T10:20:15.139] [INFO] ma-core - mongodb conected
[2021-11-30T10:20:17.049] [INFO] ma-core - database URI mongodb://localhost:27017/core
[2021-11-30T10:20:17.473] [INFO] ma-core - server started at port 5000
[2021-11-30T10:20:17.473] [TRACE] ma-core - A user connected, Total users connected is: 
[2021-11-30T10:20:17.494] [INFO] ma-core - mongodb conected
[2021-11-30T10:20:19.714] [INFO] ma-core - database URI mongodb://localhost:27017/core
[2021-11-30T10:20:20.134] [INFO] ma-core - server started at port 5000
[2021-11-30T10:20:20.134] [TRACE] ma-core - A user connected, Total users connected is: 
[2021-11-30T10:20:20.152] [INFO] ma-core - mongodb conected
[2021-11-30T10:20:20.929] [INFO] ma-core - database URI mongodb://localhost:27017/core
[2021-11-30T10:20:21.370] [INFO] ma-core - server started at port 5000
[2021-11-30T10:20:21.371] [TRACE] ma-core - A user connected, Total users connected is: 
[2021-11-30T10:20:21.391] [INFO] ma-core - mongodb conected
[2021-11-30T10:20:23.213] [INFO] ma-core - database URI mongodb://localhost:27017/core
[2021-11-30T10:20:23.630] [INFO] ma-core - server started at port 5000
[2021-11-30T10:20:23.631] [TRACE] ma-core - A user connected, Total users connected is: 
[2021-11-30T10:20:23.648] [INFO] ma-core - mongodb conected
[2021-11-30T10:20:25.332] [INFO] ma-core - database URI mongodb://localhost:27017/core
[2021-11-30T10:20:25.746] [INFO] ma-core - server started at port 5000
[2021-11-30T10:20:25.747] [TRACE] ma-core - A user connected, Total users connected is: 
[2021-11-30T10:20:25.764] [INFO] ma-core - mongodb conected
[2021-11-30T10:20:46.225] [INFO] ma-core - database URI mongodb://localhost:27017/core
[2021-11-30T10:20:46.647] [INFO] ma-core - server started at port 5000
[2021-11-30T10:20:46.647] [TRACE] ma-core - A user connected, Total users connected is: 
[2021-11-30T10:20:46.665] [INFO] ma-core - mongodb conected
[2021-11-30T10:21:13.953] [INFO] ma-core - database URI mongodb://localhost:27017/core
[2021-11-30T10:21:14.365] [INFO] ma-core - server started at port 5000
[2021-11-30T10:21:14.365] [TRACE] ma-core - A user connected, Total users connected is: 
[2021-11-30T10:21:14.382] [INFO] ma-core - mongodb conected
[2021-11-30T10:22:10.110] [INFO] ma-core - database URI mongodb://localhost:27017/core
[2021-11-30T10:22:10.555] [INFO] ma-core - server started at port 5000
[2021-11-30T10:22:10.555] [TRACE] ma-core - A user connected, Total users connected is: 
[2021-11-30T10:22:10.574] [INFO] ma-core - mongodb conected
[2021-11-30T10:23:12.717] [INFO] ma-core - database URI mongodb://localhost:27017/core
[2021-11-30T10:23:13.164] [INFO] ma-core - server started at port 5000
[2021-11-30T10:23:13.164] [TRACE] ma-core - A user connected, Total users connected is: 
[2021-11-30T10:23:13.183] [INFO] ma-core - mongodb conected
[2021-11-30T10:24:49.325] [INFO] ma-core - add Many Task success /api/task/addMany POST ::1
[2021-11-30T11:23:53.506] [INFO] ma-core - database URI mongodb://localhost:27017/core
[2021-11-30T11:23:53.908] [INFO] ma-core - server started at port 5000
[2021-11-30T11:23:53.908] [TRACE] ma-core - A user connected, Total users connected is: 
[2021-11-30T11:23:53.925] [INFO] ma-core - mongodb conected
[2021-11-30T11:24:36.422] [INFO] ma-core - database URI mongodb://localhost:27017/core
[2021-11-30T11:24:36.839] [INFO] ma-core - server started at port 5000
[2021-11-30T11:24:36.839] [TRACE] ma-core - A user connected, Total users connected is: 
[2021-11-30T11:24:36.857] [INFO] ma-core - mongodb conected
[2021-11-30T11:24:40.894] [INFO] ma-core - database URI mongodb://localhost:27017/core
[2021-11-30T11:24:41.320] [INFO] ma-core - server started at port 5000
[2021-11-30T11:24:41.321] [TRACE] ma-core - A user connected, Total users connected is: 
[2021-11-30T11:24:41.339] [INFO] ma-core - mongodb conected
[2021-11-30T11:24:42.921] [INFO] ma-core - database URI mongodb://localhost:27017/core
[2021-11-30T11:24:43.483] [INFO] ma-core - server started at port 5000
[2021-11-30T11:24:43.484] [TRACE] ma-core - A user connected, Total users connected is: 
[2021-11-30T11:24:43.501] [INFO] ma-core - mongodb conected
[2021-11-30T11:24:45.103] [INFO] ma-core - database URI mongodb://localhost:27017/core
[2021-11-30T11:24:45.521] [INFO] ma-core - server started at port 5000
[2021-11-30T11:24:45.521] [TRACE] ma-core - A user connected, Total users connected is: 
[2021-11-30T11:24:45.539] [INFO] ma-core - mongodb conected
[2021-11-30T11:24:47.715] [INFO] ma-core - database URI mongodb://localhost:27017/core
[2021-11-30T11:24:48.137] [INFO] ma-core - server started at port 5000
[2021-11-30T11:24:48.137] [TRACE] ma-core - A user connected, Total users connected is: 
[2021-11-30T11:24:48.157] [INFO] ma-core - mongodb conected
[2021-11-30T11:26:35.090] [INFO] ma-core - database URI mongodb://localhost:27017/core
[2021-11-30T11:26:35.548] [INFO] ma-core - server started at port 5000
[2021-11-30T11:26:35.549] [TRACE] ma-core - A user connected, Total users connected is: 
[2021-11-30T11:26:35.567] [INFO] ma-core - mongodb conected
[2021-11-30T11:27:43.813] [INFO] ma-core - database URI mongodb://localhost:27017/core
[2021-11-30T11:27:44.227] [INFO] ma-core - server started at port 5000
[2021-11-30T11:27:44.227] [TRACE] ma-core - A user connected, Total users connected is: 
[2021-11-30T11:27:44.245] [INFO] ma-core - mongodb conected
[2021-11-30T11:28:41.952] [INFO] ma-core - database URI mongodb://localhost:27017/core
[2021-11-30T11:28:42.398] [INFO] ma-core - server started at port 5000
[2021-11-30T11:28:42.399] [TRACE] ma-core - A user connected, Total users connected is: 
[2021-11-30T11:28:42.416] [INFO] ma-core - mongodb conected
[2021-11-30T11:28:47.607] [INFO] ma-core - database URI mongodb://localhost:27017/core
[2021-11-30T11:28:48.043] [INFO] ma-core - server started at port 5000
[2021-11-30T11:28:48.044] [TRACE] ma-core - A user connected, Total users connected is: 
[2021-11-30T11:28:48.061] [INFO] ma-core - mongodb conected
[2021-11-30T11:28:53.198] [INFO] ma-core - database URI mongodb://localhost:27017/core
[2021-11-30T11:28:53.625] [INFO] ma-core - server started at port 5000
[2021-11-30T11:28:53.625] [TRACE] ma-core - A user connected, Total users connected is: 
[2021-11-30T11:28:53.645] [INFO] ma-core - mongodb conected
[2021-11-30T11:29:35.757] [INFO] ma-core - database URI mongodb://localhost:27017/core
[2021-11-30T11:29:36.188] [INFO] ma-core - server started at port 5000
[2021-11-30T11:29:36.188] [TRACE] ma-core - A user connected, Total users connected is: 
[2021-11-30T11:29:36.206] [INFO] ma-core - mongodb conected
[2021-11-30T11:29:37.515] [INFO] ma-core - database URI mongodb://localhost:27017/core
[2021-11-30T11:29:37.953] [INFO] ma-core - server started at port 5000
[2021-11-30T11:29:37.954] [TRACE] ma-core - A user connected, Total users connected is: 
[2021-11-30T11:29:37.976] [INFO] ma-core - mongodb conected
[2021-11-30T11:29:41.868] [INFO] ma-core - database URI mongodb://localhost:27017/core
[2021-11-30T11:29:42.309] [INFO] ma-core - server started at port 5000
[2021-11-30T11:29:42.310] [TRACE] ma-core - A user connected, Total users connected is: 
[2021-11-30T11:29:42.328] [INFO] ma-core - mongodb conected
[2021-11-30T11:29:50.380] [INFO] ma-core - database URI mongodb://localhost:27017/core
[2021-11-30T11:29:50.800] [INFO] ma-core - server started at port 5000
[2021-11-30T11:29:50.800] [TRACE] ma-core - A user connected, Total users connected is: 
[2021-11-30T11:29:50.818] [INFO] ma-core - mongodb conected
[2021-11-30T11:29:53.942] [INFO] ma-core - database URI mongodb://localhost:27017/core
[2021-11-30T11:29:54.384] [INFO] ma-core - server started at port 5000
[2021-11-30T11:29:54.384] [TRACE] ma-core - A user connected, Total users connected is: 
[2021-11-30T11:29:54.403] [INFO] ma-core - mongodb conected
[2021-11-30T11:29:58.067] [INFO] ma-core - database URI mongodb://localhost:27017/core
[2021-11-30T11:29:58.512] [INFO] ma-core - server started at port 5000
[2021-11-30T11:29:58.513] [TRACE] ma-core - A user connected, Total users connected is: 
[2021-11-30T11:29:58.530] [INFO] ma-core - mongodb conected
[2021-11-30T11:29:59.984] [INFO] ma-core - database URI mongodb://localhost:27017/core
[2021-11-30T11:30:00.424] [INFO] ma-core - server started at port 5000
[2021-11-30T11:30:00.424] [TRACE] ma-core - A user connected, Total users connected is: 
[2021-11-30T11:30:00.443] [INFO] ma-core - mongodb conected
[2021-11-30T11:30:02.695] [INFO] ma-core - database URI mongodb://localhost:27017/core
[2021-11-30T11:30:03.120] [INFO] ma-core - server started at port 5000
[2021-11-30T11:30:03.121] [TRACE] ma-core - A user connected, Total users connected is: 
[2021-11-30T11:30:03.140] [INFO] ma-core - mongodb conected
[2021-11-30T11:30:15.202] [INFO] ma-core - database URI mongodb://localhost:27017/core
[2021-11-30T11:30:15.687] [INFO] ma-core - server started at port 5000
[2021-11-30T11:30:15.688] [TRACE] ma-core - A user connected, Total users connected is: 
[2021-11-30T11:30:15.714] [INFO] ma-core - mongodb conected
[2021-11-30T11:30:18.255] [INFO] ma-core - database URI mongodb://localhost:27017/core
[2021-11-30T11:30:18.684] [INFO] ma-core - server started at port 5000
[2021-11-30T11:30:18.684] [TRACE] ma-core - A user connected, Total users connected is: 
[2021-11-30T11:30:18.703] [INFO] ma-core - mongodb conected
[2021-11-30T11:31:04.339] [INFO] ma-core - database URI mongodb://localhost:27017/core
[2021-11-30T11:31:04.758] [INFO] ma-core - server started at port 5000
[2021-11-30T11:31:04.758] [TRACE] ma-core - A user connected, Total users connected is: 
[2021-11-30T11:31:04.776] [INFO] ma-core - mongodb conected
[2021-11-30T11:31:07.402] [INFO] ma-core - database URI mongodb://localhost:27017/core
[2021-11-30T11:31:07.842] [INFO] ma-core - server started at port 5000
[2021-11-30T11:31:07.842] [TRACE] ma-core - A user connected, Total users connected is: 
[2021-11-30T11:31:07.859] [INFO] ma-core - mongodb conected
[2021-11-30T11:31:12.024] [INFO] ma-core - database URI mongodb://localhost:27017/core
[2021-11-30T11:31:12.448] [INFO] ma-core - server started at port 5000
[2021-11-30T11:31:12.449] [TRACE] ma-core - A user connected, Total users connected is: 
[2021-11-30T11:31:12.466] [INFO] ma-core - mongodb conected
[2021-11-30T11:31:18.594] [INFO] ma-core - database URI mongodb://localhost:27017/core
[2021-11-30T11:31:19.094] [INFO] ma-core - server started at port 5000
[2021-11-30T11:31:19.095] [TRACE] ma-core - A user connected, Total users connected is: 
[2021-11-30T11:31:19.120] [INFO] ma-core - mongodb conected
[2021-11-30T11:31:21.321] [INFO] ma-core - database URI mongodb://localhost:27017/core
[2021-11-30T11:31:21.751] [INFO] ma-core - server started at port 5000
[2021-11-30T11:31:21.752] [TRACE] ma-core - A user connected, Total users connected is: 
[2021-11-30T11:31:21.769] [INFO] ma-core - mongodb conected
[2021-11-30T11:31:31.126] [INFO] ma-core - database URI mongodb://localhost:27017/core
[2021-11-30T11:31:31.536] [INFO] ma-core - server started at port 5000
[2021-11-30T11:31:31.536] [TRACE] ma-core - A user connected, Total users connected is: 
[2021-11-30T11:31:31.553] [INFO] ma-core - mongodb conected
[2021-11-30T11:33:19.994] [INFO] ma-core - database URI mongodb://localhost:27017/core
[2021-11-30T11:33:20.412] [INFO] ma-core - server started at port 5000
[2021-11-30T11:33:20.413] [TRACE] ma-core - A user connected, Total users connected is: 
[2021-11-30T11:33:20.430] [INFO] ma-core - mongodb conected
[2021-11-30T11:33:22.990] [INFO] ma-core - database URI mongodb://localhost:27017/core
[2021-11-30T11:33:23.398] [INFO] ma-core - server started at port 5000
[2021-11-30T11:33:23.398] [TRACE] ma-core - A user connected, Total users connected is: 
[2021-11-30T11:33:23.417] [INFO] ma-core - mongodb conected
[2021-11-30T11:33:34.890] [INFO] ma-core - database URI mongodb://localhost:27017/core
[2021-11-30T11:33:35.318] [INFO] ma-core - server started at port 5000
[2021-11-30T11:33:35.319] [TRACE] ma-core - A user connected, Total users connected is: 
[2021-11-30T11:33:35.336] [INFO] ma-core - mongodb conected
[2021-11-30T11:33:47.978] [INFO] ma-core - database URI mongodb://localhost:27017/core
[2021-11-30T11:33:48.389] [INFO] ma-core - server started at port 5000
[2021-11-30T11:33:48.389] [TRACE] ma-core - A user connected, Total users connected is: 
[2021-11-30T11:33:48.409] [INFO] ma-core - mongodb conected
[2021-11-30T11:34:29.565] [INFO] ma-core - database URI mongodb://localhost:27017/core
[2021-11-30T11:34:29.982] [INFO] ma-core - server started at port 5000
[2021-11-30T11:34:29.983] [TRACE] ma-core - A user connected, Total users connected is: 
[2021-11-30T11:34:30.000] [INFO] ma-core - mongodb conected
[2021-11-30T11:34:30.670] [INFO] ma-core - database URI mongodb://localhost:27017/core
[2021-11-30T11:34:31.122] [INFO] ma-core - server started at port 5000
[2021-11-30T11:34:31.123] [TRACE] ma-core - A user connected, Total users connected is: 
[2021-11-30T11:34:31.141] [INFO] ma-core - mongodb conected
[2021-11-30T11:35:15.041] [INFO] ma-core - database URI mongodb://localhost:27017/core
[2021-11-30T11:35:15.464] [INFO] ma-core - server started at port 5000
[2021-11-30T11:35:15.464] [TRACE] ma-core - A user connected, Total users connected is: 
[2021-11-30T11:35:15.483] [INFO] ma-core - mongodb conected
[2021-11-30T11:35:58.539] [INFO] ma-core - database URI mongodb://localhost:27017/core
[2021-11-30T11:35:58.958] [INFO] ma-core - server started at port 5000
[2021-11-30T11:35:58.958] [TRACE] ma-core - A user connected, Total users connected is: 
[2021-11-30T11:35:58.978] [INFO] ma-core - mongodb conected
[2021-11-30T11:35:59.404] [INFO] ma-core - database URI mongodb://localhost:27017/core
[2021-11-30T11:35:59.829] [INFO] ma-core - server started at port 5000
[2021-11-30T11:35:59.829] [TRACE] ma-core - A user connected, Total users connected is: 
[2021-11-30T11:35:59.847] [INFO] ma-core - mongodb conected
[2021-11-30T11:36:02.141] [INFO] ma-core - database URI mongodb://localhost:27017/core
[2021-11-30T11:36:02.560] [INFO] ma-core - server started at port 5000
[2021-11-30T11:36:02.561] [TRACE] ma-core - A user connected, Total users connected is: 
[2021-11-30T11:36:02.578] [INFO] ma-core - mongodb conected
[2021-11-30T11:36:05.483] [INFO] ma-core - database URI mongodb://localhost:27017/core
[2021-11-30T11:36:05.896] [INFO] ma-core - server started at port 5000
[2021-11-30T11:36:05.896] [TRACE] ma-core - A user connected, Total users connected is: 
[2021-11-30T11:36:05.916] [INFO] ma-core - mongodb conected
[2021-11-30T11:36:06.821] [INFO] ma-core - database URI mongodb://localhost:27017/core
[2021-11-30T11:36:07.238] [INFO] ma-core - server started at port 5000
[2021-11-30T11:36:07.239] [TRACE] ma-core - A user connected, Total users connected is: 
[2021-11-30T11:36:07.257] [INFO] ma-core - mongodb conected
[2021-11-30T11:37:17.129] [INFO] ma-core - database URI mongodb://localhost:27017/core
[2021-11-30T11:37:17.541] [INFO] ma-core - server started at port 5000
[2021-11-30T11:37:17.542] [TRACE] ma-core - A user connected, Total users connected is: 
[2021-11-30T11:37:17.561] [INFO] ma-core - mongodb conected
[2021-11-30T11:37:18.497] [INFO] ma-core - database URI mongodb://localhost:27017/core
[2021-11-30T11:37:18.912] [INFO] ma-core - server started at port 5000
[2021-11-30T11:37:18.913] [TRACE] ma-core - A user connected, Total users connected is: 
[2021-11-30T11:37:18.931] [INFO] ma-core - mongodb conected
[2021-11-30T11:37:26.565] [INFO] ma-core - database URI mongodb://localhost:27017/core
[2021-11-30T11:37:26.975] [INFO] ma-core - server started at port 5000
[2021-11-30T11:37:26.976] [TRACE] ma-core - A user connected, Total users connected is: 
[2021-11-30T11:37:26.993] [INFO] ma-core - mongodb conected
[2021-11-30T11:37:31.059] [INFO] ma-core - database URI mongodb://localhost:27017/core
[2021-11-30T11:37:31.468] [INFO] ma-core - server started at port 5000
[2021-11-30T11:37:31.468] [TRACE] ma-core - A user connected, Total users connected is: 
[2021-11-30T11:37:31.487] [INFO] ma-core - mongodb conected
[2021-11-30T11:37:36.240] [INFO] ma-core - database URI mongodb://localhost:27017/core
[2021-11-30T11:37:36.645] [INFO] ma-core - server started at port 5000
[2021-11-30T11:37:36.645] [TRACE] ma-core - A user connected, Total users connected is: 
[2021-11-30T11:37:36.662] [INFO] ma-core - mongodb conected
[2021-11-30T11:37:38.817] [INFO] ma-core - database URI mongodb://localhost:27017/core
[2021-11-30T11:37:39.266] [INFO] ma-core - server started at port 5000
[2021-11-30T11:37:39.266] [TRACE] ma-core - A user connected, Total users connected is: 
[2021-11-30T11:37:39.284] [INFO] ma-core - mongodb conected
[2021-11-30T11:38:23.314] [INFO] ma-core - database URI mongodb://localhost:27017/core
[2021-11-30T11:38:23.747] [INFO] ma-core - server started at port 5000
[2021-11-30T11:38:23.748] [TRACE] ma-core - A user connected, Total users connected is: 
[2021-11-30T11:38:23.766] [INFO] ma-core - mongodb conected
[2021-11-30T11:38:25.398] [INFO] ma-core - database URI mongodb://localhost:27017/core
[2021-11-30T11:38:25.830] [INFO] ma-core - server started at port 5000
[2021-11-30T11:38:25.830] [TRACE] ma-core - A user connected, Total users connected is: 
[2021-11-30T11:38:25.848] [INFO] ma-core - mongodb conected
[2021-11-30T11:38:50.031] [INFO] ma-core - database URI mongodb://localhost:27017/core
[2021-11-30T11:38:50.478] [INFO] ma-core - server started at port 5000
[2021-11-30T11:38:50.479] [TRACE] ma-core - A user connected, Total users connected is: 
[2021-11-30T11:38:50.498] [INFO] ma-core - mongodb conected
[2021-11-30T11:38:57.633] [INFO] ma-core - database URI mongodb://localhost:27017/core
[2021-11-30T11:38:58.073] [INFO] ma-core - server started at port 5000
[2021-11-30T11:38:58.074] [TRACE] ma-core - A user connected, Total users connected is: 
[2021-11-30T11:38:58.092] [INFO] ma-core - mongodb conected
[2021-11-30T11:38:59.092] [INFO] ma-core - database URI mongodb://localhost:27017/core
[2021-11-30T11:38:59.515] [INFO] ma-core - server started at port 5000
[2021-11-30T11:38:59.515] [TRACE] ma-core - A user connected, Total users connected is: 
[2021-11-30T11:38:59.532] [INFO] ma-core - mongodb conected
[2021-11-30T11:39:00.763] [INFO] ma-core - database URI mongodb://localhost:27017/core
[2021-11-30T11:39:01.179] [INFO] ma-core - server started at port 5000
[2021-11-30T11:39:01.179] [TRACE] ma-core - A user connected, Total users connected is: 
[2021-11-30T11:39:01.196] [INFO] ma-core - mongodb conected
[2021-11-30T11:39:30.031] [INFO] ma-core - database URI mongodb://localhost:27017/core
[2021-11-30T11:39:30.436] [INFO] ma-core - server started at port 5000
[2021-11-30T11:39:30.436] [TRACE] ma-core - A user connected, Total users connected is: 
[2021-11-30T11:39:30.453] [INFO] ma-core - mongodb conected
[2021-11-30T11:39:33.353] [INFO] ma-core - database URI mongodb://localhost:27017/core
[2021-11-30T11:39:33.797] [INFO] ma-core - server started at port 5000
[2021-11-30T11:39:33.798] [TRACE] ma-core - A user connected, Total users connected is: 
[2021-11-30T11:39:33.820] [INFO] ma-core - mongodb conected
[2021-11-30T11:39:43.904] [INFO] ma-core - database URI mongodb://localhost:27017/core
[2021-11-30T11:39:44.316] [INFO] ma-core - server started at port 5000
[2021-11-30T11:39:44.317] [TRACE] ma-core - A user connected, Total users connected is: 
[2021-11-30T11:39:44.334] [INFO] ma-core - mongodb conected
[2021-11-30T11:40:49.700] [INFO] ma-core - database URI mongodb://localhost:27017/core
[2021-11-30T11:40:50.123] [INFO] ma-core - server started at port 5000
[2021-11-30T11:40:50.123] [TRACE] ma-core - A user connected, Total users connected is: 
[2021-11-30T11:40:50.142] [INFO] ma-core - mongodb conected
[2021-11-30T11:40:52.691] [INFO] ma-core - database URI mongodb://localhost:27017/core
[2021-11-30T11:40:53.128] [INFO] ma-core - server started at port 5000
[2021-11-30T11:40:53.128] [TRACE] ma-core - A user connected, Total users connected is: 
[2021-11-30T11:40:53.146] [INFO] ma-core - mongodb conected
[2021-11-30T11:40:56.159] [INFO] ma-core - database URI mongodb://localhost:27017/core
[2021-11-30T11:40:56.603] [INFO] ma-core - server started at port 5000
[2021-11-30T11:40:56.604] [TRACE] ma-core - A user connected, Total users connected is: 
[2021-11-30T11:40:56.626] [INFO] ma-core - mongodb conected
[2021-11-30T11:43:26.965] [INFO] ma-core - database URI mongodb://localhost:27017/core
[2021-11-30T11:43:27.401] [INFO] ma-core - server started at port 5000
[2021-11-30T11:43:27.402] [TRACE] ma-core - A user connected, Total users connected is: 
[2021-11-30T11:43:27.420] [INFO] ma-core - mongodb conected
[2021-11-30T11:44:34.159] [INFO] ma-core - database URI mongodb://localhost:27017/core
[2021-11-30T11:44:34.593] [INFO] ma-core - server started at port 5000
[2021-11-30T11:44:34.594] [TRACE] ma-core - A user connected, Total users connected is: 
[2021-11-30T11:44:34.612] [INFO] ma-core - mongodb conected
[2021-11-30T11:45:02.759] [INFO] ma-core - database URI mongodb://localhost:27017/core
[2021-11-30T11:45:03.192] [INFO] ma-core - server started at port 5000
[2021-11-30T11:45:03.192] [TRACE] ma-core - A user connected, Total users connected is: 
[2021-11-30T11:45:03.214] [INFO] ma-core - mongodb conected
[2021-11-30T11:46:11.330] [INFO] ma-core - database URI mongodb://localhost:27017/core
[2021-11-30T11:46:11.777] [INFO] ma-core - server started at port 5000
[2021-11-30T11:46:11.778] [TRACE] ma-core - A user connected, Total users connected is: 
[2021-11-30T11:46:11.800] [INFO] ma-core - mongodb conected
[2021-11-30T11:46:36.786] [INFO] ma-core - database URI mongodb://localhost:27017/core
[2021-11-30T11:46:37.203] [INFO] ma-core - server started at port 5000
[2021-11-30T11:46:37.203] [TRACE] ma-core - A user connected, Total users connected is: 
[2021-11-30T11:46:37.221] [INFO] ma-core - mongodb conected
[2021-11-30T11:47:12.122] [INFO] ma-core - database URI mongodb://localhost:27017/core
[2021-11-30T11:47:12.540] [INFO] ma-core - server started at port 5000
[2021-11-30T11:47:12.541] [TRACE] ma-core - A user connected, Total users connected is: 
[2021-11-30T11:47:12.563] [INFO] ma-core - mongodb conected
[2021-11-30T11:47:14.803] [INFO] ma-core - database URI mongodb://localhost:27017/core
[2021-11-30T11:47:15.260] [INFO] ma-core - server started at port 5000
[2021-11-30T11:47:15.260] [TRACE] ma-core - A user connected, Total users connected is: 
[2021-11-30T11:47:15.277] [INFO] ma-core - mongodb conected
[2021-11-30T11:47:16.351] [INFO] ma-core - database URI mongodb://localhost:27017/core
[2021-11-30T11:47:16.759] [INFO] ma-core - server started at port 5000
[2021-11-30T11:47:16.760] [TRACE] ma-core - A user connected, Total users connected is: 
[2021-11-30T11:47:16.779] [INFO] ma-core - mongodb conected
[2021-11-30T11:52:21.049] [INFO] ma-core - database URI mongodb://localhost:27017/core
[2021-11-30T11:52:21.465] [INFO] ma-core - server started at port 5000
[2021-11-30T11:52:21.466] [TRACE] ma-core - A user connected, Total users connected is: 
[2021-11-30T11:52:21.483] [INFO] ma-core - mongodb conected
[2021-11-30T11:52:29.133] [INFO] ma-core - database URI mongodb://localhost:27017/core
[2021-11-30T11:52:29.549] [INFO] ma-core - server started at port 5000
[2021-11-30T11:52:29.550] [TRACE] ma-core - A user connected, Total users connected is: 
[2021-11-30T11:52:29.567] [INFO] ma-core - mongodb conected
[2021-11-30T11:53:38.411] [INFO] ma-core - database URI mongodb://localhost:27017/core
[2021-11-30T11:53:38.830] [INFO] ma-core - server started at port 5000
[2021-11-30T11:53:38.830] [TRACE] ma-core - A user connected, Total users connected is: 
[2021-11-30T11:53:38.849] [INFO] ma-core - mongodb conected
[2021-11-30T11:56:01.196] [INFO] ma-core - database URI mongodb://localhost:27017/core
[2021-11-30T11:56:01.611] [INFO] ma-core - server started at port 5000
[2021-11-30T11:56:01.612] [TRACE] ma-core - A user connected, Total users connected is: 
[2021-11-30T11:56:01.631] [INFO] ma-core - mongodb conected
[2021-11-30T11:57:22.735] [INFO] ma-core - database URI mongodb://localhost:27017/core
[2021-11-30T11:57:23.147] [INFO] ma-core - server started at port 5000
[2021-11-30T11:57:23.147] [TRACE] ma-core - A user connected, Total users connected is: 
[2021-11-30T11:57:23.164] [INFO] ma-core - mongodb conected
[2021-11-30T11:57:55.268] [INFO] ma-core - database URI mongodb://localhost:27017/core
[2021-11-30T11:57:55.693] [INFO] ma-core - server started at port 5000
[2021-11-30T11:57:55.693] [TRACE] ma-core - A user connected, Total users connected is: 
[2021-11-30T11:57:55.714] [INFO] ma-core - mongodb conected
[2021-11-30T11:58:39.693] [INFO] ma-core - database URI mongodb://localhost:27017/core
[2021-11-30T11:58:40.138] [INFO] ma-core - server started at port 5000
[2021-11-30T11:58:40.139] [TRACE] ma-core - A user connected, Total users connected is: 
[2021-11-30T11:58:40.158] [INFO] ma-core - mongodb conected
[2021-11-30T11:59:17.762] [INFO] ma-core - get All Task success testing testing testing
[2021-11-30T11:59:17.764] [INFO] ma-core - get All Task success NaN post 1234
[2021-11-30T11:59:17.769] [INFO] ma-core - get All Task By filter success testing testing testing
[2021-11-30T11:59:17.770] [ERROR] ma-core - get All Task By filter error :error testing testing testing
[2021-11-30T11:59:17.772] [INFO] ma-core - get All Task By filter success testing testing testing
[2021-11-30T11:59:17.774] [INFO] ma-core - get by id Task success testing testing testing
[2021-11-30T11:59:17.775] [INFO] ma-core - get by id Task success NaN post 1234
[2021-11-30T11:59:17.777] [ERROR] ma-core - get by id Task :task not found testing testing testing
[2021-11-30T11:59:17.778] [ERROR] ma-core - get by id Task :task not found NaN post 1234
[2021-11-30T11:59:17.784] [INFO] ma-core - get All Task By filter success testing testing testing
[2021-11-30T11:59:17.785] [ERROR] ma-core - get All Task By filter error :error testing testing testing
[2021-11-30T11:59:17.787] [INFO] ma-core - get All Task By filter success testing testing testing
[2021-11-30T11:59:17.859] [INFO] ma-core - get All Task By ID success testing testing testing
[2021-11-30T11:59:17.875] [INFO] ma-core - get All Task success testing testing testing
[2021-11-30T11:59:17.884] [INFO] ma-core - add Task success testing testing testing
[2021-11-30T11:59:17.885] [INFO] ma-core - add Task success NaN post 1234
[2021-11-30T11:59:17.887] [ERROR] ma-core - add Task :missing property testing testing testing
[2021-11-30T11:59:17.889] [ERROR] ma-core - add Task :missing property NaN post 1234
[2021-11-30T11:59:17.897] [INFO] ma-core - add Many Task success testing testing testing
[2021-11-30T11:59:17.898] [INFO] ma-core - add Many Task success NaN post 1234
[2021-11-30T11:59:17.900] [ERROR] ma-core - add Many Task :missing property testing testing testing
[2021-11-30T11:59:17.902] [ERROR] ma-core - add Many Task :missing property NaN post 1234
[2021-11-30T11:59:17.932] [INFO] ma-core - Update Task Assignee success testing testing testing
[2021-11-30T11:59:17.934] [INFO] ma-core - Update Task Assignee Incomplete testing testing testing
[2021-11-30T11:59:17.936] [ERROR] ma-core - Update Task Assignee :task not found testing testing testing
[2021-11-30T11:59:17.945] [INFO] ma-core - Canceled the Task testing testing testing
[2021-11-30T11:59:17.947] [INFO] ma-core - Canceled the Task NaN post 1234
[2021-11-30T11:59:17.952] [ERROR] ma-core - Failed to Cancel the Task :failed to update the task testing testing testing
[2021-11-30T11:59:17.954] [ERROR] ma-core - Failed to Cancel the Task :failed to update the task NaN post 1234
[2021-11-30T11:59:17.956] [INFO] ma-core - Deleted the Task testing testing testing
[2021-11-30T11:59:17.958] [INFO] ma-core - Deleted the Task NaN post 1234
[2021-11-30T11:59:17.964] [ERROR] ma-core - Failed to delete the Task :failed to update the task testing testing testing
[2021-11-30T11:59:17.966] [ERROR] ma-core - Failed to delete the Task :failed to update the task NaN post 1234
[2021-11-30T11:59:17.968] [INFO] ma-core - Finished the Task testing testing testing
[2021-11-30T11:59:17.969] [INFO] ma-core - Finished the Task NaN post 1234
[2021-11-30T11:59:17.974] [ERROR] ma-core - Failed to finish the Task :failed to update the task testing testing testing
[2021-11-30T11:59:17.975] [ERROR] ma-core - Failed to finish the Task :failed to update the task NaN post 1234
[2021-11-30T11:59:17.977] [INFO] ma-core - Rejected the Task testing testing testing
[2021-11-30T11:59:17.979] [INFO] ma-core - Rejected the Task NaN post 1234
[2021-11-30T11:59:17.983] [ERROR] ma-core - Failed to reject the Task :failed to update the task testing testing testing
[2021-11-30T11:59:17.984] [ERROR] ma-core - Failed to reject the Task :failed to update the task NaN post 1234
[2021-11-30T11:59:17.986] [INFO] ma-core - Started the Task testing testing testing
[2021-11-30T11:59:17.992] [INFO] ma-core - Started the Task NaN post 1234
[2021-11-30T11:59:17.997] [ERROR] ma-core - Failed to start the Task :failed to update the task testing testing testing
[2021-11-30T11:59:18.000] [ERROR] ma-core - Failed to start the Task :failed to update the task NaN post 1234
[2021-11-30T11:59:18.002] [INFO] ma-core - Validated the Task testing testing testing
[2021-11-30T11:59:18.004] [INFO] ma-core - Validated the Task NaN post 1234
[2021-11-30T11:59:18.008] [ERROR] ma-core - Failed to validate the Task :failed to update the task testing testing testing
[2021-11-30T11:59:18.009] [ERROR] ma-core - Failed to validate the Task :failed to update the task NaN post 1234
[2021-11-30T11:59:26.203] [INFO] ma-core - database URI mongodb://localhost:27017/core
[2021-11-30T11:59:26.617] [INFO] ma-core - server started at port 5000
[2021-11-30T11:59:26.617] [TRACE] ma-core - A user connected, Total users connected is: 
[2021-11-30T11:59:26.635] [INFO] ma-core - mongodb conected
[2021-11-30T11:59:31.761] [INFO] ma-core - database URI mongodb://localhost:27017/core
[2021-11-30T11:59:32.165] [INFO] ma-core - server started at port 5000
[2021-11-30T11:59:32.166] [TRACE] ma-core - A user connected, Total users connected is: 
[2021-11-30T11:59:32.184] [INFO] ma-core - mongodb conected
[2021-11-30T11:59:37.657] [INFO] ma-core - database URI mongodb://localhost:27017/core
[2021-11-30T11:59:38.066] [INFO] ma-core - server started at port 5000
[2021-11-30T11:59:38.067] [TRACE] ma-core - A user connected, Total users connected is: 
[2021-11-30T11:59:38.084] [INFO] ma-core - mongodb conected
[2021-11-30T12:02:10.748] [INFO] ma-core - database URI mongodb://localhost:27017/core
[2021-11-30T12:02:11.156] [INFO] ma-core - server started at port 5000
[2021-11-30T12:02:11.156] [TRACE] ma-core - A user connected, Total users connected is: 
[2021-11-30T12:02:11.173] [INFO] ma-core - mongodb conected
[2021-11-30T12:02:29.043] [INFO] ma-core - database URI mongodb://localhost:27017/core
[2021-11-30T12:02:29.502] [INFO] ma-core - server started at port 5000
[2021-11-30T12:02:29.502] [TRACE] ma-core - A user connected, Total users connected is: 
[2021-11-30T12:02:29.520] [INFO] ma-core - mongodb conected
[2021-11-30T12:02:40.853] [INFO] ma-core - database URI mongodb://localhost:27017/core
[2021-11-30T12:02:41.298] [INFO] ma-core - server started at port 5000
[2021-11-30T12:02:41.298] [TRACE] ma-core - A user connected, Total users connected is: 
[2021-11-30T12:02:41.320] [INFO] ma-core - mongodb conected
[2021-11-30T12:02:55.611] [INFO] ma-core - database URI mongodb://localhost:27017/core
[2021-11-30T12:02:56.058] [INFO] ma-core - server started at port 5000
[2021-11-30T12:02:56.058] [TRACE] ma-core - A user connected, Total users connected is: 
[2021-11-30T12:02:56.079] [INFO] ma-core - mongodb conected
[2021-11-30T12:03:19.011] [INFO] ma-core - database URI mongodb://localhost:27017/core
[2021-11-30T12:03:19.419] [INFO] ma-core - server started at port 5000
[2021-11-30T12:03:19.420] [TRACE] ma-core - A user connected, Total users connected is: 
[2021-11-30T12:03:19.437] [INFO] ma-core - mongodb conected
[2021-11-30T12:04:30.622] [INFO] ma-core - database URI mongodb://localhost:27017/core
[2021-11-30T12:04:31.061] [INFO] ma-core - server started at port 5000
[2021-11-30T12:04:31.061] [TRACE] ma-core - A user connected, Total users connected is: 
[2021-11-30T12:04:31.078] [INFO] ma-core - mongodb conected
[2021-11-30T12:04:34.128] [INFO] ma-core - database URI mongodb://localhost:27017/core
[2021-11-30T12:04:34.571] [INFO] ma-core - server started at port 5000
[2021-11-30T12:04:34.571] [TRACE] ma-core - A user connected, Total users connected is: 
[2021-11-30T12:04:34.589] [INFO] ma-core - mongodb conected
[2021-11-30T12:08:19.068] [INFO] ma-core - database URI mongodb://localhost:27017/core
[2021-11-30T12:08:19.510] [INFO] ma-core - server started at port 5000
[2021-11-30T12:08:19.510] [TRACE] ma-core - A user connected, Total users connected is: 
[2021-11-30T12:08:19.529] [INFO] ma-core - mongodb conected
[2021-11-30T12:10:44.557] [INFO] ma-core - database URI mongodb://localhost:27017/core
[2021-11-30T12:10:45.002] [INFO] ma-core - server started at port 5000
[2021-11-30T12:10:45.002] [TRACE] ma-core - A user connected, Total users connected is: 
[2021-11-30T12:10:45.022] [INFO] ma-core - mongodb conected
[2021-11-30T12:12:56.849] [INFO] ma-core - database URI mongodb://localhost:27017/core
[2021-11-30T12:12:57.274] [INFO] ma-core - server started at port 5000
[2021-11-30T12:12:57.274] [TRACE] ma-core - A user connected, Total users connected is: 
[2021-11-30T12:12:57.293] [INFO] ma-core - mongodb conected
[2021-11-30T16:19:00.234] [INFO] ma-core - database URI mongodb://localhost:27017/core
[2021-11-30T16:19:00.656] [INFO] ma-core - server started at port 5000
[2021-11-30T16:19:00.656] [TRACE] ma-core - A user connected, Total users connected is: 
[2021-11-30T16:19:00.675] [INFO] ma-core - mongodb conected
[2021-11-30T16:22:03.867] [INFO] ma-core - database URI mongodb://localhost:27017/core
[2021-11-30T16:22:04.281] [INFO] ma-core - server started at port 5000
[2021-11-30T16:22:04.281] [TRACE] ma-core - A user connected, Total users connected is: 
[2021-11-30T16:22:04.298] [INFO] ma-core - mongodb conected
[2021-11-30T16:22:04.345] [INFO] ma-core - resultForms Collection created
[2021-11-30T16:44:56.021] [INFO] ma-core - database URI mongodb://localhost:27017/core
[2021-11-30T16:44:56.604] [INFO] ma-core - server started at port 5000
[2021-11-30T16:44:56.604] [TRACE] ma-core - A user connected, Total users connected is: 
[2021-11-30T16:44:56.628] [INFO] ma-core - mongodb conected
[2021-11-30T16:48:35.502] [INFO] ma-core - database URI mongodb://localhost:27017/core
[2021-11-30T16:48:36.038] [INFO] ma-core - server started at port 5000
[2021-11-30T16:48:36.039] [TRACE] ma-core - A user connected, Total users connected is: 
[2021-11-30T16:48:36.058] [INFO] ma-core - mongodb conected
[2021-11-30T16:49:07.963] [INFO] ma-core - database URI mongodb://localhost:27017/core
[2021-11-30T16:49:08.490] [INFO] ma-core - server started at port 5000
[2021-11-30T16:49:08.491] [TRACE] ma-core - A user connected, Total users connected is: 
[2021-11-30T16:49:08.514] [INFO] ma-core - mongodb conected
[2021-11-30T16:49:30.667] [INFO] ma-core - database URI mongodb://localhost:27017/core
[2021-11-30T16:49:31.153] [INFO] ma-core - server started at port 5000
[2021-11-30T16:49:31.154] [TRACE] ma-core - A user connected, Total users connected is: 
[2021-11-30T16:49:31.173] [INFO] ma-core - mongodb conected
[2021-11-30T16:53:35.828] [INFO] ma-core - database URI mongodb://localhost:27017/core
[2021-11-30T16:53:36.254] [INFO] ma-core - server started at port 5000
[2021-11-30T16:53:36.254] [TRACE] ma-core - A user connected, Total users connected is: 
[2021-11-30T16:53:36.272] [INFO] ma-core - mongodb conected
[2021-11-30T16:53:37.512] [INFO] ma-core - database URI mongodb://localhost:27017/core
[2021-11-30T16:53:37.937] [INFO] ma-core - server started at port 5000
[2021-11-30T16:53:37.937] [TRACE] ma-core - A user connected, Total users connected is: 
[2021-11-30T16:53:37.955] [INFO] ma-core - mongodb conected
[2021-11-30T16:55:08.966] [INFO] ma-core - database URI mongodb://localhost:27017/core
[2021-11-30T16:55:09.462] [INFO] ma-core - server started at port 5000
[2021-11-30T16:55:09.463] [TRACE] ma-core - A user connected, Total users connected is: 
[2021-11-30T16:55:09.484] [INFO] ma-core - mongodb conected
[2021-11-30T16:56:18.693] [INFO] ma-core - database URI mongodb://localhost:27017/core
[2021-11-30T16:56:19.139] [INFO] ma-core - server started at port 5000
[2021-11-30T16:56:19.140] [TRACE] ma-core - A user connected, Total users connected is: 
[2021-11-30T16:56:19.160] [INFO] ma-core - mongodb conected
[2021-11-30T16:56:58.254] [INFO] ma-core - database URI mongodb://localhost:27017/core
[2021-11-30T16:56:58.778] [INFO] ma-core - server started at port 5000
[2021-11-30T16:56:58.778] [TRACE] ma-core - A user connected, Total users connected is: 
[2021-11-30T16:56:58.798] [INFO] ma-core - mongodb conected
[2021-11-30T16:58:25.487] [INFO] ma-core - database URI mongodb://localhost:27017/core
[2021-11-30T16:58:25.931] [INFO] ma-core - server started at port 5000
[2021-11-30T16:58:25.931] [TRACE] ma-core - A user connected, Total users connected is: 
[2021-11-30T16:58:25.950] [INFO] ma-core - mongodb conected
[2021-11-30T16:59:15.898] [INFO] ma-core - database URI mongodb://localhost:27017/core
[2021-11-30T16:59:16.397] [INFO] ma-core - server started at port 5000
[2021-11-30T16:59:16.397] [TRACE] ma-core - A user connected, Total users connected is: 
[2021-11-30T16:59:16.419] [INFO] ma-core - mongodb conected
[2021-11-30T17:01:25.063] [INFO] ma-core - database URI mongodb://localhost:27017/core
[2021-11-30T17:01:25.528] [INFO] ma-core - server started at port 5000
[2021-11-30T17:01:25.529] [TRACE] ma-core - A user connected, Total users connected is: 
[2021-11-30T17:01:25.548] [INFO] ma-core - mongodb conected
[2021-11-30T17:16:01.780] [INFO] ma-core - database URI mongodb://localhost:27017/core
[2021-11-30T17:16:02.204] [INFO] ma-core - server started at port 5000
[2021-11-30T17:16:02.204] [TRACE] ma-core - A user connected, Total users connected is: 
[2021-11-30T17:16:02.222] [INFO] ma-core - mongodb conected
[2021-11-30T17:20:16.523] [INFO] ma-core - database URI mongodb://localhost:27017/core
[2021-11-30T17:20:16.969] [INFO] ma-core - server started at port 5000
[2021-11-30T17:20:16.969] [TRACE] ma-core - A user connected, Total users connected is: 
[2021-11-30T17:20:16.989] [INFO] ma-core - mongodb conected
[2021-11-30T17:20:54.145] [INFO] ma-core - database URI mongodb://localhost:27017/core
[2021-11-30T17:20:54.634] [INFO] ma-core - server started at port 5000
[2021-11-30T17:20:54.634] [TRACE] ma-core - A user connected, Total users connected is: 
[2021-11-30T17:20:54.654] [INFO] ma-core - mongodb conected
[2021-11-30T21:21:03.262] [INFO] ma-core - database URI mongodb://localhost:27017/core
[2021-11-30T21:21:03.734] [INFO] ma-core - server started at port 5000
[2021-11-30T21:21:03.735] [TRACE] ma-core - A user connected, Total users connected is: 
[2021-11-30T21:21:03.752] [INFO] ma-core - mongodb conected
[2021-11-30T21:23:51.746] [INFO] ma-core - database URI mongodb://localhost:27017/core
[2021-11-30T21:23:52.160] [INFO] ma-core - server started at port 5000
[2021-11-30T21:23:52.160] [TRACE] ma-core - A user connected, Total users connected is: 
[2021-11-30T21:23:52.177] [INFO] ma-core - mongodb conected
[2021-11-30T21:31:05.256] [INFO] ma-core - database URI mongodb://localhost:27017/core
[2021-11-30T21:31:05.669] [INFO] ma-core - server started at port 5000
[2021-11-30T21:31:05.669] [TRACE] ma-core - A user connected, Total users connected is: 
[2021-11-30T21:31:05.686] [INFO] ma-core - mongodb conected
[2021-11-30T21:31:45.380] [INFO] ma-core - database URI mongodb://localhost:27017/core
[2021-11-30T21:31:45.818] [INFO] ma-core - server started at port 5000
[2021-11-30T21:31:45.818] [TRACE] ma-core - A user connected, Total users connected is: 
[2021-11-30T21:31:45.837] [INFO] ma-core - mongodb conected
[2021-11-30T22:13:04.874] [INFO] ma-core - database URI mongodb://localhost:27017/core
[2021-11-30T22:13:05.281] [INFO] ma-core - server started at port 5000
[2021-11-30T22:13:05.282] [TRACE] ma-core - A user connected, Total users connected is: 
[2021-11-30T22:13:05.299] [INFO] ma-core - mongodb conected
[2021-11-30T22:14:41.670] [INFO] ma-core - database URI mongodb://localhost:27017/core
[2021-11-30T22:14:42.079] [INFO] ma-core - server started at port 5000
[2021-11-30T22:14:42.080] [TRACE] ma-core - A user connected, Total users connected is: 
[2021-11-30T22:14:42.096] [INFO] ma-core - mongodb conected
[2021-11-30T22:17:14.937] [INFO] ma-core - database URI mongodb://localhost:27017/core
[2021-11-30T22:17:15.356] [INFO] ma-core - server started at port 5000
[2021-11-30T22:17:15.357] [TRACE] ma-core - A user connected, Total users connected is: 
[2021-11-30T22:17:15.376] [INFO] ma-core - mongodb conected
[2021-11-30T22:25:21.157] [INFO] ma-core - database URI mongodb://localhost:27017/core
[2021-11-30T22:25:21.655] [INFO] ma-core - server started at port 5000
[2021-11-30T22:25:21.656] [TRACE] ma-core - A user connected, Total users connected is: 
[2021-11-30T22:25:21.679] [INFO] ma-core - mongodb conected
[2021-11-30T22:30:25.772] [INFO] ma-core - database URI mongodb://localhost:27017/core
[2021-11-30T22:30:26.185] [INFO] ma-core - server started at port 5000
[2021-11-30T22:30:26.185] [TRACE] ma-core - A user connected, Total users connected is: 
[2021-11-30T22:30:26.203] [INFO] ma-core - mongodb conected
[2021-11-30T22:42:39.902] [INFO] ma-core - database URI mongodb://localhost:27017/core
[2021-11-30T22:42:40.358] [INFO] ma-core - server started at port 5000
[2021-11-30T22:42:40.359] [TRACE] ma-core - A user connected, Total users connected is: 
[2021-11-30T22:42:40.378] [INFO] ma-core - mongodb conected
[2021-11-30T22:42:57.016] [ERROR] ma-core - get All result form :ResultForm.paginate is not a function /api/resultform/getAllResultForm GET ::1
[2021-11-30T22:58:31.649] [INFO] ma-core - database URI mongodb://localhost:27017/core
[2021-11-30T22:58:32.080] [INFO] ma-core - server started at port 5000
[2021-11-30T22:58:32.080] [TRACE] ma-core - A user connected, Total users connected is: 
[2021-11-30T22:58:32.098] [INFO] ma-core - mongodb conected
[2021-11-30T22:58:59.264] [INFO] ma-core - database URI mongodb://localhost:27017/core
[2021-11-30T22:58:59.697] [INFO] ma-core - server started at port 5000
[2021-11-30T22:58:59.698] [TRACE] ma-core - A user connected, Total users connected is: 
[2021-11-30T22:58:59.715] [INFO] ma-core - mongodb conected
[2021-11-30T22:59:21.907] [INFO] ma-core - get all result form success /api/resultform/getAllResultForm GET ::1
[2021-11-30T23:01:57.697] [ERROR] ma-core - get by id Task :Cast to ObjectId failed for value "getall" at path "_id" for model "task" /api/task/:id GET ::1
[2021-11-30T23:06:11.576] [INFO] ma-core - database URI mongodb://localhost:27017/core
[2021-11-30T23:06:11.990] [INFO] ma-core - server started at port 5000
[2021-11-30T23:06:11.991] [TRACE] ma-core - A user connected, Total users connected is: 
[2021-11-30T23:06:12.010] [INFO] ma-core - mongodb conected
[2021-11-30T23:15:43.846] [INFO] ma-core - database URI mongodb://localhost:27017/core
[2021-11-30T23:15:44.267] [INFO] ma-core - server started at port 5000
[2021-11-30T23:15:44.267] [TRACE] ma-core - A user connected, Total users connected is: 
[2021-11-30T23:15:44.287] [INFO] ma-core - mongodb conected
