[2023-08-17T11:46:02.610] [INFO] ma-core - database URI mongodb://localhost:27017/core
[2023-08-17T11:46:03.612] [INFO] ma-core - server started at port 5000
[2023-08-17T11:46:03.642] [INFO] ma-core - mongodb conected
[2023-08-17T11:46:46.429] [INFO] ma-core - get all posts success /api/newsFeed/getAllPosts GET ::1
[2023-08-17T11:46:51.610] [INFO] ma-core - get all posts success /api/newsFeed/getAllPosts GET ::1
[2023-08-17T11:46:51.873] [INFO] ma-core - get all posts success /api/newsFeed/getAllPosts GET ::1
[2023-08-17T11:48:12.504] [INFO] ma-core - get All Role success /api/role/ GET ::1
[2023-08-17T11:48:55.883] [INFO] ma-core - get All Role success /api/role/ GET ::1
[2023-08-17T11:49:08.489] [INFO] ma-core - get All Role success /api/role/ GET ::1
[2023-08-17T11:50:41.561] [INFO] ma-core - get All Role success /api/role/ GET ::1
[2023-08-17T11:55:17.806] [INFO] ma-core - database URI mongodb://localhost:27017/core
[2023-08-17T11:55:19.307] [INFO] ma-core - server started at port 5000
[2023-08-17T11:55:19.374] [INFO] ma-core - mongodb conected
[2023-08-17T11:56:09.788] [INFO] ma-core - get all posts success /api/newsFeed/getAllPosts GET ::1
[2023-08-17T11:56:10.290] [INFO] ma-core - get all posts success /api/newsFeed/getAllPosts GET ::1
[2023-08-17T11:56:28.203] [INFO] ma-core - get All Role success /api/role/ GET ::1
[2023-08-17T11:56:33.904] [INFO] ma-core - get All Module success /api/module/getAll GET ::1
[2023-08-17T11:56:34.024] [INFO] ma-core - get by id Role success /api/role/:id/ GET ::1
[2023-08-17T11:56:42.886] [INFO] ma-core - get All Module success /api/module/getAll GET ::1
[2023-08-17T11:56:43.944] [INFO] ma-core - get all result form success /api/resultForm/getAllResultForm GET ::1
[2023-08-17T11:56:43.979] [INFO] ma-core - get Monitoring Activities Without Result Form success /api/resultForm/getMonitoringActivitiesWithoutResultForm GET ::1
[2023-08-17T11:56:52.480] [INFO] ma-core - get All nomenclature success /api/nomenclature/ GET ::1
[2023-08-17T11:56:52.800] [INFO] ma-core - Get all shifts success /api/shift/ GET ::1
[2023-08-17T11:56:53.073] [INFO] ma-core - Get all shifts success /api/shift/ GET ::1
[2023-08-17T11:57:27.448] [INFO] ma-core - get All Role success /api/role/ GET ::1
[2023-08-17T11:59:59.306] [INFO] ma-core - get all Customer success /api/customer/ GET ::1
[2023-08-17T12:00:12.057] [INFO] ma-core - get all Customer success /api/customer/ GET ::1
[2023-08-17T12:00:12.081] [INFO] ma-core - get all Customer success /api/customer/ GET ::1
[2023-08-17T12:00:12.096] [INFO] ma-core - get all Customer success /api/customer/ GET ::1
[2023-08-17T12:01:15.736] [INFO] ma-core - get All nomenclature success /api/nomenclature/ GET ::1
[2023-08-17T12:01:15.825] [INFO] ma-core - Get all shifts success /api/shift/ GET ::1
[2023-08-17T12:01:15.908] [INFO] ma-core - Get all shifts success /api/shift/ GET ::1
[2023-08-17T12:02:14.796] [INFO] ma-core - get all Customer success /api/customer/ GET ::1
[2023-08-17T12:02:14.967] [INFO] ma-core - get all Customer success /api/customer/ GET ::1
[2023-08-17T12:03:59.804] [INFO] ma-core - get all Customer success /api/customer/ GET ::1
[2023-08-17T12:04:04.272] [INFO] ma-core - get all Customer success /api/customer/ GET ::1
[2023-08-17T12:04:26.570] [INFO] ma-core - add new shifts success /api/shift/sync PATCH ::1
[2023-08-17T12:04:26.587] [INFO] ma-core - sync shift success /api/shift/sync PATCH ::1
[2023-08-17T12:04:26.929] [INFO] ma-core - cron shift unassigned : startdate before now
[2023-08-17T12:04:26.934] [INFO] ma-core - Shift Unassigned reminder cron launched
[2023-08-17T12:04:26.939] [INFO] ma-core - Shift Unassigned reminder cron launched
[2023-08-17T12:04:26.940] [INFO] ma-core - Shift Unassigned reminder cron launched
[2023-08-17T12:04:26.946] [INFO] ma-core - Shift Unassigned reminder cron launched
[2023-08-17T12:04:26.947] [INFO] ma-core - Shift Unassigned reminder cron launched
[2023-08-17T12:04:26.949] [INFO] ma-core - Shift Unassigned reminder cron launched
[2023-08-17T12:04:26.951] [INFO] ma-core - Shift Unassigned reminder cron launched
[2023-08-17T12:04:26.954] [INFO] ma-core - Shift Unassigned reminder cron launched
[2023-08-17T12:04:26.957] [INFO] ma-core - Shift Unassigned reminder cron launched
[2023-08-17T12:04:26.963] [INFO] ma-core - Shift Unassigned reminder cron launched
[2023-08-17T12:04:26.966] [INFO] ma-core - Shift Unassigned reminder cron launched
[2023-08-17T12:04:26.967] [INFO] ma-core - cron shift unassigned : startdate before now
[2023-08-17T12:04:26.973] [INFO] ma-core - Shift Unassigned reminder cron launched
[2023-08-17T12:04:26.975] [INFO] ma-core - Shift Unassigned reminder cron launched
[2023-08-17T12:04:26.977] [INFO] ma-core - Shift Unassigned reminder cron launched
[2023-08-17T12:04:26.979] [INFO] ma-core - Shift Unassigned reminder cron launched
[2023-08-17T12:04:26.982] [INFO] ma-core - Shift Unassigned reminder cron launched
[2023-08-17T12:04:26.984] [INFO] ma-core - Shift Unassigned reminder cron launched
[2023-08-17T12:04:26.985] [INFO] ma-core - Shift Unassigned reminder cron launched
[2023-08-17T12:04:27.299] [INFO] ma-core - Shift Unassigned reminder cron launched
[2023-08-17T12:04:27.300] [INFO] ma-core - Shift Unassigned reminder cron launched
[2023-08-17T12:04:27.302] [INFO] ma-core - Shift Unassigned reminder cron launched
[2023-08-17T12:04:27.303] [INFO] ma-core - Shift Unassigned reminder cron launched
[2023-08-17T12:04:27.304] [INFO] ma-core - Shift Unassigned reminder cron launched
[2023-08-17T12:04:27.305] [INFO] ma-core - Shift Unassigned reminder cron launched
[2023-08-17T12:04:27.306] [INFO] ma-core - Shift Unassigned reminder cron launched
[2023-08-17T12:04:27.308] [INFO] ma-core - Shift Unassigned reminder cron launched
[2023-08-17T12:04:27.309] [INFO] ma-core - Shift Unassigned reminder cron launched
[2023-08-17T12:04:27.310] [INFO] ma-core - Shift Unassigned reminder cron launched
[2023-08-17T12:04:27.975] [INFO] ma-core - cron shift unassigned : startdate before now
[2023-08-17T12:04:27.976] [INFO] ma-core - Shift Unassigned reminder cron launched
[2023-08-17T12:04:27.978] [INFO] ma-core - Shift Unassigned reminder cron launched
[2023-08-17T12:04:27.979] [INFO] ma-core - Shift Unassigned reminder cron launched
[2023-08-17T12:04:27.980] [INFO] ma-core - Shift Unassigned reminder cron launched
[2023-08-17T12:04:27.982] [INFO] ma-core - Shift Unassigned reminder cron launched
[2023-08-17T12:04:27.983] [INFO] ma-core - Shift Unassigned reminder cron launched
[2023-08-17T12:04:27.985] [INFO] ma-core - Shift Unassigned reminder cron launched
[2023-08-17T12:04:27.986] [INFO] ma-core - Shift Unassigned reminder cron launched
[2023-08-17T12:04:27.987] [INFO] ma-core - Shift Unassigned reminder cron launched
[2023-08-17T12:04:28.006] [INFO] ma-core - Shift Unassigned reminder cron launched
[2023-08-17T12:04:28.007] [INFO] ma-core - Shift Unassigned reminder cron launched
[2023-08-17T12:04:28.008] [INFO] ma-core - Shift Unassigned reminder cron launched
[2023-08-17T12:04:28.009] [INFO] ma-core - Shift Unassigned reminder cron launched
[2023-08-17T12:04:28.010] [INFO] ma-core - Shift Unassigned reminder cron launched
[2023-08-17T12:04:28.011] [INFO] ma-core - Shift Unassigned reminder cron launched
[2023-08-17T12:04:28.013] [INFO] ma-core - Shift Unassigned reminder cron launched
[2023-08-17T12:04:28.014] [INFO] ma-core - Shift Unassigned reminder cron launched
[2023-08-17T12:04:28.016] [INFO] ma-core - Shift Unassigned reminder cron launched
[2023-08-17T12:04:28.018] [INFO] ma-core - Shift Unassigned reminder cron launched
[2023-08-17T12:04:28.024] [INFO] ma-core - Shift Unassigned reminder cron launched
[2023-08-17T12:04:28.025] [INFO] ma-core - Shift Unassigned reminder cron launched
[2023-08-17T12:04:28.026] [INFO] ma-core - Shift Unassigned reminder cron launched
[2023-08-17T12:04:28.028] [INFO] ma-core - Shift Unassigned reminder cron launched
[2023-08-17T12:04:28.029] [INFO] ma-core - Shift Unassigned reminder cron launched
[2023-08-17T12:04:28.031] [INFO] ma-core - Shift Unassigned reminder cron launched
[2023-08-17T12:04:28.033] [INFO] ma-core - Shift Unassigned reminder cron launched
[2023-08-17T12:04:28.037] [INFO] ma-core - Shift Unassigned reminder cron launched
[2023-08-17T12:04:28.040] [INFO] ma-core - Shift Unassigned reminder cron launched
[2023-08-17T12:04:28.044] [INFO] ma-core - cron shift unassigned : startdate before now
[2023-08-17T12:04:28.046] [INFO] ma-core - Shift Unassigned reminder cron launched
[2023-08-17T12:04:28.048] [INFO] ma-core - Shift Unassigned reminder cron launched
[2023-08-17T12:04:28.049] [INFO] ma-core - Shift Unassigned reminder cron launched
[2023-08-17T12:04:28.050] [INFO] ma-core - cron shift unassigned : startdate before now
[2023-08-17T12:04:28.051] [INFO] ma-core - cron shift unassigned : startdate before now
[2023-08-17T12:04:28.053] [INFO] ma-core - Shift Unassigned reminder cron launched
[2023-08-17T12:04:28.054] [INFO] ma-core - Shift Unassigned reminder cron launched
[2023-08-17T12:04:28.056] [INFO] ma-core - Shift Unassigned reminder cron launched
[2023-08-17T12:04:28.057] [INFO] ma-core - Shift Unassigned reminder cron launched
[2023-08-17T12:04:28.063] [INFO] ma-core - Shift Unassigned reminder cron launched
[2023-08-17T12:04:28.068] [INFO] ma-core - Shift Unassigned reminder cron launched
[2023-08-17T12:04:28.072] [INFO] ma-core - cron shift unassigned : startdate before now
[2023-08-17T12:04:28.076] [INFO] ma-core - Shift Unassigned reminder cron launched
[2023-08-17T12:04:28.080] [INFO] ma-core - Shift Unassigned reminder cron launched
[2023-08-17T12:04:28.085] [INFO] ma-core - Shift Unassigned reminder cron launched
[2023-08-17T12:04:28.090] [INFO] ma-core - Shift Unassigned reminder cron launched
[2023-08-17T12:04:28.094] [INFO] ma-core - Shift Unassigned reminder cron launched
[2023-08-17T12:04:28.096] [INFO] ma-core - Shift Unassigned reminder cron launched
[2023-08-17T12:04:28.099] [INFO] ma-core - Shift Unassigned reminder cron launched
[2023-08-17T12:04:28.140] [INFO] ma-core - Shift Unassigned reminder cron launched
[2023-08-17T12:04:28.146] [INFO] ma-core - Shift Unassigned reminder cron launched
[2023-08-17T12:04:28.153] [INFO] ma-core - Shift Unassigned reminder cron launched
[2023-08-17T12:04:28.160] [INFO] ma-core - Shift Unassigned reminder cron launched
[2023-08-17T12:04:28.167] [INFO] ma-core - Shift Unassigned reminder cron launched
[2023-08-17T12:04:28.176] [INFO] ma-core - Shift Unassigned reminder cron launched
[2023-08-17T12:04:28.182] [INFO] ma-core - Shift Unassigned reminder cron launched
[2023-08-17T12:04:28.186] [INFO] ma-core - Shift Unassigned reminder cron launched
[2023-08-17T12:04:28.192] [INFO] ma-core - Shift Unassigned reminder cron launched
[2023-08-17T12:04:28.197] [INFO] ma-core - Shift Unassigned reminder cron launched
[2023-08-17T12:04:28.202] [INFO] ma-core - Shift Unassigned reminder cron launched
[2023-08-17T12:04:28.208] [INFO] ma-core - Shift Unassigned reminder cron launched
[2023-08-17T12:04:28.213] [INFO] ma-core - Shift Unassigned reminder cron launched
[2023-08-17T12:04:28.229] [INFO] ma-core - Shift Unassigned reminder cron launched
[2023-08-17T12:04:28.236] [INFO] ma-core - Shift Unassigned reminder cron launched
[2023-08-17T12:04:28.245] [INFO] ma-core - Shift Unassigned reminder cron launched
[2023-08-17T12:04:28.251] [INFO] ma-core - Shift Unassigned reminder cron launched
[2023-08-17T12:04:28.255] [INFO] ma-core - Shift Unassigned reminder cron launched
[2023-08-17T12:04:28.262] [INFO] ma-core - Shift Unassigned reminder cron launched
[2023-08-17T12:04:28.266] [INFO] ma-core - Shift Unassigned reminder cron launched
[2023-08-17T12:04:28.273] [INFO] ma-core - Shift Unassigned reminder cron launched
[2023-08-17T12:04:28.279] [INFO] ma-core - Shift Unassigned reminder cron launched
[2023-08-17T12:04:28.281] [INFO] ma-core - Shift Unassigned reminder cron launched
[2023-08-17T12:04:28.284] [INFO] ma-core - Shift Unassigned reminder cron launched
[2023-08-17T12:04:28.287] [INFO] ma-core - Shift Unassigned reminder cron launched
[2023-08-17T12:04:28.291] [INFO] ma-core - Shift Unassigned reminder cron launched
[2023-08-17T12:04:28.293] [INFO] ma-core - Shift Unassigned reminder cron launched
[2023-08-17T12:04:28.299] [INFO] ma-core - Shift Unassigned reminder cron launched
[2023-08-17T12:04:28.301] [INFO] ma-core - Shift Unassigned reminder cron launched
[2023-08-17T12:04:28.303] [INFO] ma-core - Shift Unassigned reminder cron launched
[2023-08-17T12:04:28.308] [INFO] ma-core - Shift Unassigned reminder cron launched
[2023-08-17T12:04:28.311] [INFO] ma-core - cron shift unassigned : startdate before now
[2023-08-17T12:04:28.314] [INFO] ma-core - Shift Unassigned reminder cron launched
[2023-08-17T12:04:28.316] [INFO] ma-core - Shift Unassigned reminder cron launched
[2023-08-17T12:04:28.318] [INFO] ma-core - Shift Unassigned reminder cron launched
[2023-08-17T12:04:28.322] [INFO] ma-core - Shift Unassigned reminder cron launched
[2023-08-17T12:04:28.324] [INFO] ma-core - Shift Unassigned reminder cron launched
[2023-08-17T12:04:28.327] [INFO] ma-core - Add user in sync shifts: habbib.hadded@avaxia-group.com
[2023-08-17T12:04:28.365] [INFO] ma-core - Sync shift : add new role success :  /api/shift/sync PATCH ::1
[2023-08-17T12:04:28.366] [INFO] ma-core - Sync shift : add new role success :  /api/shift/sync PATCH ::1
[2023-08-17T12:04:28.366] [INFO] ma-core - Sync shift : add new role success :  /api/shift/sync PATCH ::1
[2023-08-17T12:04:28.367] [INFO] ma-core - Sync shift : add new role success :  /api/shift/sync PATCH ::1
[2023-08-17T12:04:28.367] [INFO] ma-core - Sync shift : add new role success :  /api/shift/sync PATCH ::1
[2023-08-17T12:04:28.368] [INFO] ma-core - Sync shift : add new role success :  /api/shift/sync PATCH ::1
[2023-08-17T12:04:28.368] [INFO] ma-core - Sync shift : add new role success :  /api/shift/sync PATCH ::1
[2023-08-17T12:04:28.368] [INFO] ma-core - Sync shift : add new role success :  /api/shift/sync PATCH ::1
[2023-08-17T12:04:28.369] [INFO] ma-core - Sync shift : add new role success :  /api/shift/sync PATCH ::1
[2023-08-17T12:04:28.386] [INFO] ma-core - Sync shift : add new role success :  /api/shift/sync PATCH ::1
[2023-08-17T12:04:28.387] [INFO] ma-core - Sync shift : add new role success :  /api/shift/sync PATCH ::1
[2023-08-17T12:04:28.387] [INFO] ma-core - Sync shift : add new role success :  /api/shift/sync PATCH ::1
[2023-08-17T12:04:33.689] [INFO] ma-core - get all Customer success /api/customer/ GET ::1
[2023-08-17T12:04:33.792] [INFO] ma-core - get all Customer success /api/customer/ GET ::1
[2023-08-17T12:04:34.697] [INFO] ma-core - get all Customer success /api/customer/ GET ::1
[2023-08-17T12:04:34.797] [INFO] ma-core - get all Customer success /api/customer/ GET ::1
[2023-08-17T12:04:36.109] [INFO] ma-core - get all posts success /api/newsFeed/getAllPosts GET ::1
[2023-08-17T12:04:47.381] [INFO] ma-core - get all Customer success /api/customer/ GET ::1
[2023-08-17T12:04:47.451] [INFO] ma-core - get all Customer success /api/customer/ GET ::1
[2023-08-17T12:05:01.392] [INFO] ma-core - get All Role success /api/role/ GET ::1
[2023-08-17T12:07:24.022] [INFO] ma-core - get all Customer success /api/customer/ GET ::1
[2023-08-17T12:07:24.060] [INFO] ma-core - get all Customer success /api/customer/ GET ::1
[2023-08-17T12:13:30.168] [INFO] ma-core - get all posts success /api/newsFeed/getAllPosts GET ::1
[2023-08-17T12:13:30.422] [INFO] ma-core - get all posts success /api/newsFeed/getAllPosts GET ::1
[2023-08-17T12:13:34.747] [INFO] ma-core - get All nomenclature success /api/nomenclature/ GET ::1
[2023-08-17T12:13:35.095] [INFO] ma-core - Get all shifts success /api/shift/ GET ::1
[2023-08-17T12:13:35.491] [INFO] ma-core - Get all shifts success /api/shift/ GET ::1
[2023-08-17T12:13:54.221] [INFO] ma-core - get All nomenclature success /api/nomenclature/ GET ::1
[2023-08-17T12:13:54.266] [INFO] ma-core - Get all shifts success /api/shift/ GET ::1
[2023-08-17T12:13:56.505] [INFO] ma-core - get All nomenclature success /api/nomenclature/ GET ::1
[2023-08-17T12:13:56.755] [INFO] ma-core - Get all shifts success /api/shift/ GET ::1
[2023-08-17T12:14:14.203] [INFO] ma-core - Get all members success /api/shift/members GET ::1
[2023-08-17T12:18:02.900] [INFO] ma-core - Get all members success /api/shift/members GET ::1
[2023-08-17T12:18:15.490] [INFO] ma-core - get all Customer success /api/customer/ GET ::1
[2023-08-17T12:18:15.588] [INFO] ma-core - get all Customer success /api/customer/ GET ::1
[2023-08-17T12:18:19.963] [INFO] ma-core - get All Role success /api/role/ GET ::1
[2023-08-17T12:18:26.730] [INFO] ma-core - get All Role success /api/role/ GET ::1
[2023-08-17T12:18:28.109] [INFO] ma-core - get All Role success /api/role/ GET ::1
[2023-08-17T12:18:31.454] [INFO] ma-core - get All Module success /api/module/getAll GET ::1
[2023-08-17T12:18:33.247] [INFO] ma-core - get all result form success /api/resultForm/getAllResultForm GET ::1
[2023-08-17T12:18:33.283] [INFO] ma-core - get Monitoring Activities Without Result Form success /api/resultForm/getMonitoringActivitiesWithoutResultForm GET ::1
[2023-08-17T12:21:19.249] [INFO] ma-core - get All Role success /api/role/ GET ::1
[2023-08-17T12:24:01.205] [INFO] ma-core - get All nomenclature success /api/nomenclature/ GET ::1
[2023-08-17T12:24:01.632] [INFO] ma-core - Get all shifts success /api/shift/ GET ::1
[2023-08-17T12:24:01.881] [INFO] ma-core - Get all shifts success /api/shift/ GET ::1
[2023-08-17T12:24:09.811] [INFO] ma-core - Get all members success /api/shift/members GET ::1
[2023-08-17T12:24:52.456] [INFO] ma-core - Get all members success /api/shift/members GET ::1
[2023-08-17T12:25:01.700] [INFO] ma-core - Get all members success /api/shift/members GET ::1
[2023-08-17T12:25:09.407] [INFO] ma-core - Get all members success /api/shift/members GET ::1
[2023-08-17T12:25:17.839] [INFO] ma-core - get all Customer success /api/customer/ GET ::1
[2023-08-17T12:25:20.003] [INFO] ma-core - get Customer success toBase64 error /api/customer/:id/ GET ::1
[2023-08-17T12:26:12.974] [INFO] ma-core - get all Customer success /api/customer/ GET ::1
[2023-08-17T12:26:13.139] [INFO] ma-core - get all Customer success /api/customer/ GET ::1
[2023-08-17T12:28:58.213] [INFO] ma-core - get all Customer success /api/customer/ GET ::1
[2023-08-17T12:28:58.383] [INFO] ma-core - get all Customer success /api/customer/ GET ::1
[2023-08-17T12:28:58.587] [INFO] ma-core - get all Customer success /api/customer/ GET ::1
[2023-08-17T12:28:58.806] [INFO] ma-core - get all Customer success /api/customer/ GET ::1
[2023-08-17T12:30:32.763] [INFO] ma-core - get all Customer success /api/customer/ GET ::1
[2023-08-17T12:30:32.927] [INFO] ma-core - get all Customer success /api/customer/ GET ::1
[2023-08-17T12:31:40.006] [ERROR] ma-core - get All Task By filter error :You are not authorized /api/task/getTasksByFilter GET ::1
[2023-08-17T12:31:44.266] [ERROR] ma-core - get All Task By filter error :You are not authorized /api/task/getTasksByFilter GET ::1
[2023-08-17T12:31:54.255] [ERROR] ma-core - get All Task By filter error :You are not authorized /api/task/getTasksByFilter GET ::1
[2023-08-17T12:31:58.790] [ERROR] ma-core - get All Task By filter error :You are not authorized /api/task/getTasksByFilter GET ::1
[2023-08-17T12:32:26.998] [INFO] ma-core - add Task success /api/task/addOne POST ::1
[2023-08-17T12:32:27.076] [INFO] ma-core - get All Task success /api/task/getFiltredTasks GET ::1
[2023-08-17T12:32:27.178] [INFO] ma-core - Auto cancel/Done Task cron launched
[2023-08-17T12:33:04.711] [ERROR] ma-core - get All Task By filter error :You are not authorized /api/task/getTasksByFilter GET ::1
[2023-08-17T12:33:19.764] [ERROR] ma-core - get All Task By filter error :You are not authorized /api/task/getTasksByFilter GET ::1
[2023-08-17T12:33:57.486] [INFO] ma-core - get All Task By ID success /api/task/getTasksByUserId GET ::1
[2023-08-17T12:33:57.511] [INFO] ma-core - get all Customer success /api/customer/ GET ::1
[2023-08-17T12:33:57.638] [INFO] ma-core - get all Customer success /api/customer/ GET ::1
[2023-08-17T12:33:57.642] [INFO] ma-core - get All Task By ID success /api/task/getTasksByUserId GET ::1
[2023-08-17T12:34:05.616] [INFO] ma-core - get Created Tasks success /api/task/getworkflowTasks GET ::1
[2023-08-17T12:34:10.842] [INFO] ma-core - get all Customer success /api/customer/ GET ::1
[2023-08-17T12:34:10.848] [INFO] ma-core - get All Task By ID success /api/task/getTasksByUserId GET ::1
[2023-08-17T12:34:10.923] [INFO] ma-core - get all Customer success /api/customer/ GET ::1
[2023-08-17T12:34:18.976] [INFO] ma-core - get All Task By ID success /api/task/getTasksByUserId GET ::1
[2023-08-17T12:34:25.142] [INFO] ma-core - get all Customer success /api/customer/ GET ::1
[2023-08-17T12:34:25.300] [INFO] ma-core - get all Customer success /api/customer/ GET ::1
[2023-08-17T12:34:25.352] [INFO] ma-core - get All Task success /api/task/getFiltredTasks GET ::1
[2023-08-17T12:34:25.522] [INFO] ma-core - get All Task success /api/task/getFiltredTasks GET ::1
[2023-08-17T12:34:25.579] [INFO] ma-core - get All Task success /api/task/getFiltredTasks GET ::1
[2023-08-17T12:34:25.596] [INFO] ma-core - get All Task success /api/task/getFiltredTasks GET ::1
[2023-08-17T12:34:25.610] [INFO] ma-core - get All Task success /api/task/getFiltredTasks GET ::1
[2023-08-17T12:35:31.522] [INFO] ma-core - get All nomenclature success /api/nomenclature/ GET ::1
[2023-08-17T12:35:31.832] [INFO] ma-core - Get all shifts success /api/shift/ GET ::1
[2023-08-17T12:35:32.067] [INFO] ma-core - Get all shifts success /api/shift/ GET ::1
[2023-08-17T12:35:39.686] [INFO] ma-core - get All nomenclature success /api/nomenclature/ GET ::1
[2023-08-17T12:35:40.010] [INFO] ma-core - Get all shifts success /api/shift/ GET ::1
[2023-08-17T12:35:40.293] [INFO] ma-core - Get all shifts success /api/shift/ GET ::1
[2023-08-17T12:35:51.037] [INFO] ma-core - get all Customer success /api/customer/ GET ::1
[2023-08-17T12:35:51.256] [INFO] ma-core - get all Customer success /api/customer/ GET ::1
[2023-08-17T12:35:58.039] [INFO] ma-core - get all Customer success /api/customer/ GET ::1
[2023-08-17T12:35:58.147] [INFO] ma-core - get all Customer success /api/customer/ GET ::1
[2023-08-17T12:36:10.884] [INFO] ma-core - get All Role success /api/role/ GET ::1
[2023-08-17T12:36:13.087] [INFO] ma-core - get all Customer success /api/customer/ GET ::1
[2023-08-17T12:36:15.413] [INFO] ma-core - get Customer success toBase64 error /api/customer/:id/ GET ::1
[2023-08-17T12:36:17.747] [INFO] ma-core - get all posts success /api/newsFeed/getAllPosts GET ::1
[2023-08-17T12:36:30.243] [INFO] ma-core - get All Role success /api/role/ GET ::1
[2023-08-17T12:36:37.218] [INFO] ma-core - update user : add new role success :  /api/user/update/:id PATCH
[2023-08-17T12:36:37.240] [INFO] ma-core - update user : update old shift endDate success /api/user/update/:id PATCH
[2023-08-17T12:36:45.415] [INFO] ma-core - get all posts success /api/newsFeed/getAllPosts GET ::1
[2023-08-17T12:36:50.674] [INFO] ma-core - get all posts success /api/newsFeed/getAllPosts GET ::1
[2023-08-17T12:36:51.282] [INFO] ma-core - get all Customer success /api/customer/ GET ::1
[2023-08-17T12:36:51.300] [INFO] ma-core - get All Task By ID success /api/task/getTasksByUserId GET ::1
[2023-08-17T12:36:51.352] [INFO] ma-core - get all Customer success /api/customer/ GET ::1
[2023-08-17T12:36:51.408] [INFO] ma-core - get All Task By ID success /api/task/getTasksByUserId GET ::1
[2023-08-17T12:37:00.746] [INFO] ma-core - get All Task By ID success /api/task/getTasksByUserId GET ::1
[2023-08-17T12:37:06.001] [INFO] ma-core - get All Task By ID success /api/task/getTasksByUserId GET ::1
[2023-08-17T12:37:10.928] [INFO] ma-core - get Created Tasks success /api/task/getworkflowTasks GET ::1
[2023-08-17T12:37:13.975] [INFO] ma-core - get All Task By ID success /api/task/getTasksByUserId GET ::1
[2023-08-17T12:37:14.059] [INFO] ma-core - get all Customer success /api/customer/ GET ::1
[2023-08-17T12:37:14.153] [INFO] ma-core - get all Customer success /api/customer/ GET ::1
[2023-08-17T12:37:53.125] [INFO] ma-core - add Task success /api/task/addOne POST ::1
[2023-08-17T12:37:53.284] [INFO] ma-core - Auto cancel/Done Task cron launched
[2023-08-17T12:37:56.836] [INFO] ma-core - get Created Tasks success /api/task/getworkflowTasks GET ::1
[2023-08-17T12:37:58.045] [INFO] ma-core - get all Customer success /api/customer/ GET ::1
[2023-08-17T12:37:58.065] [INFO] ma-core - get All Task By ID success /api/task/getTasksByUserId GET ::1
[2023-08-17T12:37:58.187] [INFO] ma-core - get all Customer success /api/customer/ GET ::1
[2023-08-17T12:38:01.868] [INFO] ma-core - get All Task By ID success /api/task/getTasksByUserId GET ::1
[2023-08-17T12:38:03.665] [INFO] ma-core - get All Task By ID success /api/task/getTasksByUserId GET ::1
[2023-08-17T12:38:06.152] [INFO] ma-core - get All Task By ID success /api/task/getTasksByUserId GET ::1
[2023-08-17T12:38:06.315] [INFO] ma-core - get all Customer success /api/customer/ GET ::1
[2023-08-17T12:38:06.321] [INFO] ma-core - get All Task By ID success /api/task/getTasksByUserId GET ::1
[2023-08-17T12:38:06.356] [INFO] ma-core - get all Customer success /api/customer/ GET ::1
[2023-08-17T12:38:07.667] [INFO] ma-core - get all posts success /api/newsFeed/getAllPosts GET ::1
[2023-08-17T12:38:08.727] [INFO] ma-core - get All Task By ID success /api/task/getTasksByUserId GET ::1
[2023-08-17T12:38:08.772] [INFO] ma-core - get all Customer success /api/customer/ GET ::1
[2023-08-17T12:38:08.872] [INFO] ma-core - get All Task By ID success /api/task/getTasksByUserId GET ::1
[2023-08-17T12:38:08.895] [INFO] ma-core - get all Customer success /api/customer/ GET ::1
[2023-08-17T12:38:45.772] [INFO] ma-core - get All Role success /api/role/ GET ::1
[2023-08-17T12:39:01.084] [INFO] ma-core - update user : add new role success :  /api/user/update/:id PATCH
[2023-08-17T12:39:09.185] [INFO] ma-core - get all Customer success /api/customer/ GET ::1
[2023-08-17T12:39:09.195] [INFO] ma-core - get All Task By ID success /api/task/getTasksByUserId GET ::1
[2023-08-17T12:39:09.255] [INFO] ma-core - get all Customer success /api/customer/ GET ::1
[2023-08-17T12:39:09.273] [INFO] ma-core - get All Task By ID success /api/task/getTasksByUserId GET ::1
[2023-08-17T12:39:15.960] [INFO] ma-core - get all Customer success /api/customer/ GET ::1
[2023-08-17T12:39:15.995] [INFO] ma-core - get All Task success /api/task/getFiltredTasks GET ::1
[2023-08-17T12:39:16.033] [INFO] ma-core - get All Task success /api/task/getFiltredTasks GET ::1
[2023-08-17T12:39:16.126] [INFO] ma-core - get all Customer success /api/customer/ GET ::1
[2023-08-17T12:39:16.173] [INFO] ma-core - get All Task success /api/task/getFiltredTasks GET ::1
[2023-08-17T12:39:16.233] [INFO] ma-core - get All Task success /api/task/getFiltredTasks GET ::1
[2023-08-17T12:39:16.268] [INFO] ma-core - get All Task success /api/task/getFiltredTasks GET ::1
[2023-08-17T12:39:16.306] [INFO] ma-core - get All Task success /api/task/getFiltredTasks GET ::1
[2023-08-17T12:39:18.518] [INFO] ma-core - get All Task success /api/task/getFiltredTasks GET ::1
[2023-08-17T12:39:30.409] [ERROR] ma-core - update Task :You are not authorized to perform this action /api/task/:id PATCH ::1
[2023-08-17T12:39:31.001] [INFO] ma-core - get All Task success /api/task/getFiltredTasks GET ::1
[2023-08-17T12:39:31.104] [INFO] ma-core - get All Task success /api/task/getFiltredTasks GET ::1
[2023-08-17T12:39:31.176] [INFO] ma-core - get All Task success /api/task/getFiltredTasks GET ::1
[2023-08-17T12:39:33.891] [INFO] ma-core - get All Task success /api/task/getFiltredTasks GET ::1
[2023-08-17T12:39:44.623] [ERROR] ma-core - update Task :You are not authorized to perform this action /api/task/:id PATCH ::1
[2023-08-17T12:39:44.994] [INFO] ma-core - get All Task success /api/task/getFiltredTasks GET ::1
[2023-08-17T12:39:45.110] [INFO] ma-core - get All Task success /api/task/getFiltredTasks GET ::1
[2023-08-17T12:39:45.141] [INFO] ma-core - get All Task success /api/task/getFiltredTasks GET ::1
[2023-08-17T12:39:46.842] [INFO] ma-core - get All Task success /api/task/getFiltredTasks GET ::1
[2023-08-17T12:39:50.114] [ERROR] ma-core - update Task :You are not authorized to perform this action /api/task/:id PATCH ::1
[2023-08-17T12:40:02.025] [INFO] ma-core - get all Customer success /api/customer/ GET ::1
[2023-08-17T12:40:32.462] [ERROR] ma-core - get Created Tasks error :You are not authorized /api/task/getCreatedTasks GET ::1
[2023-08-17T12:40:36.158] [ERROR] ma-core - get Created Tasks error :You are not authorized /api/task/getCreatedTasks GET ::1
[2023-08-17T12:40:45.263] [ERROR] ma-core - get Created Tasks error :You are not authorized /api/task/getCreatedTasks GET ::1
[2023-08-17T12:40:48.510] [ERROR] ma-core - get Created Tasks error :You are not authorized /api/task/getCreatedTasks GET ::1
[2023-08-17T12:40:53.501] [ERROR] ma-core - get Created Tasks error :You are not authorized /api/task/getCreatedTasks GET ::1
[2023-08-17T12:40:56.674] [ERROR] ma-core - get Created Tasks error :You are not authorized /api/task/getCreatedTasks GET ::1
[2023-08-17T12:41:06.989] [INFO] ma-core - get all Customer success /api/customer/ GET ::1
[2023-08-17T12:41:14.999] [INFO] ma-core - get all Customer success /api/customer/ GET ::1
[2023-08-17T12:41:15.027] [INFO] ma-core - get all Customer success /api/customer/ GET ::1
[2023-08-17T12:41:15.053] [INFO] ma-core - get all Customer success /api/customer/ GET ::1
[2023-08-17T12:41:17.737] [INFO] ma-core - get All nomenclature success /api/nomenclature/ GET ::1
[2023-08-17T12:41:18.038] [INFO] ma-core - Get all shifts success /api/shift/ GET ::1
[2023-08-17T12:41:18.308] [INFO] ma-core - Get all shifts success /api/shift/ GET ::1
[2023-08-17T12:41:21.267] [INFO] ma-core - get all Customer success /api/customer/ GET ::1
[2023-08-17T12:41:24.493] [INFO] ma-core - get all Customer success /api/customer/ GET ::1
[2023-08-17T12:41:24.510] [INFO] ma-core - get All Task By ID success /api/task/getTasksByUserId GET ::1
[2023-08-17T12:41:24.631] [INFO] ma-core - get all Customer success /api/customer/ GET ::1
[2023-08-17T12:41:24.643] [INFO] ma-core - get All Task By ID success /api/task/getTasksByUserId GET ::1
[2023-08-17T12:41:27.454] [INFO] ma-core - get all Customer success /api/customer/ GET ::1
[2023-08-17T12:41:27.578] [INFO] ma-core - get all Customer success /api/customer/ GET ::1
[2023-08-17T12:41:27.613] [INFO] ma-core - get All Task success /api/task/getFiltredTasks GET ::1
[2023-08-17T12:41:27.628] [INFO] ma-core - get All Task success /api/task/getFiltredTasks GET ::1
[2023-08-17T12:41:27.746] [INFO] ma-core - get All Task success /api/task/getFiltredTasks GET ::1
[2023-08-17T12:41:27.821] [INFO] ma-core - get All Task success /api/task/getFiltredTasks GET ::1
[2023-08-17T12:41:27.903] [INFO] ma-core - get All Task success /api/task/getFiltredTasks GET ::1
[2023-08-17T12:41:27.942] [INFO] ma-core - get All Task success /api/task/getFiltredTasks GET ::1
[2023-08-17T12:41:30.634] [INFO] ma-core - get all Customer success /api/customer/ GET ::1
[2023-08-17T12:41:30.647] [INFO] ma-core - get All Task By ID success /api/task/getTasksByUserId GET ::1
[2023-08-17T12:41:30.766] [INFO] ma-core - get all Customer success /api/customer/ GET ::1
[2023-08-17T12:41:30.788] [INFO] ma-core - get All Task By ID success /api/task/getTasksByUserId GET ::1
[2023-08-17T12:41:34.511] [INFO] ma-core - get Created Tasks success /api/task/getworkflowTasks GET ::1
[2023-08-17T12:41:35.867] [INFO] ma-core - get all Customer success /api/customer/ GET ::1
[2023-08-17T12:41:35.882] [INFO] ma-core - get All Task By ID success /api/task/getTasksByUserId GET ::1
[2023-08-17T12:41:35.970] [INFO] ma-core - get all Customer success /api/customer/ GET ::1
[2023-08-17T12:41:36.979] [INFO] ma-core - get All Task By ID success /api/task/getTasksByUserId GET ::1
[2023-08-17T12:41:39.001] [INFO] ma-core - get All Task By ID success /api/task/getTasksByUserId GET ::1
[2023-08-17T12:41:52.854] [INFO] ma-core - get all Customer success /api/customer/ GET ::1
[2023-08-17T12:41:52.979] [INFO] ma-core - get All Task success /api/task/getFiltredTasks GET ::1
[2023-08-17T12:41:52.995] [INFO] ma-core - get All Task success /api/task/getFiltredTasks GET ::1
[2023-08-17T12:41:53.115] [INFO] ma-core - get all Customer success /api/customer/ GET ::1
[2023-08-17T12:41:53.163] [INFO] ma-core - get All Task success /api/task/getFiltredTasks GET ::1
[2023-08-17T12:41:53.257] [INFO] ma-core - get All Task success /api/task/getFiltredTasks GET ::1
[2023-08-17T12:41:53.292] [INFO] ma-core - get All Task success /api/task/getFiltredTasks GET ::1
[2023-08-17T12:41:53.310] [INFO] ma-core - get All Task success /api/task/getFiltredTasks GET ::1
[2023-08-17T12:41:57.466] [INFO] ma-core - get All Task success /api/task/getFiltredTasks GET ::1
[2023-08-17T12:42:25.994] [ERROR] ma-core - update Task :You are not authorized to perform this action /api/task/:id PATCH ::1
[2023-08-17T12:42:25.998] [ERROR] ma-core - update Task :You are not authorized to perform this action /api/task/:id PATCH ::1
[2023-08-17T12:42:26.090] [INFO] ma-core - get All Task success /api/task/getFiltredTasks GET ::1
[2023-08-17T12:42:26.168] [INFO] ma-core - get All Task success /api/task/getFiltredTasks GET ::1
[2023-08-17T12:42:26.254] [INFO] ma-core - get All Task success /api/task/getFiltredTasks GET ::1
[2023-08-17T12:42:26.279] [INFO] ma-core - get All Task success /api/task/getFiltredTasks GET ::1
[2023-08-17T12:42:57.136] [INFO] ma-core - get All Role success /api/role/ GET ::1
[2023-08-17T12:43:03.308] [INFO] ma-core - get All Module success /api/module/getAll GET ::1
[2023-08-17T12:43:03.409] [INFO] ma-core - get by id Role success /api/role/:id/ GET ::1
[2023-08-17T12:43:15.157] [INFO] ma-core - get All Module success /api/module/getAll GET ::1
[2023-08-17T12:43:15.218] [INFO] ma-core - get by id Role success /api/role/:id/ GET ::1
[2023-08-17T12:44:46.907] [INFO] ma-core - update Role success /api/role/update/:id PATCH ::1
[2023-08-17T12:44:47.144] [INFO] ma-core - get All Role success /api/role/ GET ::1
