[2023-10-05T16:36:18.757] [INFO] ma-core - database URI mongodb://localhost:27017/core
[2023-10-05T16:36:23.696] [INFO] ma-core - server started at port 5000
[2023-10-05T16:36:23.801] [INFO] ma-core - mongodb conected
[2023-10-05T16:37:22.111] [INFO] ma-core - get all posts success /api/newsFeed/getAllPosts GET ::1
[2023-10-05T16:37:27.528] [INFO] ma-core - get all posts success /api/newsFeed/getAllPosts GET ::1
[2023-10-05T16:37:27.733] [INFO] ma-core - get all posts success /api/newsFeed/getAllPosts GET ::1
[2023-10-05T16:37:44.697] [INFO] ma-core - get all Customer success /api/customer/ GET ::1
[2023-10-05T16:37:47.232] [INFO] ma-core - get all Customer success /api/customer/ GET ::1
[2023-10-05T16:37:48.051] [INFO] ma-core - get all Customer success /api/customer/ GET ::1
[2023-10-05T16:37:49.698] [INFO] ma-core - get all Customer success /api/customer/ GET ::1
[2023-10-05T16:37:51.586] [INFO] ma-core - get Customer success toBase64 error /api/customer/:id/ GET ::1
[2023-10-05T17:48:49.676] [INFO] ma-core - get All Role success /api/role/ GET ::1
[2023-10-05T17:52:18.379] [INFO] ma-core - get All Role success /api/role/ GET ::1
[2023-10-05T18:06:36.664] [INFO] ma-core - get All Role success /api/role/ GET ::1
[2023-10-05T18:12:11.215] [INFO] ma-core - get All Role success /api/role/ GET ::1
[2023-10-05T18:17:23.389] [INFO] ma-core - get all Customer success /api/customer/ GET ::1
[2023-10-05T18:17:53.147] [INFO] ma-core - get all posts success /api/newsFeed/getAllPosts GET ::1
[2023-10-05T18:30:09.525] [INFO] ma-core - get All Role success /api/role/ GET ::1
[2023-10-05T18:32:18.838] [INFO] ma-core - get All Module success /api/module/getAll GET ::1
[2023-10-05T18:33:12.365] [INFO] ma-core - get All Module success /api/module/getAll GET ::1
[2023-10-05T18:39:43.878] [INFO] ma-core - get All Module success /api/module/getAll GET ::1
[2023-10-05T18:46:07.637] [INFO] ma-core - get All Module success /api/module/getAll GET ::1
[2023-10-05T18:47:04.693] [INFO] ma-core - get All Module success /api/module/getAll GET ::1
[2023-10-05T18:51:57.732] [INFO] ma-core - get All Module success /api/module/getAll GET ::1
[2023-10-05T18:52:00.686] [INFO] ma-core - get All Module success /api/module/getAll GET ::1
[2023-10-05T18:52:13.598] [INFO] ma-core - get all posts success /api/newsFeed/getAllPosts GET ::1
[2023-10-05T18:52:18.211] [INFO] ma-core - get all Customer success /api/customer/ GET ::1
[2023-10-05T18:59:23.104] [INFO] ma-core - get Customer success toBase64 error /api/customer/:id/ GET ::1
[2023-10-05T19:09:42.376] [INFO] ma-core - get Customer success toBase64 error /api/customer/:id/ GET ::1
[2023-10-05T19:09:45.837] [INFO] ma-core - get all posts success /api/newsFeed/getAllPosts GET ::1
