[2023-10-15T14:21:43.760] [INFO] ma-core - database URI mongodb://localhost:27017/core
[2023-10-15T14:21:45.328] [INFO] ma-core - server started at port 5000
[2023-10-15T14:21:45.365] [INFO] ma-core - mongodb conected
[2023-10-15T14:22:29.174] [INFO] ma-core - get all posts success /api/newsFeed/getAllPosts GET ::1
[2023-10-15T14:22:36.055] [INFO] ma-core - get all posts success /api/newsFeed/getAllPosts GET ::1
[2023-10-15T14:22:36.265] [INFO] ma-core - get all posts success /api/newsFeed/getAllPosts GET ::1
[2023-10-15T14:22:55.051] [INFO] ma-core - get All Role success /api/role/ GET ::1
[2023-10-15T14:23:02.352] [INFO] ma-core - get All Module success /api/module/getAll GET ::1
[2023-10-15T14:23:02.460] [INFO] ma-core - get by id Role success /api/role/:id/ GET ::1
[2023-10-15T14:23:24.668] [INFO] ma-core - update Role success /api/role/update/:id PATCH ::1
[2023-10-15T14:23:24.941] [INFO] ma-core - get All Role success /api/role/ GET ::1
[2023-10-15T14:24:15.905] [INFO] ma-core - get All Module success /api/module/getAll GET ::1
[2023-10-15T14:24:15.963] [INFO] ma-core - get by id Role success /api/role/:id/ GET ::1
[2023-10-15T14:24:53.242] [INFO] ma-core - Get all shifts success /api/shift/getAllMembersByShifts GET ::1
[2023-10-15T14:25:26.579] [INFO] ma-core - get all Customer success /api/customer/ GET ::1
[2023-10-15T14:25:37.447] [INFO] ma-core - get all Customer success /api/customer/ GET ::1
[2023-10-15T14:25:37.499] [INFO] ma-core - get all Customer success /api/customer/ GET ::1
[2023-10-15T14:33:52.776] [INFO] ma-core - get all posts success /api/newsFeed/getAllPosts GET ::1
[2023-10-15T14:34:03.113] [INFO] ma-core - get all posts success /api/newsFeed/getAllPosts GET ::1
[2023-10-15T14:34:08.211] [INFO] ma-core - Get all shifts success /api/shift/getAllMembersByShifts GET ::1
[2023-10-15T14:34:26.839] [INFO] ma-core - get all posts success /api/newsFeed/getAllPosts GET ::1
[2023-10-15T14:35:03.275] [INFO] ma-core - get all posts success /api/newsFeed/getAllPosts GET ::1
[2023-10-15T14:35:03.789] [INFO] ma-core - get all posts success /api/newsFeed/getAllPosts GET ::1
[2023-10-15T14:36:02.776] [INFO] ma-core - add new shifts success /api/shift/sync PATCH ::1
[2023-10-15T14:36:02.786] [INFO] ma-core - sync shift success /api/shift/sync PATCH ::1
[2023-10-15T14:36:03.548] [INFO] ma-core - Shift Unassigned reminder cron launched
[2023-10-15T14:36:03.553] [INFO] ma-core - Shift Unassigned reminder cron launched
[2023-10-15T14:36:03.558] [INFO] ma-core - Shift Unassigned reminder cron launched
[2023-10-15T14:36:03.563] [INFO] ma-core - Shift Unassigned reminder cron launched
[2023-10-15T14:36:03.572] [INFO] ma-core - Shift Unassigned reminder cron launched
[2023-10-15T14:36:03.574] [INFO] ma-core - Shift Unassigned reminder cron launched
[2023-10-15T14:36:03.578] [INFO] ma-core - Shift Unassigned reminder cron launched
[2023-10-15T14:36:03.581] [INFO] ma-core - cron shift unassigned : startdate before now
[2023-10-15T14:36:03.591] [INFO] ma-core - Shift Unassigned reminder cron launched
[2023-10-15T14:36:03.596] [INFO] ma-core - Shift Unassigned reminder cron launched
[2023-10-15T14:36:03.605] [INFO] ma-core - Shift Unassigned reminder cron launched
[2023-10-15T14:36:03.608] [INFO] ma-core - Shift Unassigned reminder cron launched
[2023-10-15T14:36:03.614] [INFO] ma-core - Shift Unassigned reminder cron launched
[2023-10-15T14:36:03.620] [INFO] ma-core - Shift Unassigned reminder cron launched
[2023-10-15T14:36:03.627] [INFO] ma-core - Shift Unassigned reminder cron launched
[2023-10-15T14:36:03.635] [INFO] ma-core - Shift Unassigned reminder cron launched
[2023-10-15T14:36:03.638] [INFO] ma-core - cron shift unassigned : startdate before now
[2023-10-15T14:36:03.641] [INFO] ma-core - cron shift unassigned : startdate before now
[2023-10-15T14:36:03.649] [INFO] ma-core - Shift Unassigned reminder cron launched
[2023-10-15T14:36:03.654] [INFO] ma-core - Shift Unassigned reminder cron launched
[2023-10-15T14:36:03.658] [INFO] ma-core - Shift Unassigned reminder cron launched
[2023-10-15T14:36:03.664] [INFO] ma-core - Shift Unassigned reminder cron launched
[2023-10-15T14:36:03.669] [INFO] ma-core - Shift Unassigned reminder cron launched
[2023-10-15T14:36:03.672] [INFO] ma-core - Shift Unassigned reminder cron launched
[2023-10-15T14:36:03.700] [INFO] ma-core - Shift Unassigned reminder cron launched
[2023-10-15T14:36:03.706] [INFO] ma-core - Shift Unassigned reminder cron launched
[2023-10-15T14:36:03.711] [INFO] ma-core - Shift Unassigned reminder cron launched
[2023-10-15T14:36:03.715] [INFO] ma-core - Shift Unassigned reminder cron launched
[2023-10-15T14:36:03.718] [INFO] ma-core - Shift Unassigned reminder cron launched
[2023-10-15T14:36:03.724] [INFO] ma-core - Shift Unassigned reminder cron launched
[2023-10-15T14:36:03.738] [INFO] ma-core - Shift Unassigned reminder cron launched
[2023-10-15T14:36:03.742] [INFO] ma-core - Shift Unassigned reminder cron launched
[2023-10-15T14:36:03.746] [INFO] ma-core - Shift Unassigned reminder cron launched
[2023-10-15T14:36:03.753] [INFO] ma-core - Shift Unassigned reminder cron launched
[2023-10-15T14:36:03.760] [INFO] ma-core - Shift Unassigned reminder cron launched
[2023-10-15T14:36:03.765] [INFO] ma-core - Shift Unassigned reminder cron launched
[2023-10-15T14:36:03.771] [INFO] ma-core - Shift Unassigned reminder cron launched
[2023-10-15T14:36:03.777] [INFO] ma-core - Shift Unassigned reminder cron launched
[2023-10-15T14:36:03.780] [INFO] ma-core - cron shift unassigned : startdate before now
[2023-10-15T14:36:03.788] [INFO] ma-core - Shift Unassigned reminder cron launched
[2023-10-15T14:36:03.792] [INFO] ma-core - Shift Unassigned reminder cron launched
[2023-10-15T14:36:03.798] [INFO] ma-core - Shift Unassigned reminder cron launched
[2023-10-15T14:36:03.803] [INFO] ma-core - Shift Unassigned reminder cron launched
[2023-10-15T14:36:03.828] [INFO] ma-core - Shift Unassigned reminder cron launched
[2023-10-15T14:36:03.833] [INFO] ma-core - Shift Unassigned reminder cron launched
[2023-10-15T14:36:03.839] [INFO] ma-core - Shift Unassigned reminder cron launched
[2023-10-15T14:36:03.843] [INFO] ma-core - Shift Unassigned reminder cron launched
[2023-10-15T14:36:03.847] [INFO] ma-core - Shift Unassigned reminder cron launched
[2023-10-15T14:36:03.852] [INFO] ma-core - Shift Unassigned reminder cron launched
[2023-10-15T14:36:03.856] [INFO] ma-core - Shift Unassigned reminder cron launched
[2023-10-15T14:36:03.862] [INFO] ma-core - Shift Unassigned reminder cron launched
[2023-10-15T14:36:03.868] [INFO] ma-core - Shift Unassigned reminder cron launched
[2023-10-15T14:36:03.871] [INFO] ma-core - cron shift unassigned : startdate before now
[2023-10-15T14:36:03.877] [INFO] ma-core - Shift Unassigned reminder cron launched
[2023-10-15T14:36:03.884] [INFO] ma-core - Shift Unassigned reminder cron launched
[2023-10-15T14:36:03.890] [INFO] ma-core - Shift Unassigned reminder cron launched
[2023-10-15T14:36:03.895] [INFO] ma-core - Shift Unassigned reminder cron launched
[2023-10-15T14:36:03.899] [INFO] ma-core - Shift Unassigned reminder cron launched
[2023-10-15T14:36:03.904] [INFO] ma-core - Shift Unassigned reminder cron launched
[2023-10-15T14:36:03.911] [INFO] ma-core - Shift Unassigned reminder cron launched
[2023-10-15T14:36:03.915] [INFO] ma-core - Shift Unassigned reminder cron launched
[2023-10-15T14:36:03.920] [INFO] ma-core - Shift Unassigned reminder cron launched
[2023-10-15T14:36:03.925] [INFO] ma-core - Shift Unassigned reminder cron launched
[2023-10-15T14:36:03.939] [INFO] ma-core - Shift Unassigned reminder cron launched
[2023-10-15T14:36:03.943] [INFO] ma-core - Shift Unassigned reminder cron launched
[2023-10-15T14:36:03.947] [INFO] ma-core - Shift Unassigned reminder cron launched
[2023-10-15T14:36:03.951] [INFO] ma-core - Shift Unassigned reminder cron launched
[2023-10-15T14:36:03.954] [INFO] ma-core - cron shift unassigned : startdate before now
[2023-10-15T14:36:03.958] [INFO] ma-core - Shift Unassigned reminder cron launched
[2023-10-15T14:36:03.962] [INFO] ma-core - Shift Unassigned reminder cron launched
[2023-10-15T14:36:03.970] [INFO] ma-core - Shift Unassigned reminder cron launched
[2023-10-15T14:36:03.974] [INFO] ma-core - Shift Unassigned reminder cron launched
[2023-10-15T14:36:03.977] [INFO] ma-core - Shift Unassigned reminder cron launched
[2023-10-15T14:36:03.985] [INFO] ma-core - Shift Unassigned reminder cron launched
[2023-10-15T14:36:03.990] [INFO] ma-core - Shift Unassigned reminder cron launched
[2023-10-15T14:36:03.994] [INFO] ma-core - Shift Unassigned reminder cron launched
[2023-10-15T14:36:03.999] [INFO] ma-core - Shift Unassigned reminder cron launched
[2023-10-15T14:36:04.005] [INFO] ma-core - Shift Unassigned reminder cron launched
[2023-10-15T14:36:04.010] [INFO] ma-core - Shift Unassigned reminder cron launched
[2023-10-15T14:36:04.014] [INFO] ma-core - Shift Unassigned reminder cron launched
[2023-10-15T14:36:04.022] [INFO] ma-core - Shift Unassigned reminder cron launched
[2023-10-15T14:36:04.025] [INFO] ma-core - cron shift unassigned : startdate before now
[2023-10-15T14:36:04.035] [INFO] ma-core - Shift Unassigned reminder cron launched
[2023-10-15T14:36:04.081] [INFO] ma-core - Shift Unassigned reminder cron launched
[2023-10-15T14:36:04.086] [INFO] ma-core - Shift Unassigned reminder cron launched
[2023-10-15T14:36:04.091] [INFO] ma-core - Shift Unassigned reminder cron launched
[2023-10-15T14:36:04.099] [INFO] ma-core - Shift Unassigned reminder cron launched
[2023-10-15T14:36:04.105] [INFO] ma-core - Shift Unassigned reminder cron launched
[2023-10-15T14:36:04.113] [INFO] ma-core - Shift Unassigned reminder cron launched
[2023-10-15T14:36:04.122] [INFO] ma-core - Shift Unassigned reminder cron launched
[2023-10-15T14:36:04.128] [INFO] ma-core - Shift Unassigned reminder cron launched
[2023-10-15T14:36:04.134] [INFO] ma-core - Shift Unassigned reminder cron launched
[2023-10-15T14:36:04.139] [INFO] ma-core - Shift Unassigned reminder cron launched
[2023-10-15T14:36:04.157] [INFO] ma-core - Shift Unassigned reminder cron launched
[2023-10-15T14:36:04.163] [INFO] ma-core - Shift Unassigned reminder cron launched
[2023-10-15T14:36:04.169] [INFO] ma-core - Shift Unassigned reminder cron launched
[2023-10-15T14:36:04.176] [INFO] ma-core - Shift Unassigned reminder cron launched
[2023-10-15T14:36:04.182] [INFO] ma-core - Shift Unassigned reminder cron launched
[2023-10-15T14:36:04.188] [INFO] ma-core - Shift Unassigned reminder cron launched
[2023-10-15T14:36:04.197] [INFO] ma-core - Shift Unassigned reminder cron launched
[2023-10-15T14:36:04.202] [INFO] ma-core - Shift Unassigned reminder cron launched
[2023-10-15T14:36:04.208] [INFO] ma-core - Shift Unassigned reminder cron launched
[2023-10-15T14:36:04.212] [INFO] ma-core - Shift Unassigned reminder cron launched
[2023-10-15T14:36:04.226] [INFO] ma-core - Shift Unassigned reminder cron launched
[2023-10-15T14:36:04.232] [INFO] ma-core - Shift Unassigned reminder cron launched
[2023-10-15T14:36:04.236] [INFO] ma-core - Shift Unassigned reminder cron launched
[2023-10-15T14:36:04.242] [INFO] ma-core - Shift Unassigned reminder cron launched
[2023-10-15T14:36:04.247] [INFO] ma-core - Shift Unassigned reminder cron launched
[2023-10-15T14:36:04.252] [INFO] ma-core - Shift Unassigned reminder cron launched
[2023-10-15T14:36:04.257] [INFO] ma-core - Shift Unassigned reminder cron launched
[2023-10-15T14:36:04.261] [INFO] ma-core - Shift Unassigned reminder cron launched
[2023-10-15T14:36:04.265] [INFO] ma-core - Shift Unassigned reminder cron launched
[2023-10-15T14:36:04.269] [INFO] ma-core - Shift Unassigned reminder cron launched
[2023-10-15T14:36:04.275] [INFO] ma-core - Shift Unassigned reminder cron launched
[2023-10-15T14:36:04.280] [INFO] ma-core - Shift Unassigned reminder cron launched
[2023-10-15T14:36:04.286] [INFO] ma-core - Shift Unassigned reminder cron launched
[2023-10-15T14:36:04.290] [INFO] ma-core - Shift Unassigned reminder cron launched
[2023-10-15T14:36:04.293] [INFO] ma-core - Shift Unassigned reminder cron launched
[2023-10-15T14:36:04.297] [INFO] ma-core - Shift Unassigned reminder cron launched
[2023-10-15T14:36:04.302] [INFO] ma-core - Shift Unassigned reminder cron launched
[2023-10-15T14:36:04.307] [INFO] ma-core - Shift Unassigned reminder cron launched
[2023-10-15T14:36:04.311] [INFO] ma-core - Shift Unassigned reminder cron launched
[2023-10-15T14:36:04.315] [INFO] ma-core - Shift Unassigned reminder cron launched
[2023-10-15T14:36:04.320] [INFO] ma-core - Shift Unassigned reminder cron launched
[2023-10-15T14:36:04.323] [INFO] ma-core - Shift Unassigned reminder cron launched
[2023-10-15T14:36:04.327] [INFO] ma-core - Shift Unassigned reminder cron launched
[2023-10-15T14:36:04.332] [INFO] ma-core - Shift Unassigned reminder cron launched
[2023-10-15T14:36:04.337] [INFO] ma-core - Shift Unassigned reminder cron launched
[2023-10-15T14:36:04.340] [INFO] ma-core - Shift Unassigned reminder cron launched
[2023-10-15T14:36:04.343] [INFO] ma-core - Shift Unassigned reminder cron launched
[2023-10-15T14:36:04.347] [INFO] ma-core - Shift Unassigned reminder cron launched
[2023-10-15T14:36:04.351] [INFO] ma-core - Shift Unassigned reminder cron launched
[2023-10-15T14:36:04.354] [INFO] ma-core - Shift Unassigned reminder cron launched
[2023-10-15T14:36:04.357] [INFO] ma-core - Shift Unassigned reminder cron launched
[2023-10-15T14:36:04.360] [INFO] ma-core - Shift Unassigned reminder cron launched
[2023-10-15T14:36:04.370] [INFO] ma-core - Shift Unassigned reminder cron launched
[2023-10-15T14:36:04.372] [INFO] ma-core - Shift Unassigned reminder cron launched
[2023-10-15T14:36:04.376] [INFO] ma-core - Shift Unassigned reminder cron launched
[2023-10-15T14:36:04.382] [INFO] ma-core - Shift Unassigned reminder cron launched
[2023-10-15T14:36:04.389] [INFO] ma-core - Shift Unassigned reminder cron launched
[2023-10-15T14:36:04.393] [INFO] ma-core - Shift Unassigned reminder cron launched
[2023-10-15T14:36:04.397] [INFO] ma-core - Shift Unassigned reminder cron launched
[2023-10-15T14:36:04.402] [INFO] ma-core - cron shift unassigned : startdate before now
[2023-10-15T14:36:04.412] [INFO] ma-core - Shift Unassigned reminder cron launched
[2023-10-15T14:36:04.418] [INFO] ma-core - Shift Unassigned reminder cron launched
[2023-10-15T14:36:04.425] [INFO] ma-core - Shift Unassigned reminder cron launched
[2023-10-15T14:36:04.432] [INFO] ma-core - Shift Unassigned reminder cron launched
[2023-10-15T14:36:04.435] [INFO] ma-core - cron shift unassigned : startdate before now
[2023-10-15T14:36:04.443] [INFO] ma-core - Shift Unassigned reminder cron launched
[2023-10-15T14:36:04.448] [INFO] ma-core - Shift Unassigned reminder cron launched
[2023-10-15T14:36:04.452] [INFO] ma-core - Shift Unassigned reminder cron launched
[2023-10-15T14:36:04.457] [INFO] ma-core - Shift Unassigned reminder cron launched
[2023-10-15T14:36:04.459] [INFO] ma-core - cron shift unassigned : startdate before now
[2023-10-15T14:36:04.465] [INFO] ma-core - Shift Unassigned reminder cron launched
[2023-10-15T14:36:04.471] [INFO] ma-core - Shift Unassigned reminder cron launched
[2023-10-15T14:36:04.474] [INFO] ma-core - Shift Unassigned reminder cron launched
[2023-10-15T14:36:16.635] [INFO] ma-core - get All nomenclature success /api/nomenclature/ GET ::1
[2023-10-15T14:36:16.865] [INFO] ma-core - Get all shifts success /api/shift/ GET ::1
[2023-10-15T14:36:17.067] [INFO] ma-core - Get all shifts success /api/shift/ GET ::1
[2023-10-15T14:36:20.343] [INFO] ma-core - Get all shifts success /api/shift/getAllMembersByShifts GET ::1
[2023-10-15T14:37:59.984] [INFO] ma-core - Get all shifts success /api/shift/getAllMembersByShifts GET ::1
[2023-10-15T14:41:12.858] [INFO] ma-core - Get all shifts success /api/shift/getAllMembersByShifts GET ::1
[2023-10-15T14:41:23.316] [INFO] ma-core - get all posts success /api/newsFeed/getAllPosts GET ::1
[2023-10-15T14:41:38.344] [INFO] ma-core - get all Customer success /api/customer/ GET ::1
[2023-10-15T14:41:38.409] [INFO] ma-core - get all Customer success /api/customer/ GET ::1
[2023-10-15T14:41:39.895] [INFO] ma-core - get all Customer success /api/customer/ GET ::1
[2023-10-15T14:41:40.070] [INFO] ma-core - get all Customer success /api/customer/ GET ::1
[2023-10-15T14:41:41.080] [INFO] ma-core - get all posts success /api/newsFeed/getAllPosts GET ::1
[2023-10-15T14:41:41.953] [INFO] ma-core - get all Customer success /api/customer/ GET ::1
[2023-10-15T14:41:42.129] [INFO] ma-core - get all Customer success /api/customer/ GET ::1
[2023-10-15T14:42:42.191] [INFO] ma-core - get all posts success /api/newsFeed/getAllPosts GET ::1
[2023-10-15T14:43:23.001] [INFO] ma-core - get all posts success /api/newsFeed/getAllPosts GET ::1
[2023-10-15T14:43:23.511] [INFO] ma-core - get all posts success /api/newsFeed/getAllPosts GET ::1
[2023-10-15T14:43:28.827] [INFO] ma-core - get all posts success /api/newsFeed/getAllPosts GET ::1
[2023-10-15T14:43:29.083] [INFO] ma-core - get all posts success /api/newsFeed/getAllPosts GET ::1
[2023-10-15T14:43:42.438] [INFO] ma-core - get all posts success /api/newsFeed/getAllPosts GET ::1
[2023-10-15T14:43:42.628] [INFO] ma-core - get all posts success /api/newsFeed/getAllPosts GET ::1
[2023-10-15T14:44:34.550] [INFO] ma-core - get all posts success /api/newsFeed/getAllPosts GET ::1
[2023-10-15T14:44:34.924] [INFO] ma-core - get all posts success /api/newsFeed/getAllPosts GET ::1
[2023-10-15T14:44:55.170] [INFO] ma-core - Get all shifts success /api/shift/getAllMembersByShifts GET ::1
[2023-10-15T14:45:33.847] [INFO] ma-core - get all posts success /api/newsFeed/getAllPosts GET ::1
[2023-10-15T14:45:34.457] [INFO] ma-core - get all posts success /api/newsFeed/getAllPosts GET ::1
[2023-10-15T14:46:16.663] [INFO] ma-core - get All Role success /api/role/ GET ::1
[2023-10-15T14:46:20.142] [INFO] ma-core - get All Module success /api/module/getAll GET ::1
[2023-10-15T14:46:20.281] [INFO] ma-core - get by id Role success /api/role/:id/ GET ::1
[2023-10-15T14:46:32.532] [INFO] ma-core - update Role success /api/role/update/:id PATCH ::1
[2023-10-15T14:46:32.831] [INFO] ma-core - get All Role success /api/role/ GET ::1
[2023-10-15T14:46:36.977] [INFO] ma-core - get all Customer success /api/customer/ GET ::1
[2023-10-15T14:46:47.753] [INFO] ma-core - get All Role success /api/role/ GET ::1
[2023-10-15T14:46:57.822] [INFO] ma-core - update user : add new role success :  /api/user/update/:id PATCH
[2023-10-15T14:47:05.615] [INFO] ma-core - Get all shifts success /api/shift/getAllMembersByShifts GET ::1
[2023-10-15T14:50:27.011] [INFO] ma-core - add new shifts success /api/shift/sync PATCH ::1
[2023-10-15T14:50:27.023] [INFO] ma-core - sync shift success /api/shift/sync PATCH ::1
[2023-10-15T14:50:27.687] [INFO] ma-core - Shift Unassigned reminder cron launched
[2023-10-15T14:50:27.689] [INFO] ma-core - cron shift unassigned : startdate before now
[2023-10-15T14:50:27.696] [INFO] ma-core - Shift Unassigned reminder cron launched
[2023-10-15T14:50:27.701] [INFO] ma-core - Shift Unassigned reminder cron launched
[2023-10-15T14:50:27.714] [INFO] ma-core - Shift Unassigned reminder cron launched
[2023-10-15T14:50:27.716] [INFO] ma-core - Shift Unassigned reminder cron launched
[2023-10-15T14:50:27.720] [INFO] ma-core - Shift Unassigned reminder cron launched
[2023-10-15T14:50:27.723] [INFO] ma-core - cron shift unassigned : startdate before now
[2023-10-15T14:50:27.728] [INFO] ma-core - Shift Unassigned reminder cron launched
[2023-10-15T14:50:27.733] [INFO] ma-core - Shift Unassigned reminder cron launched
[2023-10-15T14:50:27.740] [INFO] ma-core - Shift Unassigned reminder cron launched
[2023-10-15T14:50:27.744] [INFO] ma-core - Shift Unassigned reminder cron launched
[2023-10-15T14:50:27.747] [INFO] ma-core - cron shift unassigned : startdate before now
[2023-10-15T14:50:27.750] [INFO] ma-core - Shift Unassigned reminder cron launched
[2023-10-15T14:50:27.770] [INFO] ma-core - Shift Unassigned reminder cron launched
[2023-10-15T14:50:27.776] [INFO] ma-core - Shift Unassigned reminder cron launched
[2023-10-15T14:50:27.782] [INFO] ma-core - Shift Unassigned reminder cron launched
[2023-10-15T14:50:27.786] [INFO] ma-core - cron shift unassigned : startdate before now
[2023-10-15T14:50:27.791] [INFO] ma-core - Shift Unassigned reminder cron launched
[2023-10-15T14:50:27.794] [INFO] ma-core - Shift Unassigned reminder cron launched
[2023-10-15T14:50:27.797] [INFO] ma-core - Shift Unassigned reminder cron launched
[2023-10-15T14:50:27.801] [INFO] ma-core - Shift Unassigned reminder cron launched
[2023-10-15T14:50:27.807] [INFO] ma-core - Shift Unassigned reminder cron launched
[2023-10-15T14:50:27.811] [INFO] ma-core - Shift Unassigned reminder cron launched
[2023-10-15T14:50:27.822] [INFO] ma-core - Shift Unassigned reminder cron launched
[2023-10-15T14:50:27.827] [INFO] ma-core - Shift Unassigned reminder cron launched
[2023-10-15T14:50:27.831] [INFO] ma-core - Shift Unassigned reminder cron launched
[2023-10-15T14:50:27.835] [INFO] ma-core - Shift Unassigned reminder cron launched
[2023-10-15T14:50:27.842] [INFO] ma-core - Shift Unassigned reminder cron launched
[2023-10-15T14:50:27.845] [INFO] ma-core - Shift Unassigned reminder cron launched
[2023-10-15T14:50:27.852] [INFO] ma-core - Shift Unassigned reminder cron launched
[2023-10-15T14:50:27.860] [INFO] ma-core - Shift Unassigned reminder cron launched
[2023-10-15T14:50:27.864] [INFO] ma-core - Shift Unassigned reminder cron launched
[2023-10-15T14:50:27.872] [INFO] ma-core - Shift Unassigned reminder cron launched
[2023-10-15T14:50:27.876] [INFO] ma-core - Shift Unassigned reminder cron launched
[2023-10-15T14:50:27.881] [INFO] ma-core - Shift Unassigned reminder cron launched
[2023-10-15T14:50:27.886] [INFO] ma-core - Shift Unassigned reminder cron launched
[2023-10-15T14:50:27.890] [INFO] ma-core - Shift Unassigned reminder cron launched
[2023-10-15T14:50:27.894] [INFO] ma-core - Shift Unassigned reminder cron launched
[2023-10-15T14:50:27.900] [INFO] ma-core - Shift Unassigned reminder cron launched
[2023-10-15T14:50:27.908] [INFO] ma-core - Shift Unassigned reminder cron launched
[2023-10-15T14:50:27.913] [INFO] ma-core - Shift Unassigned reminder cron launched
[2023-10-15T14:50:27.919] [INFO] ma-core - Shift Unassigned reminder cron launched
[2023-10-15T14:50:27.930] [INFO] ma-core - Shift Unassigned reminder cron launched
[2023-10-15T14:50:27.936] [INFO] ma-core - Shift Unassigned reminder cron launched
[2023-10-15T14:50:27.942] [INFO] ma-core - Shift Unassigned reminder cron launched
[2023-10-15T14:50:27.945] [INFO] ma-core - Shift Unassigned reminder cron launched
[2023-10-15T14:50:27.947] [INFO] ma-core - Shift Unassigned reminder cron launched
[2023-10-15T14:50:27.953] [INFO] ma-core - Shift Unassigned reminder cron launched
[2023-10-15T14:50:27.960] [INFO] ma-core - Shift Unassigned reminder cron launched
[2023-10-15T14:50:27.964] [INFO] ma-core - Shift Unassigned reminder cron launched
[2023-10-15T14:50:27.972] [INFO] ma-core - Shift Unassigned reminder cron launched
[2023-10-15T14:50:27.978] [INFO] ma-core - Shift Unassigned reminder cron launched
[2023-10-15T14:50:27.982] [INFO] ma-core - Shift Unassigned reminder cron launched
[2023-10-15T14:50:27.986] [INFO] ma-core - Shift Unassigned reminder cron launched
[2023-10-15T14:50:27.992] [INFO] ma-core - Shift Unassigned reminder cron launched
[2023-10-15T14:50:27.997] [INFO] ma-core - Shift Unassigned reminder cron launched
[2023-10-15T14:50:28.001] [INFO] ma-core - Shift Unassigned reminder cron launched
[2023-10-15T14:50:28.009] [INFO] ma-core - Shift Unassigned reminder cron launched
[2023-10-15T14:50:28.017] [INFO] ma-core - Shift Unassigned reminder cron launched
[2023-10-15T14:50:28.025] [INFO] ma-core - Shift Unassigned reminder cron launched
[2023-10-15T14:50:28.032] [INFO] ma-core - Shift Unassigned reminder cron launched
[2023-10-15T14:50:28.039] [INFO] ma-core - Shift Unassigned reminder cron launched
[2023-10-15T14:50:28.062] [INFO] ma-core - Shift Unassigned reminder cron launched
[2023-10-15T14:50:28.069] [INFO] ma-core - Shift Unassigned reminder cron launched
[2023-10-15T14:50:28.078] [INFO] ma-core - Shift Unassigned reminder cron launched
[2023-10-15T14:50:28.086] [INFO] ma-core - Shift Unassigned reminder cron launched
[2023-10-15T14:50:28.095] [INFO] ma-core - Shift Unassigned reminder cron launched
[2023-10-15T14:50:28.102] [INFO] ma-core - Shift Unassigned reminder cron launched
[2023-10-15T14:50:28.109] [INFO] ma-core - Shift Unassigned reminder cron launched
[2023-10-15T14:50:28.112] [INFO] ma-core - Shift Unassigned reminder cron launched
[2023-10-15T14:50:28.113] [INFO] ma-core - Shift Unassigned reminder cron launched
[2023-10-15T14:50:28.115] [INFO] ma-core - Shift Unassigned reminder cron launched
[2023-10-15T14:50:28.122] [INFO] ma-core - Shift Unassigned reminder cron launched
[2023-10-15T14:50:28.129] [INFO] ma-core - Shift Unassigned reminder cron launched
[2023-10-15T14:50:28.133] [INFO] ma-core - Shift Unassigned reminder cron launched
[2023-10-15T14:50:28.137] [INFO] ma-core - Shift Unassigned reminder cron launched
[2023-10-15T14:50:28.139] [INFO] ma-core - cron shift unassigned : startdate before now
[2023-10-15T14:50:28.152] [INFO] ma-core - Shift Unassigned reminder cron launched
[2023-10-15T14:50:28.160] [INFO] ma-core - Shift Unassigned reminder cron launched
[2023-10-15T14:50:28.169] [INFO] ma-core - Shift Unassigned reminder cron launched
[2023-10-15T14:50:28.175] [INFO] ma-core - Shift Unassigned reminder cron launched
[2023-10-15T14:50:28.180] [INFO] ma-core - Shift Unassigned reminder cron launched
[2023-10-15T14:50:28.192] [INFO] ma-core - Shift Unassigned reminder cron launched
[2023-10-15T14:50:28.198] [INFO] ma-core - Shift Unassigned reminder cron launched
[2023-10-15T14:50:28.205] [INFO] ma-core - Shift Unassigned reminder cron launched
[2023-10-15T14:50:28.211] [INFO] ma-core - Shift Unassigned reminder cron launched
[2023-10-15T14:50:28.215] [INFO] ma-core - Shift Unassigned reminder cron launched
[2023-10-15T14:50:28.222] [INFO] ma-core - Shift Unassigned reminder cron launched
[2023-10-15T14:50:28.226] [INFO] ma-core - Shift Unassigned reminder cron launched
[2023-10-15T14:50:28.229] [INFO] ma-core - Shift Unassigned reminder cron launched
[2023-10-15T14:50:28.231] [INFO] ma-core - cron shift unassigned : startdate before now
[2023-10-15T14:50:28.240] [INFO] ma-core - Shift Unassigned reminder cron launched
[2023-10-15T14:50:28.256] [INFO] ma-core - Shift Unassigned reminder cron launched
[2023-10-15T14:50:28.260] [INFO] ma-core - Shift Unassigned reminder cron launched
[2023-10-15T14:50:28.263] [INFO] ma-core - Shift Unassigned reminder cron launched
[2023-10-15T14:50:28.266] [INFO] ma-core - Shift Unassigned reminder cron launched
[2023-10-15T14:50:28.273] [INFO] ma-core - Shift Unassigned reminder cron launched
[2023-10-15T14:50:28.278] [INFO] ma-core - Shift Unassigned reminder cron launched
[2023-10-15T14:50:28.281] [INFO] ma-core - Shift Unassigned reminder cron launched
[2023-10-15T14:50:28.286] [INFO] ma-core - Shift Unassigned reminder cron launched
[2023-10-15T14:50:28.292] [INFO] ma-core - Shift Unassigned reminder cron launched
[2023-10-15T14:50:28.296] [INFO] ma-core - Shift Unassigned reminder cron launched
[2023-10-15T14:50:28.311] [INFO] ma-core - Shift Unassigned reminder cron launched
[2023-10-15T14:50:28.316] [INFO] ma-core - Shift Unassigned reminder cron launched
[2023-10-15T14:50:28.322] [INFO] ma-core - Shift Unassigned reminder cron launched
[2023-10-15T14:50:28.329] [INFO] ma-core - Shift Unassigned reminder cron launched
[2023-10-15T14:50:28.335] [INFO] ma-core - Shift Unassigned reminder cron launched
[2023-10-15T14:50:28.341] [INFO] ma-core - Shift Unassigned reminder cron launched
[2023-10-15T14:50:28.347] [INFO] ma-core - Shift Unassigned reminder cron launched
[2023-10-15T14:50:28.354] [INFO] ma-core - Shift Unassigned reminder cron launched
[2023-10-15T14:50:28.361] [INFO] ma-core - Shift Unassigned reminder cron launched
[2023-10-15T14:50:28.367] [INFO] ma-core - Shift Unassigned reminder cron launched
[2023-10-15T14:50:28.392] [INFO] ma-core - Shift Unassigned reminder cron launched
[2023-10-15T14:50:28.394] [INFO] ma-core - cron shift unassigned : startdate before now
[2023-10-15T14:50:28.401] [INFO] ma-core - Shift Unassigned reminder cron launched
[2023-10-15T14:50:28.407] [INFO] ma-core - Shift Unassigned reminder cron launched
[2023-10-15T14:50:28.410] [INFO] ma-core - Shift Unassigned reminder cron launched
[2023-10-15T14:50:28.412] [INFO] ma-core - cron shift unassigned : startdate before now
[2023-10-15T14:50:28.420] [INFO] ma-core - Shift Unassigned reminder cron launched
[2023-10-15T14:50:28.426] [INFO] ma-core - Shift Unassigned reminder cron launched
[2023-10-15T14:50:28.429] [INFO] ma-core - Shift Unassigned reminder cron launched
[2023-10-15T14:50:28.432] [INFO] ma-core - Shift Unassigned reminder cron launched
[2023-10-15T14:50:28.443] [INFO] ma-core - Shift Unassigned reminder cron launched
[2023-10-15T14:50:28.448] [INFO] ma-core - Shift Unassigned reminder cron launched
[2023-10-15T14:50:28.452] [INFO] ma-core - Shift Unassigned reminder cron launched
[2023-10-15T14:50:28.457] [INFO] ma-core - Shift Unassigned reminder cron launched
[2023-10-15T14:50:28.465] [INFO] ma-core - Shift Unassigned reminder cron launched
[2023-10-15T14:50:28.470] [INFO] ma-core - Shift Unassigned reminder cron launched
[2023-10-15T14:50:28.476] [INFO] ma-core - Shift Unassigned reminder cron launched
[2023-10-15T14:50:28.480] [INFO] ma-core - Shift Unassigned reminder cron launched
[2023-10-15T14:50:28.485] [INFO] ma-core - Shift Unassigned reminder cron launched
[2023-10-15T14:50:28.492] [INFO] ma-core - Shift Unassigned reminder cron launched
[2023-10-15T14:50:28.502] [INFO] ma-core - Shift Unassigned reminder cron launched
[2023-10-15T14:50:28.507] [INFO] ma-core - Shift Unassigned reminder cron launched
[2023-10-15T14:50:28.511] [INFO] ma-core - Shift Unassigned reminder cron launched
[2023-10-15T14:50:28.513] [INFO] ma-core - Shift Unassigned reminder cron launched
[2023-10-15T14:50:28.516] [INFO] ma-core - Shift Unassigned reminder cron launched
[2023-10-15T14:50:28.520] [INFO] ma-core - Shift Unassigned reminder cron launched
[2023-10-15T14:50:28.524] [INFO] ma-core - Shift Unassigned reminder cron launched
[2023-10-15T14:50:28.526] [INFO] ma-core - Shift Unassigned reminder cron launched
[2023-10-15T14:50:28.529] [INFO] ma-core - Shift Unassigned reminder cron launched
[2023-10-15T14:50:28.532] [INFO] ma-core - Shift Unassigned reminder cron launched
[2023-10-15T14:50:28.539] [INFO] ma-core - Shift Unassigned reminder cron launched
[2023-10-15T14:50:28.543] [INFO] ma-core - cron shift unassigned : startdate before now
[2023-10-15T14:50:28.545] [INFO] ma-core - cron shift unassigned : startdate before now
[2023-10-15T14:50:28.552] [INFO] ma-core - Shift Unassigned reminder cron launched
[2023-10-15T14:50:28.556] [INFO] ma-core - Shift Unassigned reminder cron launched
[2023-10-15T14:50:28.558] [INFO] ma-core - Shift Unassigned reminder cron launched
[2023-10-15T14:50:28.562] [INFO] ma-core - Shift Unassigned reminder cron launched
[2023-10-15T14:50:28.566] [INFO] ma-core - Shift Unassigned reminder cron launched
[2023-10-15T14:50:28.570] [INFO] ma-core - Shift Unassigned reminder cron launched
[2023-10-15T14:50:28.574] [INFO] ma-core - Shift Unassigned reminder cron launched
[2023-10-15T14:50:28.579] [INFO] ma-core - Shift Unassigned reminder cron launched
[2023-10-15T14:50:28.583] [INFO] ma-core - Shift Unassigned reminder cron launched
[2023-10-15T14:50:28.587] [INFO] ma-core - Shift Unassigned reminder cron launched
[2023-10-15T14:50:32.691] [INFO] ma-core - get all Customer success /api/customer/ GET ::1
[2023-10-15T14:50:39.323] [INFO] ma-core - get All nomenclature success /api/nomenclature/ GET ::1
[2023-10-15T14:50:39.718] [INFO] ma-core - Get all shifts success /api/shift/ GET ::1
[2023-10-15T14:50:39.948] [INFO] ma-core - Get all shifts success /api/shift/ GET ::1
[2023-10-15T14:50:44.977] [INFO] ma-core - get all posts success /api/newsFeed/getAllPosts GET ::1
[2023-10-15T14:50:47.649] [INFO] ma-core - get all posts success /api/newsFeed/getAllPosts GET ::1
[2023-10-15T14:51:09.031] [INFO] ma-core - get all posts success /api/newsFeed/getAllPosts GET ::1
[2023-10-15T14:51:09.184] [INFO] ma-core - get all posts success /api/newsFeed/getAllPosts GET ::1
[2023-10-15T14:52:20.288] [INFO] ma-core - get all posts success /api/newsFeed/getAllPosts GET ::1
[2023-10-15T14:52:20.458] [INFO] ma-core - get all posts success /api/newsFeed/getAllPosts GET ::1
[2023-10-15T14:52:32.325] [INFO] ma-core - get all posts success /api/newsFeed/getAllPosts GET ::1
[2023-10-15T14:52:32.732] [INFO] ma-core - get all posts success /api/newsFeed/getAllPosts GET ::1
[2023-10-15T14:52:35.667] [INFO] ma-core - Get all shifts success /api/shift/getAllMembersByShifts GET ::1
[2023-10-15T15:03:20.122] [INFO] ma-core - get all posts success /api/newsFeed/getAllPosts GET ::1
[2023-10-15T15:03:20.517] [INFO] ma-core - get all posts success /api/newsFeed/getAllPosts GET ::1
[2023-10-15T15:03:22.768] [INFO] ma-core - Get all shifts success /api/shift/getAllMembersByShifts GET ::1
[2023-10-15T15:13:20.747] [INFO] ma-core - get all posts success /api/newsFeed/getAllPosts GET ::1
[2023-10-15T15:13:21.115] [INFO] ma-core - get all posts success /api/newsFeed/getAllPosts GET ::1
[2023-10-15T15:13:23.049] [INFO] ma-core - Get all shifts success /api/shift/getAllMembersByShifts GET ::1
[2023-10-15T15:17:01.722] [INFO] ma-core - get all posts success /api/newsFeed/getAllPosts GET ::1
[2023-10-15T15:17:02.075] [INFO] ma-core - get all posts success /api/newsFeed/getAllPosts GET ::1
[2023-10-15T15:17:03.627] [INFO] ma-core - Get all shifts success /api/shift/getAllMembersByShifts GET ::1
[2023-10-15T15:20:09.980] [INFO] ma-core - get all posts success /api/newsFeed/getAllPosts GET ::1
[2023-10-15T15:20:10.687] [INFO] ma-core - get all posts success /api/newsFeed/getAllPosts GET ::1
[2023-10-15T15:20:17.299] [INFO] ma-core - Get all shifts success /api/shift/getAllMembersByShifts GET ::1
[2023-10-15T15:20:21.880] [INFO] ma-core - Get all shifts success /api/shift/getAllMembersByShifts GET ::1
[2023-10-15T15:20:24.923] [INFO] ma-core - get All nomenclature success /api/nomenclature/ GET ::1
[2023-10-15T15:20:25.570] [INFO] ma-core - Get all shifts success /api/shift/ GET ::1
[2023-10-15T15:20:25.853] [INFO] ma-core - Get all shifts success /api/shift/ GET ::1
[2023-10-15T15:20:32.109] [INFO] ma-core - Get all members success /api/shift/members GET ::1
[2023-10-15T15:20:42.824] [INFO] ma-core - get All nomenclature success /api/nomenclature/ GET ::1
[2023-10-15T15:20:42.851] [INFO] ma-core - Get all shifts success /api/shift/ GET ::1
[2023-10-15T15:20:44.694] [INFO] ma-core - get All nomenclature success /api/nomenclature/ GET ::1
[2023-10-15T15:20:44.971] [INFO] ma-core - Get all shifts success /api/shift/ GET ::1
[2023-10-15T15:20:51.790] [INFO] ma-core - Get all shifts success /api/shift/ GET ::1
[2023-10-15T15:20:51.805] [INFO] ma-core - get All nomenclature success /api/nomenclature/ GET ::1
[2023-10-15T15:20:52.099] [INFO] ma-core - Get all shifts success /api/shift/ GET ::1
[2023-10-15T15:20:56.211] [INFO] ma-core - get All nomenclature success /api/nomenclature/ GET ::1
[2023-10-15T15:20:56.434] [INFO] ma-core - Get all shifts success /api/shift/ GET ::1
[2023-10-15T15:20:56.678] [INFO] ma-core - Get all shifts success /api/shift/ GET ::1
[2023-10-15T15:21:01.729] [INFO] ma-core - get All nomenclature success /api/nomenclature/ GET ::1
[2023-10-15T15:21:01.999] [INFO] ma-core - Get all shifts success /api/shift/ GET ::1
[2023-10-15T15:21:02.231] [INFO] ma-core - Get all shifts success /api/shift/ GET ::1
[2023-10-15T15:21:07.386] [INFO] ma-core - Get all members success /api/shift/members GET ::1
[2023-10-15T15:21:11.571] [INFO] ma-core - Get all members success /api/shift/members GET ::1
[2023-10-15T15:21:18.544] [INFO] ma-core - get all Customer success /api/customer/ GET ::1
[2023-10-15T15:21:21.962] [INFO] ma-core - get All nomenclature success /api/nomenclature/ GET ::1
[2023-10-15T15:21:22.241] [INFO] ma-core - Get all shifts success /api/shift/ GET ::1
[2023-10-15T15:21:22.479] [INFO] ma-core - Get all shifts success /api/shift/ GET ::1
[2023-10-15T15:21:26.998] [INFO] ma-core - get All nomenclature success /api/nomenclature/ GET ::1
[2023-10-15T15:21:27.344] [INFO] ma-core - Get all shifts success /api/shift/ GET ::1
[2023-10-15T15:21:27.786] [INFO] ma-core - Get all shifts success /api/shift/ GET ::1
[2023-10-15T15:21:33.975] [INFO] ma-core - Get all members success /api/shift/members GET ::1
[2023-10-15T15:21:38.690] [INFO] ma-core - Get all members success /api/shift/members GET ::1
[2023-10-15T15:21:43.445] [INFO] ma-core - Get all members success /api/shift/members GET ::1
[2023-10-15T15:22:49.616] [INFO] ma-core - get All nomenclature success /api/nomenclature/ GET ::1
[2023-10-15T15:22:50.002] [INFO] ma-core - Get all shifts success /api/shift/ GET ::1
[2023-10-15T15:22:50.299] [INFO] ma-core - Get all shifts success /api/shift/ GET ::1
[2023-10-15T15:22:54.970] [INFO] ma-core - get All nomenclature success /api/nomenclature/ GET ::1
[2023-10-15T15:22:55.320] [INFO] ma-core - Get all shifts success /api/shift/ GET ::1
[2023-10-15T15:22:55.654] [INFO] ma-core - Get all shifts success /api/shift/ GET ::1
[2023-10-15T15:23:00.903] [INFO] ma-core - Get all members success /api/shift/members GET ::1
[2023-10-15T15:23:45.226] [INFO] ma-core - Get all shifts success /api/shift/getAllMembersByShifts GET ::1
[2023-10-15T15:24:13.604] [INFO] ma-core - add new shifts success /api/shift/sync PATCH ::1
[2023-10-15T15:24:13.642] [INFO] ma-core - sync shift success /api/shift/sync PATCH ::1
[2023-10-15T15:24:14.568] [INFO] ma-core - Shift Unassigned reminder cron launched
[2023-10-15T15:24:14.572] [INFO] ma-core - Shift Unassigned reminder cron launched
[2023-10-15T15:24:14.577] [INFO] ma-core - Shift Unassigned reminder cron launched
[2023-10-15T15:24:14.582] [INFO] ma-core - Shift Unassigned reminder cron launched
[2023-10-15T15:24:14.611] [INFO] ma-core - Shift Unassigned reminder cron launched
[2023-10-15T15:24:14.619] [INFO] ma-core - Shift Unassigned reminder cron launched
[2023-10-15T15:24:14.624] [INFO] ma-core - Shift Unassigned reminder cron launched
[2023-10-15T15:24:14.642] [INFO] ma-core - Shift Unassigned reminder cron launched
[2023-10-15T15:24:14.649] [INFO] ma-core - Shift Unassigned reminder cron launched
[2023-10-15T15:24:14.658] [INFO] ma-core - Shift Unassigned reminder cron launched
[2023-10-15T15:24:14.665] [INFO] ma-core - Shift Unassigned reminder cron launched
[2023-10-15T15:24:14.670] [INFO] ma-core - Shift Unassigned reminder cron launched
[2023-10-15T15:24:14.674] [INFO] ma-core - Shift Unassigned reminder cron launched
[2023-10-15T15:24:14.676] [INFO] ma-core - cron shift unassigned : startdate before now
[2023-10-15T15:24:14.687] [INFO] ma-core - Shift Unassigned reminder cron launched
[2023-10-15T15:24:14.692] [INFO] ma-core - Shift Unassigned reminder cron launched
[2023-10-15T15:24:14.707] [INFO] ma-core - Shift Unassigned reminder cron launched
[2023-10-15T15:24:14.716] [INFO] ma-core - Shift Unassigned reminder cron launched
[2023-10-15T15:24:14.724] [INFO] ma-core - cron shift unassigned : startdate before now
[2023-10-15T15:24:14.736] [INFO] ma-core - Shift Unassigned reminder cron launched
[2023-10-15T15:24:14.746] [INFO] ma-core - Shift Unassigned reminder cron launched
[2023-10-15T15:24:14.755] [INFO] ma-core - Shift Unassigned reminder cron launched
[2023-10-15T15:24:14.766] [INFO] ma-core - Shift Unassigned reminder cron launched
[2023-10-15T15:24:14.773] [INFO] ma-core - Shift Unassigned reminder cron launched
[2023-10-15T15:24:14.780] [INFO] ma-core - Shift Unassigned reminder cron launched
[2023-10-15T15:24:14.806] [INFO] ma-core - Shift Unassigned reminder cron launched
[2023-10-15T15:24:14.817] [INFO] ma-core - Shift Unassigned reminder cron launched
[2023-10-15T15:24:14.830] [INFO] ma-core - Shift Unassigned reminder cron launched
[2023-10-15T15:24:14.837] [INFO] ma-core - Shift Unassigned reminder cron launched
[2023-10-15T15:24:14.840] [INFO] ma-core - Shift Unassigned reminder cron launched
[2023-10-15T15:24:14.843] [INFO] ma-core - Shift Unassigned reminder cron launched
[2023-10-15T15:24:14.849] [INFO] ma-core - Shift Unassigned reminder cron launched
[2023-10-15T15:24:14.854] [INFO] ma-core - Shift Unassigned reminder cron launched
[2023-10-15T15:24:14.860] [INFO] ma-core - Shift Unassigned reminder cron launched
[2023-10-15T15:24:14.864] [INFO] ma-core - Shift Unassigned reminder cron launched
[2023-10-15T15:24:14.869] [INFO] ma-core - Shift Unassigned reminder cron launched
[2023-10-15T15:24:14.878] [INFO] ma-core - Shift Unassigned reminder cron launched
[2023-10-15T15:24:14.884] [INFO] ma-core - Shift Unassigned reminder cron launched
[2023-10-15T15:24:14.899] [INFO] ma-core - Shift Unassigned reminder cron launched
[2023-10-15T15:24:14.905] [INFO] ma-core - Shift Unassigned reminder cron launched
[2023-10-15T15:24:14.911] [INFO] ma-core - Shift Unassigned reminder cron launched
[2023-10-15T15:24:14.920] [INFO] ma-core - Shift Unassigned reminder cron launched
[2023-10-15T15:24:14.925] [INFO] ma-core - Shift Unassigned reminder cron launched
[2023-10-15T15:24:14.935] [INFO] ma-core - Shift Unassigned reminder cron launched
[2023-10-15T15:24:14.942] [INFO] ma-core - Shift Unassigned reminder cron launched
[2023-10-15T15:24:14.955] [INFO] ma-core - Shift Unassigned reminder cron launched
[2023-10-15T15:24:14.969] [INFO] ma-core - cron shift unassigned : startdate before now
[2023-10-15T15:24:14.980] [INFO] ma-core - Shift Unassigned reminder cron launched
[2023-10-15T15:24:14.988] [INFO] ma-core - Shift Unassigned reminder cron launched
[2023-10-15T15:24:14.994] [INFO] ma-core - Shift Unassigned reminder cron launched
[2023-10-15T15:24:14.999] [INFO] ma-core - Shift Unassigned reminder cron launched
[2023-10-15T15:24:15.006] [INFO] ma-core - cron shift unassigned : startdate before now
[2023-10-15T15:24:15.016] [INFO] ma-core - Shift Unassigned reminder cron launched
[2023-10-15T15:24:15.024] [INFO] ma-core - Shift Unassigned reminder cron launched
[2023-10-15T15:24:15.031] [INFO] ma-core - Shift Unassigned reminder cron launched
[2023-10-15T15:24:15.040] [INFO] ma-core - Shift Unassigned reminder cron launched
[2023-10-15T15:24:15.056] [INFO] ma-core - Shift Unassigned reminder cron launched
[2023-10-15T15:24:15.065] [INFO] ma-core - Shift Unassigned reminder cron launched
[2023-10-15T15:24:15.071] [INFO] ma-core - Shift Unassigned reminder cron launched
[2023-10-15T15:24:15.076] [INFO] ma-core - Shift Unassigned reminder cron launched
[2023-10-15T15:24:15.080] [INFO] ma-core - Shift Unassigned reminder cron launched
[2023-10-15T15:24:15.087] [INFO] ma-core - Shift Unassigned reminder cron launched
[2023-10-15T15:24:15.092] [INFO] ma-core - Shift Unassigned reminder cron launched
[2023-10-15T15:24:15.095] [INFO] ma-core - Shift Unassigned reminder cron launched
[2023-10-15T15:24:15.102] [INFO] ma-core - Shift Unassigned reminder cron launched
[2023-10-15T15:24:15.111] [INFO] ma-core - Shift Unassigned reminder cron launched
[2023-10-15T15:24:15.140] [INFO] ma-core - Shift Unassigned reminder cron launched
[2023-10-15T15:24:15.147] [INFO] ma-core - Shift Unassigned reminder cron launched
[2023-10-15T15:24:15.157] [INFO] ma-core - Shift Unassigned reminder cron launched
[2023-10-15T15:24:15.166] [INFO] ma-core - Shift Unassigned reminder cron launched
[2023-10-15T15:24:15.173] [INFO] ma-core - Shift Unassigned reminder cron launched
[2023-10-15T15:24:15.182] [INFO] ma-core - Shift Unassigned reminder cron launched
[2023-10-15T15:24:15.188] [INFO] ma-core - Shift Unassigned reminder cron launched
[2023-10-15T15:24:15.195] [INFO] ma-core - Shift Unassigned reminder cron launched
[2023-10-15T15:24:15.206] [INFO] ma-core - Shift Unassigned reminder cron launched
[2023-10-15T15:24:15.210] [INFO] ma-core - cron shift unassigned : startdate before now
[2023-10-15T15:24:15.222] [INFO] ma-core - Shift Unassigned reminder cron launched
[2023-10-15T15:24:15.232] [INFO] ma-core - Shift Unassigned reminder cron launched
[2023-10-15T15:24:15.239] [INFO] ma-core - cron shift unassigned : startdate before now
[2023-10-15T15:24:15.258] [INFO] ma-core - Shift Unassigned reminder cron launched
[2023-10-15T15:24:15.270] [INFO] ma-core - Shift Unassigned reminder cron launched
[2023-10-15T15:24:15.275] [INFO] ma-core - Shift Unassigned reminder cron launched
[2023-10-15T15:24:15.279] [INFO] ma-core - Shift Unassigned reminder cron launched
[2023-10-15T15:24:15.290] [INFO] ma-core - Shift Unassigned reminder cron launched
[2023-10-15T15:24:15.297] [INFO] ma-core - Shift Unassigned reminder cron launched
[2023-10-15T15:24:15.308] [INFO] ma-core - Shift Unassigned reminder cron launched
[2023-10-15T15:24:15.319] [INFO] ma-core - Shift Unassigned reminder cron launched
[2023-10-15T15:24:15.327] [INFO] ma-core - Shift Unassigned reminder cron launched
[2023-10-15T15:24:15.336] [INFO] ma-core - Shift Unassigned reminder cron launched
[2023-10-15T15:24:15.344] [INFO] ma-core - Shift Unassigned reminder cron launched
[2023-10-15T15:24:15.355] [INFO] ma-core - Shift Unassigned reminder cron launched
[2023-10-15T15:24:15.364] [INFO] ma-core - Shift Unassigned reminder cron launched
[2023-10-15T15:24:15.373] [INFO] ma-core - Shift Unassigned reminder cron launched
[2023-10-15T15:24:15.384] [INFO] ma-core - Shift Unassigned reminder cron launched
[2023-10-15T15:24:15.394] [INFO] ma-core - Shift Unassigned reminder cron launched
[2023-10-15T15:24:15.404] [INFO] ma-core - Shift Unassigned reminder cron launched
[2023-10-15T15:24:15.409] [INFO] ma-core - Shift Unassigned reminder cron launched
[2023-10-15T15:24:15.413] [INFO] ma-core - Shift Unassigned reminder cron launched
[2023-10-15T15:24:15.419] [INFO] ma-core - Shift Unassigned reminder cron launched
[2023-10-15T15:24:15.428] [INFO] ma-core - Shift Unassigned reminder cron launched
[2023-10-15T15:24:15.439] [INFO] ma-core - Shift Unassigned reminder cron launched
[2023-10-15T15:24:15.443] [INFO] ma-core - Shift Unassigned reminder cron launched
[2023-10-15T15:24:15.452] [INFO] ma-core - Shift Unassigned reminder cron launched
[2023-10-15T15:24:15.465] [INFO] ma-core - Shift Unassigned reminder cron launched
[2023-10-15T15:24:15.472] [INFO] ma-core - Shift Unassigned reminder cron launched
[2023-10-15T15:24:15.482] [INFO] ma-core - Shift Unassigned reminder cron launched
[2023-10-15T15:24:15.493] [INFO] ma-core - Shift Unassigned reminder cron launched
[2023-10-15T15:24:15.500] [INFO] ma-core - Shift Unassigned reminder cron launched
[2023-10-15T15:24:15.511] [INFO] ma-core - Shift Unassigned reminder cron launched
[2023-10-15T15:24:15.523] [INFO] ma-core - Shift Unassigned reminder cron launched
[2023-10-15T15:24:15.532] [INFO] ma-core - Shift Unassigned reminder cron launched
[2023-10-15T15:24:15.539] [INFO] ma-core - Shift Unassigned reminder cron launched
[2023-10-15T15:24:15.548] [INFO] ma-core - Shift Unassigned reminder cron launched
[2023-10-15T15:24:15.555] [INFO] ma-core - Shift Unassigned reminder cron launched
[2023-10-15T15:24:15.564] [INFO] ma-core - Shift Unassigned reminder cron launched
[2023-10-15T15:24:15.577] [INFO] ma-core - Shift Unassigned reminder cron launched
[2023-10-15T15:24:15.580] [INFO] ma-core - Shift Unassigned reminder cron launched
[2023-10-15T15:24:15.583] [INFO] ma-core - Shift Unassigned reminder cron launched
[2023-10-15T15:24:15.595] [INFO] ma-core - Shift Unassigned reminder cron launched
[2023-10-15T15:24:15.607] [INFO] ma-core - Shift Unassigned reminder cron launched
[2023-10-15T15:24:15.615] [INFO] ma-core - Shift Unassigned reminder cron launched
[2023-10-15T15:24:15.622] [INFO] ma-core - Shift Unassigned reminder cron launched
[2023-10-15T15:24:15.630] [INFO] ma-core - Shift Unassigned reminder cron launched
[2023-10-15T15:24:15.639] [INFO] ma-core - Shift Unassigned reminder cron launched
[2023-10-15T15:24:15.650] [INFO] ma-core - Shift Unassigned reminder cron launched
[2023-10-15T15:24:15.660] [INFO] ma-core - Shift Unassigned reminder cron launched
[2023-10-15T15:24:15.667] [INFO] ma-core - Shift Unassigned reminder cron launched
[2023-10-15T15:24:15.675] [INFO] ma-core - Shift Unassigned reminder cron launched
[2023-10-15T15:24:15.679] [INFO] ma-core - Shift Unassigned reminder cron launched
[2023-10-15T15:24:15.682] [INFO] ma-core - Shift Unassigned reminder cron launched
[2023-10-15T15:24:15.685] [INFO] ma-core - Shift Unassigned reminder cron launched
[2023-10-15T15:24:15.687] [INFO] ma-core - Shift Unassigned reminder cron launched
[2023-10-15T15:24:15.692] [INFO] ma-core - Shift Unassigned reminder cron launched
[2023-10-15T15:24:15.695] [INFO] ma-core - Shift Unassigned reminder cron launched
[2023-10-15T15:24:15.698] [INFO] ma-core - Shift Unassigned reminder cron launched
[2023-10-15T15:24:15.699] [INFO] ma-core - cron shift unassigned : startdate before now
[2023-10-15T15:24:15.704] [INFO] ma-core - Shift Unassigned reminder cron launched
[2023-10-15T15:24:15.705] [INFO] ma-core - Shift Unassigned reminder cron launched
[2023-10-15T15:24:15.706] [INFO] ma-core - Shift Unassigned reminder cron launched
[2023-10-15T15:24:15.708] [INFO] ma-core - Shift Unassigned reminder cron launched
[2023-10-15T15:24:15.709] [INFO] ma-core - Shift Unassigned reminder cron launched
[2023-10-15T15:24:15.711] [INFO] ma-core - Shift Unassigned reminder cron launched
[2023-10-15T15:24:15.712] [INFO] ma-core - cron shift unassigned : startdate before now
[2023-10-15T15:24:15.714] [INFO] ma-core - Shift Unassigned reminder cron launched
[2023-10-15T15:24:15.716] [INFO] ma-core - Shift Unassigned reminder cron launched
[2023-10-15T15:24:15.720] [INFO] ma-core - Shift Unassigned reminder cron launched
[2023-10-15T15:24:15.722] [INFO] ma-core - cron shift unassigned : startdate before now
[2023-10-15T15:24:15.725] [INFO] ma-core - Shift Unassigned reminder cron launched
[2023-10-15T15:24:15.728] [INFO] ma-core - Shift Unassigned reminder cron launched
[2023-10-15T15:24:15.730] [INFO] ma-core - Shift Unassigned reminder cron launched
[2023-10-15T15:24:15.732] [INFO] ma-core - Shift Unassigned reminder cron launched
[2023-10-15T15:24:15.734] [INFO] ma-core - Shift Unassigned reminder cron launched
[2023-10-15T15:24:15.738] [INFO] ma-core - Shift Unassigned reminder cron launched
[2023-10-15T15:24:15.739] [INFO] ma-core - cron shift unassigned : startdate before now
[2023-10-15T15:24:15.744] [INFO] ma-core - Shift Unassigned reminder cron launched
[2023-10-15T15:24:15.748] [INFO] ma-core - Shift Unassigned reminder cron launched
[2023-10-15T15:24:18.384] [INFO] ma-core - get All nomenclature success /api/nomenclature/ GET ::1
[2023-10-15T15:24:18.995] [INFO] ma-core - Get all shifts success /api/shift/ GET ::1
[2023-10-15T15:24:19.609] [INFO] ma-core - Get all shifts success /api/shift/ GET ::1
[2023-10-15T15:24:23.756] [INFO] ma-core - Get all shifts success /api/shift/getAllMembersByShifts GET ::1
[2023-10-15T15:24:31.655] [INFO] ma-core - get all Customer success /api/customer/ GET ::1
[2023-10-15T15:24:31.710] [INFO] ma-core - get all Customer success /api/customer/ GET ::1
[2023-10-15T15:24:34.299] [INFO] ma-core - get all Customer success /api/customer/ GET ::1
[2023-10-15T15:24:34.479] [INFO] ma-core - get all Customer success /api/customer/ GET ::1
[2023-10-15T15:24:54.241] [INFO] ma-core - Get all shifts success /api/shift/getAllMembersByShifts GET ::1
[2023-10-15T15:28:50.630] [INFO] ma-core - get all Customer success /api/customer/ GET ::1
[2023-10-15T15:28:50.824] [INFO] ma-core - get all Customer success /api/customer/ GET ::1
[2023-10-15T15:28:50.986] [INFO] ma-core - get all Customer success /api/customer/ GET ::1
[2023-10-15T15:28:51.116] [INFO] ma-core - get all Customer success /api/customer/ GET ::1
[2023-10-15T15:28:52.994] [INFO] ma-core - Get all shifts success /api/shift/getAllMembersByShifts GET ::1
[2023-10-15T15:29:52.690] [INFO] ma-core - get all Customer success /api/customer/ GET ::1
[2023-10-15T15:29:52.863] [INFO] ma-core - get all Customer success /api/customer/ GET ::1
[2023-10-15T15:29:53.063] [INFO] ma-core - get all Customer success /api/customer/ GET ::1
[2023-10-15T15:29:53.247] [INFO] ma-core - get all Customer success /api/customer/ GET ::1
[2023-10-15T15:29:53.545] [INFO] ma-core - Get all shifts success /api/shift/getAllMembersByShifts GET ::1
[2023-10-15T15:30:31.428] [INFO] ma-core - get All Task By filter success /api/task/getTasksByFilter GET ::1
[2023-10-15T15:30:36.584] [INFO] ma-core - get All Task By filter success /api/task/getTasksByFilter GET ::1
[2023-10-15T15:30:47.180] [INFO] ma-core - get All Task By filter success /api/task/getTasksByFilter GET ::1
[2023-10-15T15:30:56.340] [INFO] ma-core - get All Task By filter success /api/task/getTasksByFilter GET ::1
[2023-10-15T15:31:09.965] [INFO] ma-core - get All Task By filter success /api/task/getTasksByFilter GET ::1
[2023-10-15T15:31:15.913] [INFO] ma-core - get all Customer success /api/customer/ GET ::1
[2023-10-15T15:31:17.260] [INFO] ma-core - get Customer success toBase64 error /api/customer/:id/ GET ::1
[2023-10-15T15:32:30.801] [INFO] ma-core - get all Customer success /api/customer/ GET ::1
[2023-10-15T15:32:30.879] [INFO] ma-core - get all Customer success /api/customer/ GET ::1
[2023-10-15T15:32:36.282] [INFO] ma-core - get all Customer success /api/customer/ GET ::1
[2023-10-15T15:32:39.335] [INFO] ma-core - get all Customer success /api/customer/ GET ::1
[2023-10-15T15:32:41.078] [INFO] ma-core - get Customer success toBase64 error /api/customer/:id/ GET ::1
[2023-10-15T15:32:56.510] [INFO] ma-core - get all Customer success /api/customer/ GET ::1
[2023-10-15T15:32:57.458] [INFO] ma-core - get Customer success toBase64 error /api/customer/:id/ GET ::1
[2023-10-15T15:33:08.987] [INFO] ma-core - get all Customer success /api/customer/ GET ::1
[2023-10-15T15:33:09.098] [INFO] ma-core - get all Customer success /api/customer/ GET ::1
[2023-10-15T15:33:13.339] [INFO] ma-core - get all Customer success /api/customer/ GET ::1
[2023-10-15T15:33:13.464] [INFO] ma-core - get all Customer success /api/customer/ GET ::1
[2023-10-15T15:33:24.961] [INFO] ma-core - get All Task By filter success /api/task/getTasksByFilter GET ::1
[2023-10-15T15:33:33.530] [INFO] ma-core - get All Task By filter success /api/task/getTasksByFilter GET ::1
[2023-10-15T15:33:42.699] [INFO] ma-core - get All Task By filter success /api/task/getTasksByFilter GET ::1
[2023-10-15T15:34:17.807] [INFO] ma-core - get All Task By filter success /api/task/getTasksByFilter GET ::1
[2023-10-15T15:34:36.837] [INFO] ma-core - get All Task By filter success /api/task/getTasksByFilter GET ::1
[2023-10-15T15:36:21.071] [INFO] ma-core - get All Task By filter success /api/task/getTasksByFilter GET ::1
[2023-10-15T15:37:15.581] [INFO] ma-core - Get all shifts success /api/shift/getAllMembersByShifts GET ::1
[2023-10-15T15:37:22.119] [INFO] ma-core - get all Customer success /api/customer/ GET ::1
[2023-10-15T15:37:22.243] [INFO] ma-core - get all Customer success /api/customer/ GET ::1
[2023-10-15T15:37:23.328] [INFO] ma-core - Get all shifts success /api/shift/getAllMembersByShifts GET ::1
[2023-10-15T15:38:50.201] [INFO] ma-core - get All Task By filter success /api/task/getTasksByFilter GET ::1
[2023-10-15T18:15:30.787] [INFO] ma-core - get all Customer success /api/customer/ GET ::1
[2023-10-15T18:15:30.877] [INFO] ma-core - get all Customer success /api/customer/ GET ::1
[2023-10-15T18:15:57.537] [INFO] ma-core - get all posts success /api/newsFeed/getAllPosts GET ::1
[2023-10-15T18:15:57.827] [INFO] ma-core - get all posts success /api/newsFeed/getAllPosts GET ::1
[2023-10-15T18:16:00.688] [INFO] ma-core - get all Customer success /api/customer/ GET ::1
[2023-10-15T18:16:00.844] [INFO] ma-core - get all Customer success /api/customer/ GET ::1
[2023-10-15T18:16:02.453] [INFO] ma-core - get all posts success /api/newsFeed/getAllPosts GET ::1
[2023-10-15T18:16:03.485] [INFO] ma-core - get all Customer success /api/customer/ GET ::1
[2023-10-15T18:16:03.614] [INFO] ma-core - get all Customer success /api/customer/ GET ::1
[2023-10-15T18:16:16.466] [ERROR] ma-core - get Created Tasks error : No Tasks found /api/task/getworkflowTasks GET ::1
[2023-10-15T18:16:18.910] [INFO] ma-core - get all Customer success /api/customer/ GET ::1
[2023-10-15T18:16:19.027] [INFO] ma-core - get all Customer success /api/customer/ GET ::1
[2023-10-15T18:25:10.272] [INFO] ma-core - add Task success /api/task/addOne POST ::1
[2023-10-15T18:25:10.356] [INFO] ma-core - Auto cancel/Done Task cron launched
[2023-10-15T18:25:12.732] [INFO] ma-core - get All Task By ID success /api/task/getTasksByUserId GET ::1
[2023-10-15T18:25:25.547] [INFO] ma-core - get all Customer success /api/customer/ GET ::1
[2023-10-15T18:25:25.612] [INFO] ma-core - get All Task success /api/task/getFiltredTasks GET ::1
[2023-10-15T18:25:25.715] [INFO] ma-core - get all Customer success /api/customer/ GET ::1
[2023-10-15T18:25:26.786] [INFO] ma-core - get All Task success /api/task/getFiltredTasks GET ::1
[2023-10-15T18:25:44.098] [INFO] ma-core - get by id Task success /api/task/:id GET ::1
[2023-10-15T18:27:08.406] [INFO] ma-core - update Task success /api/task/:id PATCH ::1
[2023-10-15T18:27:08.707] [INFO] ma-core - get All Task success /api/task/getFiltredTasks GET ::1
[2023-10-15T18:27:21.668] [INFO] ma-core - get All Task By ID success /api/task/getTasksByUserId GET ::1
[2023-10-15T18:27:26.910] [INFO] ma-core - get All Task By ID success /api/task/getTasksByUserId GET ::1
[2023-10-15T18:27:28.186] [INFO] ma-core - get All Task By ID success /api/task/getTasksByUserId GET ::1
[2023-10-15T18:27:32.854] [INFO] ma-core - get All Task By ID success /api/task/getTasksByUserId GET ::1
[2023-10-15T18:27:34.184] [INFO] ma-core - get All Task By ID success /api/task/getTasksByUserId GET ::1
[2023-10-15T18:27:36.096] [INFO] ma-core - get All Task By ID success /api/task/getTasksByUserId GET ::1
[2023-10-15T18:27:57.194] [INFO] ma-core - add Task success /api/task/addOne POST ::1
[2023-10-15T18:27:57.386] [INFO] ma-core - Auto cancel/Done Task cron launched
[2023-10-15T18:28:01.824] [INFO] ma-core - get All Task success /api/task/getFiltredTasks GET ::1
[2023-10-15T18:28:04.423] [INFO] ma-core - update Task success /api/task/:id PATCH ::1
[2023-10-15T18:28:04.806] [INFO] ma-core - get All Task success /api/task/getFiltredTasks GET ::1
[2023-10-15T18:28:14.217] [INFO] ma-core - get all Customer success /api/customer/ GET ::1
[2023-10-15T18:28:14.255] [INFO] ma-core - get All Task success /api/task/getFiltredTasks GET ::1
[2023-10-15T18:28:14.437] [INFO] ma-core - get all Customer success /api/customer/ GET ::1
[2023-10-15T18:28:14.574] [INFO] ma-core - get All Task success /api/task/getFiltredTasks GET ::1
[2023-10-15T18:28:14.670] [INFO] ma-core - get All Task success /api/task/getFiltredTasks GET ::1
[2023-10-15T18:28:14.716] [INFO] ma-core - get All Task success /api/task/getFiltredTasks GET ::1
[2023-10-15T18:28:14.761] [INFO] ma-core - get All Task success /api/task/getFiltredTasks GET ::1
[2023-10-15T18:28:21.772] [INFO] ma-core - get all Customer success /api/customer/ GET ::1
[2023-10-15T18:28:21.779] [INFO] ma-core - get All Task By ID success /api/task/getTasksByUserId GET ::1
[2023-10-15T18:28:21.872] [INFO] ma-core - get all Customer success /api/customer/ GET ::1
[2023-10-15T18:28:21.891] [INFO] ma-core - get All Task By ID success /api/task/getTasksByUserId GET ::1
[2023-10-15T18:28:26.297] [INFO] ma-core - get Created Tasks success /api/task/getworkflowTasks GET ::1
[2023-10-15T18:28:50.666] [INFO] ma-core - get all Customer success /api/customer/ GET ::1
[2023-10-15T18:29:10.319] [INFO] ma-core - get Created Tasks success /api/task/getCreatedTasks GET ::1
[2023-10-15T18:29:11.629] [INFO] ma-core - get Created Tasks success /api/task/getCreatedTasks GET ::1
[2023-10-15T18:29:13.712] [INFO] ma-core - get Created Tasks success /api/task/getCreatedTasks GET ::1
[2023-10-15T18:29:23.645] [INFO] ma-core - get Created Tasks success /api/task/getCreatedTasks GET ::1
[2023-10-15T18:29:26.759] [INFO] ma-core - get all Customer success /api/customer/ GET ::1
[2023-10-15T18:37:41.838] [INFO] ma-core - get all Customer success /api/customer/ GET ::1
[2023-10-15T18:37:41.958] [INFO] ma-core - get All Task success /api/task/getFiltredTasks GET ::1
[2023-10-15T18:37:41.982] [INFO] ma-core - get all Customer success /api/customer/ GET ::1
[2023-10-15T18:37:42.128] [INFO] ma-core - get All Task success /api/task/getFiltredTasks GET ::1
[2023-10-15T18:37:42.233] [INFO] ma-core - get All Task success /api/task/getFiltredTasks GET ::1
[2023-10-15T18:37:42.274] [INFO] ma-core - get All Task success /api/task/getFiltredTasks GET ::1
[2023-10-15T18:37:42.312] [INFO] ma-core - get All Task success /api/task/getFiltredTasks GET ::1
[2023-10-15T18:39:07.249] [INFO] ma-core - get all Customer success /api/customer/ GET ::1
[2023-10-15T18:39:07.541] [INFO] ma-core - get all Customer success /api/customer/ GET ::1
[2023-10-15T18:39:07.553] [INFO] ma-core - get All Task success /api/task/getFiltredTasks GET ::1
[2023-10-15T18:39:07.708] [INFO] ma-core - get All Task success /api/task/getFiltredTasks GET ::1
[2023-10-15T18:39:07.770] [INFO] ma-core - get All Task success /api/task/getFiltredTasks GET ::1
[2023-10-15T18:39:07.816] [INFO] ma-core - get All Task success /api/task/getFiltredTasks GET ::1
[2023-10-15T18:39:07.853] [INFO] ma-core - get All Task success /api/task/getFiltredTasks GET ::1
[2023-10-15T18:39:13.536] [INFO] ma-core - get all Customer success /api/customer/ GET ::1
[2023-10-15T18:39:13.612] [INFO] ma-core - get all Customer success /api/customer/ GET ::1
[2023-10-15T18:39:14.696] [ERROR] ma-core - get Created Tasks error : No Tasks found /api/task/getworkflowTasks GET ::1
[2023-10-15T18:39:15.973] [INFO] ma-core - get all Customer success /api/customer/ GET ::1
[2023-10-15T18:39:16.053] [INFO] ma-core - get all Customer success /api/customer/ GET ::1
[2023-10-15T18:39:21.737] [INFO] ma-core - get all Customer success /api/customer/ GET ::1
[2023-10-15T18:39:21.761] [INFO] ma-core - get All Task By ID success /api/task/getTasksByUserId GET ::1
[2023-10-15T18:39:21.833] [INFO] ma-core - get all Customer success /api/customer/ GET ::1
[2023-10-15T18:39:21.901] [INFO] ma-core - get All Task By ID success /api/task/getTasksByUserId GET ::1
[2023-10-15T18:39:28.586] [INFO] ma-core - get Created Tasks success /api/task/getworkflowTasks GET ::1
[2023-10-15T18:43:12.887] [ERROR] ma-core - get Created Tasks error : No Tasks found /api/task/getworkflowTasks GET ::1
[2023-10-15T18:43:17.778] [INFO] ma-core - get all Customer success /api/customer/ GET ::1
[2023-10-15T18:43:17.799] [INFO] ma-core - get All Task success /api/task/getFiltredTasks GET ::1
[2023-10-15T18:43:17.920] [INFO] ma-core - get all Customer success /api/customer/ GET ::1
[2023-10-15T18:43:17.968] [INFO] ma-core - get All Task success /api/task/getFiltredTasks GET ::1
[2023-10-15T18:43:18.114] [INFO] ma-core - get All Task success /api/task/getFiltredTasks GET ::1
[2023-10-15T18:43:18.148] [INFO] ma-core - get All Task success /api/task/getFiltredTasks GET ::1
[2023-10-15T18:43:18.183] [INFO] ma-core - get All Task success /api/task/getFiltredTasks GET ::1
[2023-10-15T18:43:28.430] [INFO] ma-core - get all Customer success /api/customer/ GET ::1
[2023-10-15T18:43:52.983] [INFO] ma-core - get Created Tasks success /api/task/getCreatedTasks GET ::1
[2023-10-15T18:43:54.105] [INFO] ma-core - get Created Tasks success /api/task/getCreatedTasks GET ::1
[2023-10-15T18:43:54.928] [INFO] ma-core - get Created Tasks success /api/task/getCreatedTasks GET ::1
[2023-10-15T18:43:55.237] [INFO] ma-core - get Created Tasks success /api/task/getCreatedTasks GET ::1
[2023-10-15T18:43:55.517] [INFO] ma-core - get Created Tasks success /api/task/getCreatedTasks GET ::1
[2023-10-15T18:43:55.789] [INFO] ma-core - get Created Tasks success /api/task/getCreatedTasks GET ::1
[2023-10-15T18:43:55.908] [INFO] ma-core - get Created Tasks success /api/task/getCreatedTasks GET ::1
[2023-10-15T18:44:11.969] [INFO] ma-core - get all Customer success /api/customer/ GET ::1
[2023-10-15T19:07:15.479] [INFO] ma-core - get All Task By filter success /api/task/getTasksByFilter GET ::1
[2023-10-15T19:19:20.141] [INFO] ma-core - get All Task By filter success /api/task/getTasksByFilter GET ::1
[2023-10-15T19:19:41.979] [INFO] ma-core - get All Task By filter success /api/task/getTasksByFilter GET ::1
[2023-10-15T20:03:07.309] [INFO] ma-core - get All nomenclature success /api/nomenclature/ GET ::1
[2023-10-15T20:03:08.071] [INFO] ma-core - Get all shifts success /api/shift/ GET ::1
[2023-10-15T20:03:08.704] [INFO] ma-core - Get all shifts success /api/shift/ GET ::1
[2023-10-15T20:03:11.448] [INFO] ma-core - Get all members success /api/shift/members GET ::1
[2023-10-15T20:04:55.656] [INFO] ma-core - Get all shifts success /api/shift/ GET ::1
[2023-10-15T20:05:10.707] [INFO] ma-core - Get all shifts success /api/shift/ GET ::1
[2023-10-15T20:05:13.040] [INFO] ma-core - Get all shifts success /api/shift/ GET ::1
[2023-10-15T20:06:12.103] [INFO] ma-core - get All nomenclature success /api/nomenclature/ GET ::1
[2023-10-15T20:06:12.663] [INFO] ma-core - Get all shifts success /api/shift/ GET ::1
[2023-10-15T20:06:13.168] [INFO] ma-core - Get all shifts success /api/shift/ GET ::1
[2023-10-15T20:06:16.331] [INFO] ma-core - Get all members success /api/shift/members GET ::1
[2023-10-15T20:06:20.083] [INFO] ma-core - Get all members success /api/shift/members GET ::1
[2023-10-15T20:08:25.530] [INFO] ma-core - get All Module success /api/module/getAll GET ::1
[2023-10-15T20:08:30.665] [INFO] ma-core - get All Module success /api/module/getAll GET ::1
[2023-10-15T20:08:34.952] [INFO] ma-core - get All Module success /api/module/getAll GET ::1
[2023-10-15T20:08:34.982] [INFO] ma-core - get All Module success /api/module/getAll GET ::1
[2023-10-15T20:09:12.227] [INFO] ma-core - get All Basic Module success /api/module/getAllBasic GET ::1
[2023-10-15T20:10:41.658] [INFO] ma-core - get module By Id success /api/module/getOne/:id/ GET ::1
[2023-10-15T20:10:55.747] [INFO] ma-core - add Module success /api/module/ POST ::1
[2023-10-15T20:10:55.807] [INFO] ma-core - get All Module success /api/module/getAll GET ::1
[2023-10-15T20:11:04.534] [INFO] ma-core - get All Basic Module success /api/module/getAllBasic GET ::1
[2023-10-15T20:11:04.580] [INFO] ma-core - get module By Id success /api/module/getOne/:id/ GET ::1
[2023-10-15T20:11:04.670] [INFO] ma-core - get module By Id success /api/module/getOne/:id/ GET ::1
[2023-10-15T20:11:20.440] [INFO] ma-core - update module By Customer success /api/module/:id PATCH ::1
[2023-10-15T20:11:20.685] [INFO] ma-core - get All Module success /api/module/getAll GET ::1
[2023-10-15T20:11:23.954] [INFO] ma-core - get All Basic Module success /api/module/getAllBasic GET ::1
[2023-10-15T20:11:24.024] [INFO] ma-core - get module By Id success /api/module/getOne/:id/ GET ::1
[2023-10-15T20:11:24.138] [INFO] ma-core - get module By Id success /api/module/getOne/:id/ GET ::1
[2023-10-15T20:14:14.867] [INFO] ma-core - get All Module success /api/module/getAll GET ::1
[2023-10-15T20:14:16.316] [INFO] ma-core - get All Module success /api/module/getAll GET ::1
[2023-10-15T20:14:16.516] [INFO] ma-core - get All Module success /api/module/getAll GET ::1
[2023-10-15T20:14:16.738] [INFO] ma-core - get All Module success /api/module/getAll GET ::1
[2023-10-15T20:14:21.494] [INFO] ma-core - get All Module success /api/module/getAll GET ::1
[2023-10-15T20:14:21.555] [INFO] ma-core - get All Module success /api/module/getAll GET ::1
[2023-10-15T20:14:21.694] [INFO] ma-core - get All Module success /api/module/getAll GET ::1
[2023-10-15T20:14:24.625] [INFO] ma-core - get All Module success /api/module/getAll GET ::1
[2023-10-15T20:14:25.939] [INFO] ma-core - get All Module success /api/module/getAll GET ::1
[2023-10-15T20:14:27.015] [INFO] ma-core - get All Module success /api/module/getAll GET ::1
[2023-10-15T20:14:53.529] [INFO] ma-core - get all posts success /api/newsFeed/getAllPosts GET ::1
[2023-10-15T20:17:13.005] [INFO] ma-core - get all Customer success /api/customer/ GET ::1
[2023-10-15T20:17:13.170] [INFO] ma-core - get all Customer success /api/customer/ GET ::1
[2023-10-15T20:17:14.787] [ERROR] ma-core - get Created Tasks error : No Tasks found /api/task/getworkflowTasks GET ::1
[2023-10-15T20:17:16.133] [INFO] ma-core - get all Customer success /api/customer/ GET ::1
[2023-10-15T20:17:16.236] [INFO] ma-core - get all Customer success /api/customer/ GET ::1
[2023-10-15T20:17:19.228] [INFO] ma-core - get all Customer success /api/customer/ GET ::1
[2023-10-15T20:17:19.286] [INFO] ma-core - get All Task success /api/task/getFiltredTasks GET ::1
[2023-10-15T20:17:19.402] [INFO] ma-core - get all Customer success /api/customer/ GET ::1
[2023-10-15T20:17:19.510] [INFO] ma-core - get All Task success /api/task/getFiltredTasks GET ::1
[2023-10-15T20:17:19.579] [INFO] ma-core - get All Task success /api/task/getFiltredTasks GET ::1
[2023-10-15T20:17:19.611] [INFO] ma-core - get All Task success /api/task/getFiltredTasks GET ::1
[2023-10-15T20:17:19.651] [INFO] ma-core - get All Task success /api/task/getFiltredTasks GET ::1
[2023-10-15T20:17:22.011] [INFO] ma-core - get all Customer success /api/customer/ GET ::1
[2023-10-15T20:17:22.109] [INFO] ma-core - get all Customer success /api/customer/ GET ::1
[2023-10-15T20:17:24.903] [INFO] ma-core - get all Customer success /api/customer/ GET ::1
[2023-10-15T20:17:24.979] [INFO] ma-core - get All Task success /api/task/getFiltredTasks GET ::1
[2023-10-15T20:17:25.069] [INFO] ma-core - get all Customer success /api/customer/ GET ::1
[2023-10-15T20:17:25.238] [INFO] ma-core - get All Task success /api/task/getFiltredTasks GET ::1
[2023-10-15T20:17:25.371] [INFO] ma-core - get All Task success /api/task/getFiltredTasks GET ::1
[2023-10-15T20:17:25.403] [INFO] ma-core - get All Task success /api/task/getFiltredTasks GET ::1
[2023-10-15T20:17:25.457] [INFO] ma-core - get All Task success /api/task/getFiltredTasks GET ::1
[2023-10-15T20:22:15.580] [INFO] ma-core - get all posts success /api/newsFeed/getAllPosts GET ::1
[2023-10-15T20:28:00.014] [DEBUG] ma-core - Before sending Info !!
[2023-10-15T20:28:00.015] [DEBUG] ma-core - Before sending inside the producer !
[2023-10-15T20:28:00.017] [INFO] ma-core - Auto Canceled the Task
[2023-10-15T20:28:00.018] [INFO] ma-core - Task state change sent with socket!
[2023-10-15T21:50:05.922] [INFO] ma-core - get all Customer success /api/customer/ GET ::1
[2023-10-15T21:50:06.034] [INFO] ma-core - get all Customer success /api/customer/ GET ::1
[2023-10-15T21:50:07.569] [INFO] ma-core - get all Customer success /api/customer/ GET ::1
[2023-10-15T21:50:07.756] [INFO] ma-core - get all Customer success /api/customer/ GET ::1
[2023-10-15T21:50:07.792] [INFO] ma-core - get All Task success /api/task/getFiltredTasks GET ::1
[2023-10-15T21:50:07.886] [INFO] ma-core - get All Task success /api/task/getFiltredTasks GET ::1
[2023-10-15T21:50:07.977] [INFO] ma-core - get All Task success /api/task/getFiltredTasks GET ::1
[2023-10-15T21:50:08.017] [INFO] ma-core - get All Task success /api/task/getFiltredTasks GET ::1
[2023-10-15T21:50:08.052] [INFO] ma-core - get All Task success /api/task/getFiltredTasks GET ::1
