[2022-02-01T11:38:57.821] [INFO] ma-core - database URI mongodb://localhost:27017/core
[2022-02-01T11:38:58.612] [INFO] ma-core - server started at port 5000
[2022-02-01T11:38:58.636] [INFO] ma-core - mongodb conected
[2022-02-01T11:39:08.561] [INFO] ma-core - add post success /api/newsfeed/ POST ::1
[2022-02-01T11:40:50.633] [ERROR] ma-core - "text" is not allowed to be empty /api/newsfeed/ POST ::1
[2022-02-01T11:41:12.746] [ERROR] ma-core - add post :newsFeed validation failed: user: Cast to ObjectId failed for value "617970359f" (type string) at path "user" /api/newsfeed/ POST ::1
[2022-02-01T11:42:54.617] [INFO] ma-core - database URI mongodb://localhost:27017/core
[2022-02-01T11:42:55.301] [INFO] ma-core - server started at port 5000
[2022-02-01T11:42:55.328] [INFO] ma-core - mongodb conected
[2022-02-01T11:42:56.991] [INFO] ma-core - database URI mongodb://localhost:27017/core
[2022-02-01T11:42:57.784] [INFO] ma-core - server started at port 5000
[2022-02-01T11:42:57.807] [INFO] ma-core - mongodb conected
[2022-02-01T11:42:59.013] [INFO] ma-core - database URI mongodb://localhost:27017/core
[2022-02-01T11:42:59.693] [INFO] ma-core - server started at port 5000
[2022-02-01T11:43:01.473] [INFO] ma-core - database URI mongodb://localhost:27017/core
[2022-02-01T11:43:02.133] [INFO] ma-core - server started at port 5000
[2022-02-01T11:43:02.157] [INFO] ma-core - mongodb conected
[2022-02-01T11:43:04.346] [INFO] ma-core - database URI mongodb://localhost:27017/core
[2022-02-01T11:43:04.952] [INFO] ma-core - server started at port 5000
[2022-02-01T11:43:04.973] [INFO] ma-core - mongodb conected
[2022-02-01T11:44:06.810] [INFO] ma-core - add post success testing testing testing
[2022-02-01T11:44:54.814] [INFO] ma-core - add post success testing testing testing
[2022-02-01T11:56:42.522] [INFO] ma-core - add post success testing testing testing
[2022-02-01T11:56:42.527] [INFO] ma-core - add post success NaN post 1234
[2022-02-01T11:56:42.529] [ERROR] ma-core - add post :missing property testing testing testing
[2022-02-01T11:56:42.530] [ERROR] ma-core - add post :missing property NaN post 1234
