[2022-02-10T11:16:43.221] [INFO] ma-core - database URI mongodb://localhost:27017/core
[2022-02-10T11:16:44.002] [INFO] ma-core - server started at port 5000
[2022-02-10T11:16:44.024] [INFO] ma-core - mongodb conected
[2022-02-10T11:24:24.925] [ERROR] ma-core - add Licence :Licence Already Exist During This Periode /api/licence/ POST ::1
[2022-02-10T11:24:47.836] [ERROR] ma-core - add Licence :Licence Already Exist During This Periode /api/licence/ POST ::1
[2022-02-10T11:24:52.727] [ERROR] ma-core - add Licence :Licence Already Exist During This Periode /api/licence/ POST ::1
[2022-02-10T11:24:52.963] [ERROR] ma-core - add Licence :Licence Already Exist During This Periode /api/licence/ POST ::1
[2022-02-10T11:24:53.140] [ERROR] ma-core - add Licence :Licence Already Exist During This Periode /api/licence/ POST ::1
[2022-02-10T11:26:13.658] [ERROR] ma-core - add Licence :Licence Already Exist During This Periode /api/licence/ POST ::1
[2022-02-10T11:26:26.948] [INFO] ma-core - add Licence success /api/licence/ POST ::1
[2022-02-10T11:26:30.731] [ERROR] ma-core - add Licence :Licence Already Exist During This Periode /api/licence/ POST ::1
[2022-02-10T11:26:35.142] [ERROR] ma-core - add Licence :Licence Already Exist During This Periode /api/licence/ POST ::1
[2022-02-10T11:27:05.854] [ERROR] ma-core - add Licence :Licence Already Exist During This Periode /api/licence/ POST ::1
[2022-02-10T11:27:12.831] [INFO] ma-core - add Licence success /api/licence/ POST ::1
[2022-02-10T11:28:16.509] [INFO] ma-core - database URI mongodb://localhost:27017/core
[2022-02-10T11:28:17.124] [INFO] ma-core - server started at port 5000
[2022-02-10T11:28:17.145] [INFO] ma-core - mongodb conected
[2022-02-10T11:28:18.952] [INFO] ma-core - database URI mongodb://localhost:27017/core
[2022-02-10T11:28:19.596] [INFO] ma-core - server started at port 5000
[2022-02-10T11:28:19.627] [INFO] ma-core - mongodb conected
[2022-02-10T11:45:55.283] [ERROR] ma-core - add Licence :Licence Already Exist During This Periode /api/licence/ POST ::1
[2022-02-10T11:49:46.025] [INFO] ma-core - add Licence success /api/licence/ POST ::1
[2022-02-10T11:51:22.093] [INFO] ma-core - add Licence success /api/licence/ POST ::1
[2022-02-10T16:18:14.542] [INFO] ma-core - database URI mongodb://localhost:27017/core
[2022-02-10T16:18:15.166] [INFO] ma-core - server started at port 5000
[2022-02-10T16:18:15.184] [INFO] ma-core - mongodb conected
[2022-02-10T16:19:03.702] [INFO] ma-core - get all posts success /api/newsfeed/getAllPosts GET ::1
[2022-02-10T16:20:18.425] [INFO] ma-core - database URI mongodb://localhost:27017/core
[2022-02-10T16:20:18.999] [INFO] ma-core - server started at port 5000
[2022-02-10T16:20:19.018] [INFO] ma-core - mongodb conected
[2022-02-10T16:20:19.064] [INFO] ma-core - newsfeeds Collection created
[2022-02-10T16:20:22.806] [INFO] ma-core - database URI mongodb://localhost:27017/core
[2022-02-10T16:20:23.370] [INFO] ma-core - server started at port 5000
[2022-02-10T16:20:23.388] [INFO] ma-core - mongodb conected
[2022-02-10T16:20:41.335] [INFO] ma-core - get all posts success /api/newsfeed/getAllPosts GET ::1
