[2023-10-06T17:45:53.606] [ERROR] ma-core - 
[2023-10-06T17:52:10.131] [ERROR] ma-core - "name" is required /api/system/ POST ::ffff:127.0.0.1
[2023-10-06T17:52:10.139] [ERROR] ma-core - "name" is required /api/system/ POST ::ffff:127.0.0.1
[2023-10-06T17:52:10.305] [ERROR] ma-core - Get by Customer Error : CastError: Cast to ObjectId failed for value "test" (type string) at path "customer" for model "system"
    at model.Query.exec (/home/azer/avaxia-monitpring-app/core-service/node_modules/mongoose/lib/query.js:4498:21)
    at Function.paginate (/home/azer/avaxia-monitpring-app/core-service/node_modules/mongoose-paginate-v2/dist/index.js:152:51)
    at Object.module.exports [as getAllSystemByCustomerId] (/home/azer/avaxia-monitpring-app/core-service/services/system/getAllSystemByCustomerId.js:2:577)
    at exports.getAllSystemByCustomerId (/home/azer/avaxia-monitpring-app/core-service/controllers/system.controller.js:8:335)
    at Layer.handle [as handle_request] (/home/azer/avaxia-monitpring-app/core-service/node_modules/express/lib/router/layer.js:95:5)
    at next (/home/azer/avaxia-monitpring-app/core-service/node_modules/express/lib/router/route.js:137:13)
    at module.exports (/home/azer/avaxia-monitpring-app/core-service/middleware/validators/system/getAllSystemByCustomerIdValidation.js:2:1362)
    at Layer.handle [as handle_request] (/home/azer/avaxia-monitpring-app/core-service/node_modules/express/lib/router/layer.js:95:5)
    at next (/home/azer/avaxia-monitpring-app/core-service/node_modules/express/lib/router/route.js:137:13)
    at Route.dispatch (/home/azer/avaxia-monitpring-app/core-service/node_modules/express/lib/router/route.js:112:3)
    at Layer.handle [as handle_request] (/home/azer/avaxia-monitpring-app/core-service/node_modules/express/lib/router/layer.js:95:5)
    at /home/azer/avaxia-monitpring-app/core-service/node_modules/express/lib/router/index.js:281:22
    at param (/home/azer/avaxia-monitpring-app/core-service/node_modules/express/lib/router/index.js:354:14)
    at param (/home/azer/avaxia-monitpring-app/core-service/node_modules/express/lib/router/index.js:365:14)
    at Function.process_params (/home/azer/avaxia-monitpring-app/core-service/node_modules/express/lib/router/index.js:410:3)
    at next (/home/azer/avaxia-monitpring-app/core-service/node_modules/express/lib/router/index.js:275:10)
    at Function.handle (/home/azer/avaxia-monitpring-app/core-service/node_modules/express/lib/router/index.js:174:3)
    at router (/home/azer/avaxia-monitpring-app/core-service/node_modules/express/lib/router/index.js:47:12)
    at Layer.handle [as handle_request] (/home/azer/avaxia-monitpring-app/core-service/node_modules/express/lib/router/layer.js:95:5)
    at trim_prefix (/home/azer/avaxia-monitpring-app/core-service/node_modules/express/lib/router/index.js:317:13)
    at /home/azer/avaxia-monitpring-app/core-service/node_modules/express/lib/router/index.js:284:7
    at Function.process_params (/home/azer/avaxia-monitpring-app/core-service/node_modules/express/lib/router/index.js:335:12)
    at next (/home/azer/avaxia-monitpring-app/core-service/node_modules/express/lib/router/index.js:275:10)
    at Function.handle (/home/azer/avaxia-monitpring-app/core-service/node_modules/express/lib/router/index.js:174:3)
    at router (/home/azer/avaxia-monitpring-app/core-service/node_modules/express/lib/router/index.js:47:12)
    at Layer.handle [as handle_request] (/home/azer/avaxia-monitpring-app/core-service/node_modules/express/lib/router/layer.js:95:5)
    at trim_prefix (/home/azer/avaxia-monitpring-app/core-service/node_modules/express/lib/router/index.js:317:13)
    at /home/azer/avaxia-monitpring-app/core-service/node_modules/express/lib/router/index.js:284:7
    at Function.process_params (/home/azer/avaxia-monitpring-app/core-service/node_modules/express/lib/router/index.js:335:12)
    at next (/home/azer/avaxia-monitpring-app/core-service/node_modules/express/lib/router/index.js:275:10)
    at Function.handle (/home/azer/avaxia-monitpring-app/core-service/node_modules/express/lib/router/index.js:174:3)
    at router (/home/azer/avaxia-monitpring-app/core-service/node_modules/express/lib/router/index.js:47:12)
    at Layer.handle [as handle_request] (/home/azer/avaxia-monitpring-app/core-service/node_modules/express/lib/router/layer.js:95:5)
    at trim_prefix (/home/azer/avaxia-monitpring-app/core-service/node_modules/express/lib/router/index.js:317:13)
    at /home/azer/avaxia-monitpring-app/core-service/node_modules/express/lib/router/index.js:284:7
    at Function.process_params (/home/azer/avaxia-monitpring-app/core-service/node_modules/express/lib/router/index.js:335:12)
    at next (/home/azer/avaxia-monitpring-app/core-service/node_modules/express/lib/router/index.js:275:10)
    at jsonParser (/home/azer/avaxia-monitpring-app/core-service/node_modules/body-parser/lib/types/json.js:101:7)
    at Layer.handle [as handle_request] (/home/azer/avaxia-monitpring-app/core-service/node_modules/express/lib/router/layer.js:95:5)
    at trim_prefix (/home/azer/avaxia-monitpring-app/core-service/node_modules/express/lib/router/index.js:317:13)
    at /home/azer/avaxia-monitpring-app/core-service/node_modules/express/lib/router/index.js:284:7
    at Function.process_params (/home/azer/avaxia-monitpring-app/core-service/node_modules/express/lib/router/index.js:335:12)
    at next (/home/azer/avaxia-monitpring-app/core-service/node_modules/express/lib/router/index.js:275:10)
    at /home/azer/avaxia-monitpring-app/core-service/node_modules/body-parser/lib/read.js:130:5
    at invokeCallback (/home/azer/avaxia-monitpring-app/core-service/node_modules/raw-body/index.js:224:16)
    at done (/home/azer/avaxia-monitpring-app/core-service/node_modules/raw-body/index.js:213:7)
    at IncomingMessage.onEnd (/home/azer/avaxia-monitpring-app/core-service/node_modules/raw-body/index.js:273:7)
    at IncomingMessage.emit (events.js:412:35)
    at endReadableNT (internal/streams/readable.js:1333:12)
    at processTicksAndRejections (internal/process/task_queues.js:82:21) {
  messageFormat: undefined,
  stringValue: '"test"',
  kind: 'ObjectId',
  value: 'test',
  path: 'customer',
  reason: Error: Argument passed in must be a single String of 12 bytes or a string of 24 hex characters
      at new ObjectID (/home/azer/avaxia-monitpring-app/core-service/node_modules/bson/lib/bson/objectid.js:59:11)
      at castObjectId (/home/azer/avaxia-monitpring-app/core-service/node_modules/mongoose/lib/cast/objectid.js:25:12)
      at ObjectId.cast (/home/azer/avaxia-monitpring-app/core-service/node_modules/mongoose/lib/schema/objectid.js:246:12)
      at ObjectId.SchemaType.applySetters (/home/azer/avaxia-monitpring-app/core-service/node_modules/mongoose/lib/schematype.js:1123:12)
      at ObjectId.SchemaType._castForQuery (/home/azer/avaxia-monitpring-app/core-service/node_modules/mongoose/lib/schematype.js:1601:15)
      at ObjectId.SchemaType.castForQuery (/home/azer/avaxia-monitpring-app/core-service/node_modules/mongoose/lib/schematype.js:1591:15)
      at ObjectId.SchemaType.castForQueryWrapper (/home/azer/avaxia-monitpring-app/core-service/node_modules/mongoose/lib/schematype.js:1568:20)
      at cast (/home/azer/avaxia-monitpring-app/core-service/node_modules/mongoose/lib/cast.js:332:32)
      at model.Query.Query.cast (/home/azer/avaxia-monitpring-app/core-service/node_modules/mongoose/lib/query.js:4937:12)
      at model.Query.<anonymous> (/home/azer/avaxia-monitpring-app/core-service/node_modules/mongoose/lib/query.js:2370:10)
      at model.Query._wrappedThunk [as _countDocuments] (/home/azer/avaxia-monitpring-app/core-service/node_modules/mongoose/lib/helpers/query/wrapThunk.js:16:8)
      at /home/azer/avaxia-monitpring-app/core-service/node_modules/kareem/index.js:370:33
      at processTicksAndRejections (internal/process/task_queues.js:77:11),
  valueType: 'string'
}
[2023-10-06T17:52:10.380] [ERROR] ma-core - Get by Customer Error : CastError: Cast to ObjectId failed for value "test" (type string) at path "customer" for model "system"
    at model.Query.exec (/home/azer/avaxia-monitpring-app/core-service/node_modules/mongoose/lib/query.js:4498:21)
    at Function.paginate (/home/azer/avaxia-monitpring-app/core-service/node_modules/mongoose-paginate-v2/dist/index.js:152:51)
    at Object.module.exports [as getAllSystemByCustomerId] (/home/azer/avaxia-monitpring-app/core-service/services/system/getAllSystemByCustomerId.js:2:577)
    at exports.getAllSystemByCustomerId (/home/azer/avaxia-monitpring-app/core-service/controllers/system.controller.js:8:335)
    at Layer.handle [as handle_request] (/home/azer/avaxia-monitpring-app/core-service/node_modules/express/lib/router/layer.js:95:5)
    at next (/home/azer/avaxia-monitpring-app/core-service/node_modules/express/lib/router/route.js:137:13)
    at module.exports (/home/azer/avaxia-monitpring-app/core-service/middleware/validators/system/getAllSystemByCustomerIdValidation.js:2:1362)
    at Layer.handle [as handle_request] (/home/azer/avaxia-monitpring-app/core-service/node_modules/express/lib/router/layer.js:95:5)
    at next (/home/azer/avaxia-monitpring-app/core-service/node_modules/express/lib/router/route.js:137:13)
    at Route.dispatch (/home/azer/avaxia-monitpring-app/core-service/node_modules/express/lib/router/route.js:112:3)
    at Layer.handle [as handle_request] (/home/azer/avaxia-monitpring-app/core-service/node_modules/express/lib/router/layer.js:95:5)
    at /home/azer/avaxia-monitpring-app/core-service/node_modules/express/lib/router/index.js:281:22
    at param (/home/azer/avaxia-monitpring-app/core-service/node_modules/express/lib/router/index.js:354:14)
    at param (/home/azer/avaxia-monitpring-app/core-service/node_modules/express/lib/router/index.js:365:14)
    at Function.process_params (/home/azer/avaxia-monitpring-app/core-service/node_modules/express/lib/router/index.js:410:3)
    at next (/home/azer/avaxia-monitpring-app/core-service/node_modules/express/lib/router/index.js:275:10)
    at Function.handle (/home/azer/avaxia-monitpring-app/core-service/node_modules/express/lib/router/index.js:174:3)
    at router (/home/azer/avaxia-monitpring-app/core-service/node_modules/express/lib/router/index.js:47:12)
    at Layer.handle [as handle_request] (/home/azer/avaxia-monitpring-app/core-service/node_modules/express/lib/router/layer.js:95:5)
    at trim_prefix (/home/azer/avaxia-monitpring-app/core-service/node_modules/express/lib/router/index.js:317:13)
    at /home/azer/avaxia-monitpring-app/core-service/node_modules/express/lib/router/index.js:284:7
    at Function.process_params (/home/azer/avaxia-monitpring-app/core-service/node_modules/express/lib/router/index.js:335:12)
    at next (/home/azer/avaxia-monitpring-app/core-service/node_modules/express/lib/router/index.js:275:10)
    at Function.handle (/home/azer/avaxia-monitpring-app/core-service/node_modules/express/lib/router/index.js:174:3)
    at router (/home/azer/avaxia-monitpring-app/core-service/node_modules/express/lib/router/index.js:47:12)
    at Layer.handle [as handle_request] (/home/azer/avaxia-monitpring-app/core-service/node_modules/express/lib/router/layer.js:95:5)
    at trim_prefix (/home/azer/avaxia-monitpring-app/core-service/node_modules/express/lib/router/index.js:317:13)
    at /home/azer/avaxia-monitpring-app/core-service/node_modules/express/lib/router/index.js:284:7
    at Function.process_params (/home/azer/avaxia-monitpring-app/core-service/node_modules/express/lib/router/index.js:335:12)
    at next (/home/azer/avaxia-monitpring-app/core-service/node_modules/express/lib/router/index.js:275:10)
    at Function.handle (/home/azer/avaxia-monitpring-app/core-service/node_modules/express/lib/router/index.js:174:3)
    at router (/home/azer/avaxia-monitpring-app/core-service/node_modules/express/lib/router/index.js:47:12)
    at Layer.handle [as handle_request] (/home/azer/avaxia-monitpring-app/core-service/node_modules/express/lib/router/layer.js:95:5)
    at trim_prefix (/home/azer/avaxia-monitpring-app/core-service/node_modules/express/lib/router/index.js:317:13)
    at /home/azer/avaxia-monitpring-app/core-service/node_modules/express/lib/router/index.js:284:7
    at Function.process_params (/home/azer/avaxia-monitpring-app/core-service/node_modules/express/lib/router/index.js:335:12)
    at next (/home/azer/avaxia-monitpring-app/core-service/node_modules/express/lib/router/index.js:275:10)
    at jsonParser (/home/azer/avaxia-monitpring-app/core-service/node_modules/body-parser/lib/types/json.js:101:7)
    at Layer.handle [as handle_request] (/home/azer/avaxia-monitpring-app/core-service/node_modules/express/lib/router/layer.js:95:5)
    at trim_prefix (/home/azer/avaxia-monitpring-app/core-service/node_modules/express/lib/router/index.js:317:13)
    at /home/azer/avaxia-monitpring-app/core-service/node_modules/express/lib/router/index.js:284:7
    at Function.process_params (/home/azer/avaxia-monitpring-app/core-service/node_modules/express/lib/router/index.js:335:12)
    at next (/home/azer/avaxia-monitpring-app/core-service/node_modules/express/lib/router/index.js:275:10)
    at /home/azer/avaxia-monitpring-app/core-service/node_modules/body-parser/lib/read.js:130:5
    at invokeCallback (/home/azer/avaxia-monitpring-app/core-service/node_modules/raw-body/index.js:224:16)
    at done (/home/azer/avaxia-monitpring-app/core-service/node_modules/raw-body/index.js:213:7)
    at IncomingMessage.onEnd (/home/azer/avaxia-monitpring-app/core-service/node_modules/raw-body/index.js:273:7)
    at IncomingMessage.emit (events.js:412:35)
    at endReadableNT (internal/streams/readable.js:1333:12)
    at processTicksAndRejections (internal/process/task_queues.js:82:21) {
  messageFormat: undefined,
  stringValue: '"test"',
  kind: 'ObjectId',
  value: 'test',
  path: 'customer',
  reason: Error: Argument passed in must be a single String of 12 bytes or a string of 24 hex characters
      at new ObjectID (/home/azer/avaxia-monitpring-app/core-service/node_modules/bson/lib/bson/objectid.js:59:11)
      at castObjectId (/home/azer/avaxia-monitpring-app/core-service/node_modules/mongoose/lib/cast/objectid.js:25:12)
      at ObjectId.cast (/home/azer/avaxia-monitpring-app/core-service/node_modules/mongoose/lib/schema/objectid.js:246:12)
      at ObjectId.SchemaType.applySetters (/home/azer/avaxia-monitpring-app/core-service/node_modules/mongoose/lib/schematype.js:1123:12)
      at ObjectId.SchemaType._castForQuery (/home/azer/avaxia-monitpring-app/core-service/node_modules/mongoose/lib/schematype.js:1601:15)
      at ObjectId.SchemaType.castForQuery (/home/azer/avaxia-monitpring-app/core-service/node_modules/mongoose/lib/schematype.js:1591:15)
      at ObjectId.SchemaType.castForQueryWrapper (/home/azer/avaxia-monitpring-app/core-service/node_modules/mongoose/lib/schematype.js:1568:20)
      at cast (/home/azer/avaxia-monitpring-app/core-service/node_modules/mongoose/lib/cast.js:332:32)
      at model.Query.Query.cast (/home/azer/avaxia-monitpring-app/core-service/node_modules/mongoose/lib/query.js:4937:12)
      at model.Query.<anonymous> (/home/azer/avaxia-monitpring-app/core-service/node_modules/mongoose/lib/query.js:2370:10)
      at model.Query._wrappedThunk [as _countDocuments] (/home/azer/avaxia-monitpring-app/core-service/node_modules/mongoose/lib/helpers/query/wrapThunk.js:16:8)
      at /home/azer/avaxia-monitpring-app/core-service/node_modules/kareem/index.js:370:33
      at processTicksAndRejections (internal/process/task_queues.js:77:11),
  valueType: 'string'
}
[2023-10-06T17:52:10.509] [ERROR] ma-core - Get by Customer Error : CastError: Cast to ObjectId failed for value "test" (type string) at path "customer" for model "system"
    at model.Query.exec (/home/azer/avaxia-monitpring-app/core-service/node_modules/mongoose/lib/query.js:4498:21)
    at Function.paginate (/home/azer/avaxia-monitpring-app/core-service/node_modules/mongoose-paginate-v2/dist/index.js:152:51)
    at Object.module.exports [as getAllSystemByCustomerId] (/home/azer/avaxia-monitpring-app/core-service/services/system/getAllSystemByCustomerId.js:2:577)
    at exports.getAllSystemByCustomerId (/home/azer/avaxia-monitpring-app/core-service/controllers/system.controller.js:8:335)
    at Layer.handle [as handle_request] (/home/azer/avaxia-monitpring-app/core-service/node_modules/express/lib/router/layer.js:95:5)
    at next (/home/azer/avaxia-monitpring-app/core-service/node_modules/express/lib/router/route.js:137:13)
    at module.exports (/home/azer/avaxia-monitpring-app/core-service/middleware/validators/system/getAllSystemByCustomerIdValidation.js:2:1362)
    at Layer.handle [as handle_request] (/home/azer/avaxia-monitpring-app/core-service/node_modules/express/lib/router/layer.js:95:5)
    at next (/home/azer/avaxia-monitpring-app/core-service/node_modules/express/lib/router/route.js:137:13)
    at Route.dispatch (/home/azer/avaxia-monitpring-app/core-service/node_modules/express/lib/router/route.js:112:3)
    at Layer.handle [as handle_request] (/home/azer/avaxia-monitpring-app/core-service/node_modules/express/lib/router/layer.js:95:5)
    at /home/azer/avaxia-monitpring-app/core-service/node_modules/express/lib/router/index.js:281:22
    at param (/home/azer/avaxia-monitpring-app/core-service/node_modules/express/lib/router/index.js:354:14)
    at param (/home/azer/avaxia-monitpring-app/core-service/node_modules/express/lib/router/index.js:365:14)
    at Function.process_params (/home/azer/avaxia-monitpring-app/core-service/node_modules/express/lib/router/index.js:410:3)
    at next (/home/azer/avaxia-monitpring-app/core-service/node_modules/express/lib/router/index.js:275:10)
    at Function.handle (/home/azer/avaxia-monitpring-app/core-service/node_modules/express/lib/router/index.js:174:3)
    at router (/home/azer/avaxia-monitpring-app/core-service/node_modules/express/lib/router/index.js:47:12)
    at Layer.handle [as handle_request] (/home/azer/avaxia-monitpring-app/core-service/node_modules/express/lib/router/layer.js:95:5)
    at trim_prefix (/home/azer/avaxia-monitpring-app/core-service/node_modules/express/lib/router/index.js:317:13)
    at /home/azer/avaxia-monitpring-app/core-service/node_modules/express/lib/router/index.js:284:7
    at Function.process_params (/home/azer/avaxia-monitpring-app/core-service/node_modules/express/lib/router/index.js:335:12)
    at next (/home/azer/avaxia-monitpring-app/core-service/node_modules/express/lib/router/index.js:275:10)
    at Function.handle (/home/azer/avaxia-monitpring-app/core-service/node_modules/express/lib/router/index.js:174:3)
    at router (/home/azer/avaxia-monitpring-app/core-service/node_modules/express/lib/router/index.js:47:12)
    at Layer.handle [as handle_request] (/home/azer/avaxia-monitpring-app/core-service/node_modules/express/lib/router/layer.js:95:5)
    at trim_prefix (/home/azer/avaxia-monitpring-app/core-service/node_modules/express/lib/router/index.js:317:13)
    at /home/azer/avaxia-monitpring-app/core-service/node_modules/express/lib/router/index.js:284:7
    at Function.process_params (/home/azer/avaxia-monitpring-app/core-service/node_modules/express/lib/router/index.js:335:12)
    at next (/home/azer/avaxia-monitpring-app/core-service/node_modules/express/lib/router/index.js:275:10)
    at Function.handle (/home/azer/avaxia-monitpring-app/core-service/node_modules/express/lib/router/index.js:174:3)
    at router (/home/azer/avaxia-monitpring-app/core-service/node_modules/express/lib/router/index.js:47:12)
    at Layer.handle [as handle_request] (/home/azer/avaxia-monitpring-app/core-service/node_modules/express/lib/router/layer.js:95:5)
    at trim_prefix (/home/azer/avaxia-monitpring-app/core-service/node_modules/express/lib/router/index.js:317:13)
    at /home/azer/avaxia-monitpring-app/core-service/node_modules/express/lib/router/index.js:284:7
    at Function.process_params (/home/azer/avaxia-monitpring-app/core-service/node_modules/express/lib/router/index.js:335:12)
    at next (/home/azer/avaxia-monitpring-app/core-service/node_modules/express/lib/router/index.js:275:10)
    at jsonParser (/home/azer/avaxia-monitpring-app/core-service/node_modules/body-parser/lib/types/json.js:101:7)
    at Layer.handle [as handle_request] (/home/azer/avaxia-monitpring-app/core-service/node_modules/express/lib/router/layer.js:95:5)
    at trim_prefix (/home/azer/avaxia-monitpring-app/core-service/node_modules/express/lib/router/index.js:317:13)
    at /home/azer/avaxia-monitpring-app/core-service/node_modules/express/lib/router/index.js:284:7
    at Function.process_params (/home/azer/avaxia-monitpring-app/core-service/node_modules/express/lib/router/index.js:335:12)
    at next (/home/azer/avaxia-monitpring-app/core-service/node_modules/express/lib/router/index.js:275:10)
    at /home/azer/avaxia-monitpring-app/core-service/node_modules/body-parser/lib/read.js:130:5
    at invokeCallback (/home/azer/avaxia-monitpring-app/core-service/node_modules/raw-body/index.js:224:16)
    at done (/home/azer/avaxia-monitpring-app/core-service/node_modules/raw-body/index.js:213:7)
    at IncomingMessage.onEnd (/home/azer/avaxia-monitpring-app/core-service/node_modules/raw-body/index.js:273:7)
    at IncomingMessage.emit (events.js:412:35)
    at endReadableNT (internal/streams/readable.js:1333:12)
    at processTicksAndRejections (internal/process/task_queues.js:82:21) {
  messageFormat: undefined,
  stringValue: '"test"',
  kind: 'ObjectId',
  value: 'test',
  path: 'customer',
  reason: Error: Argument passed in must be a single String of 12 bytes or a string of 24 hex characters
      at new ObjectID (/home/azer/avaxia-monitpring-app/core-service/node_modules/bson/lib/bson/objectid.js:59:11)
      at castObjectId (/home/azer/avaxia-monitpring-app/core-service/node_modules/mongoose/lib/cast/objectid.js:25:12)
      at ObjectId.cast (/home/azer/avaxia-monitpring-app/core-service/node_modules/mongoose/lib/schema/objectid.js:246:12)
      at ObjectId.SchemaType.applySetters (/home/azer/avaxia-monitpring-app/core-service/node_modules/mongoose/lib/schematype.js:1123:12)
      at ObjectId.SchemaType._castForQuery (/home/azer/avaxia-monitpring-app/core-service/node_modules/mongoose/lib/schematype.js:1601:15)
      at ObjectId.SchemaType.castForQuery (/home/azer/avaxia-monitpring-app/core-service/node_modules/mongoose/lib/schematype.js:1591:15)
      at ObjectId.SchemaType.castForQueryWrapper (/home/azer/avaxia-monitpring-app/core-service/node_modules/mongoose/lib/schematype.js:1568:20)
      at cast (/home/azer/avaxia-monitpring-app/core-service/node_modules/mongoose/lib/cast.js:332:32)
      at model.Query.Query.cast (/home/azer/avaxia-monitpring-app/core-service/node_modules/mongoose/lib/query.js:4937:12)
      at model.Query.<anonymous> (/home/azer/avaxia-monitpring-app/core-service/node_modules/mongoose/lib/query.js:2370:10)
      at model.Query._wrappedThunk [as _countDocuments] (/home/azer/avaxia-monitpring-app/core-service/node_modules/mongoose/lib/helpers/query/wrapThunk.js:16:8)
      at /home/azer/avaxia-monitpring-app/core-service/node_modules/kareem/index.js:370:33
      at processTicksAndRejections (internal/process/task_queues.js:77:11),
  valueType: 'string'
}
[2023-10-06T17:55:02.936] [ERROR] ma-core - random Error
[2023-10-06T17:55:03.360] [ERROR] ma-core - random error
[2023-10-06T17:57:21.095] [ERROR] ma-core - Get by Customer Error : Error: Random error
    at Context.<anonymous> (/home/azer/avaxia-monitpring-app/core-service/test/unit/system/getAllSystemByCustomerId/getAllSystemByCustomerIdServiceTest.js:52:21)
    at callFn (/home/azer/avaxia-monitpring-app/core-service/node_modules/mocha/lib/runnable.js:366:21)
    at Test.Runnable.run (/home/azer/avaxia-monitpring-app/core-service/node_modules/mocha/lib/runnable.js:354:5)
    at Runner.runTest (/home/azer/avaxia-monitpring-app/core-service/node_modules/mocha/lib/runner.js:681:10)
    at /home/azer/avaxia-monitpring-app/core-service/node_modules/mocha/lib/runner.js:804:12
    at next (/home/azer/avaxia-monitpring-app/core-service/node_modules/mocha/lib/runner.js:596:14)
    at /home/azer/avaxia-monitpring-app/core-service/node_modules/mocha/lib/runner.js:606:7
    at next (/home/azer/avaxia-monitpring-app/core-service/node_modules/mocha/lib/runner.js:489:14)
    at cbHookRun (/home/azer/avaxia-monitpring-app/core-service/node_modules/mocha/lib/runner.js:554:7)
    at done (/home/azer/avaxia-monitpring-app/core-service/node_modules/mocha/lib/runnable.js:310:5)
    at callFn (/home/azer/avaxia-monitpring-app/core-service/node_modules/mocha/lib/runnable.js:389:7)
    at Hook.Runnable.run (/home/azer/avaxia-monitpring-app/core-service/node_modules/mocha/lib/runnable.js:354:5)
    at next (/home/azer/avaxia-monitpring-app/core-service/node_modules/mocha/lib/runner.js:513:10)
    at Immediate._onImmediate (/home/azer/avaxia-monitpring-app/core-service/node_modules/mocha/lib/runner.js:574:5)
    at processImmediate (internal/timers.js:464:21)
[2023-10-06T17:57:21.124] [ERROR] ma-core - Get Categories by Customer ID and Type ID Error : Error: Random error
    at Context.<anonymous> (/home/azer/avaxia-monitpring-app/core-service/test/unit/system/getCategoryByTypesByCustomer/getCategoryByTypesByCustomerServiceTest.js:122:21)
    at callFn (/home/azer/avaxia-monitpring-app/core-service/node_modules/mocha/lib/runnable.js:366:21)
    at Test.Runnable.run (/home/azer/avaxia-monitpring-app/core-service/node_modules/mocha/lib/runnable.js:354:5)
    at Runner.runTest (/home/azer/avaxia-monitpring-app/core-service/node_modules/mocha/lib/runner.js:681:10)
    at /home/azer/avaxia-monitpring-app/core-service/node_modules/mocha/lib/runner.js:804:12
    at next (/home/azer/avaxia-monitpring-app/core-service/node_modules/mocha/lib/runner.js:596:14)
    at /home/azer/avaxia-monitpring-app/core-service/node_modules/mocha/lib/runner.js:606:7
    at next (/home/azer/avaxia-monitpring-app/core-service/node_modules/mocha/lib/runner.js:489:14)
    at cbHookRun (/home/azer/avaxia-monitpring-app/core-service/node_modules/mocha/lib/runner.js:554:7)
    at done (/home/azer/avaxia-monitpring-app/core-service/node_modules/mocha/lib/runnable.js:310:5)
    at callFn (/home/azer/avaxia-monitpring-app/core-service/node_modules/mocha/lib/runnable.js:389:7)
    at Hook.Runnable.run (/home/azer/avaxia-monitpring-app/core-service/node_modules/mocha/lib/runnable.js:354:5)
    at next (/home/azer/avaxia-monitpring-app/core-service/node_modules/mocha/lib/runner.js:513:10)
    at Immediate._onImmediate (/home/azer/avaxia-monitpring-app/core-service/node_modules/mocha/lib/runner.js:574:5)
    at processImmediate (internal/timers.js:464:21)
[2023-10-06T17:57:21.156] [ERROR] ma-core - Get types by Customer ID Error : Error: Random error
    at Context.<anonymous> (/home/azer/avaxia-monitpring-app/core-service/test/unit/system/getTypeByCustomer/getTypesByCustomerServiceTest.js:122:21)
    at callFn (/home/azer/avaxia-monitpring-app/core-service/node_modules/mocha/lib/runnable.js:366:21)
    at Test.Runnable.run (/home/azer/avaxia-monitpring-app/core-service/node_modules/mocha/lib/runnable.js:354:5)
    at Runner.runTest (/home/azer/avaxia-monitpring-app/core-service/node_modules/mocha/lib/runner.js:681:10)
    at /home/azer/avaxia-monitpring-app/core-service/node_modules/mocha/lib/runner.js:804:12
    at next (/home/azer/avaxia-monitpring-app/core-service/node_modules/mocha/lib/runner.js:596:14)
    at /home/azer/avaxia-monitpring-app/core-service/node_modules/mocha/lib/runner.js:606:7
    at next (/home/azer/avaxia-monitpring-app/core-service/node_modules/mocha/lib/runner.js:489:14)
    at cbHookRun (/home/azer/avaxia-monitpring-app/core-service/node_modules/mocha/lib/runner.js:554:7)
    at done (/home/azer/avaxia-monitpring-app/core-service/node_modules/mocha/lib/runnable.js:310:5)
    at callFn (/home/azer/avaxia-monitpring-app/core-service/node_modules/mocha/lib/runnable.js:389:7)
    at Hook.Runnable.run (/home/azer/avaxia-monitpring-app/core-service/node_modules/mocha/lib/runnable.js:354:5)
    at next (/home/azer/avaxia-monitpring-app/core-service/node_modules/mocha/lib/runner.js:513:10)
    at Immediate._onImmediate (/home/azer/avaxia-monitpring-app/core-service/node_modules/mocha/lib/runner.js:574:5)
    at processImmediate (internal/timers.js:464:21)
[2023-10-06T20:29:26.373] [ERROR] ma-core - "shift" is required /api/shift/members GET ::1
