[2022-02-15T08:55:41.613] [ERROR] ma-core - get All Active ItOperation :condtions is not defined /api/itoperation/getAllActive GET ::1
[2022-02-15T08:59:29.332] [ERROR] ma-core - "page" is required /api/itoperation/getAllActive GET ::1
[2022-02-15T08:59:48.356] [ERROR] ma-core - "paginate" is required /api/itoperation/getAllActive GET ::1
[2022-02-15T09:08:54.853] [ERROR] ma-core - "customerId" must be a string /api/itoperation/getAllActive GET ::1
[2022-02-15T09:29:48.454] [ERROR] ma-core - get All Active ItOperation :Arguments must be aggregate pipeline operators /api/itoperation/getAllActive GET ::1
[2022-02-15T09:29:57.938] [ERROR] ma-core - get All Active ItOperation :Arguments must be aggregate pipeline operators /api/itoperation/getAllActive GET ::1
[2022-02-15T11:52:49.128] [ERROR] ma-core - "customerId" is not allowed /api/itoperation/getAllActive POST ::1
[2022-02-15T20:04:47.260] [ERROR] ma-core - cancel ItOperation :itOperation not found testing testing testing
[2022-02-15T20:04:47.263] [ERROR] ma-core - finish ItOperation :itOperation not found testing testing testing
[2022-02-15T20:04:52.333] [ERROR] ma-core - Error occur while Getting ItOperation By System Id : Error: Random error
    at Context.<anonymous> (/home/azer/avaxia-monitpring-app/core-service/test/unit/itOperation/getAllBySystem/getAllBySystemServiceTest.js:50:21)
    at callFn (/home/azer/avaxia-monitpring-app/core-service/node_modules/mocha/lib/runnable.js:366:21)
    at Test.Runnable.run (/home/azer/avaxia-monitpring-app/core-service/node_modules/mocha/lib/runnable.js:354:5)
    at Runner.runTest (/home/azer/avaxia-monitpring-app/core-service/node_modules/mocha/lib/runner.js:681:10)
    at /home/azer/avaxia-monitpring-app/core-service/node_modules/mocha/lib/runner.js:804:12
    at next (/home/azer/avaxia-monitpring-app/core-service/node_modules/mocha/lib/runner.js:596:14)
    at /home/azer/avaxia-monitpring-app/core-service/node_modules/mocha/lib/runner.js:606:7
    at next (/home/azer/avaxia-monitpring-app/core-service/node_modules/mocha/lib/runner.js:489:14)
    at cbHookRun (/home/azer/avaxia-monitpring-app/core-service/node_modules/mocha/lib/runner.js:554:7)
    at done (/home/azer/avaxia-monitpring-app/core-service/node_modules/mocha/lib/runnable.js:310:5)
    at callFn (/home/azer/avaxia-monitpring-app/core-service/node_modules/mocha/lib/runnable.js:389:7)
    at Hook.Runnable.run (/home/azer/avaxia-monitpring-app/core-service/node_modules/mocha/lib/runnable.js:354:5)
    at next (/home/azer/avaxia-monitpring-app/core-service/node_modules/mocha/lib/runner.js:513:10)
    at Immediate._onImmediate (/home/azer/avaxia-monitpring-app/core-service/node_modules/mocha/lib/runner.js:574:5)
    at processImmediate (internal/timers.js:464:21)
[2022-02-15T20:04:52.350] [ERROR] ma-core - add ItOperation fail :missing property testing testing testing
[2022-02-15T20:04:47.281] [ERROR] ma-core - remind ItOperation :itOperation not found testing testing testing
[2022-02-15T20:04:47.282] [ERROR] ma-core - send changes ItOperation :itOperation not found testing testing testing
[2022-02-15T20:04:52.375] [ERROR] ma-core - update ItOperation :itOperation not found testing testing testing
[2022-02-15T20:18:19.575] [ERROR] ma-core - cancel ItOperation :itOperation not found testing testing testing
[2022-02-15T20:18:19.578] [ERROR] ma-core - finish ItOperation :itOperation not found testing testing testing
[2022-02-15T20:18:24.649] [ERROR] ma-core - Error occur while Getting ItOperation By System Id : Error: Random error
    at Context.<anonymous> (/home/azer/avaxia-monitpring-app/core-service/test/unit/itOperation/getAllBySystem/getAllBySystemServiceTest.js:50:21)
    at callFn (/home/azer/avaxia-monitpring-app/core-service/node_modules/mocha/lib/runnable.js:366:21)
    at Test.Runnable.run (/home/azer/avaxia-monitpring-app/core-service/node_modules/mocha/lib/runnable.js:354:5)
    at Runner.runTest (/home/azer/avaxia-monitpring-app/core-service/node_modules/mocha/lib/runner.js:681:10)
    at /home/azer/avaxia-monitpring-app/core-service/node_modules/mocha/lib/runner.js:804:12
    at next (/home/azer/avaxia-monitpring-app/core-service/node_modules/mocha/lib/runner.js:596:14)
    at /home/azer/avaxia-monitpring-app/core-service/node_modules/mocha/lib/runner.js:606:7
    at next (/home/azer/avaxia-monitpring-app/core-service/node_modules/mocha/lib/runner.js:489:14)
    at cbHookRun (/home/azer/avaxia-monitpring-app/core-service/node_modules/mocha/lib/runner.js:554:7)
    at done (/home/azer/avaxia-monitpring-app/core-service/node_modules/mocha/lib/runnable.js:310:5)
    at callFn (/home/azer/avaxia-monitpring-app/core-service/node_modules/mocha/lib/runnable.js:389:7)
    at Hook.Runnable.run (/home/azer/avaxia-monitpring-app/core-service/node_modules/mocha/lib/runnable.js:354:5)
    at next (/home/azer/avaxia-monitpring-app/core-service/node_modules/mocha/lib/runner.js:513:10)
    at Immediate._onImmediate (/home/azer/avaxia-monitpring-app/core-service/node_modules/mocha/lib/runner.js:574:5)
    at processImmediate (internal/timers.js:464:21)
[2022-02-15T20:18:24.665] [ERROR] ma-core - add ItOperation fail :missing property testing testing testing
[2022-02-15T20:18:19.595] [ERROR] ma-core - remind ItOperation :itOperation not found testing testing testing
[2022-02-15T20:18:19.596] [ERROR] ma-core - send changes ItOperation :itOperation not found testing testing testing
[2022-02-15T20:18:24.685] [ERROR] ma-core - update ItOperation :itOperation not found testing testing testing
[2022-02-15T20:19:08.560] [ERROR] ma-core - cancel ItOperation :itOperation not found testing testing testing
[2022-02-15T20:19:08.562] [ERROR] ma-core - finish ItOperation :itOperation not found testing testing testing
[2022-02-15T20:19:18.638] [ERROR] ma-core - Error occur while Getting ItOperation By System Id : Error: Random error
    at Context.<anonymous> (/home/azer/avaxia-monitpring-app/core-service/test/unit/itOperation/getAllBySystem/getAllBySystemServiceTest.js:50:21)
    at callFn (/home/azer/avaxia-monitpring-app/core-service/node_modules/mocha/lib/runnable.js:366:21)
    at Test.Runnable.run (/home/azer/avaxia-monitpring-app/core-service/node_modules/mocha/lib/runnable.js:354:5)
    at Runner.runTest (/home/azer/avaxia-monitpring-app/core-service/node_modules/mocha/lib/runner.js:681:10)
    at /home/azer/avaxia-monitpring-app/core-service/node_modules/mocha/lib/runner.js:804:12
    at next (/home/azer/avaxia-monitpring-app/core-service/node_modules/mocha/lib/runner.js:596:14)
    at /home/azer/avaxia-monitpring-app/core-service/node_modules/mocha/lib/runner.js:606:7
    at next (/home/azer/avaxia-monitpring-app/core-service/node_modules/mocha/lib/runner.js:489:14)
    at cbHookRun (/home/azer/avaxia-monitpring-app/core-service/node_modules/mocha/lib/runner.js:554:7)
    at done (/home/azer/avaxia-monitpring-app/core-service/node_modules/mocha/lib/runnable.js:310:5)
    at callFn (/home/azer/avaxia-monitpring-app/core-service/node_modules/mocha/lib/runnable.js:389:7)
    at Hook.Runnable.run (/home/azer/avaxia-monitpring-app/core-service/node_modules/mocha/lib/runnable.js:354:5)
    at next (/home/azer/avaxia-monitpring-app/core-service/node_modules/mocha/lib/runner.js:513:10)
    at Immediate._onImmediate (/home/azer/avaxia-monitpring-app/core-service/node_modules/mocha/lib/runner.js:574:5)
    at processImmediate (internal/timers.js:464:21)
[2022-02-15T20:19:18.659] [ERROR] ma-core - add ItOperation fail :missing property testing testing testing
[2022-02-15T20:19:08.579] [ERROR] ma-core - remind ItOperation :itOperation not found testing testing testing
[2022-02-15T20:19:08.581] [ERROR] ma-core - send changes ItOperation :itOperation not found testing testing testing
[2022-02-15T20:19:18.686] [ERROR] ma-core - update ItOperation :itOperation not found testing testing testing
[2022-02-15T20:27:02.824] [ERROR] ma-core - cancel ItOperation :itOperation not found testing testing testing
[2022-02-15T20:27:02.826] [ERROR] ma-core - finish ItOperation :itOperation not found testing testing testing
[2022-02-15T20:27:12.896] [ERROR] ma-core - Error occur while Getting ItOperation By System Id : Error: Random error
    at Context.<anonymous> (/home/azer/avaxia-monitpring-app/core-service/test/unit/itOperation/getAllBySystem/getAllBySystemServiceTest.js:50:21)
    at callFn (/home/azer/avaxia-monitpring-app/core-service/node_modules/mocha/lib/runnable.js:366:21)
    at Test.Runnable.run (/home/azer/avaxia-monitpring-app/core-service/node_modules/mocha/lib/runnable.js:354:5)
    at Runner.runTest (/home/azer/avaxia-monitpring-app/core-service/node_modules/mocha/lib/runner.js:681:10)
    at /home/azer/avaxia-monitpring-app/core-service/node_modules/mocha/lib/runner.js:804:12
    at next (/home/azer/avaxia-monitpring-app/core-service/node_modules/mocha/lib/runner.js:596:14)
    at /home/azer/avaxia-monitpring-app/core-service/node_modules/mocha/lib/runner.js:606:7
    at next (/home/azer/avaxia-monitpring-app/core-service/node_modules/mocha/lib/runner.js:489:14)
    at cbHookRun (/home/azer/avaxia-monitpring-app/core-service/node_modules/mocha/lib/runner.js:554:7)
    at done (/home/azer/avaxia-monitpring-app/core-service/node_modules/mocha/lib/runnable.js:310:5)
    at callFn (/home/azer/avaxia-monitpring-app/core-service/node_modules/mocha/lib/runnable.js:389:7)
    at Hook.Runnable.run (/home/azer/avaxia-monitpring-app/core-service/node_modules/mocha/lib/runnable.js:354:5)
    at next (/home/azer/avaxia-monitpring-app/core-service/node_modules/mocha/lib/runner.js:513:10)
    at Immediate._onImmediate (/home/azer/avaxia-monitpring-app/core-service/node_modules/mocha/lib/runner.js:574:5)
    at processImmediate (internal/timers.js:464:21)
[2022-02-15T20:27:12.918] [ERROR] ma-core - add ItOperation fail :missing property testing testing testing
[2022-02-15T20:27:02.842] [ERROR] ma-core - remind ItOperation :itOperation not found testing testing testing
[2022-02-15T20:27:02.844] [ERROR] ma-core - send changes ItOperation :itOperation not found testing testing testing
[2022-02-15T20:27:12.939] [ERROR] ma-core - update ItOperation :itOperation not found testing testing testing
[2022-02-15T20:31:26.930] [ERROR] ma-core - cancel ItOperation :itOperation not found testing testing testing
[2022-02-15T20:31:26.933] [ERROR] ma-core - finish ItOperation :itOperation not found testing testing testing
[2022-02-15T20:31:37.016] [ERROR] ma-core - Error occur while Getting ItOperation By System Id : Error: Random error
    at Context.<anonymous> (/home/azer/avaxia-monitpring-app/core-service/test/unit/itOperation/getAllBySystem/getAllBySystemServiceTest.js:50:21)
    at callFn (/home/azer/avaxia-monitpring-app/core-service/node_modules/mocha/lib/runnable.js:366:21)
    at Test.Runnable.run (/home/azer/avaxia-monitpring-app/core-service/node_modules/mocha/lib/runnable.js:354:5)
    at Runner.runTest (/home/azer/avaxia-monitpring-app/core-service/node_modules/mocha/lib/runner.js:681:10)
    at /home/azer/avaxia-monitpring-app/core-service/node_modules/mocha/lib/runner.js:804:12
    at next (/home/azer/avaxia-monitpring-app/core-service/node_modules/mocha/lib/runner.js:596:14)
    at /home/azer/avaxia-monitpring-app/core-service/node_modules/mocha/lib/runner.js:606:7
    at next (/home/azer/avaxia-monitpring-app/core-service/node_modules/mocha/lib/runner.js:489:14)
    at cbHookRun (/home/azer/avaxia-monitpring-app/core-service/node_modules/mocha/lib/runner.js:554:7)
    at done (/home/azer/avaxia-monitpring-app/core-service/node_modules/mocha/lib/runnable.js:310:5)
    at callFn (/home/azer/avaxia-monitpring-app/core-service/node_modules/mocha/lib/runnable.js:389:7)
    at Hook.Runnable.run (/home/azer/avaxia-monitpring-app/core-service/node_modules/mocha/lib/runnable.js:354:5)
    at next (/home/azer/avaxia-monitpring-app/core-service/node_modules/mocha/lib/runner.js:513:10)
    at Immediate._onImmediate (/home/azer/avaxia-monitpring-app/core-service/node_modules/mocha/lib/runner.js:574:5)
    at processImmediate (internal/timers.js:464:21)
[2022-02-15T20:31:37.031] [ERROR] ma-core - add ItOperation fail :missing property testing testing testing
[2022-02-15T20:31:26.949] [ERROR] ma-core - remind ItOperation :itOperation not found testing testing testing
[2022-02-15T20:31:26.951] [ERROR] ma-core - send changes ItOperation :itOperation not found testing testing testing
[2022-02-15T20:31:37.049] [ERROR] ma-core - update ItOperation :itOperation not found testing testing testing
[2022-02-15T20:32:46.871] [ERROR] ma-core - cancel ItOperation :itOperation not found testing testing testing
[2022-02-15T20:32:46.873] [ERROR] ma-core - finish ItOperation :itOperation not found testing testing testing
[2022-02-15T20:32:56.950] [ERROR] ma-core - Error occur while Getting ItOperation By System Id : Error: Random error
    at Context.<anonymous> (/home/azer/avaxia-monitpring-app/core-service/test/unit/itOperation/getAllBySystem/getAllBySystemServiceTest.js:50:21)
    at callFn (/home/azer/avaxia-monitpring-app/core-service/node_modules/mocha/lib/runnable.js:366:21)
    at Test.Runnable.run (/home/azer/avaxia-monitpring-app/core-service/node_modules/mocha/lib/runnable.js:354:5)
    at Runner.runTest (/home/azer/avaxia-monitpring-app/core-service/node_modules/mocha/lib/runner.js:681:10)
    at /home/azer/avaxia-monitpring-app/core-service/node_modules/mocha/lib/runner.js:804:12
    at next (/home/azer/avaxia-monitpring-app/core-service/node_modules/mocha/lib/runner.js:596:14)
    at /home/azer/avaxia-monitpring-app/core-service/node_modules/mocha/lib/runner.js:606:7
    at next (/home/azer/avaxia-monitpring-app/core-service/node_modules/mocha/lib/runner.js:489:14)
    at cbHookRun (/home/azer/avaxia-monitpring-app/core-service/node_modules/mocha/lib/runner.js:554:7)
    at done (/home/azer/avaxia-monitpring-app/core-service/node_modules/mocha/lib/runnable.js:310:5)
    at callFn (/home/azer/avaxia-monitpring-app/core-service/node_modules/mocha/lib/runnable.js:389:7)
    at Hook.Runnable.run (/home/azer/avaxia-monitpring-app/core-service/node_modules/mocha/lib/runnable.js:354:5)
    at next (/home/azer/avaxia-monitpring-app/core-service/node_modules/mocha/lib/runner.js:513:10)
    at Immediate._onImmediate (/home/azer/avaxia-monitpring-app/core-service/node_modules/mocha/lib/runner.js:574:5)
    at processImmediate (internal/timers.js:464:21)
[2022-02-15T20:32:56.965] [ERROR] ma-core - add ItOperation fail :missing property testing testing testing
[2022-02-15T20:32:46.891] [ERROR] ma-core - remind ItOperation :itOperation not found testing testing testing
[2022-02-15T20:32:46.892] [ERROR] ma-core - send changes ItOperation :itOperation not found testing testing testing
[2022-02-15T20:32:56.984] [ERROR] ma-core - update ItOperation :itOperation not found testing testing testing
[2022-02-15T20:42:31.030] [ERROR] ma-core - cancel ItOperation :itOperation not found testing testing testing
[2022-02-15T20:42:31.033] [ERROR] ma-core - finish ItOperation :itOperation not found testing testing testing
[2022-02-15T20:42:41.109] [ERROR] ma-core - Error occur while Getting ItOperation By System Id : Error: Random error
    at Context.<anonymous> (/home/azer/avaxia-monitpring-app/core-service/test/unit/itOperation/getAllBySystem/getAllBySystemServiceTest.js:50:21)
    at callFn (/home/azer/avaxia-monitpring-app/core-service/node_modules/mocha/lib/runnable.js:366:21)
    at Test.Runnable.run (/home/azer/avaxia-monitpring-app/core-service/node_modules/mocha/lib/runnable.js:354:5)
    at Runner.runTest (/home/azer/avaxia-monitpring-app/core-service/node_modules/mocha/lib/runner.js:681:10)
    at /home/azer/avaxia-monitpring-app/core-service/node_modules/mocha/lib/runner.js:804:12
    at next (/home/azer/avaxia-monitpring-app/core-service/node_modules/mocha/lib/runner.js:596:14)
    at /home/azer/avaxia-monitpring-app/core-service/node_modules/mocha/lib/runner.js:606:7
    at next (/home/azer/avaxia-monitpring-app/core-service/node_modules/mocha/lib/runner.js:489:14)
    at cbHookRun (/home/azer/avaxia-monitpring-app/core-service/node_modules/mocha/lib/runner.js:554:7)
    at done (/home/azer/avaxia-monitpring-app/core-service/node_modules/mocha/lib/runnable.js:310:5)
    at callFn (/home/azer/avaxia-monitpring-app/core-service/node_modules/mocha/lib/runnable.js:389:7)
    at Hook.Runnable.run (/home/azer/avaxia-monitpring-app/core-service/node_modules/mocha/lib/runnable.js:354:5)
    at next (/home/azer/avaxia-monitpring-app/core-service/node_modules/mocha/lib/runner.js:513:10)
    at Immediate._onImmediate (/home/azer/avaxia-monitpring-app/core-service/node_modules/mocha/lib/runner.js:574:5)
    at processImmediate (internal/timers.js:464:21)
[2022-02-15T20:42:41.125] [ERROR] ma-core - add ItOperation fail :missing property testing testing testing
[2022-02-15T20:42:31.050] [ERROR] ma-core - remind ItOperation :itOperation not found testing testing testing
[2022-02-15T20:42:31.052] [ERROR] ma-core - send changes ItOperation :itOperation not found testing testing testing
[2022-02-15T20:42:41.149] [ERROR] ma-core - update ItOperation :itOperation not found testing testing testing
[2022-02-15T20:44:20.514] [ERROR] ma-core - cancel ItOperation :itOperation not found testing testing testing
[2022-02-15T20:44:20.517] [ERROR] ma-core - finish ItOperation :itOperation not found testing testing testing
[2022-02-15T20:44:20.575] [ERROR] ma-core - Error occur while Getting ItOperation By System Id : Error: Random error
    at Context.<anonymous> (/home/azer/avaxia-monitpring-app/core-service/test/unit/itOperation/getAllBySystem/getAllBySystemServiceTest.js:50:21)
    at callFn (/home/azer/avaxia-monitpring-app/core-service/node_modules/mocha/lib/runnable.js:366:21)
    at Test.Runnable.run (/home/azer/avaxia-monitpring-app/core-service/node_modules/mocha/lib/runnable.js:354:5)
    at Runner.runTest (/home/azer/avaxia-monitpring-app/core-service/node_modules/mocha/lib/runner.js:681:10)
    at /home/azer/avaxia-monitpring-app/core-service/node_modules/mocha/lib/runner.js:804:12
    at next (/home/azer/avaxia-monitpring-app/core-service/node_modules/mocha/lib/runner.js:596:14)
    at /home/azer/avaxia-monitpring-app/core-service/node_modules/mocha/lib/runner.js:606:7
    at next (/home/azer/avaxia-monitpring-app/core-service/node_modules/mocha/lib/runner.js:489:14)
    at cbHookRun (/home/azer/avaxia-monitpring-app/core-service/node_modules/mocha/lib/runner.js:554:7)
    at done (/home/azer/avaxia-monitpring-app/core-service/node_modules/mocha/lib/runnable.js:310:5)
    at callFn (/home/azer/avaxia-monitpring-app/core-service/node_modules/mocha/lib/runnable.js:389:7)
    at Hook.Runnable.run (/home/azer/avaxia-monitpring-app/core-service/node_modules/mocha/lib/runnable.js:354:5)
    at next (/home/azer/avaxia-monitpring-app/core-service/node_modules/mocha/lib/runner.js:513:10)
    at Immediate._onImmediate (/home/azer/avaxia-monitpring-app/core-service/node_modules/mocha/lib/runner.js:574:5)
    at processImmediate (internal/timers.js:464:21)
[2022-02-15T20:44:20.592] [ERROR] ma-core - add ItOperation fail :missing property testing testing testing
[2022-02-15T20:44:20.533] [ERROR] ma-core - remind ItOperation :itOperation not found testing testing testing
[2022-02-15T20:44:20.534] [ERROR] ma-core - send changes ItOperation :itOperation not found testing testing testing
[2022-02-15T20:44:20.610] [ERROR] ma-core - update ItOperation :itOperation not found testing testing testing
[2022-02-15T20:45:09.148] [ERROR] ma-core - cancel ItOperation :itOperation not found testing testing testing
[2022-02-15T20:45:09.150] [ERROR] ma-core - finish ItOperation :itOperation not found testing testing testing
[2022-02-15T20:45:09.225] [ERROR] ma-core - Error occur while Getting ItOperation By System Id : Error: Random error
    at Context.<anonymous> (/home/azer/avaxia-monitpring-app/core-service/test/unit/itOperation/getAllBySystem/getAllBySystemServiceTest.js:50:21)
    at callFn (/home/azer/avaxia-monitpring-app/core-service/node_modules/mocha/lib/runnable.js:366:21)
    at Test.Runnable.run (/home/azer/avaxia-monitpring-app/core-service/node_modules/mocha/lib/runnable.js:354:5)
    at Runner.runTest (/home/azer/avaxia-monitpring-app/core-service/node_modules/mocha/lib/runner.js:681:10)
    at /home/azer/avaxia-monitpring-app/core-service/node_modules/mocha/lib/runner.js:804:12
    at next (/home/azer/avaxia-monitpring-app/core-service/node_modules/mocha/lib/runner.js:596:14)
    at /home/azer/avaxia-monitpring-app/core-service/node_modules/mocha/lib/runner.js:606:7
    at next (/home/azer/avaxia-monitpring-app/core-service/node_modules/mocha/lib/runner.js:489:14)
    at cbHookRun (/home/azer/avaxia-monitpring-app/core-service/node_modules/mocha/lib/runner.js:554:7)
    at done (/home/azer/avaxia-monitpring-app/core-service/node_modules/mocha/lib/runnable.js:310:5)
    at callFn (/home/azer/avaxia-monitpring-app/core-service/node_modules/mocha/lib/runnable.js:389:7)
    at Hook.Runnable.run (/home/azer/avaxia-monitpring-app/core-service/node_modules/mocha/lib/runnable.js:354:5)
    at next (/home/azer/avaxia-monitpring-app/core-service/node_modules/mocha/lib/runner.js:513:10)
    at Immediate._onImmediate (/home/azer/avaxia-monitpring-app/core-service/node_modules/mocha/lib/runner.js:574:5)
    at processImmediate (internal/timers.js:464:21)
[2022-02-15T20:45:09.241] [ERROR] ma-core - add ItOperation fail :missing property testing testing testing
[2022-02-15T20:45:09.167] [ERROR] ma-core - remind ItOperation :itOperation not found testing testing testing
[2022-02-15T20:45:09.169] [ERROR] ma-core - send changes ItOperation :itOperation not found testing testing testing
[2022-02-15T20:45:09.261] [ERROR] ma-core - update ItOperation :itOperation not found testing testing testing
[2022-02-15T20:51:45.398] [ERROR] ma-core - cancel ItOperation :itOperation not found testing testing testing
[2022-02-15T20:51:45.401] [ERROR] ma-core - finish ItOperation :itOperation not found testing testing testing
[2022-02-15T20:51:45.480] [ERROR] ma-core - Error occur while Getting ItOperation By System Id : Error: Random error
    at Context.<anonymous> (/home/azer/avaxia-monitpring-app/core-service/test/unit/itOperation/getAllBySystem/getAllBySystemServiceTest.js:50:21)
    at callFn (/home/azer/avaxia-monitpring-app/core-service/node_modules/mocha/lib/runnable.js:366:21)
    at Test.Runnable.run (/home/azer/avaxia-monitpring-app/core-service/node_modules/mocha/lib/runnable.js:354:5)
    at Runner.runTest (/home/azer/avaxia-monitpring-app/core-service/node_modules/mocha/lib/runner.js:681:10)
    at /home/azer/avaxia-monitpring-app/core-service/node_modules/mocha/lib/runner.js:804:12
    at next (/home/azer/avaxia-monitpring-app/core-service/node_modules/mocha/lib/runner.js:596:14)
    at /home/azer/avaxia-monitpring-app/core-service/node_modules/mocha/lib/runner.js:606:7
    at next (/home/azer/avaxia-monitpring-app/core-service/node_modules/mocha/lib/runner.js:489:14)
    at cbHookRun (/home/azer/avaxia-monitpring-app/core-service/node_modules/mocha/lib/runner.js:554:7)
    at done (/home/azer/avaxia-monitpring-app/core-service/node_modules/mocha/lib/runnable.js:310:5)
    at callFn (/home/azer/avaxia-monitpring-app/core-service/node_modules/mocha/lib/runnable.js:389:7)
    at Hook.Runnable.run (/home/azer/avaxia-monitpring-app/core-service/node_modules/mocha/lib/runnable.js:354:5)
    at next (/home/azer/avaxia-monitpring-app/core-service/node_modules/mocha/lib/runner.js:513:10)
    at Immediate._onImmediate (/home/azer/avaxia-monitpring-app/core-service/node_modules/mocha/lib/runner.js:574:5)
    at processImmediate (internal/timers.js:464:21)
[2022-02-15T20:51:45.497] [ERROR] ma-core - add ItOperation fail :missing property testing testing testing
[2022-02-15T20:51:45.416] [ERROR] ma-core - remind ItOperation :itOperation not found testing testing testing
[2022-02-15T20:51:45.418] [ERROR] ma-core - send changes ItOperation :itOperation not found testing testing testing
[2022-02-15T20:51:45.521] [ERROR] ma-core - update ItOperation :itOperation not found testing testing testing
[2022-02-15T20:53:33.909] [ERROR] ma-core - cancel ItOperation :itOperation not found testing testing testing
[2022-02-15T20:53:33.912] [ERROR] ma-core - finish ItOperation :itOperation not found testing testing testing
[2022-02-15T20:53:33.971] [ERROR] ma-core - Error occur while Getting ItOperation By System Id : Error: Random error
    at Context.<anonymous> (/home/azer/avaxia-monitpring-app/core-service/test/unit/itOperation/getAllBySystem/getAllBySystemServiceTest.js:50:21)
    at callFn (/home/azer/avaxia-monitpring-app/core-service/node_modules/mocha/lib/runnable.js:366:21)
    at Test.Runnable.run (/home/azer/avaxia-monitpring-app/core-service/node_modules/mocha/lib/runnable.js:354:5)
    at Runner.runTest (/home/azer/avaxia-monitpring-app/core-service/node_modules/mocha/lib/runner.js:681:10)
    at /home/azer/avaxia-monitpring-app/core-service/node_modules/mocha/lib/runner.js:804:12
    at next (/home/azer/avaxia-monitpring-app/core-service/node_modules/mocha/lib/runner.js:596:14)
    at /home/azer/avaxia-monitpring-app/core-service/node_modules/mocha/lib/runner.js:606:7
    at next (/home/azer/avaxia-monitpring-app/core-service/node_modules/mocha/lib/runner.js:489:14)
    at cbHookRun (/home/azer/avaxia-monitpring-app/core-service/node_modules/mocha/lib/runner.js:554:7)
    at done (/home/azer/avaxia-monitpring-app/core-service/node_modules/mocha/lib/runnable.js:310:5)
    at callFn (/home/azer/avaxia-monitpring-app/core-service/node_modules/mocha/lib/runnable.js:389:7)
    at Hook.Runnable.run (/home/azer/avaxia-monitpring-app/core-service/node_modules/mocha/lib/runnable.js:354:5)
    at next (/home/azer/avaxia-monitpring-app/core-service/node_modules/mocha/lib/runner.js:513:10)
    at Immediate._onImmediate (/home/azer/avaxia-monitpring-app/core-service/node_modules/mocha/lib/runner.js:574:5)
    at processImmediate (internal/timers.js:464:21)
[2022-02-15T20:53:33.988] [ERROR] ma-core - add ItOperation fail :missing property testing testing testing
[2022-02-15T20:53:33.927] [ERROR] ma-core - remind ItOperation :itOperation not found testing testing testing
[2022-02-15T20:53:33.929] [ERROR] ma-core - send changes ItOperation :itOperation not found testing testing testing
[2022-02-15T20:53:34.013] [ERROR] ma-core - update ItOperation :itOperation not found testing testing testing
[2022-02-15T20:59:13.362] [ERROR] ma-core - cancel ItOperation :itOperation not found testing testing testing
[2022-02-15T20:59:13.364] [ERROR] ma-core - finish ItOperation :itOperation not found testing testing testing
[2022-02-15T20:59:13.433] [ERROR] ma-core - Error occur while Getting ItOperation By System Id : Error: Random error
    at Context.<anonymous> (/home/azer/avaxia-monitpring-app/core-service/test/unit/itOperation/getAllBySystem/getAllBySystemServiceTest.js:50:21)
    at callFn (/home/azer/avaxia-monitpring-app/core-service/node_modules/mocha/lib/runnable.js:366:21)
    at Test.Runnable.run (/home/azer/avaxia-monitpring-app/core-service/node_modules/mocha/lib/runnable.js:354:5)
    at Runner.runTest (/home/azer/avaxia-monitpring-app/core-service/node_modules/mocha/lib/runner.js:681:10)
    at /home/azer/avaxia-monitpring-app/core-service/node_modules/mocha/lib/runner.js:804:12
    at next (/home/azer/avaxia-monitpring-app/core-service/node_modules/mocha/lib/runner.js:596:14)
    at /home/azer/avaxia-monitpring-app/core-service/node_modules/mocha/lib/runner.js:606:7
    at next (/home/azer/avaxia-monitpring-app/core-service/node_modules/mocha/lib/runner.js:489:14)
    at cbHookRun (/home/azer/avaxia-monitpring-app/core-service/node_modules/mocha/lib/runner.js:554:7)
    at done (/home/azer/avaxia-monitpring-app/core-service/node_modules/mocha/lib/runnable.js:310:5)
    at callFn (/home/azer/avaxia-monitpring-app/core-service/node_modules/mocha/lib/runnable.js:389:7)
    at Hook.Runnable.run (/home/azer/avaxia-monitpring-app/core-service/node_modules/mocha/lib/runnable.js:354:5)
    at next (/home/azer/avaxia-monitpring-app/core-service/node_modules/mocha/lib/runner.js:513:10)
    at Immediate._onImmediate (/home/azer/avaxia-monitpring-app/core-service/node_modules/mocha/lib/runner.js:574:5)
    at processImmediate (internal/timers.js:464:21)
[2022-02-15T20:59:13.448] [ERROR] ma-core - add ItOperation fail :missing property testing testing testing
[2022-02-15T20:59:13.381] [ERROR] ma-core - remind ItOperation :itOperation not found testing testing testing
[2022-02-15T20:59:13.382] [ERROR] ma-core - send changes ItOperation :itOperation not found testing testing testing
[2022-02-15T20:59:13.465] [ERROR] ma-core - update ItOperation :itOperation not found testing testing testing
[2022-02-15T21:00:44.787] [ERROR] ma-core - cancel ItOperation :itOperation not found testing testing testing
[2022-02-15T21:00:44.790] [ERROR] ma-core - finish ItOperation :itOperation not found testing testing testing
[2022-02-15T21:00:44.865] [ERROR] ma-core - Error occur while Getting ItOperation By System Id : Error: Random error
    at Context.<anonymous> (/home/azer/avaxia-monitpring-app/core-service/test/unit/itOperation/getAllBySystem/getAllBySystemServiceTest.js:50:21)
    at callFn (/home/azer/avaxia-monitpring-app/core-service/node_modules/mocha/lib/runnable.js:366:21)
    at Test.Runnable.run (/home/azer/avaxia-monitpring-app/core-service/node_modules/mocha/lib/runnable.js:354:5)
    at Runner.runTest (/home/azer/avaxia-monitpring-app/core-service/node_modules/mocha/lib/runner.js:681:10)
    at /home/azer/avaxia-monitpring-app/core-service/node_modules/mocha/lib/runner.js:804:12
    at next (/home/azer/avaxia-monitpring-app/core-service/node_modules/mocha/lib/runner.js:596:14)
    at /home/azer/avaxia-monitpring-app/core-service/node_modules/mocha/lib/runner.js:606:7
    at next (/home/azer/avaxia-monitpring-app/core-service/node_modules/mocha/lib/runner.js:489:14)
    at cbHookRun (/home/azer/avaxia-monitpring-app/core-service/node_modules/mocha/lib/runner.js:554:7)
    at done (/home/azer/avaxia-monitpring-app/core-service/node_modules/mocha/lib/runnable.js:310:5)
    at callFn (/home/azer/avaxia-monitpring-app/core-service/node_modules/mocha/lib/runnable.js:389:7)
    at Hook.Runnable.run (/home/azer/avaxia-monitpring-app/core-service/node_modules/mocha/lib/runnable.js:354:5)
    at next (/home/azer/avaxia-monitpring-app/core-service/node_modules/mocha/lib/runner.js:513:10)
    at Immediate._onImmediate (/home/azer/avaxia-monitpring-app/core-service/node_modules/mocha/lib/runner.js:574:5)
    at processImmediate (internal/timers.js:464:21)
[2022-02-15T21:00:44.883] [ERROR] ma-core - add ItOperation fail :missing property testing testing testing
[2022-02-15T21:00:44.808] [ERROR] ma-core - remind ItOperation :itOperation not found testing testing testing
[2022-02-15T21:00:44.810] [ERROR] ma-core - send changes ItOperation :itOperation not found testing testing testing
[2022-02-15T21:00:44.903] [ERROR] ma-core - update ItOperation :itOperation not found testing testing testing
