[2021-12-13T12:15:22.913] [ERROR] ma-core - get All Task By ID :Unrecognized pipeline stage name: '$set' /api/task/getTasksByUserId GET ::1
[2021-12-13T12:15:33.509] [ERROR] ma-core - get All Task By ID :Unrecognized pipeline stage name: '$set' /api/task/getTasksByUserId GET ::1
[2021-12-13T12:16:39.406] [ERROR] ma-core - get All Task By ID :Unrecognized pipeline stage name: '$set' /api/task/getTasksByUserId GET ::1
[2021-12-13T12:16:43.906] [ERROR] ma-core - get All Task By ID :Unrecognized pipeline stage name: '$set' /api/task/getTasksByUserId GET ::1
[2021-12-13T12:16:44.864] [ERROR] ma-core - get All Task By ID :Unrecognized pipeline stage name: '$set' /api/task/getTasksByUserId GET ::1
[2021-12-13T12:16:45.552] [ERROR] ma-core - get All Task By ID :Unrecognized pipeline stage name: '$set' /api/task/getTasksByUserId GET ::1
[2021-12-13T14:45:50.891] [ERROR] ma-core - get All Task By ID :Unrecognized pipeline stage name: '$set' /api/task/getTasksByUserId GET ::1
[2021-12-13T14:45:54.469] [ERROR] ma-core - get All Task By ID :Unrecognized pipeline stage name: '$set' /api/task/getTasksByUserId GET ::1
[2021-12-13T14:45:55.293] [ERROR] ma-core - get by id Task :Cast to ObjectId failed for value "undefined" (type string) at path "_id" for model "task" /api/task/:id GET ::1
[2021-12-13T14:45:56.009] [ERROR] ma-core - get by id Task :Cast to ObjectId failed for value "undefined" (type string) at path "_id" for model "task" /api/task/:id GET ::1
[2021-12-13T14:45:56.458] [ERROR] ma-core - get by id Task :Cast to ObjectId failed for value "undefined" (type string) at path "_id" for model "task" /api/task/:id GET ::1
[2021-12-13T14:45:59.648] [ERROR] ma-core - get All Task :Unrecognized pipeline stage name: '$set' /api/task/getFiltredTasks GET ::1
[2021-12-13T14:45:59.662] [ERROR] ma-core - get All Task :Unrecognized pipeline stage name: '$set' /api/task/getFiltredTasks GET ::1
[2021-12-13T14:49:03.586] [ERROR] ma-core - sync shift error :Role not found /api/shift/ GET ::1
[2021-12-13T14:49:03.615] [ERROR] ma-core - sync shift error :Role not found /api/shift/ GET ::1
[2021-12-13T14:49:18.732] [ERROR] ma-core - get All Task :Unrecognized pipeline stage name: '$set' /api/task/getFiltredTasks GET ::1
[2021-12-13T14:49:18.741] [ERROR] ma-core - get All Task :Unrecognized pipeline stage name: '$set' /api/task/getFiltredTasks GET ::1
[2021-12-13T14:55:43.522] [ERROR] ma-core - get All Task :Unrecognized pipeline stage name: '$set' /api/task/getFiltredTasks GET ::1
[2021-12-13T14:55:43.525] [ERROR] ma-core - get All Task :Unrecognized pipeline stage name: '$set' /api/task/getFiltredTasks GET ::1
[2021-12-13T14:55:48.760] [ERROR] ma-core - get All Task By ID :Unrecognized pipeline stage name: '$set' /api/task/getTasksByUserId GET ::1
[2021-12-13T14:55:54.262] [ERROR] ma-core - sync shift error :Role not found /api/shift/ GET ::1
[2021-12-13T14:55:54.285] [ERROR] ma-core - sync shift error :Role not found /api/shift/ GET ::1
[2021-12-13T14:56:08.966] [ERROR] ma-core - sync shift error :Role not found /api/shift/ GET ::1
[2021-12-13T14:56:46.821] [ERROR] ma-core - sync shift error :Role not found /api/shift/ GET ::1
[2021-12-13T14:56:46.837] [ERROR] ma-core - sync shift error :Role not found /api/shift/ GET ::1
[2021-12-13T14:56:52.345] [ERROR] ma-core - sync shift error :Role not found /api/shift/ GET ::1
[2021-12-13T14:57:20.471] [ERROR] ma-core - sync shift error :Role not found /api/shift/ GET ::1
[2021-12-13T14:57:20.488] [ERROR] ma-core - sync shift error :Role not found /api/shift/ GET ::1
[2021-12-13T14:58:38.100] [ERROR] ma-core - sync shift error :Role not found /api/shift/members GET ::1
[2021-12-13T14:59:17.863] [ERROR] ma-core - sync shift error :Role not found /api/shift/ GET ::1
[2021-12-13T14:59:17.880] [ERROR] ma-core - sync shift error :Role not found /api/shift/ GET ::1
[2021-12-13T14:59:27.776] [ERROR] ma-core - sync shift error :Role not found /api/shift/members GET ::1
[2021-12-13T15:00:26.189] [ERROR] ma-core - sync shift error :Role not found /api/shift/ GET ::1
[2021-12-13T15:00:26.209] [ERROR] ma-core - sync shift error :Role not found /api/shift/ GET ::1
[2021-12-13T15:13:45.114] [ERROR] ma-core - sync shift error :Role not found /api/shift/ GET ::1
[2021-12-13T15:13:45.144] [ERROR] ma-core - sync shift error :Role not found /api/shift/ GET ::1
[2021-12-13T15:14:15.113] [ERROR] ma-core - get All Task By ID :Unrecognized pipeline stage name: '$set' /api/task/getTasksByUserId GET ::1
[2021-12-13T15:14:16.354] [ERROR] ma-core - get All Task :Unrecognized pipeline stage name: '$set' /api/task/getFiltredTasks GET ::1
[2021-12-13T15:14:16.358] [ERROR] ma-core - get All Task :Unrecognized pipeline stage name: '$set' /api/task/getFiltredTasks GET ::1
[2021-12-13T15:14:17.601] [ERROR] ma-core - sync shift error :Role not found /api/shift/ GET ::1
[2021-12-13T15:14:17.617] [ERROR] ma-core - sync shift error :Role not found /api/shift/ GET ::1
[2021-12-13T15:14:58.822] [ERROR] ma-core - sync shift error :Role not found /api/shift/ GET ::1
[2021-12-13T15:14:58.843] [ERROR] ma-core - sync shift error :Role not found /api/shift/ GET ::1
[2021-12-13T15:15:12.973] [ERROR] ma-core - sync shift error :Role not found /api/shift/ GET ::1
[2021-12-13T15:15:12.985] [ERROR] ma-core - sync shift error :Role not found /api/shift/ GET ::1
[2021-12-13T15:17:09.722] [ERROR] ma-core - sync shift error :Role not found /api/shift/ GET ::1
[2021-12-13T15:17:09.735] [ERROR] ma-core - sync shift error :Role not found /api/shift/ GET ::1
[2021-12-13T15:17:11.591] [ERROR] ma-core - sync shift error :Role not found /api/shift/ GET ::1
[2021-12-13T15:17:11.598] [ERROR] ma-core - sync shift error :Role not found /api/shift/ GET ::1
[2021-12-13T15:17:21.673] [ERROR] ma-core - sync shift error :Role not found /api/shift/ GET ::1
[2021-12-13T15:17:21.682] [ERROR] ma-core - sync shift error :Role not found /api/shift/ GET ::1
[2021-12-13T15:42:23.900] [ERROR] ma-core - sync shift error :Role not found /api/shift/ GET ::1
[2021-12-13T15:42:23.931] [ERROR] ma-core - sync shift error :Role not found /api/shift/ GET ::1
[2021-12-13T15:42:28.647] [ERROR] ma-core - sync shift error :Role not found /api/shift/ GET ::1
[2021-12-13T15:42:29.244] [ERROR] ma-core - sync shift error :Role not found /api/shift/ GET ::1
[2021-12-13T15:42:29.437] [ERROR] ma-core - sync shift error :Role not found /api/shift/ GET ::1
[2021-12-13T15:42:29.630] [ERROR] ma-core - sync shift error :Role not found /api/shift/ GET ::1
[2021-12-13T15:42:29.791] [ERROR] ma-core - sync shift error :Role not found /api/shift/ GET ::1
[2021-12-13T15:42:29.970] [ERROR] ma-core - sync shift error :Role not found /api/shift/ GET ::1
[2021-12-13T15:42:30.482] [ERROR] ma-core - sync shift error :Role not found /api/shift/ GET ::1
[2021-12-13T15:42:30.679] [ERROR] ma-core - sync shift error :Role not found /api/shift/ GET ::1
[2021-12-13T15:42:31.549] [ERROR] ma-core - sync shift error :Role not found /api/shift/ GET ::1
[2021-12-13T15:42:31.724] [ERROR] ma-core - sync shift error :Role not found /api/shift/ GET ::1
[2021-12-13T15:42:31.916] [ERROR] ma-core - sync shift error :Role not found /api/shift/ GET ::1
[2021-12-13T15:42:32.088] [ERROR] ma-core - sync shift error :Role not found /api/shift/ GET ::1
[2021-12-13T15:42:32.276] [ERROR] ma-core - sync shift error :Role not found /api/shift/ GET ::1
[2021-12-13T15:42:32.447] [ERROR] ma-core - sync shift error :Role not found /api/shift/ GET ::1
[2021-12-13T15:42:32.641] [ERROR] ma-core - sync shift error :Role not found /api/shift/ GET ::1
[2021-12-13T15:42:32.831] [ERROR] ma-core - sync shift error :Role not found /api/shift/ GET ::1
[2021-12-13T15:42:33.045] [ERROR] ma-core - sync shift error :Role not found /api/shift/ GET ::1
[2021-12-13T15:42:33.415] [ERROR] ma-core - sync shift error :Role not found /api/shift/ GET ::1
[2021-12-13T15:42:33.584] [ERROR] ma-core - sync shift error :Role not found /api/shift/ GET ::1
[2021-12-13T15:42:33.761] [ERROR] ma-core - sync shift error :Role not found /api/shift/ GET ::1
[2021-12-13T15:42:33.930] [ERROR] ma-core - sync shift error :Role not found /api/shift/ GET ::1
[2021-12-13T15:42:34.141] [ERROR] ma-core - sync shift error :Role not found /api/shift/ GET ::1
[2021-12-13T15:42:39.946] [ERROR] ma-core - sync shift error :Role not found /api/shift/ GET ::1
[2021-12-13T15:42:40.125] [ERROR] ma-core - sync shift error :Role not found /api/shift/ GET ::1
[2021-12-13T15:42:40.302] [ERROR] ma-core - sync shift error :Role not found /api/shift/ GET ::1
[2021-12-13T15:42:41.419] [ERROR] ma-core - sync shift error :Role not found /api/shift/ GET ::1
[2021-12-13T15:42:51.264] [ERROR] ma-core - get All Task :Unrecognized pipeline stage name: '$set' /api/task/getFiltredTasks GET ::1
[2021-12-13T15:42:51.268] [ERROR] ma-core - get All Task :Unrecognized pipeline stage name: '$set' /api/task/getFiltredTasks GET ::1
[2021-12-13T15:42:53.675] [ERROR] ma-core - sync shift error :Role not found /api/shift/ GET ::1
[2021-12-13T15:42:53.688] [ERROR] ma-core - sync shift error :Role not found /api/shift/ GET ::1
[2021-12-13T15:49:20.141] [ERROR] ma-core - sync shift error :Role not found /api/shift/ GET ::1
[2021-12-13T15:49:20.174] [ERROR] ma-core - sync shift error :Role not found /api/shift/ GET ::1
[2021-12-13T15:51:12.566] [ERROR] ma-core - "shift" is required /api/shift/members GET ::1
[2021-12-13T15:53:04.749] [ERROR] ma-core - "shift" is required /api/shift/members GET ::1
[2021-12-13T15:53:30.440] [ERROR] ma-core - "shift" is required /api/shift/members GET ::1
[2021-12-13T15:57:04.058] [ERROR] ma-core - sync shift error :Role not found /api/shift/ GET ::1
[2021-12-13T15:57:04.084] [ERROR] ma-core - sync shift error :Role not found /api/shift/ GET ::1
[2021-12-13T16:09:49.653] [ERROR] ma-core - sync shift error :Role not found /api/shift/ GET ::1
[2021-12-13T16:09:49.680] [ERROR] ma-core - sync shift error :Role not found /api/shift/ GET ::1
[2021-12-13T16:12:56.219] [ERROR] ma-core - sync shift error :Role not found /api/shift/ GET ::1
[2021-12-13T16:12:56.257] [ERROR] ma-core - sync shift error :Role not found /api/shift/ GET ::1
[2021-12-13T17:04:30.362] [ERROR] ma-core - get All Task By ID :Unrecognized pipeline stage name: '$set' /api/task/getTasksByUserId GET ::1
[2021-12-13T17:04:33.267] [ERROR] ma-core - sync shift error :Role not found /api/shift/ GET ::1
[2021-12-13T17:04:33.298] [ERROR] ma-core - sync shift error :Role not found /api/shift/ GET ::1
[2021-12-13T17:04:34.970] [ERROR] ma-core - get All Task By ID :Unrecognized pipeline stage name: '$set' /api/task/getTasksByUserId GET ::1
[2021-12-13T17:08:52.442] [ERROR] ma-core - get All Task By ID :Unrecognized pipeline stage name: '$set' /api/task/getTasksByUserId GET ::1
[2021-12-13T17:08:54.441] [ERROR] ma-core - get All Task :Unrecognized pipeline stage name: '$set' /api/task/getFiltredTasks GET ::1
[2021-12-13T17:08:54.464] [ERROR] ma-core - get All Task :Unrecognized pipeline stage name: '$set' /api/task/getFiltredTasks GET ::1
[2021-12-13T17:20:23.800] [ERROR] ma-core - "typeId" is not allowed to be empty /api/task/getTasksByFilter GET ::1
[2021-12-13T17:21:13.120] [ERROR] ma-core - get All Task By filter error :Unrecognized pipeline stage name: '$set' /api/task/getTasksByFilter GET ::1
[2021-12-13T17:21:41.402] [ERROR] ma-core - get All Task By filter error :Unrecognized pipeline stage name: '$set' /api/task/getTasksByFilter GET ::1
[2021-12-13T17:21:42.112] [ERROR] ma-core - get All Task By filter error :Unrecognized pipeline stage name: '$set' /api/task/getTasksByFilter GET ::1
[2021-12-13T17:21:42.645] [ERROR] ma-core - get All Task By filter error :Unrecognized pipeline stage name: '$set' /api/task/getTasksByFilter GET ::1
[2021-12-13T17:21:42.875] [ERROR] ma-core - get All Task By filter error :Unrecognized pipeline stage name: '$set' /api/task/getTasksByFilter GET ::1
[2021-12-13T17:21:54.533] [ERROR] ma-core - get All Task By filter error :Unrecognized pipeline stage name: '$set' /api/task/getTasksByFilter GET ::1
[2021-12-13T17:40:00.408] [ERROR] ma-core - get All Task By filter error :Operation `shifts.findOne()` buffering timed out after 10000ms /api/task/getTasksByFilter GET ::1
