[2023-10-09T19:16:24.177] [ERROR] ma-core - delete Map By Id :Map not found. /api/map/delete/:id PATCH ::ffff:127.0.0.1
[2023-10-09T19:16:24.213] [ERROR] ma-core - delete Map By Id : /api/map/delete/:id PATCH ::ffff:127.0.0.1
[2023-10-09T19:20:55.257] [ERROR] ma-core - delete Result Form :task not found testing testing testing
[2023-10-09T19:20:55.263] [ERROR] ma-core - delete Result Form :task not found NaN post 1234
[2023-10-09T19:20:55.344] [ERROR] ma-core - get All result form :missing property testing testing testing
[2023-10-09T19:20:55.353] [ERROR] ma-core - get All result form :missing property NaN post 1234
[2023-10-09T19:20:55.393] [ERROR] ma-core - get by id Result Form :task not found testing testing testing
[2023-10-09T19:20:55.404] [ERROR] ma-core - get by id Result Form :task not found NaN post 1234
[2023-10-09T19:20:55.446] [ERROR] ma-core - get Monitoring Activities Without Result Forms :error testing testing testing
[2023-10-09T19:20:55.450] [ERROR] ma-core - get Monitoring Activities Without Result Forms :not found error testing testing testing
[2023-10-09T19:20:55.454] [ERROR] ma-core - get Monitoring Activities Without Result Forms :error NaN post 1234
[2023-10-09T19:20:55.487] [ERROR] ma-core - add result form :missing property testing testing testing
[2023-10-09T19:20:55.490] [ERROR] ma-core - add result form :missing property NaN post 1234
[2023-10-09T19:20:55.502] [ERROR] ma-core - update Result Form  :task not found testing testing testing
[2023-10-09T19:20:55.504] [ERROR] ma-core - update Result Form  :task not found NaN post 1234
[2023-10-09T19:25:15.101] [ERROR] ma-core - delete Map By Id :MAP not found testing testing testing
[2023-10-09T19:25:15.105] [ERROR] ma-core - delete Map By Id :missing ID testing testing testing
[2023-10-09T19:25:15.107] [ERROR] ma-core - delete Map By Id :missing ID testing testing testing
[2023-10-09T19:25:15.110] [ERROR] ma-core - delete Map By Id :missing ID NaN post 1234
[2023-10-09T19:25:15.147] [ERROR] ma-core - Get by System Error : TypeError: moment.tz is not a function
    at /home/azer/avaxia-monitpring-app/core-service/services/map/getBySystemId.js:83:48
    at Array.map (<anonymous>)
    at module.exports (/home/azer/avaxia-monitpring-app/core-service/services/map/getBySystemId.js:82:39)
    at async Context.<anonymous> (/home/azer/avaxia-monitpring-app/core-service/test/unit/map/getAllBySystem/getAllBySystemServiceTest.js:71:17)
[2023-10-09T19:25:15.160] [ERROR] ma-core - Get by System Error : Error: Random error
    at Context.<anonymous> (/home/azer/avaxia-monitpring-app/core-service/test/unit/map/getAllBySystem/getAllBySystemServiceTest.js:98:21)
    at callFn (/home/azer/avaxia-monitpring-app/core-service/node_modules/mocha/lib/runnable.js:366:21)
    at Test.Runnable.run (/home/azer/avaxia-monitpring-app/core-service/node_modules/mocha/lib/runnable.js:354:5)
    at Runner.runTest (/home/azer/avaxia-monitpring-app/core-service/node_modules/mocha/lib/runner.js:681:10)
    at /home/azer/avaxia-monitpring-app/core-service/node_modules/mocha/lib/runner.js:804:12
    at next (/home/azer/avaxia-monitpring-app/core-service/node_modules/mocha/lib/runner.js:596:14)
    at /home/azer/avaxia-monitpring-app/core-service/node_modules/mocha/lib/runner.js:606:7
    at next (/home/azer/avaxia-monitpring-app/core-service/node_modules/mocha/lib/runner.js:489:14)
    at cbHookRun (/home/azer/avaxia-monitpring-app/core-service/node_modules/mocha/lib/runner.js:554:7)
    at done (/home/azer/avaxia-monitpring-app/core-service/node_modules/mocha/lib/runnable.js:310:5)
    at callFn (/home/azer/avaxia-monitpring-app/core-service/node_modules/mocha/lib/runnable.js:389:7)
    at Hook.Runnable.run (/home/azer/avaxia-monitpring-app/core-service/node_modules/mocha/lib/runnable.js:354:5)
    at next (/home/azer/avaxia-monitpring-app/core-service/node_modules/mocha/lib/runner.js:513:10)
    at Immediate._onImmediate (/home/azer/avaxia-monitpring-app/core-service/node_modules/mocha/lib/runner.js:574:5)
    at processImmediate (internal/timers.js:464:21)
[2023-10-09T19:25:36.368] [ERROR] ma-core - delete Map By Id :MAP not found testing testing testing
[2023-10-09T19:25:36.377] [ERROR] ma-core - delete Map By Id :missing ID testing testing testing
[2023-10-09T19:25:36.384] [ERROR] ma-core - delete Map By Id :missing ID testing testing testing
[2023-10-09T19:25:36.391] [ERROR] ma-core - delete Map By Id :missing ID NaN post 1234
[2023-10-09T19:25:36.455] [ERROR] ma-core - Get by System Error : TypeError: moment.tz is not a function
    at /home/azer/avaxia-monitpring-app/core-service/services/map/getBySystemId.js:83:48
    at Array.map (<anonymous>)
    at module.exports (/home/azer/avaxia-monitpring-app/core-service/services/map/getBySystemId.js:82:39)
    at async Context.<anonymous> (/home/azer/avaxia-monitpring-app/core-service/test/unit/map/getAllBySystem/getAllBySystemServiceTest.js:71:17)
[2023-10-09T19:25:36.469] [ERROR] ma-core - Get by System Error : Error: Random error
    at Context.<anonymous> (/home/azer/avaxia-monitpring-app/core-service/test/unit/map/getAllBySystem/getAllBySystemServiceTest.js:98:21)
    at callFn (/home/azer/avaxia-monitpring-app/core-service/node_modules/mocha/lib/runnable.js:366:21)
    at Test.Runnable.run (/home/azer/avaxia-monitpring-app/core-service/node_modules/mocha/lib/runnable.js:354:5)
    at Runner.runTest (/home/azer/avaxia-monitpring-app/core-service/node_modules/mocha/lib/runner.js:681:10)
    at /home/azer/avaxia-monitpring-app/core-service/node_modules/mocha/lib/runner.js:804:12
    at next (/home/azer/avaxia-monitpring-app/core-service/node_modules/mocha/lib/runner.js:596:14)
    at /home/azer/avaxia-monitpring-app/core-service/node_modules/mocha/lib/runner.js:606:7
    at next (/home/azer/avaxia-monitpring-app/core-service/node_modules/mocha/lib/runner.js:489:14)
    at cbHookRun (/home/azer/avaxia-monitpring-app/core-service/node_modules/mocha/lib/runner.js:554:7)
    at done (/home/azer/avaxia-monitpring-app/core-service/node_modules/mocha/lib/runnable.js:310:5)
    at callFn (/home/azer/avaxia-monitpring-app/core-service/node_modules/mocha/lib/runnable.js:389:7)
    at Hook.Runnable.run (/home/azer/avaxia-monitpring-app/core-service/node_modules/mocha/lib/runnable.js:354:5)
    at next (/home/azer/avaxia-monitpring-app/core-service/node_modules/mocha/lib/runner.js:513:10)
    at Immediate._onImmediate (/home/azer/avaxia-monitpring-app/core-service/node_modules/mocha/lib/runner.js:574:5)
    at processImmediate (internal/timers.js:464:21)
