[2022-02-08T10:16:48.178] [ERROR] ma-core - add post :missing property testing testing testing
[2022-02-08T10:16:48.180] [ERROR] ma-core - add post :missing property NaN post 1234
[2022-02-08T10:30:31.326] [ERROR] ma-core - add post :missing property testing testing testing
[2022-02-08T10:30:31.328] [ERROR] ma-core - add post :missing property NaN post 1234
[2022-02-08T10:31:59.081] [ERROR] ma-core - add post :missing property testing testing testing
[2022-02-08T10:31:59.083] [ERROR] ma-core - add post :missing property NaN post 1234
[2022-02-08T10:39:09.454] [ERROR] ma-core - add post :missing property testing testing testing
[2022-02-08T10:39:09.455] [ERROR] ma-core - add post :missing property NaN post 1234
[2022-02-08T11:06:08.921] [ERROR] ma-core - add post :missing property testing testing testing
[2022-02-08T11:06:08.922] [ERROR] ma-core - add post :missing property NaN post 1234
[2022-02-08T11:09:16.301] [ERROR] ma-core - add post :missing property testing testing testing
[2022-02-08T11:09:16.302] [ERROR] ma-core - add post :missing property NaN post 1234
[2022-02-08T11:12:57.586] [ERROR] ma-core - add post :missing property testing testing testing
[2022-02-08T11:12:57.587] [ERROR] ma-core - add post :missing property NaN post 1234
[2022-02-08T11:13:34.934] [ERROR] ma-core - add post :missing property testing testing testing
[2022-02-08T11:13:34.936] [ERROR] ma-core - add post :missing property NaN post 1234
[2022-02-08T11:14:15.274] [ERROR] ma-core - add post :missing property testing testing testing
[2022-02-08T11:14:15.277] [ERROR] ma-core - add post :missing property NaN post 1234
[2022-02-08T11:15:38.158] [ERROR] ma-core - add post :missing property testing testing testing
[2022-02-08T11:15:38.160] [ERROR] ma-core - add post :missing property NaN post 1234
[2022-02-08T11:16:04.220] [ERROR] ma-core - add post :missing property testing testing testing
[2022-02-08T11:16:04.222] [ERROR] ma-core - add post :missing property NaN post 1234
[2022-02-08T11:18:53.570] [ERROR] ma-core - add post :missing property testing testing testing
[2022-02-08T11:18:53.573] [ERROR] ma-core - add post :missing property NaN post 1234
[2022-02-08T11:19:31.208] [ERROR] ma-core - add post :missing property testing testing testing
[2022-02-08T11:19:31.210] [ERROR] ma-core - add post :missing property NaN post 1234
[2022-02-08T11:21:14.971] [ERROR] ma-core - add post :missing property testing testing testing
[2022-02-08T11:21:14.972] [ERROR] ma-core - add post :missing property NaN post 1234
[2022-02-08T11:23:18.331] [ERROR] ma-core - add post :missing property testing testing testing
[2022-02-08T11:23:18.332] [ERROR] ma-core - add post :missing property NaN post 1234
[2022-02-08T11:24:05.367] [ERROR] ma-core - add post :missing property testing testing testing
[2022-02-08T11:24:05.368] [ERROR] ma-core - add post :missing property NaN post 1234
[2022-02-08T11:24:05.378] [ERROR] ma-core - get All posts :missing property testing testing testing
[2022-02-08T11:24:05.381] [ERROR] ma-core - get All posts :missing property NaN post 1234
[2022-02-08T11:25:03.425] [ERROR] ma-core - add post :missing property testing testing testing
[2022-02-08T11:25:03.427] [ERROR] ma-core - add post :missing property NaN post 1234
[2022-02-08T11:26:03.499] [ERROR] ma-core - get All posts :missing property testing testing testing
[2022-02-08T11:26:03.510] [ERROR] ma-core - get All posts :missing property NaN post 1234
[2022-02-08T11:49:51.297] [ERROR] ma-core - get by id Result Form :result form not found /api/resultform/getResultFormById/:id GET ::1
[2022-02-08T11:52:49.200] [ERROR] ma-core - get by id Result Form :result form not found /api/resultform/getResultFormById/:id GET ::1
[2022-02-08T11:59:18.147] [ERROR] ma-core - get by id posts :post not found /api/newsfeed/getPostByUserID/:id GET ::1
