[2021-11-25T08:54:02.860] [ERROR] ma-core - "[0].type" must be one of [Other, Monitoring, Other Monitoring] /api/task/addMany POST ::1
[2021-11-25T08:54:32.045] [ERROR] ma-core - "[0].type" must be one of [Other, Monitoring, Other Monitoring] /api/task/addMany POST ::1
[2021-11-25T08:54:49.865] [ERROR] ma-core - "[0].estimatedStart" must be a valid date /api/task/addMany POST ::1
[2021-11-25T08:55:19.962] [ERROR] ma-core - "[0].map" is not allowed to be empty /api/task/addMany POST ::1
[2021-11-25T09:42:27.262] [ERROR] ma-core - add Many Task :task validation failed: type: `` is not a valid enum value for path `type`. /api/task/addMany POST ::1
[2021-11-25T09:43:36.818] [ERROR] ma-core - add Many Task :task validation failed: map: Cast to ObjectId failed for value "" at path "map", system: Cast to ObjectId failed for value "" at path "system" /api/task/addMany POST ::1
[2021-11-25T09:44:01.196] [ERROR] ma-core - add Many Task :task validation failed: system: Cast to ObjectId failed for value "" at path "system" /api/task/addMany POST ::1
[2021-11-25T09:45:05.082] [ERROR] ma-core - add Many Task :task validation failed: system: Cast to ObjectId failed for value "61540c9adc0963494418542daaaaaaaaa" at path "system" /api/task/addMany POST ::1
[2021-11-25T09:52:26.577] [ERROR] ma-core - add Many Task :options is not defined /api/task/addMany POST ::1
[2021-11-25T09:57:24.709] [ERROR] ma-core - "[0].type" must be one of [Other, Monitoring, Other Monitoring] /api/task/addMany POST ::1
[2021-11-25T09:57:45.579] [ERROR] ma-core - "[1].type" must be one of [Other, Monitoring, Other Monitoring] /api/task/addMany POST ::1
[2021-11-25T10:05:17.127] [ERROR] ma-core - add Many Task :b is not defined /api/task/addMany POST ::1
[2021-11-25T10:39:06.890] [ERROR] ma-core - add Many Task :Cannot read property 'type' of undefined /api/task/addMany POST ::1
[2021-11-25T10:39:46.291] [ERROR] ma-core - add Many Task :docment is not defined /api/task/addMany POST ::1
[2021-11-25T10:55:55.039] [ERROR] ma-core - add Many Task :forEach is not defined /api/task/addMany POST ::1
[2021-11-25T11:44:15.233] [ERROR] ma-core - add Many Task :documet is not defined /api/task/addMany POST ::1
[2021-11-25T11:48:38.120] [ERROR] ma-core - add Many Task :Cannot read property 'some' of undefined /api/task/addMany POST ::1
[2021-11-25T11:50:19.777] [ERROR] ma-core - add Many Task :Cannot read property 'some' of undefined /api/task/addMany POST ::1
[2021-11-25T11:51:19.626] [ERROR] ma-core - add Many Task :Cannot read property 'some' of undefined /api/task/addMany POST ::1
[2021-11-25T11:53:15.854] [ERROR] ma-core - add Many Task :Cannot read property 'some' of undefined /api/task/addMany POST ::1
[2021-11-25T15:30:13.031] [ERROR] ma-core - add Many Task :estimatedStart is not defined /api/task/addMany POST ::1
[2021-11-25T15:31:39.265] [ERROR] ma-core - add Many Task :estimatedStart is not defined /api/task/addMany POST ::1
[2021-11-25T15:32:18.185] [ERROR] ma-core - add Many Task :momoent is not defined /api/task/addMany POST ::1
[2021-11-25T15:32:37.430] [ERROR] ma-core - add Many Task :moment(...).utc(...).form is not a function /api/task/addMany POST ::1
[2021-11-25T15:47:32.159] [ERROR] ma-core - add Many Task :moment(...).utc(...).form is not a function /api/task/addMany POST ::1
[2021-11-25T15:49:17.213] [ERROR] ma-core - add Many Task :current.estimatedStart.moment is not a function /api/task/addMany POST ::1
[2021-11-25T16:19:35.182] [ERROR] ma-core - add Many Task :item.find is not a function /api/task/addMany POST ::1
