[2021-12-05T21:21:32.101] [ERROR] ma-core - add result form :missing property testing testing testing
[2021-12-05T21:21:32.103] [ERROR] ma-core - add result form :missing property NaN post 1234
[2021-12-05T21:22:28.281] [ERROR] ma-core - add result form :missing property testing testing testing
[2021-12-05T21:22:28.283] [ERROR] ma-core - add result form :missing property NaN post 1234
[2021-12-05T21:30:56.249] [ERROR] ma-core - add result form :missing property testing testing testing
[2021-12-05T21:30:56.250] [ERROR] ma-core - add result form :missing property NaN post 1234
[2021-12-05T21:36:05.036] [ERROR] ma-core - get by id Result Form :task not found testing testing testing
[2021-12-05T21:36:05.037] [ERROR] ma-core - get by id Result Form :task not found NaN post 1234
[2021-12-05T21:36:05.046] [ERROR] ma-core - add result form :missing property testing testing testing
[2021-12-05T21:36:05.048] [ERROR] ma-core - add result form :missing property NaN post 1234
[2021-12-05T21:37:47.301] [ERROR] ma-core - get by id Result Form :task not found testing testing testing
[2021-12-05T21:37:47.303] [ERROR] ma-core - get by id Result Form :task not found NaN post 1234
[2021-12-05T21:38:02.309] [ERROR] ma-core - get by id Result Form :task not found testing testing testing
[2021-12-05T21:38:02.311] [ERROR] ma-core - get by id Result Form :task not found NaN post 1234
[2021-12-05T21:38:02.320] [ERROR] ma-core - add result form :missing property testing testing testing
[2021-12-05T21:38:02.322] [ERROR] ma-core - add result form :missing property NaN post 1234
[2021-12-05T21:43:02.768] [ERROR] ma-core - get by id Result Form :task not found testing testing testing
[2021-12-05T21:43:02.770] [ERROR] ma-core - get by id Result Form :task not found NaN post 1234
[2021-12-05T21:43:02.778] [ERROR] ma-core - add result form :missing property testing testing testing
[2021-12-05T21:43:02.780] [ERROR] ma-core - add result form :missing property NaN post 1234
[2021-12-05T21:43:02.788] [ERROR] ma-core - update Result Form  :task not found testing testing testing
[2021-12-05T21:43:02.790] [ERROR] ma-core - update Result Form  :task not found NaN post 1234
[2021-12-05T21:46:56.766] [ERROR] ma-core - delete Result Form :task not found testing testing testing
[2021-12-05T21:46:56.768] [ERROR] ma-core - delete Result Form :task not found NaN post 1234
[2021-12-05T21:46:56.785] [ERROR] ma-core - get by id Result Form :task not found testing testing testing
[2021-12-05T21:46:56.786] [ERROR] ma-core - get by id Result Form :task not found NaN post 1234
[2021-12-05T21:46:56.795] [ERROR] ma-core - add result form :missing property testing testing testing
[2021-12-05T21:46:56.797] [ERROR] ma-core - add result form :missing property NaN post 1234
[2021-12-05T21:46:56.805] [ERROR] ma-core - update Result Form  :task not found testing testing testing
[2021-12-05T21:46:56.807] [ERROR] ma-core - update Result Form  :task not found NaN post 1234
