[2022-02-11T17:10:24.677] [ERROR] ma-core - "sort" must be a number /api/itoperation/getAllActive GET ::1
[2022-02-11T17:10:35.330] [ERROR] ma-core - "offset" is not allowed /api/itoperation/getAllActive GET ::1
[2022-02-11T17:10:40.591] [ERROR] ma-core - "sort" is required /api/itoperation/getAllActive GET ::1
[2022-02-11T17:11:16.714] [ERROR] ma-core - "offset" is not allowed /api/itoperation/getAllActive GET ::1
[2022-02-11T17:11:22.705] [ERROR] ma-core - "paginate" is not allowed /api/itoperation/getAllActive GET ::1
[2022-02-11T17:11:27.119] [ERROR] ma-core - "customerId" is not allowed /api/itoperation/getAllActive GET ::1
[2022-02-11T17:14:09.341] [ERROR] ma-core - "offset" is required /api/itoperation/getAllActive GET ::1
[2022-02-11T17:14:09.966] [ERROR] ma-core - "offset" is required /api/itoperation/getAllActive GET ::1
[2022-02-11T17:14:10.118] [ERROR] ma-core - "offset" is required /api/itoperation/getAllActive GET ::1
[2022-02-11T17:14:10.316] [ERROR] ma-core - "offset" is required /api/itoperation/getAllActive GET ::1
[2022-02-11T17:14:10.466] [ERROR] ma-core - "offset" is required /api/itoperation/getAllActive GET ::1
[2022-02-11T17:14:10.979] [ERROR] ma-core - "offset" is required /api/itoperation/getAllActive GET ::1
[2022-02-11T17:14:11.153] [ERROR] ma-core - "offset" is required /api/itoperation/getAllActive GET ::1
[2022-02-11T17:14:11.330] [ERROR] ma-core - "offset" is required /api/itoperation/getAllActive GET ::1
[2022-02-11T17:14:11.531] [ERROR] ma-core - "offset" is required /api/itoperation/getAllActive GET ::1
[2022-02-11T17:14:14.832] [ERROR] ma-core - "timeRangeStart" failed custom validation because Cannot read property 'presence' of undefined /api/itoperation/getAllActive GET ::1
[2022-02-11T17:15:20.756] [ERROR] ma-core - "paginate" is not allowed /api/itoperation/getAllActive GET ::1
[2022-02-11T17:15:40.014] [ERROR] ma-core - get All Active ItOperation :condtions is not defined /api/itoperation/getAllActive GET ::1
[2022-02-11T17:17:33.824] [ERROR] ma-core - get All Active ItOperation :condtions is not defined /api/itoperation/getAllActive GET ::1
[2022-02-11T17:18:14.268] [ERROR] ma-core - get All Active ItOperation :condtions is not defined /api/itoperation/getAllActive GET ::1
[2022-02-11T17:19:08.554] [ERROR] ma-core - get All Active ItOperation :condtions is not defined /api/itoperation/getAllActive GET ::1
