[2021-12-09T10:45:26.217] [ERROR] ma-core - get by id Result Form :select is not defined /api/resultform/getResultFormById/:id GET ::1
[2021-12-09T10:46:19.137] [ERROR] ma-core - get by id Result Form :select is not defined /api/resultform/getResultFormById/:id GET ::1
[2021-12-09T12:17:16.409] [ERROR] ma-core - delete Result Form :task not found testing testing testing
[2021-12-09T12:17:16.411] [ERROR] ma-core - delete Result Form :task not found NaN post 1234
[2021-12-09T12:17:16.436] [ERROR] ma-core - get by id Result Form :task not found testing testing testing
[2021-12-09T12:17:16.437] [ERROR] ma-core - get by id Result Form :task not found NaN post 1234
[2021-12-09T12:17:16.447] [ERROR] ma-core - add result form :missing property testing testing testing
[2021-12-09T12:17:16.448] [ERROR] ma-core - add result form :missing property NaN post 1234
[2021-12-09T12:17:16.456] [ERROR] ma-core - update Result Form  :task not found testing testing testing
[2021-12-09T12:17:16.458] [ERROR] ma-core - update Result Form  :task not found NaN post 1234
[2021-12-09T12:18:15.826] [ERROR] ma-core - delete Result Form :task not found testing testing testing
[2021-12-09T12:18:15.828] [ERROR] ma-core - delete Result Form :task not found NaN post 1234
[2021-12-09T12:18:15.852] [ERROR] ma-core - get by id Result Form :task not found testing testing testing
[2021-12-09T12:18:15.854] [ERROR] ma-core - get by id Result Form :task not found NaN post 1234
[2021-12-09T12:18:15.864] [ERROR] ma-core - add result form :missing property testing testing testing
[2021-12-09T12:18:15.865] [ERROR] ma-core - add result form :missing property NaN post 1234
[2021-12-09T12:18:15.874] [ERROR] ma-core - update Result Form  :task not found testing testing testing
[2021-12-09T12:18:15.875] [ERROR] ma-core - update Result Form  :task not found NaN post 1234
[2021-12-09T12:18:49.510] [ERROR] ma-core - delete Result Form :task not found testing testing testing
[2021-12-09T12:18:49.513] [ERROR] ma-core - delete Result Form :task not found NaN post 1234
[2021-12-09T12:18:49.544] [ERROR] ma-core - get by id Result Form :task not found testing testing testing
[2021-12-09T12:18:49.547] [ERROR] ma-core - get by id Result Form :task not found NaN post 1234
[2021-12-09T12:18:49.559] [ERROR] ma-core - add result form :missing property testing testing testing
[2021-12-09T12:18:49.561] [ERROR] ma-core - add result form :missing property NaN post 1234
[2021-12-09T12:18:49.570] [ERROR] ma-core - update Result Form  :task not found testing testing testing
[2021-12-09T12:18:49.572] [ERROR] ma-core - update Result Form  :task not found NaN post 1234
[2021-12-09T12:19:13.384] [ERROR] ma-core - delete Result Form :task not found testing testing testing
[2021-12-09T12:19:13.386] [ERROR] ma-core - delete Result Form :task not found NaN post 1234
[2021-12-09T12:19:13.411] [ERROR] ma-core - get by id Result Form :task not found testing testing testing
[2021-12-09T12:19:13.413] [ERROR] ma-core - get by id Result Form :task not found NaN post 1234
[2021-12-09T12:19:13.422] [ERROR] ma-core - add result form :missing property testing testing testing
[2021-12-09T12:19:13.424] [ERROR] ma-core - add result form :missing property NaN post 1234
[2021-12-09T12:19:13.432] [ERROR] ma-core - update Result Form  :task not found testing testing testing
[2021-12-09T12:19:13.434] [ERROR] ma-core - update Result Form  :task not found NaN post 1234
[2021-12-09T12:34:38.719] [ERROR] ma-core - delete Result Form :task not found testing testing testing
[2021-12-09T12:34:38.721] [ERROR] ma-core - delete Result Form :task not found NaN post 1234
[2021-12-09T12:34:38.746] [ERROR] ma-core - get by id Result Form :task not found testing testing testing
[2021-12-09T12:34:38.748] [ERROR] ma-core - get by id Result Form :task not found NaN post 1234
[2021-12-09T12:34:38.758] [ERROR] ma-core - add result form :missing property testing testing testing
[2021-12-09T12:34:38.760] [ERROR] ma-core - add result form :missing property NaN post 1234
[2021-12-09T12:34:38.768] [ERROR] ma-core - update Result Form  :task not found testing testing testing
[2021-12-09T12:34:38.770] [ERROR] ma-core - update Result Form  :task not found NaN post 1234
[2021-12-09T12:35:30.599] [ERROR] ma-core - delete Result Form :task not found testing testing testing
[2021-12-09T12:35:30.600] [ERROR] ma-core - delete Result Form :task not found NaN post 1234
[2021-12-09T12:35:30.626] [ERROR] ma-core - get by id Result Form :task not found testing testing testing
[2021-12-09T12:35:30.628] [ERROR] ma-core - get by id Result Form :task not found NaN post 1234
[2021-12-09T12:35:30.638] [ERROR] ma-core - add result form :missing property testing testing testing
[2021-12-09T12:35:30.639] [ERROR] ma-core - add result form :missing property NaN post 1234
[2021-12-09T12:35:30.648] [ERROR] ma-core - update Result Form  :task not found testing testing testing
[2021-12-09T12:35:30.649] [ERROR] ma-core - update Result Form  :task not found NaN post 1234
[2021-12-09T12:36:31.802] [ERROR] ma-core - delete Result Form :task not found testing testing testing
[2021-12-09T12:36:31.804] [ERROR] ma-core - delete Result Form :task not found NaN post 1234
[2021-12-09T12:36:31.830] [ERROR] ma-core - get by id Result Form :task not found testing testing testing
[2021-12-09T12:36:31.831] [ERROR] ma-core - get by id Result Form :task not found NaN post 1234
[2021-12-09T12:36:31.841] [ERROR] ma-core - add result form :missing property testing testing testing
[2021-12-09T12:36:31.842] [ERROR] ma-core - add result form :missing property NaN post 1234
[2021-12-09T12:36:31.851] [ERROR] ma-core - update Result Form  :task not found testing testing testing
[2021-12-09T12:36:31.852] [ERROR] ma-core - update Result Form  :task not found NaN post 1234
[2021-12-09T16:11:55.388] [ERROR] ma-core - delete Result Form :task not found testing testing testing
[2021-12-09T16:11:55.389] [ERROR] ma-core - delete Result Form :task not found NaN post 1234
[2021-12-09T16:11:55.422] [ERROR] ma-core - get by id Result Form :task not found testing testing testing
[2021-12-09T16:11:55.423] [ERROR] ma-core - get by id Result Form :task not found NaN post 1234
[2021-12-09T16:11:55.439] [ERROR] ma-core - add result form :missing property testing testing testing
[2021-12-09T16:11:55.441] [ERROR] ma-core - add result form :missing property NaN post 1234
[2021-12-09T16:11:55.454] [ERROR] ma-core - update Result Form  :task not found testing testing testing
[2021-12-09T16:11:55.455] [ERROR] ma-core - update Result Form  :task not found NaN post 1234
[2021-12-09T16:28:18.537] [ERROR] ma-core - delete Result Form :task not found testing testing testing
[2021-12-09T16:28:18.539] [ERROR] ma-core - delete Result Form :task not found NaN post 1234
[2021-12-09T16:28:18.567] [ERROR] ma-core - get by id Result Form :task not found testing testing testing
[2021-12-09T16:28:18.568] [ERROR] ma-core - get by id Result Form :task not found NaN post 1234
[2021-12-09T16:28:18.578] [ERROR] ma-core - add result form :missing property testing testing testing
[2021-12-09T16:28:18.579] [ERROR] ma-core - add result form :missing property NaN post 1234
[2021-12-09T16:28:18.590] [ERROR] ma-core - update Result Form  :task not found testing testing testing
[2021-12-09T16:28:18.591] [ERROR] ma-core - update Result Form  :task not found NaN post 1234
[2021-12-09T16:31:48.168] [ERROR] ma-core - delete Result Form :task not found testing testing testing
[2021-12-09T16:31:48.169] [ERROR] ma-core - delete Result Form :task not found NaN post 1234
[2021-12-09T16:31:48.193] [ERROR] ma-core - get by id Result Form :task not found testing testing testing
[2021-12-09T16:31:48.196] [ERROR] ma-core - get by id Result Form :task not found NaN post 1234
[2021-12-09T16:31:48.208] [ERROR] ma-core - add result form :missing property testing testing testing
[2021-12-09T16:31:48.209] [ERROR] ma-core - add result form :missing property NaN post 1234
[2021-12-09T16:31:48.218] [ERROR] ma-core - update Result Form  :task not found testing testing testing
[2021-12-09T16:31:48.220] [ERROR] ma-core - update Result Form  :task not found NaN post 1234
[2021-12-09T16:34:17.829] [ERROR] ma-core - delete Result Form :task not found testing testing testing
[2021-12-09T16:34:17.830] [ERROR] ma-core - delete Result Form :task not found NaN post 1234
[2021-12-09T16:34:17.855] [ERROR] ma-core - get by id Result Form :task not found testing testing testing
[2021-12-09T16:34:17.856] [ERROR] ma-core - get by id Result Form :task not found NaN post 1234
[2021-12-09T16:34:17.867] [ERROR] ma-core - add result form :missing property testing testing testing
[2021-12-09T16:34:17.869] [ERROR] ma-core - add result form :missing property NaN post 1234
[2021-12-09T16:34:17.877] [ERROR] ma-core - update Result Form  :task not found testing testing testing
[2021-12-09T16:34:17.878] [ERROR] ma-core - update Result Form  :task not found NaN post 1234
[2021-12-09T16:36:06.369] [ERROR] ma-core - delete Result Form :task not found testing testing testing
[2021-12-09T16:36:06.371] [ERROR] ma-core - delete Result Form :task not found NaN post 1234
[2021-12-09T16:36:06.396] [ERROR] ma-core - get by id Result Form :task not found testing testing testing
[2021-12-09T16:36:06.398] [ERROR] ma-core - get by id Result Form :task not found NaN post 1234
[2021-12-09T16:36:06.409] [ERROR] ma-core - add result form :missing property testing testing testing
[2021-12-09T16:36:06.410] [ERROR] ma-core - add result form :missing property NaN post 1234
[2021-12-09T16:36:06.419] [ERROR] ma-core - update Result Form  :task not found testing testing testing
[2021-12-09T16:36:06.421] [ERROR] ma-core - update Result Form  :task not found NaN post 1234
[2021-12-09T16:44:46.180] [ERROR] ma-core - delete Result Form :task not found testing testing testing
[2021-12-09T16:44:46.182] [ERROR] ma-core - delete Result Form :task not found NaN post 1234
[2021-12-09T16:44:46.206] [ERROR] ma-core - get by id Result Form :task not found testing testing testing
[2021-12-09T16:44:46.207] [ERROR] ma-core - get by id Result Form :task not found NaN post 1234
[2021-12-09T16:44:46.220] [ERROR] ma-core - add result form :missing property testing testing testing
[2021-12-09T16:44:46.221] [ERROR] ma-core - add result form :missing property NaN post 1234
[2021-12-09T16:44:46.229] [ERROR] ma-core - update Result Form  :task not found testing testing testing
[2021-12-09T16:44:46.230] [ERROR] ma-core - update Result Form  :task not found NaN post 1234
[2021-12-09T16:48:36.896] [ERROR] ma-core - delete Result Form :task not found testing testing testing
[2021-12-09T16:48:36.897] [ERROR] ma-core - delete Result Form :task not found NaN post 1234
[2021-12-09T16:48:36.921] [ERROR] ma-core - get by id Result Form :task not found testing testing testing
[2021-12-09T16:48:36.923] [ERROR] ma-core - get by id Result Form :task not found NaN post 1234
[2021-12-09T16:48:36.934] [ERROR] ma-core - add result form :missing property testing testing testing
[2021-12-09T16:48:36.936] [ERROR] ma-core - add result form :missing property NaN post 1234
[2021-12-09T16:48:36.944] [ERROR] ma-core - update Result Form  :task not found testing testing testing
[2021-12-09T16:48:36.946] [ERROR] ma-core - update Result Form  :task not found NaN post 1234
[2021-12-09T16:49:23.946] [ERROR] ma-core - delete Result Form :task not found testing testing testing
[2021-12-09T16:49:23.948] [ERROR] ma-core - delete Result Form :task not found NaN post 1234
[2021-12-09T16:49:23.971] [ERROR] ma-core - get by id Result Form :task not found testing testing testing
[2021-12-09T16:49:23.973] [ERROR] ma-core - get by id Result Form :task not found NaN post 1234
[2021-12-09T16:49:23.983] [ERROR] ma-core - add result form :missing property testing testing testing
[2021-12-09T16:49:23.985] [ERROR] ma-core - add result form :missing property NaN post 1234
[2021-12-09T16:49:23.993] [ERROR] ma-core - update Result Form  :task not found testing testing testing
[2021-12-09T16:49:23.994] [ERROR] ma-core - update Result Form  :task not found NaN post 1234
[2021-12-09T16:50:26.268] [ERROR] ma-core - delete Result Form :task not found testing testing testing
[2021-12-09T16:50:26.269] [ERROR] ma-core - delete Result Form :task not found NaN post 1234
[2021-12-09T16:50:26.292] [ERROR] ma-core - get by id Result Form :task not found testing testing testing
[2021-12-09T16:50:26.293] [ERROR] ma-core - get by id Result Form :task not found NaN post 1234
[2021-12-09T16:50:26.306] [ERROR] ma-core - add result form :missing property testing testing testing
[2021-12-09T16:50:26.308] [ERROR] ma-core - add result form :missing property NaN post 1234
[2021-12-09T16:50:26.316] [ERROR] ma-core - update Result Form  :task not found testing testing testing
[2021-12-09T16:50:26.317] [ERROR] ma-core - update Result Form  :task not found NaN post 1234
[2021-12-09T16:56:22.429] [ERROR] ma-core - delete Result Form :task not found testing testing testing
[2021-12-09T16:56:22.431] [ERROR] ma-core - delete Result Form :task not found NaN post 1234
[2021-12-09T16:56:22.456] [ERROR] ma-core - get by id Result Form :task not found testing testing testing
[2021-12-09T16:56:22.458] [ERROR] ma-core - get by id Result Form :task not found NaN post 1234
[2021-12-09T16:56:22.469] [ERROR] ma-core - add result form :missing property testing testing testing
[2021-12-09T16:56:22.470] [ERROR] ma-core - add result form :missing property NaN post 1234
[2021-12-09T16:56:22.480] [ERROR] ma-core - update Result Form  :task not found testing testing testing
[2021-12-09T16:56:22.482] [ERROR] ma-core - update Result Form  :task not found NaN post 1234
[2021-12-09T16:58:01.350] [ERROR] ma-core - delete Result Form :task not found testing testing testing
[2021-12-09T16:58:01.352] [ERROR] ma-core - delete Result Form :task not found NaN post 1234
[2021-12-09T16:58:01.369] [ERROR] ma-core - get All result form :missing property testing testing testing
[2021-12-09T16:58:01.371] [ERROR] ma-core - get All result form :missing property NaN post 1234
[2021-12-09T16:58:01.379] [ERROR] ma-core - get by id Result Form :task not found testing testing testing
[2021-12-09T16:58:01.381] [ERROR] ma-core - get by id Result Form :task not found NaN post 1234
[2021-12-09T16:58:01.390] [ERROR] ma-core - add result form :missing property testing testing testing
[2021-12-09T16:58:01.392] [ERROR] ma-core - add result form :missing property NaN post 1234
[2021-12-09T16:58:01.400] [ERROR] ma-core - update Result Form  :task not found testing testing testing
[2021-12-09T16:58:01.402] [ERROR] ma-core - update Result Form  :task not found NaN post 1234
