[2022-02-08T10:16:48.171] [INFO] ma-core - add post success testing testing testing
[2022-02-08T10:16:48.176] [INFO] ma-core - add post success NaN post 1234
[2022-02-08T10:17:18.213] [INFO] ma-core - get all posts success testing testing testing
[2022-02-08T10:17:48.252] [INFO] ma-core - get all posts success NaN post 1234
[2022-02-08T10:30:31.319] [INFO] ma-core - add post success testing testing testing
[2022-02-08T10:30:31.323] [INFO] ma-core - add post success NaN post 1234
[2022-02-08T10:31:01.361] [INFO] ma-core - get all posts success testing testing testing
[2022-02-08T10:31:31.400] [INFO] ma-core - get all posts success NaN post 1234
[2022-02-08T10:31:59.075] [INFO] ma-core - add post success testing testing testing
[2022-02-08T10:31:59.079] [INFO] ma-core - add post success NaN post 1234
[2022-02-08T10:32:29.117] [INFO] ma-core - get all posts success testing testing testing
[2022-02-08T10:32:59.156] [INFO] ma-core - get all posts success NaN post 1234
[2022-02-08T10:39:09.447] [INFO] ma-core - add post success testing testing testing
[2022-02-08T10:39:09.452] [INFO] ma-core - add post success NaN post 1234
[2022-02-08T10:39:39.484] [INFO] ma-core - get all posts success testing testing testing
[2022-02-08T10:40:09.508] [INFO] ma-core - get all posts success NaN post 1234
[2022-02-08T11:06:08.915] [INFO] ma-core - add post success testing testing testing
[2022-02-08T11:06:08.919] [INFO] ma-core - add post success NaN post 1234
[2022-02-08T11:06:38.957] [INFO] ma-core - get all posts success testing testing testing
[2022-02-08T11:07:08.999] [INFO] ma-core - get all posts success NaN get 1234
[2022-02-08T11:09:16.294] [INFO] ma-core - add post success testing testing testing
[2022-02-08T11:09:16.298] [INFO] ma-core - add post success NaN post 1234
[2022-02-08T11:09:46.328] [INFO] ma-core - get all posts success testing testing testing
[2022-02-08T11:10:16.356] [INFO] ma-core - get all posts success NaN get 1234
[2022-02-08T11:12:57.579] [INFO] ma-core - add post success testing testing testing
[2022-02-08T11:12:57.584] [INFO] ma-core - add post success NaN post 1234
[2022-02-08T11:13:34.928] [INFO] ma-core - add post success testing testing testing
[2022-02-08T11:13:34.932] [INFO] ma-core - add post success NaN post 1234
[2022-02-08T11:14:15.267] [INFO] ma-core - add post success testing testing testing
[2022-02-08T11:14:15.272] [INFO] ma-core - add post success NaN post 1234
[2022-02-08T11:15:38.151] [INFO] ma-core - add post success testing testing testing
[2022-02-08T11:15:38.156] [INFO] ma-core - add post success NaN post 1234
[2022-02-08T11:16:04.210] [INFO] ma-core - add post success testing testing testing
[2022-02-08T11:16:04.217] [INFO] ma-core - add post success NaN post 1234
[2022-02-08T11:18:53.564] [INFO] ma-core - add post success testing testing testing
[2022-02-08T11:18:53.568] [INFO] ma-core - add post success NaN post 1234
[2022-02-08T11:19:31.201] [INFO] ma-core - add post success testing testing testing
[2022-02-08T11:19:31.206] [INFO] ma-core - add post success NaN post 1234
[2022-02-08T11:21:14.964] [INFO] ma-core - add post success testing testing testing
[2022-02-08T11:21:14.969] [INFO] ma-core - add post success NaN post 1234
[2022-02-08T11:23:18.324] [INFO] ma-core - add post success testing testing testing
[2022-02-08T11:23:18.329] [INFO] ma-core - add post success NaN post 1234
[2022-02-08T11:24:05.360] [INFO] ma-core - add post success testing testing testing
[2022-02-08T11:24:05.365] [INFO] ma-core - add post success NaN post 1234
[2022-02-08T11:25:03.419] [INFO] ma-core - add post success testing testing testing
[2022-02-08T11:25:03.424] [INFO] ma-core - add post success NaN post 1234
[2022-02-08T11:25:33.460] [INFO] ma-core - get all posts success testing testing testing
[2022-02-08T11:26:03.492] [INFO] ma-core - get all posts success NaN get 1234
[2022-02-08T11:47:52.879] [INFO] ma-core - database URI mongodb://localhost:27017/core
[2022-02-08T11:47:53.607] [INFO] ma-core - server started at port 5000
[2022-02-08T11:47:53.630] [INFO] ma-core - mongodb conected
[2022-02-08T11:47:59.457] [INFO] ma-core - get by id posts /api/newsfeed/getPostByUserID/:id GET ::1
[2022-02-08T11:49:31.649] [INFO] ma-core - database URI mongodb://localhost:27017/core
[2022-02-08T11:49:32.380] [INFO] ma-core - server started at port 5000
[2022-02-08T11:49:32.407] [INFO] ma-core - mongodb conected
[2022-02-08T11:49:58.307] [INFO] ma-core - get all result form success /api/resultform/getAllResultForm GET ::1
[2022-02-08T11:50:54.210] [INFO] ma-core - get all posts success /api/newsfeed/getAllPosts GET ::1
[2022-02-08T11:51:13.723] [INFO] ma-core - get by id posts /api/newsfeed/getPostByUserID/:id GET ::1
[2022-02-08T11:57:02.229] [INFO] ma-core - add post success /api/newsfeed/ POST ::1
[2022-02-08T11:57:16.857] [INFO] ma-core - add post success /api/newsfeed/ POST ::1
[2022-02-08T11:57:27.347] [INFO] ma-core - get all posts success /api/newsfeed/getAllPosts GET ::1
[2022-02-08T11:57:39.124] [INFO] ma-core - get all posts success /api/newsfeed/getAllPosts GET ::1
[2022-02-08T11:58:27.810] [INFO] ma-core - get all posts success /api/newsfeed/getAllPosts GET ::1
[2022-02-08T11:59:33.509] [INFO] ma-core - get by id posts /api/newsfeed/getPostByUserID/:id GET ::1
[2022-02-08T12:00:50.737] [INFO] ma-core - database URI mongodb://localhost:27017/core
[2022-02-08T12:00:51.326] [INFO] ma-core - server started at port 5000
[2022-02-08T12:00:51.345] [INFO] ma-core - mongodb conected
[2022-02-08T12:00:54.817] [INFO] ma-core - database URI mongodb://localhost:27017/core
[2022-02-08T12:00:55.441] [INFO] ma-core - server started at port 5000
[2022-02-08T12:00:55.462] [INFO] ma-core - mongodb conected
[2022-02-08T12:00:59.863] [INFO] ma-core - database URI mongodb://localhost:27017/core
[2022-02-08T12:01:00.454] [INFO] ma-core - server started at port 5000
[2022-02-08T12:01:00.473] [INFO] ma-core - mongodb conected
[2022-02-08T12:01:01.080] [INFO] ma-core - database URI mongodb://localhost:27017/core
[2022-02-08T12:01:01.672] [INFO] ma-core - server started at port 5000
[2022-02-08T12:01:01.691] [INFO] ma-core - mongodb conected
[2022-02-08T12:01:05.530] [INFO] ma-core - database URI mongodb://localhost:27017/core
[2022-02-08T12:01:06.099] [INFO] ma-core - server started at port 5000
[2022-02-08T12:01:06.117] [INFO] ma-core - mongodb conected
[2022-02-08T12:01:06.630] [INFO] ma-core - database URI mongodb://localhost:27017/core
[2022-02-08T12:01:07.207] [INFO] ma-core - server started at port 5000
[2022-02-08T12:01:07.228] [INFO] ma-core - mongodb conected
[2022-02-08T12:01:10.679] [INFO] ma-core - database URI mongodb://localhost:27017/core
[2022-02-08T12:01:11.274] [INFO] ma-core - server started at port 5000
[2022-02-08T12:01:11.294] [INFO] ma-core - mongodb conected
[2022-02-08T12:01:13.025] [INFO] ma-core - database URI mongodb://localhost:27017/core
[2022-02-08T12:01:13.596] [INFO] ma-core - server started at port 5000
[2022-02-08T12:01:13.614] [INFO] ma-core - mongodb conected
[2022-02-08T12:01:33.449] [INFO] ma-core - database URI mongodb://localhost:27017/core
[2022-02-08T12:01:34.024] [INFO] ma-core - server started at port 5000
[2022-02-08T12:01:34.047] [INFO] ma-core - mongodb conected
[2022-02-08T12:01:34.661] [INFO] ma-core - database URI mongodb://localhost:27017/core
[2022-02-08T12:01:35.275] [INFO] ma-core - server started at port 5000
[2022-02-08T12:01:35.295] [INFO] ma-core - mongodb conected
[2022-02-08T12:01:38.539] [INFO] ma-core - database URI mongodb://localhost:27017/core
[2022-02-08T12:01:39.116] [INFO] ma-core - server started at port 5000
[2022-02-08T12:01:39.135] [INFO] ma-core - mongodb conected
