[2024-03-22T00:24:35.584] [INFO] ma-core - get all posts success /api/newsFeed/getAllPosts GET ::1
[2024-03-22T00:25:06.739] [INFO] ma-core - get all posts success /api/newsFeed/getAllPosts GET ::1
[2024-03-22T00:25:07.110] [INFO] ma-core - get all posts success /api/newsFeed/getAllPosts GET ::1
[2024-03-22T00:25:55.478] [INFO] ma-core - get all posts success /api/newsFeed/getAllPosts GET ::1
[2024-03-22T00:25:55.846] [INFO] ma-core - get all posts success /api/newsFeed/getAllPosts GET ::1
[2024-03-22T00:26:08.774] [INFO] ma-core - add post success /api/newsFeed/ POST ::1
[2024-03-22T00:26:09.468] [INFO] ma-core - get all posts success /api/newsFeed/getAllPosts GET ::1
[2024-03-22T00:26:22.133] [INFO] ma-core - delete posts success /api/newsFeed/deletePost/:id PATCH ::1
[2024-03-22T00:26:22.494] [INFO] ma-core - get all posts success /api/newsFeed/getAllPosts GET ::1
[2024-03-22T00:27:26.332] [INFO] ma-core - get All Role success /api/role/ GET ::1
[2024-03-22T00:27:40.174] [INFO] ma-core - update user : add new role success :  /api/user/update/:id PATCH
[2024-03-22T00:30:50.926] [INFO] ma-core - get all posts success /api/newsFeed/getAllPosts GET ::1
[2024-03-22T00:31:02.493] [INFO] ma-core - add post success /api/newsFeed/ POST ::1
[2024-03-22T00:31:02.873] [INFO] ma-core - get all posts success /api/newsFeed/getAllPosts GET ::1
[2024-03-22T00:31:36.644] [INFO] ma-core - get all posts success /api/newsFeed/getAllPosts GET ::1
[2024-03-22T00:31:36.926] [INFO] ma-core - get all posts success /api/newsFeed/getAllPosts GET ::1
[2024-03-22T00:31:43.629] [INFO] ma-core - add post success /api/newsFeed/ POST ::1
[2024-03-22T00:31:44.310] [INFO] ma-core - get all posts success /api/newsFeed/getAllPosts GET ::1
[2024-03-22T00:31:56.193] [INFO] ma-core - get all posts success /api/newsFeed/getAllPosts GET ::1
[2024-03-22T00:31:56.768] [INFO] ma-core - get all posts success /api/newsFeed/getAllPosts GET ::1
[2024-03-22T00:32:14.509] [INFO] ma-core - get all Customer success /api/customer/ GET ::1
[2024-03-22T00:32:44.493] [INFO] ma-core - get All Role success /api/role/ GET ::1
[2024-03-22T00:32:49.266] [INFO] ma-core - get All Module success /api/module/getAll GET ::1
[2024-03-22T00:33:54.938] [INFO] ma-core - add Role success /api/role/ POST ::1
[2024-03-22T00:33:55.258] [INFO] ma-core - get All Role success /api/role/ GET ::1
[2024-03-22T00:33:57.916] [INFO] ma-core - get All Role success /api/role/ GET ::1
[2024-03-22T00:34:00.209] [INFO] ma-core - get All Module success /api/module/getAll GET ::1
[2024-03-22T00:34:00.294] [INFO] ma-core - get by id Role success /api/role/:id/ GET ::1
[2024-03-22T00:34:05.775] [INFO] ma-core - update Role success /api/role/update/:id PATCH ::1
[2024-03-22T00:34:06.065] [INFO] ma-core - get All Role success /api/role/ GET ::1
[2024-03-22T00:34:12.515] [INFO] ma-core - get all Customer success /api/customer/ GET ::1
[2024-03-22T00:34:28.303] [INFO] ma-core - get All Role success /api/role/ GET ::1
[2024-03-22T00:34:40.700] [INFO] ma-core - update user : add new role success :  /api/user/update/:id PATCH
[2024-03-22T00:35:01.060] [INFO] ma-core - get all posts success /api/newsFeed/getAllPosts GET ::1
[2024-03-22T00:35:01.349] [INFO] ma-core - get all posts success /api/newsFeed/getAllPosts GET ::1
[2024-03-22T00:35:52.583] [INFO] ma-core - get All Module success /api/module/getAll GET ::1
[2024-03-22T00:35:57.079] [INFO] ma-core - get All Module success /api/module/getAll GET ::1
[2024-03-22T00:35:57.275] [INFO] ma-core - get All Module success /api/module/getAll GET ::1
[2024-03-22T00:35:57.697] [INFO] ma-core - get All Module success /api/module/getAll GET ::1
[2024-03-22T00:36:04.604] [INFO] ma-core - get All Basic Module success /api/module/getAllBasic GET ::1
[2024-03-22T00:36:04.692] [INFO] ma-core - get module By Id success /api/module/getOne/:id/ GET ::1
[2024-03-22T00:36:04.807] [INFO] ma-core - get module By Id success /api/module/getOne/:id/ GET ::1
[2024-03-22T00:36:09.050] [INFO] ma-core - get All Module success /api/module/getAll GET ::1
[2024-03-22T00:36:09.678] [INFO] ma-core - get All Module success /api/module/getAll GET ::1
[2024-03-22T00:36:10.035] [INFO] ma-core - get All Module success /api/module/getAll GET ::1
[2024-03-22T00:36:12.632] [INFO] ma-core - get All Basic Module success /api/module/getAllBasic GET ::1
[2024-03-22T00:36:12.683] [INFO] ma-core - get module By Id success /api/module/getOne/:id/ GET ::1
[2024-03-22T00:36:12.753] [INFO] ma-core - get module By Id success /api/module/getOne/:id/ GET ::1
[2024-03-22T00:36:30.655] [INFO] ma-core - get All Basic Module success /api/module/getAllBasic GET ::1
[2024-03-22T00:36:30.718] [INFO] ma-core - get module By Id success /api/module/getOne/:id/ GET ::1
[2024-03-22T00:36:30.766] [INFO] ma-core - get module By Id success /api/module/getOne/:id/ GET ::1
[2024-03-22T00:36:51.617] [INFO] ma-core - get All Role success /api/role/ GET ::1
[2024-03-22T00:37:09.372] [INFO] ma-core - get all Customer success /api/customer/ GET ::1
[2024-03-22T00:37:23.853] [INFO] ma-core - get all posts success /api/newsFeed/getAllPosts GET ::1
[2024-03-22T00:37:25.859] [INFO] ma-core - get all Customer success /api/customer/ GET ::1
[2024-03-22T00:37:29.341] [INFO] ma-core - get all posts success /api/newsFeed/getAllPosts GET ::1
[2024-03-22T00:37:30.975] [INFO] ma-core - get all Customer success /api/customer/ GET ::1
[2024-03-22T00:37:50.073] [INFO] ma-core - get All Role success /api/role/ GET ::1
[2024-03-22T00:37:53.829] [INFO] ma-core - update user : update old shift endDate success /api/user/update/:id PATCH
[2024-03-22T00:37:57.384] [INFO] ma-core - get all posts success /api/newsFeed/getAllPosts GET ::1
[2024-03-22T00:37:59.125] [INFO] ma-core - get all Customer success /api/customer/ GET ::1
[2024-03-22T00:38:41.439] [INFO] ma-core - get Customer success toBase64 error /api/customer/:id/ GET ::1
[2024-03-22T00:39:53.310] [INFO] ma-core - get all Customer success /api/customer/ GET ::1
[2024-03-22T00:39:54.973] [INFO] ma-core - get Customer success toBase64 error /api/customer/:id/ GET ::1
[2024-03-22T00:40:38.320] [INFO] ma-core - get All Role success /api/role/ GET ::1
[2024-03-22T00:40:55.070] [INFO] ma-core - get All Role success /api/role/ GET ::1
[2024-03-22T00:44:22.331] [INFO] ma-core - get all result form success /api/resultForm/getAllResultForm GET ::1
[2024-03-22T00:44:22.365] [INFO] ma-core - get Monitoring Activities Without Result Form success /api/resultForm/getMonitoringActivitiesWithoutResultForm GET ::1
[2024-03-22T00:44:34.876] [INFO] ma-core - get by id Result Form /api/resultForm/getResultFormById/:id GET ::1
[2024-03-22T00:45:14.515] [INFO] ma-core - get by id Result Form /api/resultForm/getResultFormById/:id GET ::1
[2024-03-22T00:49:18.861] [INFO] ma-core - add new shifts success /api/shift/sync PATCH ::1
[2024-03-22T00:49:18.912] [INFO] ma-core - sync shift success /api/shift/sync PATCH ::1
[2024-03-22T00:49:20.806] [INFO] ma-core - Shift Unassigned reminder cron launched
[2024-03-22T00:49:20.876] [INFO] ma-core - Shift Unassigned reminder cron launched
[2024-03-22T00:49:20.884] [INFO] ma-core - Shift Unassigned reminder cron launched
[2024-03-22T00:49:20.899] [INFO] ma-core - Shift Unassigned reminder cron launched
[2024-03-22T00:49:20.907] [INFO] ma-core - Shift Unassigned reminder cron launched
[2024-03-22T00:49:20.918] [INFO] ma-core - Shift Unassigned reminder cron launched
[2024-03-22T00:49:20.925] [INFO] ma-core - Shift Unassigned reminder cron launched
[2024-03-22T00:49:20.938] [INFO] ma-core - Shift Unassigned reminder cron launched
[2024-03-22T00:49:20.950] [INFO] ma-core - Shift Unassigned reminder cron launched
[2024-03-22T00:49:20.963] [INFO] ma-core - Shift Unassigned reminder cron launched
[2024-03-22T00:49:20.975] [INFO] ma-core - Shift Unassigned reminder cron launched
[2024-03-22T00:49:20.982] [INFO] ma-core - cron shift unassigned : startdate before now
[2024-03-22T00:49:21.018] [INFO] ma-core - Shift Unassigned reminder cron launched
[2024-03-22T00:49:21.024] [INFO] ma-core - Shift Unassigned reminder cron launched
[2024-03-22T00:49:21.031] [INFO] ma-core - Shift Unassigned reminder cron launched
[2024-03-22T00:49:21.043] [INFO] ma-core - Shift Unassigned reminder cron launched
[2024-03-22T00:49:21.053] [INFO] ma-core - Shift Unassigned reminder cron launched
[2024-03-22T00:49:21.062] [INFO] ma-core - cron shift unassigned : startdate before now
[2024-03-22T00:49:21.074] [INFO] ma-core - Shift Unassigned reminder cron launched
[2024-03-22T00:49:21.080] [INFO] ma-core - cron shift unassigned : startdate before now
[2024-03-22T00:49:21.091] [INFO] ma-core - Shift Unassigned reminder cron launched
[2024-03-22T00:49:21.103] [INFO] ma-core - Shift Unassigned reminder cron launched
[2024-03-22T00:49:21.199] [INFO] ma-core - Shift Unassigned reminder cron launched
[2024-03-22T00:49:21.211] [INFO] ma-core - Shift Unassigned reminder cron launched
[2024-03-22T00:49:21.221] [INFO] ma-core - Shift Unassigned reminder cron launched
[2024-03-22T00:49:21.232] [INFO] ma-core - Shift Unassigned reminder cron launched
[2024-03-22T00:49:21.243] [INFO] ma-core - Shift Unassigned reminder cron launched
[2024-03-22T00:49:21.252] [INFO] ma-core - Shift Unassigned reminder cron launched
[2024-03-22T00:49:21.273] [INFO] ma-core - Shift Unassigned reminder cron launched
[2024-03-22T00:49:21.281] [INFO] ma-core - cron shift unassigned : startdate before now
[2024-03-22T00:49:21.300] [INFO] ma-core - Shift Unassigned reminder cron launched
[2024-03-22T00:49:21.311] [INFO] ma-core - Shift Unassigned reminder cron launched
[2024-03-22T00:49:21.319] [INFO] ma-core - Shift Unassigned reminder cron launched
[2024-03-22T00:49:21.328] [INFO] ma-core - Shift Unassigned reminder cron launched
[2024-03-22T00:49:21.333] [INFO] ma-core - Shift Unassigned reminder cron launched
[2024-03-22T00:49:21.339] [INFO] ma-core - Shift Unassigned reminder cron launched
[2024-03-22T00:49:21.351] [INFO] ma-core - Shift Unassigned reminder cron launched
[2024-03-22T00:49:21.363] [INFO] ma-core - Shift Unassigned reminder cron launched
[2024-03-22T00:49:21.375] [INFO] ma-core - cron shift unassigned : startdate before now
[2024-03-22T00:49:21.395] [INFO] ma-core - Shift Unassigned reminder cron launched
[2024-03-22T00:49:21.409] [INFO] ma-core - Shift Unassigned reminder cron launched
[2024-03-22T00:49:21.518] [INFO] ma-core - Shift Unassigned reminder cron launched
[2024-03-22T00:49:21.524] [INFO] ma-core - cron shift unassigned : startdate before now
[2024-03-22T00:49:21.537] [INFO] ma-core - Shift Unassigned reminder cron launched
[2024-03-22T00:49:21.541] [INFO] ma-core - cron shift unassigned : startdate before now
[2024-03-22T00:49:21.554] [INFO] ma-core - Shift Unassigned reminder cron launched
[2024-03-22T00:49:21.567] [INFO] ma-core - Shift Unassigned reminder cron launched
[2024-03-22T00:49:21.578] [INFO] ma-core - Shift Unassigned reminder cron launched
[2024-03-22T00:49:21.588] [INFO] ma-core - Shift Unassigned reminder cron launched
[2024-03-22T00:49:21.598] [INFO] ma-core - Shift Unassigned reminder cron launched
[2024-03-22T00:49:21.610] [INFO] ma-core - Shift Unassigned reminder cron launched
[2024-03-22T00:49:21.620] [INFO] ma-core - Shift Unassigned reminder cron launched
[2024-03-22T00:49:21.625] [INFO] ma-core - cron shift unassigned : startdate before now
[2024-03-22T00:49:21.635] [INFO] ma-core - Shift Unassigned reminder cron launched
[2024-03-22T00:49:21.639] [INFO] ma-core - cron shift unassigned : startdate before now
[2024-03-22T00:49:21.648] [INFO] ma-core - Shift Unassigned reminder cron launched
[2024-03-22T00:49:21.659] [INFO] ma-core - Shift Unassigned reminder cron launched
[2024-03-22T00:49:21.670] [INFO] ma-core - Shift Unassigned reminder cron launched
[2024-03-22T00:49:21.679] [INFO] ma-core - Shift Unassigned reminder cron launched
[2024-03-22T00:49:21.688] [INFO] ma-core - Shift Unassigned reminder cron launched
[2024-03-22T00:49:21.699] [INFO] ma-core - Shift Unassigned reminder cron launched
[2024-03-22T00:49:21.708] [INFO] ma-core - Shift Unassigned reminder cron launched
[2024-03-22T00:49:21.719] [INFO] ma-core - Shift Unassigned reminder cron launched
[2024-03-22T00:49:21.728] [INFO] ma-core - Shift Unassigned reminder cron launched
[2024-03-22T00:49:21.740] [INFO] ma-core - Shift Unassigned reminder cron launched
[2024-03-22T00:49:21.753] [INFO] ma-core - Shift Unassigned reminder cron launched
[2024-03-22T00:49:21.771] [INFO] ma-core - Shift Unassigned reminder cron launched
[2024-03-22T00:49:21.782] [INFO] ma-core - Shift Unassigned reminder cron launched
[2024-03-22T00:49:21.792] [INFO] ma-core - Shift Unassigned reminder cron launched
[2024-03-22T00:49:21.801] [INFO] ma-core - Shift Unassigned reminder cron launched
[2024-03-22T00:49:21.811] [INFO] ma-core - Shift Unassigned reminder cron launched
[2024-03-22T00:49:21.822] [INFO] ma-core - Shift Unassigned reminder cron launched
[2024-03-22T00:49:21.833] [INFO] ma-core - Shift Unassigned reminder cron launched
[2024-03-22T00:49:21.845] [INFO] ma-core - Shift Unassigned reminder cron launched
[2024-03-22T00:49:21.859] [INFO] ma-core - Shift Unassigned reminder cron launched
[2024-03-22T00:49:21.871] [INFO] ma-core - Shift Unassigned reminder cron launched
[2024-03-22T00:49:21.885] [INFO] ma-core - Shift Unassigned reminder cron launched
[2024-03-22T00:49:21.898] [INFO] ma-core - Shift Unassigned reminder cron launched
[2024-03-22T00:49:21.909] [INFO] ma-core - Shift Unassigned reminder cron launched
[2024-03-22T00:49:21.921] [INFO] ma-core - Shift Unassigned reminder cron launched
[2024-03-22T00:49:21.940] [INFO] ma-core - Shift Unassigned reminder cron launched
[2024-03-22T00:49:21.977] [INFO] ma-core - Shift Unassigned reminder cron launched
[2024-03-22T00:49:21.990] [INFO] ma-core - Shift Unassigned reminder cron launched
[2024-03-22T00:49:22.003] [INFO] ma-core - Shift Unassigned reminder cron launched
[2024-03-22T00:49:22.012] [INFO] ma-core - Shift Unassigned reminder cron launched
[2024-03-22T00:49:22.047] [INFO] ma-core - Shift Unassigned reminder cron launched
[2024-03-22T00:49:22.070] [INFO] ma-core - Shift Unassigned reminder cron launched
[2024-03-22T00:49:22.089] [INFO] ma-core - Shift Unassigned reminder cron launched
[2024-03-22T00:49:22.104] [INFO] ma-core - Shift Unassigned reminder cron launched
[2024-03-22T00:49:22.119] [INFO] ma-core - Shift Unassigned reminder cron launched
[2024-03-22T00:49:22.158] [INFO] ma-core - Shift Unassigned reminder cron launched
[2024-03-22T00:49:22.175] [INFO] ma-core - Shift Unassigned reminder cron launched
[2024-03-22T00:49:22.184] [INFO] ma-core - Shift Unassigned reminder cron launched
[2024-03-22T00:49:22.193] [INFO] ma-core - Shift Unassigned reminder cron launched
[2024-03-22T00:49:22.203] [INFO] ma-core - Shift Unassigned reminder cron launched
[2024-03-22T00:49:22.213] [INFO] ma-core - Shift Unassigned reminder cron launched
[2024-03-22T00:49:22.223] [INFO] ma-core - Shift Unassigned reminder cron launched
[2024-03-22T00:49:22.235] [INFO] ma-core - Shift Unassigned reminder cron launched
[2024-03-22T00:49:22.245] [INFO] ma-core - Shift Unassigned reminder cron launched
[2024-03-22T00:49:22.255] [INFO] ma-core - Shift Unassigned reminder cron launched
[2024-03-22T00:49:22.275] [INFO] ma-core - Shift Unassigned reminder cron launched
[2024-03-22T00:49:22.300] [INFO] ma-core - Shift Unassigned reminder cron launched
[2024-03-22T00:49:22.315] [INFO] ma-core - Shift Unassigned reminder cron launched
[2024-03-22T00:49:22.322] [INFO] ma-core - cron shift unassigned : startdate before now
[2024-03-22T00:49:22.334] [INFO] ma-core - Shift Unassigned reminder cron launched
[2024-03-22T00:49:22.366] [INFO] ma-core - Shift Unassigned reminder cron launched
[2024-03-22T00:49:22.377] [INFO] ma-core - Shift Unassigned reminder cron launched
[2024-03-22T00:49:22.404] [INFO] ma-core - Shift Unassigned reminder cron launched
[2024-03-22T00:49:22.412] [INFO] ma-core - Shift Unassigned reminder cron launched
[2024-03-22T00:49:22.420] [INFO] ma-core - Shift Unassigned reminder cron launched
[2024-03-22T00:49:22.431] [INFO] ma-core - Shift Unassigned reminder cron launched
[2024-03-22T00:49:22.444] [INFO] ma-core - Shift Unassigned reminder cron launched
[2024-03-22T00:49:22.451] [INFO] ma-core - Shift Unassigned reminder cron launched
[2024-03-22T00:49:22.463] [INFO] ma-core - Shift Unassigned reminder cron launched
[2024-03-22T00:49:22.474] [INFO] ma-core - Shift Unassigned reminder cron launched
[2024-03-22T00:49:22.485] [INFO] ma-core - Shift Unassigned reminder cron launched
[2024-03-22T00:49:22.496] [INFO] ma-core - Shift Unassigned reminder cron launched
[2024-03-22T00:49:22.512] [INFO] ma-core - Shift Unassigned reminder cron launched
[2024-03-22T00:49:22.534] [INFO] ma-core - Shift Unassigned reminder cron launched
[2024-03-22T00:49:22.546] [INFO] ma-core - Shift Unassigned reminder cron launched
[2024-03-22T00:49:22.560] [INFO] ma-core - Shift Unassigned reminder cron launched
[2024-03-22T00:49:22.583] [INFO] ma-core - Shift Unassigned reminder cron launched
[2024-03-22T00:49:22.593] [INFO] ma-core - Shift Unassigned reminder cron launched
[2024-03-22T00:49:22.604] [INFO] ma-core - Shift Unassigned reminder cron launched
[2024-03-22T00:49:22.616] [INFO] ma-core - Shift Unassigned reminder cron launched
[2024-03-22T00:49:22.651] [INFO] ma-core - Shift Unassigned reminder cron launched
[2024-03-22T00:49:22.689] [INFO] ma-core - Shift Unassigned reminder cron launched
[2024-03-22T00:49:22.707] [INFO] ma-core - cron shift unassigned : startdate before now
[2024-03-22T00:49:22.728] [INFO] ma-core - Shift Unassigned reminder cron launched
[2024-03-22T00:49:22.747] [INFO] ma-core - Shift Unassigned reminder cron launched
[2024-03-22T00:49:22.770] [INFO] ma-core - Shift Unassigned reminder cron launched
[2024-03-22T00:49:22.802] [INFO] ma-core - Shift Unassigned reminder cron launched
[2024-03-22T00:49:22.823] [INFO] ma-core - Shift Unassigned reminder cron launched
[2024-03-22T00:49:22.845] [INFO] ma-core - Shift Unassigned reminder cron launched
[2024-03-22T00:49:22.881] [INFO] ma-core - Shift Unassigned reminder cron launched
[2024-03-22T00:49:22.897] [INFO] ma-core - Shift Unassigned reminder cron launched
[2024-03-22T00:49:22.922] [INFO] ma-core - Shift Unassigned reminder cron launched
[2024-03-22T00:49:22.928] [INFO] ma-core - Shift Unassigned reminder cron launched
[2024-03-22T00:49:22.939] [INFO] ma-core - Shift Unassigned reminder cron launched
[2024-03-22T00:49:22.949] [INFO] ma-core - Shift Unassigned reminder cron launched
[2024-03-22T00:49:22.963] [INFO] ma-core - Shift Unassigned reminder cron launched
[2024-03-22T00:49:22.973] [INFO] ma-core - Shift Unassigned reminder cron launched
[2024-03-22T00:49:22.992] [INFO] ma-core - Shift Unassigned reminder cron launched
[2024-03-22T00:49:22.999] [INFO] ma-core - Shift Unassigned reminder cron launched
[2024-03-22T00:49:23.006] [INFO] ma-core - Shift Unassigned reminder cron launched
[2024-03-22T00:49:23.014] [INFO] ma-core - Shift Unassigned reminder cron launched
[2024-03-22T00:49:23.028] [INFO] ma-core - Shift Unassigned reminder cron launched
[2024-03-22T00:49:23.042] [INFO] ma-core - Shift Unassigned reminder cron launched
[2024-03-22T00:49:23.051] [INFO] ma-core - Shift Unassigned reminder cron launched
[2024-03-22T00:49:23.062] [INFO] ma-core - Shift Unassigned reminder cron launched
[2024-03-22T00:49:23.079] [INFO] ma-core - Shift Unassigned reminder cron launched
[2024-03-22T00:49:23.090] [INFO] ma-core - Shift Unassigned reminder cron launched
[2024-03-22T00:49:23.097] [INFO] ma-core - Shift Unassigned reminder cron launched
[2024-03-22T00:49:23.107] [INFO] ma-core - Shift Unassigned reminder cron launched
[2024-03-22T00:49:23.117] [INFO] ma-core - Shift Unassigned reminder cron launched
[2024-03-22T00:49:23.127] [INFO] ma-core - Shift Unassigned reminder cron launched
[2024-03-22T00:49:23.135] [INFO] ma-core - Shift Unassigned reminder cron launched
[2024-03-22T00:49:23.142] [INFO] ma-core - Shift Unassigned reminder cron launched
[2024-03-22T00:49:23.149] [INFO] ma-core - Shift Unassigned reminder cron launched
[2024-03-22T00:49:23.155] [INFO] ma-core - Shift Unassigned reminder cron launched
[2024-03-22T00:49:23.161] [INFO] ma-core - Shift Unassigned reminder cron launched
[2024-03-22T00:49:23.167] [INFO] ma-core - Shift Unassigned reminder cron launched
[2024-03-22T00:49:23.173] [INFO] ma-core - Shift Unassigned reminder cron launched
[2024-03-22T00:49:23.175] [INFO] ma-core - cron shift unassigned : startdate before now
[2024-03-22T00:49:23.183] [INFO] ma-core - Shift Unassigned reminder cron launched
[2024-03-22T00:49:23.192] [INFO] ma-core - Shift Unassigned reminder cron launched
[2024-03-22T00:49:23.198] [INFO] ma-core - Shift Unassigned reminder cron launched
[2024-03-22T00:49:23.201] [INFO] ma-core - Shift Unassigned reminder cron launched
[2024-03-22T00:49:30.580] [INFO] ma-core - get All nomenclature success /api/nomenclature/ GET ::1
[2024-03-22T00:49:31.219] [INFO] ma-core - Get all shifts success /api/shift/ GET ::1
[2024-03-22T00:49:31.808] [INFO] ma-core - Get all shifts success /api/shift/ GET ::1
[2024-03-22T00:50:19.293] [INFO] ma-core - Get all shifts success /api/shift/getAllMembersByShifts GET ::1
[2024-03-22T00:50:33.982] [INFO] ma-core - get All nomenclature success /api/nomenclature/ GET ::1
[2024-03-22T00:50:34.080] [INFO] ma-core - Get all shifts success /api/shift/ GET ::1
[2024-03-22T00:50:39.034] [INFO] ma-core - get All nomenclature success /api/nomenclature/ GET ::1
[2024-03-22T00:50:39.602] [INFO] ma-core - Get all shifts success /api/shift/ GET ::1
[2024-03-22T00:50:42.057] [INFO] ma-core - Get all members success /api/shift/members GET ::1
[2024-03-22T00:52:13.335] [INFO] ma-core - get all Customer success /api/customer/ GET ::1
[2024-03-22T00:52:13.559] [INFO] ma-core - get all Customer success /api/customer/ GET ::1
[2024-03-22T00:52:18.203] [INFO] ma-core - get all Customer success /api/customer/ GET ::1
[2024-03-22T00:52:18.292] [INFO] ma-core - get all Customer success /api/customer/ GET ::1
[2024-03-22T00:52:19.903] [INFO] ma-core - get all Customer success /api/customer/ GET ::1
[2024-03-22T00:52:20.202] [INFO] ma-core - get all Customer success /api/customer/ GET ::1
[2024-03-22T00:52:28.896] [INFO] ma-core - Get all shifts success /api/shift/getAllMembersByShifts GET ::1
[2024-03-22T00:56:56.556] [INFO] ma-core - get all Customer success /api/customer/ GET ::1
[2024-03-22T00:56:56.927] [INFO] ma-core - get all Customer success /api/customer/ GET ::1
[2024-03-22T00:56:57.228] [INFO] ma-core - get all Customer success /api/customer/ GET ::1
[2024-03-22T00:56:57.502] [INFO] ma-core - get all Customer success /api/customer/ GET ::1
[2024-03-22T00:57:00.321] [INFO] ma-core - Get all shifts success /api/shift/getAllMembersByShifts GET ::1
[2024-03-22T00:59:29.302] [INFO] ma-core - Get all shifts success /api/shift/getAllMembersByShifts GET ::1
[2024-03-22T00:59:47.119] [INFO] ma-core - get all posts success /api/newsFeed/getAllPosts GET ::1
[2024-03-22T00:59:53.144] [INFO] ma-core - get all Customer success /api/customer/ GET ::1
[2024-03-22T00:59:53.347] [INFO] ma-core - get all Customer success /api/customer/ GET ::1
[2024-03-22T01:00:37.401] [INFO] ma-core - get All Task By filter success /api/task/getTasksByFilter GET ::1
[2024-03-22T01:01:52.265] [INFO] ma-core - add Many Task success /api/task/addMany POST ::1
[2024-03-22T01:01:52.268] [INFO] ma-core - Auto start Task cron launched
[2024-03-22T01:01:52.271] [INFO] ma-core - Auto start Task cron launched
[2024-03-22T01:01:52.273] [INFO] ma-core - Auto start Task cron launched
[2024-03-22T01:01:52.276] [INFO] ma-core - Auto start Task cron launched
[2024-03-22T01:01:52.280] [INFO] ma-core - Auto start Task cron launched
[2024-03-22T01:01:52.283] [INFO] ma-core - Auto start Task cron launched
[2024-03-22T01:01:52.288] [INFO] ma-core - Auto start Task cron launched
[2024-03-22T01:01:52.292] [INFO] ma-core - Auto start Task cron launched
[2024-03-22T01:01:52.294] [INFO] ma-core - Auto start Task cron launched
[2024-03-22T01:01:52.305] [INFO] ma-core - Auto start Task cron launched
[2024-03-22T01:01:52.316] [INFO] ma-core - Auto start Task cron launched
[2024-03-22T01:01:52.319] [INFO] ma-core - Auto start Task cron launched
[2024-03-22T01:01:53.110] [INFO] ma-core - get All Task By filter success /api/task/getTasksByFilter GET ::1
[2024-03-22T01:01:54.235] [INFO] ma-core - get All Task success /api/task/getFiltredTasks GET ::1
[2024-03-22T01:02:58.600] [INFO] ma-core - get all Customer success /api/customer/ GET ::1
[2024-03-22T01:03:00.207] [INFO] ma-core - get Customer success toBase64 error /api/customer/:id/ GET ::1
[2024-03-22T01:03:25.861] [INFO] ma-core - get all Customer success /api/customer/ GET ::1
[2024-03-22T01:03:26.050] [INFO] ma-core - get all Customer success /api/customer/ GET ::1
[2024-03-22T01:03:27.842] [INFO] ma-core - get all Customer success /api/customer/ GET ::1
[2024-03-22T01:03:28.136] [INFO] ma-core - get all Customer success /api/customer/ GET ::1
[2024-03-22T01:03:28.188] [INFO] ma-core - get All Task success /api/task/getFiltredTasks GET ::1
[2024-03-22T01:03:28.401] [INFO] ma-core - get All Task success /api/task/getFiltredTasks GET ::1
[2024-03-22T01:03:28.565] [INFO] ma-core - get All Task success /api/task/getFiltredTasks GET ::1
[2024-03-22T01:03:28.661] [INFO] ma-core - get All Task success /api/task/getFiltredTasks GET ::1
[2024-03-22T01:03:28.755] [INFO] ma-core - get All Task success /api/task/getFiltredTasks GET ::1
[2024-03-22T01:03:47.470] [INFO] ma-core - get all Customer success /api/customer/ GET ::1
[2024-03-22T01:03:47.512] [INFO] ma-core - get All Task By ID success /api/task/getTasksByUserId GET ::1
[2024-03-22T01:03:47.576] [INFO] ma-core - get all Customer success /api/customer/ GET ::1
[2024-03-22T01:03:47.626] [INFO] ma-core - get All Task By ID success /api/task/getTasksByUserId GET ::1
[2024-03-22T01:05:31.893] [INFO] ma-core - get Created Tasks success /api/task/getworkflowTasks GET ::1
[2024-03-22T01:06:23.250] [INFO] ma-core - get all Customer success /api/customer/ GET ::1
[2024-03-22T01:06:36.111] [INFO] ma-core - get Created Tasks success /api/task/getCreatedTasks GET ::1
[2024-03-22T01:06:43.713] [INFO] ma-core - Update Task Assignee success /api/task/updateAssignee PATCH ::1
[2024-03-22T01:06:44.053] [INFO] ma-core - get All Task success /api/task/getFiltredTasks GET ::1
[2024-03-22T01:06:44.148] [INFO] ma-core - get Created Tasks success /api/task/getCreatedTasks GET ::1
[2024-03-22T01:06:49.504] [INFO] ma-core - get all Customer success /api/customer/ GET ::1
[2024-03-22T01:06:51.158] [INFO] ma-core - get all Customer success /api/customer/ GET ::1
[2024-03-22T01:06:53.264] [INFO] ma-core - get Customer success toBase64 error /api/customer/:id/ GET ::1
[2024-03-22T01:07:41.996] [INFO] ma-core - get all Customer success /api/customer/ GET ::1
[2024-03-22T01:07:42.154] [INFO] ma-core - get All Task success /api/task/getFiltredTasks GET ::1
[2024-03-22T01:07:42.264] [INFO] ma-core - get all Customer success /api/customer/ GET ::1
[2024-03-22T01:07:42.413] [INFO] ma-core - get All Task success /api/task/getFiltredTasks GET ::1
[2024-03-22T01:07:42.555] [INFO] ma-core - get All Task success /api/task/getFiltredTasks GET ::1
[2024-03-22T01:07:42.619] [INFO] ma-core - get All Task success /api/task/getFiltredTasks GET ::1
[2024-03-22T01:07:42.686] [INFO] ma-core - get All Task success /api/task/getFiltredTasks GET ::1
[2024-03-22T01:08:12.668] [INFO] ma-core - get All Task By filter success /api/task/getTasksByFilter GET ::1
[2024-03-22T01:08:24.332] [INFO] ma-core - get all Customer success /api/customer/ GET ::1
[2024-03-22T01:08:25.668] [INFO] ma-core - get Customer success toBase64 error /api/customer/:id/ GET ::1
[2024-03-22T01:08:54.106] [INFO] ma-core - get all Customer success /api/customer/ GET ::1
[2024-03-22T01:08:54.225] [INFO] ma-core - get all Customer success /api/customer/ GET ::1
[2024-03-22T01:08:56.101] [INFO] ma-core - get all Customer success /api/customer/ GET ::1
[2024-03-22T01:08:56.394] [INFO] ma-core - get all Customer success /api/customer/ GET ::1
[2024-03-22T01:08:56.485] [INFO] ma-core - get All Task success /api/task/getFiltredTasks GET ::1
[2024-03-22T01:08:56.624] [INFO] ma-core - get All Task success /api/task/getFiltredTasks GET ::1
[2024-03-22T01:08:56.759] [INFO] ma-core - get All Task success /api/task/getFiltredTasks GET ::1
[2024-03-22T01:08:56.831] [INFO] ma-core - get All Task success /api/task/getFiltredTasks GET ::1
[2024-03-22T01:08:56.895] [INFO] ma-core - get All Task success /api/task/getFiltredTasks GET ::1
[2024-03-22T01:09:16.478] [INFO] ma-core - get All Task By filter success /api/task/getTasksByFilter GET ::1
[2024-03-22T01:09:51.880] [INFO] ma-core - add Many Task success /api/task/addMany POST ::1
[2024-03-22T01:09:51.885] [INFO] ma-core - Auto start Task cron launched
[2024-03-22T01:09:51.890] [INFO] ma-core - Auto start Task cron launched
[2024-03-22T01:09:53.020] [INFO] ma-core - get All Task By filter success /api/task/getTasksByFilter GET ::1
[2024-03-22T01:09:54.428] [INFO] ma-core - get All Task success /api/task/getFiltredTasks GET ::1
[2024-03-22T01:10:00.639] [INFO] ma-core - get All Task success /api/task/getFiltredTasks GET ::1
[2024-03-22T01:10:08.384] [INFO] ma-core - get all Customer success /api/customer/ GET ::1
[2024-03-22T01:10:08.472] [INFO] ma-core - get all Customer success /api/customer/ GET ::1
[2024-03-22T01:10:10.306] [INFO] ma-core - get all Customer success /api/customer/ GET ::1
[2024-03-22T01:10:10.785] [INFO] ma-core - get all Customer success /api/customer/ GET ::1
[2024-03-22T01:10:10.811] [INFO] ma-core - get All Task success /api/task/getFiltredTasks GET ::1
[2024-03-22T01:10:11.107] [INFO] ma-core - get All Task success /api/task/getFiltredTasks GET ::1
[2024-03-22T01:10:11.179] [INFO] ma-core - get All Task success /api/task/getFiltredTasks GET ::1
[2024-03-22T01:10:11.208] [INFO] ma-core - get All Task success /api/task/getFiltredTasks GET ::1
[2024-03-22T01:10:11.261] [INFO] ma-core - get All Task success /api/task/getFiltredTasks GET ::1
[2024-03-22T01:10:56.844] [INFO] ma-core - get all Customer success /api/customer/ GET ::1
[2024-03-22T01:10:56.970] [INFO] ma-core - get All Task success /api/task/getFiltredTasks GET ::1
[2024-03-22T01:10:57.095] [INFO] ma-core - get all Customer success /api/customer/ GET ::1
[2024-03-22T01:10:57.272] [INFO] ma-core - get All Task success /api/task/getFiltredTasks GET ::1
[2024-03-22T01:10:57.460] [INFO] ma-core - get All Task success /api/task/getFiltredTasks GET ::1
[2024-03-22T01:10:57.598] [INFO] ma-core - get All Task success /api/task/getFiltredTasks GET ::1
[2024-03-22T01:10:57.648] [INFO] ma-core - get All Task success /api/task/getFiltredTasks GET ::1
[2024-03-22T01:11:10.139] [INFO] ma-core - get all Customer success /api/customer/ GET ::1
[2024-03-22T01:11:10.196] [INFO] ma-core - get All Task success /api/task/getFiltredTasks GET ::1
[2024-03-22T01:11:10.277] [INFO] ma-core - get all Customer success /api/customer/ GET ::1
[2024-03-22T01:11:10.530] [INFO] ma-core - get All Task success /api/task/getFiltredTasks GET ::1
[2024-03-22T01:11:10.588] [INFO] ma-core - get all Customer success /api/customer/ GET ::1
[2024-03-22T01:11:10.719] [INFO] ma-core - get All Task success /api/task/getFiltredTasks GET ::1
[2024-03-22T01:11:10.758] [INFO] ma-core - get all Customer success /api/customer/ GET ::1
[2024-03-22T01:11:10.876] [INFO] ma-core - get All Task success /api/task/getFiltredTasks GET ::1
[2024-03-22T01:11:10.963] [INFO] ma-core - get All Task success /api/task/getFiltredTasks GET ::1
[2024-03-22T01:11:42.396] [INFO] ma-core - get all Customer success /api/customer/ GET ::1
[2024-03-22T01:11:42.412] [INFO] ma-core - get All Task By ID success /api/task/getTasksByUserId GET ::1
[2024-03-22T01:11:42.515] [INFO] ma-core - get all Customer success /api/customer/ GET ::1
[2024-03-22T01:11:42.561] [INFO] ma-core - get All Task By ID success /api/task/getTasksByUserId GET ::1
[2024-03-22T01:11:46.951] [INFO] ma-core - get Created Tasks success /api/task/getworkflowTasks GET ::1
[2024-03-22T01:12:33.219] [INFO] ma-core - Insert result success /api/result/ POST ::1
[2024-03-22T01:12:33.283] [INFO] ma-core - Auto cancel/Done Task cron launched
[2024-03-22T01:12:41.032] [INFO] ma-core - get all Customer success /api/customer/ GET ::1
[2024-03-22T01:12:41.101] [INFO] ma-core - get All Task By ID success /api/task/getTasksByUserId GET ::1
[2024-03-22T01:12:41.215] [INFO] ma-core - get all Customer success /api/customer/ GET ::1
[2024-03-22T01:12:41.273] [INFO] ma-core - get All Task By ID success /api/task/getTasksByUserId GET ::1
[2024-03-22T01:12:42.542] [INFO] ma-core - get Created Tasks success /api/task/getworkflowTasks GET ::1
[2024-03-22T01:13:16.489] [INFO] ma-core - get all Customer success /api/customer/ GET ::1
[2024-03-22T01:13:16.503] [INFO] ma-core - get All Task By ID success /api/task/getTasksByUserId GET ::1
[2024-03-22T01:13:16.577] [INFO] ma-core - get all Customer success /api/customer/ GET ::1
[2024-03-22T01:13:45.671] [INFO] ma-core - add Task success /api/task/addOne POST ::1
[2024-03-22T01:13:45.879] [INFO] ma-core - Auto cancel/Done Task cron launched
[2024-03-22T01:14:01.776] [INFO] ma-core - get all Customer success /api/customer/ GET ::1
[2024-03-22T01:14:01.906] [INFO] ma-core - get All Task success /api/task/getFiltredTasks GET ::1
[2024-03-22T01:14:01.974] [INFO] ma-core - get all Customer success /api/customer/ GET ::1
[2024-03-22T01:14:02.006] [INFO] ma-core - get All Task success /api/task/getFiltredTasks GET ::1
[2024-03-22T01:14:02.376] [INFO] ma-core - get all Customer success /api/customer/ GET ::1
[2024-03-22T01:14:02.401] [INFO] ma-core - get All Task success /api/task/getFiltredTasks GET ::1
[2024-03-22T01:14:02.655] [INFO] ma-core - get All Task success /api/task/getFiltredTasks GET ::1
[2024-03-22T01:14:02.681] [INFO] ma-core - get all Customer success /api/customer/ GET ::1
[2024-03-22T01:14:02.808] [INFO] ma-core - get All Task success /api/task/getFiltredTasks GET ::1
[2024-03-22T01:14:02.874] [INFO] ma-core - get All Task success /api/task/getFiltredTasks GET ::1
[2024-03-22T01:14:06.515] [INFO] ma-core - get All Task success /api/task/getFiltredTasks GET ::1
[2024-03-22T01:23:00.015] [INFO] ma-core - Auto start Task success
[2024-03-22T01:23:00.015] [INFO] ma-core - Task state change sent with socket!
[2024-03-22T01:23:00.040] [INFO] ma-core - Auto cancel/Done Task cron launched
[2024-03-22T01:23:51.107] [INFO] ma-core - get all Customer success /api/customer/ GET ::1
[2024-03-22T01:23:51.335] [INFO] ma-core - get all Customer success /api/customer/ GET ::1
[2024-03-22T01:23:52.885] [INFO] ma-core - get all Customer success /api/customer/ GET ::1
[2024-03-22T01:23:53.123] [INFO] ma-core - get all Customer success /api/customer/ GET ::1
[2024-03-22T01:23:53.149] [INFO] ma-core - get All Task success /api/task/getFiltredTasks GET ::1
[2024-03-22T01:23:53.167] [INFO] ma-core - get All Task success /api/task/getFiltredTasks GET ::1
[2024-03-22T01:23:53.284] [INFO] ma-core - get All Task success /api/task/getFiltredTasks GET ::1
[2024-03-22T01:23:53.617] [INFO] ma-core - get All Task success /api/task/getFiltredTasks GET ::1
[2024-03-22T01:23:53.670] [INFO] ma-core - get All Task success /api/task/getFiltredTasks GET ::1
[2024-03-22T01:23:53.725] [INFO] ma-core - get All Task success /api/task/getFiltredTasks GET ::1
[2024-03-22T01:24:03.106] [INFO] ma-core - get All Task By ID success /api/task/getTasksByUserId GET ::1
[2024-03-22T01:24:03.155] [INFO] ma-core - get all Customer success /api/customer/ GET ::1
[2024-03-22T01:24:03.269] [INFO] ma-core - get all Customer success /api/customer/ GET ::1
[2024-03-22T01:24:03.304] [INFO] ma-core - get All Task By ID success /api/task/getTasksByUserId GET ::1
[2024-03-22T01:24:10.837] [INFO] ma-core - get Created Tasks success /api/task/getworkflowTasks GET ::1
[2024-03-22T01:38:00.018] [INFO] ma-core - Auto start Task success
[2024-03-22T01:38:00.019] [INFO] ma-core - Task state change sent with socket!
[2024-03-22T01:38:00.035] [INFO] ma-core - Auto cancel/Done Task cron launched
[2024-03-22T01:58:51.782] [INFO] ma-core - get all Customer success /api/customer/ GET ::1
[2024-03-22T01:58:51.813] [INFO] ma-core - get All Task success /api/task/getFiltredTasks GET ::1
[2024-03-22T01:58:51.828] [INFO] ma-core - get All Task success /api/task/getFiltredTasks GET ::1
[2024-03-22T01:58:51.981] [INFO] ma-core - get all Customer success /api/customer/ GET ::1
[2024-03-22T01:58:52.049] [INFO] ma-core - get All Task success /api/task/getFiltredTasks GET ::1
[2024-03-22T01:58:52.211] [INFO] ma-core - get All Task success /api/task/getFiltredTasks GET ::1
[2024-03-22T01:58:52.279] [INFO] ma-core - get All Task success /api/task/getFiltredTasks GET ::1
[2024-03-22T01:58:52.347] [INFO] ma-core - get All Task success /api/task/getFiltredTasks GET ::1
[2024-03-22T01:59:00.027] [INFO] ma-core - Auto start Task success
[2024-03-22T01:59:00.028] [INFO] ma-core - Task state change sent with socket!
[2024-03-22T01:59:00.036] [INFO] ma-core - Auto start Task success
[2024-03-22T01:59:00.036] [INFO] ma-core - Task state change sent with socket!
[2024-03-22T01:59:00.038] [INFO] ma-core - Auto start Task success
[2024-03-22T01:59:00.038] [INFO] ma-core - Task state change sent with socket!
[2024-03-22T01:59:00.044] [INFO] ma-core - Auto start Task success
[2024-03-22T01:59:00.044] [INFO] ma-core - Task state change sent with socket!
[2024-03-22T01:59:00.049] [INFO] ma-core - Auto start Task success
[2024-03-22T01:59:00.049] [INFO] ma-core - Task state change sent with socket!
[2024-03-22T01:59:00.053] [INFO] ma-core - Auto start Task success
[2024-03-22T01:59:00.053] [INFO] ma-core - Task state change sent with socket!
[2024-03-22T01:59:00.077] [INFO] ma-core - Auto cancel/Done Task cron launched
[2024-03-22T01:59:00.080] [INFO] ma-core - Auto cancel/Done Task cron launched
[2024-03-22T01:59:00.084] [INFO] ma-core - Auto cancel/Done Task cron launched
[2024-03-22T01:59:00.087] [INFO] ma-core - Auto cancel/Done Task cron launched
[2024-03-22T01:59:00.094] [INFO] ma-core - Auto cancel/Done Task cron launched
[2024-03-22T01:59:00.096] [INFO] ma-core - Auto cancel/Done Task cron launched
[2024-03-22T02:29:00.012] [INFO] ma-core - Auto start Task success
[2024-03-22T02:29:00.012] [INFO] ma-core - Task state change sent with socket!
[2024-03-22T02:29:00.016] [INFO] ma-core - Auto start Task success
[2024-03-22T02:29:00.017] [INFO] ma-core - Task state change sent with socket!
[2024-03-22T02:29:00.028] [INFO] ma-core - Auto cancel/Done Task cron launched
[2024-03-22T02:29:00.031] [INFO] ma-core - Auto cancel/Done Task cron launched
[2024-03-22T02:59:00.024] [INFO] ma-core - Auto start Task success
[2024-03-22T02:59:00.024] [INFO] ma-core - Task state change sent with socket!
[2024-03-22T02:59:00.034] [INFO] ma-core - Auto start Task success
[2024-03-22T02:59:00.034] [INFO] ma-core - Task state change sent with socket!
[2024-03-22T02:59:00.042] [INFO] ma-core - Auto start Task success
[2024-03-22T02:59:00.042] [INFO] ma-core - Task state change sent with socket!
[2024-03-22T02:59:00.055] [INFO] ma-core - Auto cancel/Done Task cron launched
[2024-03-22T02:59:00.065] [INFO] ma-core - Auto cancel/Done Task cron launched
[2024-03-22T02:59:00.069] [INFO] ma-core - Auto cancel/Done Task cron launched
[2024-03-22T03:00:00.019] [INFO] ma-core - Running Sync Shift 2PM UTC
[2024-03-22T03:00:06.807] [INFO] ma-core - add new shifts success /api/shift/sync PATCH ::ffff:127.0.0.1
[2024-03-22T03:00:06.832] [INFO] ma-core - sync shift success /api/shift/sync PATCH ::ffff:127.0.0.1
[2024-03-22T03:00:06.998] [INFO] ma-core - {"message":"Shift sync success"}
[2024-03-22T03:00:07.245] [INFO] ma-core - Shift Unassigned reminder cron launched
[2024-03-22T03:00:07.254] [INFO] ma-core - Shift Unassigned reminder cron launched
[2024-03-22T03:00:07.255] [INFO] ma-core - Shift Unassigned reminder cron launched
[2024-03-22T03:00:07.257] [INFO] ma-core - Shift Unassigned reminder cron launched
[2024-03-22T03:00:07.261] [INFO] ma-core - Shift Unassigned reminder cron launched
[2024-03-22T03:00:07.264] [INFO] ma-core - Shift Unassigned reminder cron launched
[2024-03-22T03:00:07.265] [INFO] ma-core - Shift Unassigned reminder cron launched
[2024-03-22T03:00:07.267] [INFO] ma-core - Shift Unassigned reminder cron launched
[2024-03-22T03:00:07.268] [INFO] ma-core - Shift Unassigned reminder cron launched
[2024-03-22T03:00:07.270] [INFO] ma-core - Shift Unassigned reminder cron launched
[2024-03-22T03:00:07.272] [INFO] ma-core - Shift Unassigned reminder cron launched
[2024-03-22T03:00:07.274] [INFO] ma-core - Shift Unassigned reminder cron launched
[2024-03-22T03:00:07.277] [INFO] ma-core - Shift Unassigned reminder cron launched
[2024-03-22T03:00:07.279] [INFO] ma-core - Shift Unassigned reminder cron launched
[2024-03-22T03:00:07.280] [INFO] ma-core - Shift Unassigned reminder cron launched
[2024-03-22T03:00:07.282] [INFO] ma-core - Shift Unassigned reminder cron launched
[2024-03-22T03:00:07.287] [INFO] ma-core - Shift Unassigned reminder cron launched
[2024-03-22T03:00:07.289] [INFO] ma-core - Shift Unassigned reminder cron launched
[2024-03-22T03:00:07.290] [INFO] ma-core - Shift Unassigned reminder cron launched
[2024-03-22T03:00:07.293] [INFO] ma-core - Shift Unassigned reminder cron launched
[2024-03-22T03:00:07.296] [INFO] ma-core - Shift Unassigned reminder cron launched
[2024-03-22T03:00:07.298] [INFO] ma-core - Shift Unassigned reminder cron launched
[2024-03-22T03:00:07.300] [INFO] ma-core - Shift Unassigned reminder cron launched
[2024-03-22T03:00:07.301] [INFO] ma-core - Shift Unassigned reminder cron launched
[2024-03-22T03:00:07.303] [INFO] ma-core - Shift Unassigned reminder cron launched
[2024-03-22T03:00:07.306] [INFO] ma-core - Shift Unassigned reminder cron launched
[2024-03-22T03:00:07.307] [INFO] ma-core - Shift Unassigned reminder cron launched
[2024-03-22T03:00:07.311] [INFO] ma-core - Shift Unassigned reminder cron launched
[2024-03-22T03:00:07.315] [INFO] ma-core - Shift Unassigned reminder cron launched
[2024-03-22T03:00:07.317] [INFO] ma-core - Shift Unassigned reminder cron launched
[2024-03-22T03:00:07.320] [INFO] ma-core - Shift Unassigned reminder cron launched
[2024-03-22T03:00:07.324] [INFO] ma-core - Shift Unassigned reminder cron launched
[2024-03-22T03:00:07.327] [INFO] ma-core - Shift Unassigned reminder cron launched
[2024-03-22T03:00:07.332] [INFO] ma-core - Shift Unassigned reminder cron launched
[2024-03-22T03:00:07.334] [INFO] ma-core - Shift Unassigned reminder cron launched
[2024-03-22T03:00:07.336] [INFO] ma-core - cron shift unassigned : startdate before now
[2024-03-22T03:00:07.340] [INFO] ma-core - Shift Unassigned reminder cron launched
[2024-03-22T03:00:07.343] [INFO] ma-core - Shift Unassigned reminder cron launched
[2024-03-22T03:00:07.347] [INFO] ma-core - Shift Unassigned reminder cron launched
[2024-03-22T03:00:07.352] [INFO] ma-core - Shift Unassigned reminder cron launched
[2024-03-22T03:00:07.358] [INFO] ma-core - Shift Unassigned reminder cron launched
[2024-03-22T03:00:07.360] [INFO] ma-core - Shift Unassigned reminder cron launched
[2024-03-22T03:00:07.365] [INFO] ma-core - Shift Unassigned reminder cron launched
[2024-03-22T03:00:07.369] [INFO] ma-core - Shift Unassigned reminder cron launched
[2024-03-22T03:00:07.374] [INFO] ma-core - Shift Unassigned reminder cron launched
[2024-03-22T03:00:07.378] [INFO] ma-core - Shift Unassigned reminder cron launched
[2024-03-22T03:00:07.381] [INFO] ma-core - Shift Unassigned reminder cron launched
[2024-03-22T03:00:07.382] [INFO] ma-core - Shift Unassigned reminder cron launched
[2024-03-22T03:00:07.385] [INFO] ma-core - Shift Unassigned reminder cron launched
[2024-03-22T03:00:07.386] [INFO] ma-core - Shift Unassigned reminder cron launched
[2024-03-22T03:00:07.389] [INFO] ma-core - Shift Unassigned reminder cron launched
[2024-03-22T03:00:07.391] [INFO] ma-core - Shift Unassigned reminder cron launched
[2024-03-22T03:00:07.393] [INFO] ma-core - Shift Unassigned reminder cron launched
[2024-03-22T03:00:07.396] [INFO] ma-core - Shift Unassigned reminder cron launched
[2024-03-22T03:00:07.398] [INFO] ma-core - Shift Unassigned reminder cron launched
[2024-03-22T03:00:07.399] [INFO] ma-core - Shift Unassigned reminder cron launched
[2024-03-22T03:00:07.400] [INFO] ma-core - Shift Unassigned reminder cron launched
[2024-03-22T03:00:07.402] [INFO] ma-core - Shift Unassigned reminder cron launched
[2024-03-22T03:00:07.404] [INFO] ma-core - Shift Unassigned reminder cron launched
[2024-03-22T03:00:07.406] [INFO] ma-core - Shift Unassigned reminder cron launched
[2024-03-22T03:00:07.408] [INFO] ma-core - Shift Unassigned reminder cron launched
[2024-03-22T03:00:07.410] [INFO] ma-core - Shift Unassigned reminder cron launched
[2024-03-22T03:00:07.412] [INFO] ma-core - Shift Unassigned reminder cron launched
[2024-03-22T03:00:07.414] [INFO] ma-core - Shift Unassigned reminder cron launched
[2024-03-22T03:00:07.415] [INFO] ma-core - Shift Unassigned reminder cron launched
[2024-03-22T03:00:07.416] [INFO] ma-core - Shift Unassigned reminder cron launched
[2024-03-22T03:00:07.418] [INFO] ma-core - Shift Unassigned reminder cron launched
[2024-03-22T03:00:07.421] [INFO] ma-core - Shift Unassigned reminder cron launched
[2024-03-22T03:00:07.424] [INFO] ma-core - Shift Unassigned reminder cron launched
[2024-03-22T03:00:07.430] [INFO] ma-core - Shift Unassigned reminder cron launched
[2024-03-22T03:00:07.433] [INFO] ma-core - Shift Unassigned reminder cron launched
[2024-03-22T03:00:07.436] [INFO] ma-core - Shift Unassigned reminder cron launched
[2024-03-22T03:00:07.441] [INFO] ma-core - Shift Unassigned reminder cron launched
[2024-03-22T03:00:07.444] [INFO] ma-core - Shift Unassigned reminder cron launched
[2024-03-22T03:00:07.447] [INFO] ma-core - Shift Unassigned reminder cron launched
[2024-03-22T03:00:07.451] [INFO] ma-core - Shift Unassigned reminder cron launched
[2024-03-22T03:00:07.453] [INFO] ma-core - Shift Unassigned reminder cron launched
[2024-03-22T03:00:07.456] [INFO] ma-core - Shift Unassigned reminder cron launched
[2024-03-22T03:00:07.474] [INFO] ma-core - Shift Unassigned reminder cron launched
[2024-03-22T03:00:07.480] [INFO] ma-core - Shift Unassigned reminder cron launched
[2024-03-22T03:00:07.485] [INFO] ma-core - Shift Unassigned reminder cron launched
[2024-03-22T03:00:07.488] [INFO] ma-core - Shift Unassigned reminder cron launched
[2024-03-22T03:00:07.493] [INFO] ma-core - Shift Unassigned reminder cron launched
[2024-03-22T03:00:07.496] [INFO] ma-core - Shift Unassigned reminder cron launched
[2024-03-22T03:00:07.499] [INFO] ma-core - Shift Unassigned reminder cron launched
[2024-03-22T03:00:07.504] [INFO] ma-core - Shift Unassigned reminder cron launched
[2024-03-22T03:00:07.508] [INFO] ma-core - Shift Unassigned reminder cron launched
[2024-03-22T03:00:07.514] [INFO] ma-core - Shift Unassigned reminder cron launched
[2024-03-22T03:00:07.519] [INFO] ma-core - Shift Unassigned reminder cron launched
[2024-03-22T03:00:07.526] [INFO] ma-core - Shift Unassigned reminder cron launched
[2024-03-22T03:00:07.575] [INFO] ma-core - Shift Unassigned reminder cron launched
[2024-03-22T03:00:07.581] [INFO] ma-core - Shift Unassigned reminder cron launched
[2024-03-22T03:00:07.593] [INFO] ma-core - Shift Unassigned reminder cron launched
[2024-03-22T03:00:07.607] [INFO] ma-core - Shift Unassigned reminder cron launched
[2024-03-22T03:00:07.624] [INFO] ma-core - Shift Unassigned reminder cron launched
[2024-03-22T03:00:07.629] [INFO] ma-core - Shift Unassigned reminder cron launched
[2024-03-22T03:00:07.643] [INFO] ma-core - Shift Unassigned reminder cron launched
[2024-03-22T03:00:07.647] [INFO] ma-core - Shift Unassigned reminder cron launched
[2024-03-22T03:00:07.651] [INFO] ma-core - Shift Unassigned reminder cron launched
[2024-03-22T03:00:07.655] [INFO] ma-core - Shift Unassigned reminder cron launched
[2024-03-22T03:00:07.664] [INFO] ma-core - Shift Unassigned reminder cron launched
[2024-03-22T03:00:07.670] [INFO] ma-core - Shift Unassigned reminder cron launched
[2024-03-22T03:00:07.673] [INFO] ma-core - cron shift unassigned : startdate before now
[2024-03-22T03:00:07.691] [INFO] ma-core - Shift Unassigned reminder cron launched
[2024-03-22T03:00:07.697] [INFO] ma-core - Shift Unassigned reminder cron launched
[2024-03-22T03:00:07.706] [INFO] ma-core - Shift Unassigned reminder cron launched
[2024-03-22T03:00:07.713] [INFO] ma-core - Shift Unassigned reminder cron launched
[2024-03-22T03:00:07.720] [INFO] ma-core - Shift Unassigned reminder cron launched
[2024-03-22T03:00:07.733] [INFO] ma-core - Shift Unassigned reminder cron launched
[2024-03-22T03:00:07.739] [INFO] ma-core - Shift Unassigned reminder cron launched
[2024-03-22T03:00:07.745] [INFO] ma-core - Shift Unassigned reminder cron launched
[2024-03-22T03:00:07.747] [INFO] ma-core - Shift Unassigned reminder cron launched
[2024-03-22T03:00:07.750] [INFO] ma-core - Shift Unassigned reminder cron launched
[2024-03-22T03:00:07.754] [INFO] ma-core - Shift Unassigned reminder cron launched
[2024-03-22T03:00:07.760] [INFO] ma-core - Shift Unassigned reminder cron launched
[2024-03-22T03:00:07.768] [INFO] ma-core - Shift Unassigned reminder cron launched
[2024-03-22T03:00:07.774] [INFO] ma-core - Shift Unassigned reminder cron launched
[2024-03-22T03:00:07.780] [INFO] ma-core - Shift Unassigned reminder cron launched
[2024-03-22T03:00:07.787] [INFO] ma-core - Shift Unassigned reminder cron launched
[2024-03-22T03:00:07.793] [INFO] ma-core - Shift Unassigned reminder cron launched
[2024-03-22T03:00:07.804] [INFO] ma-core - Shift Unassigned reminder cron launched
[2024-03-22T03:00:07.806] [INFO] ma-core - Shift Unassigned reminder cron launched
[2024-03-22T03:00:07.809] [INFO] ma-core - Shift Unassigned reminder cron launched
[2024-03-22T03:00:07.814] [INFO] ma-core - Shift Unassigned reminder cron launched
[2024-03-22T03:00:07.818] [INFO] ma-core - Shift Unassigned reminder cron launched
[2024-03-22T03:00:07.824] [INFO] ma-core - Shift Unassigned reminder cron launched
[2024-03-22T03:00:07.830] [INFO] ma-core - Shift Unassigned reminder cron launched
[2024-03-22T03:00:07.836] [INFO] ma-core - Shift Unassigned reminder cron launched
[2024-03-22T03:00:07.844] [INFO] ma-core - Shift Unassigned reminder cron launched
[2024-03-22T03:00:07.860] [INFO] ma-core - Shift Unassigned reminder cron launched
[2024-03-22T03:00:07.870] [INFO] ma-core - Shift Unassigned reminder cron launched
[2024-03-22T03:00:07.874] [INFO] ma-core - Shift Unassigned reminder cron launched
[2024-03-22T03:00:07.878] [INFO] ma-core - Shift Unassigned reminder cron launched
[2024-03-22T03:00:07.889] [INFO] ma-core - Shift Unassigned reminder cron launched
[2024-03-22T03:00:07.894] [INFO] ma-core - Shift Unassigned reminder cron launched
[2024-03-22T03:00:07.897] [INFO] ma-core - Shift Unassigned reminder cron launched
[2024-03-22T03:00:07.899] [INFO] ma-core - Shift Unassigned reminder cron launched
[2024-03-22T03:00:07.901] [INFO] ma-core - Shift Unassigned reminder cron launched
[2024-03-22T03:00:07.902] [INFO] ma-core - Shift Unassigned reminder cron launched
[2024-03-22T03:00:07.905] [INFO] ma-core - Shift Unassigned reminder cron launched
[2024-03-22T03:00:07.906] [INFO] ma-core - cron shift unassigned : startdate before now
[2024-03-22T03:00:07.910] [INFO] ma-core - Shift Unassigned reminder cron launched
[2024-03-22T03:00:07.913] [INFO] ma-core - Shift Unassigned reminder cron launched
[2024-03-22T03:00:07.916] [INFO] ma-core - Shift Unassigned reminder cron launched
[2024-03-22T03:00:07.920] [INFO] ma-core - Shift Unassigned reminder cron launched
[2024-03-22T03:00:07.924] [INFO] ma-core - Shift Unassigned reminder cron launched
[2024-03-22T03:00:07.930] [INFO] ma-core - Shift Unassigned reminder cron launched
[2024-03-22T03:00:07.935] [INFO] ma-core - Shift Unassigned reminder cron launched
[2024-03-22T03:00:07.938] [INFO] ma-core - Shift Unassigned reminder cron launched
[2024-03-22T03:00:07.939] [INFO] ma-core - Shift Unassigned reminder cron launched
[2024-03-22T03:00:07.943] [INFO] ma-core - Shift Unassigned reminder cron launched
[2024-03-22T03:00:07.946] [INFO] ma-core - Shift Unassigned reminder cron launched
[2024-03-22T03:00:07.950] [INFO] ma-core - Shift Unassigned reminder cron launched
[2024-03-22T03:00:07.957] [INFO] ma-core - Shift Unassigned reminder cron launched
[2024-03-22T03:00:07.962] [INFO] ma-core - Shift Unassigned reminder cron launched
[2024-03-22T03:00:07.969] [INFO] ma-core - Shift Unassigned reminder cron launched
[2024-03-22T03:23:00.023] [INFO] ma-core - Auto Canceled the Task
[2024-03-22T03:23:00.023] [INFO] ma-core - Task state change sent with socket!
[2024-03-22T03:38:00.020] [INFO] ma-core - Auto Canceled the Task
[2024-03-22T03:38:00.020] [INFO] ma-core - Task state change sent with socket!
[2024-03-22T03:38:00.022] [INFO] ma-core - Auto Canceled the Task
[2024-03-22T03:38:00.022] [INFO] ma-core - Task state change sent with socket!
[2024-03-22T03:42:32.206] [INFO] ma-core - get all posts success /api/newsFeed/getAllPosts GET ::1
[2024-03-22T03:42:32.664] [INFO] ma-core - get all posts success /api/newsFeed/getAllPosts GET ::1
[2024-03-22T03:44:34.099] [INFO] ma-core - Get all shifts success /api/shift/getAllMembersByShifts GET ::1
[2024-03-22T03:44:50.813] [INFO] ma-core - get all posts success /api/newsFeed/getAllPosts GET ::1
[2024-03-22T03:44:51.072] [INFO] ma-core - get all posts success /api/newsFeed/getAllPosts GET ::1
[2024-03-22T03:45:40.989] [INFO] ma-core - get all Customer success /api/customer/ GET ::1
[2024-03-22T03:45:45.379] [INFO] ma-core - get all posts success /api/newsFeed/getAllPosts GET ::1
[2024-03-22T03:46:26.896] [INFO] ma-core - get all posts success /api/newsFeed/getAllPosts GET ::1
[2024-03-22T03:46:27.205] [INFO] ma-core - get all posts success /api/newsFeed/getAllPosts GET ::1
[2024-03-22T03:46:28.198] [INFO] ma-core - get all Customer success /api/customer/ GET ::1
[2024-03-22T03:47:43.154] [INFO] ma-core - get All Role success /api/role/ GET ::1
[2024-03-22T03:49:26.296] [INFO] ma-core - Get all shifts success /api/shift/getAllMembersByShifts GET ::1
[2024-03-22T03:49:41.827] [INFO] ma-core - get all Customer success /api/customer/ GET ::1
[2024-03-22T03:49:41.889] [INFO] ma-core - get all Customer success /api/customer/ GET ::1
[2024-03-22T03:49:46.181] [INFO] ma-core - get all Customer success /api/customer/ GET ::1
[2024-03-22T03:49:46.336] [INFO] ma-core - get all Customer success /api/customer/ GET ::1
[2024-03-22T03:50:20.718] [INFO] ma-core - get all Customer success /api/customer/ GET ::1
[2024-03-22T03:50:22.215] [INFO] ma-core - get all posts success /api/newsFeed/getAllPosts GET ::1
[2024-03-22T03:50:35.168] [INFO] ma-core - get all Customer success /api/customer/ GET ::1
[2024-03-22T03:50:35.231] [INFO] ma-core - get all Customer success /api/customer/ GET ::1
[2024-03-22T03:51:24.281] [INFO] ma-core - get All Module success /api/module/getAll GET ::1
[2024-03-22T03:51:56.311] [INFO] ma-core - get All Basic Module success /api/module/getAllBasic GET ::1
[2024-03-22T03:51:58.775] [INFO] ma-core - get All Basic Module success /api/module/getAllBasic GET ::1
[2024-03-22T03:52:01.596] [INFO] ma-core - get All Basic Module success /api/module/getAllBasic GET ::1
[2024-03-22T03:52:10.063] [INFO] ma-core - get All Basic Module success /api/module/getAllBasic GET ::1
[2024-03-22T03:53:15.528] [INFO] ma-core - get all result form success /api/resultForm/getAllResultForm GET ::1
[2024-03-22T03:53:15.547] [INFO] ma-core - get Monitoring Activities Without Result Form success /api/resultForm/getMonitoringActivitiesWithoutResultForm GET ::1
[2024-03-22T03:53:16.984] [INFO] ma-core - get All Module success /api/module/getAll GET ::1
[2024-03-22T03:55:02.744] [INFO] ma-core - get all result form success /api/resultForm/getAllResultForm GET ::1
[2024-03-22T03:55:02.764] [INFO] ma-core - get Monitoring Activities Without Result Form success /api/resultForm/getMonitoringActivitiesWithoutResultForm GET ::1
[2024-03-22T03:55:35.916] [INFO] ma-core - get by id Result Form /api/resultForm/getResultFormById/:id GET ::1
[2024-03-22T03:55:44.180] [INFO] ma-core - get by id Result Form /api/resultForm/getResultFormById/:id GET ::1
[2024-03-22T03:55:47.332] [INFO] ma-core - get by id Result Form /api/resultForm/getResultFormById/:id GET ::1
[2024-03-22T03:55:53.535] [INFO] ma-core - get by id Result Form /api/resultForm/getResultFormById/:id GET ::1
[2024-03-22T03:56:47.415] [INFO] ma-core - get all result form success /api/resultForm/getAllResultForm GET ::1
[2024-03-22T03:56:47.503] [INFO] ma-core - get Monitoring Activities Without Result Form success /api/resultForm/getMonitoringActivitiesWithoutResultForm GET ::1
[2024-03-22T03:56:48.297] [INFO] ma-core - get Monitoring Activities Without Result Form success /api/resultForm/getMonitoringActivitiesWithoutResultForm GET ::1
[2024-03-22T03:56:48.303] [INFO] ma-core - get all result form success /api/resultForm/getAllResultForm GET ::1
[2024-03-22T03:56:49.469] [INFO] ma-core - get Monitoring Activities Without Result Form success /api/resultForm/getMonitoringActivitiesWithoutResultForm GET ::1
[2024-03-22T03:56:49.477] [INFO] ma-core - get all result form success /api/resultForm/getAllResultForm GET ::1
[2024-03-22T03:56:52.736] [INFO] ma-core - get by id Result Form /api/resultForm/getResultFormById/:id GET ::1
[2024-03-22T03:59:00.051] [INFO] ma-core - Auto Canceled the Task
[2024-03-22T03:59:00.051] [INFO] ma-core - Task state change sent with socket!
[2024-03-22T03:59:00.054] [INFO] ma-core - Auto Canceled the Task
[2024-03-22T03:59:00.054] [INFO] ma-core - Task state change sent with socket!
[2024-03-22T03:59:00.054] [INFO] ma-core - Auto Canceled the Task
[2024-03-22T03:59:00.055] [INFO] ma-core - Task state change sent with socket!
[2024-03-22T03:59:00.055] [INFO] ma-core - Auto Canceled the Task
[2024-03-22T03:59:00.055] [INFO] ma-core - Task state change sent with socket!
[2024-03-22T03:59:00.059] [INFO] ma-core - Auto Canceled the Task
[2024-03-22T03:59:00.059] [INFO] ma-core - Task state change sent with socket!
[2024-03-22T03:59:00.061] [INFO] ma-core - Auto Canceled the Task
[2024-03-22T03:59:00.061] [INFO] ma-core - Task state change sent with socket!
[2024-03-22T04:00:06.016] [INFO] ma-core - delete Result Form success /api/resultForm/deleteResultForm/:id PATCH ::1
[2024-03-22T04:00:06.128] [INFO] ma-core - get all result form success /api/resultForm/getAllResultForm GET ::1
[2024-03-22T04:00:06.156] [INFO] ma-core - get Monitoring Activities Without Result Form success /api/resultForm/getMonitoringActivitiesWithoutResultForm GET ::1
[2024-03-22T04:01:55.079] [INFO] ma-core - get all Customer success /api/customer/ GET ::1
[2024-03-22T04:01:57.131] [INFO] ma-core - get Customer success toBase64 error /api/customer/:id/ GET ::1
[2024-03-22T04:05:36.920] [INFO] ma-core - Get all shifts success /api/shift/getAllMembersByShifts GET ::1
[2024-03-22T04:09:15.676] [INFO] ma-core - get Customer success toBase64 error /api/customer/:id/ GET ::1
[2024-03-22T04:09:31.441] [INFO] ma-core - get all Customer success /api/customer/ GET ::1
[2024-03-22T04:09:31.501] [INFO] ma-core - get all Customer success /api/customer/ GET ::1
[2024-03-22T04:11:01.912] [INFO] ma-core - get all Customer success /api/customer/ GET ::1
[2024-03-22T04:11:02.929] [INFO] ma-core - get Customer success toBase64 error /api/customer/:id/ GET ::1
[2024-03-22T04:12:03.402] [INFO] ma-core - get all posts success /api/newsFeed/getAllPosts GET ::1
[2024-03-22T04:12:19.402] [INFO] ma-core - Get all shifts success /api/shift/getAllMembersByShifts GET ::1
[2024-03-22T04:13:00.007] [INFO] ma-core - Auto Canceled the Task
[2024-03-22T04:13:00.008] [INFO] ma-core - Task state change sent with socket!
[2024-03-22T04:13:23.988] [INFO] ma-core - delete posts success /api/newsFeed/deletePost/:id PATCH ::1
[2024-03-22T04:13:24.133] [INFO] ma-core - get all posts success /api/newsFeed/getAllPosts GET ::1
[2024-03-22T04:13:29.454] [INFO] ma-core - delete posts success /api/newsFeed/deletePost/:id PATCH ::1
[2024-03-22T04:13:29.736] [INFO] ma-core - get all posts success /api/newsFeed/getAllPosts GET ::1
[2024-03-22T04:13:47.553] [INFO] ma-core - get all Customer success /api/customer/ GET ::1
[2024-03-22T04:13:48.716] [INFO] ma-core - get Customer success toBase64 error /api/customer/:id/ GET ::1
[2024-03-22T04:15:38.743] [INFO] ma-core - get all Customer success /api/customer/ GET ::1
[2024-03-22T04:15:38.823] [INFO] ma-core - get all Customer success /api/customer/ GET ::1
[2024-03-22T04:15:42.831] [INFO] ma-core - get All Role success /api/role/ GET ::1
[2024-03-22T04:16:43.835] [INFO] ma-core - get All nomenclature success /api/nomenclature/ GET ::1
[2024-03-22T04:16:44.350] [INFO] ma-core - Get all shifts success /api/shift/ GET ::1
[2024-03-22T04:16:44.709] [INFO] ma-core - Get all shifts success /api/shift/ GET ::1
[2024-03-22T04:20:26.848] [INFO] ma-core - Get all shifts success /api/shift/getAllMembersByShifts GET ::1
[2024-03-22T04:21:35.898] [INFO] ma-core - get all Customer success /api/customer/ GET ::1
[2024-03-22T04:21:36.757] [INFO] ma-core - get all posts success /api/newsFeed/getAllPosts GET ::1
[2024-03-22T04:23:29.588] [INFO] ma-core - get all posts success /api/newsFeed/getAllPosts GET ::1
[2024-03-22T04:24:11.291] [INFO] ma-core - get all posts success /api/newsFeed/getAllPosts GET ::1
[2024-03-22T04:24:11.445] [INFO] ma-core - get all posts success /api/newsFeed/getAllPosts GET ::1
[2024-03-22T04:24:32.221] [INFO] ma-core - get all posts success /api/newsFeed/getAllPosts GET ::1
[2024-03-22T04:24:32.339] [INFO] ma-core - get all posts success /api/newsFeed/getAllPosts GET ::1
[2024-03-22T04:24:59.353] [INFO] ma-core - get All Role success /api/role/ GET ::1
[2024-03-22T04:25:26.862] [INFO] ma-core - get all posts success /api/newsFeed/getAllPosts GET ::1
[2024-03-22T04:25:26.979] [INFO] ma-core - get all posts success /api/newsFeed/getAllPosts GET ::1
[2024-03-22T04:25:36.046] [INFO] ma-core - get All Role success /api/role/ GET ::1
[2024-03-22T04:25:40.355] [INFO] ma-core - update user : add new role success :  /api/user/update/:id PATCH
[2024-03-22T04:25:47.281] [INFO] ma-core - get all posts success /api/newsFeed/getAllPosts GET ::1
[2024-03-22T04:25:47.493] [INFO] ma-core - get all posts success /api/newsFeed/getAllPosts GET ::1
[2024-03-22T04:25:58.871] [INFO] ma-core - get All Role success /api/role/ GET ::1
[2024-03-22T04:26:03.920] [INFO] ma-core - update user : update old shift endDate success /api/user/update/:id PATCH
[2024-03-22T04:26:18.837] [INFO] ma-core - get All Role success /api/role/ GET ::1
[2024-03-22T04:26:26.434] [INFO] ma-core - get All Module success /api/module/getAll GET ::1
[2024-03-22T04:26:26.467] [INFO] ma-core - get by id Role success /api/role/:id/ GET ::1
[2024-03-22T04:26:42.915] [INFO] ma-core - get All Module success /api/module/getAll GET ::1
[2024-03-22T04:27:18.418] [INFO] ma-core - add Role success /api/role/ POST ::1
[2024-03-22T04:27:18.531] [INFO] ma-core - get All Role success /api/role/ GET ::1
[2024-03-22T04:27:21.106] [INFO] ma-core - get All Role success /api/role/ GET ::1
[2024-03-22T04:27:24.272] [INFO] ma-core - get All Module success /api/module/getAll GET ::1
[2024-03-22T04:27:24.296] [INFO] ma-core - get by id Role success /api/role/:id/ GET ::1
[2024-03-22T04:27:34.355] [INFO] ma-core - get all Customer success /api/customer/ GET ::1
[2024-03-22T04:27:39.579] [INFO] ma-core - get All Role success /api/role/ GET ::1
[2024-03-22T04:27:50.527] [INFO] ma-core - get All Role success /api/role/ GET ::1
[2024-03-22T04:29:00.013] [INFO] ma-core - Auto Canceled the Task
[2024-03-22T04:29:00.013] [INFO] ma-core - Task state change sent with socket!
[2024-03-22T04:29:00.014] [INFO] ma-core - Auto Canceled the Task
[2024-03-22T04:29:00.014] [INFO] ma-core - Task state change sent with socket!
[2024-03-22T04:30:00.350] [INFO] ma-core - get All Module success /api/module/getAll GET ::1
[2024-03-22T04:30:15.419] [INFO] ma-core - get all result form success /api/resultForm/getAllResultForm GET ::1
[2024-03-22T04:30:15.437] [INFO] ma-core - get Monitoring Activities Without Result Form success /api/resultForm/getMonitoringActivitiesWithoutResultForm GET ::1
[2024-03-22T04:30:25.103] [INFO] ma-core - get by id Result Form /api/resultForm/getResultFormById/:id GET ::1
[2024-03-22T04:32:55.375] [INFO] ma-core - add result form success /api/resultForm/addFormSchema POST ::1
[2024-03-22T04:32:55.546] [INFO] ma-core - get all result form success /api/resultForm/getAllResultForm GET ::1
[2024-03-22T04:32:55.568] [INFO] ma-core - get Monitoring Activities Without Result Form success /api/resultForm/getMonitoringActivitiesWithoutResultForm GET ::1
[2024-03-22T04:32:59.101] [INFO] ma-core - get Monitoring Activities Without Result Form success /api/resultForm/getMonitoringActivitiesWithoutResultForm GET ::1
[2024-03-22T04:32:59.115] [INFO] ma-core - get all result form success /api/resultForm/getAllResultForm GET ::1
[2024-03-22T04:32:59.311] [INFO] ma-core - get Monitoring Activities Without Result Form success /api/resultForm/getMonitoringActivitiesWithoutResultForm GET ::1
[2024-03-22T04:32:59.320] [INFO] ma-core - get all result form success /api/resultForm/getAllResultForm GET ::1
[2024-03-22T04:33:00.235] [INFO] ma-core - get all result form success /api/resultForm/getAllResultForm GET ::1
[2024-03-22T04:33:00.257] [INFO] ma-core - get Monitoring Activities Without Result Form success /api/resultForm/getMonitoringActivitiesWithoutResultForm GET ::1
[2024-03-22T04:33:12.934] [INFO] ma-core - get all Customer success /api/customer/ GET ::1
[2024-03-22T04:33:14.589] [INFO] ma-core - get Customer success toBase64 error /api/customer/:id/ GET ::1
[2024-03-22T04:35:58.745] [INFO] ma-core - add Client success /api/client/ POST ::1
[2024-03-22T04:36:45.040] [INFO] ma-core - get All nomenclature success /api/nomenclature/ GET ::1
[2024-03-22T04:36:45.304] [INFO] ma-core - Get all shifts success /api/shift/ GET ::1
[2024-03-22T04:36:45.750] [INFO] ma-core - Get all shifts success /api/shift/ GET ::1
[2024-03-22T04:36:55.397] [INFO] ma-core - get All nomenclature success /api/nomenclature/ GET ::1
[2024-03-22T04:36:55.688] [INFO] ma-core - Get all shifts success /api/shift/ GET ::1
[2024-03-22T04:36:55.997] [INFO] ma-core - Get all shifts success /api/shift/ GET ::1
[2024-03-22T04:37:02.201] [INFO] ma-core - get All nomenclature success /api/nomenclature/ GET ::1
[2024-03-22T04:37:02.250] [INFO] ma-core - Get all shifts success /api/shift/ GET ::1
[2024-03-22T04:37:21.827] [INFO] ma-core - get All nomenclature success /api/nomenclature/ GET ::1
[2024-03-22T04:37:22.059] [INFO] ma-core - Get all shifts success /api/shift/ GET ::1
[2024-03-22T04:37:26.792] [INFO] ma-core - get All nomenclature success /api/nomenclature/ GET ::1
[2024-03-22T04:37:26.821] [INFO] ma-core - Get all shifts success /api/shift/ GET ::1
[2024-03-22T04:37:28.275] [INFO] ma-core - get All nomenclature success /api/nomenclature/ GET ::1
[2024-03-22T04:37:28.492] [INFO] ma-core - Get all shifts success /api/shift/ GET ::1
[2024-03-22T04:37:39.199] [INFO] ma-core - Get all shifts success /api/shift/ GET ::1
[2024-03-22T04:37:42.545] [INFO] ma-core - Get all shifts success /api/shift/ GET ::1
[2024-03-22T04:37:46.306] [INFO] ma-core - Get all shifts success /api/shift/ GET ::1
[2024-03-22T04:37:54.124] [INFO] ma-core - Get all shifts success /api/shift/getAllMembersByShifts GET ::1
[2024-03-22T04:38:12.250] [INFO] ma-core - get all Customer success /api/customer/ GET ::1
[2024-03-22T04:38:12.258] [INFO] ma-core - get All Task success /api/task/getFiltredTasks GET ::1
[2024-03-22T04:38:12.309] [INFO] ma-core - get all Customer success /api/customer/ GET ::1
[2024-03-22T04:38:12.371] [INFO] ma-core - get All Task success /api/task/getFiltredTasks GET ::1
[2024-03-22T04:38:12.425] [INFO] ma-core - get All Task success /api/task/getFiltredTasks GET ::1
[2024-03-22T04:38:12.488] [INFO] ma-core - get All Task success /api/task/getFiltredTasks GET ::1
[2024-03-22T04:38:12.514] [INFO] ma-core - get All Task success /api/task/getFiltredTasks GET ::1
[2024-03-22T04:38:38.379] [INFO] ma-core - get All Task By filter success /api/task/getTasksByFilter GET ::1
[2024-03-22T04:39:27.752] [INFO] ma-core - add Many Task success /api/task/addMany POST ::1
[2024-03-22T04:39:27.757] [INFO] ma-core - Auto start Task cron launched
[2024-03-22T04:39:27.759] [INFO] ma-core - Auto start Task cron launched
[2024-03-22T04:39:27.760] [INFO] ma-core - Auto start Task cron launched
[2024-03-22T04:39:27.762] [INFO] ma-core - Auto start Task cron launched
[2024-03-22T04:39:27.767] [INFO] ma-core - Auto cancel/Done Task cron launched
[2024-03-22T04:39:28.083] [INFO] ma-core - get All Task By filter success /api/task/getTasksByFilter GET ::1
[2024-03-22T04:39:28.563] [INFO] ma-core - get All Task success /api/task/getFiltredTasks GET ::1
[2024-03-22T04:39:38.647] [INFO] ma-core - get All Task success /api/task/getFiltredTasks GET ::1
[2024-03-22T04:39:45.672] [INFO] ma-core - get All Task success /api/task/getFiltredTasks GET ::1
[2024-03-22T04:39:46.555] [INFO] ma-core - get All Task success /api/task/getFiltredTasks GET ::1
[2024-03-22T04:39:47.591] [INFO] ma-core - get All Task success /api/task/getFiltredTasks GET ::1
[2024-03-22T04:39:48.478] [INFO] ma-core - get All Task success /api/task/getFiltredTasks GET ::1
[2024-03-22T04:40:01.163] [INFO] ma-core - get all Customer success /api/customer/ GET ::1
[2024-03-22T04:40:10.192] [INFO] ma-core - get Created Tasks success /api/task/getCreatedTasks GET ::1
[2024-03-22T04:40:28.387] [INFO] ma-core - Update Task Assignee success /api/task/updateAssignee PATCH ::1
[2024-03-22T04:40:28.434] [INFO] ma-core - get All Task success /api/task/getFiltredTasks GET ::1
[2024-03-22T04:40:28.454] [INFO] ma-core - get Created Tasks success /api/task/getCreatedTasks GET ::1
[2024-03-22T04:40:31.925] [INFO] ma-core - get all Customer success /api/customer/ GET ::1
[2024-03-22T04:40:35.523] [INFO] ma-core - get All Task success /api/task/getFiltredTasks GET ::1
[2024-03-22T04:40:35.957] [INFO] ma-core - get All Task success /api/task/getFiltredTasks GET ::1
[2024-03-22T04:41:14.062] [INFO] ma-core - add Task success /api/task/addOne POST ::1
[2024-03-22T04:41:14.099] [INFO] ma-core - get All Task success /api/task/getFiltredTasks GET ::1
[2024-03-22T04:41:14.162] [INFO] ma-core - Auto cancel/Done Task cron launched
[2024-03-22T04:41:21.222] [INFO] ma-core - get All Task success /api/task/getFiltredTasks GET ::1
[2024-03-22T04:41:21.567] [INFO] ma-core - get All Task success /api/task/getFiltredTasks GET ::1
[2024-03-22T04:41:39.213] [INFO] ma-core - get all posts success /api/newsFeed/getAllPosts GET ::1
[2024-03-22T04:41:39.369] [INFO] ma-core - get all posts success /api/newsFeed/getAllPosts GET ::1
[2024-03-22T04:41:42.375] [INFO] ma-core - get All Task By ID success /api/task/getTasksByUserId GET ::1
[2024-03-22T04:41:42.403] [INFO] ma-core - get all Customer success /api/customer/ GET ::1
[2024-03-22T04:41:42.447] [INFO] ma-core - get All Task By ID success /api/task/getTasksByUserId GET ::1
[2024-03-22T04:41:42.480] [INFO] ma-core - get all Customer success /api/customer/ GET ::1
[2024-03-22T04:41:45.428] [INFO] ma-core - get All Task By ID success /api/task/getTasksByUserId GET ::1
[2024-03-22T04:41:52.251] [INFO] ma-core - get Created Tasks success /api/task/getworkflowTasks GET ::1
[2024-03-22T04:42:30.847] [INFO] ma-core - Insert result success /api/result/ POST ::1
[2024-03-22T04:42:30.870] [INFO] ma-core - Auto cancel/Done Task cron launched
[2024-03-22T04:42:44.142] [INFO] ma-core - Insert result success /api/result/ POST ::1
[2024-03-22T04:42:44.160] [INFO] ma-core - Auto cancel/Done Task cron launched
[2024-03-22T04:42:48.240] [INFO] ma-core - get all Customer success /api/customer/ GET ::1
[2024-03-22T04:42:48.259] [INFO] ma-core - get All Task By ID success /api/task/getTasksByUserId GET ::1
[2024-03-22T04:42:48.305] [INFO] ma-core - get all Customer success /api/customer/ GET ::1
[2024-03-22T04:42:48.338] [INFO] ma-core - get All Task By ID success /api/task/getTasksByUserId GET ::1
[2024-03-22T04:42:49.387] [INFO] ma-core - get Created Tasks success /api/task/getworkflowTasks GET ::1
[2024-03-22T04:42:57.628] [INFO] ma-core - Closed the Task /api/task/closeTask/:id PUT ::1
[2024-03-22T04:42:59.902] [INFO] ma-core - get all Customer success /api/customer/ GET ::1
[2024-03-22T04:42:59.913] [INFO] ma-core - get All Task By ID success /api/task/getTasksByUserId GET ::1
[2024-03-22T04:42:59.948] [INFO] ma-core - get all Customer success /api/customer/ GET ::1
[2024-03-22T04:43:03.453] [INFO] ma-core - get All Task By ID success /api/task/getTasksByUserId GET ::1
[2024-03-22T04:43:07.924] [INFO] ma-core - get Created Tasks success /api/task/getworkflowTasks GET ::1
[2024-03-22T04:43:10.174] [INFO] ma-core - Closed the Task /api/task/closeTask/:id PUT ::1
[2024-03-22T04:43:12.052] [INFO] ma-core - get all Customer success /api/customer/ GET ::1
[2024-03-22T04:43:12.060] [INFO] ma-core - get All Task By ID success /api/task/getTasksByUserId GET ::1
[2024-03-22T04:43:12.087] [INFO] ma-core - get all Customer success /api/customer/ GET ::1
[2024-03-22T04:43:14.014] [INFO] ma-core - get All Task By ID success /api/task/getTasksByUserId GET ::1
[2024-03-22T04:43:14.659] [INFO] ma-core - get All Task By ID success /api/task/getTasksByUserId GET ::1
[2024-03-22T04:43:54.676] [INFO] ma-core - add Task success /api/task/addOne POST ::1
[2024-03-22T04:43:54.767] [INFO] ma-core - Auto cancel/Done Task cron launched
[2024-03-22T04:43:58.993] [INFO] ma-core - get all Customer success /api/customer/ GET ::1
[2024-03-22T04:43:59.018] [INFO] ma-core - get All Task By ID success /api/task/getTasksByUserId GET ::1
[2024-03-22T04:43:59.025] [INFO] ma-core - get all Customer success /api/customer/ GET ::1
[2024-03-22T04:43:59.069] [INFO] ma-core - get All Task By ID success /api/task/getTasksByUserId GET ::1
[2024-03-22T04:44:00.867] [INFO] ma-core - get All Task By ID success /api/task/getTasksByUserId GET ::1
[2024-03-22T04:44:08.612] [INFO] ma-core - get all Customer success /api/customer/ GET ::1
[2024-03-22T04:44:08.648] [INFO] ma-core - get All Task success /api/task/getFiltredTasks GET ::1
[2024-03-22T04:44:08.655] [INFO] ma-core - get All Task success /api/task/getFiltredTasks GET ::1
[2024-03-22T04:44:08.691] [INFO] ma-core - get all Customer success /api/customer/ GET ::1
[2024-03-22T04:44:08.726] [INFO] ma-core - get All Task success /api/task/getFiltredTasks GET ::1
[2024-03-22T04:44:08.801] [INFO] ma-core - get All Task success /api/task/getFiltredTasks GET ::1
[2024-03-22T04:44:08.830] [INFO] ma-core - get all Customer success /api/customer/ GET ::1
[2024-03-22T04:44:08.890] [INFO] ma-core - get all Customer success /api/customer/ GET ::1
[2024-03-22T04:44:08.902] [INFO] ma-core - get All Task success /api/task/getFiltredTasks GET ::1
[2024-03-22T04:44:09.006] [INFO] ma-core - get All Task success /api/task/getFiltredTasks GET ::1
[2024-03-22T04:44:10.923] [INFO] ma-core - get All Task success /api/task/getFiltredTasks GET ::1
[2024-03-22T04:44:25.642] [INFO] ma-core - update Task success /api/task/:id PATCH ::1
[2024-03-22T04:44:26.053] [INFO] ma-core - get All Task success /api/task/getFiltredTasks GET ::1
[2024-03-22T04:44:28.708] [INFO] ma-core - get All Task success /api/task/getFiltredTasks GET ::1
[2024-03-22T04:44:42.496] [INFO] ma-core - get all Customer success /api/customer/ GET ::1
[2024-03-22T04:44:42.507] [INFO] ma-core - get All Task By ID success /api/task/getTasksByUserId GET ::1
[2024-03-22T04:44:42.575] [INFO] ma-core - get all Customer success /api/customer/ GET ::1
[2024-03-22T04:44:42.591] [INFO] ma-core - get All Task By ID success /api/task/getTasksByUserId GET ::1
[2024-03-22T04:44:45.305] [INFO] ma-core - get All Task By ID success /api/task/getTasksByUserId GET ::1
[2024-03-22T04:44:47.986] [INFO] ma-core - get Created Tasks success /api/task/getworkflowTasks GET ::1
[2024-03-22T04:44:53.740] [INFO] ma-core - get all Customer success /api/customer/ GET ::1
[2024-03-22T04:44:53.750] [INFO] ma-core - get All Task By ID success /api/task/getTasksByUserId GET ::1
[2024-03-22T04:44:53.792] [INFO] ma-core - get all Customer success /api/customer/ GET ::1
[2024-03-22T04:44:55.909] [INFO] ma-core - get All Task By ID success /api/task/getTasksByUserId GET ::1
[2024-03-22T04:44:56.564] [INFO] ma-core - get All Task By ID success /api/task/getTasksByUserId GET ::1
[2024-03-22T04:45:23.809] [INFO] ma-core - get all posts success /api/newsFeed/getAllPosts GET ::1
[2024-03-22T04:45:52.859] [INFO] ma-core - add post success /api/newsFeed/ POST ::1
[2024-03-22T04:45:53.051] [INFO] ma-core - get all posts success /api/newsFeed/getAllPosts GET ::1
[2024-03-22T04:45:55.733] [INFO] ma-core - like posts success /api/newsFeed/like/:id PUT ::1
[2024-03-22T04:45:55.877] [INFO] ma-core - get all posts success /api/newsFeed/getAllPosts GET ::1
[2024-03-22T04:45:59.608] [INFO] ma-core - get all posts success /api/newsFeed/getAllPosts GET ::1
[2024-03-22T04:46:22.726] [INFO] ma-core - get all posts success /api/newsFeed/getAllPosts GET ::1
[2024-03-22T04:46:23.103] [INFO] ma-core - get all posts success /api/newsFeed/getAllPosts GET ::1
[2024-03-22T04:46:34.624] [INFO] ma-core - get all Customer success /api/customer/ GET ::1
[2024-03-22T04:46:34.656] [INFO] ma-core - get all Customer success /api/customer/ GET ::1
[2024-03-22T04:46:34.680] [INFO] ma-core - get all Customer success /api/customer/ GET ::1
[2024-03-22T04:53:00.008] [INFO] ma-core - Auto start Task success
[2024-03-22T04:53:00.008] [INFO] ma-core - Task state change sent with socket!
[2024-03-22T04:53:00.012] [INFO] ma-core - Auto cancel/Done Task cron launched
[2024-03-22T04:59:00.055] [INFO] ma-core - Auto start Task success
[2024-03-22T04:59:00.055] [INFO] ma-core - Task state change sent with socket!
[2024-03-22T04:59:00.063] [INFO] ma-core - Auto start Task success
[2024-03-22T04:59:00.063] [INFO] ma-core - Task state change sent with socket!
[2024-03-22T04:59:00.074] [INFO] ma-core - Auto start Task success
[2024-03-22T04:59:00.075] [INFO] ma-core - Task state change sent with socket!
[2024-03-22T04:59:00.088] [INFO] ma-core - Auto start Task success
[2024-03-22T04:59:00.088] [INFO] ma-core - Task state change sent with socket!
[2024-03-22T04:59:00.109] [INFO] ma-core - Auto cancel/Done Task cron launched
[2024-03-22T04:59:00.111] [INFO] ma-core - Auto cancel/Done Task cron launched
[2024-03-22T04:59:00.115] [INFO] ma-core - Auto cancel/Done Task cron launched
[2024-03-22T04:59:00.123] [INFO] ma-core - Auto cancel/Done Task cron launched
[2024-03-22T04:59:00.134] [INFO] ma-core - Auto Canceled the Task
[2024-03-22T04:59:00.135] [INFO] ma-core - Task state change sent with socket!
[2024-03-22T09:22:14.858] [INFO] ma-core - database URI mongodb://localhost:27017/core
[2024-03-22T09:22:16.619] [INFO] ma-core - server started at port 5000
[2024-03-22T09:22:16.649] [INFO] ma-core - mongodb conected
[2024-03-22T09:23:12.501] [INFO] ma-core - get all posts success /api/newsFeed/getAllPosts GET ::1
[2024-03-22T09:23:12.771] [INFO] ma-core - get all posts success /api/newsFeed/getAllPosts GET ::1
[2024-03-22T09:23:15.011] [INFO] ma-core - get all Customer success /api/customer/ GET ::1
[2024-03-22T09:23:15.191] [INFO] ma-core - get all Customer success /api/customer/ GET ::1
[2024-03-22T09:23:24.254] [INFO] ma-core - Get all shifts success /api/shift/getAllMembersByShifts GET ::1
[2024-03-22T09:28:12.570] [INFO] ma-core - Get all shifts success /api/shift/getAllMembersByShifts GET ::1
[2024-03-22T09:28:25.002] [INFO] ma-core - database URI mongodb://localhost:27017/core
[2024-03-22T09:28:26.036] [INFO] ma-core - server started at port 5000
[2024-03-22T09:28:26.062] [INFO] ma-core - mongodb conected
[2024-03-22T09:28:30.881] [INFO] ma-core - Get all shifts success /api/shift/getAllMembersByShifts GET ::1
[2024-03-22T09:29:52.901] [INFO] ma-core - database URI mongodb://localhost:27017/core
[2024-03-22T09:29:53.917] [INFO] ma-core - server started at port 5000
[2024-03-22T09:29:53.951] [INFO] ma-core - mongodb conected
[2024-03-22T09:30:23.068] [INFO] ma-core - Get all shifts success /api/shift/getAllMembersByShifts GET ::1
[2024-03-22T09:30:28.673] [INFO] ma-core - get all posts success /api/newsFeed/getAllPosts GET ::1
[2024-03-22T09:30:32.219] [INFO] ma-core - get all Customer success /api/customer/ GET ::1
[2024-03-22T09:30:32.386] [INFO] ma-core - get all Customer success /api/customer/ GET ::1
[2024-03-22T09:31:00.371] [INFO] ma-core - get All Task By filter success /api/task/getTasksByFilter GET ::1
[2024-03-22T09:31:15.759] [INFO] ma-core - get all Customer success /api/customer/ GET ::1
[2024-03-22T09:31:22.693] [INFO] ma-core - get Customer success toBase64 error /api/customer/:id/ GET ::1
[2024-03-22T09:32:11.946] [INFO] ma-core - get all Customer success /api/customer/ GET ::1
[2024-03-22T09:32:12.257] [INFO] ma-core - get all Customer success /api/customer/ GET ::1
[2024-03-22T09:32:44.561] [INFO] ma-core - get All Task By filter success /api/task/getTasksByFilter GET ::1
[2024-03-22T10:23:25.970] [INFO] ma-core - database URI mongodb://localhost:27017/core
[2024-03-22T10:23:28.256] [INFO] ma-core - server started at port 5000
[2024-03-22T10:23:28.281] [INFO] ma-core - mongodb conected
[2024-03-22T10:23:30.414] [INFO] ma-core - get all Customer success /api/customer/ GET ::1
[2024-03-22T10:23:33.854] [INFO] ma-core - Get all shifts success /api/shift/getAllMembersByShifts GET ::1
