[2022-01-20T15:40:00.256] [INFO] ma-core - database URI mongodb://localhost:27017/core
[2022-01-20T15:40:01.146] [INFO] ma-core - server started at port 5000
[2022-01-20T15:40:01.189] [INFO] ma-core - mongodb conected
[2022-01-20T15:40:02.487] [INFO] ma-core - database URI mongodb://localhost:27017/core
[2022-01-20T15:40:03.121] [INFO] ma-core - server started at port 5000
[2022-01-20T15:40:03.146] [INFO] ma-core - mongodb conected
[2022-01-20T15:40:55.205] [INFO] ma-core - database URI mongodb://localhost:27017/core
[2022-01-20T15:40:55.837] [INFO] ma-core - server started at port 5000
[2022-01-20T15:40:55.873] [INFO] ma-core - mongodb conected
[2022-01-20T15:40:56.720] [INFO] ma-core - database URI mongodb://localhost:27017/core
[2022-01-20T15:40:57.318] [INFO] ma-core - server started at port 5000
[2022-01-20T15:40:57.337] [INFO] ma-core - mongodb conected
[2022-01-20T15:42:03.434] [INFO] ma-core - database URI mongodb://localhost:27017/core
[2022-01-20T15:42:04.394] [INFO] ma-core - server started at port 5000
[2022-01-20T15:42:04.414] [INFO] ma-core - mongodb conected
[2022-01-20T15:42:30.546] [INFO] ma-core - database URI mongodb://localhost:27017/core
[2022-01-20T15:42:31.746] [INFO] ma-core - server started at port 5000
[2022-01-20T15:42:31.780] [INFO] ma-core - mongodb conected
[2022-01-20T15:44:51.488] [INFO] ma-core - database URI mongodb://localhost:27017/core
[2022-01-20T15:44:52.898] [INFO] ma-core - server started at port 5000
[2022-01-20T15:44:52.970] [INFO] ma-core - mongodb conected
[2022-01-20T15:45:00.111] [INFO] ma-core - database URI mongodb://localhost:27017/core
[2022-01-20T15:45:02.294] [INFO] ma-core - server started at port 5000
[2022-01-20T15:45:02.388] [INFO] ma-core - mongodb conected
[2022-01-20T15:46:02.681] [INFO] ma-core - database URI mongodb://localhost:27017/core
[2022-01-20T15:46:03.842] [INFO] ma-core - server started at port 5000
[2022-01-20T15:46:03.894] [INFO] ma-core - mongodb conected
[2022-01-20T15:46:36.245] [INFO] ma-core - database URI mongodb://localhost:27017/core
[2022-01-20T15:46:37.776] [INFO] ma-core - server started at port 5000
[2022-01-20T15:46:37.808] [INFO] ma-core - mongodb conected
[2022-01-20T15:47:42.152] [INFO] ma-core - database URI mongodb://localhost:27017/core
[2022-01-20T15:47:43.448] [INFO] ma-core - server started at port 5000
[2022-01-20T15:47:43.498] [INFO] ma-core - mongodb conected
[2022-01-20T15:47:49.132] [INFO] ma-core - database URI mongodb://localhost:27017/core
[2022-01-20T15:47:50.234] [INFO] ma-core - server started at port 5000
[2022-01-20T15:47:50.293] [INFO] ma-core - mongodb conected
[2022-01-20T15:47:52.710] [INFO] ma-core - database URI mongodb://localhost:27017/core
[2022-01-20T15:47:53.934] [INFO] ma-core - server started at port 5000
[2022-01-20T15:47:53.956] [INFO] ma-core - mongodb conected
[2022-01-20T17:54:53.729] [INFO] ma-core - database URI mongodb://localhost:27017/core
[2022-01-20T17:54:54.405] [INFO] ma-core - server started at port 5000
[2022-01-20T17:54:54.443] [INFO] ma-core - mongodb conected
[2022-01-20T17:56:05.430] [INFO] ma-core - database URI mongodb://localhost:27017/core
[2022-01-20T17:56:06.049] [INFO] ma-core - server started at port 5000
[2022-01-20T17:56:06.078] [INFO] ma-core - mongodb conected
[2022-01-20T17:56:44.343] [INFO] ma-core - database URI mongodb://localhost:27017/core
[2022-01-20T17:56:44.926] [INFO] ma-core - server started at port 5000
[2022-01-20T17:56:44.949] [INFO] ma-core - mongodb conected
[2022-01-20T17:57:31.078] [INFO] ma-core - get all posts success /api/newsfeed/getAllPosts GET ::1
[2022-01-20T17:57:45.134] [INFO] ma-core - database URI mongodb://localhost:27017/core
[2022-01-20T17:57:45.710] [INFO] ma-core - server started at port 5000
[2022-01-20T17:57:45.729] [INFO] ma-core - mongodb conected
[2022-01-20T17:57:48.753] [INFO] ma-core - get all posts success /api/newsfeed/getAllPosts GET ::1
[2022-01-20T20:50:49.228] [INFO] ma-core - database URI mongodb://localhost:27017/core
[2022-01-20T20:50:49.928] [INFO] ma-core - server started at port 5000
[2022-01-20T20:50:49.958] [INFO] ma-core - mongodb conected
[2022-01-20T20:50:50.664] [INFO] ma-core - database URI mongodb://localhost:27017/core
[2022-01-20T20:50:51.368] [INFO] ma-core - server started at port 5000
[2022-01-20T20:50:51.388] [INFO] ma-core - mongodb conected
[2022-01-20T20:51:01.361] [INFO] ma-core - database URI mongodb://localhost:27017/core
[2022-01-20T20:51:01.988] [INFO] ma-core - server started at port 5000
[2022-01-20T20:51:02.022] [INFO] ma-core - mongodb conected
[2022-01-20T20:51:06.161] [INFO] ma-core - database URI mongodb://localhost:27017/core
[2022-01-20T20:51:06.817] [INFO] ma-core - server started at port 5000
[2022-01-20T20:51:06.839] [INFO] ma-core - mongodb conected
[2022-01-20T20:51:12.768] [INFO] ma-core - database URI mongodb://localhost:27017/core
[2022-01-20T20:51:13.520] [INFO] ma-core - server started at port 5000
[2022-01-20T20:51:13.542] [INFO] ma-core - mongodb conected
[2022-01-20T20:51:23.588] [INFO] ma-core - database URI mongodb://localhost:27017/core
[2022-01-20T20:51:24.200] [INFO] ma-core - server started at port 5000
[2022-01-20T20:51:24.231] [INFO] ma-core - mongodb conected
[2022-01-20T20:51:25.596] [INFO] ma-core - database URI mongodb://localhost:27017/core
[2022-01-20T20:51:26.170] [INFO] ma-core - server started at port 5000
[2022-01-20T20:51:26.189] [INFO] ma-core - mongodb conected
[2022-01-20T20:51:59.506] [INFO] ma-core - database URI mongodb://localhost:27017/core
[2022-01-20T20:52:00.084] [INFO] ma-core - server started at port 5000
[2022-01-20T20:52:00.108] [INFO] ma-core - mongodb conected
[2022-01-20T20:57:58.021] [INFO] ma-core - database URI mongodb://localhost:27017/core
[2022-01-20T20:57:58.672] [INFO] ma-core - server started at port 5000
[2022-01-20T20:57:58.698] [INFO] ma-core - mongodb conected
[2022-01-20T20:58:07.071] [INFO] ma-core - database URI mongodb://localhost:27017/core
[2022-01-20T20:58:07.661] [INFO] ma-core - server started at port 5000
[2022-01-20T20:58:07.683] [INFO] ma-core - mongodb conected
[2022-01-20T20:58:19.609] [INFO] ma-core - database URI mongodb://localhost:27017/core
[2022-01-20T20:58:20.238] [INFO] ma-core - server started at port 5000
[2022-01-20T20:58:20.261] [INFO] ma-core - mongodb conected
[2022-01-20T21:06:21.616] [INFO] ma-core - database URI mongodb://localhost:27017/core
[2022-01-20T21:06:22.211] [INFO] ma-core - server started at port 5000
[2022-01-20T21:06:22.231] [INFO] ma-core - mongodb conected
[2022-01-20T21:06:27.638] [INFO] ma-core - database URI mongodb://localhost:27017/core
[2022-01-20T21:06:28.231] [INFO] ma-core - server started at port 5000
[2022-01-20T21:06:28.250] [INFO] ma-core - mongodb conected
[2022-01-20T21:06:49.900] [INFO] ma-core - get all posts success /api/newsfeed/getAllPosts GET ::1
[2022-01-20T21:07:43.432] [INFO] ma-core - database URI mongodb://localhost:27017/core
[2022-01-20T21:07:44.179] [INFO] ma-core - server started at port 5000
[2022-01-20T21:07:44.200] [INFO] ma-core - mongodb conected
[2022-01-20T21:07:46.507] [INFO] ma-core - database URI mongodb://localhost:27017/core
[2022-01-20T21:07:47.097] [INFO] ma-core - server started at port 5000
[2022-01-20T21:07:47.116] [INFO] ma-core - mongodb conected
[2022-01-20T21:07:47.730] [INFO] ma-core - database URI mongodb://localhost:27017/core
[2022-01-20T21:07:48.321] [INFO] ma-core - server started at port 5000
[2022-01-20T21:07:48.341] [INFO] ma-core - mongodb conected
[2022-01-20T21:08:20.144] [INFO] ma-core - database URI mongodb://localhost:27017/core
[2022-01-20T21:08:20.732] [INFO] ma-core - server started at port 5000
[2022-01-20T21:08:20.750] [INFO] ma-core - mongodb conected
[2022-01-20T21:08:27.361] [INFO] ma-core - database URI mongodb://localhost:27017/core
[2022-01-20T21:08:27.945] [INFO] ma-core - server started at port 5000
[2022-01-20T21:08:27.966] [INFO] ma-core - mongodb conected
[2022-01-20T21:08:37.389] [INFO] ma-core - get all posts success /api/newsfeed/getAllPosts GET ::1
[2022-01-20T21:10:19.751] [INFO] ma-core - database URI mongodb://localhost:27017/core
[2022-01-20T21:10:20.334] [INFO] ma-core - server started at port 5000
[2022-01-20T21:10:20.353] [INFO] ma-core - mongodb conected
[2022-01-20T21:10:22.771] [INFO] ma-core - database URI mongodb://localhost:27017/core
[2022-01-20T21:10:23.433] [INFO] ma-core - server started at port 5000
[2022-01-20T21:10:23.454] [INFO] ma-core - mongodb conected
[2022-01-20T21:10:27.388] [INFO] ma-core - get all posts success /api/newsfeed/getAllPosts GET ::1
[2022-01-20T21:10:46.405] [INFO] ma-core - database URI mongodb://localhost:27017/core
[2022-01-20T21:10:46.994] [INFO] ma-core - server started at port 5000
[2022-01-20T21:10:47.015] [INFO] ma-core - mongodb conected
[2022-01-20T21:10:55.141] [INFO] ma-core - database URI mongodb://localhost:27017/core
[2022-01-20T21:10:55.758] [INFO] ma-core - server started at port 5000
[2022-01-20T21:10:55.777] [INFO] ma-core - mongodb conected
[2022-01-20T21:10:58.699] [INFO] ma-core - database URI mongodb://localhost:27017/core
[2022-01-20T21:10:59.333] [INFO] ma-core - server started at port 5000
[2022-01-20T21:10:59.354] [INFO] ma-core - mongodb conected
[2022-01-20T21:11:04.050] [INFO] ma-core - database URI mongodb://localhost:27017/core
[2022-01-20T21:11:04.663] [INFO] ma-core - server started at port 5000
[2022-01-20T21:11:04.683] [INFO] ma-core - mongodb conected
[2022-01-20T21:11:13.119] [INFO] ma-core - database URI mongodb://localhost:27017/core
[2022-01-20T21:11:13.885] [INFO] ma-core - server started at port 5000
[2022-01-20T21:11:13.907] [INFO] ma-core - mongodb conected
[2022-01-20T21:11:15.747] [INFO] ma-core - database URI mongodb://localhost:27017/core
[2022-01-20T21:11:16.352] [INFO] ma-core - server started at port 5000
[2022-01-20T21:11:16.370] [INFO] ma-core - mongodb conected
[2022-01-20T21:11:17.674] [INFO] ma-core - database URI mongodb://localhost:27017/core
[2022-01-20T21:11:18.436] [INFO] ma-core - server started at port 5000
[2022-01-20T21:11:18.464] [INFO] ma-core - mongodb conected
[2022-01-20T21:11:19.939] [INFO] ma-core - get all posts success /api/newsfeed/getAllPosts GET ::1
[2022-01-20T21:12:12.103] [INFO] ma-core - database URI mongodb://localhost:27017/core
[2022-01-20T21:12:12.692] [INFO] ma-core - server started at port 5000
[2022-01-20T21:12:12.711] [INFO] ma-core - mongodb conected
[2022-01-20T21:12:18.613] [INFO] ma-core - get all posts success /api/newsfeed/getAllPosts GET ::1
[2022-01-20T21:12:59.700] [INFO] ma-core - database URI mongodb://localhost:27017/core
[2022-01-20T21:13:00.363] [INFO] ma-core - server started at port 5000
[2022-01-20T21:13:00.386] [INFO] ma-core - mongodb conected
[2022-01-20T21:13:15.408] [INFO] ma-core - get all posts success /api/newsfeed/getAllPosts GET ::1
[2022-01-20T21:14:11.508] [INFO] ma-core - database URI mongodb://localhost:27017/core
[2022-01-20T21:14:12.121] [INFO] ma-core - server started at port 5000
[2022-01-20T21:14:12.145] [INFO] ma-core - mongodb conected
[2022-01-20T21:14:12.673] [INFO] ma-core - database URI mongodb://localhost:27017/core
[2022-01-20T21:14:13.307] [INFO] ma-core - server started at port 5000
[2022-01-20T21:14:13.333] [INFO] ma-core - mongodb conected
[2022-01-20T21:14:42.976] [INFO] ma-core - database URI mongodb://localhost:27017/core
[2022-01-20T21:14:43.565] [INFO] ma-core - server started at port 5000
[2022-01-20T21:14:43.589] [INFO] ma-core - mongodb conected
[2022-01-20T21:14:48.879] [INFO] ma-core - database URI mongodb://localhost:27017/core
[2022-01-20T21:14:49.455] [INFO] ma-core - server started at port 5000
[2022-01-20T21:14:49.480] [INFO] ma-core - mongodb conected
[2022-01-20T21:14:57.661] [INFO] ma-core - get all posts success /api/newsfeed/getAllPosts GET ::1
[2022-01-20T21:17:01.441] [INFO] ma-core - database URI mongodb://localhost:27017/core
[2022-01-20T21:17:02.045] [INFO] ma-core - server started at port 5000
[2022-01-20T21:17:02.067] [INFO] ma-core - mongodb conected
[2022-01-20T21:17:07.986] [INFO] ma-core - database URI mongodb://localhost:27017/core
[2022-01-20T21:17:08.585] [INFO] ma-core - server started at port 5000
[2022-01-20T21:17:08.610] [INFO] ma-core - mongodb conected
[2022-01-20T21:17:14.169] [INFO] ma-core - database URI mongodb://localhost:27017/core
[2022-01-20T21:17:14.934] [INFO] ma-core - server started at port 5000
[2022-01-20T21:17:14.964] [INFO] ma-core - mongodb conected
[2022-01-20T21:17:17.859] [INFO] ma-core - database URI mongodb://localhost:27017/core
[2022-01-20T21:17:18.457] [INFO] ma-core - server started at port 5000
[2022-01-20T21:17:18.476] [INFO] ma-core - mongodb conected
[2022-01-20T21:17:21.217] [INFO] ma-core - database URI mongodb://localhost:27017/core
[2022-01-20T21:17:21.826] [INFO] ma-core - server started at port 5000
[2022-01-20T21:17:21.850] [INFO] ma-core - mongodb conected
[2022-01-20T21:17:24.912] [INFO] ma-core - database URI mongodb://localhost:27017/core
[2022-01-20T21:17:25.530] [INFO] ma-core - server started at port 5000
[2022-01-20T21:17:25.550] [INFO] ma-core - mongodb conected
[2022-01-20T21:17:39.864] [INFO] ma-core - database URI mongodb://localhost:27017/core
[2022-01-20T21:17:40.435] [INFO] ma-core - server started at port 5000
[2022-01-20T21:17:40.456] [INFO] ma-core - mongodb conected
[2022-01-20T21:19:03.695] [INFO] ma-core - database URI mongodb://localhost:27017/core
[2022-01-20T21:19:04.381] [INFO] ma-core - server started at port 5000
[2022-01-20T21:19:04.402] [INFO] ma-core - mongodb conected
[2022-01-20T21:19:09.269] [INFO] ma-core - database URI mongodb://localhost:27017/core
[2022-01-20T21:19:09.891] [INFO] ma-core - server started at port 5000
[2022-01-20T21:19:09.910] [INFO] ma-core - mongodb conected
[2022-01-20T21:19:16.926] [INFO] ma-core - database URI mongodb://localhost:27017/core
[2022-01-20T21:19:17.951] [INFO] ma-core - server started at port 5000
[2022-01-20T21:19:18.008] [INFO] ma-core - mongodb conected
[2022-01-20T21:19:19.401] [INFO] ma-core - database URI mongodb://localhost:27017/core
[2022-01-20T21:19:20.111] [INFO] ma-core - server started at port 5000
[2022-01-20T21:19:20.134] [INFO] ma-core - mongodb conected
[2022-01-20T21:19:32.608] [INFO] ma-core - database URI mongodb://localhost:27017/core
[2022-01-20T21:19:33.204] [INFO] ma-core - server started at port 5000
[2022-01-20T21:19:33.223] [INFO] ma-core - mongodb conected
[2022-01-20T21:19:55.102] [INFO] ma-core - database URI mongodb://localhost:27017/core
[2022-01-20T21:19:55.750] [INFO] ma-core - server started at port 5000
[2022-01-20T21:19:55.775] [INFO] ma-core - mongodb conected
[2022-01-20T21:20:11.261] [INFO] ma-core - database URI mongodb://localhost:27017/core
[2022-01-20T21:20:11.839] [INFO] ma-core - server started at port 5000
[2022-01-20T21:20:11.863] [INFO] ma-core - mongodb conected
[2022-01-20T21:20:17.283] [INFO] ma-core - database URI mongodb://localhost:27017/core
[2022-01-20T21:20:17.876] [INFO] ma-core - server started at port 5000
[2022-01-20T21:20:17.895] [INFO] ma-core - mongodb conected
[2022-01-20T21:20:21.595] [INFO] ma-core - database URI mongodb://localhost:27017/core
[2022-01-20T21:20:22.192] [INFO] ma-core - server started at port 5000
[2022-01-20T21:20:22.217] [INFO] ma-core - mongodb conected
[2022-01-20T21:20:30.567] [INFO] ma-core - database URI mongodb://localhost:27017/core
[2022-01-20T21:20:31.158] [INFO] ma-core - server started at port 5000
[2022-01-20T21:20:31.178] [INFO] ma-core - mongodb conected
[2022-01-20T21:20:54.785] [INFO] ma-core - database URI mongodb://localhost:27017/core
[2022-01-20T21:20:55.393] [INFO] ma-core - server started at port 5000
[2022-01-20T21:20:55.438] [INFO] ma-core - mongodb conected
[2022-01-20T21:20:59.896] [INFO] ma-core - database URI mongodb://localhost:27017/core
[2022-01-20T21:21:00.478] [INFO] ma-core - server started at port 5000
[2022-01-20T21:21:00.497] [INFO] ma-core - mongodb conected
[2022-01-20T21:21:05.285] [INFO] ma-core - database URI mongodb://localhost:27017/core
[2022-01-20T21:21:05.884] [INFO] ma-core - server started at port 5000
[2022-01-20T21:21:05.905] [INFO] ma-core - mongodb conected
[2022-01-20T21:21:08.567] [INFO] ma-core - database URI mongodb://localhost:27017/core
[2022-01-20T21:21:09.157] [INFO] ma-core - server started at port 5000
[2022-01-20T21:21:09.176] [INFO] ma-core - mongodb conected
[2022-01-20T21:21:11.869] [INFO] ma-core - database URI mongodb://localhost:27017/core
[2022-01-20T21:21:12.513] [INFO] ma-core - server started at port 5000
[2022-01-20T21:21:12.532] [INFO] ma-core - mongodb conected
[2022-01-20T21:21:13.889] [INFO] ma-core - database URI mongodb://localhost:27017/core
[2022-01-20T21:21:14.476] [INFO] ma-core - server started at port 5000
[2022-01-20T21:21:14.495] [INFO] ma-core - mongodb conected
[2022-01-20T21:21:47.911] [INFO] ma-core - get all posts success /api/newsfeed/getAllPosts GET ::1
[2022-01-20T21:24:03.889] [INFO] ma-core - database URI mongodb://localhost:27017/core
[2022-01-20T21:24:04.490] [INFO] ma-core - server started at port 5000
[2022-01-20T21:24:04.510] [INFO] ma-core - mongodb conected
[2022-01-20T21:24:53.158] [INFO] ma-core - database URI mongodb://localhost:27017/core
[2022-01-20T21:24:53.787] [INFO] ma-core - server started at port 5000
[2022-01-20T21:24:53.806] [INFO] ma-core - mongodb conected
[2022-01-20T21:24:59.795] [INFO] ma-core - database URI mongodb://localhost:27017/core
[2022-01-20T21:25:00.432] [INFO] ma-core - server started at port 5000
[2022-01-20T21:25:00.451] [INFO] ma-core - mongodb conected
[2022-01-20T21:25:07.797] [INFO] ma-core - database URI mongodb://localhost:27017/core
[2022-01-20T21:25:08.369] [INFO] ma-core - server started at port 5000
[2022-01-20T21:25:08.391] [INFO] ma-core - mongodb conected
[2022-01-20T21:25:49.262] [INFO] ma-core - get all posts success /api/newsfeed/getAllPosts GET ::1
[2022-01-20T21:28:28.121] [INFO] ma-core - database URI mongodb://localhost:27017/core
[2022-01-20T21:28:28.708] [INFO] ma-core - server started at port 5000
[2022-01-20T21:28:28.729] [INFO] ma-core - mongodb conected
[2022-01-20T21:28:42.938] [INFO] ma-core - database URI mongodb://localhost:27017/core
[2022-01-20T21:28:43.540] [INFO] ma-core - server started at port 5000
[2022-01-20T21:28:43.561] [INFO] ma-core - mongodb conected
[2022-01-20T21:28:45.507] [INFO] ma-core - database URI mongodb://localhost:27017/core
[2022-01-20T21:28:46.094] [INFO] ma-core - server started at port 5000
[2022-01-20T21:28:46.116] [INFO] ma-core - mongodb conected
[2022-01-20T21:28:49.177] [INFO] ma-core - database URI mongodb://localhost:27017/core
[2022-01-20T21:28:49.982] [INFO] ma-core - server started at port 5000
[2022-01-20T21:28:50.450] [INFO] ma-core - database URI mongodb://localhost:27017/core
[2022-01-20T21:28:51.042] [INFO] ma-core - server started at port 5000
[2022-01-20T21:28:51.060] [INFO] ma-core - mongodb conected
[2022-01-20T21:28:55.432] [INFO] ma-core - database URI mongodb://localhost:27017/core
[2022-01-20T21:28:56.074] [INFO] ma-core - server started at port 5000
[2022-01-20T21:28:56.093] [INFO] ma-core - mongodb conected
[2022-01-20T21:28:59.499] [INFO] ma-core - database URI mongodb://localhost:27017/core
[2022-01-20T21:29:00.132] [INFO] ma-core - server started at port 5000
[2022-01-20T21:29:00.153] [INFO] ma-core - mongodb conected
[2022-01-20T21:29:02.567] [INFO] ma-core - database URI mongodb://localhost:27017/core
[2022-01-20T21:29:03.382] [INFO] ma-core - server started at port 5000
[2022-01-20T21:29:03.430] [INFO] ma-core - mongodb conected
[2022-01-20T21:29:04.657] [INFO] ma-core - database URI mongodb://localhost:27017/core
[2022-01-20T21:29:05.240] [INFO] ma-core - server started at port 5000
[2022-01-20T21:29:05.259] [INFO] ma-core - mongodb conected
[2022-01-20T21:29:05.824] [INFO] ma-core - database URI mongodb://localhost:27017/core
[2022-01-20T21:29:06.587] [INFO] ma-core - server started at port 5000
[2022-01-20T21:29:06.610] [INFO] ma-core - mongodb conected
[2022-01-20T21:29:10.560] [INFO] ma-core - database URI mongodb://localhost:27017/core
[2022-01-20T21:29:11.156] [INFO] ma-core - server started at port 5000
[2022-01-20T21:29:11.175] [INFO] ma-core - mongodb conected
[2022-01-20T21:29:14.874] [INFO] ma-core - database URI mongodb://localhost:27017/core
[2022-01-20T21:29:15.490] [INFO] ma-core - server started at port 5000
[2022-01-20T21:29:15.513] [INFO] ma-core - mongodb conected
[2022-01-20T21:29:19.556] [INFO] ma-core - database URI mongodb://localhost:27017/core
[2022-01-20T21:29:20.164] [INFO] ma-core - server started at port 5000
[2022-01-20T21:29:20.183] [INFO] ma-core - mongodb conected
[2022-01-20T21:29:30.205] [INFO] ma-core - database URI mongodb://localhost:27017/core
[2022-01-20T21:29:30.790] [INFO] ma-core - server started at port 5000
[2022-01-20T21:29:30.813] [INFO] ma-core - mongodb conected
[2022-01-20T21:29:41.610] [INFO] ma-core - database URI mongodb://localhost:27017/core
[2022-01-20T21:29:42.202] [INFO] ma-core - server started at port 5000
[2022-01-20T21:29:42.231] [INFO] ma-core - mongodb conected
[2022-01-20T21:29:47.788] [INFO] ma-core - database URI mongodb://localhost:27017/core
[2022-01-20T21:29:48.401] [INFO] ma-core - server started at port 5000
[2022-01-20T21:29:48.420] [INFO] ma-core - mongodb conected
[2022-01-20T21:30:21.741] [INFO] ma-core - database URI mongodb://localhost:27017/core
[2022-01-20T21:30:22.395] [INFO] ma-core - server started at port 5000
[2022-01-20T21:30:22.420] [INFO] ma-core - mongodb conected
[2022-01-20T21:30:26.890] [INFO] ma-core - database URI mongodb://localhost:27017/core
[2022-01-20T21:30:27.506] [INFO] ma-core - server started at port 5000
[2022-01-20T21:30:27.527] [INFO] ma-core - mongodb conected
[2022-01-20T21:30:33.080] [INFO] ma-core - get all posts success /api/newsfeed/getAllPosts GET ::1
[2022-01-20T21:31:16.346] [INFO] ma-core - database URI mongodb://localhost:27017/core
[2022-01-20T21:31:17.088] [INFO] ma-core - server started at port 5000
[2022-01-20T21:31:17.108] [INFO] ma-core - mongodb conected
[2022-01-20T21:31:21.447] [INFO] ma-core - database URI mongodb://localhost:27017/core
[2022-01-20T21:31:22.079] [INFO] ma-core - server started at port 5000
[2022-01-20T21:31:22.097] [INFO] ma-core - mongodb conected
[2022-01-20T21:31:35.155] [INFO] ma-core - get all posts success /api/newsfeed/getAllPosts GET ::1
[2022-01-20T21:32:13.585] [INFO] ma-core - database URI mongodb://localhost:27017/core
[2022-01-20T21:32:14.213] [INFO] ma-core - server started at port 5000
[2022-01-20T21:32:14.231] [INFO] ma-core - mongodb conected
[2022-01-20T21:32:15.771] [INFO] ma-core - database URI mongodb://localhost:27017/core
[2022-01-20T21:32:16.415] [INFO] ma-core - server started at port 5000
[2022-01-20T21:32:16.435] [INFO] ma-core - mongodb conected
[2022-01-20T21:32:19.548] [INFO] ma-core - database URI mongodb://localhost:27017/core
[2022-01-20T21:32:20.225] [INFO] ma-core - server started at port 5000
[2022-01-20T21:32:20.247] [INFO] ma-core - mongodb conected
[2022-01-20T21:32:21.159] [INFO] ma-core - database URI mongodb://localhost:27017/core
[2022-01-20T21:32:21.953] [INFO] ma-core - server started at port 5000
[2022-01-20T21:32:21.976] [INFO] ma-core - mongodb conected
[2022-01-20T21:32:22.483] [INFO] ma-core - database URI mongodb://localhost:27017/core
[2022-01-20T21:32:23.072] [INFO] ma-core - server started at port 5000
[2022-01-20T21:32:23.091] [INFO] ma-core - mongodb conected
[2022-01-20T21:32:29.838] [INFO] ma-core - database URI mongodb://localhost:27017/core
[2022-01-20T21:32:30.618] [INFO] ma-core - server started at port 5000
[2022-01-20T21:32:30.637] [INFO] ma-core - mongodb conected
[2022-01-20T21:32:33.363] [INFO] ma-core - database URI mongodb://localhost:27017/core
[2022-01-20T21:32:33.937] [INFO] ma-core - server started at port 5000
[2022-01-20T21:32:33.958] [INFO] ma-core - mongodb conected
[2022-01-20T21:32:42.272] [INFO] ma-core - database URI mongodb://localhost:27017/core
[2022-01-20T21:32:42.876] [INFO] ma-core - server started at port 5000
[2022-01-20T21:32:42.901] [INFO] ma-core - mongodb conected
[2022-01-20T21:33:08.389] [INFO] ma-core - get all posts success /api/newsfeed/getAllPosts GET ::1
[2022-01-20T21:33:36.297] [INFO] ma-core - database URI mongodb://localhost:27017/core
[2022-01-20T21:33:37.050] [INFO] ma-core - server started at port 5000
[2022-01-20T21:33:37.076] [INFO] ma-core - mongodb conected
[2022-01-20T21:33:38.160] [INFO] ma-core - get all posts success /api/newsfeed/getAllPosts GET ::1
[2022-01-20T21:34:09.531] [INFO] ma-core - database URI mongodb://localhost:27017/core
[2022-01-20T21:34:10.238] [INFO] ma-core - server started at port 5000
[2022-01-20T21:34:10.279] [INFO] ma-core - mongodb conected
[2022-01-20T21:34:12.415] [INFO] ma-core - database URI mongodb://localhost:27017/core
[2022-01-20T21:34:13.126] [INFO] ma-core - server started at port 5000
[2022-01-20T21:34:13.156] [INFO] ma-core - mongodb conected
[2022-01-20T21:34:14.279] [INFO] ma-core - database URI mongodb://localhost:27017/core
[2022-01-20T21:34:14.850] [INFO] ma-core - server started at port 5000
[2022-01-20T21:34:14.873] [INFO] ma-core - mongodb conected
[2022-01-20T21:34:20.210] [INFO] ma-core - database URI mongodb://localhost:27017/core
[2022-01-20T21:34:20.843] [INFO] ma-core - server started at port 5000
[2022-01-20T21:34:20.865] [INFO] ma-core - mongodb conected
[2022-01-20T21:34:23.320] [INFO] ma-core - get all posts success /api/newsfeed/getAllPosts GET ::1
[2022-01-20T21:35:07.607] [INFO] ma-core - database URI mongodb://localhost:27017/core
[2022-01-20T21:35:08.199] [INFO] ma-core - server started at port 5000
[2022-01-20T21:35:08.221] [INFO] ma-core - mongodb conected
[2022-01-20T21:35:13.452] [INFO] ma-core - database URI mongodb://localhost:27017/core
[2022-01-20T21:35:14.079] [INFO] ma-core - server started at port 5000
[2022-01-20T21:35:14.098] [INFO] ma-core - mongodb conected
[2022-01-20T21:35:23.881] [INFO] ma-core - database URI mongodb://localhost:27017/core
[2022-01-20T21:35:24.662] [INFO] ma-core - server started at port 5000
[2022-01-20T21:35:24.692] [INFO] ma-core - mongodb conected
[2022-01-20T21:35:29.410] [INFO] ma-core - get all posts success /api/newsfeed/getAllPosts GET ::1
[2022-01-20T21:36:08.577] [INFO] ma-core - database URI mongodb://localhost:27017/core
[2022-01-20T21:36:09.275] [INFO] ma-core - server started at port 5000
[2022-01-20T21:36:09.313] [INFO] ma-core - mongodb conected
[2022-01-20T21:36:13.408] [INFO] ma-core - get all posts success /api/newsfeed/getAllPosts GET ::1
[2022-01-20T21:38:27.043] [INFO] ma-core - database URI mongodb://localhost:27017/core
[2022-01-20T21:38:27.642] [INFO] ma-core - server started at port 5000
[2022-01-20T21:38:27.662] [INFO] ma-core - mongodb conected
[2022-01-20T21:38:33.920] [INFO] ma-core - get all posts success /api/newsfeed/getAllPosts GET ::1
[2022-01-20T21:40:13.353] [INFO] ma-core - database URI mongodb://localhost:27017/core
[2022-01-20T21:40:13.961] [INFO] ma-core - server started at port 5000
[2022-01-20T21:40:14.004] [INFO] ma-core - mongodb conected
[2022-01-20T21:40:14.620] [INFO] ma-core - database URI mongodb://localhost:27017/core
[2022-01-20T21:40:15.386] [INFO] ma-core - server started at port 5000
[2022-01-20T21:40:15.406] [INFO] ma-core - mongodb conected
[2022-01-20T21:40:20.400] [INFO] ma-core - database URI mongodb://localhost:27017/core
[2022-01-20T21:40:21.003] [INFO] ma-core - server started at port 5000
[2022-01-20T21:40:21.027] [INFO] ma-core - mongodb conected
[2022-01-20T21:40:23.652] [INFO] ma-core - database URI mongodb://localhost:27017/core
[2022-01-20T21:40:24.250] [INFO] ma-core - server started at port 5000
[2022-01-20T21:40:24.279] [INFO] ma-core - mongodb conected
[2022-01-20T21:40:26.958] [INFO] ma-core - database URI mongodb://localhost:27017/core
[2022-01-20T21:40:27.545] [INFO] ma-core - server started at port 5000
[2022-01-20T21:40:27.564] [INFO] ma-core - mongodb conected
[2022-01-20T21:40:31.048] [INFO] ma-core - database URI mongodb://localhost:27017/core
[2022-01-20T21:40:31.663] [INFO] ma-core - server started at port 5000
[2022-01-20T21:40:31.682] [INFO] ma-core - mongodb conected
[2022-01-20T21:40:45.065] [INFO] ma-core - database URI mongodb://localhost:27017/core
[2022-01-20T21:40:45.660] [INFO] ma-core - server started at port 5000
[2022-01-20T21:40:45.687] [INFO] ma-core - mongodb conected
[2022-01-20T21:40:56.326] [INFO] ma-core - get all posts success /api/newsfeed/getAllPosts GET ::1
[2022-01-20T21:41:18.093] [INFO] ma-core - database URI mongodb://localhost:27017/core
[2022-01-20T21:41:18.759] [INFO] ma-core - server started at port 5000
[2022-01-20T21:41:18.792] [INFO] ma-core - mongodb conected
[2022-01-20T21:41:32.350] [INFO] ma-core - get all posts success /api/newsfeed/getAllPosts GET ::1
[2022-01-20T21:44:48.203] [INFO] ma-core - database URI mongodb://localhost:27017/core
[2022-01-20T21:44:48.826] [INFO] ma-core - server started at port 5000
[2022-01-20T21:44:48.857] [INFO] ma-core - mongodb conected
[2022-01-20T21:44:50.587] [INFO] ma-core - database URI mongodb://localhost:27017/core
[2022-01-20T21:44:51.212] [INFO] ma-core - server started at port 5000
[2022-01-20T21:44:51.235] [INFO] ma-core - mongodb conected
[2022-01-20T21:44:55.494] [INFO] ma-core - database URI mongodb://localhost:27017/core
[2022-01-20T21:44:56.081] [INFO] ma-core - server started at port 5000
[2022-01-20T21:44:56.101] [INFO] ma-core - mongodb conected
[2022-01-20T21:44:58.699] [INFO] ma-core - database URI mongodb://localhost:27017/core
[2022-01-20T21:44:59.339] [INFO] ma-core - server started at port 5000
[2022-01-20T21:44:59.359] [INFO] ma-core - mongodb conected
[2022-01-20T21:45:02.564] [INFO] ma-core - database URI mongodb://localhost:27017/core
[2022-01-20T21:45:03.156] [INFO] ma-core - server started at port 5000
[2022-01-20T21:45:03.175] [INFO] ma-core - mongodb conected
[2022-01-20T21:45:12.575] [INFO] ma-core - database URI mongodb://localhost:27017/core
[2022-01-20T21:45:13.244] [INFO] ma-core - server started at port 5000
[2022-01-20T21:45:13.267] [INFO] ma-core - mongodb conected
[2022-01-20T21:45:14.420] [INFO] ma-core - database URI mongodb://localhost:27017/core
[2022-01-20T21:45:15.018] [INFO] ma-core - server started at port 5000
[2022-01-20T21:45:15.037] [INFO] ma-core - mongodb conected
[2022-01-20T21:45:21.255] [INFO] ma-core - database URI mongodb://localhost:27017/core
[2022-01-20T21:45:21.945] [INFO] ma-core - server started at port 5000
[2022-01-20T21:45:21.985] [INFO] ma-core - mongodb conected
[2022-01-20T21:45:23.900] [INFO] ma-core - database URI mongodb://localhost:27017/core
[2022-01-20T21:45:24.491] [INFO] ma-core - server started at port 5000
[2022-01-20T21:45:24.515] [INFO] ma-core - mongodb conected
[2022-01-20T21:46:20.320] [INFO] ma-core - database URI mongodb://localhost:27017/core
[2022-01-20T21:46:21.187] [INFO] ma-core - server started at port 5000
[2022-01-20T21:46:21.208] [INFO] ma-core - mongodb conected
[2022-01-20T21:47:00.971] [INFO] ma-core - database URI mongodb://localhost:27017/core
[2022-01-20T21:47:01.623] [INFO] ma-core - server started at port 5000
[2022-01-20T21:47:01.643] [INFO] ma-core - mongodb conected
[2022-01-20T21:48:27.649] [INFO] ma-core - database URI mongodb://localhost:27017/core
[2022-01-20T21:48:28.270] [INFO] ma-core - server started at port 5000
[2022-01-20T21:48:28.293] [INFO] ma-core - mongodb conected
[2022-01-20T21:48:31.467] [INFO] ma-core - database URI mongodb://localhost:27017/core
[2022-01-20T21:48:32.237] [INFO] ma-core - server started at port 5000
[2022-01-20T21:48:32.262] [INFO] ma-core - mongodb conected
[2022-01-20T21:48:45.575] [INFO] ma-core - database URI mongodb://localhost:27017/core
[2022-01-20T21:48:46.231] [INFO] ma-core - server started at port 5000
[2022-01-20T21:48:46.253] [INFO] ma-core - mongodb conected
[2022-01-20T21:48:56.146] [INFO] ma-core - database URI mongodb://localhost:27017/core
[2022-01-20T21:48:56.783] [INFO] ma-core - server started at port 5000
[2022-01-20T21:48:56.811] [INFO] ma-core - mongodb conected
[2022-01-20T21:50:13.902] [INFO] ma-core - database URI mongodb://localhost:27017/core
[2022-01-20T21:50:14.658] [INFO] ma-core - server started at port 5000
[2022-01-20T21:50:14.681] [INFO] ma-core - mongodb conected
[2022-01-20T21:50:16.541] [INFO] ma-core - database URI mongodb://localhost:27017/core
[2022-01-20T21:50:17.213] [INFO] ma-core - server started at port 5000
[2022-01-20T21:50:17.232] [INFO] ma-core - mongodb conected
[2022-01-20T21:50:21.819] [INFO] ma-core - database URI mongodb://localhost:27017/core
[2022-01-20T21:50:22.413] [INFO] ma-core - server started at port 5000
[2022-01-20T21:50:22.432] [INFO] ma-core - mongodb conected
[2022-01-20T21:50:25.351] [INFO] ma-core - database URI mongodb://localhost:27017/core
[2022-01-20T21:50:25.948] [INFO] ma-core - server started at port 5000
[2022-01-20T21:50:25.968] [INFO] ma-core - mongodb conected
[2022-01-20T21:50:35.909] [INFO] ma-core - database URI mongodb://localhost:27017/core
[2022-01-20T21:50:36.608] [INFO] ma-core - server started at port 5000
[2022-01-20T21:50:36.627] [INFO] ma-core - mongodb conected
[2022-01-20T21:50:39.343] [INFO] ma-core - database URI mongodb://localhost:27017/core
[2022-01-20T21:50:39.965] [INFO] ma-core - server started at port 5000
[2022-01-20T21:50:39.994] [INFO] ma-core - mongodb conected
[2022-01-20T21:50:42.780] [INFO] ma-core - database URI mongodb://localhost:27017/core
[2022-01-20T21:50:43.435] [INFO] ma-core - server started at port 5000
[2022-01-20T21:50:43.466] [INFO] ma-core - mongodb conected
[2022-01-20T21:51:03.308] [INFO] ma-core - database URI mongodb://localhost:27017/core
[2022-01-20T21:51:03.933] [INFO] ma-core - server started at port 5000
[2022-01-20T21:51:03.971] [INFO] ma-core - mongodb conected
[2022-01-20T21:51:09.580] [INFO] ma-core - database URI mongodb://localhost:27017/core
[2022-01-20T21:51:10.162] [INFO] ma-core - server started at port 5000
[2022-01-20T21:51:10.185] [INFO] ma-core - mongodb conected
[2022-01-20T21:51:14.509] [INFO] ma-core - database URI mongodb://localhost:27017/core
[2022-01-20T21:51:15.142] [INFO] ma-core - server started at port 5000
[2022-01-20T21:51:15.161] [INFO] ma-core - mongodb conected
[2022-01-20T21:52:24.021] [INFO] ma-core - database URI mongodb://localhost:27017/core
[2022-01-20T21:52:24.614] [INFO] ma-core - server started at port 5000
[2022-01-20T21:52:24.635] [INFO] ma-core - mongodb conected
[2022-01-20T21:54:24.280] [INFO] ma-core - database URI mongodb://localhost:27017/core
[2022-01-20T21:54:24.947] [INFO] ma-core - server started at port 5000
[2022-01-20T21:54:24.968] [INFO] ma-core - mongodb conected
[2022-01-20T21:54:26.083] [INFO] ma-core - database URI mongodb://localhost:27017/core
[2022-01-20T21:54:26.787] [INFO] ma-core - server started at port 5000
[2022-01-20T21:54:26.806] [INFO] ma-core - mongodb conected
[2022-01-20T21:54:30.524] [INFO] ma-core - database URI mongodb://localhost:27017/core
[2022-01-20T21:54:31.110] [INFO] ma-core - server started at port 5000
[2022-01-20T21:54:31.129] [INFO] ma-core - mongodb conected
[2022-01-20T21:58:41.887] [INFO] ma-core - database URI mongodb://localhost:27017/core
[2022-01-20T21:58:42.492] [INFO] ma-core - server started at port 5000
[2022-01-20T21:58:42.511] [INFO] ma-core - mongodb conected
[2022-01-20T21:58:44.953] [INFO] ma-core - database URI mongodb://localhost:27017/core
[2022-01-20T21:58:45.569] [INFO] ma-core - server started at port 5000
[2022-01-20T21:58:45.596] [INFO] ma-core - mongodb conected
[2022-01-20T21:58:52.675] [INFO] ma-core - database URI mongodb://localhost:27017/core
[2022-01-20T21:58:53.287] [INFO] ma-core - server started at port 5000
[2022-01-20T21:58:53.310] [INFO] ma-core - mongodb conected
[2022-01-20T21:58:57.959] [INFO] ma-core - database URI mongodb://localhost:27017/core
[2022-01-20T21:58:58.625] [INFO] ma-core - server started at port 5000
[2022-01-20T21:58:58.648] [INFO] ma-core - mongodb conected
[2022-01-20T21:58:59.550] [INFO] ma-core - database URI mongodb://localhost:27017/core
[2022-01-20T21:59:00.484] [INFO] ma-core - server started at port 5000
[2022-01-20T21:59:00.513] [INFO] ma-core - mongodb conected
[2022-01-20T21:59:03.322] [INFO] ma-core - database URI mongodb://localhost:27017/core
[2022-01-20T21:59:04.222] [INFO] ma-core - server started at port 5000
[2022-01-20T21:59:04.245] [INFO] ma-core - mongodb conected
[2022-01-20T21:59:14.528] [INFO] ma-core - database URI mongodb://localhost:27017/core
[2022-01-20T21:59:15.170] [INFO] ma-core - server started at port 5000
[2022-01-20T21:59:15.206] [INFO] ma-core - mongodb conected
[2022-01-20T21:59:45.418] [INFO] ma-core - database URI mongodb://localhost:27017/core
[2022-01-20T21:59:46.335] [INFO] ma-core - server started at port 5000
[2022-01-20T21:59:46.359] [INFO] ma-core - mongodb conected
[2022-01-20T21:59:47.379] [INFO] ma-core - database URI mongodb://localhost:27017/core
[2022-01-20T21:59:47.985] [INFO] ma-core - server started at port 5000
[2022-01-20T21:59:48.006] [INFO] ma-core - mongodb conected
[2022-01-20T21:59:49.583] [INFO] ma-core - database URI mongodb://localhost:27017/core
[2022-01-20T21:59:50.176] [INFO] ma-core - server started at port 5000
[2022-01-20T21:59:50.209] [INFO] ma-core - mongodb conected
[2022-01-20T21:59:52.100] [INFO] ma-core - get all posts success /api/newsfeed/getAllPosts GET ::1
[2022-01-20T22:01:15.806] [INFO] ma-core - database URI mongodb://localhost:27017/core
[2022-01-20T22:01:16.433] [INFO] ma-core - server started at port 5000
[2022-01-20T22:01:16.452] [INFO] ma-core - mongodb conected
[2022-01-20T22:01:18.899] [INFO] ma-core - get all posts success /api/newsfeed/getAllPosts GET ::1
[2022-01-20T22:02:31.142] [INFO] ma-core - database URI mongodb://localhost:27017/core
[2022-01-20T22:02:31.865] [INFO] ma-core - server started at port 5000
[2022-01-20T22:02:31.895] [INFO] ma-core - mongodb conected
[2022-01-20T22:02:33.327] [INFO] ma-core - database URI mongodb://localhost:27017/core
[2022-01-20T22:02:34.081] [INFO] ma-core - server started at port 5000
[2022-01-20T22:02:34.103] [INFO] ma-core - mongodb conected
[2022-01-20T22:02:35.465] [INFO] ma-core - database URI mongodb://localhost:27017/core
[2022-01-20T22:02:36.082] [INFO] ma-core - server started at port 5000
[2022-01-20T22:02:36.101] [INFO] ma-core - mongodb conected
[2022-01-20T22:02:50.958] [INFO] ma-core - get all posts success /api/newsfeed/getAllPosts GET ::1
[2022-01-20T22:04:01.565] [INFO] ma-core - database URI mongodb://localhost:27017/core
[2022-01-20T22:04:02.165] [INFO] ma-core - server started at port 5000
[2022-01-20T22:04:02.192] [INFO] ma-core - mongodb conected
[2022-01-20T22:04:04.748] [INFO] ma-core - database URI mongodb://localhost:27017/core
[2022-01-20T22:04:05.377] [INFO] ma-core - server started at port 5000
[2022-01-20T22:04:05.401] [INFO] ma-core - mongodb conected
[2022-01-20T22:05:05.355] [INFO] ma-core - database URI mongodb://localhost:27017/core
[2022-01-20T22:05:05.960] [INFO] ma-core - server started at port 5000
[2022-01-20T22:05:05.983] [INFO] ma-core - mongodb conected
[2022-01-20T22:05:14.359] [INFO] ma-core - database URI mongodb://localhost:27017/core
[2022-01-20T22:05:14.970] [INFO] ma-core - server started at port 5000
[2022-01-20T22:05:14.990] [INFO] ma-core - mongodb conected
[2022-01-20T22:05:20.964] [INFO] ma-core - database URI mongodb://localhost:27017/core
[2022-01-20T22:05:21.553] [INFO] ma-core - server started at port 5000
[2022-01-20T22:05:21.573] [INFO] ma-core - mongodb conected
[2022-01-20T22:05:23.285] [INFO] ma-core - database URI mongodb://localhost:27017/core
[2022-01-20T22:05:23.908] [INFO] ma-core - server started at port 5000
[2022-01-20T22:05:23.927] [INFO] ma-core - mongodb conected
[2022-01-20T22:05:51.501] [INFO] ma-core - get all posts success /api/newsfeed/getAllPosts GET ::1
[2022-01-20T22:07:39.781] [INFO] ma-core - database URI mongodb://localhost:27017/core
[2022-01-20T22:07:40.423] [INFO] ma-core - server started at port 5000
[2022-01-20T22:07:40.468] [INFO] ma-core - mongodb conected
[2022-01-20T22:07:44.137] [INFO] ma-core - database URI mongodb://localhost:27017/core
[2022-01-20T22:07:44.730] [INFO] ma-core - server started at port 5000
[2022-01-20T22:07:44.749] [INFO] ma-core - mongodb conected
[2022-01-20T22:07:48.250] [INFO] ma-core - get all posts success /api/newsfeed/getAllPosts GET ::1
[2022-01-20T22:14:42.863] [INFO] ma-core - database URI mongodb://localhost:27017/core
[2022-01-20T22:14:43.445] [INFO] ma-core - server started at port 5000
[2022-01-20T22:14:43.960] [INFO] ma-core - database URI mongodb://localhost:27017/core
[2022-01-20T22:14:44.621] [INFO] ma-core - server started at port 5000
[2022-01-20T22:14:44.642] [INFO] ma-core - mongodb conected
[2022-01-20T22:16:06.468] [INFO] ma-core - database URI mongodb://localhost:27017/core
[2022-01-20T22:16:07.097] [INFO] ma-core - server started at port 5000
[2022-01-20T22:16:07.123] [INFO] ma-core - mongodb conected
[2022-01-20T22:16:09.562] [INFO] ma-core - database URI mongodb://localhost:27017/core
[2022-01-20T22:16:10.267] [INFO] ma-core - server started at port 5000
[2022-01-20T22:16:10.287] [INFO] ma-core - mongodb conected
[2022-01-20T22:16:15.777] [INFO] ma-core - database URI mongodb://localhost:27017/core
[2022-01-20T22:16:16.463] [INFO] ma-core - server started at port 5000
[2022-01-20T22:16:16.498] [INFO] ma-core - mongodb conected
[2022-01-20T22:16:18.441] [INFO] ma-core - database URI mongodb://localhost:27017/core
[2022-01-20T22:16:19.044] [INFO] ma-core - server started at port 5000
[2022-01-20T22:16:19.063] [INFO] ma-core - mongodb conected
[2022-01-20T22:16:46.518] [INFO] ma-core - database URI mongodb://localhost:27017/core
[2022-01-20T22:16:47.208] [INFO] ma-core - server started at port 5000
[2022-01-20T22:16:47.228] [INFO] ma-core - mongodb conected
[2022-01-20T22:16:49.740] [INFO] ma-core - database URI mongodb://localhost:27017/core
[2022-01-20T22:16:50.336] [INFO] ma-core - server started at port 5000
[2022-01-20T22:16:50.360] [INFO] ma-core - mongodb conected
[2022-01-20T22:16:55.164] [INFO] ma-core - database URI mongodb://localhost:27017/core
[2022-01-20T22:16:55.910] [INFO] ma-core - server started at port 5000
[2022-01-20T22:16:55.929] [INFO] ma-core - mongodb conected
[2022-01-20T22:16:56.798] [INFO] ma-core - database URI mongodb://localhost:27017/core
[2022-01-20T22:16:57.476] [INFO] ma-core - server started at port 5000
[2022-01-20T22:16:57.500] [INFO] ma-core - mongodb conected
[2022-01-20T22:17:00.551] [INFO] ma-core - database URI mongodb://localhost:27017/core
[2022-01-20T22:17:01.386] [INFO] ma-core - server started at port 5000
[2022-01-20T22:17:01.413] [INFO] ma-core - mongodb conected
[2022-01-20T22:17:03.865] [INFO] ma-core - database URI mongodb://localhost:27017/core
[2022-01-20T22:17:04.482] [INFO] ma-core - server started at port 5000
[2022-01-20T22:17:04.501] [INFO] ma-core - mongodb conected
[2022-01-20T22:17:06.158] [INFO] ma-core - database URI mongodb://localhost:27017/core
[2022-01-20T22:17:06.752] [INFO] ma-core - server started at port 5000
[2022-01-20T22:17:06.777] [INFO] ma-core - mongodb conected
[2022-01-20T22:17:10.793] [INFO] ma-core - database URI mongodb://localhost:27017/core
[2022-01-20T22:17:11.478] [INFO] ma-core - server started at port 5000
[2022-01-20T22:17:11.502] [INFO] ma-core - mongodb conected
[2022-01-20T22:17:26.222] [INFO] ma-core - database URI mongodb://localhost:27017/core
[2022-01-20T22:17:26.958] [INFO] ma-core - server started at port 5000
[2022-01-20T22:17:26.997] [INFO] ma-core - mongodb conected
[2022-01-20T22:17:34.574] [INFO] ma-core - get all posts success /api/newsfeed/getAllPosts GET ::1
[2022-01-20T22:19:21.476] [INFO] ma-core - database URI mongodb://localhost:27017/core
[2022-01-20T22:19:22.106] [INFO] ma-core - server started at port 5000
[2022-01-20T22:19:22.135] [INFO] ma-core - mongodb conected
[2022-01-20T22:19:42.751] [INFO] ma-core - database URI mongodb://localhost:27017/core
[2022-01-20T22:19:43.365] [INFO] ma-core - server started at port 5000
[2022-01-20T22:19:43.386] [INFO] ma-core - mongodb conected
[2022-01-20T22:24:09.965] [INFO] ma-core - database URI mongodb://localhost:27017/core
[2022-01-20T22:24:10.635] [INFO] ma-core - server started at port 5000
[2022-01-20T22:24:10.655] [INFO] ma-core - mongodb conected
[2022-01-20T22:24:13.287] [INFO] ma-core - database URI mongodb://localhost:27017/core
[2022-01-20T22:24:14.039] [INFO] ma-core - server started at port 5000
[2022-01-20T22:24:14.061] [INFO] ma-core - mongodb conected
[2022-01-20T22:24:48.806] [INFO] ma-core - database URI mongodb://localhost:27017/core
[2022-01-20T22:24:49.430] [INFO] ma-core - server started at port 5000
[2022-01-20T22:24:49.453] [INFO] ma-core - mongodb conected
[2022-01-20T22:24:50.994] [INFO] ma-core - database URI mongodb://localhost:27017/core
[2022-01-20T22:24:51.607] [INFO] ma-core - server started at port 5000
[2022-01-20T22:24:51.628] [INFO] ma-core - mongodb conected
[2022-01-20T22:25:14.312] [INFO] ma-core - database URI mongodb://localhost:27017/core
[2022-01-20T22:25:14.897] [INFO] ma-core - server started at port 5000
[2022-01-20T22:25:14.920] [INFO] ma-core - mongodb conected
[2022-01-20T22:25:16.805] [INFO] ma-core - database URI mongodb://localhost:27017/core
[2022-01-20T22:25:17.393] [INFO] ma-core - server started at port 5000
[2022-01-20T22:25:17.411] [INFO] ma-core - mongodb conected
[2022-01-20T22:25:22.463] [INFO] ma-core - database URI mongodb://localhost:27017/core
[2022-01-20T22:25:23.106] [INFO] ma-core - server started at port 5000
[2022-01-20T22:25:23.130] [INFO] ma-core - mongodb conected
[2022-01-20T22:25:40.939] [INFO] ma-core - database URI mongodb://localhost:27017/core
[2022-01-20T22:25:41.563] [INFO] ma-core - server started at port 5000
[2022-01-20T22:25:41.588] [INFO] ma-core - mongodb conected
[2022-01-20T22:25:49.710] [INFO] ma-core - database URI mongodb://localhost:27017/core
[2022-01-20T22:25:50.317] [INFO] ma-core - server started at port 5000
[2022-01-20T22:25:50.341] [INFO] ma-core - mongodb conected
[2022-01-20T22:25:57.367] [INFO] ma-core - database URI mongodb://localhost:27017/core
[2022-01-20T22:25:57.974] [INFO] ma-core - server started at port 5000
[2022-01-20T22:25:58.002] [INFO] ma-core - mongodb conected
[2022-01-20T22:26:02.534] [INFO] ma-core - database URI mongodb://localhost:27017/core
[2022-01-20T22:26:03.196] [INFO] ma-core - server started at port 5000
[2022-01-20T22:26:03.228] [INFO] ma-core - mongodb conected
[2022-01-20T22:26:25.381] [INFO] ma-core - database URI mongodb://localhost:27017/core
[2022-01-20T22:26:25.990] [INFO] ma-core - server started at port 5000
[2022-01-20T22:26:26.015] [INFO] ma-core - mongodb conected
[2022-01-20T22:26:28.433] [INFO] ma-core - database URI mongodb://localhost:27017/core
[2022-01-20T22:26:29.021] [INFO] ma-core - server started at port 5000
[2022-01-20T22:26:29.041] [INFO] ma-core - mongodb conected
[2022-01-20T22:26:30.751] [INFO] ma-core - database URI mongodb://localhost:27017/core
[2022-01-20T22:26:31.358] [INFO] ma-core - server started at port 5000
[2022-01-20T22:26:31.381] [INFO] ma-core - mongodb conected
[2022-01-20T22:26:35.119] [INFO] ma-core - database URI mongodb://localhost:27017/core
[2022-01-20T22:26:35.709] [INFO] ma-core - server started at port 5000
[2022-01-20T22:26:35.729] [INFO] ma-core - mongodb conected
[2022-01-20T22:26:53.121] [INFO] ma-core - database URI mongodb://localhost:27017/core
[2022-01-20T22:26:53.705] [INFO] ma-core - server started at port 5000
[2022-01-20T22:26:53.731] [INFO] ma-core - mongodb conected
[2022-01-20T22:27:07.776] [INFO] ma-core - database URI mongodb://localhost:27017/core
[2022-01-20T22:27:08.443] [INFO] ma-core - server started at port 5000
[2022-01-20T22:27:08.464] [INFO] ma-core - mongodb conected
[2022-01-20T22:27:18.964] [INFO] ma-core - database URI mongodb://localhost:27017/core
[2022-01-20T22:27:19.564] [INFO] ma-core - server started at port 5000
[2022-01-20T22:27:19.599] [INFO] ma-core - mongodb conected
[2022-01-20T22:27:29.152] [INFO] ma-core - database URI mongodb://localhost:27017/core
[2022-01-20T22:27:29.744] [INFO] ma-core - server started at port 5000
[2022-01-20T22:27:29.779] [INFO] ma-core - mongodb conected
[2022-01-20T22:27:33.412] [INFO] ma-core - database URI mongodb://localhost:27017/core
[2022-01-20T22:27:34.003] [INFO] ma-core - server started at port 5000
[2022-01-20T22:27:34.023] [INFO] ma-core - mongodb conected
[2022-01-20T22:27:45.519] [INFO] ma-core - get all posts success /api/newsfeed/getAllPosts GET ::1
[2022-01-20T22:30:35.698] [INFO] ma-core - database URI mongodb://localhost:27017/core
[2022-01-20T22:30:36.367] [INFO] ma-core - server started at port 5000
[2022-01-20T22:30:36.389] [INFO] ma-core - mongodb conected
[2022-01-20T22:30:59.549] [INFO] ma-core - database URI mongodb://localhost:27017/core
[2022-01-20T22:31:00.378] [INFO] ma-core - server started at port 5000
[2022-01-20T22:31:00.412] [INFO] ma-core - mongodb conected
[2022-01-20T22:31:02.097] [INFO] ma-core - database URI mongodb://localhost:27017/core
[2022-01-20T22:31:02.675] [INFO] ma-core - server started at port 5000
[2022-01-20T22:31:02.694] [INFO] ma-core - mongodb conected
[2022-01-20T22:31:20.034] [INFO] ma-core - database URI mongodb://localhost:27017/core
[2022-01-20T22:31:20.630] [INFO] ma-core - server started at port 5000
[2022-01-20T22:31:20.653] [INFO] ma-core - mongodb conected
[2022-01-20T22:31:23.841] [INFO] ma-core - get all posts success /api/newsfeed/getAllPosts GET ::1
[2022-01-20T22:32:52.377] [INFO] ma-core - database URI mongodb://localhost:27017/core
[2022-01-20T22:32:53.112] [INFO] ma-core - server started at port 5000
[2022-01-20T22:32:53.137] [INFO] ma-core - mongodb conected
[2022-01-20T22:32:54.176] [INFO] ma-core - database URI mongodb://localhost:27017/core
[2022-01-20T22:32:54.764] [INFO] ma-core - server started at port 5000
[2022-01-20T22:32:54.802] [INFO] ma-core - mongodb conected
[2022-01-20T22:32:55.271] [INFO] ma-core - database URI mongodb://localhost:27017/core
[2022-01-20T22:32:55.866] [INFO] ma-core - server started at port 5000
[2022-01-20T22:32:55.885] [INFO] ma-core - mongodb conected
[2022-01-20T22:34:29.988] [INFO] ma-core - database URI mongodb://localhost:27017/core
[2022-01-20T22:34:30.922] [INFO] ma-core - server started at port 5000
[2022-01-20T22:34:30.971] [INFO] ma-core - mongodb conected
[2022-01-20T22:34:32.294] [INFO] ma-core - database URI mongodb://localhost:27017/core
[2022-01-20T22:34:32.930] [INFO] ma-core - server started at port 5000
[2022-01-20T22:34:32.952] [INFO] ma-core - mongodb conected
[2022-01-20T22:34:36.904] [INFO] ma-core - database URI mongodb://localhost:27017/core
[2022-01-20T22:34:37.509] [INFO] ma-core - server started at port 5000
[2022-01-20T22:34:37.529] [INFO] ma-core - mongodb conected
[2022-01-20T22:34:38.253] [INFO] ma-core - database URI mongodb://localhost:27017/core
[2022-01-20T22:34:38.877] [INFO] ma-core - server started at port 5000
[2022-01-20T22:34:38.896] [INFO] ma-core - mongodb conected
[2022-01-20T22:34:41.697] [INFO] ma-core - database URI mongodb://localhost:27017/core
[2022-01-20T22:34:42.279] [INFO] ma-core - server started at port 5000
[2022-01-20T22:34:42.298] [INFO] ma-core - mongodb conected
[2022-01-20T22:34:55.613] [INFO] ma-core - database URI mongodb://localhost:27017/core
[2022-01-20T22:34:56.295] [INFO] ma-core - server started at port 5000
[2022-01-20T22:34:56.317] [INFO] ma-core - mongodb conected
[2022-01-20T22:35:17.236] [INFO] ma-core - database URI mongodb://localhost:27017/core
[2022-01-20T22:35:18.307] [INFO] ma-core - server started at port 5000
[2022-01-20T22:35:18.339] [INFO] ma-core - mongodb conected
[2022-01-20T22:35:19.049] [INFO] ma-core - database URI mongodb://localhost:27017/core
[2022-01-20T22:35:19.661] [INFO] ma-core - server started at port 5000
[2022-01-20T22:35:19.682] [INFO] ma-core - mongodb conected
[2022-01-20T22:35:21.615] [INFO] ma-core - database URI mongodb://localhost:27017/core
[2022-01-20T22:35:22.229] [INFO] ma-core - server started at port 5000
[2022-01-20T22:35:22.248] [INFO] ma-core - mongodb conected
[2022-01-20T22:35:39.959] [INFO] ma-core - database URI mongodb://localhost:27017/core
[2022-01-20T22:35:40.544] [INFO] ma-core - server started at port 5000
[2022-01-20T22:35:40.563] [INFO] ma-core - mongodb conected
[2022-01-20T22:36:54.674] [INFO] ma-core - database URI mongodb://localhost:27017/core
[2022-01-20T22:36:55.264] [INFO] ma-core - server started at port 5000
[2022-01-20T22:36:55.286] [INFO] ma-core - mongodb conected
[2022-01-20T22:37:10.783] [INFO] ma-core - database URI mongodb://localhost:27017/core
[2022-01-20T22:37:11.388] [INFO] ma-core - server started at port 5000
[2022-01-20T22:37:11.408] [INFO] ma-core - mongodb conected
[2022-01-20T22:37:36.416] [INFO] ma-core - database URI mongodb://localhost:27017/core
[2022-01-20T22:37:37.006] [INFO] ma-core - server started at port 5000
[2022-01-20T22:37:37.033] [INFO] ma-core - mongodb conected
[2022-01-20T22:37:40.383] [INFO] ma-core - database URI mongodb://localhost:27017/core
[2022-01-20T22:37:41.012] [INFO] ma-core - server started at port 5000
[2022-01-20T22:37:41.031] [INFO] ma-core - mongodb conected
[2022-01-20T22:37:44.499] [INFO] ma-core - get all posts success /api/newsfeed/getAllPosts GET ::1
[2022-01-20T22:38:43.896] [INFO] ma-core - database URI mongodb://localhost:27017/core
[2022-01-20T22:38:44.516] [INFO] ma-core - server started at port 5000
[2022-01-20T22:38:44.543] [INFO] ma-core - mongodb conected
[2022-01-20T22:38:47.107] [INFO] ma-core - get all posts success /api/newsfeed/getAllPosts GET ::1
[2022-01-20T22:39:20.785] [INFO] ma-core - database URI mongodb://localhost:27017/core
[2022-01-20T22:39:21.724] [INFO] ma-core - server started at port 5000
[2022-01-20T22:39:21.747] [INFO] ma-core - mongodb conected
[2022-01-20T22:39:22.493] [INFO] ma-core - get all posts success /api/newsfeed/getAllPosts GET ::1
[2022-01-20T22:40:59.010] [INFO] ma-core - database URI mongodb://localhost:27017/core
[2022-01-20T22:40:59.639] [INFO] ma-core - server started at port 5000
[2022-01-20T22:40:59.663] [INFO] ma-core - mongodb conected
[2022-01-20T22:41:05.204] [INFO] ma-core - database URI mongodb://localhost:27017/core
[2022-01-20T22:41:05.787] [INFO] ma-core - server started at port 5000
[2022-01-20T22:41:05.807] [INFO] ma-core - mongodb conected
[2022-01-20T22:41:10.177] [INFO] ma-core - database URI mongodb://localhost:27017/core
[2022-01-20T22:41:10.759] [INFO] ma-core - server started at port 5000
[2022-01-20T22:41:10.782] [INFO] ma-core - mongodb conected
[2022-01-20T22:41:53.323] [INFO] ma-core - database URI mongodb://localhost:27017/core
[2022-01-20T22:41:53.935] [INFO] ma-core - server started at port 5000
[2022-01-20T22:41:53.958] [INFO] ma-core - mongodb conected
[2022-01-20T22:41:59.297] [INFO] ma-core - database URI mongodb://localhost:27017/core
[2022-01-20T22:41:59.903] [INFO] ma-core - server started at port 5000
[2022-01-20T22:41:59.922] [INFO] ma-core - mongodb conected
[2022-01-20T22:42:08.872] [INFO] ma-core - database URI mongodb://localhost:27017/core
[2022-01-20T22:42:09.802] [INFO] ma-core - server started at port 5000
[2022-01-20T22:42:09.841] [INFO] ma-core - mongodb conected
[2022-01-20T22:42:11.688] [INFO] ma-core - database URI mongodb://localhost:27017/core
[2022-01-20T22:42:12.282] [INFO] ma-core - server started at port 5000
[2022-01-20T22:42:12.301] [INFO] ma-core - mongodb conected
[2022-01-20T22:42:22.837] [INFO] ma-core - database URI mongodb://localhost:27017/core
[2022-01-20T22:42:23.427] [INFO] ma-core - server started at port 5000
[2022-01-20T22:42:23.446] [INFO] ma-core - mongodb conected
[2022-01-20T22:42:26.118] [INFO] ma-core - database URI mongodb://localhost:27017/core
[2022-01-20T22:42:27.016] [INFO] ma-core - server started at port 5000
[2022-01-20T22:42:27.036] [INFO] ma-core - mongodb conected
[2022-01-20T22:42:27.840] [INFO] ma-core - database URI mongodb://localhost:27017/core
[2022-01-20T22:42:28.446] [INFO] ma-core - server started at port 5000
[2022-01-20T22:42:28.464] [INFO] ma-core - mongodb conected
[2022-01-20T22:42:31.163] [INFO] ma-core - database URI mongodb://localhost:27017/core
[2022-01-20T22:42:31.773] [INFO] ma-core - server started at port 5000
[2022-01-20T22:42:31.794] [INFO] ma-core - mongodb conected
[2022-01-20T22:42:33.152] [INFO] ma-core - database URI mongodb://localhost:27017/core
[2022-01-20T22:42:33.751] [INFO] ma-core - server started at port 5000
[2022-01-20T22:42:33.779] [INFO] ma-core - mongodb conected
[2022-01-20T22:42:36.728] [INFO] ma-core - database URI mongodb://localhost:27017/core
[2022-01-20T22:42:37.386] [INFO] ma-core - server started at port 5000
[2022-01-20T22:42:37.412] [INFO] ma-core - mongodb conected
[2022-01-20T22:42:50.389] [INFO] ma-core - database URI mongodb://localhost:27017/core
[2022-01-20T22:42:51.165] [INFO] ma-core - server started at port 5000
[2022-01-20T22:42:51.194] [INFO] ma-core - mongodb conected
[2022-01-20T22:42:52.165] [INFO] ma-core - database URI mongodb://localhost:27017/core
[2022-01-20T22:42:52.765] [INFO] ma-core - server started at port 5000
[2022-01-20T22:42:52.786] [INFO] ma-core - mongodb conected
[2022-01-20T22:43:24.863] [INFO] ma-core - get all posts success /api/newsfeed/getAllPosts GET ::1
[2022-01-20T22:44:05.483] [INFO] ma-core - database URI mongodb://localhost:27017/core
[2022-01-20T22:44:06.113] [INFO] ma-core - server started at port 5000
[2022-01-20T22:44:06.136] [INFO] ma-core - mongodb conected
[2022-01-20T22:44:09.853] [INFO] ma-core - database URI mongodb://localhost:27017/core
[2022-01-20T22:44:10.548] [INFO] ma-core - server started at port 5000
[2022-01-20T22:44:10.572] [INFO] ma-core - mongodb conected
[2022-01-20T22:44:12.957] [INFO] ma-core - get all posts success /api/newsfeed/getAllPosts GET ::1
[2022-01-20T22:44:55.464] [INFO] ma-core - database URI mongodb://localhost:27017/core
[2022-01-20T22:44:56.112] [INFO] ma-core - server started at port 5000
[2022-01-20T22:44:56.132] [INFO] ma-core - mongodb conected
[2022-01-20T22:45:12.709] [INFO] ma-core - database URI mongodb://localhost:27017/core
[2022-01-20T22:45:13.399] [INFO] ma-core - server started at port 5000
[2022-01-20T22:45:13.423] [INFO] ma-core - mongodb conected
[2022-01-20T22:45:14.611] [INFO] ma-core - database URI mongodb://localhost:27017/core
[2022-01-20T22:45:15.251] [INFO] ma-core - server started at port 5000
[2022-01-20T22:45:15.277] [INFO] ma-core - mongodb conected
[2022-01-20T22:45:20.846] [INFO] ma-core - database URI mongodb://localhost:27017/core
[2022-01-20T22:45:21.525] [INFO] ma-core - server started at port 5000
[2022-01-20T22:45:21.560] [INFO] ma-core - mongodb conected
[2022-01-20T22:45:22.227] [INFO] ma-core - database URI mongodb://localhost:27017/core
[2022-01-20T22:45:22.839] [INFO] ma-core - server started at port 5000
[2022-01-20T22:45:22.858] [INFO] ma-core - mongodb conected
[2022-01-20T22:45:26.809] [INFO] ma-core - database URI mongodb://localhost:27017/core
[2022-01-20T22:45:27.422] [INFO] ma-core - server started at port 5000
[2022-01-20T22:45:27.445] [INFO] ma-core - mongodb conected
[2022-01-20T22:45:30.706] [INFO] ma-core - database URI mongodb://localhost:27017/core
[2022-01-20T22:45:31.274] [INFO] ma-core - server started at port 5000
[2022-01-20T22:45:31.294] [INFO] ma-core - mongodb conected
[2022-01-20T22:45:39.042] [INFO] ma-core - database URI mongodb://localhost:27017/core
[2022-01-20T22:45:39.688] [INFO] ma-core - server started at port 5000
[2022-01-20T22:45:39.708] [INFO] ma-core - mongodb conected
[2022-01-20T22:45:40.949] [INFO] ma-core - database URI mongodb://localhost:27017/core
[2022-01-20T22:45:41.548] [INFO] ma-core - server started at port 5000
[2022-01-20T22:45:41.567] [INFO] ma-core - mongodb conected
[2022-01-20T22:45:43.272] [INFO] ma-core - database URI mongodb://localhost:27017/core
[2022-01-20T22:45:43.876] [INFO] ma-core - server started at port 5000
[2022-01-20T22:45:43.899] [INFO] ma-core - mongodb conected
[2022-01-20T22:45:44.737] [INFO] ma-core - database URI mongodb://localhost:27017/core
[2022-01-20T22:45:45.343] [INFO] ma-core - server started at port 5000
[2022-01-20T22:45:45.362] [INFO] ma-core - mongodb conected
[2022-01-20T22:46:05.022] [INFO] ma-core - get all posts success /api/newsfeed/getAllPosts GET ::1
[2022-01-20T22:46:40.154] [INFO] ma-core - database URI mongodb://localhost:27017/core
[2022-01-20T22:46:41.090] [INFO] ma-core - server started at port 5000
[2022-01-20T22:46:41.124] [INFO] ma-core - mongodb conected
[2022-01-20T22:46:49.275] [INFO] ma-core - database URI mongodb://localhost:27017/core
[2022-01-20T22:46:49.907] [INFO] ma-core - server started at port 5000
[2022-01-20T22:46:50.454] [INFO] ma-core - database URI mongodb://localhost:27017/core
[2022-01-20T22:46:51.068] [INFO] ma-core - server started at port 5000
[2022-01-20T22:46:51.092] [INFO] ma-core - mongodb conected
[2022-01-20T22:46:55.567] [INFO] ma-core - get all posts success /api/newsfeed/getAllPosts GET ::1
[2022-01-20T22:47:14.554] [INFO] ma-core - database URI mongodb://localhost:27017/core
[2022-01-20T22:47:15.144] [INFO] ma-core - server started at port 5000
[2022-01-20T22:47:15.168] [INFO] ma-core - mongodb conected
[2022-01-20T22:47:15.724] [INFO] ma-core - database URI mongodb://localhost:27017/core
[2022-01-20T22:47:16.468] [INFO] ma-core - server started at port 5000
[2022-01-20T22:47:16.495] [INFO] ma-core - mongodb conected
[2022-01-20T22:47:17.460] [INFO] ma-core - get all posts success /api/newsfeed/getAllPosts GET ::1
[2022-01-20T22:48:16.210] [INFO] ma-core - database URI mongodb://localhost:27017/core
[2022-01-20T22:48:16.865] [INFO] ma-core - server started at port 5000
[2022-01-20T22:48:16.884] [INFO] ma-core - mongodb conected
[2022-01-20T22:48:25.954] [INFO] ma-core - database URI mongodb://localhost:27017/core
[2022-01-20T22:48:26.811] [INFO] ma-core - server started at port 5000
[2022-01-20T22:48:26.852] [INFO] ma-core - mongodb conected
[2022-01-20T22:48:32.416] [INFO] ma-core - database URI mongodb://localhost:27017/core
[2022-01-20T22:48:33.084] [INFO] ma-core - server started at port 5000
[2022-01-20T22:48:33.108] [INFO] ma-core - mongodb conected
[2022-01-20T22:48:36.759] [INFO] ma-core - database URI mongodb://localhost:27017/core
[2022-01-20T22:48:37.397] [INFO] ma-core - server started at port 5000
[2022-01-20T22:48:37.416] [INFO] ma-core - mongodb conected
[2022-01-20T22:48:40.474] [INFO] ma-core - database URI mongodb://localhost:27017/core
[2022-01-20T22:48:41.188] [INFO] ma-core - server started at port 5000
[2022-01-20T22:48:41.221] [INFO] ma-core - mongodb conected
[2022-01-20T22:49:07.026] [INFO] ma-core - database URI mongodb://localhost:27017/core
[2022-01-20T22:49:07.612] [INFO] ma-core - server started at port 5000
[2022-01-20T22:49:07.633] [INFO] ma-core - mongodb conected
[2022-01-20T22:49:09.822] [INFO] ma-core - get all posts success /api/newsfeed/getAllPosts GET ::1
[2022-01-20T22:49:47.188] [INFO] ma-core - database URI mongodb://localhost:27017/core
[2022-01-20T22:49:47.818] [INFO] ma-core - server started at port 5000
[2022-01-20T22:49:47.845] [INFO] ma-core - mongodb conected
[2022-01-20T22:49:50.151] [INFO] ma-core - database URI mongodb://localhost:27017/core
[2022-01-20T22:49:50.802] [INFO] ma-core - server started at port 5000
[2022-01-20T22:49:50.822] [INFO] ma-core - mongodb conected
[2022-01-20T22:49:53.217] [INFO] ma-core - database URI mongodb://localhost:27017/core
[2022-01-20T22:49:53.862] [INFO] ma-core - server started at port 5000
[2022-01-20T22:49:53.901] [INFO] ma-core - mongodb conected
[2022-01-20T22:50:02.212] [INFO] ma-core - database URI mongodb://localhost:27017/core
[2022-01-20T22:50:02.855] [INFO] ma-core - server started at port 5000
[2022-01-20T22:50:02.884] [INFO] ma-core - mongodb conected
[2022-01-20T22:50:06.672] [INFO] ma-core - database URI mongodb://localhost:27017/core
[2022-01-20T22:50:07.263] [INFO] ma-core - server started at port 5000
[2022-01-20T22:50:07.284] [INFO] ma-core - mongodb conected
[2022-01-20T22:50:10.732] [INFO] ma-core - database URI mongodb://localhost:27017/core
[2022-01-20T22:50:11.483] [INFO] ma-core - server started at port 5000
[2022-01-20T22:50:11.512] [INFO] ma-core - mongodb conected
[2022-01-20T22:50:13.051] [INFO] ma-core - get all posts success /api/newsfeed/getAllPosts GET ::1
[2022-01-20T22:51:16.937] [INFO] ma-core - database URI mongodb://localhost:27017/core
[2022-01-20T22:51:17.551] [INFO] ma-core - server started at port 5000
[2022-01-20T22:51:17.574] [INFO] ma-core - mongodb conected
[2022-01-20T22:52:16.910] [INFO] ma-core - database URI mongodb://localhost:27017/core
[2022-01-20T22:52:17.500] [INFO] ma-core - server started at port 5000
[2022-01-20T22:52:17.522] [INFO] ma-core - mongodb conected
[2022-01-20T22:52:19.822] [INFO] ma-core - database URI mongodb://localhost:27017/core
[2022-01-20T22:52:20.414] [INFO] ma-core - server started at port 5000
[2022-01-20T22:52:20.434] [INFO] ma-core - mongodb conected
[2022-01-20T22:52:22.955] [INFO] ma-core - database URI mongodb://localhost:27017/core
[2022-01-20T22:52:23.550] [INFO] ma-core - server started at port 5000
[2022-01-20T22:52:23.569] [INFO] ma-core - mongodb conected
[2022-01-20T22:52:51.694] [INFO] ma-core - database URI mongodb://localhost:27017/core
[2022-01-20T22:52:52.303] [INFO] ma-core - server started at port 5000
[2022-01-20T22:52:52.328] [INFO] ma-core - mongodb conected
[2022-01-20T22:52:58.147] [INFO] ma-core - database URI mongodb://localhost:27017/core
[2022-01-20T22:52:58.766] [INFO] ma-core - server started at port 5000
[2022-01-20T22:52:58.788] [INFO] ma-core - mongodb conected
[2022-01-20T22:53:06.040] [INFO] ma-core - database URI mongodb://localhost:27017/core
[2022-01-20T22:53:06.757] [INFO] ma-core - server started at port 5000
[2022-01-20T22:53:06.788] [INFO] ma-core - mongodb conected
[2022-01-20T22:53:08.489] [INFO] ma-core - database URI mongodb://localhost:27017/core
[2022-01-20T22:53:09.072] [INFO] ma-core - server started at port 5000
[2022-01-20T22:53:09.091] [INFO] ma-core - mongodb conected
[2022-01-20T22:53:29.869] [INFO] ma-core - database URI mongodb://localhost:27017/core
[2022-01-20T22:53:30.442] [INFO] ma-core - server started at port 5000
[2022-01-20T22:53:30.461] [INFO] ma-core - mongodb conected
[2022-01-20T22:53:42.324] [INFO] ma-core - database URI mongodb://localhost:27017/core
[2022-01-20T22:53:42.921] [INFO] ma-core - server started at port 5000
[2022-01-20T22:53:42.951] [INFO] ma-core - mongodb conected
[2022-01-20T22:53:43.582] [INFO] ma-core - database URI mongodb://localhost:27017/core
[2022-01-20T22:53:44.169] [INFO] ma-core - server started at port 5000
[2022-01-20T22:53:44.188] [INFO] ma-core - mongodb conected
[2022-01-20T22:53:54.731] [INFO] ma-core - database URI mongodb://localhost:27017/core
[2022-01-20T22:53:55.313] [INFO] ma-core - server started at port 5000
[2022-01-20T22:53:55.336] [INFO] ma-core - mongodb conected
[2022-01-20T22:53:59.528] [INFO] ma-core - database URI mongodb://localhost:27017/core
[2022-01-20T22:54:00.238] [INFO] ma-core - server started at port 5000
[2022-01-20T22:54:00.265] [INFO] ma-core - mongodb conected
[2022-01-20T22:54:07.220] [INFO] ma-core - database URI mongodb://localhost:27017/core
[2022-01-20T22:54:07.810] [INFO] ma-core - server started at port 5000
[2022-01-20T22:54:07.829] [INFO] ma-core - mongodb conected
[2022-01-20T22:54:12.185] [INFO] ma-core - get all posts success /api/newsfeed/getAllPosts GET ::1
[2022-01-20T22:57:13.372] [INFO] ma-core - database URI mongodb://localhost:27017/core
[2022-01-20T22:57:14.208] [INFO] ma-core - server started at port 5000
[2022-01-20T22:57:14.228] [INFO] ma-core - mongodb conected
[2022-01-20T22:57:14.659] [INFO] ma-core - get all posts success /api/newsfeed/getAllPosts GET ::1
[2022-01-20T22:57:27.171] [INFO] ma-core - database URI mongodb://localhost:27017/core
[2022-01-20T22:57:27.815] [INFO] ma-core - server started at port 5000
[2022-01-20T22:57:27.839] [INFO] ma-core - mongodb conected
[2022-01-20T22:57:32.114] [INFO] ma-core - database URI mongodb://localhost:27017/core
[2022-01-20T22:57:32.697] [INFO] ma-core - server started at port 5000
[2022-01-20T22:57:32.723] [INFO] ma-core - mongodb conected
[2022-01-20T22:57:37.328] [INFO] ma-core - database URI mongodb://localhost:27017/core
[2022-01-20T22:57:37.938] [INFO] ma-core - server started at port 5000
[2022-01-20T22:57:37.958] [INFO] ma-core - mongodb conected
[2022-01-20T22:57:38.474] [INFO] ma-core - database URI mongodb://localhost:27017/core
[2022-01-20T22:57:39.065] [INFO] ma-core - server started at port 5000
[2022-01-20T22:57:39.091] [INFO] ma-core - mongodb conected
[2022-01-20T22:58:11.060] [INFO] ma-core - database URI mongodb://localhost:27017/core
[2022-01-20T22:58:11.681] [INFO] ma-core - server started at port 5000
[2022-01-20T22:58:11.709] [INFO] ma-core - mongodb conected
[2022-01-20T22:58:15.680] [INFO] ma-core - database URI mongodb://localhost:27017/core
[2022-01-20T22:58:16.263] [INFO] ma-core - server started at port 5000
[2022-01-20T22:58:16.287] [INFO] ma-core - mongodb conected
[2022-01-20T22:58:27.897] [INFO] ma-core - database URI mongodb://localhost:27017/core
[2022-01-20T22:58:28.915] [INFO] ma-core - server started at port 5000
[2022-01-20T22:58:28.942] [INFO] ma-core - mongodb conected
[2022-01-20T22:58:30.761] [INFO] ma-core - get all posts success /api/newsfeed/getAllPosts GET ::1
[2022-01-20T22:59:52.919] [INFO] ma-core - database URI mongodb://localhost:27017/core
[2022-01-20T22:59:53.505] [INFO] ma-core - server started at port 5000
[2022-01-20T22:59:53.525] [INFO] ma-core - mongodb conected
[2022-01-20T23:00:08.179] [INFO] ma-core - get all posts success /api/newsfeed/getAllPosts GET ::1
[2022-01-20T23:00:26.672] [INFO] ma-core - database URI mongodb://localhost:27017/core
[2022-01-20T23:00:27.416] [INFO] ma-core - server started at port 5000
[2022-01-20T23:00:27.435] [INFO] ma-core - mongodb conected
[2022-01-20T23:00:29.421] [INFO] ma-core - database URI mongodb://localhost:27017/core
[2022-01-20T23:00:30.224] [INFO] ma-core - server started at port 5000
[2022-01-20T23:00:30.247] [INFO] ma-core - mongodb conected
[2022-01-20T23:00:32.063] [INFO] ma-core - get all posts success /api/newsfeed/getAllPosts GET ::1
[2022-01-20T23:01:57.138] [INFO] ma-core - database URI mongodb://localhost:27017/core
[2022-01-20T23:01:58.038] [INFO] ma-core - server started at port 5000
[2022-01-20T23:01:58.064] [INFO] ma-core - mongodb conected
[2022-01-20T23:01:59.336] [INFO] ma-core - database URI mongodb://localhost:27017/core
[2022-01-20T23:01:59.941] [INFO] ma-core - server started at port 5000
[2022-01-20T23:01:59.960] [INFO] ma-core - mongodb conected
[2022-01-20T23:02:03.565] [INFO] ma-core - database URI mongodb://localhost:27017/core
[2022-01-20T23:02:04.303] [INFO] ma-core - server started at port 5000
[2022-01-20T23:02:04.322] [INFO] ma-core - mongodb conected
[2022-01-20T23:02:06.306] [INFO] ma-core - database URI mongodb://localhost:27017/core
[2022-01-20T23:02:07.046] [INFO] ma-core - server started at port 5000
[2022-01-20T23:02:07.065] [INFO] ma-core - mongodb conected
[2022-01-20T23:02:07.683] [INFO] ma-core - database URI mongodb://localhost:27017/core
[2022-01-20T23:02:08.316] [INFO] ma-core - server started at port 5000
[2022-01-20T23:02:08.338] [INFO] ma-core - mongodb conected
[2022-01-20T23:02:13.522] [INFO] ma-core - database URI mongodb://localhost:27017/core
[2022-01-20T23:02:14.112] [INFO] ma-core - server started at port 5000
[2022-01-20T23:02:14.138] [INFO] ma-core - mongodb conected
[2022-01-20T23:02:17.639] [INFO] ma-core - database URI mongodb://localhost:27017/core
[2022-01-20T23:02:18.359] [INFO] ma-core - server started at port 5000
[2022-01-20T23:02:18.384] [INFO] ma-core - mongodb conected
[2022-01-20T23:02:19.640] [INFO] ma-core - get all posts success /api/newsfeed/getAllPosts GET ::1
[2022-01-20T23:04:30.980] [INFO] ma-core - database URI mongodb://localhost:27017/core
[2022-01-20T23:04:31.580] [INFO] ma-core - server started at port 5000
[2022-01-20T23:04:31.600] [INFO] ma-core - mongodb conected
[2022-01-20T23:05:20.698] [INFO] ma-core - database URI mongodb://localhost:27017/core
[2022-01-20T23:05:21.307] [INFO] ma-core - server started at port 5000
[2022-01-20T23:05:21.334] [INFO] ma-core - mongodb conected
[2022-01-20T23:05:34.659] [INFO] ma-core - database URI mongodb://localhost:27017/core
[2022-01-20T23:05:35.373] [INFO] ma-core - server started at port 5000
[2022-01-20T23:05:35.393] [INFO] ma-core - mongodb conected
[2022-01-20T23:05:38.574] [INFO] ma-core - database URI mongodb://localhost:27017/core
[2022-01-20T23:05:39.150] [INFO] ma-core - server started at port 5000
[2022-01-20T23:05:39.169] [INFO] ma-core - mongodb conected
[2022-01-20T23:05:43.613] [INFO] ma-core - database URI mongodb://localhost:27017/core
[2022-01-20T23:05:44.248] [INFO] ma-core - server started at port 5000
[2022-01-20T23:05:44.273] [INFO] ma-core - mongodb conected
[2022-01-20T23:06:28.136] [INFO] ma-core - database URI mongodb://localhost:27017/core
[2022-01-20T23:06:28.796] [INFO] ma-core - server started at port 5000
[2022-01-20T23:06:28.826] [INFO] ma-core - mongodb conected
[2022-01-20T23:06:30.162] [INFO] ma-core - database URI mongodb://localhost:27017/core
[2022-01-20T23:06:30.806] [INFO] ma-core - server started at port 5000
[2022-01-20T23:06:30.831] [INFO] ma-core - mongodb conected
[2022-01-20T23:06:31.638] [INFO] ma-core - database URI mongodb://localhost:27017/core
[2022-01-20T23:06:32.228] [INFO] ma-core - server started at port 5000
[2022-01-20T23:06:32.252] [INFO] ma-core - mongodb conected
[2022-01-20T23:06:33.369] [INFO] ma-core - database URI mongodb://localhost:27017/core
[2022-01-20T23:06:33.976] [INFO] ma-core - server started at port 5000
[2022-01-20T23:06:34.002] [INFO] ma-core - mongodb conected
[2022-01-20T23:07:04.033] [INFO] ma-core - database URI mongodb://localhost:27017/core
[2022-01-20T23:07:04.633] [INFO] ma-core - server started at port 5000
[2022-01-20T23:07:04.659] [INFO] ma-core - mongodb conected
[2022-01-20T23:07:43.333] [INFO] ma-core - database URI mongodb://localhost:27017/core
[2022-01-20T23:07:43.927] [INFO] ma-core - server started at port 5000
[2022-01-20T23:07:43.950] [INFO] ma-core - mongodb conected
[2022-01-20T23:08:02.680] [INFO] ma-core - database URI mongodb://localhost:27017/core
[2022-01-20T23:08:03.352] [INFO] ma-core - server started at port 5000
[2022-01-20T23:08:03.374] [INFO] ma-core - mongodb conected
[2022-01-20T23:08:10.732] [INFO] ma-core - database URI mongodb://localhost:27017/core
[2022-01-20T23:08:11.373] [INFO] ma-core - server started at port 5000
[2022-01-20T23:08:11.392] [INFO] ma-core - mongodb conected
[2022-01-20T23:08:17.919] [INFO] ma-core - database URI mongodb://localhost:27017/core
[2022-01-20T23:08:18.560] [INFO] ma-core - server started at port 5000
[2022-01-20T23:08:18.586] [INFO] ma-core - mongodb conected
[2022-01-20T23:08:20.297] [INFO] ma-core - database URI mongodb://localhost:27017/core
[2022-01-20T23:08:20.961] [INFO] ma-core - server started at port 5000
[2022-01-20T23:08:20.983] [INFO] ma-core - mongodb conected
[2022-01-20T23:08:28.633] [INFO] ma-core - get all posts success /api/newsfeed/getAllPosts GET ::1
[2022-01-20T23:10:06.855] [INFO] ma-core - database URI mongodb://localhost:27017/core
[2022-01-20T23:10:07.484] [INFO] ma-core - server started at port 5000
[2022-01-20T23:10:07.506] [INFO] ma-core - mongodb conected
[2022-01-20T23:11:14.632] [INFO] ma-core - get all posts success /api/newsfeed/getAllPosts GET ::1
[2022-01-20T23:13:47.885] [INFO] ma-core - database URI mongodb://localhost:27017/core
[2022-01-20T23:13:48.476] [INFO] ma-core - server started at port 5000
[2022-01-20T23:13:48.510] [INFO] ma-core - mongodb conected
[2022-01-20T23:13:54.811] [INFO] ma-core - get all posts success /api/newsfeed/getAllPosts GET ::1
[2022-01-20T23:14:20.518] [INFO] ma-core - database URI mongodb://localhost:27017/core
[2022-01-20T23:14:21.132] [INFO] ma-core - server started at port 5000
[2022-01-20T23:14:21.153] [INFO] ma-core - mongodb conected
[2022-01-20T23:14:40.644] [INFO] ma-core - database URI mongodb://localhost:27017/core
[2022-01-20T23:14:41.396] [INFO] ma-core - server started at port 5000
[2022-01-20T23:14:41.420] [INFO] ma-core - mongodb conected
[2022-01-20T23:14:43.945] [INFO] ma-core - get all posts success /api/newsfeed/getAllPosts GET ::1
[2022-01-20T23:15:14.757] [INFO] ma-core - database URI mongodb://localhost:27017/core
[2022-01-20T23:15:15.408] [INFO] ma-core - server started at port 5000
[2022-01-20T23:15:15.433] [INFO] ma-core - mongodb conected
[2022-01-20T23:15:16.677] [INFO] ma-core - get all posts success /api/newsfeed/getAllPosts GET ::1
[2022-01-20T23:15:34.904] [INFO] ma-core - database URI mongodb://localhost:27017/core
[2022-01-20T23:15:35.520] [INFO] ma-core - server started at port 5000
[2022-01-20T23:15:35.544] [INFO] ma-core - mongodb conected
[2022-01-20T23:15:38.839] [INFO] ma-core - get all posts success /api/newsfeed/getAllPosts GET ::1
[2022-01-20T23:17:11.033] [INFO] ma-core - database URI mongodb://localhost:27017/core
[2022-01-20T23:17:11.671] [INFO] ma-core - server started at port 5000
[2022-01-20T23:17:11.691] [INFO] ma-core - mongodb conected
[2022-01-20T23:17:16.532] [INFO] ma-core - database URI mongodb://localhost:27017/core
[2022-01-20T23:17:17.208] [INFO] ma-core - server started at port 5000
[2022-01-20T23:17:17.243] [INFO] ma-core - mongodb conected
[2022-01-20T23:17:19.047] [INFO] ma-core - get all posts success /api/newsfeed/getAllPosts GET ::1
[2022-01-20T23:18:21.636] [INFO] ma-core - database URI mongodb://localhost:27017/core
[2022-01-20T23:18:22.255] [INFO] ma-core - server started at port 5000
[2022-01-20T23:18:22.276] [INFO] ma-core - mongodb conected
[2022-01-20T23:18:27.836] [INFO] ma-core - database URI mongodb://localhost:27017/core
[2022-01-20T23:18:28.785] [INFO] ma-core - server started at port 5000
[2022-01-20T23:18:28.819] [INFO] ma-core - mongodb conected
[2022-01-20T23:18:29.792] [INFO] ma-core - database URI mongodb://localhost:27017/core
[2022-01-20T23:18:30.436] [INFO] ma-core - server started at port 5000
[2022-01-20T23:18:30.455] [INFO] ma-core - mongodb conected
[2022-01-20T23:18:48.634] [INFO] ma-core - database URI mongodb://localhost:27017/core
[2022-01-20T23:18:49.612] [INFO] ma-core - server started at port 5000
[2022-01-20T23:18:49.660] [INFO] ma-core - mongodb conected
[2022-01-20T23:18:52.137] [INFO] ma-core - get all posts success /api/newsfeed/getAllPosts GET ::1
[2022-01-20T23:19:52.854] [INFO] ma-core - database URI mongodb://localhost:27017/core
[2022-01-20T23:19:53.720] [INFO] ma-core - server started at port 5000
[2022-01-20T23:19:53.766] [INFO] ma-core - mongodb conected
[2022-01-20T23:20:16.981] [INFO] ma-core - database URI mongodb://localhost:27017/core
[2022-01-20T23:20:17.926] [INFO] ma-core - server started at port 5000
[2022-01-20T23:20:17.945] [INFO] ma-core - mongodb conected
[2022-01-20T23:20:25.889] [INFO] ma-core - database URI mongodb://localhost:27017/core
[2022-01-20T23:20:26.697] [INFO] ma-core - server started at port 5000
[2022-01-20T23:20:26.716] [INFO] ma-core - mongodb conected
[2022-01-20T23:20:38.147] [INFO] ma-core - database URI mongodb://localhost:27017/core
[2022-01-20T23:20:39.039] [INFO] ma-core - server started at port 5000
[2022-01-20T23:20:39.068] [INFO] ma-core - mongodb conected
[2022-01-20T23:20:47.472] [INFO] ma-core - get all posts success /api/newsfeed/getAllPosts GET ::1
[2022-01-20T23:21:03.843] [INFO] ma-core - database URI mongodb://localhost:27017/core
[2022-01-20T23:21:04.968] [INFO] ma-core - server started at port 5000
[2022-01-20T23:21:04.990] [INFO] ma-core - mongodb conected
[2022-01-20T23:21:05.234] [INFO] ma-core - get all posts success /api/newsfeed/getAllPosts GET ::1
[2022-01-20T23:21:50.878] [INFO] ma-core - database URI mongodb://localhost:27017/core
[2022-01-20T23:21:51.804] [INFO] ma-core - server started at port 5000
[2022-01-20T23:21:51.829] [INFO] ma-core - mongodb conected
[2022-01-20T23:23:57.430] [INFO] ma-core - database URI mongodb://localhost:27017/core
[2022-01-20T23:23:58.361] [INFO] ma-core - server started at port 5000
[2022-01-20T23:23:58.380] [INFO] ma-core - mongodb conected
[2022-01-20T23:24:00.843] [INFO] ma-core - database URI mongodb://localhost:27017/core
[2022-01-20T23:24:01.662] [INFO] ma-core - server started at port 5000
[2022-01-20T23:24:01.689] [INFO] ma-core - mongodb conected
[2022-01-20T23:24:05.374] [INFO] ma-core - database URI mongodb://localhost:27017/core
[2022-01-20T23:24:06.265] [INFO] ma-core - server started at port 5000
[2022-01-20T23:24:06.290] [INFO] ma-core - mongodb conected
[2022-01-20T23:24:08.483] [INFO] ma-core - database URI mongodb://localhost:27017/core
[2022-01-20T23:24:09.442] [INFO] ma-core - server started at port 5000
[2022-01-20T23:24:09.468] [INFO] ma-core - mongodb conected
[2022-01-20T23:26:21.113] [INFO] ma-core - get all posts success /api/newsfeed/getAllPosts GET ::1
[2022-01-20T23:32:59.203] [INFO] ma-core - database URI mongodb://localhost:27017/core
[2022-01-20T23:33:00.201] [INFO] ma-core - server started at port 5000
[2022-01-20T23:33:00.245] [INFO] ma-core - mongodb conected
[2022-01-20T23:35:01.564] [INFO] ma-core - database URI mongodb://localhost:27017/core
[2022-01-20T23:35:02.311] [INFO] ma-core - server started at port 5000
[2022-01-20T23:35:02.337] [INFO] ma-core - mongodb conected
[2022-01-20T23:36:45.471] [INFO] ma-core - database URI mongodb://localhost:27017/core
[2022-01-20T23:36:46.215] [INFO] ma-core - server started at port 5000
[2022-01-20T23:36:46.239] [INFO] ma-core - mongodb conected
[2022-01-20T23:36:48.422] [INFO] ma-core - get all posts success /api/newsfeed/getAllPosts GET ::1
[2022-01-20T23:37:24.327] [INFO] ma-core - database URI mongodb://localhost:27017/core
[2022-01-20T23:37:24.957] [INFO] ma-core - server started at port 5000
[2022-01-20T23:37:24.976] [INFO] ma-core - mongodb conected
[2022-01-20T23:37:25.560] [INFO] ma-core - get all posts success /api/newsfeed/getAllPosts GET ::1
[2022-01-20T23:39:09.936] [INFO] ma-core - database URI mongodb://localhost:27017/core
[2022-01-20T23:39:10.747] [INFO] ma-core - server started at port 5000
[2022-01-20T23:39:10.791] [INFO] ma-core - mongodb conected
[2022-01-20T23:39:12.821] [INFO] ma-core - get all posts success /api/newsfeed/getAllPosts GET ::1
[2022-01-20T23:42:11.953] [INFO] ma-core - database URI mongodb://localhost:27017/core
[2022-01-20T23:42:12.528] [INFO] ma-core - server started at port 5000
[2022-01-20T23:42:12.551] [INFO] ma-core - mongodb conected
[2022-01-20T23:42:17.346] [INFO] ma-core - database URI mongodb://localhost:27017/core
[2022-01-20T23:42:18.109] [INFO] ma-core - server started at port 5000
[2022-01-20T23:42:18.128] [INFO] ma-core - mongodb conected
[2022-01-20T23:42:21.526] [INFO] ma-core - database URI mongodb://localhost:27017/core
[2022-01-20T23:42:22.136] [INFO] ma-core - server started at port 5000
[2022-01-20T23:42:22.162] [INFO] ma-core - mongodb conected
[2022-01-20T23:42:23.059] [INFO] ma-core - database URI mongodb://localhost:27017/core
[2022-01-20T23:42:23.756] [INFO] ma-core - server started at port 5000
[2022-01-20T23:42:23.798] [INFO] ma-core - mongodb conected
[2022-01-20T23:42:26.250] [INFO] ma-core - database URI mongodb://localhost:27017/core
[2022-01-20T23:42:26.869] [INFO] ma-core - server started at port 5000
[2022-01-20T23:42:26.889] [INFO] ma-core - mongodb conected
[2022-01-20T23:42:34.248] [INFO] ma-core - database URI mongodb://localhost:27017/core
[2022-01-20T23:42:34.893] [INFO] ma-core - server started at port 5000
[2022-01-20T23:42:34.916] [INFO] ma-core - mongodb conected
[2022-01-20T23:42:38.938] [INFO] ma-core - database URI mongodb://localhost:27017/core
[2022-01-20T23:42:39.649] [INFO] ma-core - server started at port 5000
[2022-01-20T23:42:39.668] [INFO] ma-core - mongodb conected
[2022-01-20T23:43:03.364] [INFO] ma-core - database URI mongodb://localhost:27017/core
[2022-01-20T23:43:04.005] [INFO] ma-core - server started at port 5000
[2022-01-20T23:43:04.025] [INFO] ma-core - mongodb conected
[2022-01-20T23:43:08.582] [INFO] ma-core - get all posts success /api/newsfeed/getAllPosts GET ::1
[2022-01-20T23:43:55.939] [INFO] ma-core - database URI mongodb://localhost:27017/core
[2022-01-20T23:43:56.542] [INFO] ma-core - server started at port 5000
[2022-01-20T23:43:56.578] [INFO] ma-core - mongodb conected
[2022-01-20T23:44:09.560] [INFO] ma-core - database URI mongodb://localhost:27017/core
[2022-01-20T23:44:10.149] [INFO] ma-core - server started at port 5000
[2022-01-20T23:44:10.169] [INFO] ma-core - mongodb conected
[2022-01-20T23:44:17.711] [INFO] ma-core - database URI mongodb://localhost:27017/core
[2022-01-20T23:44:18.543] [INFO] ma-core - server started at port 5000
[2022-01-20T23:44:18.591] [INFO] ma-core - mongodb conected
[2022-01-20T23:44:19.398] [INFO] ma-core - database URI mongodb://localhost:27017/core
[2022-01-20T23:44:19.995] [INFO] ma-core - server started at port 5000
[2022-01-20T23:44:20.017] [INFO] ma-core - mongodb conected
[2022-01-20T23:44:26.369] [INFO] ma-core - database URI mongodb://localhost:27017/core
[2022-01-20T23:44:26.956] [INFO] ma-core - server started at port 5000
[2022-01-20T23:44:26.978] [INFO] ma-core - mongodb conected
[2022-01-20T23:44:31.731] [INFO] ma-core - database URI mongodb://localhost:27017/core
[2022-01-20T23:44:32.393] [INFO] ma-core - server started at port 5000
[2022-01-20T23:44:32.435] [INFO] ma-core - mongodb conected
[2022-01-20T23:44:34.506] [INFO] ma-core - database URI mongodb://localhost:27017/core
[2022-01-20T23:44:35.191] [INFO] ma-core - server started at port 5000
[2022-01-20T23:44:35.223] [INFO] ma-core - mongodb conected
[2022-01-20T23:44:38.891] [INFO] ma-core - database URI mongodb://localhost:27017/core
[2022-01-20T23:44:39.528] [INFO] ma-core - server started at port 5000
[2022-01-20T23:44:39.547] [INFO] ma-core - mongodb conected
[2022-01-20T23:44:48.843] [INFO] ma-core - database URI mongodb://localhost:27017/core
[2022-01-20T23:44:49.467] [INFO] ma-core - server started at port 5000
[2022-01-20T23:44:49.488] [INFO] ma-core - mongodb conected
[2022-01-20T23:44:55.534] [INFO] ma-core - database URI mongodb://localhost:27017/core
[2022-01-20T23:44:56.178] [INFO] ma-core - server started at port 5000
[2022-01-20T23:44:56.198] [INFO] ma-core - mongodb conected
[2022-01-20T23:46:11.816] [INFO] ma-core - database URI mongodb://localhost:27017/core
[2022-01-20T23:46:12.515] [INFO] ma-core - server started at port 5000
[2022-01-20T23:46:12.536] [INFO] ma-core - mongodb conected
[2022-01-20T23:46:13.382] [INFO] ma-core - database URI mongodb://localhost:27017/core
[2022-01-20T23:46:13.984] [INFO] ma-core - server started at port 5000
[2022-01-20T23:46:14.003] [INFO] ma-core - mongodb conected
[2022-01-20T23:46:25.177] [INFO] ma-core - get all posts success /api/newsfeed/getAllPosts GET ::1
