[2024-04-16T20:26:39.232] [INFO] ma-core - database URI mongodb://localhost:27017/core
[2024-04-16T20:26:41.161] [INFO] ma-core - server started at port 5000
[2024-04-16T20:26:41.215] [INFO] ma-core - mongodb conected
[2024-04-16T22:01:43.704] [INFO] ma-core - database URI mongodb://localhost:27017/core
[2024-04-16T22:01:45.004] [INFO] ma-core - server started at port 5000
[2024-04-16T22:01:45.052] [INFO] ma-core - mongodb conected
[2024-04-16T22:01:45.148] [INFO] ma-core - add Client success testing testing testing
[2024-04-16T22:01:45.293] [INFO] ma-core - get all Customer success testing testing testing
[2024-04-16T22:01:45.296] [INFO] ma-core - get all Customer success NaN post 1234
[2024-04-16T22:01:45.298] [INFO] ma-core - get all Customer success testing testing testing
[2024-04-16T22:01:45.300] [INFO] ma-core - get all Customer error testing testing testing
[2024-04-16T22:01:45.301] [INFO] ma-core - get all Customer error NaN post 1234
[2024-04-16T22:01:45.311] [INFO] ma-core - get Customer success testing testing testing
[2024-04-16T22:01:45.312] [INFO] ma-core - get Customer error testing testing testing
[2024-04-16T22:01:45.342] [INFO] ma-core - add customer success testing testing testing
[2024-04-16T22:01:42.083] [INFO] ma-core - cancel itOperation success testing testing testing
[2024-04-16T22:01:42.093] [INFO] ma-core - finish itOperation success testing testing testing
[2024-04-16T22:01:45.562] [INFO] ma-core - get All Active itOperation success testing testing testing
[2024-04-16T22:01:45.566] [INFO] ma-core - get All Archived itOperation success testing testing testing
[2024-04-16T22:01:45.585] [INFO] ma-core - add ItOperation success testing testing testing
[2024-04-16T22:01:42.162] [INFO] ma-core - remind itOperation success testing testing testing
[2024-04-16T22:01:42.169] [INFO] ma-core - send changes itOperation success testing testing testing
[2024-04-16T22:01:45.610] [INFO] ma-core - update itOperation success testing testing testing
[2024-04-16T22:01:45.659] [INFO] ma-core - delete licence success testing testing testing
[2024-04-16T22:01:45.661] [INFO] ma-core - delete licence success NaN post 1234
[2024-04-16T22:01:45.681] [INFO] ma-core - get latest customer licence By Id success testing testing testing
[2024-04-16T22:01:45.686] [INFO] ma-core - get latest customer licence By Id success NaN post 1234
[2024-04-16T22:01:45.712] [INFO] ma-core - get licence By Id success testing testing testing
[2024-04-16T22:01:45.714] [INFO] ma-core - get licence By Id success NaN post 1234
[2024-04-16T22:01:45.738] [INFO] ma-core - add Licence success testing testing testing
[2024-04-16T22:01:45.740] [INFO] ma-core - add Licence success NaN post 1234
[2024-04-16T22:01:45.760] [INFO] ma-core - update licence By Customer success testing testing testing
[2024-04-16T22:01:45.762] [INFO] ma-core - update licence By Customer success NaN post 1234
[2024-04-16T22:01:46.023] [INFO] ma-core - delete module success testing testing testing
[2024-04-16T22:01:46.093] [INFO] ma-core - delete module success NaN post 1234
[2024-04-16T22:01:46.209] [INFO] ma-core - get All Basic Module success testing testing testing
[2024-04-16T22:01:46.213] [INFO] ma-core - get All Basic Module success NaN post 1234
[2024-04-16T22:01:46.229] [INFO] ma-core - get All Module success testing testing testing
[2024-04-16T22:01:46.237] [INFO] ma-core - get All Module success NaN post 1234
[2024-04-16T22:01:46.272] [INFO] ma-core - get module By Id success testing testing testing
[2024-04-16T22:01:46.275] [INFO] ma-core - get module By Id success NaN post 1234
[2024-04-16T22:01:46.308] [INFO] ma-core - add Module success testing testing testing
[2024-04-16T22:01:46.320] [INFO] ma-core - add Module success NaN post 1234
[2024-04-16T22:01:46.342] [INFO] ma-core - update module By Customer success testing testing testing
[2024-04-16T22:01:46.346] [INFO] ma-core - update module By Customer success NaN post 1234
[2024-04-16T22:01:46.782] [INFO] ma-core - get All nomenclature success testing testing testing
[2024-04-16T22:01:46.784] [INFO] ma-core - get All nomenclature success testing testing testing
[2024-04-16T22:01:46.791] [INFO] ma-core - get All nomenclature success testing testing testing
[2024-04-16T22:01:46.795] [INFO] ma-core - get All nomenclature success NaN post 1234
[2024-04-16T22:01:46.931] [INFO] ma-core - delete Result Form success testing testing testing
[2024-04-16T22:01:46.939] [INFO] ma-core - delete Result Form success NaN post 1234
[2024-04-16T22:01:46.993] [INFO] ma-core - get all result form success testing testing testing
[2024-04-16T22:01:46.996] [INFO] ma-core - get all result form success testing testing testing
[2024-04-16T22:01:46.999] [INFO] ma-core - get all result form success NaN post 1234
[2024-04-16T22:01:47.042] [INFO] ma-core - get by id Result Form testing testing testing
[2024-04-16T22:01:47.045] [INFO] ma-core - get by id Result Form NaN post 1234
[2024-04-16T22:01:47.076] [INFO] ma-core - get Monitoring Activities Without Result Form success testing testing testing
[2024-04-16T22:01:47.082] [INFO] ma-core - get Monitoring Activities Without Result Form success NaN post 1234
[2024-04-16T22:01:47.121] [INFO] ma-core - add result form success testing testing testing
[2024-04-16T22:01:47.125] [INFO] ma-core - add result form success NaN post 1234
[2024-04-16T22:01:47.150] [INFO] ma-core - update Result Form success testing testing testing
[2024-04-16T22:01:47.154] [INFO] ma-core - update Result Form success NaN post 1234
[2024-04-16T22:01:47.189] [INFO] ma-core - delete Role success testing testing testing
[2024-04-16T22:01:47.197] [INFO] ma-core - delete Role success NaN post 1234
[2024-04-16T22:01:47.249] [INFO] ma-core - get All Role success testing testing testing
[2024-04-16T22:01:47.254] [INFO] ma-core - get All Role success NaN post 1234
[2024-04-16T22:01:47.268] [INFO] ma-core - get by id Role success testing testing testing
[2024-04-16T22:01:47.272] [INFO] ma-core - get by id Role success NaN post 1234
[2024-04-16T22:01:47.294] [INFO] ma-core - get by user Role success testing testing testing
[2024-04-16T22:01:47.296] [INFO] ma-core - get by user Role success NaN get 1234
[2024-04-16T22:01:47.313] [INFO] ma-core - add Role success testing testing testing
[2024-04-16T22:01:47.321] [INFO] ma-core - add Role success NaN post 1234
[2024-04-16T22:01:47.355] [INFO] ma-core - update Role success testing testing testing
[2024-04-16T22:01:47.358] [INFO] ma-core - update Role success NaN post 1234
[2024-04-16T22:01:47.388] [INFO] ma-core - add Role History success testing testing testing
[2024-04-16T22:01:47.391] [INFO] ma-core - add Role History success NaN post 1234
[2024-04-16T22:01:47.481] [INFO] ma-core - Get all shifts success testing testing testing
[2024-04-16T22:01:47.510] [INFO] ma-core - Get all members success testing testing testing
[2024-04-16T22:01:47.622] [INFO] ma-core - delete sla success testing testing testing
[2024-04-16T22:01:47.627] [INFO] ma-core - delete sla success NaN post 1234
[2024-04-16T22:01:47.666] [INFO] ma-core - get sla By Id success testing testing testing
[2024-04-16T22:01:47.670] [INFO] ma-core - get sla By Id success NaN post 1234
[2024-04-16T22:01:47.742] [INFO] ma-core - add Sla success testing testing testing
[2024-04-16T22:01:47.745] [INFO] ma-core - add Sla success NaN post 1234
[2024-04-16T22:01:47.786] [INFO] ma-core - update sla By SlaContract success testing testing testing
[2024-04-16T22:01:47.790] [INFO] ma-core - update sla By SlaContract success NaN post 1234
[2024-04-16T22:01:47.821] [INFO] ma-core - delete slaContract success testing testing testing
[2024-04-16T22:01:47.824] [INFO] ma-core - delete slaContract success NaN post 1234
[2024-04-16T22:01:47.864] [INFO] ma-core - get slaContract By Customer success testing testing testing
[2024-04-16T22:01:47.867] [INFO] ma-core - get slaContract By Customer success NaN post 1234
[2024-04-16T22:01:47.878] [INFO] ma-core - get slaContract By Id success testing testing testing
[2024-04-16T22:01:47.891] [INFO] ma-core - get slaContract By Id success NaN post 1234
[2024-04-16T22:01:47.909] [INFO] ma-core - add SlaContract success testing testing testing
[2024-04-16T22:01:47.912] [INFO] ma-core - add SlaContract success NaN post 1234
[2024-04-16T22:01:47.935] [INFO] ma-core - update slaContract By Customer success testing testing testing
[2024-04-16T22:01:47.938] [INFO] ma-core - update slaContract By Customer success NaN post 1234
[2024-04-16T22:01:48.690] [INFO] ma-core - get All Task success testing testing testing
[2024-04-16T22:01:48.694] [INFO] ma-core - get All Task success NaN post 1234
[2024-04-16T22:01:48.716] [INFO] ma-core - get All Task By filter success testing testing testing
[2024-04-16T22:01:48.728] [INFO] ma-core - get All Task By filter success testing testing testing
[2024-04-16T22:01:48.735] [INFO] ma-core - get by id Task success testing testing testing
[2024-04-16T22:01:48.739] [INFO] ma-core - get by id Task success NaN post 1234
[2024-04-16T22:01:48.770] [INFO] ma-core - get All Task By filter success testing testing testing
[2024-04-16T22:01:48.782] [INFO] ma-core - get All Task By filter success testing testing testing
[2024-04-16T22:01:48.984] [INFO] ma-core - get All Task By ID success testing testing testing
[2024-04-16T22:01:49.078] [INFO] ma-core - get All Task success testing testing testing
[2024-04-16T22:01:49.119] [INFO] ma-core - get Created Tasks success testing testing testing
[2024-04-16T22:01:49.139] [INFO] ma-core - get Created Tasks success NaN post 1234
[2024-04-16T22:01:49.226] [INFO] ma-core - add Task success testing testing testing
[2024-04-16T22:01:49.464] [INFO] ma-core - add Task success NaN post 1234
[2024-04-16T22:01:49.644] [INFO] ma-core - add Many Task success testing testing testing
[2024-04-16T22:01:49.657] [INFO] ma-core - add Many Task success NaN post 1234
[2024-04-16T22:01:49.700] [INFO] ma-core - update Task success testing testing testing
[2024-04-16T22:01:49.706] [INFO] ma-core - update Task success NaN post 1234
[2024-04-16T22:01:49.861] [INFO] ma-core - Canceled the Task testing testing testing
[2024-04-16T22:01:49.868] [INFO] ma-core - Canceled the Task NaN post 1234
[2024-04-16T22:01:49.914] [INFO] ma-core - Closed the Task testing testing testing
[2024-04-16T22:01:49.921] [INFO] ma-core - Closed the Task NaN post 1234
[2024-04-16T22:01:49.947] [INFO] ma-core - Deleted the Task testing testing testing
[2024-04-16T22:01:49.952] [INFO] ma-core - Deleted the Task NaN post 1234
[2024-04-16T22:01:49.979] [INFO] ma-core - Finished the Task testing testing testing
[2024-04-16T22:01:49.985] [INFO] ma-core - Finished the Task NaN post 1234
[2024-04-16T22:01:50.028] [INFO] ma-core - Rejected the Task testing testing testing
[2024-04-16T22:01:50.032] [INFO] ma-core - Rejected the Task NaN post 1234
[2024-04-16T22:01:50.063] [INFO] ma-core - Validated the Task testing testing testing
[2024-04-16T22:01:50.077] [INFO] ma-core - Validated the Task NaN post 1234
[2024-04-16T22:01:50.123] [INFO] ma-core - update Task success testing testing testing
[2024-04-16T22:01:50.136] [INFO] ma-core - update Task success NaN post 1234
[2024-04-16T22:02:53.446] [INFO] ma-core - database URI mongodb://localhost:27017/core
[2024-04-16T22:02:54.585] [INFO] ma-core - server started at port 5000
[2024-04-16T22:02:54.608] [INFO] ma-core - mongodb conected
[2024-04-16T22:02:54.757] [INFO] ma-core - add Client success testing testing testing
[2024-04-16T22:02:54.980] [INFO] ma-core - get all Customer success testing testing testing
[2024-04-16T22:02:54.985] [INFO] ma-core - get all Customer success NaN post 1234
[2024-04-16T22:02:54.988] [INFO] ma-core - get all Customer success testing testing testing
[2024-04-16T22:02:54.992] [INFO] ma-core - get all Customer error testing testing testing
[2024-04-16T22:02:54.996] [INFO] ma-core - get all Customer error NaN post 1234
[2024-04-16T22:02:55.010] [INFO] ma-core - get Customer success testing testing testing
[2024-04-16T22:02:55.012] [INFO] ma-core - get Customer error testing testing testing
[2024-04-16T22:02:55.037] [INFO] ma-core - add customer success testing testing testing
[2024-04-16T22:02:52.599] [INFO] ma-core - cancel itOperation success testing testing testing
[2024-04-16T22:02:52.600] [INFO] ma-core - finish itOperation success testing testing testing
[2024-04-16T22:02:55.258] [INFO] ma-core - get All Active itOperation success testing testing testing
[2024-04-16T22:02:55.270] [INFO] ma-core - get All Archived itOperation success testing testing testing
[2024-04-16T22:02:55.294] [INFO] ma-core - add ItOperation success testing testing testing
[2024-04-16T22:02:52.617] [INFO] ma-core - remind itOperation success testing testing testing
[2024-04-16T22:02:52.619] [INFO] ma-core - send changes itOperation success testing testing testing
[2024-04-16T22:02:55.320] [INFO] ma-core - update itOperation success testing testing testing
[2024-04-16T22:02:55.385] [INFO] ma-core - delete licence success testing testing testing
[2024-04-16T22:02:55.388] [INFO] ma-core - delete licence success NaN post 1234
[2024-04-16T22:02:55.415] [INFO] ma-core - get latest customer licence By Id success testing testing testing
[2024-04-16T22:02:55.422] [INFO] ma-core - get latest customer licence By Id success NaN post 1234
[2024-04-16T22:02:55.462] [INFO] ma-core - get licence By Id success testing testing testing
[2024-04-16T22:02:55.465] [INFO] ma-core - get licence By Id success NaN post 1234
[2024-04-16T22:02:55.506] [INFO] ma-core - add Licence success testing testing testing
[2024-04-16T22:02:55.509] [INFO] ma-core - add Licence success NaN post 1234
[2024-04-16T22:02:55.531] [INFO] ma-core - update licence By Customer success testing testing testing
[2024-04-16T22:02:55.534] [INFO] ma-core - update licence By Customer success NaN post 1234
[2024-04-16T22:02:55.644] [INFO] ma-core - delete module success testing testing testing
[2024-04-16T22:02:55.646] [INFO] ma-core - delete module success NaN post 1234
[2024-04-16T22:02:55.687] [INFO] ma-core - get All Basic Module success testing testing testing
[2024-04-16T22:02:55.696] [INFO] ma-core - get All Basic Module success NaN post 1234
[2024-04-16T22:02:55.736] [INFO] ma-core - get All Module success testing testing testing
[2024-04-16T22:02:55.740] [INFO] ma-core - get All Module success NaN post 1234
[2024-04-16T22:02:55.761] [INFO] ma-core - get module By Id success testing testing testing
[2024-04-16T22:02:55.763] [INFO] ma-core - get module By Id success NaN post 1234
[2024-04-16T22:02:55.784] [INFO] ma-core - add Module success testing testing testing
[2024-04-16T22:02:55.789] [INFO] ma-core - add Module success NaN post 1234
[2024-04-16T22:02:55.805] [INFO] ma-core - update module By Customer success testing testing testing
[2024-04-16T22:02:55.811] [INFO] ma-core - update module By Customer success NaN post 1234
[2024-04-16T22:02:56.245] [INFO] ma-core - get All nomenclature success testing testing testing
[2024-04-16T22:02:56.250] [INFO] ma-core - get All nomenclature success testing testing testing
[2024-04-16T22:02:56.253] [INFO] ma-core - get All nomenclature success testing testing testing
[2024-04-16T22:02:56.255] [INFO] ma-core - get All nomenclature success NaN post 1234
[2024-04-16T22:02:56.344] [INFO] ma-core - delete Result Form success testing testing testing
[2024-04-16T22:02:56.350] [INFO] ma-core - delete Result Form success NaN post 1234
[2024-04-16T22:02:56.390] [INFO] ma-core - get all result form success testing testing testing
[2024-04-16T22:02:56.396] [INFO] ma-core - get all result form success testing testing testing
[2024-04-16T22:02:56.400] [INFO] ma-core - get all result form success NaN post 1234
[2024-04-16T22:02:56.428] [INFO] ma-core - get by id Result Form testing testing testing
[2024-04-16T22:02:56.431] [INFO] ma-core - get by id Result Form NaN post 1234
[2024-04-16T22:02:56.471] [INFO] ma-core - get Monitoring Activities Without Result Form success testing testing testing
[2024-04-16T22:02:56.482] [INFO] ma-core - get Monitoring Activities Without Result Form success NaN post 1234
[2024-04-16T22:02:56.519] [INFO] ma-core - add result form success testing testing testing
[2024-04-16T22:02:56.523] [INFO] ma-core - add result form success NaN post 1234
[2024-04-16T22:02:56.552] [INFO] ma-core - update Result Form success testing testing testing
[2024-04-16T22:02:56.558] [INFO] ma-core - update Result Form success NaN post 1234
[2024-04-16T22:02:56.616] [INFO] ma-core - delete Role success testing testing testing
[2024-04-16T22:02:56.621] [INFO] ma-core - delete Role success NaN post 1234
[2024-04-16T22:02:56.685] [INFO] ma-core - get All Role success testing testing testing
[2024-04-16T22:02:56.693] [INFO] ma-core - get All Role success NaN post 1234
[2024-04-16T22:02:56.709] [INFO] ma-core - get by id Role success testing testing testing
[2024-04-16T22:02:56.711] [INFO] ma-core - get by id Role success NaN post 1234
[2024-04-16T22:02:56.739] [INFO] ma-core - get by user Role success testing testing testing
[2024-04-16T22:02:56.744] [INFO] ma-core - get by user Role success NaN get 1234
[2024-04-16T22:02:56.763] [INFO] ma-core - add Role success testing testing testing
[2024-04-16T22:02:56.768] [INFO] ma-core - add Role success NaN post 1234
[2024-04-16T22:02:56.813] [INFO] ma-core - update Role success testing testing testing
[2024-04-16T22:02:56.821] [INFO] ma-core - update Role success NaN post 1234
[2024-04-16T22:02:56.867] [INFO] ma-core - add Role History success testing testing testing
[2024-04-16T22:02:56.874] [INFO] ma-core - add Role History success NaN post 1234
[2024-04-16T22:02:57.078] [INFO] ma-core - Get all shifts success testing testing testing
[2024-04-16T22:02:57.121] [INFO] ma-core - Get all members success testing testing testing
[2024-04-16T22:02:57.202] [INFO] ma-core - delete sla success testing testing testing
[2024-04-16T22:02:57.206] [INFO] ma-core - delete sla success NaN post 1234
[2024-04-16T22:02:57.229] [INFO] ma-core - get sla By Id success testing testing testing
[2024-04-16T22:02:57.231] [INFO] ma-core - get sla By Id success NaN post 1234
[2024-04-16T22:02:57.277] [INFO] ma-core - add Sla success testing testing testing
[2024-04-16T22:02:57.281] [INFO] ma-core - add Sla success NaN post 1234
[2024-04-16T22:02:57.317] [INFO] ma-core - update sla By SlaContract success testing testing testing
[2024-04-16T22:02:57.319] [INFO] ma-core - update sla By SlaContract success NaN post 1234
[2024-04-16T22:02:57.340] [INFO] ma-core - delete slaContract success testing testing testing
[2024-04-16T22:02:57.342] [INFO] ma-core - delete slaContract success NaN post 1234
[2024-04-16T22:02:57.377] [INFO] ma-core - get slaContract By Customer success testing testing testing
[2024-04-16T22:02:57.382] [INFO] ma-core - get slaContract By Customer success NaN post 1234
[2024-04-16T22:02:57.396] [INFO] ma-core - get slaContract By Id success testing testing testing
[2024-04-16T22:02:57.400] [INFO] ma-core - get slaContract By Id success NaN post 1234
[2024-04-16T22:02:57.424] [INFO] ma-core - add SlaContract success testing testing testing
[2024-04-16T22:02:57.428] [INFO] ma-core - add SlaContract success NaN post 1234
[2024-04-16T22:02:57.464] [INFO] ma-core - update slaContract By Customer success testing testing testing
[2024-04-16T22:02:57.472] [INFO] ma-core - update slaContract By Customer success NaN post 1234
[2024-04-16T22:02:58.079] [INFO] ma-core - get All Task success testing testing testing
[2024-04-16T22:02:58.086] [INFO] ma-core - get All Task success NaN post 1234
[2024-04-16T22:02:58.110] [INFO] ma-core - get All Task By filter success testing testing testing
[2024-04-16T22:02:58.119] [INFO] ma-core - get All Task By filter success testing testing testing
[2024-04-16T22:02:58.126] [INFO] ma-core - get by id Task success testing testing testing
[2024-04-16T22:02:58.129] [INFO] ma-core - get by id Task success NaN post 1234
[2024-04-16T22:02:58.150] [INFO] ma-core - get All Task By filter success testing testing testing
[2024-04-16T22:02:58.157] [INFO] ma-core - get All Task By filter success testing testing testing
[2024-04-16T22:02:58.258] [INFO] ma-core - get All Task By ID success testing testing testing
[2024-04-16T22:02:58.329] [INFO] ma-core - get All Task success testing testing testing
[2024-04-16T22:02:58.347] [INFO] ma-core - get Created Tasks success testing testing testing
[2024-04-16T22:02:58.359] [INFO] ma-core - get Created Tasks success NaN post 1234
[2024-04-16T22:02:58.400] [INFO] ma-core - add Task success testing testing testing
[2024-04-16T22:02:58.482] [INFO] ma-core - add Task success NaN post 1234
[2024-04-16T22:02:58.568] [INFO] ma-core - add Many Task success testing testing testing
[2024-04-16T22:02:58.573] [INFO] ma-core - add Many Task success NaN post 1234
[2024-04-16T22:02:58.602] [INFO] ma-core - update Task success testing testing testing
[2024-04-16T22:02:58.604] [INFO] ma-core - update Task success NaN post 1234
[2024-04-16T22:02:58.707] [INFO] ma-core - Canceled the Task testing testing testing
[2024-04-16T22:02:58.714] [INFO] ma-core - Canceled the Task NaN post 1234
[2024-04-16T22:02:58.734] [INFO] ma-core - Closed the Task testing testing testing
[2024-04-16T22:02:58.738] [INFO] ma-core - Closed the Task NaN post 1234
[2024-04-16T22:02:58.752] [INFO] ma-core - Deleted the Task testing testing testing
[2024-04-16T22:02:58.755] [INFO] ma-core - Deleted the Task NaN post 1234
[2024-04-16T22:02:58.775] [INFO] ma-core - Finished the Task testing testing testing
[2024-04-16T22:02:58.777] [INFO] ma-core - Finished the Task NaN post 1234
[2024-04-16T22:02:58.786] [INFO] ma-core - Rejected the Task testing testing testing
[2024-04-16T22:02:58.788] [INFO] ma-core - Rejected the Task NaN post 1234
[2024-04-16T22:02:58.806] [INFO] ma-core - Validated the Task testing testing testing
[2024-04-16T22:02:58.811] [INFO] ma-core - Validated the Task NaN post 1234
[2024-04-16T22:02:58.834] [INFO] ma-core - update Task success testing testing testing
[2024-04-16T22:02:58.839] [INFO] ma-core - update Task success NaN post 1234
[2024-04-16T22:03:59.642] [INFO] ma-core - database URI mongodb://localhost:27017/core
[2024-04-16T22:04:02.996] [INFO] ma-core - server started at port 5000
[2024-04-16T22:04:03.071] [INFO] ma-core - mongodb conected
[2024-04-16T22:09:17.895] [INFO] ma-core - database URI mongodb://localhost:27017/core
[2024-04-16T22:09:18.634] [INFO] ma-core - server started at port 5000
[2024-04-16T22:09:18.655] [INFO] ma-core - mongodb conected
[2024-04-16T22:10:47.899] [INFO] ma-core - database URI mongodb://localhost:27017/core
[2024-04-16T22:10:49.150] [INFO] ma-core - server started at port 5000
[2024-04-16T22:10:49.180] [INFO] ma-core - mongodb conected
[2024-04-16T22:10:49.298] [INFO] ma-core - add Client success testing testing testing
[2024-04-16T22:10:49.531] [INFO] ma-core - get all Customer success testing testing testing
[2024-04-16T22:10:49.534] [INFO] ma-core - get all Customer success NaN post 1234
[2024-04-16T22:10:49.537] [INFO] ma-core - get all Customer success testing testing testing
[2024-04-16T22:10:49.540] [INFO] ma-core - get all Customer error testing testing testing
[2024-04-16T22:10:49.544] [INFO] ma-core - get all Customer error NaN post 1234
[2024-04-16T22:10:49.556] [INFO] ma-core - get Customer success testing testing testing
[2024-04-16T22:10:49.559] [INFO] ma-core - get Customer error testing testing testing
[2024-04-16T22:10:49.586] [INFO] ma-core - add customer success testing testing testing
[2024-04-16T22:10:47.049] [INFO] ma-core - cancel itOperation success testing testing testing
[2024-04-16T22:10:47.050] [INFO] ma-core - finish itOperation success testing testing testing
[2024-04-16T22:10:49.794] [INFO] ma-core - get All Active itOperation success testing testing testing
[2024-04-16T22:10:49.807] [INFO] ma-core - get All Archived itOperation success testing testing testing
[2024-04-16T22:10:49.860] [INFO] ma-core - add ItOperation success testing testing testing
[2024-04-16T22:10:47.063] [INFO] ma-core - remind itOperation success testing testing testing
[2024-04-16T22:10:47.064] [INFO] ma-core - send changes itOperation success testing testing testing
[2024-04-16T22:10:49.892] [INFO] ma-core - update itOperation success testing testing testing
[2024-04-16T22:10:49.935] [INFO] ma-core - delete licence success testing testing testing
[2024-04-16T22:10:49.937] [INFO] ma-core - delete licence success NaN post 1234
[2024-04-16T22:10:49.953] [INFO] ma-core - get latest customer licence By Id success testing testing testing
[2024-04-16T22:10:49.957] [INFO] ma-core - get latest customer licence By Id success NaN post 1234
[2024-04-16T22:10:49.991] [INFO] ma-core - get licence By Id success testing testing testing
[2024-04-16T22:10:49.992] [INFO] ma-core - get licence By Id success NaN post 1234
[2024-04-16T22:10:50.035] [INFO] ma-core - add Licence success testing testing testing
[2024-04-16T22:10:50.039] [INFO] ma-core - add Licence success NaN post 1234
[2024-04-16T22:10:50.063] [INFO] ma-core - update licence By Customer success testing testing testing
[2024-04-16T22:10:50.069] [INFO] ma-core - update licence By Customer success NaN post 1234
[2024-04-16T22:10:50.248] [INFO] ma-core - delete module success testing testing testing
[2024-04-16T22:10:50.253] [INFO] ma-core - delete module success NaN post 1234
[2024-04-16T22:10:50.302] [INFO] ma-core - get All Basic Module success testing testing testing
[2024-04-16T22:10:50.312] [INFO] ma-core - get All Basic Module success NaN post 1234
[2024-04-16T22:10:50.350] [INFO] ma-core - get All Module success testing testing testing
[2024-04-16T22:10:50.353] [INFO] ma-core - get All Module success NaN post 1234
[2024-04-16T22:10:50.377] [INFO] ma-core - get module By Id success testing testing testing
[2024-04-16T22:10:50.380] [INFO] ma-core - get module By Id success NaN post 1234
[2024-04-16T22:10:50.408] [INFO] ma-core - add Module success testing testing testing
[2024-04-16T22:10:50.418] [INFO] ma-core - add Module success NaN post 1234
[2024-04-16T22:10:50.436] [INFO] ma-core - update module By Customer success testing testing testing
[2024-04-16T22:10:50.439] [INFO] ma-core - update module By Customer success NaN post 1234
[2024-04-16T22:10:50.743] [INFO] ma-core - get All nomenclature success testing testing testing
[2024-04-16T22:10:50.746] [INFO] ma-core - get All nomenclature success testing testing testing
[2024-04-16T22:10:50.749] [INFO] ma-core - get All nomenclature success testing testing testing
[2024-04-16T22:10:50.750] [INFO] ma-core - get All nomenclature success NaN post 1234
[2024-04-16T22:10:50.808] [INFO] ma-core - delete Result Form success testing testing testing
[2024-04-16T22:10:50.811] [INFO] ma-core - delete Result Form success NaN post 1234
[2024-04-16T22:10:50.836] [INFO] ma-core - get all result form success testing testing testing
[2024-04-16T22:10:50.839] [INFO] ma-core - get all result form success testing testing testing
[2024-04-16T22:10:50.843] [INFO] ma-core - get all result form success NaN post 1234
[2024-04-16T22:10:50.873] [INFO] ma-core - get by id Result Form testing testing testing
[2024-04-16T22:10:50.877] [INFO] ma-core - get by id Result Form NaN post 1234
[2024-04-16T22:10:50.900] [INFO] ma-core - get Monitoring Activities Without Result Form success testing testing testing
[2024-04-16T22:10:50.905] [INFO] ma-core - get Monitoring Activities Without Result Form success NaN post 1234
[2024-04-16T22:10:50.934] [INFO] ma-core - add result form success testing testing testing
[2024-04-16T22:10:50.939] [INFO] ma-core - add result form success NaN post 1234
[2024-04-16T22:10:50.953] [INFO] ma-core - update Result Form success testing testing testing
[2024-04-16T22:10:50.957] [INFO] ma-core - update Result Form success NaN post 1234
[2024-04-16T22:10:50.994] [INFO] ma-core - delete Role success testing testing testing
[2024-04-16T22:10:50.999] [INFO] ma-core - delete Role success NaN post 1234
[2024-04-16T22:10:51.062] [INFO] ma-core - get All Role success testing testing testing
[2024-04-16T22:10:51.064] [INFO] ma-core - get All Role success NaN post 1234
[2024-04-16T22:10:51.074] [INFO] ma-core - get by id Role success testing testing testing
[2024-04-16T22:10:51.076] [INFO] ma-core - get by id Role success NaN post 1234
[2024-04-16T22:10:51.104] [INFO] ma-core - get by user Role success testing testing testing
[2024-04-16T22:10:51.106] [INFO] ma-core - get by user Role success NaN get 1234
[2024-04-16T22:10:51.123] [INFO] ma-core - add Role success testing testing testing
[2024-04-16T22:10:51.128] [INFO] ma-core - add Role success NaN post 1234
[2024-04-16T22:10:51.144] [INFO] ma-core - update Role success testing testing testing
[2024-04-16T22:10:51.149] [INFO] ma-core - update Role success NaN post 1234
[2024-04-16T22:10:51.166] [INFO] ma-core - add Role History success testing testing testing
[2024-04-16T22:10:51.168] [INFO] ma-core - add Role History success NaN post 1234
[2024-04-16T22:10:51.249] [INFO] ma-core - Get all shifts success testing testing testing
[2024-04-16T22:10:51.275] [INFO] ma-core - Get all members success testing testing testing
[2024-04-16T22:10:51.368] [INFO] ma-core - delete sla success testing testing testing
[2024-04-16T22:10:51.373] [INFO] ma-core - delete sla success NaN post 1234
[2024-04-16T22:10:51.387] [INFO] ma-core - get sla By Id success testing testing testing
[2024-04-16T22:10:51.392] [INFO] ma-core - get sla By Id success NaN post 1234
[2024-04-16T22:10:51.442] [INFO] ma-core - add Sla success testing testing testing
[2024-04-16T22:10:51.445] [INFO] ma-core - add Sla success NaN post 1234
[2024-04-16T22:10:51.479] [INFO] ma-core - update sla By SlaContract success testing testing testing
[2024-04-16T22:10:51.481] [INFO] ma-core - update sla By SlaContract success NaN post 1234
[2024-04-16T22:10:51.501] [INFO] ma-core - delete slaContract success testing testing testing
[2024-04-16T22:10:51.503] [INFO] ma-core - delete slaContract success NaN post 1234
[2024-04-16T22:10:51.537] [INFO] ma-core - get slaContract By Customer success testing testing testing
[2024-04-16T22:10:51.540] [INFO] ma-core - get slaContract By Customer success NaN post 1234
[2024-04-16T22:10:51.551] [INFO] ma-core - get slaContract By Id success testing testing testing
[2024-04-16T22:10:51.553] [INFO] ma-core - get slaContract By Id success NaN post 1234
[2024-04-16T22:10:51.565] [INFO] ma-core - add SlaContract success testing testing testing
[2024-04-16T22:10:51.568] [INFO] ma-core - add SlaContract success NaN post 1234
[2024-04-16T22:10:51.589] [INFO] ma-core - update slaContract By Customer success testing testing testing
[2024-04-16T22:10:51.591] [INFO] ma-core - update slaContract By Customer success NaN post 1234
[2024-04-16T22:10:52.193] [INFO] ma-core - get All Task success testing testing testing
[2024-04-16T22:10:52.197] [INFO] ma-core - get All Task success NaN post 1234
[2024-04-16T22:10:52.216] [INFO] ma-core - get All Task By filter success testing testing testing
[2024-04-16T22:10:52.223] [INFO] ma-core - get All Task By filter success testing testing testing
[2024-04-16T22:10:52.229] [INFO] ma-core - get by id Task success testing testing testing
[2024-04-16T22:10:52.232] [INFO] ma-core - get by id Task success NaN post 1234
[2024-04-16T22:10:52.249] [INFO] ma-core - get All Task By filter success testing testing testing
[2024-04-16T22:10:52.259] [INFO] ma-core - get All Task By filter success testing testing testing
[2024-04-16T22:10:52.357] [INFO] ma-core - get All Task By ID success testing testing testing
[2024-04-16T22:10:52.410] [INFO] ma-core - get All Task success testing testing testing
[2024-04-16T22:10:52.430] [INFO] ma-core - get Created Tasks success testing testing testing
[2024-04-16T22:10:52.438] [INFO] ma-core - get Created Tasks success NaN post 1234
[2024-04-16T22:10:52.465] [INFO] ma-core - add Task success testing testing testing
[2024-04-16T22:10:52.542] [INFO] ma-core - add Task success NaN post 1234
[2024-04-16T22:10:52.595] [INFO] ma-core - add Many Task success testing testing testing
[2024-04-16T22:10:52.597] [INFO] ma-core - add Many Task success NaN post 1234
[2024-04-16T22:10:52.613] [INFO] ma-core - update Task success testing testing testing
[2024-04-16T22:10:52.615] [INFO] ma-core - update Task success NaN post 1234
[2024-04-16T22:10:52.688] [INFO] ma-core - Canceled the Task testing testing testing
[2024-04-16T22:10:52.690] [INFO] ma-core - Canceled the Task NaN post 1234
[2024-04-16T22:10:52.700] [INFO] ma-core - Closed the Task testing testing testing
[2024-04-16T22:10:52.704] [INFO] ma-core - Closed the Task NaN post 1234
[2024-04-16T22:10:52.715] [INFO] ma-core - Deleted the Task testing testing testing
[2024-04-16T22:10:52.717] [INFO] ma-core - Deleted the Task NaN post 1234
[2024-04-16T22:10:52.728] [INFO] ma-core - Finished the Task testing testing testing
[2024-04-16T22:10:52.730] [INFO] ma-core - Finished the Task NaN post 1234
[2024-04-16T22:10:52.743] [INFO] ma-core - Rejected the Task testing testing testing
[2024-04-16T22:10:52.745] [INFO] ma-core - Rejected the Task NaN post 1234
[2024-04-16T22:10:52.756] [INFO] ma-core - Validated the Task testing testing testing
[2024-04-16T22:10:52.759] [INFO] ma-core - Validated the Task NaN post 1234
[2024-04-16T22:10:52.778] [INFO] ma-core - update Task success testing testing testing
[2024-04-16T22:10:52.783] [INFO] ma-core - update Task success NaN post 1234
[2024-04-16T22:12:44.679] [INFO] ma-core - database URI mongodb://localhost:27017/core
[2024-04-16T22:12:45.895] [INFO] ma-core - server started at port 5000
[2024-04-16T22:12:45.936] [INFO] ma-core - mongodb conected
[2024-04-16T22:12:46.108] [INFO] ma-core - add Client success testing testing testing
[2024-04-16T22:12:46.453] [INFO] ma-core - get all Customer success testing testing testing
[2024-04-16T22:12:46.456] [INFO] ma-core - get all Customer success NaN post 1234
[2024-04-16T22:12:46.459] [INFO] ma-core - get all Customer success testing testing testing
[2024-04-16T22:12:46.461] [INFO] ma-core - get all Customer error testing testing testing
[2024-04-16T22:12:46.462] [INFO] ma-core - get all Customer error NaN post 1234
[2024-04-16T22:12:46.471] [INFO] ma-core - get Customer success testing testing testing
[2024-04-16T22:12:46.473] [INFO] ma-core - get Customer error testing testing testing
[2024-04-16T22:12:46.507] [INFO] ma-core - add customer success testing testing testing
[2024-04-16T22:12:43.567] [INFO] ma-core - cancel itOperation success testing testing testing
[2024-04-16T22:12:43.569] [INFO] ma-core - finish itOperation success testing testing testing
[2024-04-16T22:12:46.755] [INFO] ma-core - get All Active itOperation success testing testing testing
[2024-04-16T22:12:46.762] [INFO] ma-core - get All Archived itOperation success testing testing testing
[2024-04-16T22:12:46.784] [INFO] ma-core - add ItOperation success testing testing testing
[2024-04-16T22:12:43.585] [INFO] ma-core - remind itOperation success testing testing testing
[2024-04-16T22:12:43.587] [INFO] ma-core - send changes itOperation success testing testing testing
[2024-04-16T22:12:46.823] [INFO] ma-core - update itOperation success testing testing testing
[2024-04-16T22:12:46.881] [INFO] ma-core - delete licence success testing testing testing
[2024-04-16T22:12:46.883] [INFO] ma-core - delete licence success NaN post 1234
[2024-04-16T22:12:46.906] [INFO] ma-core - get latest customer licence By Id success testing testing testing
[2024-04-16T22:12:46.909] [INFO] ma-core - get latest customer licence By Id success NaN post 1234
[2024-04-16T22:12:46.944] [INFO] ma-core - get licence By Id success testing testing testing
[2024-04-16T22:12:46.946] [INFO] ma-core - get licence By Id success NaN post 1234
[2024-04-16T22:12:46.973] [INFO] ma-core - add Licence success testing testing testing
[2024-04-16T22:12:46.975] [INFO] ma-core - add Licence success NaN post 1234
[2024-04-16T22:12:46.995] [INFO] ma-core - update licence By Customer success testing testing testing
[2024-04-16T22:12:46.997] [INFO] ma-core - update licence By Customer success NaN post 1234
[2024-04-16T22:12:47.128] [INFO] ma-core - delete module success testing testing testing
[2024-04-16T22:12:47.136] [INFO] ma-core - delete module success NaN post 1234
[2024-04-16T22:12:47.202] [INFO] ma-core - get All Basic Module success testing testing testing
[2024-04-16T22:12:47.206] [INFO] ma-core - get All Basic Module success NaN post 1234
[2024-04-16T22:12:47.219] [INFO] ma-core - get All Module success testing testing testing
[2024-04-16T22:12:47.221] [INFO] ma-core - get All Module success NaN post 1234
[2024-04-16T22:12:47.237] [INFO] ma-core - get module By Id success testing testing testing
[2024-04-16T22:12:47.239] [INFO] ma-core - get module By Id success NaN post 1234
[2024-04-16T22:12:47.261] [INFO] ma-core - add Module success testing testing testing
[2024-04-16T22:12:47.264] [INFO] ma-core - add Module success NaN post 1234
[2024-04-16T22:12:47.278] [INFO] ma-core - update module By Customer success testing testing testing
[2024-04-16T22:12:47.280] [INFO] ma-core - update module By Customer success NaN post 1234
[2024-04-16T22:12:47.486] [INFO] ma-core - get All nomenclature success testing testing testing
[2024-04-16T22:12:47.488] [INFO] ma-core - get All nomenclature success testing testing testing
[2024-04-16T22:12:47.489] [INFO] ma-core - get All nomenclature success testing testing testing
[2024-04-16T22:12:47.496] [INFO] ma-core - get All nomenclature success NaN post 1234
[2024-04-16T22:12:47.532] [INFO] ma-core - delete Result Form success testing testing testing
[2024-04-16T22:12:47.535] [INFO] ma-core - delete Result Form success NaN post 1234
[2024-04-16T22:12:47.552] [INFO] ma-core - get all result form success testing testing testing
[2024-04-16T22:12:47.554] [INFO] ma-core - get all result form success testing testing testing
[2024-04-16T22:12:47.556] [INFO] ma-core - get all result form success NaN post 1234
[2024-04-16T22:12:47.568] [INFO] ma-core - get by id Result Form testing testing testing
[2024-04-16T22:12:47.569] [INFO] ma-core - get by id Result Form NaN post 1234
[2024-04-16T22:12:47.581] [INFO] ma-core - get Monitoring Activities Without Result Form success testing testing testing
[2024-04-16T22:12:47.582] [INFO] ma-core - get Monitoring Activities Without Result Form success NaN post 1234
[2024-04-16T22:12:47.598] [INFO] ma-core - add result form success testing testing testing
[2024-04-16T22:12:47.600] [INFO] ma-core - add result form success NaN post 1234
[2024-04-16T22:12:47.609] [INFO] ma-core - update Result Form success testing testing testing
[2024-04-16T22:12:47.611] [INFO] ma-core - update Result Form success NaN post 1234
[2024-04-16T22:12:47.650] [INFO] ma-core - delete Role success testing testing testing
[2024-04-16T22:12:47.653] [INFO] ma-core - delete Role success NaN post 1234
[2024-04-16T22:12:47.682] [INFO] ma-core - get All Role success testing testing testing
[2024-04-16T22:12:47.685] [INFO] ma-core - get All Role success NaN post 1234
[2024-04-16T22:12:47.697] [INFO] ma-core - get by id Role success testing testing testing
[2024-04-16T22:12:47.700] [INFO] ma-core - get by id Role success NaN post 1234
[2024-04-16T22:12:47.721] [INFO] ma-core - get by user Role success testing testing testing
[2024-04-16T22:12:47.723] [INFO] ma-core - get by user Role success NaN get 1234
[2024-04-16T22:12:47.732] [INFO] ma-core - add Role success testing testing testing
[2024-04-16T22:12:47.738] [INFO] ma-core - add Role success NaN post 1234
[2024-04-16T22:12:47.753] [INFO] ma-core - update Role success testing testing testing
[2024-04-16T22:12:47.755] [INFO] ma-core - update Role success NaN post 1234
[2024-04-16T22:12:47.774] [INFO] ma-core - add Role History success testing testing testing
[2024-04-16T22:12:47.776] [INFO] ma-core - add Role History success NaN post 1234
[2024-04-16T22:12:47.868] [INFO] ma-core - Get all shifts success testing testing testing
[2024-04-16T22:12:47.903] [INFO] ma-core - Get all members success testing testing testing
[2024-04-16T22:12:48.001] [INFO] ma-core - delete sla success testing testing testing
[2024-04-16T22:12:48.004] [INFO] ma-core - delete sla success NaN post 1234
[2024-04-16T22:12:48.038] [INFO] ma-core - get sla By Id success testing testing testing
[2024-04-16T22:12:48.041] [INFO] ma-core - get sla By Id success NaN post 1234
[2024-04-16T22:12:48.089] [INFO] ma-core - add Sla success testing testing testing
[2024-04-16T22:12:48.095] [INFO] ma-core - add Sla success NaN post 1234
[2024-04-16T22:12:48.131] [INFO] ma-core - update sla By SlaContract success testing testing testing
[2024-04-16T22:12:48.135] [INFO] ma-core - update sla By SlaContract success NaN post 1234
[2024-04-16T22:12:48.163] [INFO] ma-core - delete slaContract success testing testing testing
[2024-04-16T22:12:48.165] [INFO] ma-core - delete slaContract success NaN post 1234
[2024-04-16T22:12:48.193] [INFO] ma-core - get slaContract By Customer success testing testing testing
[2024-04-16T22:12:48.196] [INFO] ma-core - get slaContract By Customer success NaN post 1234
[2024-04-16T22:12:48.202] [INFO] ma-core - get slaContract By Id success testing testing testing
[2024-04-16T22:12:48.205] [INFO] ma-core - get slaContract By Id success NaN post 1234
[2024-04-16T22:12:48.218] [INFO] ma-core - add SlaContract success testing testing testing
[2024-04-16T22:12:48.220] [INFO] ma-core - add SlaContract success NaN post 1234
[2024-04-16T22:12:48.241] [INFO] ma-core - update slaContract By Customer success testing testing testing
[2024-04-16T22:12:48.244] [INFO] ma-core - update slaContract By Customer success NaN post 1234
[2024-04-16T22:12:48.870] [INFO] ma-core - get All Task success testing testing testing
[2024-04-16T22:12:48.873] [INFO] ma-core - get All Task success NaN post 1234
[2024-04-16T22:12:48.887] [INFO] ma-core - get All Task By filter success testing testing testing
[2024-04-16T22:12:48.894] [INFO] ma-core - get All Task By filter success testing testing testing
[2024-04-16T22:12:48.897] [INFO] ma-core - get by id Task success testing testing testing
[2024-04-16T22:12:48.903] [INFO] ma-core - get by id Task success NaN post 1234
[2024-04-16T22:12:48.947] [INFO] ma-core - get All Task By filter success testing testing testing
[2024-04-16T22:12:48.952] [INFO] ma-core - get All Task By filter success testing testing testing
[2024-04-16T22:12:49.039] [INFO] ma-core - get All Task By ID success testing testing testing
[2024-04-16T22:12:49.098] [INFO] ma-core - get All Task success testing testing testing
[2024-04-16T22:12:49.118] [INFO] ma-core - get Created Tasks success testing testing testing
[2024-04-16T22:12:49.129] [INFO] ma-core - get Created Tasks success NaN post 1234
[2024-04-16T22:12:49.179] [INFO] ma-core - add Task success testing testing testing
[2024-04-16T22:12:49.257] [INFO] ma-core - add Task success NaN post 1234
[2024-04-16T22:12:49.313] [INFO] ma-core - add Many Task success testing testing testing
[2024-04-16T22:12:49.316] [INFO] ma-core - add Many Task success NaN post 1234
[2024-04-16T22:12:49.339] [INFO] ma-core - update Task success testing testing testing
[2024-04-16T22:12:49.343] [INFO] ma-core - update Task success NaN post 1234
[2024-04-16T22:12:49.428] [INFO] ma-core - Canceled the Task testing testing testing
[2024-04-16T22:12:49.430] [INFO] ma-core - Canceled the Task NaN post 1234
[2024-04-16T22:12:49.442] [INFO] ma-core - Closed the Task testing testing testing
[2024-04-16T22:12:49.446] [INFO] ma-core - Closed the Task NaN post 1234
[2024-04-16T22:12:49.458] [INFO] ma-core - Deleted the Task testing testing testing
[2024-04-16T22:12:49.460] [INFO] ma-core - Deleted the Task NaN post 1234
[2024-04-16T22:12:49.474] [INFO] ma-core - Finished the Task testing testing testing
[2024-04-16T22:12:49.477] [INFO] ma-core - Finished the Task NaN post 1234
[2024-04-16T22:12:49.488] [INFO] ma-core - Rejected the Task testing testing testing
[2024-04-16T22:12:49.491] [INFO] ma-core - Rejected the Task NaN post 1234
[2024-04-16T22:12:49.507] [INFO] ma-core - Validated the Task testing testing testing
[2024-04-16T22:12:49.511] [INFO] ma-core - Validated the Task NaN post 1234
[2024-04-16T22:12:49.530] [INFO] ma-core - update Task success testing testing testing
[2024-04-16T22:12:49.535] [INFO] ma-core - update Task success NaN post 1234
[2024-04-16T22:14:18.109] [INFO] ma-core - database URI mongodb://localhost:27017/core
[2024-04-16T22:14:20.889] [INFO] ma-core - server started at port 5000
[2024-04-16T22:14:20.954] [INFO] ma-core - mongodb conected
