[2023-07-20T15:55:33.604] [INFO] ma-core - database URI mongodb://localhost:27017/core
[2023-07-20T15:55:35.021] [INFO] ma-core - server started at port 5000
[2023-07-20T15:55:35.113] [INFO] ma-core - mongodb conected
[2023-07-20T15:56:48.150] [INFO] ma-core - get all posts success /api/newsFeed/getAllPosts GET ::1
[2023-07-20T16:01:04.258] [INFO] ma-core - get all posts success /api/newsFeed/getAllPosts GET ::1
[2023-07-20T16:01:04.449] [INFO] ma-core - get all posts success /api/newsFeed/getAllPosts GET ::1
[2023-07-20T16:08:52.336] [INFO] ma-core - get All nomenclature success /api/nomenclature/ GET ::1
[2023-07-20T16:08:52.621] [INFO] ma-core - Get all shifts success /api/shift/ GET ::1
[2023-07-20T16:08:52.878] [INFO] ma-core - Get all shifts success /api/shift/ GET ::1
[2023-07-20T16:09:48.474] [INFO] ma-core - get All nomenclature success /api/nomenclature/ GET ::1
[2023-07-20T16:09:48.699] [INFO] ma-core - Get all shifts success /api/shift/ GET ::1
[2023-07-20T16:09:48.928] [INFO] ma-core - Get all shifts success /api/shift/ GET ::1
[2023-07-20T16:10:27.264] [INFO] ma-core - add new shifts success /api/shift/sync PATCH ::1
[2023-07-20T16:10:27.303] [INFO] ma-core - sync shift success /api/shift/sync PATCH ::1
[2023-07-20T16:10:28.398] [INFO] ma-core - Shift Unassigned reminder cron launched
[2023-07-20T16:10:28.405] [INFO] ma-core - Shift Unassigned reminder cron launched
[2023-07-20T16:10:28.410] [INFO] ma-core - Shift Unassigned reminder cron launched
[2023-07-20T16:10:28.436] [INFO] ma-core - Shift Unassigned reminder cron launched
[2023-07-20T16:10:28.442] [INFO] ma-core - Shift Unassigned reminder cron launched
[2023-07-20T16:10:28.450] [INFO] ma-core - Shift Unassigned reminder cron launched
[2023-07-20T16:10:28.456] [INFO] ma-core - Shift Unassigned reminder cron launched
[2023-07-20T16:10:28.464] [INFO] ma-core - Shift Unassigned reminder cron launched
[2023-07-20T16:10:28.482] [INFO] ma-core - Shift Unassigned reminder cron launched
[2023-07-20T16:10:28.490] [INFO] ma-core - Shift Unassigned reminder cron launched
[2023-07-20T16:10:28.507] [INFO] ma-core - cron shift unassigned : startdate before now
[2023-07-20T16:10:28.520] [INFO] ma-core - Shift Unassigned reminder cron launched
[2023-07-20T16:10:28.526] [INFO] ma-core - Shift Unassigned reminder cron launched
[2023-07-20T16:10:28.535] [INFO] ma-core - Shift Unassigned reminder cron launched
[2023-07-20T16:10:28.545] [INFO] ma-core - Shift Unassigned reminder cron launched
[2023-07-20T16:10:28.552] [INFO] ma-core - Shift Unassigned reminder cron launched
[2023-07-20T16:10:28.555] [INFO] ma-core - cron shift unassigned : startdate before now
[2023-07-20T16:10:28.565] [INFO] ma-core - Shift Unassigned reminder cron launched
[2023-07-20T16:10:28.579] [INFO] ma-core - Shift Unassigned reminder cron launched
[2023-07-20T16:10:28.588] [INFO] ma-core - Shift Unassigned reminder cron launched
[2023-07-20T16:10:28.614] [INFO] ma-core - Shift Unassigned reminder cron launched
[2023-07-20T16:10:28.628] [INFO] ma-core - Shift Unassigned reminder cron launched
[2023-07-20T16:10:28.641] [INFO] ma-core - Shift Unassigned reminder cron launched
[2023-07-20T16:10:28.652] [INFO] ma-core - Shift Unassigned reminder cron launched
[2023-07-20T16:10:28.659] [INFO] ma-core - Shift Unassigned reminder cron launched
[2023-07-20T16:10:28.671] [INFO] ma-core - Shift Unassigned reminder cron launched
[2023-07-20T16:10:28.686] [INFO] ma-core - Shift Unassigned reminder cron launched
[2023-07-20T16:10:28.748] [INFO] ma-core - Shift Unassigned reminder cron launched
[2023-07-20T16:10:28.760] [INFO] ma-core - Shift Unassigned reminder cron launched
[2023-07-20T16:10:28.773] [INFO] ma-core - Shift Unassigned reminder cron launched
[2023-07-20T16:10:28.795] [INFO] ma-core - Shift Unassigned reminder cron launched
[2023-07-20T16:10:28.823] [INFO] ma-core - Shift Unassigned reminder cron launched
[2023-07-20T16:10:28.841] [INFO] ma-core - Shift Unassigned reminder cron launched
[2023-07-20T16:10:28.850] [INFO] ma-core - Shift Unassigned reminder cron launched
[2023-07-20T16:10:28.857] [INFO] ma-core - Shift Unassigned reminder cron launched
[2023-07-20T16:10:28.864] [INFO] ma-core - Shift Unassigned reminder cron launched
[2023-07-20T16:10:28.870] [INFO] ma-core - Shift Unassigned reminder cron launched
[2023-07-20T16:10:30.632] [INFO] ma-core - Shift Unassigned reminder cron launched
[2023-07-20T16:10:30.633] [INFO] ma-core - Shift Unassigned reminder cron launched
[2023-07-20T16:10:30.635] [INFO] ma-core - Shift Unassigned reminder cron launched
[2023-07-20T16:10:30.635] [INFO] ma-core - cron shift unassigned : startdate before now
[2023-07-20T16:10:30.640] [INFO] ma-core - Shift Unassigned reminder cron launched
[2023-07-20T16:10:30.642] [INFO] ma-core - Shift Unassigned reminder cron launched
[2023-07-20T16:10:30.644] [INFO] ma-core - Shift Unassigned reminder cron launched
[2023-07-20T16:10:30.646] [INFO] ma-core - Shift Unassigned reminder cron launched
[2023-07-20T16:10:30.648] [INFO] ma-core - Shift Unassigned reminder cron launched
[2023-07-20T16:10:30.654] [INFO] ma-core - Shift Unassigned reminder cron launched
[2023-07-20T16:10:31.017] [INFO] ma-core - Shift Unassigned reminder cron launched
[2023-07-20T16:10:31.020] [INFO] ma-core - Shift Unassigned reminder cron launched
[2023-07-20T16:10:31.023] [INFO] ma-core - Shift Unassigned reminder cron launched
[2023-07-20T16:10:31.025] [INFO] ma-core - Shift Unassigned reminder cron launched
[2023-07-20T16:10:31.026] [INFO] ma-core - Shift Unassigned reminder cron launched
[2023-07-20T16:10:31.027] [INFO] ma-core - Shift Unassigned reminder cron launched
[2023-07-20T16:10:31.029] [INFO] ma-core - Shift Unassigned reminder cron launched
[2023-07-20T16:10:31.031] [INFO] ma-core - Shift Unassigned reminder cron launched
[2023-07-20T16:10:31.039] [INFO] ma-core - Shift Unassigned reminder cron launched
[2023-07-20T16:10:31.047] [INFO] ma-core - Shift Unassigned reminder cron launched
[2023-07-20T16:10:31.132] [INFO] ma-core - Shift Unassigned reminder cron launched
[2023-07-20T16:10:31.148] [INFO] ma-core - Shift Unassigned reminder cron launched
[2023-07-20T16:10:31.155] [INFO] ma-core - Shift Unassigned reminder cron launched
[2023-07-20T16:10:31.160] [INFO] ma-core - Shift Unassigned reminder cron launched
[2023-07-20T16:10:31.164] [INFO] ma-core - Shift Unassigned reminder cron launched
[2023-07-20T16:10:31.168] [INFO] ma-core - Shift Unassigned reminder cron launched
[2023-07-20T16:10:31.172] [INFO] ma-core - Shift Unassigned reminder cron launched
[2023-07-20T16:10:31.175] [INFO] ma-core - Shift Unassigned reminder cron launched
[2023-07-20T16:10:31.179] [INFO] ma-core - Shift Unassigned reminder cron launched
[2023-07-20T16:10:31.197] [INFO] ma-core - Shift Unassigned reminder cron launched
[2023-07-20T16:10:31.207] [INFO] ma-core - Shift Unassigned reminder cron launched
[2023-07-20T16:10:31.224] [INFO] ma-core - Shift Unassigned reminder cron launched
[2023-07-20T16:10:31.244] [INFO] ma-core - Shift Unassigned reminder cron launched
[2023-07-20T16:10:31.247] [INFO] ma-core - Shift Unassigned reminder cron launched
[2023-07-20T16:10:31.250] [INFO] ma-core - Shift Unassigned reminder cron launched
[2023-07-20T16:10:31.253] [INFO] ma-core - Shift Unassigned reminder cron launched
[2023-07-20T16:10:31.256] [INFO] ma-core - Shift Unassigned reminder cron launched
[2023-07-20T16:10:31.262] [INFO] ma-core - Shift Unassigned reminder cron launched
[2023-07-20T16:10:31.265] [INFO] ma-core - Shift Unassigned reminder cron launched
[2023-07-20T16:10:31.268] [INFO] ma-core - Shift Unassigned reminder cron launched
[2023-07-20T16:10:31.291] [INFO] ma-core - Shift Unassigned reminder cron launched
[2023-07-20T16:10:31.297] [INFO] ma-core - Shift Unassigned reminder cron launched
[2023-07-20T16:10:31.300] [INFO] ma-core - Shift Unassigned reminder cron launched
[2023-07-20T16:10:31.303] [INFO] ma-core - Shift Unassigned reminder cron launched
[2023-07-20T16:10:31.309] [INFO] ma-core - Shift Unassigned reminder cron launched
[2023-07-20T16:10:31.312] [INFO] ma-core - Shift Unassigned reminder cron launched
[2023-07-20T16:10:31.315] [INFO] ma-core - Shift Unassigned reminder cron launched
[2023-07-20T16:10:31.319] [INFO] ma-core - Shift Unassigned reminder cron launched
[2023-07-20T16:10:31.323] [INFO] ma-core - Shift Unassigned reminder cron launched
[2023-07-20T16:10:31.335] [INFO] ma-core - Shift Unassigned reminder cron launched
[2023-07-20T16:10:31.343] [INFO] ma-core - Shift Unassigned reminder cron launched
[2023-07-20T16:10:31.350] [INFO] ma-core - Shift Unassigned reminder cron launched
[2023-07-20T16:10:31.358] [INFO] ma-core - Shift Unassigned reminder cron launched
[2023-07-20T16:10:31.363] [INFO] ma-core - Shift Unassigned reminder cron launched
[2023-07-20T16:10:31.369] [INFO] ma-core - Shift Unassigned reminder cron launched
[2023-07-20T16:10:31.376] [INFO] ma-core - Shift Unassigned reminder cron launched
[2023-07-20T16:10:31.382] [INFO] ma-core - Shift Unassigned reminder cron launched
[2023-07-20T16:10:31.386] [INFO] ma-core - Shift Unassigned reminder cron launched
[2023-07-20T16:10:31.388] [INFO] ma-core - Shift Unassigned reminder cron launched
[2023-07-20T16:10:31.391] [INFO] ma-core - Shift Unassigned reminder cron launched
[2023-07-20T16:10:31.399] [INFO] ma-core - Shift Unassigned reminder cron launched
[2023-07-20T16:10:31.403] [INFO] ma-core - Shift Unassigned reminder cron launched
[2023-07-20T16:10:31.407] [INFO] ma-core - Shift Unassigned reminder cron launched
[2023-07-20T16:10:31.411] [INFO] ma-core - Shift Unassigned reminder cron launched
[2023-07-20T16:10:31.414] [INFO] ma-core - Shift Unassigned reminder cron launched
[2023-07-20T16:10:31.417] [INFO] ma-core - Shift Unassigned reminder cron launched
[2023-07-20T16:10:31.419] [INFO] ma-core - Shift Unassigned reminder cron launched
[2023-07-20T16:10:31.422] [INFO] ma-core - Shift Unassigned reminder cron launched
[2023-07-20T16:10:31.424] [INFO] ma-core - Shift Unassigned reminder cron launched
[2023-07-20T16:10:31.426] [INFO] ma-core - Shift Unassigned reminder cron launched
[2023-07-20T16:10:31.430] [INFO] ma-core - Add user in sync shifts: takahiro.oono@avaxia-group.com
[2023-07-20T16:10:31.498] [INFO] ma-core - Sync shift : add new role success :  /api/shift/sync PATCH ::1
[2023-07-20T16:10:31.499] [INFO] ma-core - Sync shift : add new role success :  /api/shift/sync PATCH ::1
[2023-07-20T16:10:31.500] [INFO] ma-core - Sync shift : add new role success :  /api/shift/sync PATCH ::1
[2023-07-20T16:10:31.502] [INFO] ma-core - Sync shift : add new role success :  /api/shift/sync PATCH ::1
[2023-07-20T16:10:31.503] [INFO] ma-core - Sync shift : add new role success :  /api/shift/sync PATCH ::1
[2023-07-20T16:10:31.504] [INFO] ma-core - Sync shift : add new role success :  /api/shift/sync PATCH ::1
[2023-07-20T16:10:31.505] [INFO] ma-core - Sync shift : add new role success :  /api/shift/sync PATCH ::1
[2023-07-20T16:10:31.507] [INFO] ma-core - Sync shift : add new role success :  /api/shift/sync PATCH ::1
[2023-07-20T16:10:31.508] [INFO] ma-core - Sync shift : add new role success :  /api/shift/sync PATCH ::1
[2023-07-20T16:10:31.509] [INFO] ma-core - Sync shift : add new role success :  /api/shift/sync PATCH ::1
[2023-07-20T16:10:31.510] [INFO] ma-core - Sync shift : add new role success :  /api/shift/sync PATCH ::1
[2023-07-20T16:10:31.510] [INFO] ma-core - Sync shift : add new role success :  /api/shift/sync PATCH ::1
[2023-07-20T16:10:31.511] [INFO] ma-core - Sync shift : add new role success :  /api/shift/sync PATCH ::1
[2023-07-20T16:10:31.511] [INFO] ma-core - Sync shift : add new role success :  /api/shift/sync PATCH ::1
[2023-07-20T16:10:31.512] [INFO] ma-core - Sync shift : add new role success :  /api/shift/sync PATCH ::1
[2023-07-20T16:10:31.512] [INFO] ma-core - Sync shift : add new role success :  /api/shift/sync PATCH ::1
[2023-07-20T16:10:31.513] [INFO] ma-core - Sync shift : add new role success :  /api/shift/sync PATCH ::1
[2023-07-20T16:10:31.513] [INFO] ma-core - Sync shift : add new role success :  /api/shift/sync PATCH ::1
[2023-07-20T16:10:31.514] [INFO] ma-core - Sync shift : add new role success :  /api/shift/sync PATCH ::1
[2023-07-20T16:10:31.514] [INFO] ma-core - Sync shift : add new role success :  /api/shift/sync PATCH ::1
[2023-07-20T16:10:44.051] [INFO] ma-core - get All nomenclature success /api/nomenclature/ GET ::1
[2023-07-20T16:10:44.413] [INFO] ma-core - Get all shifts success /api/shift/ GET ::1
[2023-07-20T16:10:44.874] [INFO] ma-core - Get all shifts success /api/shift/ GET ::1
[2023-07-20T16:10:50.818] [INFO] ma-core - get All nomenclature success /api/nomenclature/ GET ::1
[2023-07-20T16:10:50.869] [INFO] ma-core - Get all shifts success /api/shift/ GET ::1
[2023-07-20T16:10:54.679] [INFO] ma-core - get All nomenclature success /api/nomenclature/ GET ::1
[2023-07-20T16:10:54.976] [INFO] ma-core - Get all shifts success /api/shift/ GET ::1
[2023-07-20T16:12:00.727] [INFO] ma-core - get All nomenclature success /api/nomenclature/ GET ::1
[2023-07-20T16:12:01.057] [INFO] ma-core - Get all shifts success /api/shift/ GET ::1
[2023-07-20T16:12:35.896] [INFO] ma-core - get all Customer success /api/customer/ GET ::1
[2023-07-20T16:12:35.935] [INFO] ma-core - get all Customer success /api/customer/ GET ::1
[2023-07-20T16:12:35.982] [INFO] ma-core - get all Customer success /api/customer/ GET ::1
[2023-07-20T16:13:29.436] [INFO] ma-core - Get all shifts success /api/shift/getAllMembersByShifts GET ::1
[2023-07-20T16:13:52.227] [INFO] ma-core - get all Customer success /api/customer/ GET ::1
[2023-07-20T16:13:52.313] [INFO] ma-core - get all Customer success /api/customer/ GET ::1
[2023-07-20T16:18:57.697] [INFO] ma-core - get all Customer success /api/customer/ GET ::1
[2023-07-20T16:18:57.816] [INFO] ma-core - get all Customer success /api/customer/ GET ::1
[2023-07-20T16:33:04.960] [INFO] ma-core - get All Module success /api/module/getAll GET ::1
[2023-07-20T16:33:11.422] [INFO] ma-core - get All Module success /api/module/getAll GET ::1
[2023-07-20T16:33:11.659] [INFO] ma-core - get All Module success /api/module/getAll GET ::1
[2023-07-20T16:33:12.583] [INFO] ma-core - get All Module success /api/module/getAll GET ::1
[2023-07-20T16:33:21.323] [INFO] ma-core - get All Basic Module success /api/module/getAllBasic GET ::1
[2023-07-20T16:33:37.051] [INFO] ma-core - get module By Id success /api/module/getOne/:id/ GET ::1
[2023-07-20T16:33:43.346] [INFO] ma-core - get module By Id success /api/module/getOne/:id/ GET ::1
[2023-07-20T16:33:47.306] [INFO] ma-core - get module By Id success /api/module/getOne/:id/ GET ::1
[2023-07-20T16:33:51.836] [INFO] ma-core - get module By Id success /api/module/getOne/:id/ GET ::1
[2023-07-20T16:33:55.072] [INFO] ma-core - get module By Id success /api/module/getOne/:id/ GET ::1
[2023-07-20T16:34:15.345] [INFO] ma-core - add Module success /api/module/ POST ::1
[2023-07-20T16:34:15.406] [INFO] ma-core - get All Module success /api/module/getAll GET ::1
[2023-07-20T16:34:27.832] [INFO] ma-core - get All Basic Module success /api/module/getAllBasic GET ::1
[2023-07-20T16:34:27.898] [INFO] ma-core - get module By Id success /api/module/getOne/:id/ GET ::1
[2023-07-20T16:34:27.978] [INFO] ma-core - get module By Id success /api/module/getOne/:id/ GET ::1
[2023-07-20T16:34:42.106] [INFO] ma-core - get All Module success /api/module/getAll GET ::1
[2023-07-20T16:34:48.510] [INFO] ma-core - get All Module success /api/module/getAll GET ::1
[2023-07-20T16:34:50.614] [INFO] ma-core - get All Module success /api/module/getAll GET ::1
[2023-07-20T16:34:58.351] [INFO] ma-core - get All Module success /api/module/getAll GET ::1
[2023-07-20T16:34:58.513] [INFO] ma-core - get All Module success /api/module/getAll GET ::1
[2023-07-20T16:34:58.711] [INFO] ma-core - get All Module success /api/module/getAll GET ::1
[2023-07-20T16:35:07.372] [INFO] ma-core - get All Module success /api/module/getAll GET ::1
[2023-07-20T16:35:07.407] [INFO] ma-core - get All Module success /api/module/getAll GET ::1
[2023-07-20T16:35:09.443] [INFO] ma-core - get All Module success /api/module/getAll GET ::1
[2023-07-20T16:35:10.980] [INFO] ma-core - get All Module success /api/module/getAll GET ::1
[2023-07-20T16:35:24.316] [INFO] ma-core - get All Role success /api/role/ GET ::1
[2023-07-20T16:35:32.289] [INFO] ma-core - get All Module success /api/module/getAll GET ::1
[2023-07-20T16:35:32.398] [INFO] ma-core - get by id Role success /api/role/:id/ GET ::1
