[2021-12-01T15:17:34.308] [INFO] ma-core - database URI mongodb://localhost:27017/core
[2021-12-01T15:17:34.785] [INFO] ma-core - server started at port 5000
[2021-12-01T15:17:34.803] [INFO] ma-core - mongodb conected
[2021-12-01T15:57:10.621] [INFO] ma-core - add result form success /api/resultform/addFormSchema POST ::1
[2021-12-01T15:59:37.964] [INFO] ma-core - get all result form success /api/resultform/getAllResultForm GET ::1
[2021-12-01T16:00:22.408] [INFO] ma-core - get by id Result Form /api/resultform/getResultFormById/:id GET ::1
[2021-12-01T16:02:55.777] [INFO] ma-core - update Result Form success /api/resultform/updateResultForm/:id PATCH ::1
[2021-12-01T16:04:12.850] [INFO] ma-core - delete Result Form success /api/resultform/deleteResultForm/:id DELETE ::1
[2021-12-01T16:53:07.214] [INFO] ma-core - database URI mongodb://localhost:27017/core
[2021-12-01T16:53:07.675] [INFO] ma-core - server started at port 5000
[2021-12-01T16:53:07.694] [INFO] ma-core - mongodb conected
[2021-12-01T16:55:38.653] [INFO] ma-core - database URI mongodb://localhost:27017/core
[2021-12-01T16:55:39.108] [INFO] ma-core - server started at port 5000
[2021-12-01T16:55:39.129] [INFO] ma-core - mongodb conected
[2021-12-01T16:56:32.656] [INFO] ma-core - database URI mongodb://localhost:27017/core
[2021-12-01T16:56:33.110] [INFO] ma-core - server started at port 5000
[2021-12-01T16:56:33.131] [INFO] ma-core - mongodb conected
[2021-12-01T16:57:22.700] [INFO] ma-core - database URI mongodb://localhost:27017/core
[2021-12-01T16:57:23.131] [INFO] ma-core - server started at port 5000
[2021-12-01T16:57:23.150] [INFO] ma-core - mongodb conected
[2021-12-01T16:57:55.861] [INFO] ma-core - database URI mongodb://localhost:27017/core
[2021-12-01T16:57:56.317] [INFO] ma-core - server started at port 5000
[2021-12-01T16:57:56.339] [INFO] ma-core - mongodb conected
[2021-12-01T16:58:03.993] [INFO] ma-core - database URI mongodb://localhost:27017/core
[2021-12-01T16:58:04.431] [INFO] ma-core - server started at port 5000
[2021-12-01T16:58:04.450] [INFO] ma-core - mongodb conected
[2021-12-01T16:59:06.383] [INFO] ma-core - database URI mongodb://localhost:27017/core
[2021-12-01T16:59:06.870] [INFO] ma-core - server started at port 5000
[2021-12-01T16:59:06.889] [INFO] ma-core - mongodb conected
[2021-12-01T17:00:22.535] [INFO] ma-core - database URI mongodb://localhost:27017/core
[2021-12-01T17:00:23.035] [INFO] ma-core - server started at port 5000
[2021-12-01T17:00:23.054] [INFO] ma-core - mongodb conected
[2021-12-01T17:00:45.761] [INFO] ma-core - database URI mongodb://localhost:27017/core
[2021-12-01T17:00:46.225] [INFO] ma-core - server started at port 5000
[2021-12-01T17:00:46.245] [INFO] ma-core - mongodb conected
[2021-12-01T17:04:38.479] [INFO] ma-core - database URI mongodb://localhost:27017/core
[2021-12-01T17:04:38.891] [INFO] ma-core - server started at port 5000
[2021-12-01T17:04:38.908] [INFO] ma-core - mongodb conected
[2021-12-01T17:12:57.778] [INFO] ma-core - database URI mongodb://localhost:27017/core
[2021-12-01T17:12:58.221] [INFO] ma-core - server started at port 5000
[2021-12-01T17:12:58.239] [INFO] ma-core - mongodb conected
[2021-12-01T17:15:57.838] [INFO] ma-core - database URI mongodb://localhost:27017/core
[2021-12-01T17:15:58.263] [INFO] ma-core - server started at port 5000
[2021-12-01T17:15:58.281] [INFO] ma-core - mongodb conected
[2021-12-01T17:16:42.640] [INFO] ma-core - database URI mongodb://localhost:27017/core
[2021-12-01T17:16:43.068] [INFO] ma-core - server started at port 5000
[2021-12-01T17:16:43.087] [INFO] ma-core - mongodb conected
[2021-12-01T17:19:33.228] [INFO] ma-core - database URI mongodb://localhost:27017/core
[2021-12-01T17:19:33.646] [INFO] ma-core - server started at port 5000
[2021-12-01T17:19:33.664] [INFO] ma-core - mongodb conected
[2021-12-01T17:32:45.770] [INFO] ma-core - database URI mongodb://localhost:27017/core
[2021-12-01T17:32:46.197] [INFO] ma-core - server started at port 5000
[2021-12-01T17:32:46.220] [INFO] ma-core - mongodb conected
[2021-12-01T17:32:48.559] [INFO] ma-core - database URI mongodb://localhost:27017/core
[2021-12-01T17:32:48.978] [INFO] ma-core - server started at port 5000
[2021-12-01T17:32:48.997] [INFO] ma-core - mongodb conected
