[2022-01-06T08:37:42.020] [INFO] ma-core - Get all shifts success testing testing testing
[2022-01-06T08:37:42.041] [INFO] ma-core - Get all members success testing testing testing
[2022-01-06T08:42:53.839] [INFO] ma-core - Get all shifts success testing testing testing
[2022-01-06T08:42:53.863] [INFO] ma-core - Get all members success testing testing testing
[2022-01-06T08:47:50.793] [INFO] ma-core - Get all shifts success testing testing testing
[2022-01-06T08:47:50.816] [INFO] ma-core - Get all members success testing testing testing
[2022-01-06T08:48:42.889] [INFO] ma-core - Get all shifts success testing testing testing
[2022-01-06T08:48:42.912] [INFO] ma-core - Get all members success testing testing testing
[2022-01-06T08:49:26.131] [INFO] ma-core - Get all shifts success testing testing testing
[2022-01-06T08:49:26.153] [INFO] ma-core - Get all members success testing testing testing
[2022-01-06T08:49:49.544] [INFO] ma-core - Get all shifts success testing testing testing
[2022-01-06T08:49:49.566] [INFO] ma-core - Get all members success testing testing testing
[2022-01-06T08:51:10.884] [INFO] ma-core - Get all shifts success testing testing testing
[2022-01-06T08:51:10.906] [INFO] ma-core - Get all members success testing testing testing
[2022-01-06T08:52:11.046] [INFO] ma-core - Get all shifts success testing testing testing
[2022-01-06T08:52:11.068] [INFO] ma-core - Get all members success testing testing testing
[2022-01-06T08:54:33.717] [INFO] ma-core - Get all shifts success testing testing testing
[2022-01-06T08:54:33.741] [INFO] ma-core - Get all members success testing testing testing
[2022-01-06T08:55:33.150] [INFO] ma-core - Get all shifts success testing testing testing
[2022-01-06T08:55:33.172] [INFO] ma-core - Get all members success testing testing testing
[2022-01-06T08:59:14.964] [INFO] ma-core - Get all shifts success testing testing testing
[2022-01-06T08:59:14.987] [INFO] ma-core - Get all members success testing testing testing
[2022-01-06T10:12:19.099] [INFO] ma-core - database URI mongodb://localhost:27017/core
[2022-01-06T10:12:19.831] [INFO] ma-core - server started at port 5000
[2022-01-06T10:12:19.854] [INFO] ma-core - mongodb conected
[2022-01-06T10:12:19.929] [INFO] ma-core - add Client success testing testing testing
[2022-01-06T10:12:19.989] [INFO] ma-core - get all Customer success testing testing testing
[2022-01-06T10:12:19.990] [INFO] ma-core - get all Customer success NaN post 1234
[2022-01-06T10:12:19.992] [INFO] ma-core - get all Customer success testing testing testing
[2022-01-06T10:12:19.994] [INFO] ma-core - get all Customer error testing testing testing
[2022-01-06T10:12:19.995] [INFO] ma-core - get all Customer error NaN post 1234
[2022-01-06T10:12:20.002] [INFO] ma-core - get Customer success testing testing testing
[2022-01-06T10:12:20.006] [INFO] ma-core - get Customer error testing testing testing
[2022-01-06T10:12:20.021] [INFO] ma-core - add customer success testing testing testing
[2022-01-06T10:12:17.952] [INFO] ma-core - cancel itOperation success testing testing testing
[2022-01-06T10:12:17.954] [INFO] ma-core - finish itOperation success testing testing testing
[2022-01-06T10:12:20.185] [INFO] ma-core - get All Active itOperation success testing testing testing
[2022-01-06T10:12:20.190] [INFO] ma-core - get All Archived itOperation success testing testing testing
[2022-01-06T10:12:20.205] [INFO] ma-core - add ItOperation success testing testing testing
[2022-01-06T10:12:17.970] [INFO] ma-core - remind itOperation success testing testing testing
[2022-01-06T10:12:17.971] [INFO] ma-core - send changes itOperation success testing testing testing
[2022-01-06T10:12:20.222] [INFO] ma-core - update itOperation success testing testing testing
[2022-01-06T10:12:20.249] [INFO] ma-core - delete licence success testing testing testing
[2022-01-06T10:12:20.251] [INFO] ma-core - delete licence success NaN post 1234
[2022-01-06T10:12:20.260] [INFO] ma-core - get latest customer licence By Id success testing testing testing
[2022-01-06T10:12:20.262] [INFO] ma-core - get latest customer licence By Id success NaN post 1234
[2022-01-06T10:12:20.281] [INFO] ma-core - get licence By Id success testing testing testing
[2022-01-06T10:12:20.283] [INFO] ma-core - get licence By Id success NaN post 1234
[2022-01-06T10:12:20.296] [INFO] ma-core - add Licence success testing testing testing
[2022-01-06T10:12:20.297] [INFO] ma-core - add Licence success NaN post 1234
[2022-01-06T10:12:20.310] [INFO] ma-core - update licence By Customer success testing testing testing
[2022-01-06T10:12:20.311] [INFO] ma-core - update licence By Customer success NaN post 1234
[2022-01-06T10:12:20.387] [INFO] ma-core - delete module success testing testing testing
[2022-01-06T10:12:20.389] [INFO] ma-core - delete module success NaN post 1234
[2022-01-06T10:12:20.401] [INFO] ma-core - get All Basic Module success testing testing testing
[2022-01-06T10:12:20.402] [INFO] ma-core - get All Basic Module success NaN post 1234
[2022-01-06T10:12:20.408] [INFO] ma-core - get All Module success testing testing testing
[2022-01-06T10:12:20.409] [INFO] ma-core - get All Module success NaN post 1234
[2022-01-06T10:12:20.417] [INFO] ma-core - get module By Id success testing testing testing
[2022-01-06T10:12:20.419] [INFO] ma-core - get module By Id success NaN post 1234
[2022-01-06T10:12:20.431] [INFO] ma-core - add Module success testing testing testing
[2022-01-06T10:12:20.434] [INFO] ma-core - add Module success NaN post 1234
[2022-01-06T10:12:20.443] [INFO] ma-core - update module By Customer success testing testing testing
[2022-01-06T10:12:20.445] [INFO] ma-core - update module By Customer success NaN post 1234
[2022-01-06T10:12:20.522] [INFO] ma-core - get All nomenclature success testing testing testing
[2022-01-06T10:12:20.523] [INFO] ma-core - get All nomenclature success testing testing testing
[2022-01-06T10:12:20.525] [INFO] ma-core - get All nomenclature success NaN post 1234
[2022-01-06T10:12:20.537] [INFO] ma-core - get one result success testing testing testing
[2022-01-06T10:12:20.546] [INFO] ma-core - get Previous result success testing testing testing
[2022-01-06T10:12:20.565] [INFO] ma-core - delete Result Form success testing testing testing
[2022-01-06T10:12:20.567] [INFO] ma-core - delete Result Form success NaN post 1234
[2022-01-06T10:12:20.582] [INFO] ma-core - get all result form success testing testing testing
[2022-01-06T10:12:20.583] [INFO] ma-core - get all result form success testing testing testing
[2022-01-06T10:12:20.584] [INFO] ma-core - get all result form success NaN post 1234
[2022-01-06T10:12:20.592] [INFO] ma-core - get by id Result Form testing testing testing
[2022-01-06T10:12:20.594] [INFO] ma-core - get by id Result Form NaN post 1234
[2022-01-06T10:12:20.604] [INFO] ma-core - add result form success testing testing testing
[2022-01-06T10:12:20.605] [INFO] ma-core - add result form success NaN post 1234
[2022-01-06T10:12:20.612] [INFO] ma-core - update Result Form success testing testing testing
[2022-01-06T10:12:20.613] [INFO] ma-core - update Result Form success NaN post 1234
[2022-01-06T10:12:20.623] [INFO] ma-core - delete Role success testing testing testing
[2022-01-06T10:12:20.624] [INFO] ma-core - delete Role success NaN post 1234
[2022-01-06T10:12:20.640] [INFO] ma-core - get All Role success testing testing testing
[2022-01-06T10:12:20.642] [INFO] ma-core - get All Role success NaN post 1234
[2022-01-06T10:12:20.650] [INFO] ma-core - get by id Role success testing testing testing
[2022-01-06T10:12:20.651] [INFO] ma-core - get by id Role success NaN post 1234
[2022-01-06T10:12:20.670] [INFO] ma-core - get by user Role success testing testing testing
[2022-01-06T10:12:20.672] [INFO] ma-core - get by user Role success NaN get 1234
[2022-01-06T10:12:20.678] [INFO] ma-core - add Role success testing testing testing
[2022-01-06T10:12:20.681] [INFO] ma-core - add Role success NaN post 1234
[2022-01-06T10:12:20.693] [INFO] ma-core - update Role success testing testing testing
[2022-01-06T10:12:20.695] [INFO] ma-core - update Role success NaN post 1234
[2022-01-06T10:12:20.706] [INFO] ma-core - add Role History success testing testing testing
[2022-01-06T10:12:20.707] [INFO] ma-core - add Role History success NaN post 1234
[2022-01-06T10:12:20.753] [INFO] ma-core - Get all shifts success testing testing testing
[2022-01-06T10:12:20.773] [INFO] ma-core - Get all members success testing testing testing
[2022-01-06T10:12:20.795] [INFO] ma-core - delete sla success testing testing testing
[2022-01-06T10:12:20.796] [INFO] ma-core - delete sla success NaN post 1234
[2022-01-06T10:12:20.807] [INFO] ma-core - get sla By Id success testing testing testing
[2022-01-06T10:12:20.808] [INFO] ma-core - get sla By Id success NaN post 1234
[2022-01-06T10:12:20.830] [INFO] ma-core - add Sla success testing testing testing
[2022-01-06T10:12:20.831] [INFO] ma-core - add Sla success NaN post 1234
[2022-01-06T10:12:20.850] [INFO] ma-core - update sla By SlaContract success testing testing testing
[2022-01-06T10:12:20.851] [INFO] ma-core - update sla By SlaContract success NaN post 1234
[2022-01-06T10:12:20.866] [INFO] ma-core - delete slaContract success testing testing testing
[2022-01-06T10:12:20.867] [INFO] ma-core - delete slaContract success NaN post 1234
[2022-01-06T10:12:20.886] [INFO] ma-core - get slaContract By Customer success testing testing testing
[2022-01-06T10:12:20.887] [INFO] ma-core - get slaContract By Customer success NaN post 1234
[2022-01-06T10:12:20.892] [INFO] ma-core - get slaContract By Id success testing testing testing
[2022-01-06T10:12:20.894] [INFO] ma-core - get slaContract By Id success NaN post 1234
[2022-01-06T10:12:20.903] [INFO] ma-core - add SlaContract success testing testing testing
[2022-01-06T10:12:20.904] [INFO] ma-core - add SlaContract success NaN post 1234
[2022-01-06T10:12:20.916] [INFO] ma-core - update slaContract By Customer success testing testing testing
[2022-01-06T10:12:20.918] [INFO] ma-core - update slaContract By Customer success NaN post 1234
[2022-01-06T10:12:21.082] [INFO] ma-core - get All Task success testing testing testing
[2022-01-06T10:12:21.084] [INFO] ma-core - get All Task success NaN post 1234
[2022-01-06T10:12:21.087] [INFO] ma-core - get All Task By filter success testing testing testing
[2022-01-06T10:12:21.090] [INFO] ma-core - get All Task By filter success testing testing testing
[2022-01-06T10:12:21.093] [INFO] ma-core - get by id Task success testing testing testing
[2022-01-06T10:12:21.094] [INFO] ma-core - get by id Task success NaN post 1234
[2022-01-06T10:12:21.105] [INFO] ma-core - get All Task By filter success testing testing testing
[2022-01-06T10:12:21.108] [INFO] ma-core - get All Task By filter success testing testing testing
[2022-01-06T10:12:21.169] [INFO] ma-core - get All Task By ID success testing testing testing
[2022-01-06T10:12:21.184] [INFO] ma-core - get All Task success testing testing testing
[2022-01-06T10:12:21.202] [INFO] ma-core - get Created Tasks success testing testing testing
[2022-01-06T10:12:21.206] [INFO] ma-core - get Created Tasks success NaN post 1234
[2022-01-06T10:12:21.227] [INFO] ma-core - add Task success testing testing testing
[2022-01-06T10:12:21.228] [INFO] ma-core - add Task success NaN post 1234
[2022-01-06T10:12:21.241] [INFO] ma-core - add Many Task success testing testing testing
[2022-01-06T10:12:21.243] [INFO] ma-core - add Many Task success NaN post 1234
[2022-01-06T10:12:21.256] [INFO] ma-core - update Task success testing testing testing
[2022-01-06T10:12:21.258] [INFO] ma-core - update Task success NaN post 1234
[2022-01-06T10:12:21.268] [INFO] ma-core - Update Task Assignee success testing testing testing
[2022-01-06T10:12:21.270] [INFO] ma-core - Update Task Assignee Incomplete testing testing testing
[2022-01-06T10:12:21.280] [INFO] ma-core - Canceled the Task testing testing testing
[2022-01-06T10:12:21.282] [INFO] ma-core - Canceled the Task NaN post 1234
[2022-01-06T10:12:21.290] [INFO] ma-core - Closed the Task testing testing testing
[2022-01-06T10:12:21.292] [INFO] ma-core - Closed the Task NaN post 1234
[2022-01-06T10:12:21.299] [INFO] ma-core - Deleted the Task testing testing testing
[2022-01-06T10:12:21.301] [INFO] ma-core - Deleted the Task NaN post 1234
[2022-01-06T10:12:21.310] [INFO] ma-core - Finished the Task testing testing testing
[2022-01-06T10:12:21.312] [INFO] ma-core - Finished the Task NaN post 1234
[2022-01-06T10:12:21.321] [INFO] ma-core - Rejected the Task testing testing testing
[2022-01-06T10:12:21.322] [INFO] ma-core - Rejected the Task NaN post 1234
[2022-01-06T10:12:21.332] [INFO] ma-core - Validated the Task testing testing testing
[2022-01-06T10:12:21.337] [INFO] ma-core - Validated the Task NaN post 1234
[2022-01-06T10:12:21.354] [INFO] ma-core - update Task success testing testing testing
[2022-01-06T10:12:21.358] [INFO] ma-core - update Task success NaN post 1234
[2022-01-06T10:22:12.706] [INFO] ma-core - get All Task success testing testing testing
[2022-01-06T10:22:12.710] [INFO] ma-core - get All Task success NaN post 1234
[2022-01-06T10:22:12.716] [INFO] ma-core - get All Task By filter success testing testing testing
[2022-01-06T10:22:12.719] [INFO] ma-core - get All Task By filter success testing testing testing
[2022-01-06T10:22:12.723] [INFO] ma-core - get by id Task success testing testing testing
[2022-01-06T10:22:12.725] [INFO] ma-core - get by id Task success NaN post 1234
[2022-01-06T10:22:12.737] [INFO] ma-core - get All Task By filter success testing testing testing
[2022-01-06T10:22:12.740] [INFO] ma-core - get All Task By filter success testing testing testing
[2022-01-06T10:22:12.797] [INFO] ma-core - get All Task By ID success testing testing testing
[2022-01-06T10:22:12.811] [INFO] ma-core - get All Task success testing testing testing
[2022-01-06T10:22:12.832] [INFO] ma-core - get Created Tasks success testing testing testing
[2022-01-06T10:22:12.837] [INFO] ma-core - get Created Tasks success NaN post 1234
[2022-01-06T10:22:12.855] [INFO] ma-core - add Task success testing testing testing
[2022-01-06T10:22:12.857] [INFO] ma-core - add Task success NaN post 1234
[2022-01-06T10:22:12.870] [INFO] ma-core - add Many Task success testing testing testing
[2022-01-06T10:22:12.872] [INFO] ma-core - add Many Task success NaN post 1234
[2022-01-06T10:22:12.891] [INFO] ma-core - update Task success testing testing testing
[2022-01-06T10:22:12.893] [INFO] ma-core - update Task success NaN post 1234
[2022-01-06T10:22:12.903] [INFO] ma-core - Update Task Assignee success testing testing testing
[2022-01-06T10:22:12.904] [INFO] ma-core - Update Task Assignee Incomplete testing testing testing
[2022-01-06T10:22:12.914] [INFO] ma-core - Canceled the Task testing testing testing
[2022-01-06T10:22:12.916] [INFO] ma-core - Canceled the Task NaN post 1234
[2022-01-06T10:22:12.926] [INFO] ma-core - Closed the Task testing testing testing
[2022-01-06T10:22:12.928] [INFO] ma-core - Closed the Task NaN post 1234
[2022-01-06T10:22:12.936] [INFO] ma-core - Deleted the Task testing testing testing
[2022-01-06T10:22:12.938] [INFO] ma-core - Deleted the Task NaN post 1234
[2022-01-06T10:22:12.947] [INFO] ma-core - Finished the Task testing testing testing
[2022-01-06T10:22:12.949] [INFO] ma-core - Finished the Task NaN post 1234
[2022-01-06T10:22:12.957] [INFO] ma-core - Rejected the Task testing testing testing
[2022-01-06T10:22:12.959] [INFO] ma-core - Rejected the Task NaN post 1234
[2022-01-06T10:22:12.972] [INFO] ma-core - Validated the Task testing testing testing
[2022-01-06T10:22:12.977] [INFO] ma-core - Validated the Task NaN post 1234
[2022-01-06T10:22:12.988] [INFO] ma-core - update Task success testing testing testing
[2022-01-06T10:22:12.991] [INFO] ma-core - update Task success NaN post 1234
[2022-01-06T10:25:03.903] [INFO] ma-core - get All Task success testing testing testing
[2022-01-06T10:25:03.905] [INFO] ma-core - get All Task success NaN post 1234
[2022-01-06T10:25:03.910] [INFO] ma-core - get All Task By filter success testing testing testing
[2022-01-06T10:25:03.913] [INFO] ma-core - get All Task By filter success testing testing testing
[2022-01-06T10:25:03.915] [INFO] ma-core - get by id Task success testing testing testing
[2022-01-06T10:25:03.917] [INFO] ma-core - get by id Task success NaN post 1234
[2022-01-06T10:25:03.932] [INFO] ma-core - get All Task By filter success testing testing testing
[2022-01-06T10:25:03.936] [INFO] ma-core - get All Task By filter success testing testing testing
[2022-01-06T10:25:03.992] [INFO] ma-core - get All Task By ID success testing testing testing
[2022-01-06T10:25:04.007] [INFO] ma-core - get All Task success testing testing testing
[2022-01-06T10:25:04.033] [INFO] ma-core - get Created Tasks success testing testing testing
[2022-01-06T10:25:04.038] [INFO] ma-core - get Created Tasks success NaN post 1234
[2022-01-06T10:25:04.057] [INFO] ma-core - add Task success testing testing testing
[2022-01-06T10:25:04.058] [INFO] ma-core - add Task success NaN post 1234
[2022-01-06T10:25:04.071] [INFO] ma-core - add Many Task success testing testing testing
[2022-01-06T10:25:04.073] [INFO] ma-core - add Many Task success NaN post 1234
[2022-01-06T10:25:04.092] [INFO] ma-core - update Task success testing testing testing
[2022-01-06T10:25:04.094] [INFO] ma-core - update Task success NaN post 1234
[2022-01-06T10:25:04.104] [INFO] ma-core - Update Task Assignee success testing testing testing
[2022-01-06T10:25:04.106] [INFO] ma-core - Update Task Assignee Incomplete testing testing testing
[2022-01-06T10:25:04.118] [INFO] ma-core - Canceled the Task testing testing testing
[2022-01-06T10:25:04.120] [INFO] ma-core - Canceled the Task NaN post 1234
[2022-01-06T10:25:04.129] [INFO] ma-core - Closed the Task testing testing testing
[2022-01-06T10:25:04.131] [INFO] ma-core - Closed the Task NaN post 1234
[2022-01-06T10:25:04.139] [INFO] ma-core - Deleted the Task testing testing testing
[2022-01-06T10:25:04.141] [INFO] ma-core - Deleted the Task NaN post 1234
[2022-01-06T10:25:04.148] [INFO] ma-core - Finished the Task testing testing testing
[2022-01-06T10:25:04.151] [INFO] ma-core - Finished the Task NaN post 1234
[2022-01-06T10:25:04.158] [INFO] ma-core - Rejected the Task testing testing testing
[2022-01-06T10:25:04.159] [INFO] ma-core - Rejected the Task NaN post 1234
[2022-01-06T10:25:04.171] [INFO] ma-core - Validated the Task testing testing testing
[2022-01-06T10:25:04.174] [INFO] ma-core - Validated the Task NaN post 1234
[2022-01-06T10:25:04.187] [INFO] ma-core - update Task success testing testing testing
[2022-01-06T10:25:04.191] [INFO] ma-core - update Task success NaN post 1234
[2022-01-06T10:34:24.662] [INFO] ma-core - get All Task success testing testing testing
[2022-01-06T10:34:24.665] [INFO] ma-core - get All Task success NaN post 1234
[2022-01-06T10:34:24.670] [INFO] ma-core - get All Task By filter success testing testing testing
[2022-01-06T10:34:24.674] [INFO] ma-core - get All Task By filter success testing testing testing
[2022-01-06T10:34:24.676] [INFO] ma-core - get by id Task success testing testing testing
[2022-01-06T10:34:24.678] [INFO] ma-core - get by id Task success NaN post 1234
[2022-01-06T10:34:24.694] [INFO] ma-core - get All Task By filter success testing testing testing
[2022-01-06T10:34:24.697] [INFO] ma-core - get All Task By filter success testing testing testing
[2022-01-06T10:34:24.758] [INFO] ma-core - get All Task By ID success testing testing testing
[2022-01-06T10:34:24.776] [INFO] ma-core - get All Task success testing testing testing
[2022-01-06T10:34:24.801] [INFO] ma-core - get Created Tasks success testing testing testing
[2022-01-06T10:34:24.807] [INFO] ma-core - get Created Tasks success NaN post 1234
[2022-01-06T10:34:24.823] [INFO] ma-core - add Task success testing testing testing
[2022-01-06T10:34:24.824] [INFO] ma-core - add Task success NaN post 1234
[2022-01-06T10:34:24.837] [INFO] ma-core - add Many Task success testing testing testing
[2022-01-06T10:34:24.840] [INFO] ma-core - add Many Task success NaN post 1234
[2022-01-06T10:34:24.860] [INFO] ma-core - update Task success testing testing testing
[2022-01-06T10:34:24.861] [INFO] ma-core - update Task success NaN post 1234
[2022-01-06T10:34:24.872] [INFO] ma-core - Update Task Assignee success testing testing testing
[2022-01-06T10:34:24.874] [INFO] ma-core - Update Task Assignee Incomplete testing testing testing
[2022-01-06T10:34:24.887] [INFO] ma-core - Canceled the Task testing testing testing
[2022-01-06T10:34:24.889] [INFO] ma-core - Canceled the Task NaN post 1234
[2022-01-06T10:34:24.898] [INFO] ma-core - Closed the Task testing testing testing
[2022-01-06T10:34:24.901] [INFO] ma-core - Closed the Task NaN post 1234
[2022-01-06T10:34:24.910] [INFO] ma-core - Deleted the Task testing testing testing
[2022-01-06T10:34:24.912] [INFO] ma-core - Deleted the Task NaN post 1234
[2022-01-06T10:34:24.921] [INFO] ma-core - Finished the Task testing testing testing
[2022-01-06T10:34:24.923] [INFO] ma-core - Finished the Task NaN post 1234
[2022-01-06T10:34:24.932] [INFO] ma-core - Rejected the Task testing testing testing
[2022-01-06T10:34:24.934] [INFO] ma-core - Rejected the Task NaN post 1234
[2022-01-06T10:34:24.944] [INFO] ma-core - Validated the Task testing testing testing
[2022-01-06T10:34:24.948] [INFO] ma-core - Validated the Task NaN post 1234
[2022-01-06T10:34:24.960] [INFO] ma-core - update Task success testing testing testing
[2022-01-06T10:34:24.963] [INFO] ma-core - update Task success NaN post 1234
[2022-01-06T10:37:29.819] [INFO] ma-core - get All Task success testing testing testing
[2022-01-06T10:37:29.822] [INFO] ma-core - get All Task success NaN post 1234
[2022-01-06T10:37:29.827] [INFO] ma-core - get All Task By filter success testing testing testing
[2022-01-06T10:37:29.832] [INFO] ma-core - get All Task By filter success testing testing testing
[2022-01-06T10:37:29.835] [INFO] ma-core - get by id Task success testing testing testing
[2022-01-06T10:37:29.838] [INFO] ma-core - get by id Task success NaN post 1234
[2022-01-06T10:37:29.852] [INFO] ma-core - get All Task By filter success testing testing testing
[2022-01-06T10:37:29.855] [INFO] ma-core - get All Task By filter success testing testing testing
[2022-01-06T10:37:29.910] [INFO] ma-core - get All Task By ID success testing testing testing
[2022-01-06T10:37:29.925] [INFO] ma-core - get All Task success testing testing testing
[2022-01-06T10:37:29.945] [INFO] ma-core - get Created Tasks success testing testing testing
[2022-01-06T10:37:29.953] [INFO] ma-core - get Created Tasks success NaN post 1234
[2022-01-06T10:37:29.971] [INFO] ma-core - add Task success testing testing testing
[2022-01-06T10:37:29.972] [INFO] ma-core - add Task success NaN post 1234
[2022-01-06T10:37:29.985] [INFO] ma-core - add Many Task success testing testing testing
[2022-01-06T10:37:29.987] [INFO] ma-core - add Many Task success NaN post 1234
[2022-01-06T10:37:30.007] [INFO] ma-core - update Task success testing testing testing
[2022-01-06T10:37:30.008] [INFO] ma-core - update Task success NaN post 1234
[2022-01-06T10:37:30.019] [INFO] ma-core - Update Task Assignee success testing testing testing
[2022-01-06T10:37:30.021] [INFO] ma-core - Update Task Assignee Incomplete testing testing testing
[2022-01-06T10:37:30.031] [INFO] ma-core - Canceled the Task testing testing testing
[2022-01-06T10:37:30.033] [INFO] ma-core - Canceled the Task NaN post 1234
[2022-01-06T10:37:30.044] [INFO] ma-core - Closed the Task testing testing testing
[2022-01-06T10:37:30.046] [INFO] ma-core - Closed the Task NaN post 1234
[2022-01-06T10:37:30.054] [INFO] ma-core - Deleted the Task testing testing testing
[2022-01-06T10:37:30.056] [INFO] ma-core - Deleted the Task NaN post 1234
[2022-01-06T10:37:30.064] [INFO] ma-core - Finished the Task testing testing testing
[2022-01-06T10:37:30.065] [INFO] ma-core - Finished the Task NaN post 1234
[2022-01-06T10:37:30.073] [INFO] ma-core - Rejected the Task testing testing testing
[2022-01-06T10:37:30.075] [INFO] ma-core - Rejected the Task NaN post 1234
[2022-01-06T10:37:30.087] [INFO] ma-core - Validated the Task testing testing testing
[2022-01-06T10:37:30.092] [INFO] ma-core - Validated the Task NaN post 1234
[2022-01-06T10:37:30.105] [INFO] ma-core - update Task success testing testing testing
[2022-01-06T10:37:30.108] [INFO] ma-core - update Task success NaN post 1234
[2022-01-06T10:39:18.284] [INFO] ma-core - get All Task success testing testing testing
[2022-01-06T10:39:18.288] [INFO] ma-core - get All Task success NaN post 1234
[2022-01-06T10:39:18.293] [INFO] ma-core - get All Task By filter success testing testing testing
[2022-01-06T10:39:18.297] [INFO] ma-core - get All Task By filter success testing testing testing
[2022-01-06T10:39:18.299] [INFO] ma-core - get by id Task success testing testing testing
[2022-01-06T10:39:18.301] [INFO] ma-core - get by id Task success NaN post 1234
[2022-01-06T10:39:18.312] [INFO] ma-core - get All Task By filter success testing testing testing
[2022-01-06T10:39:18.316] [INFO] ma-core - get All Task By filter success testing testing testing
[2022-01-06T10:39:18.373] [INFO] ma-core - get All Task By ID success testing testing testing
[2022-01-06T10:39:18.387] [INFO] ma-core - get All Task success testing testing testing
[2022-01-06T10:39:18.408] [INFO] ma-core - get Created Tasks success testing testing testing
[2022-01-06T10:39:18.413] [INFO] ma-core - get Created Tasks success NaN post 1234
[2022-01-06T10:39:18.433] [INFO] ma-core - add Task success testing testing testing
[2022-01-06T10:39:18.435] [INFO] ma-core - add Task success NaN post 1234
[2022-01-06T10:39:18.447] [INFO] ma-core - add Many Task success testing testing testing
[2022-01-06T10:39:18.450] [INFO] ma-core - add Many Task success NaN post 1234
[2022-01-06T10:39:18.469] [INFO] ma-core - update Task success testing testing testing
[2022-01-06T10:39:18.471] [INFO] ma-core - update Task success NaN post 1234
[2022-01-06T10:39:18.483] [INFO] ma-core - Update Task Assignee success testing testing testing
[2022-01-06T10:39:18.485] [INFO] ma-core - Update Task Assignee Incomplete testing testing testing
[2022-01-06T10:39:18.496] [INFO] ma-core - Canceled the Task testing testing testing
[2022-01-06T10:39:18.498] [INFO] ma-core - Canceled the Task NaN post 1234
[2022-01-06T10:39:18.506] [INFO] ma-core - Closed the Task testing testing testing
[2022-01-06T10:39:18.507] [INFO] ma-core - Closed the Task NaN post 1234
[2022-01-06T10:39:18.515] [INFO] ma-core - Deleted the Task testing testing testing
[2022-01-06T10:39:18.518] [INFO] ma-core - Deleted the Task NaN post 1234
[2022-01-06T10:39:18.529] [INFO] ma-core - Finished the Task testing testing testing
[2022-01-06T10:39:18.530] [INFO] ma-core - Finished the Task NaN post 1234
[2022-01-06T10:39:18.538] [INFO] ma-core - Rejected the Task testing testing testing
[2022-01-06T10:39:18.540] [INFO] ma-core - Rejected the Task NaN post 1234
[2022-01-06T10:39:18.556] [INFO] ma-core - Validated the Task testing testing testing
[2022-01-06T10:39:18.560] [INFO] ma-core - Validated the Task NaN post 1234
[2022-01-06T10:39:18.573] [INFO] ma-core - update Task success testing testing testing
[2022-01-06T10:39:18.576] [INFO] ma-core - update Task success NaN post 1234
[2022-01-06T10:42:56.899] [INFO] ma-core - get All Task success testing testing testing
[2022-01-06T10:42:56.902] [INFO] ma-core - get All Task success NaN post 1234
[2022-01-06T10:42:56.907] [INFO] ma-core - get All Task By filter success testing testing testing
[2022-01-06T10:42:56.911] [INFO] ma-core - get All Task By filter success testing testing testing
[2022-01-06T10:42:56.913] [INFO] ma-core - get by id Task success testing testing testing
[2022-01-06T10:42:56.915] [INFO] ma-core - get by id Task success NaN post 1234
[2022-01-06T10:42:56.927] [INFO] ma-core - get All Task By filter success testing testing testing
[2022-01-06T10:42:56.930] [INFO] ma-core - get All Task By filter success testing testing testing
[2022-01-06T10:42:56.986] [INFO] ma-core - get All Task By ID success testing testing testing
[2022-01-06T10:42:57.000] [INFO] ma-core - get All Task success testing testing testing
[2022-01-06T10:42:57.024] [INFO] ma-core - get Created Tasks success testing testing testing
[2022-01-06T10:42:57.029] [INFO] ma-core - get Created Tasks success NaN post 1234
[2022-01-06T10:42:57.046] [INFO] ma-core - add Task success testing testing testing
[2022-01-06T10:42:57.048] [INFO] ma-core - add Task success NaN post 1234
[2022-01-06T10:42:57.060] [INFO] ma-core - add Many Task success testing testing testing
[2022-01-06T10:42:57.062] [INFO] ma-core - add Many Task success NaN post 1234
[2022-01-06T10:42:57.081] [INFO] ma-core - update Task success testing testing testing
[2022-01-06T10:42:57.083] [INFO] ma-core - update Task success NaN post 1234
[2022-01-06T10:42:57.095] [INFO] ma-core - Update Task Assignee success testing testing testing
[2022-01-06T10:42:57.097] [INFO] ma-core - Update Task Assignee Incomplete testing testing testing
[2022-01-06T10:42:57.114] [INFO] ma-core - Canceled the Task testing testing testing
[2022-01-06T10:42:57.117] [INFO] ma-core - Canceled the Task NaN post 1234
[2022-01-06T10:42:57.125] [INFO] ma-core - Closed the Task testing testing testing
[2022-01-06T10:42:57.127] [INFO] ma-core - Closed the Task NaN post 1234
[2022-01-06T10:42:57.135] [INFO] ma-core - Deleted the Task testing testing testing
[2022-01-06T10:42:57.137] [INFO] ma-core - Deleted the Task NaN post 1234
[2022-01-06T10:42:57.146] [INFO] ma-core - Finished the Task testing testing testing
[2022-01-06T10:42:57.147] [INFO] ma-core - Finished the Task NaN post 1234
[2022-01-06T10:42:57.156] [INFO] ma-core - Rejected the Task testing testing testing
[2022-01-06T10:42:57.158] [INFO] ma-core - Rejected the Task NaN post 1234
[2022-01-06T10:42:57.169] [INFO] ma-core - Validated the Task testing testing testing
[2022-01-06T10:42:57.173] [INFO] ma-core - Validated the Task NaN post 1234
[2022-01-06T10:42:57.187] [INFO] ma-core - update Task success testing testing testing
[2022-01-06T10:42:57.192] [INFO] ma-core - update Task success NaN post 1234
[2022-01-06T14:22:17.164] [INFO] ma-core - get All Task success testing testing testing
[2022-01-06T14:22:17.168] [INFO] ma-core - get All Task success NaN post 1234
[2022-01-06T14:22:17.177] [INFO] ma-core - get All Task By filter success testing testing testing
[2022-01-06T14:22:17.182] [INFO] ma-core - get All Task By filter success testing testing testing
[2022-01-06T14:22:17.185] [INFO] ma-core - get by id Task success testing testing testing
[2022-01-06T14:22:17.188] [INFO] ma-core - get by id Task success NaN post 1234
[2022-01-06T14:22:17.202] [INFO] ma-core - get All Task By filter success testing testing testing
[2022-01-06T14:22:17.210] [INFO] ma-core - get All Task By filter success testing testing testing
[2022-01-06T14:22:17.279] [INFO] ma-core - get All Task By ID success testing testing testing
[2022-01-06T14:22:17.298] [INFO] ma-core - get All Task success testing testing testing
[2022-01-06T14:22:17.329] [INFO] ma-core - get Created Tasks success testing testing testing
[2022-01-06T14:22:17.335] [INFO] ma-core - get Created Tasks success NaN post 1234
[2022-01-06T14:22:17.355] [INFO] ma-core - add Task success testing testing testing
[2022-01-06T14:22:17.358] [INFO] ma-core - add Task success NaN post 1234
[2022-01-06T14:22:17.376] [INFO] ma-core - add Many Task success testing testing testing
[2022-01-06T14:22:17.380] [INFO] ma-core - add Many Task success NaN post 1234
[2022-01-06T14:22:17.402] [INFO] ma-core - update Task success testing testing testing
[2022-01-06T14:22:17.404] [INFO] ma-core - update Task success NaN post 1234
[2022-01-06T14:22:17.421] [INFO] ma-core - Update Task Assignee success testing testing testing
[2022-01-06T14:22:17.424] [INFO] ma-core - Update Task Assignee Incomplete testing testing testing
[2022-01-06T14:22:17.442] [INFO] ma-core - Canceled the Task testing testing testing
[2022-01-06T14:22:17.443] [INFO] ma-core - Canceled the Task NaN post 1234
[2022-01-06T14:22:17.452] [INFO] ma-core - Closed the Task testing testing testing
[2022-01-06T14:22:17.454] [INFO] ma-core - Closed the Task NaN post 1234
[2022-01-06T14:22:17.465] [INFO] ma-core - Deleted the Task testing testing testing
[2022-01-06T14:22:17.467] [INFO] ma-core - Deleted the Task NaN post 1234
[2022-01-06T14:22:17.478] [INFO] ma-core - Finished the Task testing testing testing
[2022-01-06T14:22:17.480] [INFO] ma-core - Finished the Task NaN post 1234
[2022-01-06T14:22:17.491] [INFO] ma-core - Rejected the Task testing testing testing
[2022-01-06T14:22:17.494] [INFO] ma-core - Rejected the Task NaN post 1234
[2022-01-06T14:22:17.509] [INFO] ma-core - Validated the Task testing testing testing
[2022-01-06T14:22:17.513] [INFO] ma-core - Validated the Task NaN post 1234
[2022-01-06T14:22:17.536] [INFO] ma-core - update Task success testing testing testing
[2022-01-06T14:22:17.544] [INFO] ma-core - update Task success NaN post 1234
[2022-01-06T15:36:30.970] [INFO] ma-core - get All Task success testing testing testing
[2022-01-06T15:36:30.973] [INFO] ma-core - get All Task success NaN post 1234
[2022-01-06T15:36:30.978] [INFO] ma-core - get All Task By filter success testing testing testing
[2022-01-06T15:36:30.982] [INFO] ma-core - get All Task By filter success testing testing testing
[2022-01-06T15:36:30.984] [INFO] ma-core - get by id Task success testing testing testing
[2022-01-06T15:36:30.986] [INFO] ma-core - get by id Task success NaN post 1234
[2022-01-06T15:36:30.997] [INFO] ma-core - get All Task By filter success testing testing testing
[2022-01-06T15:36:31.000] [INFO] ma-core - get All Task By filter success testing testing testing
[2022-01-06T15:36:31.058] [INFO] ma-core - get All Task By ID success testing testing testing
[2022-01-06T15:36:31.072] [INFO] ma-core - get All Task success testing testing testing
[2022-01-06T15:36:31.092] [INFO] ma-core - get Created Tasks success testing testing testing
[2022-01-06T15:36:31.096] [INFO] ma-core - get Created Tasks success NaN post 1234
[2022-01-06T15:36:31.111] [INFO] ma-core - add Task success testing testing testing
[2022-01-06T15:36:31.114] [INFO] ma-core - add Task success NaN post 1234
[2022-01-06T15:36:31.127] [INFO] ma-core - add Many Task success testing testing testing
[2022-01-06T15:36:31.130] [INFO] ma-core - add Many Task success NaN post 1234
[2022-01-06T15:36:31.148] [INFO] ma-core - update Task success testing testing testing
[2022-01-06T15:36:31.149] [INFO] ma-core - update Task success NaN post 1234
[2022-01-06T15:36:31.162] [INFO] ma-core - Update Task Assignee success testing testing testing
[2022-01-06T15:36:31.164] [INFO] ma-core - Update Task Assignee Incomplete testing testing testing
[2022-01-06T15:36:31.175] [INFO] ma-core - Canceled the Task testing testing testing
[2022-01-06T15:36:31.177] [INFO] ma-core - Canceled the Task NaN post 1234
[2022-01-06T15:36:31.185] [INFO] ma-core - Closed the Task testing testing testing
[2022-01-06T15:36:31.187] [INFO] ma-core - Closed the Task NaN post 1234
[2022-01-06T15:36:31.195] [INFO] ma-core - Deleted the Task testing testing testing
[2022-01-06T15:36:31.196] [INFO] ma-core - Deleted the Task NaN post 1234
[2022-01-06T15:36:31.205] [INFO] ma-core - Finished the Task testing testing testing
[2022-01-06T15:36:31.206] [INFO] ma-core - Finished the Task NaN post 1234
[2022-01-06T15:36:31.215] [INFO] ma-core - Rejected the Task testing testing testing
[2022-01-06T15:36:31.217] [INFO] ma-core - Rejected the Task NaN post 1234
[2022-01-06T15:36:31.227] [INFO] ma-core - Validated the Task testing testing testing
[2022-01-06T15:36:31.231] [INFO] ma-core - Validated the Task NaN post 1234
[2022-01-06T15:36:31.250] [INFO] ma-core - update Task success testing testing testing
[2022-01-06T15:36:31.254] [INFO] ma-core - update Task success NaN post 1234
[2022-01-06T15:40:42.030] [INFO] ma-core - get All Task success testing testing testing
[2022-01-06T15:40:42.033] [INFO] ma-core - get All Task success NaN post 1234
[2022-01-06T15:40:42.038] [INFO] ma-core - get All Task By filter success testing testing testing
[2022-01-06T15:40:42.042] [INFO] ma-core - get All Task By filter success testing testing testing
[2022-01-06T15:40:42.044] [INFO] ma-core - get by id Task success testing testing testing
[2022-01-06T15:40:42.046] [INFO] ma-core - get by id Task success NaN post 1234
[2022-01-06T15:40:42.056] [INFO] ma-core - get All Task By filter success testing testing testing
[2022-01-06T15:40:42.059] [INFO] ma-core - get All Task By filter success testing testing testing
[2022-01-06T15:40:42.119] [INFO] ma-core - get All Task By ID success testing testing testing
[2022-01-06T15:40:42.133] [INFO] ma-core - get All Task success testing testing testing
[2022-01-06T15:40:42.153] [INFO] ma-core - get Created Tasks success testing testing testing
[2022-01-06T15:40:42.158] [INFO] ma-core - get Created Tasks success NaN post 1234
[2022-01-06T15:40:42.177] [INFO] ma-core - add Task success testing testing testing
[2022-01-06T15:40:42.179] [INFO] ma-core - add Task success NaN post 1234
[2022-01-06T15:40:42.191] [INFO] ma-core - add Many Task success testing testing testing
[2022-01-06T15:40:42.193] [INFO] ma-core - add Many Task success NaN post 1234
[2022-01-06T15:40:42.211] [INFO] ma-core - update Task success testing testing testing
[2022-01-06T15:40:42.213] [INFO] ma-core - update Task success NaN post 1234
[2022-01-06T15:40:42.225] [INFO] ma-core - Update Task Assignee success testing testing testing
[2022-01-06T15:40:42.227] [INFO] ma-core - Update Task Assignee Incomplete testing testing testing
[2022-01-06T15:40:42.237] [INFO] ma-core - Canceled the Task testing testing testing
[2022-01-06T15:40:42.239] [INFO] ma-core - Canceled the Task NaN post 1234
[2022-01-06T15:40:42.248] [INFO] ma-core - Closed the Task testing testing testing
[2022-01-06T15:40:42.250] [INFO] ma-core - Closed the Task NaN post 1234
[2022-01-06T15:40:42.257] [INFO] ma-core - Deleted the Task testing testing testing
[2022-01-06T15:40:42.259] [INFO] ma-core - Deleted the Task NaN post 1234
[2022-01-06T15:40:42.267] [INFO] ma-core - Finished the Task testing testing testing
[2022-01-06T15:40:42.269] [INFO] ma-core - Finished the Task NaN post 1234
[2022-01-06T15:40:42.278] [INFO] ma-core - Rejected the Task testing testing testing
[2022-01-06T15:40:42.280] [INFO] ma-core - Rejected the Task NaN post 1234
[2022-01-06T15:40:42.293] [INFO] ma-core - Validated the Task testing testing testing
[2022-01-06T15:40:42.296] [INFO] ma-core - Validated the Task NaN post 1234
[2022-01-06T15:40:42.311] [INFO] ma-core - update Task success testing testing testing
[2022-01-06T15:40:42.314] [INFO] ma-core - update Task success NaN post 1234
[2022-01-06T15:49:50.150] [INFO] ma-core - database URI mongodb://localhost:27017/core
[2022-01-06T15:49:50.688] [INFO] ma-core - server started at port 5000
[2022-01-06T15:49:50.707] [INFO] ma-core - mongodb conected
[2022-01-06T15:50:55.707] [INFO] ma-core - database URI mongodb://localhost:27017/core
[2022-01-06T15:50:56.244] [INFO] ma-core - server started at port 5000
[2022-01-06T15:50:56.267] [INFO] ma-core - mongodb conected
[2022-01-06T15:59:47.104] [INFO] ma-core - update Task success /api/task/:id PATCH ::1
[2022-01-06T16:03:51.449] [INFO] ma-core - database URI mongodb://localhost:27017/core
[2022-01-06T16:03:51.993] [INFO] ma-core - server started at port 5000
[2022-01-06T16:03:52.012] [INFO] ma-core - mongodb conected
[2022-01-06T16:04:29.526] [INFO] ma-core - update Task success /api/task/:id PATCH ::1
[2022-01-06T16:05:17.278] [INFO] ma-core - database URI mongodb://localhost:27017/core
[2022-01-06T16:05:17.876] [INFO] ma-core - server started at port 5000
[2022-01-06T16:05:17.896] [INFO] ma-core - mongodb conected
[2022-01-06T16:05:18.708] [INFO] ma-core - database URI mongodb://localhost:27017/core
[2022-01-06T16:05:19.264] [INFO] ma-core - server started at port 5000
[2022-01-06T16:05:19.284] [INFO] ma-core - mongodb conected
[2022-01-06T16:05:23.979] [INFO] ma-core - database URI mongodb://localhost:27017/core
[2022-01-06T16:05:24.621] [INFO] ma-core - server started at port 5000
[2022-01-06T16:05:24.647] [INFO] ma-core - mongodb conected
[2022-01-06T16:05:28.511] [INFO] ma-core - database URI mongodb://localhost:27017/core
[2022-01-06T16:05:29.084] [INFO] ma-core - server started at port 5000
[2022-01-06T16:05:29.108] [INFO] ma-core - mongodb conected
[2022-01-06T16:05:34.453] [INFO] ma-core - database URI mongodb://localhost:27017/core
[2022-01-06T16:05:34.995] [INFO] ma-core - server started at port 5000
[2022-01-06T16:05:35.016] [INFO] ma-core - mongodb conected
[2022-01-06T16:05:37.523] [INFO] ma-core - database URI mongodb://localhost:27017/core
[2022-01-06T16:05:38.121] [INFO] ma-core - server started at port 5000
[2022-01-06T16:05:38.147] [INFO] ma-core - mongodb conected
[2022-01-06T16:05:39.026] [INFO] ma-core - database URI mongodb://localhost:27017/core
[2022-01-06T16:05:39.622] [INFO] ma-core - server started at port 5000
[2022-01-06T16:05:39.643] [INFO] ma-core - mongodb conected
[2022-01-06T16:05:43.641] [INFO] ma-core - database URI mongodb://localhost:27017/core
[2022-01-06T16:05:44.198] [INFO] ma-core - server started at port 5000
[2022-01-06T16:05:44.220] [INFO] ma-core - mongodb conected
[2022-01-06T16:05:45.975] [INFO] ma-core - database URI mongodb://localhost:27017/core
[2022-01-06T16:05:46.650] [INFO] ma-core - server started at port 5000
[2022-01-06T16:05:46.688] [INFO] ma-core - mongodb conected
[2022-01-06T16:06:10.579] [INFO] ma-core - update Task success /api/task/:id PATCH ::1
[2022-01-06T16:13:02.664] [INFO] ma-core - Finished the Task /api/task/finishTask/:id PUT ::1
[2022-01-06T16:39:01.783] [INFO] ma-core - get All Task success testing testing testing
[2022-01-06T16:39:01.786] [INFO] ma-core - get All Task success NaN post 1234
[2022-01-06T16:39:01.791] [INFO] ma-core - get All Task By filter success testing testing testing
[2022-01-06T16:39:01.795] [INFO] ma-core - get All Task By filter success testing testing testing
[2022-01-06T16:39:01.797] [INFO] ma-core - get by id Task success testing testing testing
[2022-01-06T16:39:01.799] [INFO] ma-core - get by id Task success NaN post 1234
[2022-01-06T16:39:01.811] [INFO] ma-core - get All Task By filter success testing testing testing
[2022-01-06T16:39:01.815] [INFO] ma-core - get All Task By filter success testing testing testing
[2022-01-06T16:39:01.869] [INFO] ma-core - get All Task By ID success testing testing testing
[2022-01-06T16:39:01.884] [INFO] ma-core - get All Task success testing testing testing
[2022-01-06T16:39:01.907] [INFO] ma-core - get Created Tasks success testing testing testing
[2022-01-06T16:39:01.912] [INFO] ma-core - get Created Tasks success NaN post 1234
[2022-01-06T16:39:01.930] [INFO] ma-core - add Task success testing testing testing
[2022-01-06T16:39:01.932] [INFO] ma-core - add Task success NaN post 1234
[2022-01-06T16:39:01.943] [INFO] ma-core - add Many Task success testing testing testing
[2022-01-06T16:39:01.945] [INFO] ma-core - add Many Task success NaN post 1234
[2022-01-06T16:39:01.965] [INFO] ma-core - update Task success testing testing testing
[2022-01-06T16:39:01.966] [INFO] ma-core - update Task success NaN post 1234
[2022-01-06T16:39:01.981] [INFO] ma-core - Update Task Assignee success testing testing testing
[2022-01-06T16:39:01.983] [INFO] ma-core - Update Task Assignee Incomplete testing testing testing
[2022-01-06T16:39:01.998] [INFO] ma-core - Canceled the Task testing testing testing
[2022-01-06T16:39:01.999] [INFO] ma-core - Canceled the Task NaN post 1234
[2022-01-06T16:39:02.007] [INFO] ma-core - Closed the Task testing testing testing
[2022-01-06T16:39:02.009] [INFO] ma-core - Closed the Task NaN post 1234
[2022-01-06T16:39:02.017] [INFO] ma-core - Deleted the Task testing testing testing
[2022-01-06T16:39:02.019] [INFO] ma-core - Deleted the Task NaN post 1234
[2022-01-06T16:39:02.029] [INFO] ma-core - Finished the Task testing testing testing
[2022-01-06T16:39:02.030] [INFO] ma-core - Finished the Task NaN post 1234
[2022-01-06T16:39:02.038] [INFO] ma-core - Rejected the Task testing testing testing
[2022-01-06T16:39:02.040] [INFO] ma-core - Rejected the Task NaN post 1234
[2022-01-06T16:39:02.052] [INFO] ma-core - Validated the Task testing testing testing
[2022-01-06T16:39:02.057] [INFO] ma-core - Validated the Task NaN post 1234
[2022-01-06T16:39:02.070] [INFO] ma-core - update Task success testing testing testing
[2022-01-06T16:39:02.074] [INFO] ma-core - update Task success NaN post 1234
