[2021-11-24T08:23:14.933] [INFO] ma-core - Get all shifts success testing testing testing
[2021-11-24T08:23:14.954] [INFO] ma-core - Get all members success testing testing testing
[2021-11-24T08:27:25.021] [INFO] ma-core - Get all shifts success testing testing testing
[2021-11-24T08:27:25.043] [INFO] ma-core - Get all members success testing testing testing
[2021-11-24T08:27:47.736] [INFO] ma-core - Get all shifts success testing testing testing
[2021-11-24T08:27:47.758] [INFO] ma-core - Get all members success testing testing testing
[2021-11-24T08:28:10.351] [INFO] ma-core - Get all shifts success testing testing testing
[2021-11-24T08:28:10.374] [INFO] ma-core - Get all members success testing testing testing
[2021-11-24T08:28:34.116] [INFO] ma-core - Get all shifts success testing testing testing
[2021-11-24T08:28:34.138] [INFO] ma-core - Get all members success testing testing testing
[2021-11-24T08:28:50.121] [INFO] ma-core - Get all shifts success testing testing testing
[2021-11-24T08:28:50.142] [INFO] ma-core - Get all members success testing testing testing
[2021-11-24T08:29:04.655] [INFO] ma-core - Get all shifts success testing testing testing
[2021-11-24T08:29:04.678] [INFO] ma-core - Get all members success testing testing testing
[2021-11-24T10:18:20.866] [INFO] ma-core - database URI mongodb://localhost:27017/core
[2021-11-24T10:18:21.315] [INFO] ma-core - server started at port 5000
[2021-11-24T10:18:21.332] [INFO] ma-core - mongodb conected
[2021-11-24T11:10:00.736] [INFO] ma-core - database URI mongodb://localhost:27017/core
[2021-11-24T11:10:01.227] [INFO] ma-core - server started at port 5000
[2021-11-24T11:10:01.247] [INFO] ma-core - mongodb conected
[2021-11-24T11:10:11.097] [INFO] ma-core - Get all shifts success testing testing testing
[2021-11-24T11:10:11.118] [INFO] ma-core - Get all members success testing testing testing
[2021-11-24T11:10:42.226] [INFO] ma-core - database URI mongodb://localhost:27017/core
[2021-11-24T11:10:42.658] [INFO] ma-core - server started at port 5000
[2021-11-24T11:10:42.677] [INFO] ma-core - mongodb conected
[2021-11-24T11:11:07.272] [INFO] ma-core - database URI mongodb://localhost:27017/core
[2021-11-24T11:11:07.703] [INFO] ma-core - server started at port 5000
[2021-11-24T11:11:07.721] [INFO] ma-core - mongodb conected
[2021-11-24T11:11:14.434] [INFO] ma-core - Get all shifts success testing testing testing
[2021-11-24T11:11:14.457] [INFO] ma-core - Get all members success testing testing testing
[2021-11-24T11:12:04.006] [INFO] ma-core - Get all shifts success testing testing testing
[2021-11-24T11:12:04.028] [INFO] ma-core - Get all members success testing testing testing
[2021-11-24T11:17:55.524] [INFO] ma-core - database URI mongodb://localhost:27017/core
[2021-11-24T11:17:55.930] [INFO] ma-core - server started at port 5000
[2021-11-24T11:17:55.947] [INFO] ma-core - mongodb conected
[2021-11-24T11:18:02.516] [INFO] ma-core - Get all shifts success testing testing testing
[2021-11-24T11:18:02.538] [INFO] ma-core - Get all members success testing testing testing
[2021-11-24T11:18:17.754] [INFO] ma-core - database URI mongodb://localhost:27017/core
[2021-11-24T11:18:18.167] [INFO] ma-core - server started at port 5000
[2021-11-24T11:18:18.185] [INFO] ma-core - mongodb conected
[2021-11-24T11:20:38.996] [INFO] ma-core - database URI mongodb://localhost:27017/core
[2021-11-24T11:20:39.409] [INFO] ma-core - server started at port 5000
[2021-11-24T11:20:39.427] [INFO] ma-core - mongodb conected
[2021-11-24T11:20:44.381] [INFO] ma-core - Get all shifts success testing testing testing
[2021-11-24T11:20:44.404] [INFO] ma-core - Get all members success testing testing testing
[2021-11-24T11:22:03.388] [INFO] ma-core - database URI mongodb://localhost:27017/core
[2021-11-24T11:22:03.796] [INFO] ma-core - server started at port 5000
[2021-11-24T11:22:03.815] [INFO] ma-core - mongodb conected
[2021-11-24T11:24:26.935] [INFO] ma-core - database URI mongodb://localhost:27017/core
[2021-11-24T11:24:27.375] [INFO] ma-core - server started at port 5000
[2021-11-24T11:24:27.394] [INFO] ma-core - mongodb conected
[2021-11-24T11:24:36.714] [INFO] ma-core - Get all shifts success testing testing testing
[2021-11-24T11:24:36.735] [INFO] ma-core - Get all members success testing testing testing
[2021-11-24T11:26:06.112] [INFO] ma-core - database URI mongodb://localhost:27017/core
[2021-11-24T11:26:06.540] [INFO] ma-core - server started at port 5000
[2021-11-24T11:26:06.559] [INFO] ma-core - mongodb conected
[2021-11-24T11:26:10.712] [INFO] ma-core - Get all shifts success testing testing testing
[2021-11-24T11:26:10.734] [INFO] ma-core - Get all members success testing testing testing
[2021-11-24T11:32:15.379] [INFO] ma-core - database URI mongodb://localhost:27017/core
[2021-11-24T11:32:15.797] [INFO] ma-core - server started at port 5000
[2021-11-24T11:32:15.815] [INFO] ma-core - mongodb conected
[2021-11-24T11:33:04.747] [INFO] ma-core - database URI mongodb://localhost:27017/core
[2021-11-24T11:33:05.166] [INFO] ma-core - server started at port 5000
[2021-11-24T11:33:05.184] [INFO] ma-core - mongodb conected
[2021-11-24T11:33:29.520] [INFO] ma-core - database URI mongodb://localhost:27017/core
[2021-11-24T11:33:29.943] [INFO] ma-core - server started at port 5000
[2021-11-24T11:33:29.960] [INFO] ma-core - mongodb conected
[2021-11-24T11:33:35.406] [INFO] ma-core - database URI mongodb://localhost:27017/core
[2021-11-24T11:33:35.825] [INFO] ma-core - server started at port 5000
[2021-11-24T11:33:35.844] [INFO] ma-core - mongodb conected
[2021-11-24T11:37:44.325] [INFO] ma-core - database URI mongodb://localhost:27017/core
[2021-11-24T11:37:44.885] [INFO] ma-core - server started at port 5000
[2021-11-24T11:37:44.906] [INFO] ma-core - mongodb conected
[2021-11-24T11:37:44.965] [INFO] ma-core - add Client success testing testing testing
[2021-11-24T11:37:45.025] [INFO] ma-core - get all Customer success testing testing testing
[2021-11-24T11:37:45.026] [INFO] ma-core - get all Customer success NaN post 1234
[2021-11-24T11:37:45.027] [INFO] ma-core - get all Customer success testing testing testing
[2021-11-24T11:37:45.029] [INFO] ma-core - get all Customer error testing testing testing
[2021-11-24T11:37:45.030] [INFO] ma-core - get all Customer error NaN post 1234
[2021-11-24T11:37:45.035] [INFO] ma-core - get Customer success testing testing testing
[2021-11-24T11:37:45.037] [INFO] ma-core - get Customer error testing testing testing
[2021-11-24T11:37:45.043] [INFO] ma-core - add customer success testing testing testing
[2021-11-24T11:37:43.644] [INFO] ma-core - cancel itOperation success testing testing testing
[2021-11-24T11:37:43.645] [INFO] ma-core - finish itOperation success testing testing testing
[2021-11-24T11:37:45.181] [INFO] ma-core - get All Active itOperation success testing testing testing
[2021-11-24T11:37:45.185] [INFO] ma-core - get All Archived itOperation success testing testing testing
[2021-11-24T11:37:45.202] [INFO] ma-core - add ItOperation success testing testing testing
[2021-11-24T11:37:43.657] [INFO] ma-core - remind itOperation success testing testing testing
[2021-11-24T11:37:43.658] [INFO] ma-core - send changes itOperation success testing testing testing
[2021-11-24T11:37:45.216] [INFO] ma-core - update itOperation success testing testing testing
[2021-11-24T11:37:45.241] [INFO] ma-core - delete licence success testing testing testing
[2021-11-24T11:37:45.242] [INFO] ma-core - delete licence success NaN post 1234
[2021-11-24T11:37:45.250] [INFO] ma-core - get latest customer licence By Id success testing testing testing
[2021-11-24T11:37:45.251] [INFO] ma-core - get latest customer licence By Id success NaN post 1234
[2021-11-24T11:37:45.266] [INFO] ma-core - get licence By Id success testing testing testing
[2021-11-24T11:37:45.267] [INFO] ma-core - get licence By Id success NaN post 1234
[2021-11-24T11:37:45.277] [INFO] ma-core - add Licence success testing testing testing
[2021-11-24T11:37:45.281] [INFO] ma-core - add Licence success NaN post 1234
[2021-11-24T11:37:45.292] [INFO] ma-core - update licence By Customer success testing testing testing
[2021-11-24T11:37:45.293] [INFO] ma-core - update licence By Customer success NaN post 1234
[2021-11-24T11:37:45.348] [INFO] ma-core - delete module success testing testing testing
[2021-11-24T11:37:45.350] [INFO] ma-core - delete module success NaN post 1234
[2021-11-24T11:37:45.360] [INFO] ma-core - get All Basic Module success testing testing testing
[2021-11-24T11:37:45.361] [INFO] ma-core - get All Basic Module success NaN post 1234
[2021-11-24T11:37:45.366] [INFO] ma-core - get All Module success testing testing testing
[2021-11-24T11:37:45.370] [INFO] ma-core - get All Module success NaN post 1234
[2021-11-24T11:37:45.378] [INFO] ma-core - get module By Id success testing testing testing
[2021-11-24T11:37:45.379] [INFO] ma-core - get module By Id success NaN post 1234
[2021-11-24T11:37:45.391] [INFO] ma-core - add Module success testing testing testing
[2021-11-24T11:37:45.393] [INFO] ma-core - add Module success NaN post 1234
[2021-11-24T11:37:45.401] [INFO] ma-core - update module By Customer success testing testing testing
[2021-11-24T11:37:45.402] [INFO] ma-core - update module By Customer success NaN post 1234
[2021-11-24T11:37:45.475] [INFO] ma-core - get All nomenclature success testing testing testing
[2021-11-24T11:37:45.476] [INFO] ma-core - get All nomenclature success testing testing testing
[2021-11-24T11:37:45.477] [INFO] ma-core - get All nomenclature success NaN post 1234
[2021-11-24T11:37:45.501] [INFO] ma-core - delete Role success testing testing testing
[2021-11-24T11:37:45.502] [INFO] ma-core - delete Role success NaN post 1234
[2021-11-24T11:37:45.513] [INFO] ma-core - get All Role success testing testing testing
[2021-11-24T11:37:45.515] [INFO] ma-core - get All Role success NaN post 1234
[2021-11-24T11:37:45.522] [INFO] ma-core - get by id Role success testing testing testing
[2021-11-24T11:37:45.524] [INFO] ma-core - get by id Role success NaN post 1234
[2021-11-24T11:37:45.537] [INFO] ma-core - get by user Role success testing testing testing
[2021-11-24T11:37:45.538] [INFO] ma-core - get by user Role success NaN get 1234
[2021-11-24T11:37:45.547] [INFO] ma-core - add Role success testing testing testing
[2021-11-24T11:37:45.551] [INFO] ma-core - add Role success NaN post 1234
[2021-11-24T11:37:45.561] [INFO] ma-core - update Role success testing testing testing
[2021-11-24T11:37:45.562] [INFO] ma-core - update Role success NaN post 1234
[2021-11-24T11:37:45.572] [INFO] ma-core - add Role History success testing testing testing
[2021-11-24T11:37:45.573] [INFO] ma-core - add Role History success NaN post 1234
[2021-11-24T11:37:45.608] [INFO] ma-core - Get all shifts success testing testing testing
[2021-11-24T11:37:45.629] [INFO] ma-core - Get all members success testing testing testing
[2021-11-24T11:37:45.652] [INFO] ma-core - delete sla success testing testing testing
[2021-11-24T11:37:45.653] [INFO] ma-core - delete sla success NaN post 1234
[2021-11-24T11:37:45.663] [INFO] ma-core - get sla By Id success testing testing testing
[2021-11-24T11:37:45.664] [INFO] ma-core - get sla By Id success NaN post 1234
[2021-11-24T11:37:45.681] [INFO] ma-core - add Sla success testing testing testing
[2021-11-24T11:37:45.683] [INFO] ma-core - add Sla success NaN post 1234
[2021-11-24T11:37:45.699] [INFO] ma-core - update sla By SlaContract success testing testing testing
[2021-11-24T11:37:45.701] [INFO] ma-core - update sla By SlaContract success NaN post 1234
[2021-11-24T11:37:45.712] [INFO] ma-core - delete slaContract success testing testing testing
[2021-11-24T11:37:45.713] [INFO] ma-core - delete slaContract success NaN post 1234
[2021-11-24T11:37:45.728] [INFO] ma-core - get slaContract By Customer success testing testing testing
[2021-11-24T11:37:45.732] [INFO] ma-core - get slaContract By Customer success NaN post 1234
[2021-11-24T11:37:45.737] [INFO] ma-core - get slaContract By Id success testing testing testing
[2021-11-24T11:37:45.739] [INFO] ma-core - get slaContract By Id success NaN post 1234
[2021-11-24T11:37:45.746] [INFO] ma-core - add SlaContract success testing testing testing
[2021-11-24T11:37:45.750] [INFO] ma-core - add SlaContract success NaN post 1234
[2021-11-24T11:37:45.760] [INFO] ma-core - update slaContract By Customer success testing testing testing
[2021-11-24T11:37:45.761] [INFO] ma-core - update slaContract By Customer success NaN post 1234
[2021-11-24T11:37:45.940] [INFO] ma-core - get All Task success testing testing testing
[2021-11-24T11:37:45.942] [INFO] ma-core - get All Task success NaN post 1234
[2021-11-24T11:37:45.945] [INFO] ma-core - get by id Task success testing testing testing
[2021-11-24T11:37:45.946] [INFO] ma-core - get by id Task success NaN post 1234
[2021-11-24T11:37:45.958] [INFO] ma-core - get All Task By ID success testing testing testing
[2021-11-24T11:37:45.973] [INFO] ma-core - get All Task success testing testing testing
[2021-11-24T11:37:45.990] [INFO] ma-core - add Task success testing testing testing
[2021-11-24T11:37:45.992] [INFO] ma-core - add Task success NaN post 1234
[2021-11-24T11:37:46.000] [INFO] ma-core - add Many Task success testing testing testing
[2021-11-24T11:37:46.001] [INFO] ma-core - add Many Task success NaN post 1234
[2021-11-24T11:37:46.011] [INFO] ma-core - update Task success testing testing testing
[2021-11-24T11:37:46.013] [INFO] ma-core - update Task success NaN post 1234
[2021-11-24T11:37:46.022] [INFO] ma-core - Update Task Assignee success testing testing testing
[2021-11-24T11:37:46.023] [INFO] ma-core - Update Task Assignee Incomplete testing testing testing
[2021-11-24T11:37:46.033] [INFO] ma-core - Canceled the Task testing testing testing
[2021-11-24T11:37:46.034] [INFO] ma-core - Canceled the Task NaN post 1234
[2021-11-24T11:37:46.041] [INFO] ma-core - Deleted the Task testing testing testing
[2021-11-24T11:37:46.042] [INFO] ma-core - Deleted the Task NaN post 1234
[2021-11-24T11:37:46.050] [INFO] ma-core - Finished the Task testing testing testing
[2021-11-24T11:37:46.052] [INFO] ma-core - Finished the Task NaN post 1234
[2021-11-24T11:37:46.060] [INFO] ma-core - Rejected the Task testing testing testing
[2021-11-24T11:37:46.062] [INFO] ma-core - Rejected the Task NaN post 1234
[2021-11-24T11:37:46.069] [INFO] ma-core - Started the Task testing testing testing
[2021-11-24T11:37:46.073] [INFO] ma-core - Started the Task NaN post 1234
[2021-11-24T11:37:46.082] [INFO] ma-core - Validated the Task testing testing testing
[2021-11-24T11:37:46.084] [INFO] ma-core - Validated the Task NaN post 1234
[2021-11-24T11:38:29.557] [INFO] ma-core - Get all shifts success testing testing testing
[2021-11-24T11:38:29.579] [INFO] ma-core - Get all members success testing testing testing
[2021-11-24T11:39:54.487] [INFO] ma-core - Get all shifts success testing testing testing
[2021-11-24T11:39:54.509] [INFO] ma-core - Get all members success testing testing testing
[2021-11-24T11:40:42.625] [INFO] ma-core - database URI mongodb://localhost:27017/core
[2021-11-24T11:40:43.193] [INFO] ma-core - server started at port 5000
[2021-11-24T11:40:43.213] [INFO] ma-core - mongodb conected
[2021-11-24T11:40:43.273] [INFO] ma-core - add Client success testing testing testing
[2021-11-24T11:40:43.333] [INFO] ma-core - get all Customer success testing testing testing
[2021-11-24T11:40:43.334] [INFO] ma-core - get all Customer success NaN post 1234
[2021-11-24T11:40:43.335] [INFO] ma-core - get all Customer success testing testing testing
[2021-11-24T11:40:43.337] [INFO] ma-core - get all Customer error testing testing testing
[2021-11-24T11:40:43.338] [INFO] ma-core - get all Customer error NaN post 1234
[2021-11-24T11:40:43.344] [INFO] ma-core - get Customer success testing testing testing
[2021-11-24T11:40:43.345] [INFO] ma-core - get Customer error testing testing testing
[2021-11-24T11:40:43.352] [INFO] ma-core - add customer success testing testing testing
[2021-11-24T11:40:41.931] [INFO] ma-core - cancel itOperation success testing testing testing
[2021-11-24T11:40:41.932] [INFO] ma-core - finish itOperation success testing testing testing
[2021-11-24T11:40:43.490] [INFO] ma-core - get All Active itOperation success testing testing testing
[2021-11-24T11:40:43.493] [INFO] ma-core - get All Archived itOperation success testing testing testing
[2021-11-24T11:40:43.510] [INFO] ma-core - add ItOperation success testing testing testing
[2021-11-24T11:40:41.944] [INFO] ma-core - remind itOperation success testing testing testing
[2021-11-24T11:40:41.946] [INFO] ma-core - send changes itOperation success testing testing testing
[2021-11-24T11:40:43.525] [INFO] ma-core - update itOperation success testing testing testing
[2021-11-24T11:40:43.552] [INFO] ma-core - delete licence success testing testing testing
[2021-11-24T11:40:43.553] [INFO] ma-core - delete licence success NaN post 1234
[2021-11-24T11:40:43.562] [INFO] ma-core - get latest customer licence By Id success testing testing testing
[2021-11-24T11:40:43.563] [INFO] ma-core - get latest customer licence By Id success NaN post 1234
[2021-11-24T11:40:43.580] [INFO] ma-core - get licence By Id success testing testing testing
[2021-11-24T11:40:43.581] [INFO] ma-core - get licence By Id success NaN post 1234
[2021-11-24T11:40:43.592] [INFO] ma-core - add Licence success testing testing testing
[2021-11-24T11:40:43.596] [INFO] ma-core - add Licence success NaN post 1234
[2021-11-24T11:40:43.608] [INFO] ma-core - update licence By Customer success testing testing testing
[2021-11-24T11:40:43.610] [INFO] ma-core - update licence By Customer success NaN post 1234
[2021-11-24T11:40:43.669] [INFO] ma-core - delete module success testing testing testing
[2021-11-24T11:40:43.671] [INFO] ma-core - delete module success NaN post 1234
[2021-11-24T11:40:43.682] [INFO] ma-core - get All Basic Module success testing testing testing
[2021-11-24T11:40:43.683] [INFO] ma-core - get All Basic Module success NaN post 1234
[2021-11-24T11:40:43.689] [INFO] ma-core - get All Module success testing testing testing
[2021-11-24T11:40:43.693] [INFO] ma-core - get All Module success NaN post 1234
[2021-11-24T11:40:43.702] [INFO] ma-core - get module By Id success testing testing testing
[2021-11-24T11:40:43.703] [INFO] ma-core - get module By Id success NaN post 1234
[2021-11-24T11:40:43.715] [INFO] ma-core - add Module success testing testing testing
[2021-11-24T11:40:43.717] [INFO] ma-core - add Module success NaN post 1234
[2021-11-24T11:40:43.726] [INFO] ma-core - update module By Customer success testing testing testing
[2021-11-24T11:40:43.727] [INFO] ma-core - update module By Customer success NaN post 1234
[2021-11-24T11:40:43.804] [INFO] ma-core - get All nomenclature success testing testing testing
[2021-11-24T11:40:43.805] [INFO] ma-core - get All nomenclature success testing testing testing
[2021-11-24T11:40:43.806] [INFO] ma-core - get All nomenclature success NaN post 1234
[2021-11-24T11:40:43.830] [INFO] ma-core - delete Role success testing testing testing
[2021-11-24T11:40:43.831] [INFO] ma-core - delete Role success NaN post 1234
[2021-11-24T11:40:43.844] [INFO] ma-core - get All Role success testing testing testing
[2021-11-24T11:40:43.845] [INFO] ma-core - get All Role success NaN post 1234
[2021-11-24T11:40:43.852] [INFO] ma-core - get by id Role success testing testing testing
[2021-11-24T11:40:43.853] [INFO] ma-core - get by id Role success NaN post 1234
[2021-11-24T11:40:43.868] [INFO] ma-core - get by user Role success testing testing testing
[2021-11-24T11:40:43.870] [INFO] ma-core - get by user Role success NaN get 1234
[2021-11-24T11:40:43.879] [INFO] ma-core - add Role success testing testing testing
[2021-11-24T11:40:43.882] [INFO] ma-core - add Role success NaN post 1234
[2021-11-24T11:40:43.893] [INFO] ma-core - update Role success testing testing testing
[2021-11-24T11:40:43.895] [INFO] ma-core - update Role success NaN post 1234
[2021-11-24T11:40:43.906] [INFO] ma-core - add Role History success testing testing testing
[2021-11-24T11:40:43.907] [INFO] ma-core - add Role History success NaN post 1234
[2021-11-24T11:40:43.945] [INFO] ma-core - Get all shifts success testing testing testing
[2021-11-24T11:40:43.967] [INFO] ma-core - Get all members success testing testing testing
[2021-11-24T11:40:43.988] [INFO] ma-core - delete sla success testing testing testing
[2021-11-24T11:40:43.990] [INFO] ma-core - delete sla success NaN post 1234
[2021-11-24T11:40:44.001] [INFO] ma-core - get sla By Id success testing testing testing
[2021-11-24T11:40:44.002] [INFO] ma-core - get sla By Id success NaN post 1234
[2021-11-24T11:40:44.018] [INFO] ma-core - add Sla success testing testing testing
[2021-11-24T11:40:44.020] [INFO] ma-core - add Sla success NaN post 1234
[2021-11-24T11:40:44.037] [INFO] ma-core - update sla By SlaContract success testing testing testing
[2021-11-24T11:40:44.039] [INFO] ma-core - update sla By SlaContract success NaN post 1234
[2021-11-24T11:40:44.049] [INFO] ma-core - delete slaContract success testing testing testing
[2021-11-24T11:40:44.050] [INFO] ma-core - delete slaContract success NaN post 1234
[2021-11-24T11:40:44.066] [INFO] ma-core - get slaContract By Customer success testing testing testing
[2021-11-24T11:40:44.070] [INFO] ma-core - get slaContract By Customer success NaN post 1234
[2021-11-24T11:40:44.074] [INFO] ma-core - get slaContract By Id success testing testing testing
[2021-11-24T11:40:44.076] [INFO] ma-core - get slaContract By Id success NaN post 1234
[2021-11-24T11:40:44.083] [INFO] ma-core - add SlaContract success testing testing testing
[2021-11-24T11:40:44.086] [INFO] ma-core - add SlaContract success NaN post 1234
[2021-11-24T11:40:44.097] [INFO] ma-core - update slaContract By Customer success testing testing testing
[2021-11-24T11:40:44.099] [INFO] ma-core - update slaContract By Customer success NaN post 1234
[2021-11-24T11:40:44.278] [INFO] ma-core - get All Task success testing testing testing
[2021-11-24T11:40:44.280] [INFO] ma-core - get All Task success NaN post 1234
[2021-11-24T11:40:44.283] [INFO] ma-core - get by id Task success testing testing testing
[2021-11-24T11:40:44.285] [INFO] ma-core - get by id Task success NaN post 1234
[2021-11-24T11:40:44.295] [INFO] ma-core - get All Task By ID success testing testing testing
[2021-11-24T11:40:44.305] [INFO] ma-core - get All Task success testing testing testing
[2021-11-24T11:40:44.313] [INFO] ma-core - add Task success testing testing testing
[2021-11-24T11:40:44.314] [INFO] ma-core - add Task success NaN post 1234
[2021-11-24T11:40:44.322] [INFO] ma-core - add Many Task success testing testing testing
[2021-11-24T11:40:44.324] [INFO] ma-core - add Many Task success NaN post 1234
[2021-11-24T11:40:44.334] [INFO] ma-core - update Task success testing testing testing
[2021-11-24T11:40:44.336] [INFO] ma-core - update Task success NaN post 1234
[2021-11-24T11:40:44.355] [INFO] ma-core - Update Task Assignee success testing testing testing
[2021-11-24T11:40:44.358] [INFO] ma-core - Update Task Assignee Incomplete testing testing testing
[2021-11-24T11:40:44.377] [INFO] ma-core - Canceled the Task testing testing testing
[2021-11-24T11:40:44.378] [INFO] ma-core - Canceled the Task NaN post 1234
[2021-11-24T11:40:44.386] [INFO] ma-core - Deleted the Task testing testing testing
[2021-11-24T11:40:44.387] [INFO] ma-core - Deleted the Task NaN post 1234
[2021-11-24T11:40:44.394] [INFO] ma-core - Finished the Task testing testing testing
[2021-11-24T11:40:44.396] [INFO] ma-core - Finished the Task NaN post 1234
[2021-11-24T11:40:44.405] [INFO] ma-core - Rejected the Task testing testing testing
[2021-11-24T11:40:44.407] [INFO] ma-core - Rejected the Task NaN post 1234
[2021-11-24T11:40:44.415] [INFO] ma-core - Started the Task testing testing testing
[2021-11-24T11:40:44.418] [INFO] ma-core - Started the Task NaN post 1234
[2021-11-24T11:40:44.427] [INFO] ma-core - Validated the Task testing testing testing
[2021-11-24T11:40:44.429] [INFO] ma-core - Validated the Task NaN post 1234
[2021-11-24T11:41:38.664] [INFO] ma-core - database URI mongodb://localhost:27017/core
[2021-11-24T11:41:39.224] [INFO] ma-core - server started at port 5000
[2021-11-24T11:41:39.245] [INFO] ma-core - mongodb conected
[2021-11-24T11:41:39.305] [INFO] ma-core - add Client success testing testing testing
[2021-11-24T11:41:39.366] [INFO] ma-core - get all Customer success testing testing testing
[2021-11-24T11:41:39.368] [INFO] ma-core - get all Customer success NaN post 1234
[2021-11-24T11:41:39.369] [INFO] ma-core - get all Customer success testing testing testing
[2021-11-24T11:41:39.371] [INFO] ma-core - get all Customer error testing testing testing
[2021-11-24T11:41:39.373] [INFO] ma-core - get all Customer error NaN post 1234
[2021-11-24T11:41:39.378] [INFO] ma-core - get Customer success testing testing testing
[2021-11-24T11:41:39.380] [INFO] ma-core - get Customer error testing testing testing
[2021-11-24T11:41:39.387] [INFO] ma-core - add customer success testing testing testing
[2021-11-24T11:41:37.976] [INFO] ma-core - cancel itOperation success testing testing testing
[2021-11-24T11:41:37.977] [INFO] ma-core - finish itOperation success testing testing testing
[2021-11-24T11:41:39.523] [INFO] ma-core - get All Active itOperation success testing testing testing
[2021-11-24T11:41:39.527] [INFO] ma-core - get All Archived itOperation success testing testing testing
[2021-11-24T11:41:39.544] [INFO] ma-core - add ItOperation success testing testing testing
[2021-11-24T11:41:37.989] [INFO] ma-core - remind itOperation success testing testing testing
[2021-11-24T11:41:37.990] [INFO] ma-core - send changes itOperation success testing testing testing
[2021-11-24T11:41:39.558] [INFO] ma-core - update itOperation success testing testing testing
[2021-11-24T11:41:39.583] [INFO] ma-core - delete licence success testing testing testing
[2021-11-24T11:41:39.584] [INFO] ma-core - delete licence success NaN post 1234
[2021-11-24T11:41:39.593] [INFO] ma-core - get latest customer licence By Id success testing testing testing
[2021-11-24T11:41:39.594] [INFO] ma-core - get latest customer licence By Id success NaN post 1234
[2021-11-24T11:41:39.609] [INFO] ma-core - get licence By Id success testing testing testing
[2021-11-24T11:41:39.610] [INFO] ma-core - get licence By Id success NaN post 1234
[2021-11-24T11:41:39.620] [INFO] ma-core - add Licence success testing testing testing
[2021-11-24T11:41:39.624] [INFO] ma-core - add Licence success NaN post 1234
[2021-11-24T11:41:39.634] [INFO] ma-core - update licence By Customer success testing testing testing
[2021-11-24T11:41:39.636] [INFO] ma-core - update licence By Customer success NaN post 1234
[2021-11-24T11:41:39.691] [INFO] ma-core - delete module success testing testing testing
[2021-11-24T11:41:39.693] [INFO] ma-core - delete module success NaN post 1234
[2021-11-24T11:41:39.704] [INFO] ma-core - get All Basic Module success testing testing testing
[2021-11-24T11:41:39.705] [INFO] ma-core - get All Basic Module success NaN post 1234
[2021-11-24T11:41:39.710] [INFO] ma-core - get All Module success testing testing testing
[2021-11-24T11:41:39.714] [INFO] ma-core - get All Module success NaN post 1234
[2021-11-24T11:41:39.721] [INFO] ma-core - get module By Id success testing testing testing
[2021-11-24T11:41:39.723] [INFO] ma-core - get module By Id success NaN post 1234
[2021-11-24T11:41:39.734] [INFO] ma-core - add Module success testing testing testing
[2021-11-24T11:41:39.736] [INFO] ma-core - add Module success NaN post 1234
[2021-11-24T11:41:39.745] [INFO] ma-core - update module By Customer success testing testing testing
[2021-11-24T11:41:39.746] [INFO] ma-core - update module By Customer success NaN post 1234
[2021-11-24T11:41:39.817] [INFO] ma-core - get All nomenclature success testing testing testing
[2021-11-24T11:41:39.819] [INFO] ma-core - get All nomenclature success testing testing testing
[2021-11-24T11:41:39.820] [INFO] ma-core - get All nomenclature success NaN post 1234
[2021-11-24T11:41:39.841] [INFO] ma-core - delete Role success testing testing testing
[2021-11-24T11:41:39.843] [INFO] ma-core - delete Role success NaN post 1234
[2021-11-24T11:41:39.854] [INFO] ma-core - get All Role success testing testing testing
[2021-11-24T11:41:39.855] [INFO] ma-core - get All Role success NaN post 1234
[2021-11-24T11:41:39.862] [INFO] ma-core - get by id Role success testing testing testing
[2021-11-24T11:41:39.864] [INFO] ma-core - get by id Role success NaN post 1234
[2021-11-24T11:41:39.877] [INFO] ma-core - get by user Role success testing testing testing
[2021-11-24T11:41:39.878] [INFO] ma-core - get by user Role success NaN get 1234
[2021-11-24T11:41:39.887] [INFO] ma-core - add Role success testing testing testing
[2021-11-24T11:41:39.889] [INFO] ma-core - add Role success NaN post 1234
[2021-11-24T11:41:39.899] [INFO] ma-core - update Role success testing testing testing
[2021-11-24T11:41:39.901] [INFO] ma-core - update Role success NaN post 1234
[2021-11-24T11:41:39.911] [INFO] ma-core - add Role History success testing testing testing
[2021-11-24T11:41:39.912] [INFO] ma-core - add Role History success NaN post 1234
[2021-11-24T11:41:39.946] [INFO] ma-core - Get all shifts success testing testing testing
[2021-11-24T11:41:39.966] [INFO] ma-core - Get all members success testing testing testing
[2021-11-24T11:41:39.987] [INFO] ma-core - delete sla success testing testing testing
[2021-11-24T11:41:39.988] [INFO] ma-core - delete sla success NaN post 1234
[2021-11-24T11:41:39.999] [INFO] ma-core - get sla By Id success testing testing testing
[2021-11-24T11:41:40.000] [INFO] ma-core - get sla By Id success NaN post 1234
[2021-11-24T11:41:40.015] [INFO] ma-core - add Sla success testing testing testing
[2021-11-24T11:41:40.017] [INFO] ma-core - add Sla success NaN post 1234
[2021-11-24T11:41:40.033] [INFO] ma-core - update sla By SlaContract success testing testing testing
[2021-11-24T11:41:40.035] [INFO] ma-core - update sla By SlaContract success NaN post 1234
[2021-11-24T11:41:40.045] [INFO] ma-core - delete slaContract success testing testing testing
[2021-11-24T11:41:40.046] [INFO] ma-core - delete slaContract success NaN post 1234
[2021-11-24T11:41:40.061] [INFO] ma-core - get slaContract By Customer success testing testing testing
[2021-11-24T11:41:40.065] [INFO] ma-core - get slaContract By Customer success NaN post 1234
[2021-11-24T11:41:40.069] [INFO] ma-core - get slaContract By Id success testing testing testing
[2021-11-24T11:41:40.070] [INFO] ma-core - get slaContract By Id success NaN post 1234
[2021-11-24T11:41:40.078] [INFO] ma-core - add SlaContract success testing testing testing
[2021-11-24T11:41:40.081] [INFO] ma-core - add SlaContract success NaN post 1234
[2021-11-24T11:41:40.091] [INFO] ma-core - update slaContract By Customer success testing testing testing
[2021-11-24T11:41:40.092] [INFO] ma-core - update slaContract By Customer success NaN post 1234
[2021-11-24T11:41:40.264] [INFO] ma-core - get All Task success testing testing testing
[2021-11-24T11:41:40.266] [INFO] ma-core - get All Task success NaN post 1234
[2021-11-24T11:41:40.269] [INFO] ma-core - get by id Task success testing testing testing
[2021-11-24T11:41:40.271] [INFO] ma-core - get by id Task success NaN post 1234
[2021-11-24T11:41:40.281] [INFO] ma-core - get All Task By ID success testing testing testing
[2021-11-24T11:41:40.291] [INFO] ma-core - get All Task success testing testing testing
[2021-11-24T11:41:40.297] [INFO] ma-core - add Task success testing testing testing
[2021-11-24T11:41:40.299] [INFO] ma-core - add Task success NaN post 1234
[2021-11-24T11:41:40.307] [INFO] ma-core - add Many Task success testing testing testing
[2021-11-24T11:41:40.308] [INFO] ma-core - add Many Task success NaN post 1234
[2021-11-24T11:41:40.319] [INFO] ma-core - update Task success testing testing testing
[2021-11-24T11:41:40.320] [INFO] ma-core - update Task success NaN post 1234
[2021-11-24T11:41:40.338] [INFO] ma-core - Update Task Assignee success testing testing testing
[2021-11-24T11:41:40.341] [INFO] ma-core - Update Task Assignee Incomplete testing testing testing
[2021-11-24T11:41:40.357] [INFO] ma-core - Canceled the Task testing testing testing
[2021-11-24T11:41:40.359] [INFO] ma-core - Canceled the Task NaN post 1234
[2021-11-24T11:41:40.366] [INFO] ma-core - Deleted the Task testing testing testing
[2021-11-24T11:41:40.368] [INFO] ma-core - Deleted the Task NaN post 1234
[2021-11-24T11:41:40.375] [INFO] ma-core - Finished the Task testing testing testing
[2021-11-24T11:41:40.377] [INFO] ma-core - Finished the Task NaN post 1234
[2021-11-24T11:41:40.386] [INFO] ma-core - Rejected the Task testing testing testing
[2021-11-24T11:41:40.387] [INFO] ma-core - Rejected the Task NaN post 1234
[2021-11-24T11:41:40.395] [INFO] ma-core - Started the Task testing testing testing
[2021-11-24T11:41:40.399] [INFO] ma-core - Started the Task NaN post 1234
[2021-11-24T11:41:40.407] [INFO] ma-core - Validated the Task testing testing testing
[2021-11-24T11:41:40.409] [INFO] ma-core - Validated the Task NaN post 1234
[2021-11-24T11:51:02.595] [INFO] ma-core - database URI mongodb://localhost:27017/core
[2021-11-24T11:51:03.026] [INFO] ma-core - server started at port 5000
[2021-11-24T11:51:03.045] [INFO] ma-core - mongodb conected
[2021-11-24T11:53:00.967] [INFO] ma-core - database URI mongodb://localhost:27017/core
[2021-11-24T11:53:01.393] [INFO] ma-core - server started at port 5000
[2021-11-24T11:53:01.412] [INFO] ma-core - mongodb conected
[2021-11-24T14:32:23.009] [INFO] ma-core - database URI mongodb://localhost:27017/core
[2021-11-24T14:32:23.443] [INFO] ma-core - server started at port 5000
[2021-11-24T14:32:23.461] [INFO] ma-core - mongodb conected
[2021-11-24T14:47:10.650] [INFO] ma-core - get by id Task success /api/task/:id GET ::1
[2021-11-24T14:50:44.875] [INFO] ma-core - database URI mongodb://localhost:27017/core
[2021-11-24T14:50:45.311] [INFO] ma-core - server started at port 5000
[2021-11-24T14:50:45.331] [INFO] ma-core - mongodb conected
[2021-11-24T14:50:54.417] [INFO] ma-core - get by id Task success /api/task/:id GET ::1
[2021-11-24T14:51:15.065] [INFO] ma-core - database URI mongodb://localhost:27017/core
[2021-11-24T14:51:15.519] [INFO] ma-core - server started at port 5000
[2021-11-24T14:51:15.537] [INFO] ma-core - mongodb conected
[2021-11-24T14:51:23.709] [INFO] ma-core - get by id Task success /api/task/:id GET ::1
[2021-11-24T14:51:32.171] [INFO] ma-core - database URI mongodb://localhost:27017/core
[2021-11-24T14:51:32.604] [INFO] ma-core - server started at port 5000
[2021-11-24T14:51:32.622] [INFO] ma-core - mongodb conected
[2021-11-24T14:51:34.654] [INFO] ma-core - get by id Task success /api/task/:id GET ::1
[2021-11-24T15:36:41.948] [INFO] ma-core - database URI mongodb://localhost:27017/core
[2021-11-24T15:36:42.377] [INFO] ma-core - server started at port 5000
[2021-11-24T15:36:42.396] [INFO] ma-core - mongodb conected
[2021-11-24T16:21:09.195] [INFO] ma-core - add Many Task success /api/task/addMany POST ::1
[2021-11-24T16:51:06.621] [INFO] ma-core - database URI mongodb://localhost:27017/core
[2021-11-24T16:51:07.038] [INFO] ma-core - server started at port 5000
[2021-11-24T16:51:07.056] [INFO] ma-core - mongodb conected
[2021-11-24T16:51:56.548] [INFO] ma-core - add Many Task success /api/task/addMany POST ::1
[2021-11-24T16:52:38.295] [INFO] ma-core - database URI mongodb://localhost:27017/core
[2021-11-24T16:52:38.739] [INFO] ma-core - server started at port 5000
[2021-11-24T16:52:38.759] [INFO] ma-core - mongodb conected
[2021-11-24T16:53:44.736] [INFO] ma-core - add Many Task success /api/task/addMany POST ::1
[2021-11-24T16:55:45.937] [INFO] ma-core - database URI mongodb://localhost:27017/core
[2021-11-24T16:55:46.355] [INFO] ma-core - server started at port 5000
[2021-11-24T16:55:46.373] [INFO] ma-core - mongodb conected
[2021-11-24T17:01:53.938] [INFO] ma-core - database URI mongodb://localhost:27017/core
[2021-11-24T17:01:54.416] [INFO] ma-core - server started at port 5000
[2021-11-24T17:01:54.435] [INFO] ma-core - mongodb conected
[2021-11-24T17:03:53.373] [INFO] ma-core - database URI mongodb://localhost:27017/core
[2021-11-24T17:03:53.817] [INFO] ma-core - server started at port 5000
[2021-11-24T17:03:53.834] [INFO] ma-core - mongodb conected
[2021-11-24T17:04:40.565] [INFO] ma-core - add Many Task success /api/task/addMany POST ::1
[2021-11-24T17:05:09.434] [INFO] ma-core - add Many Task success /api/task/addMany POST ::1
[2021-11-24T17:06:45.020] [INFO] ma-core - database URI mongodb://localhost:27017/core
[2021-11-24T17:06:45.466] [INFO] ma-core - server started at port 5000
[2021-11-24T17:06:45.485] [INFO] ma-core - mongodb conected
[2021-11-24T17:06:51.467] [INFO] ma-core - add Many Task success /api/task/addMany POST ::1
