[2021-11-29T08:37:22.721] [INFO] ma-core - database URI mongodb://localhost:27017/core
[2021-11-29T08:37:23.262] [INFO] ma-core - server started at port 5000
[2021-11-29T08:37:23.280] [INFO] ma-core - mongodb conected
[2021-11-29T08:42:30.571] [INFO] ma-core - database URI mongodb://localhost:27017/core
[2021-11-29T08:42:31.020] [INFO] ma-core - server started at port 5000
[2021-11-29T08:42:31.040] [INFO] ma-core - mongodb conected
[2021-11-29T08:45:56.261] [INFO] ma-core - database URI mongodb://localhost:27017/core
[2021-11-29T08:45:56.700] [INFO] ma-core - server started at port 5000
[2021-11-29T08:45:56.718] [INFO] ma-core - mongodb conected
[2021-11-29T08:49:34.605] [INFO] ma-core - database URI mongodb://localhost:27017/core
[2021-11-29T08:49:35.028] [INFO] ma-core - server started at port 5000
[2021-11-29T08:49:35.049] [INFO] ma-core - mongodb conected
[2021-11-29T08:49:48.276] [INFO] ma-core - add Many Task success /api/task/addMany POST ::1
[2021-11-29T08:51:26.629] [INFO] ma-core - database URI mongodb://localhost:27017/core
[2021-11-29T08:51:27.045] [INFO] ma-core - server started at port 5000
[2021-11-29T08:51:27.062] [INFO] ma-core - mongodb conected
[2021-11-29T08:51:29.079] [INFO] ma-core - database URI mongodb://localhost:27017/core
[2021-11-29T08:51:29.504] [INFO] ma-core - server started at port 5000
[2021-11-29T08:51:29.522] [INFO] ma-core - mongodb conected
[2021-11-29T08:51:32.432] [INFO] ma-core - add Many Task success /api/task/addMany POST ::1
[2021-11-29T10:24:29.361] [INFO] ma-core - database URI mongodb://localhost:27017/core
[2021-11-29T10:24:29.783] [INFO] ma-core - server started at port 5000
[2021-11-29T10:24:29.801] [INFO] ma-core - mongodb conected
[2021-11-29T10:24:57.510] [INFO] ma-core - database URI mongodb://localhost:27017/core
[2021-11-29T10:24:57.963] [INFO] ma-core - server started at port 5000
[2021-11-29T10:24:57.989] [INFO] ma-core - mongodb conected
[2021-11-29T10:27:45.284] [INFO] ma-core - database URI mongodb://localhost:27017/core
[2021-11-29T10:27:45.699] [INFO] ma-core - server started at port 5000
[2021-11-29T10:27:45.717] [INFO] ma-core - mongodb conected
[2021-11-29T10:27:52.819] [INFO] ma-core - add Many Task success /api/task/addMany POST ::1
[2021-11-29T10:29:07.477] [INFO] ma-core - database URI mongodb://localhost:27017/core
[2021-11-29T10:29:07.904] [INFO] ma-core - server started at port 5000
[2021-11-29T10:29:07.922] [INFO] ma-core - mongodb conected
[2021-11-29T10:29:09.955] [INFO] ma-core - add Many Task success /api/task/addMany POST ::1
[2021-11-29T10:29:36.542] [INFO] ma-core - database URI mongodb://localhost:27017/core
[2021-11-29T10:29:36.963] [INFO] ma-core - server started at port 5000
[2021-11-29T10:29:36.982] [INFO] ma-core - mongodb conected
[2021-11-29T10:29:41.448] [INFO] ma-core - add Many Task success /api/task/addMany POST ::1
[2021-11-29T10:30:26.650] [INFO] ma-core - database URI mongodb://localhost:27017/core
[2021-11-29T10:30:27.071] [INFO] ma-core - server started at port 5000
[2021-11-29T10:30:27.089] [INFO] ma-core - mongodb conected
[2021-11-29T10:31:10.507] [INFO] ma-core - database URI mongodb://localhost:27017/core
[2021-11-29T10:31:10.972] [INFO] ma-core - server started at port 5000
[2021-11-29T10:31:10.992] [INFO] ma-core - mongodb conected
[2021-11-29T10:31:26.373] [INFO] ma-core - database URI mongodb://localhost:27017/core
[2021-11-29T10:31:26.792] [INFO] ma-core - server started at port 5000
[2021-11-29T10:31:26.812] [INFO] ma-core - mongodb conected
[2021-11-29T10:31:28.671] [INFO] ma-core - add Many Task success /api/task/addMany POST ::1
[2021-11-29T10:32:19.260] [INFO] ma-core - database URI mongodb://localhost:27017/core
[2021-11-29T10:32:19.678] [INFO] ma-core - server started at port 5000
[2021-11-29T10:32:19.698] [INFO] ma-core - mongodb conected
[2021-11-29T10:32:23.226] [INFO] ma-core - add Many Task success /api/task/addMany POST ::1
[2021-11-29T10:32:44.559] [INFO] ma-core - database URI mongodb://localhost:27017/core
[2021-11-29T10:32:44.975] [INFO] ma-core - server started at port 5000
[2021-11-29T10:32:44.993] [INFO] ma-core - mongodb conected
[2021-11-29T10:32:48.751] [INFO] ma-core - add Many Task success /api/task/addMany POST ::1
[2021-11-29T10:33:24.608] [INFO] ma-core - database URI mongodb://localhost:27017/core
[2021-11-29T10:33:25.109] [INFO] ma-core - server started at port 5000
[2021-11-29T10:33:25.132] [INFO] ma-core - mongodb conected
[2021-11-29T10:33:34.324] [INFO] ma-core - add Many Task success /api/task/addMany POST ::1
[2021-11-29T10:33:50.590] [INFO] ma-core - database URI mongodb://localhost:27017/core
[2021-11-29T10:33:51.115] [INFO] ma-core - server started at port 5000
[2021-11-29T10:33:51.142] [INFO] ma-core - mongodb conected
[2021-11-29T10:33:57.769] [INFO] ma-core - add Many Task success /api/task/addMany POST ::1
[2021-11-29T10:34:36.739] [INFO] ma-core - database URI mongodb://localhost:27017/core
[2021-11-29T10:34:37.168] [INFO] ma-core - server started at port 5000
[2021-11-29T10:34:37.189] [INFO] ma-core - mongodb conected
[2021-11-29T10:34:41.640] [INFO] ma-core - add Many Task success /api/task/addMany POST ::1
[2021-11-29T10:34:56.457] [INFO] ma-core - database URI mongodb://localhost:27017/core
[2021-11-29T10:34:56.899] [INFO] ma-core - server started at port 5000
[2021-11-29T10:34:56.922] [INFO] ma-core - mongodb conected
[2021-11-29T10:34:59.242] [INFO] ma-core - add Many Task success /api/task/addMany POST ::1
[2021-11-29T10:35:15.967] [INFO] ma-core - database URI mongodb://localhost:27017/core
[2021-11-29T10:35:16.415] [INFO] ma-core - server started at port 5000
[2021-11-29T10:35:16.434] [INFO] ma-core - mongodb conected
[2021-11-29T10:35:20.471] [INFO] ma-core - add Many Task success /api/task/addMany POST ::1
[2021-11-29T10:36:34.160] [INFO] ma-core - database URI mongodb://localhost:27017/core
[2021-11-29T10:36:34.685] [INFO] ma-core - server started at port 5000
[2021-11-29T10:36:34.706] [INFO] ma-core - mongodb conected
[2021-11-29T10:36:37.421] [INFO] ma-core - add Many Task success /api/task/addMany POST ::1
[2021-11-29T10:36:53.268] [INFO] ma-core - database URI mongodb://localhost:27017/core
[2021-11-29T10:36:53.692] [INFO] ma-core - server started at port 5000
[2021-11-29T10:36:53.711] [INFO] ma-core - mongodb conected
[2021-11-29T10:36:58.503] [INFO] ma-core - add Many Task success /api/task/addMany POST ::1
[2021-11-29T10:37:45.305] [INFO] ma-core - add Many Task success /api/task/addMany POST ::1
[2021-11-29T10:39:59.206] [INFO] ma-core - add Many Task success /api/task/addMany POST ::1
[2021-11-29T11:04:36.397] [INFO] ma-core - database URI mongodb://localhost:27017/core
[2021-11-29T11:04:36.845] [INFO] ma-core - server started at port 5000
[2021-11-29T11:04:36.863] [INFO] ma-core - mongodb conected
[2021-11-29T11:04:41.242] [INFO] ma-core - add Many Task success /api/task/addMany POST ::1
[2021-11-29T11:05:24.523] [INFO] ma-core - database URI mongodb://localhost:27017/core
[2021-11-29T11:05:24.947] [INFO] ma-core - server started at port 5000
[2021-11-29T11:05:24.968] [INFO] ma-core - mongodb conected
[2021-11-29T11:05:27.855] [INFO] ma-core - add Many Task success /api/task/addMany POST ::1
[2021-11-29T11:08:08.293] [INFO] ma-core - database URI mongodb://localhost:27017/core
[2021-11-29T11:08:08.722] [INFO] ma-core - server started at port 5000
[2021-11-29T11:08:08.740] [INFO] ma-core - mongodb conected
[2021-11-29T11:08:16.006] [INFO] ma-core - add Many Task success /api/task/addMany POST ::1
[2021-11-29T11:08:32.503] [INFO] ma-core - database URI mongodb://localhost:27017/core
[2021-11-29T11:08:32.935] [INFO] ma-core - server started at port 5000
[2021-11-29T11:08:32.953] [INFO] ma-core - mongodb conected
[2021-11-29T11:08:35.911] [INFO] ma-core - add Many Task success /api/task/addMany POST ::1
[2021-11-29T11:08:52.407] [INFO] ma-core - database URI mongodb://localhost:27017/core
[2021-11-29T11:08:52.833] [INFO] ma-core - server started at port 5000
[2021-11-29T11:08:52.854] [INFO] ma-core - mongodb conected
[2021-11-29T11:11:36.448] [INFO] ma-core - database URI mongodb://localhost:27017/core
[2021-11-29T11:11:36.870] [INFO] ma-core - server started at port 5000
[2021-11-29T11:11:36.889] [INFO] ma-core - mongodb conected
[2021-11-29T13:56:31.603] [INFO] ma-core - database URI mongodb://localhost:27017/core
[2021-11-29T13:56:32.069] [INFO] ma-core - server started at port 5000
[2021-11-29T13:56:32.088] [INFO] ma-core - mongodb conected
[2021-11-29T13:58:43.557] [INFO] ma-core - database URI mongodb://localhost:27017/core
[2021-11-29T13:58:44.027] [INFO] ma-core - server started at port 5000
[2021-11-29T13:58:44.053] [INFO] ma-core - mongodb conected
[2021-11-29T13:59:18.824] [INFO] ma-core - get All Task success testing testing testing
[2021-11-29T13:59:18.832] [INFO] ma-core - get All Task success NaN post 1234
[2021-11-29T13:59:18.847] [INFO] ma-core - get All Task By filter success testing testing testing
[2021-11-29T13:59:18.853] [INFO] ma-core - get All Task By filter success testing testing testing
[2021-11-29T13:59:18.857] [INFO] ma-core - get by id Task success testing testing testing
[2021-11-29T13:59:18.859] [INFO] ma-core - get by id Task success NaN post 1234
[2021-11-29T13:59:18.868] [INFO] ma-core - get All Task By filter success testing testing testing
[2021-11-29T13:59:18.871] [INFO] ma-core - get All Task By filter success testing testing testing
[2021-11-29T13:59:18.945] [INFO] ma-core - get All Task By ID success testing testing testing
[2021-11-29T13:59:18.963] [INFO] ma-core - get All Task success testing testing testing
[2021-11-29T13:59:18.970] [INFO] ma-core - add Task success testing testing testing
[2021-11-29T13:59:18.972] [INFO] ma-core - add Task success NaN post 1234
[2021-11-29T13:59:18.983] [INFO] ma-core - add Many Task success testing testing testing
[2021-11-29T13:59:18.985] [INFO] ma-core - add Many Task success NaN post 1234
[2021-11-29T13:59:19.013] [INFO] ma-core - Update Task Assignee success testing testing testing
[2021-11-29T13:59:19.015] [INFO] ma-core - Update Task Assignee Incomplete testing testing testing
[2021-11-29T13:59:19.025] [INFO] ma-core - Canceled the Task testing testing testing
[2021-11-29T13:59:19.028] [INFO] ma-core - Canceled the Task NaN post 1234
[2021-11-29T13:59:19.034] [INFO] ma-core - Deleted the Task testing testing testing
[2021-11-29T13:59:19.036] [INFO] ma-core - Deleted the Task NaN post 1234
[2021-11-29T13:59:19.044] [INFO] ma-core - Finished the Task testing testing testing
[2021-11-29T13:59:19.046] [INFO] ma-core - Finished the Task NaN post 1234
[2021-11-29T13:59:19.055] [INFO] ma-core - Rejected the Task testing testing testing
[2021-11-29T13:59:19.056] [INFO] ma-core - Rejected the Task NaN post 1234
[2021-11-29T13:59:19.065] [INFO] ma-core - Started the Task testing testing testing
[2021-11-29T13:59:19.071] [INFO] ma-core - Started the Task NaN post 1234
[2021-11-29T13:59:19.082] [INFO] ma-core - Validated the Task testing testing testing
[2021-11-29T13:59:19.084] [INFO] ma-core - Validated the Task NaN post 1234
[2021-11-29T16:48:10.099] [INFO] ma-core - database URI mongodb://localhost:27017/core
[2021-11-29T16:48:10.573] [INFO] ma-core - server started at port 5000
[2021-11-29T16:48:10.597] [INFO] ma-core - mongodb conected
[2021-11-29T16:52:13.225] [INFO] ma-core - database URI mongodb://localhost:27017/core
[2021-11-29T16:52:13.704] [INFO] ma-core - server started at port 5000
[2021-11-29T16:52:13.726] [INFO] ma-core - mongodb conected
[2021-11-29T16:52:56.517] [INFO] ma-core - get All Task success testing testing testing
[2021-11-29T16:52:56.527] [INFO] ma-core - get All Task success NaN post 1234
[2021-11-29T16:52:56.538] [INFO] ma-core - get All Task By filter success testing testing testing
[2021-11-29T16:52:56.543] [INFO] ma-core - get All Task By filter success testing testing testing
[2021-11-29T16:52:56.546] [INFO] ma-core - get by id Task success testing testing testing
[2021-11-29T16:52:56.548] [INFO] ma-core - get by id Task success NaN post 1234
[2021-11-29T16:52:56.558] [INFO] ma-core - get All Task By filter success testing testing testing
[2021-11-29T16:52:56.562] [INFO] ma-core - get All Task By filter success testing testing testing
[2021-11-29T16:52:56.635] [INFO] ma-core - get All Task By ID success testing testing testing
[2021-11-29T16:52:56.651] [INFO] ma-core - get All Task success testing testing testing
[2021-11-29T16:52:56.659] [INFO] ma-core - add Task success testing testing testing
[2021-11-29T16:52:56.660] [INFO] ma-core - add Task success NaN post 1234
[2021-11-29T16:52:56.673] [INFO] ma-core - add Many Task success testing testing testing
[2021-11-29T16:52:56.674] [INFO] ma-core - add Many Task success NaN post 1234
[2021-11-29T16:52:56.704] [INFO] ma-core - Update Task Assignee success testing testing testing
[2021-11-29T16:52:56.706] [INFO] ma-core - Update Task Assignee Incomplete testing testing testing
[2021-11-29T16:52:56.718] [INFO] ma-core - Canceled the Task testing testing testing
[2021-11-29T16:52:56.719] [INFO] ma-core - Canceled the Task NaN post 1234
[2021-11-29T16:52:56.728] [INFO] ma-core - Deleted the Task testing testing testing
[2021-11-29T16:52:56.730] [INFO] ma-core - Deleted the Task NaN post 1234
[2021-11-29T16:52:56.740] [INFO] ma-core - Finished the Task testing testing testing
[2021-11-29T16:52:56.742] [INFO] ma-core - Finished the Task NaN post 1234
[2021-11-29T16:52:56.753] [INFO] ma-core - Rejected the Task testing testing testing
[2021-11-29T16:52:56.755] [INFO] ma-core - Rejected the Task NaN post 1234
[2021-11-29T16:52:56.762] [INFO] ma-core - Started the Task testing testing testing
[2021-11-29T16:52:56.768] [INFO] ma-core - Started the Task NaN post 1234
[2021-11-29T16:52:56.778] [INFO] ma-core - Validated the Task testing testing testing
[2021-11-29T16:52:56.780] [INFO] ma-core - Validated the Task NaN post 1234
[2021-11-29T21:03:19.087] [INFO] ma-core - database URI mongodb://localhost:27017/core
[2021-11-29T21:03:19.548] [INFO] ma-core - server started at port 5000
[2021-11-29T21:03:19.565] [INFO] ma-core - mongodb conected
[2021-11-29T21:03:58.774] [INFO] ma-core - get All Task success testing testing testing
[2021-11-29T21:03:58.781] [INFO] ma-core - get All Task success NaN post 1234
[2021-11-29T21:03:58.792] [INFO] ma-core - get All Task By filter success testing testing testing
[2021-11-29T21:03:58.801] [INFO] ma-core - get All Task By filter success testing testing testing
[2021-11-29T21:03:58.804] [INFO] ma-core - get by id Task success testing testing testing
[2021-11-29T21:03:58.806] [INFO] ma-core - get by id Task success NaN post 1234
[2021-11-29T21:03:58.816] [INFO] ma-core - get All Task By filter success testing testing testing
[2021-11-29T21:03:58.819] [INFO] ma-core - get All Task By filter success testing testing testing
[2021-11-29T21:03:58.890] [INFO] ma-core - get All Task By ID success testing testing testing
[2021-11-29T21:03:58.907] [INFO] ma-core - get All Task success testing testing testing
[2021-11-29T21:03:58.914] [INFO] ma-core - add Task success testing testing testing
[2021-11-29T21:03:58.916] [INFO] ma-core - add Task success NaN post 1234
[2021-11-29T21:03:58.927] [INFO] ma-core - add Many Task success testing testing testing
[2021-11-29T21:03:58.929] [INFO] ma-core - add Many Task success NaN post 1234
[2021-11-29T21:03:58.956] [INFO] ma-core - Update Task Assignee success testing testing testing
[2021-11-29T21:03:58.957] [INFO] ma-core - Update Task Assignee Incomplete testing testing testing
[2021-11-29T21:03:58.969] [INFO] ma-core - Canceled the Task testing testing testing
[2021-11-29T21:03:58.970] [INFO] ma-core - Canceled the Task NaN post 1234
[2021-11-29T21:03:58.979] [INFO] ma-core - Deleted the Task testing testing testing
[2021-11-29T21:03:58.980] [INFO] ma-core - Deleted the Task NaN post 1234
[2021-11-29T21:03:58.990] [INFO] ma-core - Finished the Task testing testing testing
[2021-11-29T21:03:58.991] [INFO] ma-core - Finished the Task NaN post 1234
[2021-11-29T21:03:59.000] [INFO] ma-core - Rejected the Task testing testing testing
[2021-11-29T21:03:59.001] [INFO] ma-core - Rejected the Task NaN post 1234
[2021-11-29T21:03:59.008] [INFO] ma-core - Started the Task testing testing testing
[2021-11-29T21:03:59.015] [INFO] ma-core - Started the Task NaN post 1234
[2021-11-29T21:03:59.026] [INFO] ma-core - Validated the Task testing testing testing
[2021-11-29T21:03:59.028] [INFO] ma-core - Validated the Task NaN post 1234
[2021-11-29T21:07:33.930] [INFO] ma-core - add Many Task success /api/task/addMany POST ::1
[2021-11-29T21:08:32.005] [INFO] ma-core - database URI mongodb://localhost:27017/core
[2021-11-29T21:08:32.436] [INFO] ma-core - server started at port 5000
[2021-11-29T21:08:32.457] [INFO] ma-core - mongodb conected
[2021-11-29T21:09:52.594] [INFO] ma-core - database URI mongodb://localhost:27017/core
[2021-11-29T21:09:53.017] [INFO] ma-core - server started at port 5000
[2021-11-29T21:09:53.038] [INFO] ma-core - mongodb conected
[2021-11-29T21:22:55.202] [INFO] ma-core - database URI mongodb://localhost:27017/core
[2021-11-29T21:22:55.611] [INFO] ma-core - server started at port 5000
[2021-11-29T21:22:55.631] [INFO] ma-core - mongodb conected
[2021-11-29T21:34:21.631] [INFO] ma-core - database URI mongodb://localhost:27017/core
[2021-11-29T21:34:22.045] [INFO] ma-core - server started at port 5000
[2021-11-29T21:34:22.064] [INFO] ma-core - mongodb conected
[2021-11-29T21:35:06.142] [INFO] ma-core - get All Task success testing testing testing
[2021-11-29T21:35:06.145] [INFO] ma-core - get All Task success NaN post 1234
[2021-11-29T21:35:06.150] [INFO] ma-core - get All Task By filter success testing testing testing
[2021-11-29T21:35:06.154] [INFO] ma-core - get All Task By filter success testing testing testing
[2021-11-29T21:35:06.156] [INFO] ma-core - get by id Task success testing testing testing
[2021-11-29T21:35:06.158] [INFO] ma-core - get by id Task success NaN post 1234
[2021-11-29T21:35:06.166] [INFO] ma-core - get All Task By filter success testing testing testing
[2021-11-29T21:35:06.169] [INFO] ma-core - get All Task By filter success testing testing testing
[2021-11-29T21:35:06.240] [INFO] ma-core - get All Task By ID success testing testing testing
[2021-11-29T21:35:06.258] [INFO] ma-core - get All Task success testing testing testing
[2021-11-29T21:35:06.266] [INFO] ma-core - add Task success testing testing testing
[2021-11-29T21:35:06.268] [INFO] ma-core - add Task success NaN post 1234
[2021-11-29T21:35:06.278] [INFO] ma-core - add Many Task success testing testing testing
[2021-11-29T21:35:06.280] [INFO] ma-core - add Many Task success NaN post 1234
[2021-11-29T21:35:06.310] [INFO] ma-core - Update Task Assignee success testing testing testing
[2021-11-29T21:35:06.311] [INFO] ma-core - Update Task Assignee Incomplete testing testing testing
[2021-11-29T21:35:06.322] [INFO] ma-core - Canceled the Task testing testing testing
[2021-11-29T21:35:06.324] [INFO] ma-core - Canceled the Task NaN post 1234
[2021-11-29T21:35:06.332] [INFO] ma-core - Deleted the Task testing testing testing
[2021-11-29T21:35:06.335] [INFO] ma-core - Deleted the Task NaN post 1234
[2021-11-29T21:35:06.345] [INFO] ma-core - Finished the Task testing testing testing
[2021-11-29T21:35:06.347] [INFO] ma-core - Finished the Task NaN post 1234
[2021-11-29T21:35:06.356] [INFO] ma-core - Rejected the Task testing testing testing
[2021-11-29T21:35:06.358] [INFO] ma-core - Rejected the Task NaN post 1234
[2021-11-29T21:35:06.367] [INFO] ma-core - Started the Task testing testing testing
[2021-11-29T21:35:06.373] [INFO] ma-core - Started the Task NaN post 1234
[2021-11-29T21:35:06.385] [INFO] ma-core - Validated the Task testing testing testing
[2021-11-29T21:35:06.388] [INFO] ma-core - Validated the Task NaN post 1234
[2021-11-29T21:38:19.078] [INFO] ma-core - database URI mongodb://localhost:27017/core
[2021-11-29T21:38:19.501] [INFO] ma-core - server started at port 5000
[2021-11-29T21:38:19.518] [INFO] ma-core - mongodb conected
[2021-11-29T21:38:52.295] [INFO] ma-core - get All Task success testing testing testing
[2021-11-29T21:38:52.299] [INFO] ma-core - get All Task success NaN post 1234
[2021-11-29T21:38:52.303] [INFO] ma-core - get All Task By filter success testing testing testing
[2021-11-29T21:38:52.306] [INFO] ma-core - get All Task By filter success testing testing testing
[2021-11-29T21:38:52.308] [INFO] ma-core - get by id Task success testing testing testing
[2021-11-29T21:38:52.309] [INFO] ma-core - get by id Task success NaN post 1234
[2021-11-29T21:38:52.318] [INFO] ma-core - get All Task By filter success testing testing testing
[2021-11-29T21:38:52.321] [INFO] ma-core - get All Task By filter success testing testing testing
[2021-11-29T21:38:52.390] [INFO] ma-core - get All Task By ID success testing testing testing
[2021-11-29T21:38:52.406] [INFO] ma-core - get All Task success testing testing testing
[2021-11-29T21:38:52.414] [INFO] ma-core - add Task success testing testing testing
[2021-11-29T21:38:52.416] [INFO] ma-core - add Task success NaN post 1234
[2021-11-29T21:38:52.427] [INFO] ma-core - add Many Task success testing testing testing
[2021-11-29T21:38:52.428] [INFO] ma-core - add Many Task success NaN post 1234
[2021-11-29T21:38:52.456] [INFO] ma-core - Update Task Assignee success testing testing testing
[2021-11-29T21:38:52.457] [INFO] ma-core - Update Task Assignee Incomplete testing testing testing
[2021-11-29T21:38:52.468] [INFO] ma-core - Canceled the Task testing testing testing
[2021-11-29T21:38:52.470] [INFO] ma-core - Canceled the Task NaN post 1234
[2021-11-29T21:38:52.477] [INFO] ma-core - Deleted the Task testing testing testing
[2021-11-29T21:38:52.479] [INFO] ma-core - Deleted the Task NaN post 1234
[2021-11-29T21:38:52.488] [INFO] ma-core - Finished the Task testing testing testing
[2021-11-29T21:38:52.490] [INFO] ma-core - Finished the Task NaN post 1234
[2021-11-29T21:38:52.498] [INFO] ma-core - Rejected the Task testing testing testing
[2021-11-29T21:38:52.499] [INFO] ma-core - Rejected the Task NaN post 1234
[2021-11-29T21:38:52.506] [INFO] ma-core - Started the Task testing testing testing
[2021-11-29T21:38:52.512] [INFO] ma-core - Started the Task NaN post 1234
[2021-11-29T21:38:52.522] [INFO] ma-core - Validated the Task testing testing testing
[2021-11-29T21:38:52.524] [INFO] ma-core - Validated the Task NaN post 1234
[2021-11-29T21:40:17.194] [INFO] ma-core - database URI mongodb://localhost:27017/core
[2021-11-29T21:40:17.624] [INFO] ma-core - server started at port 5000
[2021-11-29T21:40:17.643] [INFO] ma-core - mongodb conected
[2021-11-29T21:40:45.279] [INFO] ma-core - get All Task success testing testing testing
[2021-11-29T21:40:45.284] [INFO] ma-core - get All Task success NaN post 1234
[2021-11-29T21:40:45.292] [INFO] ma-core - get All Task By filter success testing testing testing
[2021-11-29T21:40:45.297] [INFO] ma-core - get All Task By filter success testing testing testing
[2021-11-29T21:40:45.302] [INFO] ma-core - get by id Task success testing testing testing
[2021-11-29T21:40:45.304] [INFO] ma-core - get by id Task success NaN post 1234
[2021-11-29T21:40:45.315] [INFO] ma-core - get All Task By filter success testing testing testing
[2021-11-29T21:40:45.319] [INFO] ma-core - get All Task By filter success testing testing testing
[2021-11-29T21:40:45.389] [INFO] ma-core - get All Task By ID success testing testing testing
[2021-11-29T21:40:45.405] [INFO] ma-core - get All Task success testing testing testing
[2021-11-29T21:40:45.412] [INFO] ma-core - add Task success testing testing testing
[2021-11-29T21:40:45.414] [INFO] ma-core - add Task success NaN post 1234
[2021-11-29T21:40:45.424] [INFO] ma-core - add Many Task success testing testing testing
[2021-11-29T21:40:45.426] [INFO] ma-core - add Many Task success NaN post 1234
[2021-11-29T21:40:45.454] [INFO] ma-core - Update Task Assignee success testing testing testing
[2021-11-29T21:40:45.456] [INFO] ma-core - Update Task Assignee Incomplete testing testing testing
[2021-11-29T21:40:45.466] [INFO] ma-core - Canceled the Task testing testing testing
[2021-11-29T21:40:45.469] [INFO] ma-core - Canceled the Task NaN post 1234
[2021-11-29T21:40:45.477] [INFO] ma-core - Deleted the Task testing testing testing
[2021-11-29T21:40:45.478] [INFO] ma-core - Deleted the Task NaN post 1234
[2021-11-29T21:40:45.488] [INFO] ma-core - Finished the Task testing testing testing
[2021-11-29T21:40:45.489] [INFO] ma-core - Finished the Task NaN post 1234
[2021-11-29T21:40:45.499] [INFO] ma-core - Rejected the Task testing testing testing
[2021-11-29T21:40:45.501] [INFO] ma-core - Rejected the Task NaN post 1234
[2021-11-29T21:40:45.508] [INFO] ma-core - Started the Task testing testing testing
[2021-11-29T21:40:45.513] [INFO] ma-core - Started the Task NaN post 1234
[2021-11-29T21:40:45.523] [INFO] ma-core - Validated the Task testing testing testing
[2021-11-29T21:40:45.525] [INFO] ma-core - Validated the Task NaN post 1234
[2021-11-29T21:45:30.084] [INFO] ma-core - database URI mongodb://localhost:27017/core
[2021-11-29T21:45:30.489] [INFO] ma-core - server started at port 5000
[2021-11-29T21:45:30.507] [INFO] ma-core - mongodb conected
[2021-11-29T21:46:00.585] [INFO] ma-core - get All Task success testing testing testing
[2021-11-29T21:46:00.595] [INFO] ma-core - get All Task success NaN post 1234
[2021-11-29T21:46:00.600] [INFO] ma-core - get All Task By filter success testing testing testing
[2021-11-29T21:46:00.604] [INFO] ma-core - get All Task By filter success testing testing testing
[2021-11-29T21:46:00.607] [INFO] ma-core - get by id Task success testing testing testing
[2021-11-29T21:46:00.609] [INFO] ma-core - get by id Task success NaN post 1234
[2021-11-29T21:46:00.619] [INFO] ma-core - get All Task By filter success testing testing testing
[2021-11-29T21:46:00.623] [INFO] ma-core - get All Task By filter success testing testing testing
[2021-11-29T21:46:00.693] [INFO] ma-core - get All Task By ID success testing testing testing
[2021-11-29T21:46:00.711] [INFO] ma-core - get All Task success testing testing testing
[2021-11-29T21:46:00.718] [INFO] ma-core - add Task success testing testing testing
[2021-11-29T21:46:00.720] [INFO] ma-core - add Task success NaN post 1234
[2021-11-29T21:46:00.732] [INFO] ma-core - add Many Task success testing testing testing
[2021-11-29T21:46:00.734] [INFO] ma-core - add Many Task success NaN post 1234
[2021-11-29T21:46:00.764] [INFO] ma-core - Update Task Assignee success testing testing testing
[2021-11-29T21:46:00.766] [INFO] ma-core - Update Task Assignee Incomplete testing testing testing
[2021-11-29T21:46:00.779] [INFO] ma-core - Canceled the Task testing testing testing
[2021-11-29T21:46:00.781] [INFO] ma-core - Canceled the Task NaN post 1234
[2021-11-29T21:46:00.789] [INFO] ma-core - Deleted the Task testing testing testing
[2021-11-29T21:46:00.792] [INFO] ma-core - Deleted the Task NaN post 1234
[2021-11-29T21:46:00.800] [INFO] ma-core - Finished the Task testing testing testing
[2021-11-29T21:46:00.802] [INFO] ma-core - Finished the Task NaN post 1234
[2021-11-29T21:46:00.810] [INFO] ma-core - Rejected the Task testing testing testing
[2021-11-29T21:46:00.812] [INFO] ma-core - Rejected the Task NaN post 1234
[2021-11-29T21:46:00.819] [INFO] ma-core - Started the Task testing testing testing
[2021-11-29T21:46:00.825] [INFO] ma-core - Started the Task NaN post 1234
[2021-11-29T21:46:00.835] [INFO] ma-core - Validated the Task testing testing testing
[2021-11-29T21:46:00.837] [INFO] ma-core - Validated the Task NaN post 1234
[2021-11-29T21:47:00.602] [INFO] ma-core - database URI mongodb://localhost:27017/core
[2021-11-29T21:47:01.012] [INFO] ma-core - server started at port 5000
[2021-11-29T21:47:01.030] [INFO] ma-core - mongodb conected
[2021-11-29T21:47:33.500] [INFO] ma-core - get All Task success testing testing testing
[2021-11-29T21:47:33.510] [INFO] ma-core - get All Task success NaN post 1234
[2021-11-29T21:47:33.523] [INFO] ma-core - get All Task By filter success testing testing testing
[2021-11-29T21:47:33.528] [INFO] ma-core - get All Task By filter success testing testing testing
[2021-11-29T21:47:33.531] [INFO] ma-core - get by id Task success testing testing testing
[2021-11-29T21:47:33.533] [INFO] ma-core - get by id Task success NaN post 1234
[2021-11-29T21:47:33.542] [INFO] ma-core - get All Task By filter success testing testing testing
[2021-11-29T21:47:33.545] [INFO] ma-core - get All Task By filter success testing testing testing
[2021-11-29T21:47:33.617] [INFO] ma-core - get All Task By ID success testing testing testing
[2021-11-29T21:47:33.635] [INFO] ma-core - get All Task success testing testing testing
[2021-11-29T21:47:33.642] [INFO] ma-core - add Task success testing testing testing
[2021-11-29T21:47:33.644] [INFO] ma-core - add Task success NaN post 1234
[2021-11-29T21:47:33.654] [INFO] ma-core - add Many Task success testing testing testing
[2021-11-29T21:47:33.656] [INFO] ma-core - add Many Task success NaN post 1234
[2021-11-29T21:47:33.686] [INFO] ma-core - Update Task Assignee success testing testing testing
[2021-11-29T21:47:33.687] [INFO] ma-core - Update Task Assignee Incomplete testing testing testing
[2021-11-29T21:47:33.698] [INFO] ma-core - Canceled the Task testing testing testing
[2021-11-29T21:47:33.700] [INFO] ma-core - Canceled the Task NaN post 1234
[2021-11-29T21:47:33.707] [INFO] ma-core - Deleted the Task testing testing testing
[2021-11-29T21:47:33.709] [INFO] ma-core - Deleted the Task NaN post 1234
[2021-11-29T21:47:33.718] [INFO] ma-core - Finished the Task testing testing testing
[2021-11-29T21:47:33.719] [INFO] ma-core - Finished the Task NaN post 1234
[2021-11-29T21:47:33.727] [INFO] ma-core - Rejected the Task testing testing testing
[2021-11-29T21:47:33.729] [INFO] ma-core - Rejected the Task NaN post 1234
[2021-11-29T21:47:33.737] [INFO] ma-core - Started the Task testing testing testing
[2021-11-29T21:47:33.742] [INFO] ma-core - Started the Task NaN post 1234
[2021-11-29T21:47:33.754] [INFO] ma-core - Validated the Task testing testing testing
[2021-11-29T21:47:33.756] [INFO] ma-core - Validated the Task NaN post 1234
[2021-11-29T21:49:51.977] [INFO] ma-core - database URI mongodb://localhost:27017/core
[2021-11-29T21:49:52.394] [INFO] ma-core - server started at port 5000
[2021-11-29T21:49:52.412] [INFO] ma-core - mongodb conected
[2021-11-29T21:55:21.218] [INFO] ma-core - database URI mongodb://localhost:27017/core
[2021-11-29T21:55:21.638] [INFO] ma-core - server started at port 5000
[2021-11-29T21:55:21.655] [INFO] ma-core - mongodb conected
[2021-11-29T21:55:56.404] [INFO] ma-core - get All Task success testing testing testing
[2021-11-29T21:55:56.407] [INFO] ma-core - get All Task success NaN post 1234
[2021-11-29T21:55:56.411] [INFO] ma-core - get All Task By filter success testing testing testing
[2021-11-29T21:55:56.415] [INFO] ma-core - get All Task By filter success testing testing testing
[2021-11-29T21:55:56.417] [INFO] ma-core - get by id Task success testing testing testing
[2021-11-29T21:55:56.418] [INFO] ma-core - get by id Task success NaN post 1234
[2021-11-29T21:55:56.427] [INFO] ma-core - get All Task By filter success testing testing testing
[2021-11-29T21:55:56.430] [INFO] ma-core - get All Task By filter success testing testing testing
[2021-11-29T21:55:56.503] [INFO] ma-core - get All Task By ID success testing testing testing
[2021-11-29T21:55:56.519] [INFO] ma-core - get All Task success testing testing testing
[2021-11-29T21:55:56.527] [INFO] ma-core - add Task success testing testing testing
[2021-11-29T21:55:56.529] [INFO] ma-core - add Task success NaN post 1234
[2021-11-29T21:55:56.541] [INFO] ma-core - add Many Task success testing testing testing
[2021-11-29T21:55:56.543] [INFO] ma-core - add Many Task success NaN post 1234
[2021-11-29T21:55:56.573] [INFO] ma-core - Update Task Assignee success testing testing testing
[2021-11-29T21:55:56.575] [INFO] ma-core - Update Task Assignee Incomplete testing testing testing
[2021-11-29T21:55:56.587] [INFO] ma-core - Canceled the Task testing testing testing
[2021-11-29T21:55:56.588] [INFO] ma-core - Canceled the Task NaN post 1234
[2021-11-29T21:55:56.597] [INFO] ma-core - Deleted the Task testing testing testing
[2021-11-29T21:55:56.599] [INFO] ma-core - Deleted the Task NaN post 1234
[2021-11-29T21:55:56.607] [INFO] ma-core - Finished the Task testing testing testing
[2021-11-29T21:55:56.609] [INFO] ma-core - Finished the Task NaN post 1234
[2021-11-29T21:55:56.618] [INFO] ma-core - Rejected the Task testing testing testing
[2021-11-29T21:55:56.619] [INFO] ma-core - Rejected the Task NaN post 1234
[2021-11-29T21:55:56.626] [INFO] ma-core - Started the Task testing testing testing
[2021-11-29T21:55:56.632] [INFO] ma-core - Started the Task NaN post 1234
[2021-11-29T21:55:56.641] [INFO] ma-core - Validated the Task testing testing testing
[2021-11-29T21:55:56.643] [INFO] ma-core - Validated the Task NaN post 1234
[2021-11-29T21:58:02.730] [INFO] ma-core - database URI mongodb://localhost:27017/core
[2021-11-29T21:58:03.136] [INFO] ma-core - server started at port 5000
[2021-11-29T21:58:03.154] [INFO] ma-core - mongodb conected
[2021-11-29T21:58:21.307] [INFO] ma-core - database URI mongodb://localhost:27017/core
[2021-11-29T21:58:21.740] [INFO] ma-core - server started at port 5000
[2021-11-29T21:58:21.763] [INFO] ma-core - mongodb conected
[2021-11-29T21:58:47.916] [INFO] ma-core - get All Task success testing testing testing
[2021-11-29T21:58:47.926] [INFO] ma-core - get All Task success NaN post 1234
[2021-11-29T21:58:47.931] [INFO] ma-core - get All Task By filter success testing testing testing
[2021-11-29T21:58:47.934] [INFO] ma-core - get All Task By filter success testing testing testing
[2021-11-29T21:58:47.936] [INFO] ma-core - get by id Task success testing testing testing
[2021-11-29T21:58:47.938] [INFO] ma-core - get by id Task success NaN post 1234
[2021-11-29T21:58:47.947] [INFO] ma-core - get All Task By filter success testing testing testing
[2021-11-29T21:58:47.951] [INFO] ma-core - get All Task By filter success testing testing testing
[2021-11-29T21:58:48.022] [INFO] ma-core - get All Task By ID success testing testing testing
[2021-11-29T21:58:48.038] [INFO] ma-core - get All Task success testing testing testing
[2021-11-29T21:58:48.045] [INFO] ma-core - add Task success testing testing testing
[2021-11-29T21:58:48.047] [INFO] ma-core - add Task success NaN post 1234
[2021-11-29T21:58:48.057] [INFO] ma-core - add Many Task success testing testing testing
[2021-11-29T21:58:48.059] [INFO] ma-core - add Many Task success NaN post 1234
[2021-11-29T21:58:48.088] [INFO] ma-core - Update Task Assignee success testing testing testing
[2021-11-29T21:58:48.089] [INFO] ma-core - Update Task Assignee Incomplete testing testing testing
[2021-11-29T21:58:48.101] [INFO] ma-core - Canceled the Task testing testing testing
[2021-11-29T21:58:48.103] [INFO] ma-core - Canceled the Task NaN post 1234
[2021-11-29T21:58:48.111] [INFO] ma-core - Deleted the Task testing testing testing
[2021-11-29T21:58:48.113] [INFO] ma-core - Deleted the Task NaN post 1234
[2021-11-29T21:58:48.122] [INFO] ma-core - Finished the Task testing testing testing
[2021-11-29T21:58:48.124] [INFO] ma-core - Finished the Task NaN post 1234
[2021-11-29T21:58:48.132] [INFO] ma-core - Rejected the Task testing testing testing
[2021-11-29T21:58:48.134] [INFO] ma-core - Rejected the Task NaN post 1234
[2021-11-29T21:58:48.141] [INFO] ma-core - Started the Task testing testing testing
[2021-11-29T21:58:48.146] [INFO] ma-core - Started the Task NaN post 1234
[2021-11-29T21:58:48.156] [INFO] ma-core - Validated the Task testing testing testing
[2021-11-29T21:58:48.158] [INFO] ma-core - Validated the Task NaN post 1234
[2021-11-29T21:59:26.885] [INFO] ma-core - database URI mongodb://localhost:27017/core
[2021-11-29T21:59:27.296] [INFO] ma-core - server started at port 5000
[2021-11-29T21:59:27.313] [INFO] ma-core - mongodb conected
[2021-11-29T21:59:43.350] [INFO] ma-core - database URI mongodb://localhost:27017/core
[2021-11-29T21:59:43.778] [INFO] ma-core - server started at port 5000
[2021-11-29T21:59:43.800] [INFO] ma-core - mongodb conected
[2021-11-29T22:00:09.609] [INFO] ma-core - get All Task success testing testing testing
[2021-11-29T22:00:09.619] [INFO] ma-core - get All Task success NaN post 1234
[2021-11-29T22:00:09.635] [INFO] ma-core - get All Task By filter success testing testing testing
[2021-11-29T22:00:09.641] [INFO] ma-core - get All Task By filter success testing testing testing
[2021-11-29T22:00:09.645] [INFO] ma-core - get by id Task success testing testing testing
[2021-11-29T22:00:09.647] [INFO] ma-core - get by id Task success NaN post 1234
[2021-11-29T22:00:09.656] [INFO] ma-core - get All Task By filter success testing testing testing
[2021-11-29T22:00:09.659] [INFO] ma-core - get All Task By filter success testing testing testing
[2021-11-29T22:00:09.731] [INFO] ma-core - get All Task By ID success testing testing testing
[2021-11-29T22:00:09.748] [INFO] ma-core - get All Task success testing testing testing
[2021-11-29T22:00:09.756] [INFO] ma-core - add Task success testing testing testing
[2021-11-29T22:00:09.758] [INFO] ma-core - add Task success NaN post 1234
[2021-11-29T22:00:09.769] [INFO] ma-core - add Many Task success testing testing testing
[2021-11-29T22:00:09.771] [INFO] ma-core - add Many Task success NaN post 1234
[2021-11-29T22:00:09.800] [INFO] ma-core - Update Task Assignee success testing testing testing
[2021-11-29T22:00:09.802] [INFO] ma-core - Update Task Assignee Incomplete testing testing testing
[2021-11-29T22:00:09.813] [INFO] ma-core - Canceled the Task testing testing testing
[2021-11-29T22:00:09.814] [INFO] ma-core - Canceled the Task NaN post 1234
[2021-11-29T22:00:09.822] [INFO] ma-core - Deleted the Task testing testing testing
[2021-11-29T22:00:09.825] [INFO] ma-core - Deleted the Task NaN post 1234
[2021-11-29T22:00:09.834] [INFO] ma-core - Finished the Task testing testing testing
[2021-11-29T22:00:09.835] [INFO] ma-core - Finished the Task NaN post 1234
[2021-11-29T22:00:09.843] [INFO] ma-core - Rejected the Task testing testing testing
[2021-11-29T22:00:09.845] [INFO] ma-core - Rejected the Task NaN post 1234
[2021-11-29T22:00:09.853] [INFO] ma-core - Started the Task testing testing testing
[2021-11-29T22:00:09.858] [INFO] ma-core - Started the Task NaN post 1234
[2021-11-29T22:00:09.868] [INFO] ma-core - Validated the Task testing testing testing
[2021-11-29T22:00:09.870] [INFO] ma-core - Validated the Task NaN post 1234
[2021-11-29T22:00:48.606] [INFO] ma-core - database URI mongodb://localhost:27017/core
[2021-11-29T22:00:49.081] [INFO] ma-core - server started at port 5000
[2021-11-29T22:00:49.101] [INFO] ma-core - mongodb conected
[2021-11-29T22:01:02.276] [INFO] ma-core - database URI mongodb://localhost:27017/core
[2021-11-29T22:01:02.710] [INFO] ma-core - server started at port 5000
[2021-11-29T22:01:02.736] [INFO] ma-core - mongodb conected
[2021-11-29T22:01:28.929] [INFO] ma-core - get All Task success testing testing testing
[2021-11-29T22:01:28.932] [INFO] ma-core - get All Task success NaN post 1234
[2021-11-29T22:01:28.936] [INFO] ma-core - get All Task By filter success testing testing testing
[2021-11-29T22:01:28.939] [INFO] ma-core - get All Task By filter success testing testing testing
[2021-11-29T22:01:28.941] [INFO] ma-core - get by id Task success testing testing testing
[2021-11-29T22:01:28.942] [INFO] ma-core - get by id Task success NaN post 1234
[2021-11-29T22:01:28.951] [INFO] ma-core - get All Task By filter success testing testing testing
[2021-11-29T22:01:28.954] [INFO] ma-core - get All Task By filter success testing testing testing
[2021-11-29T22:01:29.024] [INFO] ma-core - get All Task By ID success testing testing testing
[2021-11-29T22:01:29.039] [INFO] ma-core - get All Task success testing testing testing
[2021-11-29T22:01:29.047] [INFO] ma-core - add Task success testing testing testing
[2021-11-29T22:01:29.048] [INFO] ma-core - add Task success NaN post 1234
[2021-11-29T22:01:29.059] [INFO] ma-core - add Many Task success testing testing testing
[2021-11-29T22:01:29.061] [INFO] ma-core - add Many Task success NaN post 1234
[2021-11-29T22:01:29.089] [INFO] ma-core - Update Task Assignee success testing testing testing
[2021-11-29T22:01:29.090] [INFO] ma-core - Update Task Assignee Incomplete testing testing testing
[2021-11-29T22:01:29.101] [INFO] ma-core - Canceled the Task testing testing testing
[2021-11-29T22:01:29.102] [INFO] ma-core - Canceled the Task NaN post 1234
[2021-11-29T22:01:29.111] [INFO] ma-core - Deleted the Task testing testing testing
[2021-11-29T22:01:29.112] [INFO] ma-core - Deleted the Task NaN post 1234
[2021-11-29T22:01:29.122] [INFO] ma-core - Finished the Task testing testing testing
[2021-11-29T22:01:29.123] [INFO] ma-core - Finished the Task NaN post 1234
[2021-11-29T22:01:29.131] [INFO] ma-core - Rejected the Task testing testing testing
[2021-11-29T22:01:29.133] [INFO] ma-core - Rejected the Task NaN post 1234
[2021-11-29T22:01:29.140] [INFO] ma-core - Started the Task testing testing testing
[2021-11-29T22:01:29.145] [INFO] ma-core - Started the Task NaN post 1234
[2021-11-29T22:01:29.155] [INFO] ma-core - Validated the Task testing testing testing
[2021-11-29T22:01:29.157] [INFO] ma-core - Validated the Task NaN post 1234
[2021-11-29T22:01:51.506] [INFO] ma-core - database URI mongodb://localhost:27017/core
[2021-11-29T22:01:51.912] [INFO] ma-core - server started at port 5000
[2021-11-29T22:01:51.930] [INFO] ma-core - mongodb conected
[2021-11-29T22:02:13.826] [INFO] ma-core - database URI mongodb://localhost:27017/core
[2021-11-29T22:02:14.258] [INFO] ma-core - server started at port 5000
[2021-11-29T22:02:14.276] [INFO] ma-core - mongodb conected
[2021-11-29T22:02:46.425] [INFO] ma-core - get All Task success testing testing testing
[2021-11-29T22:02:46.434] [INFO] ma-core - get All Task success NaN post 1234
[2021-11-29T22:02:46.447] [INFO] ma-core - get All Task By filter success testing testing testing
[2021-11-29T22:02:46.456] [INFO] ma-core - get All Task By filter success testing testing testing
[2021-11-29T22:02:46.459] [INFO] ma-core - get by id Task success testing testing testing
[2021-11-29T22:02:46.462] [INFO] ma-core - get by id Task success NaN post 1234
[2021-11-29T22:02:46.473] [INFO] ma-core - get All Task By filter success testing testing testing
[2021-11-29T22:02:46.476] [INFO] ma-core - get All Task By filter success testing testing testing
[2021-11-29T22:02:46.548] [INFO] ma-core - get All Task By ID success testing testing testing
[2021-11-29T22:02:46.564] [INFO] ma-core - get All Task success testing testing testing
[2021-11-29T22:02:46.572] [INFO] ma-core - add Task success testing testing testing
[2021-11-29T22:02:46.573] [INFO] ma-core - add Task success NaN post 1234
[2021-11-29T22:02:46.584] [INFO] ma-core - add Many Task success testing testing testing
[2021-11-29T22:02:46.586] [INFO] ma-core - add Many Task success NaN post 1234
[2021-11-29T22:02:46.614] [INFO] ma-core - Update Task Assignee success testing testing testing
[2021-11-29T22:02:46.615] [INFO] ma-core - Update Task Assignee Incomplete testing testing testing
[2021-11-29T22:02:46.626] [INFO] ma-core - Canceled the Task testing testing testing
[2021-11-29T22:02:46.627] [INFO] ma-core - Canceled the Task NaN post 1234
[2021-11-29T22:02:46.636] [INFO] ma-core - Deleted the Task testing testing testing
[2021-11-29T22:02:46.637] [INFO] ma-core - Deleted the Task NaN post 1234
[2021-11-29T22:02:46.647] [INFO] ma-core - Finished the Task testing testing testing
[2021-11-29T22:02:46.649] [INFO] ma-core - Finished the Task NaN post 1234
[2021-11-29T22:02:46.657] [INFO] ma-core - Rejected the Task testing testing testing
[2021-11-29T22:02:46.659] [INFO] ma-core - Rejected the Task NaN post 1234
[2021-11-29T22:02:46.666] [INFO] ma-core - Started the Task testing testing testing
[2021-11-29T22:02:46.671] [INFO] ma-core - Started the Task NaN post 1234
[2021-11-29T22:02:46.682] [INFO] ma-core - Validated the Task testing testing testing
[2021-11-29T22:02:46.684] [INFO] ma-core - Validated the Task NaN post 1234
[2021-11-29T22:04:03.996] [INFO] ma-core - database URI mongodb://localhost:27017/core
[2021-11-29T22:04:04.410] [INFO] ma-core - server started at port 5000
[2021-11-29T22:04:04.428] [INFO] ma-core - mongodb conected
[2021-11-29T22:04:08.953] [INFO] ma-core - add Many Task success /api/task/addMany POST ::1
[2021-11-29T22:04:14.614] [INFO] ma-core - add Many Task success /api/task/addMany POST ::1
[2021-11-29T22:04:16.178] [INFO] ma-core - add Many Task success /api/task/addMany POST ::1
[2021-11-29T22:07:13.582] [INFO] ma-core - database URI mongodb://localhost:27017/core
[2021-11-29T22:07:14.022] [INFO] ma-core - server started at port 5000
[2021-11-29T22:07:14.041] [INFO] ma-core - mongodb conected
