[2023-07-07T18:09:40.618] [INFO] ma-core - database URI mongodb://localhost:27017/core
[2023-07-07T18:09:42.189] [INFO] ma-core - server started at port 5000
[2023-07-07T18:09:42.278] [INFO] ma-core - mongodb conected
[2023-07-07T18:10:30.200] [INFO] ma-core - get all posts success /api/newsFeed/getAllPosts GET ::1
[2023-07-07T18:10:45.011] [INFO] ma-core - get all posts success /api/newsFeed/getAllPosts GET ::1
[2023-07-07T18:10:45.177] [INFO] ma-core - get all posts success /api/newsFeed/getAllPosts GET ::1
[2023-07-07T18:10:56.657] [INFO] ma-core - get all Customer success /api/customer/ GET ::1
[2023-07-07T18:10:56.959] [INFO] ma-core - get all Customer success /api/customer/ GET ::1
[2023-07-07T18:10:59.335] [INFO] ma-core - get all Customer success /api/customer/ GET ::1
[2023-07-07T18:10:59.475] [INFO] ma-core - get all Customer success /api/customer/ GET ::1
[2023-07-07T18:11:09.384] [INFO] ma-core - get All Role success /api/role/ GET ::1
[2023-07-07T18:12:05.340] [INFO] ma-core - add new shifts success /api/shift/sync PATCH ::1
[2023-07-07T18:12:05.373] [INFO] ma-core - sync shift success /api/shift/sync PATCH ::1
[2023-07-07T18:12:05.692] [INFO] ma-core - Shift Unassigned reminder cron launched
[2023-07-07T18:12:05.698] [INFO] ma-core - Shift Unassigned reminder cron launched
[2023-07-07T18:12:05.702] [INFO] ma-core - Shift Unassigned reminder cron launched
[2023-07-07T18:12:05.705] [INFO] ma-core - Shift Unassigned reminder cron launched
[2023-07-07T18:12:05.711] [INFO] ma-core - Shift Unassigned reminder cron launched
[2023-07-07T18:12:05.717] [INFO] ma-core - Shift Unassigned reminder cron launched
[2023-07-07T18:12:05.720] [INFO] ma-core - Shift Unassigned reminder cron launched
[2023-07-07T18:12:05.728] [INFO] ma-core - Shift Unassigned reminder cron launched
[2023-07-07T18:12:05.751] [INFO] ma-core - Shift Unassigned reminder cron launched
[2023-07-07T18:12:05.759] [INFO] ma-core - Shift Unassigned reminder cron launched
[2023-07-07T18:12:05.770] [INFO] ma-core - Shift Unassigned reminder cron launched
[2023-07-07T18:12:05.805] [INFO] ma-core - Shift Unassigned reminder cron launched
[2023-07-07T18:12:05.807] [INFO] ma-core - cron shift unassigned : startdate before now
[2023-07-07T18:12:05.826] [INFO] ma-core - Shift Unassigned reminder cron launched
[2023-07-07T18:12:05.833] [INFO] ma-core - Shift Unassigned reminder cron launched
[2023-07-07T18:12:05.842] [INFO] ma-core - Shift Unassigned reminder cron launched
[2023-07-07T18:12:05.848] [INFO] ma-core - Shift Unassigned reminder cron launched
[2023-07-07T18:12:05.857] [INFO] ma-core - Shift Unassigned reminder cron launched
[2023-07-07T18:12:05.868] [INFO] ma-core - Shift Unassigned reminder cron launched
[2023-07-07T18:12:05.877] [INFO] ma-core - Shift Unassigned reminder cron launched
[2023-07-07T18:12:05.890] [INFO] ma-core - Shift Unassigned reminder cron launched
[2023-07-07T18:12:05.899] [INFO] ma-core - Shift Unassigned reminder cron launched
[2023-07-07T18:12:05.909] [INFO] ma-core - Shift Unassigned reminder cron launched
[2023-07-07T18:12:05.914] [INFO] ma-core - Shift Unassigned reminder cron launched
[2023-07-07T18:12:05.920] [INFO] ma-core - Shift Unassigned reminder cron launched
[2023-07-07T18:12:05.924] [INFO] ma-core - cron shift unassigned : startdate before now
[2023-07-07T18:12:05.927] [INFO] ma-core - cron shift unassigned : startdate before now
[2023-07-07T18:12:05.937] [INFO] ma-core - Shift Unassigned reminder cron launched
[2023-07-07T18:12:05.945] [INFO] ma-core - Shift Unassigned reminder cron launched
[2023-07-07T18:12:05.953] [INFO] ma-core - Shift Unassigned reminder cron launched
[2023-07-07T18:12:05.968] [INFO] ma-core - Shift Unassigned reminder cron launched
[2023-07-07T18:12:05.983] [INFO] ma-core - Shift Unassigned reminder cron launched
[2023-07-07T18:12:43.748] [INFO] ma-core - get all posts success /api/newsFeed/getAllPosts GET ::1
[2023-07-07T18:12:49.069] [INFO] ma-core - Get all shifts success /api/shift/getAllMembersByShifts GET ::1
[2023-07-07T18:13:03.350] [INFO] ma-core - get all posts success /api/newsFeed/getAllPosts GET ::1
[2023-07-07T18:13:05.290] [INFO] ma-core - get all posts success /api/newsFeed/getAllPosts GET ::1
[2023-07-07T18:13:08.503] [INFO] ma-core - get all posts success /api/newsFeed/getAllPosts GET ::1
[2023-07-07T18:13:12.743] [INFO] ma-core - get all posts success /api/newsFeed/getAllPosts GET ::1
[2023-07-07T18:14:20.645] [INFO] ma-core - get all Customer success /api/customer/ GET ::1
[2023-07-07T18:14:20.880] [INFO] ma-core - get all Customer success /api/customer/ GET ::1
[2023-07-07T18:16:51.540] [INFO] ma-core - get all posts success /api/newsFeed/getAllPosts GET ::1
[2023-07-07T18:23:56.507] [INFO] ma-core - get All Role success /api/role/ GET ::1
[2023-07-07T18:24:10.086] [INFO] ma-core - update user : add new role success :  /api/user/update/:id PATCH
[2023-07-07T18:27:02.662] [INFO] ma-core - get All Role success /api/role/ GET ::1
[2023-07-07T18:27:15.913] [INFO] ma-core - update user : add new role success :  /api/user/update/:id PATCH
[2023-07-07T18:32:07.802] [INFO] ma-core - update user : update old shift endDate success /api/user/update/:id PATCH
[2023-07-07T18:33:02.326] [INFO] ma-core - get All Role success /api/role/ GET ::1
[2023-07-07T18:33:14.173] [INFO] ma-core - get All Role success /api/role/ GET ::1
[2023-07-07T18:33:25.383] [INFO] ma-core - update user : add new role success :  /api/user/update/:id PATCH
[2023-07-07T18:33:33.757] [INFO] ma-core - get All Role success /api/role/ GET ::1
[2023-07-07T18:45:48.991] [INFO] ma-core - get all posts success /api/newsFeed/getAllPosts GET ::1
[2023-07-07T18:45:57.896] [INFO] ma-core - get all Customer success /api/customer/ GET ::1
[2023-07-07T18:45:58.013] [INFO] ma-core - get all Customer success /api/customer/ GET ::1
[2023-07-07T18:46:00.027] [INFO] ma-core - get all posts success /api/newsFeed/getAllPosts GET ::1
[2023-07-07T18:46:04.393] [INFO] ma-core - get all Customer success /api/customer/ GET ::1
[2023-07-07T18:46:04.507] [INFO] ma-core - get all Customer success /api/customer/ GET ::1
[2023-07-07T18:46:07.460] [INFO] ma-core - get all posts success /api/newsFeed/getAllPosts GET ::1
[2023-07-07T18:46:11.182] [INFO] ma-core - get all Customer success /api/customer/ GET ::1
[2023-07-07T18:46:11.288] [INFO] ma-core - get all Customer success /api/customer/ GET ::1
[2023-07-07T18:46:14.159] [INFO] ma-core - get all Customer success /api/customer/ GET ::1
[2023-07-07T18:46:14.280] [INFO] ma-core - get all Customer success /api/customer/ GET ::1
[2023-07-07T18:52:14.891] [INFO] ma-core - get all posts success /api/newsFeed/getAllPosts GET ::1
[2023-07-07T18:52:15.124] [INFO] ma-core - get all posts success /api/newsFeed/getAllPosts GET ::1
[2023-07-07T18:52:24.984] [INFO] ma-core - get All Role success /api/role/ GET ::1
[2023-07-07T18:52:32.091] [INFO] ma-core - update user : add new role success :  /api/user/update/:id PATCH
[2023-07-07T18:52:32.111] [INFO] ma-core - update user : update old shift endDate success /api/user/update/:id PATCH
[2023-07-07T18:52:42.337] [INFO] ma-core - get all Customer success /api/customer/ GET ::1
[2023-07-07T18:52:42.489] [INFO] ma-core - get all Customer success /api/customer/ GET ::1
[2023-07-07T18:52:49.180] [INFO] ma-core - get all Customer success /api/customer/ GET ::1
[2023-07-07T18:52:51.936] [INFO] ma-core - get Customer success toBase64 error /api/customer/:id/ GET ::1
[2023-07-07T18:53:58.046] [INFO] ma-core - get slaContract By Id success /api/slaContract/getone/:id/ GET ::1
[2023-07-07T18:54:14.978] [INFO] ma-core - get sla By Id success /api/sla/getone/:id/ GET ::1
[2023-07-07T18:54:31.130] [INFO] ma-core - get sla By Id success /api/sla/getone/:id/ GET ::1
[2023-07-07T18:55:57.192] [INFO] ma-core - get all Customer success /api/customer/ GET ::1
[2023-07-07T18:56:00.143] [INFO] ma-core - get Customer success toBase64 error /api/customer/:id/ GET ::1
[2023-07-07T18:56:07.323] [INFO] ma-core - get all Customer success /api/customer/ GET ::1
[2023-07-07T18:56:10.604] [INFO] ma-core - get Customer success toBase64 error /api/customer/:id/ GET ::1
[2023-07-07T18:56:31.609] [INFO] ma-core - get All Role success /api/role/ GET ::1
[2023-07-07T18:56:36.135] [INFO] ma-core - update user : update old shift endDate success /api/user/update/:id PATCH
[2023-07-07T18:56:41.137] [INFO] ma-core - get All nomenclature success /api/nomenclature/ GET ::1
[2023-07-07T18:56:41.398] [INFO] ma-core - Get all shifts success /api/shift/ GET ::1
[2023-07-07T18:56:41.728] [INFO] ma-core - Get all shifts success /api/shift/ GET ::1
[2023-07-07T18:56:42.994] [INFO] ma-core - get all Customer success /api/customer/ GET ::1
[2023-07-07T18:56:44.910] [INFO] ma-core - get all Customer success /api/customer/ GET ::1
[2023-07-07T18:57:10.364] [INFO] ma-core - get All nomenclature success /api/nomenclature/ GET ::1
[2023-07-07T18:57:10.559] [INFO] ma-core - Get all shifts success /api/shift/ GET ::1
[2023-07-07T18:57:10.871] [INFO] ma-core - Get all shifts success /api/shift/ GET ::1
[2023-07-07T18:57:18.047] [INFO] ma-core - get all Customer success /api/customer/ GET ::1
[2023-07-07T18:57:18.107] [INFO] ma-core - get all Customer success /api/customer/ GET ::1
[2023-07-07T18:57:18.174] [INFO] ma-core - get all Customer success /api/customer/ GET ::1
[2023-07-07T18:57:37.889] [INFO] ma-core - get all Customer success /api/customer/ GET ::1
[2023-07-07T18:57:38.067] [INFO] ma-core - get all Customer success /api/customer/ GET ::1
[2023-07-07T18:57:42.496] [INFO] ma-core - get all Customer success /api/customer/ GET ::1
[2023-07-07T18:57:42.643] [INFO] ma-core - get all Customer success /api/customer/ GET ::1
[2023-07-07T18:57:49.769] [INFO] ma-core - get All Role success /api/role/ GET ::1
[2023-07-07T18:57:52.605] [INFO] ma-core - get All Module success /api/module/getAll GET ::1
[2023-07-07T18:57:53.748] [INFO] ma-core - get All Role success /api/role/ GET ::1
[2023-07-07T18:57:54.722] [INFO] ma-core - get All Module success /api/module/getAll GET ::1
[2023-07-07T18:58:26.934] [INFO] ma-core - get All Module success /api/module/getAll GET ::1
[2023-07-07T19:01:20.846] [INFO] ma-core - get All Module success /api/module/getAll GET ::1
[2023-07-07T19:01:24.330] [INFO] ma-core - get All Basic Module success /api/module/getAllBasic GET ::1
[2023-07-07T19:01:35.470] [INFO] ma-core - get All Basic Module success /api/module/getAllBasic GET ::1
[2023-07-07T19:01:37.256] [INFO] ma-core - get all result form success /api/resultForm/getAllResultForm GET ::1
[2023-07-07T19:01:37.341] [INFO] ma-core - get Monitoring Activities Without Result Form success /api/resultForm/getMonitoringActivitiesWithoutResultForm GET ::1
[2023-07-07T19:06:18.601] [INFO] ma-core - add new shifts success /api/shift/sync PATCH ::1
[2023-07-07T19:06:18.657] [INFO] ma-core - sync shift success /api/shift/sync PATCH ::1
[2023-07-07T19:06:19.123] [INFO] ma-core - Shift Unassigned reminder cron launched
[2023-07-07T19:06:19.131] [INFO] ma-core - Shift Unassigned reminder cron launched
[2023-07-07T19:06:19.139] [INFO] ma-core - Shift Unassigned reminder cron launched
[2023-07-07T19:06:19.146] [INFO] ma-core - Shift Unassigned reminder cron launched
[2023-07-07T19:06:19.155] [INFO] ma-core - Shift Unassigned reminder cron launched
[2023-07-07T19:06:19.161] [INFO] ma-core - cron shift unassigned : startdate before now
[2023-07-07T19:06:19.169] [INFO] ma-core - Shift Unassigned reminder cron launched
[2023-07-07T19:06:19.184] [INFO] ma-core - cron shift unassigned : startdate before now
[2023-07-07T19:06:19.189] [INFO] ma-core - Shift Unassigned reminder cron launched
[2023-07-07T19:06:19.194] [INFO] ma-core - Shift Unassigned reminder cron launched
[2023-07-07T19:06:19.200] [INFO] ma-core - Shift Unassigned reminder cron launched
[2023-07-07T19:06:19.205] [INFO] ma-core - Shift Unassigned reminder cron launched
[2023-07-07T19:06:19.212] [INFO] ma-core - Shift Unassigned reminder cron launched
[2023-07-07T19:06:19.219] [INFO] ma-core - Shift Unassigned reminder cron launched
[2023-07-07T19:06:19.233] [INFO] ma-core - Shift Unassigned reminder cron launched
[2023-07-07T19:06:19.239] [INFO] ma-core - Shift Unassigned reminder cron launched
[2023-07-07T19:06:19.243] [INFO] ma-core - cron shift unassigned : startdate before now
[2023-07-07T19:06:19.251] [INFO] ma-core - Shift Unassigned reminder cron launched
[2023-07-07T19:06:19.257] [INFO] ma-core - Shift Unassigned reminder cron launched
[2023-07-07T19:06:19.266] [INFO] ma-core - Shift Unassigned reminder cron launched
[2023-07-07T19:06:19.272] [INFO] ma-core - Shift Unassigned reminder cron launched
[2023-07-07T19:06:19.277] [INFO] ma-core - Shift Unassigned reminder cron launched
[2023-07-07T19:06:19.282] [INFO] ma-core - Shift Unassigned reminder cron launched
[2023-07-07T19:06:19.287] [INFO] ma-core - Shift Unassigned reminder cron launched
[2023-07-07T19:06:19.296] [INFO] ma-core - Shift Unassigned reminder cron launched
[2023-07-07T19:06:19.301] [INFO] ma-core - Shift Unassigned reminder cron launched
[2023-07-07T19:06:19.307] [INFO] ma-core - Shift Unassigned reminder cron launched
[2023-07-07T19:06:19.312] [INFO] ma-core - Shift Unassigned reminder cron launched
[2023-07-07T19:06:19.316] [INFO] ma-core - Shift Unassigned reminder cron launched
[2023-07-07T19:06:19.319] [INFO] ma-core - Shift Unassigned reminder cron launched
[2023-07-07T19:06:19.326] [INFO] ma-core - Shift Unassigned reminder cron launched
[2023-07-07T19:06:19.332] [INFO] ma-core - Shift Unassigned reminder cron launched
[2023-07-07T19:06:39.682] [INFO] ma-core - get All nomenclature success /api/nomenclature/ GET ::1
[2023-07-07T19:06:39.787] [INFO] ma-core - Get all shifts success /api/shift/ GET ::1
[2023-07-07T19:06:39.933] [INFO] ma-core - Get all shifts success /api/shift/ GET ::1
[2023-07-07T19:06:48.271] [INFO] ma-core - Get all members success /api/shift/members GET ::1
[2023-07-07T19:06:54.688] [INFO] ma-core - Get all members success /api/shift/members GET ::1
[2023-07-07T19:07:08.975] [INFO] ma-core - get All nomenclature success /api/nomenclature/ GET ::1
[2023-07-07T19:07:09.061] [INFO] ma-core - Get all shifts success /api/shift/ GET ::1
[2023-07-07T19:07:15.757] [INFO] ma-core - get All nomenclature success /api/nomenclature/ GET ::1
[2023-07-07T19:07:15.850] [INFO] ma-core - Get all shifts success /api/shift/ GET ::1
[2023-07-07T19:07:17.275] [INFO] ma-core - get All nomenclature success /api/nomenclature/ GET ::1
[2023-07-07T19:07:17.359] [INFO] ma-core - Get all shifts success /api/shift/ GET ::1
[2023-07-07T19:07:18.436] [INFO] ma-core - get All nomenclature success /api/nomenclature/ GET ::1
[2023-07-07T19:07:18.462] [INFO] ma-core - Get all shifts success /api/shift/ GET ::1
[2023-07-07T19:07:19.758] [INFO] ma-core - get All nomenclature success /api/nomenclature/ GET ::1
[2023-07-07T19:07:19.787] [INFO] ma-core - Get all shifts success /api/shift/ GET ::1
[2023-07-07T19:07:20.420] [INFO] ma-core - get All nomenclature success /api/nomenclature/ GET ::1
[2023-07-07T19:07:20.454] [INFO] ma-core - Get all shifts success /api/shift/ GET ::1
[2023-07-07T19:07:20.730] [INFO] ma-core - get All nomenclature success /api/nomenclature/ GET ::1
[2023-07-07T19:07:20.840] [INFO] ma-core - Get all shifts success /api/shift/ GET ::1
[2023-07-07T19:07:21.070] [INFO] ma-core - get All nomenclature success /api/nomenclature/ GET ::1
[2023-07-07T19:07:21.080] [INFO] ma-core - Get all shifts success /api/shift/ GET ::1
[2023-07-07T19:07:21.300] [INFO] ma-core - get All nomenclature success /api/nomenclature/ GET ::1
[2023-07-07T19:07:21.337] [INFO] ma-core - Get all shifts success /api/shift/ GET ::1
[2023-07-07T19:07:21.813] [INFO] ma-core - get All nomenclature success /api/nomenclature/ GET ::1
[2023-07-07T19:07:21.843] [INFO] ma-core - Get all shifts success /api/shift/ GET ::1
[2023-07-07T19:07:22.045] [INFO] ma-core - get All nomenclature success /api/nomenclature/ GET ::1
[2023-07-07T19:07:22.080] [INFO] ma-core - Get all shifts success /api/shift/ GET ::1
[2023-07-07T19:07:22.321] [INFO] ma-core - get All nomenclature success /api/nomenclature/ GET ::1
[2023-07-07T19:07:22.356] [INFO] ma-core - Get all shifts success /api/shift/ GET ::1
[2023-07-07T19:07:23.225] [INFO] ma-core - get All nomenclature success /api/nomenclature/ GET ::1
[2023-07-07T19:07:23.256] [INFO] ma-core - Get all shifts success /api/shift/ GET ::1
[2023-07-07T19:07:23.531] [INFO] ma-core - get All nomenclature success /api/nomenclature/ GET ::1
[2023-07-07T19:07:23.551] [INFO] ma-core - Get all shifts success /api/shift/ GET ::1
[2023-07-07T19:07:23.679] [INFO] ma-core - get All nomenclature success /api/nomenclature/ GET ::1
[2023-07-07T19:07:23.708] [INFO] ma-core - Get all shifts success /api/shift/ GET ::1
[2023-07-07T19:07:24.122] [INFO] ma-core - get All nomenclature success /api/nomenclature/ GET ::1
[2023-07-07T19:07:24.143] [INFO] ma-core - Get all shifts success /api/shift/ GET ::1
[2023-07-07T19:07:24.830] [INFO] ma-core - get All nomenclature success /api/nomenclature/ GET ::1
[2023-07-07T19:07:24.968] [INFO] ma-core - Get all shifts success /api/shift/ GET ::1
[2023-07-07T19:08:12.181] [INFO] ma-core - get All Role success /api/role/ GET ::1
[2023-07-07T19:08:25.798] [INFO] ma-core - update user : add new role success :  /api/user/update/:id PATCH
[2023-07-07T19:08:25.817] [INFO] ma-core - update user : update old shift endDate success /api/user/update/:id PATCH
[2023-07-07T19:08:34.134] [INFO] ma-core - get all posts success /api/newsFeed/getAllPosts GET ::1
[2023-07-07T19:08:37.397] [INFO] ma-core - get all Customer success /api/customer/ GET ::1
[2023-07-07T19:08:37.532] [INFO] ma-core - get all Customer success /api/customer/ GET ::1
[2023-07-07T19:09:50.729] [INFO] ma-core - get all Customer success /api/customer/ GET ::1
[2023-07-07T19:09:50.830] [INFO] ma-core - get all Customer success /api/customer/ GET ::1
[2023-07-07T19:10:28.529] [INFO] ma-core - get All Role success /api/role/ GET ::1
[2023-07-07T19:10:38.000] [INFO] ma-core - update user : add new role success :  /api/user/update/:id PATCH
[2023-07-07T19:10:38.026] [INFO] ma-core - update user : update old shift endDate success /api/user/update/:id PATCH
[2023-07-07T19:10:46.191] [INFO] ma-core - get all posts success /api/newsFeed/getAllPosts GET ::1
[2023-07-07T19:13:19.262] [INFO] ma-core - Get all shifts success /api/shift/getAllMembersByShifts GET ::1
[2023-07-07T19:14:34.705] [INFO] ma-core - Get all shifts success /api/shift/getAllMembersByShifts GET ::1
[2023-07-07T19:15:21.041] [INFO] ma-core - get all posts success /api/newsFeed/getAllPosts GET ::1
[2023-07-07T19:15:21.250] [INFO] ma-core - get all posts success /api/newsFeed/getAllPosts GET ::1
[2023-07-07T19:15:28.619] [INFO] ma-core - get All Role success /api/role/ GET ::1
[2023-07-07T19:16:51.531] [INFO] ma-core - update user : add new role success :  /api/user/update/:id PATCH
[2023-07-07T19:16:51.565] [INFO] ma-core - update user : update old shift endDate success /api/user/update/:id PATCH
[2023-07-07T19:16:59.903] [INFO] ma-core - get all posts success /api/newsFeed/getAllPosts GET ::1
[2023-07-07T19:17:00.413] [INFO] ma-core - get all posts success /api/newsFeed/getAllPosts GET ::1
[2023-07-07T19:17:15.808] [INFO] ma-core - get All Role success /api/role/ GET ::1
[2023-07-07T19:17:34.957] [INFO] ma-core - update user : add new role success :  /api/user/update/:id PATCH
[2023-07-07T19:17:34.973] [INFO] ma-core - update user : update old shift endDate success /api/user/update/:id PATCH
[2023-07-07T19:18:01.620] [INFO] ma-core - get all posts success /api/newsFeed/getAllPosts GET ::1
[2023-07-07T19:19:34.168] [INFO] ma-core - get all result form success /api/resultForm/getAllResultForm GET ::1
[2023-07-07T19:19:34.205] [INFO] ma-core - get Monitoring Activities Without Result Form success /api/resultForm/getMonitoringActivitiesWithoutResultForm GET ::1
[2023-07-07T19:19:37.883] [INFO] ma-core - get by id Result Form /api/resultForm/getResultFormById/:id GET ::1
[2023-07-07T19:25:02.530] [INFO] ma-core - get all posts success /api/newsFeed/getAllPosts GET ::1
[2023-07-07T19:26:42.487] [INFO] ma-core - get all result form success /api/resultForm/getAllResultForm GET ::1
[2023-07-07T19:26:42.528] [INFO] ma-core - get Monitoring Activities Without Result Form success /api/resultForm/getMonitoringActivitiesWithoutResultForm GET ::1
[2023-07-07T19:26:53.885] [INFO] ma-core - get by id Result Form /api/resultForm/getResultFormById/:id GET ::1
[2023-07-07T19:28:06.442] [INFO] ma-core - add result form success /api/resultForm/addFormSchema POST ::1
[2023-07-07T19:28:06.819] [INFO] ma-core - get Monitoring Activities Without Result Form success /api/resultForm/getMonitoringActivitiesWithoutResultForm GET ::1
[2023-07-07T19:28:06.889] [INFO] ma-core - get all result form success /api/resultForm/getAllResultForm GET ::1
[2023-07-07T19:28:14.129] [INFO] ma-core - get all result form success /api/resultForm/getAllResultForm GET ::1
[2023-07-07T19:28:14.151] [INFO] ma-core - get Monitoring Activities Without Result Form success /api/resultForm/getMonitoringActivitiesWithoutResultForm GET ::1
[2023-07-07T19:28:14.229] [INFO] ma-core - get all result form success /api/resultForm/getAllResultForm GET ::1
[2023-07-07T19:28:14.261] [INFO] ma-core - get Monitoring Activities Without Result Form success /api/resultForm/getMonitoringActivitiesWithoutResultForm GET ::1
[2023-07-07T19:28:14.583] [INFO] ma-core - get all result form success /api/resultForm/getAllResultForm GET ::1
[2023-07-07T19:28:14.617] [INFO] ma-core - get Monitoring Activities Without Result Form success /api/resultForm/getMonitoringActivitiesWithoutResultForm GET ::1
[2023-07-07T19:28:18.728] [INFO] ma-core - get by id Result Form /api/resultForm/getResultFormById/:id GET ::1
[2023-07-07T19:28:26.621] [INFO] ma-core - get All Module success /api/module/getAll GET ::1
[2023-07-07T19:28:54.120] [INFO] ma-core - get All Role success /api/role/ GET ::1
[2023-07-07T19:29:01.467] [INFO] ma-core - update user : add new role success :  /api/user/update/:id PATCH
[2023-07-07T19:29:01.516] [INFO] ma-core - update user : update old shift endDate success /api/user/update/:id PATCH
[2023-07-07T19:29:21.256] [INFO] ma-core - get all Customer success /api/customer/ GET ::1
[2023-07-07T19:29:24.883] [INFO] ma-core - get Customer success toBase64 error /api/customer/:id/ GET ::1
[2023-07-07T19:31:03.946] [INFO] ma-core - get all Customer success /api/customer/ GET ::1
[2023-07-07T19:31:51.733] [INFO] ma-core - add customer success /api/customer/ POST ::1
[2023-07-07T19:31:51.775] [INFO] ma-core - get all Customer success /api/customer/ GET ::1
[2023-07-07T19:31:54.590] [INFO] ma-core - get all Customer success /api/customer/ GET ::1
[2023-07-07T19:31:56.753] [INFO] ma-core - get all Customer success /api/customer/ GET ::1
[2023-07-07T19:31:59.931] [INFO] ma-core - get Customer success toBase64 error /api/customer/:id/ GET ::1
[2023-07-07T19:32:26.912] [INFO] ma-core - add SlaContract success /api/slaContract/ POST ::1
[2023-07-07T19:32:37.519] [INFO] ma-core - add SlaContract success /api/slaContract/ POST ::1
[2023-07-07T19:32:49.723] [INFO] ma-core - add SlaContract success /api/slaContract/ POST ::1
[2023-07-07T19:33:56.636] [INFO] ma-core - get Customer success toBase64 error /api/customer/:id/ GET ::1
[2023-07-07T19:35:13.818] [INFO] ma-core - get slaContract By Id success /api/slaContract/getone/:id/ GET ::1
[2023-07-07T19:35:36.890] [INFO] ma-core - get all Customer success /api/customer/ GET ::1
[2023-07-07T19:35:37.028] [INFO] ma-core - get all Customer success /api/customer/ GET ::1
[2023-07-07T19:36:27.406] [INFO] ma-core - get All Role success /api/role/ GET ::1
[2023-07-07T19:37:04.219] [INFO] ma-core - get All Role success /api/role/ GET ::1
[2023-07-07T19:48:32.790] [INFO] ma-core - get All nomenclature success /api/nomenclature/ GET ::1
[2023-07-07T19:48:32.899] [INFO] ma-core - Get all shifts success /api/shift/ GET ::1
[2023-07-07T19:48:33.026] [INFO] ma-core - Get all shifts success /api/shift/ GET ::1
[2023-07-07T19:48:48.073] [INFO] ma-core - Get all members success /api/shift/members GET ::1
[2023-07-07T19:48:54.564] [INFO] ma-core - Get all members success /api/shift/members GET ::1
[2023-07-07T19:48:59.015] [INFO] ma-core - Get all members success /api/shift/members GET ::1
[2023-07-07T19:49:47.381] [INFO] ma-core - Get all members success /api/shift/members GET ::1
[2023-07-07T19:50:11.235] [INFO] ma-core - Get all members success /api/shift/members GET ::1
[2023-07-07T19:50:13.499] [INFO] ma-core - Get all members success /api/shift/members GET ::1
[2023-07-07T19:50:19.753] [INFO] ma-core - Get all members success /api/shift/members GET ::1
[2023-07-07T19:50:44.732] [INFO] ma-core - get All nomenclature success /api/nomenclature/ GET ::1
[2023-07-07T19:50:44.875] [INFO] ma-core - Get all shifts success /api/shift/ GET ::1
[2023-07-07T19:50:45.028] [INFO] ma-core - Get all shifts success /api/shift/ GET ::1
[2023-07-07T19:50:49.715] [INFO] ma-core - Get all members success /api/shift/members GET ::1
[2023-07-07T19:50:53.904] [INFO] ma-core - Get all members success /api/shift/members GET ::1
[2023-07-07T19:51:16.898] [INFO] ma-core - get All nomenclature success /api/nomenclature/ GET ::1
[2023-07-07T19:51:17.052] [INFO] ma-core - Get all shifts success /api/shift/ GET ::1
[2023-07-07T19:51:17.213] [INFO] ma-core - Get all shifts success /api/shift/ GET ::1
[2023-07-07T19:51:19.588] [INFO] ma-core - Get all members success /api/shift/members GET ::1
[2023-07-07T19:57:42.651] [INFO] ma-core - Get all members success /api/shift/members GET ::1
[2023-07-07T19:57:45.265] [INFO] ma-core - Get all members success /api/shift/members GET ::1
[2023-07-07T19:57:47.938] [INFO] ma-core - Get all members success /api/shift/members GET ::1
[2023-07-07T19:57:51.378] [INFO] ma-core - Get all members success /api/shift/members GET ::1
[2023-07-07T20:00:51.823] [INFO] ma-core - get All nomenclature success /api/nomenclature/ GET ::1
[2023-07-07T20:00:51.946] [INFO] ma-core - Get all shifts success /api/shift/ GET ::1
[2023-07-07T20:00:52.147] [INFO] ma-core - Get all shifts success /api/shift/ GET ::1
[2023-07-07T20:00:55.376] [INFO] ma-core - Get all members success /api/shift/members GET ::1
[2023-07-07T20:01:00.017] [INFO] ma-core - Get all members success /api/shift/members GET ::1
[2023-07-07T20:10:00.766] [INFO] ma-core - get all Customer success /api/customer/ GET ::1
[2023-07-07T20:10:00.821] [INFO] ma-core - get all Customer success /api/customer/ GET ::1
[2023-07-07T20:10:00.890] [INFO] ma-core - get all Customer success /api/customer/ GET ::1
[2023-07-07T20:10:04.577] [INFO] ma-core - get All nomenclature success /api/nomenclature/ GET ::1
[2023-07-07T20:10:04.784] [INFO] ma-core - Get all shifts success /api/shift/ GET ::1
[2023-07-07T20:10:04.944] [INFO] ma-core - Get all shifts success /api/shift/ GET ::1
[2023-07-07T20:10:11.747] [INFO] ma-core - get all Customer success /api/customer/ GET ::1
[2023-07-07T20:10:26.057] [INFO] ma-core - get all Customer success /api/customer/ GET ::1
[2023-07-07T20:10:26.199] [INFO] ma-core - get all Customer success /api/customer/ GET ::1
[2023-07-07T20:11:01.715] [INFO] ma-core - Get all shifts success /api/shift/getAllMembersByShifts GET ::1
[2023-07-07T20:11:09.869] [INFO] ma-core - get all result form success /api/resultForm/getAllResultForm GET ::1
[2023-07-07T20:11:09.897] [INFO] ma-core - get Monitoring Activities Without Result Form success /api/resultForm/getMonitoringActivitiesWithoutResultForm GET ::1
