[2023-12-15T22:27:45.068] [INFO] ma-core - database URI mongodb://localhost:27017/core
[2023-12-15T22:27:46.568] [INFO] ma-core - server started at port 5000
[2023-12-15T22:27:46.606] [INFO] ma-core - mongodb conected
[2023-12-15T22:28:53.342] [INFO] ma-core - get all posts success /api/newsFeed/getAllPosts GET ::1
[2023-12-15T22:28:58.060] [INFO] ma-core - get all posts success /api/newsFeed/getAllPosts GET ::1
[2023-12-15T22:28:58.205] [INFO] ma-core - get all posts success /api/newsFeed/getAllPosts GET ::1
[2023-12-15T22:29:05.987] [INFO] ma-core - get All nomenclature success /api/nomenclature/ GET ::1
[2023-12-15T22:29:06.324] [INFO] ma-core - Get all shifts success /api/shift/ GET ::1
[2023-12-15T22:29:06.484] [INFO] ma-core - Get all shifts success /api/shift/ GET ::1
[2023-12-15T22:29:09.718] [INFO] ma-core - Get all shifts success /api/shift/getAllMembersByShifts GET ::1
[2023-12-15T22:43:05.179] [INFO] ma-core - get All nomenclature success /api/nomenclature/ GET ::1
[2023-12-15T22:43:05.424] [INFO] ma-core - Get all shifts success /api/shift/ GET ::1
[2023-12-15T22:43:05.649] [INFO] ma-core - Get all shifts success /api/shift/ GET ::1
[2023-12-15T22:43:16.407] [INFO] ma-core - Get all shifts success /api/shift/getAllMembersByShifts GET ::1
[2023-12-15T22:43:53.635] [INFO] ma-core - get All nomenclature success /api/nomenclature/ GET ::1
[2023-12-15T22:43:53.811] [INFO] ma-core - Get all shifts success /api/shift/ GET ::1
[2023-12-15T22:43:54.022] [INFO] ma-core - Get all shifts success /api/shift/ GET ::1
[2023-12-15T22:43:55.924] [INFO] ma-core - Get all shifts success /api/shift/getAllMembersByShifts GET ::1
[2023-12-15T22:44:45.805] [INFO] ma-core - get All nomenclature success /api/nomenclature/ GET ::1
[2023-12-15T22:44:46.007] [INFO] ma-core - Get all shifts success /api/shift/ GET ::1
[2023-12-15T22:44:46.160] [INFO] ma-core - Get all shifts success /api/shift/ GET ::1
[2023-12-15T22:44:49.856] [INFO] ma-core - Get all shifts success /api/shift/getAllMembersByShifts GET ::1
[2023-12-15T22:45:22.555] [INFO] ma-core - get All nomenclature success /api/nomenclature/ GET ::1
[2023-12-15T22:45:22.712] [INFO] ma-core - Get all shifts success /api/shift/ GET ::1
[2023-12-15T22:45:22.901] [INFO] ma-core - Get all shifts success /api/shift/ GET ::1
[2023-12-15T22:45:24.765] [INFO] ma-core - Get all shifts success /api/shift/getAllMembersByShifts GET ::1
[2023-12-15T22:48:08.171] [INFO] ma-core - Get all shifts success /api/shift/getAllMembersByShifts GET ::1
[2023-12-15T22:48:12.346] [INFO] ma-core - get all posts success /api/newsFeed/getAllPosts GET ::1
[2023-12-15T22:48:26.615] [INFO] ma-core - get all Customer success /api/customer/ GET ::1
[2023-12-15T22:48:26.663] [INFO] ma-core - get all Customer success /api/customer/ GET ::1
[2023-12-15T22:48:56.077] [INFO] ma-core - get All Task By filter success /api/task/getTasksByFilter GET ::1
[2023-12-15T22:49:51.504] [INFO] ma-core - get all posts success /api/newsFeed/getAllPosts GET ::1
[2023-12-15T22:51:06.082] [INFO] ma-core - get all Customer success /api/customer/ GET ::1
[2023-12-15T22:51:11.353] [INFO] ma-core - get Customer success toBase64 error /api/customer/:id/ GET ::1
[2023-12-15T22:51:21.552] [INFO] ma-core - get all Customer success /api/customer/ GET ::1
[2023-12-15T22:51:22.921] [INFO] ma-core - get Customer success toBase64 error /api/customer/:id/ GET ::1
[2023-12-15T22:53:22.652] [INFO] ma-core - get all Customer success /api/customer/ GET ::1
[2023-12-15T22:53:22.832] [INFO] ma-core - get all Customer success /api/customer/ GET ::1
[2023-12-15T22:53:26.759] [INFO] ma-core - Get all shifts success /api/shift/getAllMembersByShifts GET ::1
[2023-12-15T22:53:38.290] [INFO] ma-core - get All nomenclature success /api/nomenclature/ GET ::1
[2023-12-15T22:53:38.561] [INFO] ma-core - Get all shifts success /api/shift/ GET ::1
[2023-12-15T22:53:38.712] [INFO] ma-core - Get all shifts success /api/shift/ GET ::1
[2023-12-15T22:53:50.053] [INFO] ma-core - Get all shifts success /api/shift/getAllMembersByShifts GET ::1
[2023-12-15T22:54:05.451] [INFO] ma-core - get all Customer success /api/customer/ GET ::1
[2023-12-15T22:54:05.589] [INFO] ma-core - get all Customer success /api/customer/ GET ::1
[2023-12-15T22:54:50.320] [INFO] ma-core - get All Task By filter success /api/task/getTasksByFilter GET ::1
[2023-12-15T22:56:02.368] [INFO] ma-core - add Many Task success /api/task/addMany POST ::1
[2023-12-15T22:56:02.372] [INFO] ma-core - Auto start Task cron launched
[2023-12-15T22:56:02.376] [INFO] ma-core - Auto start Task cron launched
[2023-12-15T22:56:02.378] [INFO] ma-core - Auto start Task cron launched
[2023-12-15T22:56:02.381] [INFO] ma-core - Auto start Task cron launched
[2023-12-15T22:56:02.707] [INFO] ma-core - get All Task By filter success /api/task/getTasksByFilter GET ::1
[2023-12-15T22:56:03.287] [INFO] ma-core - get All Task success /api/task/getFiltredTasks GET ::1
[2023-12-15T22:56:12.360] [INFO] ma-core - get all Customer success /api/customer/ GET ::1
[2023-12-15T22:56:23.736] [INFO] ma-core - get all Customer success /api/customer/ GET ::1
[2023-12-15T22:57:19.553] [INFO] ma-core - get all posts success /api/newsFeed/getAllPosts GET ::1
[2023-12-15T22:57:19.738] [INFO] ma-core - get all posts success /api/newsFeed/getAllPosts GET ::1
[2023-12-15T22:57:35.669] [INFO] ma-core - get all Customer success /api/customer/ GET ::1
[2023-12-15T22:57:35.688] [INFO] ma-core - get All Task By ID success /api/task/getTasksByUserId GET ::1
[2023-12-15T22:57:35.790] [INFO] ma-core - get all Customer success /api/customer/ GET ::1
[2023-12-15T22:57:35.820] [INFO] ma-core - get All Task By ID success /api/task/getTasksByUserId GET ::1
[2023-12-15T22:57:50.281] [INFO] ma-core - get Created Tasks success /api/task/getworkflowTasks GET ::1
[2023-12-15T22:58:07.597] [INFO] ma-core - get all Customer success /api/customer/ GET ::1
[2023-12-15T22:58:07.616] [INFO] ma-core - get All Task By ID success /api/task/getTasksByUserId GET ::1
[2023-12-15T22:58:07.702] [INFO] ma-core - get all Customer success /api/customer/ GET ::1
[2023-12-15T22:58:18.005] [INFO] ma-core - get Created Tasks success /api/task/getworkflowTasks GET ::1
[2023-12-15T22:58:22.815] [INFO] ma-core - get all Customer success /api/customer/ GET ::1
[2023-12-15T22:58:22.829] [INFO] ma-core - get All Task By ID success /api/task/getTasksByUserId GET ::1
[2023-12-15T22:58:22.931] [INFO] ma-core - get all Customer success /api/customer/ GET ::1
[2023-12-15T22:58:47.168] [INFO] ma-core - get all Customer success /api/customer/ GET ::1
[2023-12-15T22:58:47.198] [INFO] ma-core - get All Task By ID success /api/task/getTasksByUserId GET ::1
[2023-12-15T22:58:47.288] [INFO] ma-core - get all Customer success /api/customer/ GET ::1
[2023-12-15T22:58:47.298] [INFO] ma-core - get All Task By ID success /api/task/getTasksByUserId GET ::1
[2023-12-15T22:59:00.022] [INFO] ma-core - Auto start Task success
[2023-12-15T22:59:00.023] [INFO] ma-core - Task state change sent with socket!
[2023-12-15T22:59:00.065] [INFO] ma-core - Auto start Task success
[2023-12-15T22:59:00.066] [INFO] ma-core - Task state change sent with socket!
[2023-12-15T22:59:00.071] [INFO] ma-core - Auto start Task success
[2023-12-15T22:59:00.072] [INFO] ma-core - Task state change sent with socket!
[2023-12-15T22:59:00.092] [INFO] ma-core - Auto cancel/Done Task cron launched
[2023-12-15T22:59:00.161] [INFO] ma-core - Auto cancel/Done Task cron launched
[2023-12-15T22:59:00.167] [INFO] ma-core - Auto cancel/Done Task cron launched
[2023-12-15T22:59:09.397] [INFO] ma-core - get all Customer success /api/customer/ GET ::1
[2023-12-15T22:59:09.406] [INFO] ma-core - get All Task By ID success /api/task/getTasksByUserId GET ::1
[2023-12-15T22:59:09.481] [INFO] ma-core - get all Customer success /api/customer/ GET ::1
[2023-12-15T22:59:09.505] [INFO] ma-core - get All Task By ID success /api/task/getTasksByUserId GET ::1
[2023-12-15T22:59:17.349] [INFO] ma-core - get Created Tasks success /api/task/getworkflowTasks GET ::1
[2023-12-15T22:59:59.707] [INFO] ma-core - Insert result success /api/result/ POST ::1
[2023-12-15T22:59:59.735] [INFO] ma-core - Auto cancel/Done Task cron launched
[2023-12-15T23:01:04.606] [INFO] ma-core - Insert result success /api/result/ POST ::1
[2023-12-15T23:01:04.622] [INFO] ma-core - Auto cancel/Done Task cron launched
[2023-12-15T23:01:29.760] [INFO] ma-core - Insert result success /api/result/ POST ::1
[2023-12-15T23:01:29.790] [INFO] ma-core - Auto cancel/Done Task cron launched
[2023-12-15T23:01:45.159] [INFO] ma-core - Insert result success /api/result/ POST ::1
[2023-12-15T23:01:45.176] [INFO] ma-core - Auto cancel/Done Task cron launched
[2023-12-15T23:02:11.519] [INFO] ma-core - get all Customer success /api/customer/ GET ::1
[2023-12-15T23:02:11.527] [INFO] ma-core - get All Task By ID success /api/task/getTasksByUserId GET ::1
[2023-12-15T23:02:11.582] [INFO] ma-core - get all Customer success /api/customer/ GET ::1
[2023-12-15T23:02:11.607] [INFO] ma-core - get All Task By ID success /api/task/getTasksByUserId GET ::1
[2023-12-15T23:02:18.099] [INFO] ma-core - get Created Tasks success /api/task/getworkflowTasks GET ::1
[2023-12-15T23:02:19.766] [INFO] ma-core - get one result success /api/result/:id GET ::1
[2023-12-15T23:02:33.952] [INFO] ma-core - Closed the Task /api/task/closeTask/:id PUT ::1
[2023-12-15T23:02:35.697] [INFO] ma-core - Closed the Task /api/task/closeTask/:id PUT ::1
[2023-12-15T23:02:39.429] [INFO] ma-core - get all Customer success /api/customer/ GET ::1
[2023-12-15T23:02:39.445] [INFO] ma-core - get All Task By ID success /api/task/getTasksByUserId GET ::1
[2023-12-15T23:02:39.536] [INFO] ma-core - get all Customer success /api/customer/ GET ::1
[2023-12-15T23:03:15.345] [INFO] ma-core - get all Customer success /api/customer/ GET ::1
[2023-12-15T23:03:15.374] [INFO] ma-core - get All Task success /api/task/getFiltredTasks GET ::1
[2023-12-15T23:03:15.511] [INFO] ma-core - get all Customer success /api/customer/ GET ::1
[2023-12-15T23:03:15.518] [INFO] ma-core - get All Task success /api/task/getFiltredTasks GET ::1
[2023-12-15T23:03:15.611] [INFO] ma-core - get all Customer success /api/customer/ GET ::1
[2023-12-15T23:03:15.642] [INFO] ma-core - get All Task success /api/task/getFiltredTasks GET ::1
[2023-12-15T23:03:15.703] [INFO] ma-core - get all Customer success /api/customer/ GET ::1
[2023-12-15T23:03:15.734] [INFO] ma-core - get All Task success /api/task/getFiltredTasks GET ::1
[2023-12-15T23:03:15.783] [INFO] ma-core - get All Task success /api/task/getFiltredTasks GET ::1
[2023-12-15T23:03:27.843] [INFO] ma-core - get all result form success /api/resultForm/getAllResultForm GET ::1
[2023-12-15T23:03:27.859] [INFO] ma-core - get Monitoring Activities Without Result Form success /api/resultForm/getMonitoringActivitiesWithoutResultForm GET ::1
[2023-12-15T23:03:42.567] [INFO] ma-core - get by id Result Form /api/resultForm/getResultFormById/:id GET ::1
[2023-12-15T23:05:24.186] [INFO] ma-core - update Result Form success /api/resultForm/updateResultForm/:id PATCH ::1
[2023-12-15T23:05:24.354] [INFO] ma-core - get all result form success /api/resultForm/getAllResultForm GET ::1
[2023-12-15T23:05:24.375] [INFO] ma-core - get Monitoring Activities Without Result Form success /api/resultForm/getMonitoringActivitiesWithoutResultForm GET ::1
[2023-12-15T23:05:26.545] [INFO] ma-core - get by id Result Form /api/resultForm/getResultFormById/:id GET ::1
[2023-12-15T23:06:37.295] [INFO] ma-core - get All Role success /api/role/ GET ::1
[2023-12-15T23:06:53.311] [INFO] ma-core - get All Module success /api/module/getAll GET ::1
[2023-12-15T23:06:59.270] [INFO] ma-core - get All Role success /api/role/ GET ::1
[2023-12-15T23:07:04.252] [INFO] ma-core - get All Module success /api/module/getAll GET ::1
[2023-12-15T23:07:04.355] [INFO] ma-core - get by id Role success /api/role/:id/ GET ::1
[2023-12-15T23:07:25.408] [INFO] ma-core - get all result form success /api/resultForm/getAllResultForm GET ::1
[2023-12-15T23:07:25.424] [INFO] ma-core - get Monitoring Activities Without Result Form success /api/resultForm/getMonitoringActivitiesWithoutResultForm GET ::1
