[2023-10-30T07:49:41.216] [INFO] ma-core - Running Sync Shift 2PM UTC
[2023-10-30T07:49:54.124] [INFO] ma-core - add new shifts success /api/shift/sync PATCH ::ffff:127.0.0.1
[2023-10-30T07:49:54.154] [INFO] ma-core - sync shift success /api/shift/sync PATCH ::ffff:127.0.0.1
[2023-10-30T07:49:54.612] [INFO] ma-core - {"message":"Shift sync success"}
[2023-10-30T07:49:55.002] [INFO] ma-core - Shift Unassigned reminder cron launched
[2023-10-30T07:49:55.006] [INFO] ma-core - Shift Unassigned reminder cron launched
[2023-10-30T07:49:55.007] [INFO] ma-core - Shift Unassigned reminder cron launched
[2023-10-30T07:49:55.011] [INFO] ma-core - Shift Unassigned reminder cron launched
[2023-10-30T07:49:55.014] [INFO] ma-core - Shift Unassigned reminder cron launched
[2023-10-30T07:49:55.015] [INFO] ma-core - Shift Unassigned reminder cron launched
[2023-10-30T07:49:55.038] [INFO] ma-core - Shift Unassigned reminder cron launched
[2023-10-30T07:49:55.040] [INFO] ma-core - Shift Unassigned reminder cron launched
[2023-10-30T07:49:55.042] [INFO] ma-core - Shift Unassigned reminder cron launched
[2023-10-30T07:49:55.044] [INFO] ma-core - Shift Unassigned reminder cron launched
[2023-10-30T07:49:55.046] [INFO] ma-core - Shift Unassigned reminder cron launched
[2023-10-30T07:49:55.047] [INFO] ma-core - Shift Unassigned reminder cron launched
[2023-10-30T07:49:55.051] [INFO] ma-core - Shift Unassigned reminder cron launched
[2023-10-30T07:49:55.053] [INFO] ma-core - Shift Unassigned reminder cron launched
[2023-10-30T07:49:55.057] [INFO] ma-core - cron shift unassigned : startdate before now
[2023-10-30T07:49:55.065] [INFO] ma-core - Shift Unassigned reminder cron launched
[2023-10-30T07:49:55.071] [INFO] ma-core - Shift Unassigned reminder cron launched
[2023-10-30T07:49:55.077] [INFO] ma-core - Shift Unassigned reminder cron launched
[2023-10-30T07:49:55.082] [INFO] ma-core - Shift Unassigned reminder cron launched
[2023-10-30T07:49:55.098] [INFO] ma-core - Shift Unassigned reminder cron launched
[2023-10-30T07:49:55.104] [INFO] ma-core - Shift Unassigned reminder cron launched
[2023-10-30T07:49:55.110] [INFO] ma-core - Shift Unassigned reminder cron launched
[2023-10-30T07:49:55.118] [INFO] ma-core - Shift Unassigned reminder cron launched
[2023-10-30T07:49:55.125] [INFO] ma-core - Shift Unassigned reminder cron launched
[2023-10-30T07:49:55.135] [INFO] ma-core - Shift Unassigned reminder cron launched
[2023-10-30T07:49:55.140] [INFO] ma-core - cron shift unassigned : startdate before now
[2023-10-30T07:49:55.147] [INFO] ma-core - Shift Unassigned reminder cron launched
[2023-10-30T07:49:55.153] [INFO] ma-core - Shift Unassigned reminder cron launched
[2023-10-30T07:49:55.156] [INFO] ma-core - Shift Unassigned reminder cron launched
[2023-10-30T07:49:55.159] [INFO] ma-core - cron shift unassigned : startdate before now
[2023-10-30T07:49:55.163] [INFO] ma-core - Shift Unassigned reminder cron launched
[2023-10-30T07:49:55.169] [INFO] ma-core - Shift Unassigned reminder cron launched
[2023-10-30T07:49:55.178] [INFO] ma-core - Shift Unassigned reminder cron launched
[2023-10-30T07:49:55.185] [INFO] ma-core - cron shift unassigned : startdate before now
[2023-10-30T07:49:55.188] [INFO] ma-core - Shift Unassigned reminder cron launched
[2023-10-30T07:49:55.191] [INFO] ma-core - Shift Unassigned reminder cron launched
[2023-10-30T07:49:55.196] [INFO] ma-core - Shift Unassigned reminder cron launched
[2023-10-30T07:49:55.201] [INFO] ma-core - Shift Unassigned reminder cron launched
[2023-10-30T07:49:55.205] [INFO] ma-core - Shift Unassigned reminder cron launched
[2023-10-30T07:49:55.208] [INFO] ma-core - Shift Unassigned reminder cron launched
[2023-10-30T07:49:55.212] [INFO] ma-core - Shift Unassigned reminder cron launched
[2023-10-30T07:49:55.216] [INFO] ma-core - Shift Unassigned reminder cron launched
[2023-10-30T07:49:55.222] [INFO] ma-core - Shift Unassigned reminder cron launched
[2023-10-30T07:49:55.228] [INFO] ma-core - Shift Unassigned reminder cron launched
[2023-10-30T07:49:55.233] [INFO] ma-core - Shift Unassigned reminder cron launched
[2023-10-30T07:49:55.237] [INFO] ma-core - Shift Unassigned reminder cron launched
[2023-10-30T07:49:55.242] [INFO] ma-core - Shift Unassigned reminder cron launched
[2023-10-30T07:49:55.245] [INFO] ma-core - Shift Unassigned reminder cron launched
[2023-10-30T07:49:55.250] [INFO] ma-core - Shift Unassigned reminder cron launched
[2023-10-30T07:49:55.253] [INFO] ma-core - Shift Unassigned reminder cron launched
[2023-10-30T07:49:55.254] [INFO] ma-core - Shift Unassigned reminder cron launched
[2023-10-30T07:49:55.258] [INFO] ma-core - Shift Unassigned reminder cron launched
[2023-10-30T07:49:55.269] [INFO] ma-core - Shift Unassigned reminder cron launched
[2023-10-30T07:49:55.271] [INFO] ma-core - Shift Unassigned reminder cron launched
[2023-10-30T07:49:55.275] [INFO] ma-core - Shift Unassigned reminder cron launched
[2023-10-30T07:49:55.282] [INFO] ma-core - Shift Unassigned reminder cron launched
[2023-10-30T07:49:55.286] [INFO] ma-core - cron shift unassigned : startdate before now
[2023-10-30T07:49:55.289] [INFO] ma-core - cron shift unassigned : startdate before now
[2023-10-30T07:49:55.296] [INFO] ma-core - Shift Unassigned reminder cron launched
[2023-10-30T07:49:55.301] [INFO] ma-core - Shift Unassigned reminder cron launched
[2023-10-30T07:49:55.305] [INFO] ma-core - Shift Unassigned reminder cron launched
[2023-10-30T07:49:55.308] [INFO] ma-core - Shift Unassigned reminder cron launched
[2023-10-30T07:49:55.312] [INFO] ma-core - Shift Unassigned reminder cron launched
[2023-10-30T07:49:55.317] [INFO] ma-core - Shift Unassigned reminder cron launched
[2023-10-30T07:49:55.322] [INFO] ma-core - Shift Unassigned reminder cron launched
[2023-10-30T07:49:55.325] [INFO] ma-core - Shift Unassigned reminder cron launched
[2023-10-30T07:49:55.328] [INFO] ma-core - Shift Unassigned reminder cron launched
[2023-10-30T07:49:55.330] [INFO] ma-core - Shift Unassigned reminder cron launched
[2023-10-30T07:49:55.333] [INFO] ma-core - Shift Unassigned reminder cron launched
[2023-10-30T07:49:55.336] [INFO] ma-core - Shift Unassigned reminder cron launched
[2023-10-30T07:49:55.341] [INFO] ma-core - Shift Unassigned reminder cron launched
[2023-10-30T07:49:55.344] [INFO] ma-core - Shift Unassigned reminder cron launched
[2023-10-30T07:49:55.358] [INFO] ma-core - Shift Unassigned reminder cron launched
[2023-10-30T07:49:55.364] [INFO] ma-core - Shift Unassigned reminder cron launched
[2023-10-30T07:49:55.370] [INFO] ma-core - Shift Unassigned reminder cron launched
[2023-10-30T07:49:55.377] [INFO] ma-core - Shift Unassigned reminder cron launched
[2023-10-30T07:49:55.383] [INFO] ma-core - Shift Unassigned reminder cron launched
[2023-10-30T07:49:55.388] [INFO] ma-core - Shift Unassigned reminder cron launched
[2023-10-30T07:49:55.398] [INFO] ma-core - Shift Unassigned reminder cron launched
[2023-10-30T07:49:55.404] [INFO] ma-core - Shift Unassigned reminder cron launched
[2023-10-30T07:49:55.409] [INFO] ma-core - Shift Unassigned reminder cron launched
[2023-10-30T07:49:55.415] [INFO] ma-core - Shift Unassigned reminder cron launched
[2023-10-30T07:49:55.425] [INFO] ma-core - Shift Unassigned reminder cron launched
[2023-10-30T07:49:55.433] [INFO] ma-core - Shift Unassigned reminder cron launched
[2023-10-30T07:49:55.440] [INFO] ma-core - Shift Unassigned reminder cron launched
[2023-10-30T07:49:55.448] [INFO] ma-core - Shift Unassigned reminder cron launched
[2023-10-30T07:49:55.456] [INFO] ma-core - Shift Unassigned reminder cron launched
[2023-10-30T07:49:55.460] [INFO] ma-core - Shift Unassigned reminder cron launched
[2023-10-30T07:49:55.464] [INFO] ma-core - Shift Unassigned reminder cron launched
[2023-10-30T07:49:55.472] [INFO] ma-core - Shift Unassigned reminder cron launched
[2023-10-30T07:49:55.477] [INFO] ma-core - Shift Unassigned reminder cron launched
[2023-10-30T07:49:55.482] [INFO] ma-core - Shift Unassigned reminder cron launched
[2023-10-30T07:49:55.488] [INFO] ma-core - Shift Unassigned reminder cron launched
[2023-10-30T07:49:55.496] [INFO] ma-core - Shift Unassigned reminder cron launched
[2023-10-30T07:49:55.503] [INFO] ma-core - Shift Unassigned reminder cron launched
[2023-10-30T07:49:55.505] [INFO] ma-core - Shift Unassigned reminder cron launched
[2023-10-30T07:49:55.508] [INFO] ma-core - Shift Unassigned reminder cron launched
[2023-10-30T07:49:55.514] [INFO] ma-core - Shift Unassigned reminder cron launched
[2023-10-30T07:49:55.517] [INFO] ma-core - Shift Unassigned reminder cron launched
[2023-10-30T07:49:55.521] [INFO] ma-core - Shift Unassigned reminder cron launched
[2023-10-30T07:49:55.526] [INFO] ma-core - Shift Unassigned reminder cron launched
[2023-10-30T07:49:55.532] [INFO] ma-core - Shift Unassigned reminder cron launched
[2023-10-30T07:49:55.538] [INFO] ma-core - Shift Unassigned reminder cron launched
[2023-10-30T07:49:55.543] [INFO] ma-core - Shift Unassigned reminder cron launched
[2023-10-30T07:49:55.549] [INFO] ma-core - Shift Unassigned reminder cron launched
[2023-10-30T07:49:55.553] [INFO] ma-core - Shift Unassigned reminder cron launched
[2023-10-30T07:49:55.559] [INFO] ma-core - Shift Unassigned reminder cron launched
[2023-10-30T07:49:55.567] [INFO] ma-core - Shift Unassigned reminder cron launched
[2023-10-30T07:49:55.575] [INFO] ma-core - Shift Unassigned reminder cron launched
[2023-10-30T07:49:55.583] [INFO] ma-core - Shift Unassigned reminder cron launched
[2023-10-30T07:49:55.586] [INFO] ma-core - Shift Unassigned reminder cron launched
[2023-10-30T07:49:55.588] [INFO] ma-core - Shift Unassigned reminder cron launched
[2023-10-30T07:49:55.593] [INFO] ma-core - Shift Unassigned reminder cron launched
[2023-10-30T07:49:55.600] [INFO] ma-core - Shift Unassigned reminder cron launched
[2023-10-30T07:49:55.606] [INFO] ma-core - Shift Unassigned reminder cron launched
[2023-10-30T07:49:55.610] [INFO] ma-core - Shift Unassigned reminder cron launched
[2023-10-30T07:49:55.613] [INFO] ma-core - Shift Unassigned reminder cron launched
[2023-10-30T07:49:55.617] [INFO] ma-core - Shift Unassigned reminder cron launched
[2023-10-30T07:49:55.621] [INFO] ma-core - Shift Unassigned reminder cron launched
[2023-10-30T07:49:55.624] [INFO] ma-core - Shift Unassigned reminder cron launched
[2023-10-30T07:49:55.629] [INFO] ma-core - Shift Unassigned reminder cron launched
[2023-10-30T07:49:55.635] [INFO] ma-core - Shift Unassigned reminder cron launched
[2023-10-30T07:49:55.641] [INFO] ma-core - Shift Unassigned reminder cron launched
[2023-10-30T07:49:55.646] [INFO] ma-core - Shift Unassigned reminder cron launched
[2023-10-30T07:49:55.650] [INFO] ma-core - Shift Unassigned reminder cron launched
[2023-10-30T07:49:55.653] [INFO] ma-core - Shift Unassigned reminder cron launched
[2023-10-30T07:49:55.655] [INFO] ma-core - Shift Unassigned reminder cron launched
[2023-10-30T07:49:55.660] [INFO] ma-core - Shift Unassigned reminder cron launched
[2023-10-30T07:49:55.665] [INFO] ma-core - Shift Unassigned reminder cron launched
[2023-10-30T07:49:55.669] [INFO] ma-core - Shift Unassigned reminder cron launched
[2023-10-30T07:49:55.671] [INFO] ma-core - Shift Unassigned reminder cron launched
[2023-10-30T07:49:55.675] [INFO] ma-core - Shift Unassigned reminder cron launched
[2023-10-30T07:49:55.679] [INFO] ma-core - Shift Unassigned reminder cron launched
[2023-10-30T07:49:55.683] [INFO] ma-core - Shift Unassigned reminder cron launched
