[2023-10-11T17:20:12.273] [INFO] ma-core - database URI mongodb://localhost:27017/core
[2023-10-11T17:20:13.812] [INFO] ma-core - server started at port 5000
[2023-10-11T17:20:13.848] [INFO] ma-core - mongodb conected
[2023-10-11T17:21:29.800] [INFO] ma-core - get all posts success /api/newsFeed/getAllPosts GET ::1
[2023-10-11T17:21:33.935] [INFO] ma-core - get all posts success /api/newsFeed/getAllPosts GET ::1
[2023-10-11T17:21:34.167] [INFO] ma-core - get all posts success /api/newsFeed/getAllPosts GET ::1
[2023-10-11T17:21:37.601] [INFO] ma-core - get All nomenclature success /api/nomenclature/ GET ::1
[2023-10-11T17:21:38.467] [INFO] ma-core - Get all shifts success /api/shift/ GET ::1
[2023-10-11T17:21:39.162] [INFO] ma-core - Get all shifts success /api/shift/ GET ::1
[2023-10-11T17:24:35.791] [INFO] ma-core - add new shifts success /api/shift/sync PATCH ::1
[2023-10-11T17:24:35.842] [INFO] ma-core - sync shift success /api/shift/sync PATCH ::1
[2023-10-11T17:24:37.082] [INFO] ma-core - Shift Unassigned reminder cron launched
[2023-10-11T17:24:37.091] [INFO] ma-core - cron shift unassigned : startdate before now
[2023-10-11T17:24:37.155] [INFO] ma-core - Shift Unassigned reminder cron launched
[2023-10-11T17:24:37.161] [INFO] ma-core - Shift Unassigned reminder cron launched
[2023-10-11T17:24:37.191] [INFO] ma-core - Shift Unassigned reminder cron launched
[2023-10-11T17:24:37.200] [INFO] ma-core - Shift Unassigned reminder cron launched
[2023-10-11T17:24:37.207] [INFO] ma-core - cron shift unassigned : startdate before now
[2023-10-11T17:24:37.214] [INFO] ma-core - Shift Unassigned reminder cron launched
[2023-10-11T17:24:37.220] [INFO] ma-core - Shift Unassigned reminder cron launched
[2023-10-11T17:24:37.232] [INFO] ma-core - Shift Unassigned reminder cron launched
[2023-10-11T17:24:37.242] [INFO] ma-core - Shift Unassigned reminder cron launched
[2023-10-11T17:24:37.254] [INFO] ma-core - Shift Unassigned reminder cron launched
[2023-10-11T17:24:37.261] [INFO] ma-core - Shift Unassigned reminder cron launched
[2023-10-11T17:24:37.269] [INFO] ma-core - Shift Unassigned reminder cron launched
[2023-10-11T17:24:37.313] [INFO] ma-core - Shift Unassigned reminder cron launched
[2023-10-11T17:24:37.320] [INFO] ma-core - Shift Unassigned reminder cron launched
[2023-10-11T17:24:37.330] [INFO] ma-core - Shift Unassigned reminder cron launched
[2023-10-11T17:24:37.338] [INFO] ma-core - Shift Unassigned reminder cron launched
[2023-10-11T17:24:37.349] [INFO] ma-core - Shift Unassigned reminder cron launched
[2023-10-11T17:24:37.357] [INFO] ma-core - Shift Unassigned reminder cron launched
[2023-10-11T17:24:37.361] [INFO] ma-core - cron shift unassigned : startdate before now
[2023-10-11T17:24:37.372] [INFO] ma-core - Shift Unassigned reminder cron launched
[2023-10-11T17:24:37.377] [INFO] ma-core - Shift Unassigned reminder cron launched
[2023-10-11T17:24:37.384] [INFO] ma-core - Shift Unassigned reminder cron launched
[2023-10-11T17:24:37.419] [INFO] ma-core - Shift Unassigned reminder cron launched
[2023-10-11T17:24:37.425] [INFO] ma-core - cron shift unassigned : startdate before now
[2023-10-11T17:24:37.430] [INFO] ma-core - cron shift unassigned : startdate before now
[2023-10-11T17:24:37.437] [INFO] ma-core - Shift Unassigned reminder cron launched
[2023-10-11T17:24:37.454] [INFO] ma-core - Shift Unassigned reminder cron launched
[2023-10-11T17:24:37.465] [INFO] ma-core - Shift Unassigned reminder cron launched
[2023-10-11T17:24:37.475] [INFO] ma-core - Shift Unassigned reminder cron launched
[2023-10-11T17:24:37.478] [INFO] ma-core - cron shift unassigned : startdate before now
[2023-10-11T17:24:37.484] [INFO] ma-core - Shift Unassigned reminder cron launched
[2023-10-11T17:24:37.525] [INFO] ma-core - Shift Unassigned reminder cron launched
[2023-10-11T17:24:37.533] [INFO] ma-core - Shift Unassigned reminder cron launched
[2023-10-11T17:24:37.540] [INFO] ma-core - cron shift unassigned : startdate before now
[2023-10-11T17:24:37.586] [INFO] ma-core - Shift Unassigned reminder cron launched
[2023-10-11T17:24:37.596] [INFO] ma-core - Shift Unassigned reminder cron launched
[2023-10-11T17:24:37.605] [INFO] ma-core - Shift Unassigned reminder cron launched
[2023-10-11T17:24:37.608] [INFO] ma-core - Shift Unassigned reminder cron launched
[2023-10-11T17:24:37.616] [INFO] ma-core - Shift Unassigned reminder cron launched
[2023-10-11T17:24:37.625] [INFO] ma-core - Shift Unassigned reminder cron launched
[2023-10-11T17:24:37.631] [INFO] ma-core - Shift Unassigned reminder cron launched
[2023-10-11T17:24:37.644] [INFO] ma-core - Shift Unassigned reminder cron launched
[2023-10-11T17:24:37.652] [INFO] ma-core - Shift Unassigned reminder cron launched
[2023-10-11T17:24:37.659] [INFO] ma-core - Shift Unassigned reminder cron launched
[2023-10-11T17:24:37.668] [INFO] ma-core - Shift Unassigned reminder cron launched
[2023-10-11T17:24:37.677] [INFO] ma-core - Shift Unassigned reminder cron launched
[2023-10-11T17:24:37.682] [INFO] ma-core - Shift Unassigned reminder cron launched
[2023-10-11T17:24:37.691] [INFO] ma-core - Shift Unassigned reminder cron launched
[2023-10-11T17:24:37.699] [INFO] ma-core - Shift Unassigned reminder cron launched
[2023-10-11T17:24:37.707] [INFO] ma-core - Shift Unassigned reminder cron launched
[2023-10-11T17:24:37.713] [INFO] ma-core - Shift Unassigned reminder cron launched
[2023-10-11T17:24:37.744] [INFO] ma-core - Shift Unassigned reminder cron launched
[2023-10-11T17:24:37.753] [INFO] ma-core - Shift Unassigned reminder cron launched
[2023-10-11T17:24:37.760] [INFO] ma-core - Shift Unassigned reminder cron launched
[2023-10-11T17:24:37.765] [INFO] ma-core - cron shift unassigned : startdate before now
[2023-10-11T17:24:37.772] [INFO] ma-core - cron shift unassigned : startdate before now
[2023-10-11T17:24:37.785] [INFO] ma-core - Shift Unassigned reminder cron launched
[2023-10-11T17:24:37.791] [INFO] ma-core - Shift Unassigned reminder cron launched
[2023-10-11T17:24:37.796] [INFO] ma-core - Shift Unassigned reminder cron launched
[2023-10-11T17:24:37.800] [INFO] ma-core - Shift Unassigned reminder cron launched
[2023-10-11T17:24:37.811] [INFO] ma-core - Shift Unassigned reminder cron launched
[2023-10-11T17:24:37.825] [INFO] ma-core - Shift Unassigned reminder cron launched
[2023-10-11T17:24:37.828] [INFO] ma-core - Shift Unassigned reminder cron launched
[2023-10-11T17:24:37.831] [INFO] ma-core - cron shift unassigned : startdate before now
[2023-10-11T17:24:37.840] [INFO] ma-core - Shift Unassigned reminder cron launched
[2023-10-11T17:24:37.849] [INFO] ma-core - Shift Unassigned reminder cron launched
[2023-10-11T17:24:37.852] [INFO] ma-core - Shift Unassigned reminder cron launched
[2023-10-11T17:24:37.861] [INFO] ma-core - cron shift unassigned : startdate before now
[2023-10-11T17:24:37.865] [INFO] ma-core - Shift Unassigned reminder cron launched
[2023-10-11T17:24:37.868] [INFO] ma-core - Shift Unassigned reminder cron launched
[2023-10-11T17:24:37.872] [INFO] ma-core - Shift Unassigned reminder cron launched
[2023-10-11T17:24:37.906] [INFO] ma-core - Shift Unassigned reminder cron launched
[2023-10-11T17:24:37.909] [INFO] ma-core - Shift Unassigned reminder cron launched
[2023-10-11T17:24:37.911] [INFO] ma-core - Shift Unassigned reminder cron launched
[2023-10-11T17:24:37.913] [INFO] ma-core - Shift Unassigned reminder cron launched
[2023-10-11T17:24:37.916] [INFO] ma-core - Shift Unassigned reminder cron launched
[2023-10-11T17:24:37.919] [INFO] ma-core - Shift Unassigned reminder cron launched
[2023-10-11T17:24:37.921] [INFO] ma-core - Shift Unassigned reminder cron launched
[2023-10-11T17:24:37.923] [INFO] ma-core - Shift Unassigned reminder cron launched
[2023-10-11T17:24:37.926] [INFO] ma-core - Shift Unassigned reminder cron launched
[2023-10-11T17:24:37.930] [INFO] ma-core - Shift Unassigned reminder cron launched
[2023-10-11T17:24:37.940] [INFO] ma-core - Shift Unassigned reminder cron launched
[2023-10-11T17:24:37.942] [INFO] ma-core - Shift Unassigned reminder cron launched
[2023-10-11T17:24:37.944] [INFO] ma-core - Shift Unassigned reminder cron launched
[2023-10-11T17:24:37.945] [INFO] ma-core - Shift Unassigned reminder cron launched
[2023-10-11T17:24:37.948] [INFO] ma-core - Shift Unassigned reminder cron launched
[2023-10-11T17:24:37.950] [INFO] ma-core - Shift Unassigned reminder cron launched
[2023-10-11T17:24:37.952] [INFO] ma-core - Shift Unassigned reminder cron launched
[2023-10-11T17:24:37.956] [INFO] ma-core - Shift Unassigned reminder cron launched
[2023-10-11T17:24:37.959] [INFO] ma-core - Shift Unassigned reminder cron launched
[2023-10-11T17:24:37.963] [INFO] ma-core - Shift Unassigned reminder cron launched
[2023-10-11T17:24:37.967] [INFO] ma-core - Shift Unassigned reminder cron launched
[2023-10-11T17:24:37.969] [INFO] ma-core - Shift Unassigned reminder cron launched
[2023-10-11T17:24:37.970] [INFO] ma-core - Shift Unassigned reminder cron launched
[2023-10-11T17:24:37.973] [INFO] ma-core - Shift Unassigned reminder cron launched
[2023-10-11T17:24:37.975] [INFO] ma-core - Shift Unassigned reminder cron launched
[2023-10-11T17:24:37.976] [INFO] ma-core - Shift Unassigned reminder cron launched
[2023-10-11T17:24:37.980] [INFO] ma-core - Shift Unassigned reminder cron launched
[2023-10-11T17:24:37.984] [INFO] ma-core - Shift Unassigned reminder cron launched
[2023-10-11T17:24:37.990] [INFO] ma-core - Shift Unassigned reminder cron launched
[2023-10-11T17:24:37.994] [INFO] ma-core - Shift Unassigned reminder cron launched
[2023-10-11T17:24:37.997] [INFO] ma-core - Shift Unassigned reminder cron launched
[2023-10-11T17:24:38.003] [INFO] ma-core - Shift Unassigned reminder cron launched
[2023-10-11T17:24:38.010] [INFO] ma-core - Shift Unassigned reminder cron launched
[2023-10-11T17:24:38.014] [INFO] ma-core - Shift Unassigned reminder cron launched
[2023-10-11T17:24:38.016] [INFO] ma-core - Shift Unassigned reminder cron launched
[2023-10-11T17:24:38.019] [INFO] ma-core - Shift Unassigned reminder cron launched
[2023-10-11T17:24:38.023] [INFO] ma-core - Shift Unassigned reminder cron launched
[2023-10-11T17:24:38.027] [INFO] ma-core - Shift Unassigned reminder cron launched
[2023-10-11T17:24:38.033] [INFO] ma-core - Shift Unassigned reminder cron launched
[2023-10-11T17:24:38.038] [INFO] ma-core - Shift Unassigned reminder cron launched
[2023-10-11T17:24:38.041] [INFO] ma-core - cron shift unassigned : startdate before now
[2023-10-11T17:24:38.046] [INFO] ma-core - Shift Unassigned reminder cron launched
[2023-10-11T17:24:38.049] [INFO] ma-core - Shift Unassigned reminder cron launched
[2023-10-11T17:24:38.055] [INFO] ma-core - Shift Unassigned reminder cron launched
[2023-10-11T17:24:38.063] [INFO] ma-core - Shift Unassigned reminder cron launched
[2023-10-11T17:24:38.065] [INFO] ma-core - Shift Unassigned reminder cron launched
[2023-10-11T17:24:38.067] [INFO] ma-core - Shift Unassigned reminder cron launched
[2023-10-11T17:24:38.068] [INFO] ma-core - Shift Unassigned reminder cron launched
[2023-10-11T17:24:38.071] [INFO] ma-core - Shift Unassigned reminder cron launched
[2023-10-11T17:24:38.073] [INFO] ma-core - Shift Unassigned reminder cron launched
[2023-10-11T17:24:38.075] [INFO] ma-core - Shift Unassigned reminder cron launched
[2023-10-11T17:24:38.080] [INFO] ma-core - Shift Unassigned reminder cron launched
[2023-10-11T17:24:38.085] [INFO] ma-core - Shift Unassigned reminder cron launched
[2023-10-11T17:24:38.091] [INFO] ma-core - Shift Unassigned reminder cron launched
[2023-10-11T17:24:38.094] [INFO] ma-core - Shift Unassigned reminder cron launched
[2023-10-11T17:25:22.237] [INFO] ma-core - Get all shifts success /api/shift/getAllMembersByShifts GET ::1
[2023-10-11T17:30:05.007] [INFO] ma-core - get All Role success /api/role/ GET ::1
[2023-10-11T17:30:26.777] [INFO] ma-core - update user : add new role success :  /api/user/update/:id PATCH
[2023-10-11T17:30:26.791] [INFO] ma-core - update user : update old shift endDate success /api/user/update/:id PATCH
[2023-10-11T17:30:38.219] [INFO] ma-core - get all posts success /api/newsFeed/getAllPosts GET ::1
[2023-10-11T17:30:38.382] [INFO] ma-core - get all posts success /api/newsFeed/getAllPosts GET ::1
[2023-10-11T17:30:40.155] [INFO] ma-core - get all Customer success /api/customer/ GET ::1
[2023-10-11T17:30:40.274] [INFO] ma-core - get all Customer success /api/customer/ GET ::1
[2023-10-11T17:30:41.971] [INFO] ma-core - get all posts success /api/newsFeed/getAllPosts GET ::1
[2023-10-11T17:30:43.288] [INFO] ma-core - get all Customer success /api/customer/ GET ::1
[2023-10-11T17:30:43.428] [INFO] ma-core - get all Customer success /api/customer/ GET ::1
[2023-10-11T17:30:49.820] [INFO] ma-core - get all Customer success /api/customer/ GET ::1
[2023-10-11T17:30:49.853] [INFO] ma-core - get all Customer success /api/customer/ GET ::1
[2023-10-11T17:30:51.264] [INFO] ma-core - get all posts success /api/newsFeed/getAllPosts GET ::1
[2023-10-11T17:30:53.086] [INFO] ma-core - get all Customer success /api/customer/ GET ::1
[2023-10-11T17:30:53.203] [INFO] ma-core - get all Customer success /api/customer/ GET ::1
[2023-10-11T17:30:56.048] [INFO] ma-core - Get all shifts success /api/shift/getAllMembersByShifts GET ::1
[2023-10-11T17:31:30.406] [INFO] ma-core - get all posts success /api/newsFeed/getAllPosts GET ::1
[2023-10-11T17:31:50.723] [INFO] ma-core - get All Role success /api/role/ GET ::1
[2023-10-11T17:32:14.227] [INFO] ma-core - update user : add new role success :  /api/user/update/:id PATCH
[2023-10-11T17:32:14.240] [INFO] ma-core - update user : update old shift endDate success /api/user/update/:id PATCH
[2023-10-11T17:32:19.489] [INFO] ma-core - get all posts success /api/newsFeed/getAllPosts GET ::1
[2023-10-11T17:32:19.645] [INFO] ma-core - get all posts success /api/newsFeed/getAllPosts GET ::1
[2023-10-11T17:32:21.629] [INFO] ma-core - get All nomenclature success /api/nomenclature/ GET ::1
[2023-10-11T17:32:21.890] [INFO] ma-core - Get all shifts success /api/shift/ GET ::1
[2023-10-11T17:32:22.200] [INFO] ma-core - Get all shifts success /api/shift/ GET ::1
[2023-10-11T17:35:57.528] [INFO] ma-core - Get all shifts success /api/shift/getAllMembersByShifts GET ::1
[2023-10-11T17:36:02.779] [INFO] ma-core - get All Role success /api/role/ GET ::1
[2023-10-11T17:36:07.677] [INFO] ma-core - update user : add new role success :  /api/user/update/:id PATCH
[2023-10-11T17:36:07.696] [INFO] ma-core - update user : update old shift endDate success /api/user/update/:id PATCH
[2023-10-11T17:36:13.693] [INFO] ma-core - get all posts success /api/newsFeed/getAllPosts GET ::1
[2023-10-11T17:36:15.223] [INFO] ma-core - Get all shifts success /api/shift/getAllMembersByShifts GET ::1
[2023-10-11T17:36:17.790] [INFO] ma-core - Get all shifts success /api/shift/getAllMembersByShifts GET ::1
[2023-10-11T17:42:42.458] [INFO] ma-core - Get all shifts success /api/shift/getAllMembersByShifts GET ::1
[2023-10-11T17:48:45.462] [INFO] ma-core - Get all shifts success /api/shift/getAllMembersByShifts GET ::1
[2023-10-11T17:49:26.713] [INFO] ma-core - get All nomenclature success /api/nomenclature/ GET ::1
[2023-10-11T17:49:27.207] [INFO] ma-core - Get all shifts success /api/shift/ GET ::1
[2023-10-11T17:49:27.658] [INFO] ma-core - Get all shifts success /api/shift/ GET ::1
[2023-10-11T17:49:36.015] [INFO] ma-core - Get all members success /api/shift/members GET ::1
[2023-10-11T17:49:39.794] [INFO] ma-core - Get all shifts success /api/shift/getAllMembersByShifts GET ::1
[2023-10-11T17:49:47.975] [INFO] ma-core - get all Customer success /api/customer/ GET ::1
[2023-10-11T17:49:48.162] [INFO] ma-core - get all Customer success /api/customer/ GET ::1
[2023-10-11T17:49:58.796] [INFO] ma-core - get All nomenclature success /api/nomenclature/ GET ::1
[2023-10-11T17:49:59.421] [INFO] ma-core - Get all shifts success /api/shift/ GET ::1
[2023-10-11T17:49:59.844] [INFO] ma-core - Get all shifts success /api/shift/ GET ::1
[2023-10-11T17:50:02.230] [INFO] ma-core - Get all members success /api/shift/members GET ::1
[2023-10-11T17:50:11.354] [INFO] ma-core - Get all shifts success /api/shift/getAllMembersByShifts GET ::1
[2023-10-11T17:50:33.135] [INFO] ma-core - Get all shifts success /api/shift/getAllMembersByShifts GET ::1
[2023-10-11T17:51:08.001] [INFO] ma-core - Get all shifts success /api/shift/getAllMembersByShifts GET ::1
[2023-10-11T17:56:19.664] [INFO] ma-core - get All nomenclature success /api/nomenclature/ GET ::1
[2023-10-11T17:56:20.250] [INFO] ma-core - Get all shifts success /api/shift/ GET ::1
[2023-10-11T17:56:20.817] [INFO] ma-core - Get all shifts success /api/shift/ GET ::1
[2023-10-11T17:56:23.257] [INFO] ma-core - Get all shifts success /api/shift/getAllMembersByShifts GET ::1
[2023-10-11T17:57:37.045] [INFO] ma-core - get All nomenclature success /api/nomenclature/ GET ::1
[2023-10-11T17:57:37.532] [INFO] ma-core - Get all shifts success /api/shift/ GET ::1
[2023-10-11T17:57:37.943] [INFO] ma-core - Get all shifts success /api/shift/ GET ::1
[2023-10-11T17:57:43.422] [INFO] ma-core - Get all shifts success /api/shift/getAllMembersByShifts GET ::1
[2023-10-11T17:57:50.239] [INFO] ma-core - get all Customer success /api/customer/ GET ::1
[2023-10-11T17:57:50.417] [INFO] ma-core - get all Customer success /api/customer/ GET ::1
[2023-10-11T17:57:51.039] [INFO] ma-core - get all Customer success /api/customer/ GET ::1
[2023-10-11T17:57:51.121] [INFO] ma-core - get all Customer success /api/customer/ GET ::1
[2023-10-11T17:57:52.163] [INFO] ma-core - get all Customer success /api/customer/ GET ::1
[2023-10-11T17:57:52.335] [INFO] ma-core - get all Customer success /api/customer/ GET ::1
[2023-10-11T18:02:20.334] [INFO] ma-core - get All Task By filter success /api/task/getTasksByFilter GET ::1
[2023-10-11T18:03:02.278] [INFO] ma-core - add Many Task success /api/task/addMany POST ::1
[2023-10-11T18:03:02.280] [INFO] ma-core - Auto start Task cron launched
[2023-10-11T18:03:02.281] [INFO] ma-core - Auto start Task cron launched
[2023-10-11T18:03:02.285] [INFO] ma-core - Auto cancel/Done Task cron launched
[2023-10-11T18:03:02.286] [INFO] ma-core - Auto cancel/Done Task cron launched
[2023-10-11T18:03:02.570] [INFO] ma-core - get All Task By filter success /api/task/getTasksByFilter GET ::1
[2023-10-11T18:03:03.073] [INFO] ma-core - get All Task success /api/task/getFiltredTasks GET ::1
[2023-10-11T18:03:25.338] [INFO] ma-core - get all Customer success /api/customer/ GET ::1
[2023-10-11T18:03:40.645] [INFO] ma-core - get Created Tasks success /api/task/getCreatedTasks GET ::1
[2023-10-11T18:03:51.149] [INFO] ma-core - Update Task Assignee success /api/task/updateAssignee PATCH ::1
[2023-10-11T18:03:51.267] [INFO] ma-core - get All Task success /api/task/getFiltredTasks GET ::1
[2023-10-11T18:03:51.325] [INFO] ma-core - get Created Tasks success /api/task/getCreatedTasks GET ::1
[2023-10-11T18:03:56.107] [INFO] ma-core - get all Customer success /api/customer/ GET ::1
[2023-10-11T18:04:05.692] [INFO] ma-core - get all Customer success /api/customer/ GET ::1
[2023-10-11T18:04:05.760] [INFO] ma-core - get All Task success /api/task/getFiltredTasks GET ::1
[2023-10-11T18:04:05.896] [INFO] ma-core - get all Customer success /api/customer/ GET ::1
[2023-10-11T18:04:06.058] [INFO] ma-core - get All Task success /api/task/getFiltredTasks GET ::1
[2023-10-11T18:04:06.176] [INFO] ma-core - get all Customer success /api/customer/ GET ::1
[2023-10-11T18:04:06.318] [INFO] ma-core - get All Task success /api/task/getFiltredTasks GET ::1
[2023-10-11T18:04:06.404] [INFO] ma-core - get all Customer success /api/customer/ GET ::1
[2023-10-11T18:04:06.520] [INFO] ma-core - get All Task success /api/task/getFiltredTasks GET ::1
[2023-10-11T18:04:06.632] [INFO] ma-core - get All Task success /api/task/getFiltredTasks GET ::1
[2023-10-11T18:04:28.028] [INFO] ma-core - get All Task By filter success /api/task/getTasksByFilter GET ::1
[2023-10-11T18:05:05.624] [INFO] ma-core - get All Task By ID success /api/task/getTasksByUserId GET ::1
[2023-10-11T18:05:05.641] [INFO] ma-core - get all Customer success /api/customer/ GET ::1
[2023-10-11T18:05:05.747] [INFO] ma-core - get all Customer success /api/customer/ GET ::1
[2023-10-11T18:05:05.754] [INFO] ma-core - get All Task By ID success /api/task/getTasksByUserId GET ::1
[2023-10-11T18:05:11.810] [INFO] ma-core - Get all shifts success /api/shift/getAllMembersByShifts GET ::1
[2023-10-11T18:05:37.550] [INFO] ma-core - get all Customer success /api/customer/ GET ::1
[2023-10-11T18:05:37.605] [INFO] ma-core - get All Task success /api/task/getFiltredTasks GET ::1
[2023-10-11T18:05:37.678] [INFO] ma-core - get all Customer success /api/customer/ GET ::1
[2023-10-11T18:05:37.792] [INFO] ma-core - get All Task success /api/task/getFiltredTasks GET ::1
[2023-10-11T18:05:37.874] [INFO] ma-core - get All Task success /api/task/getFiltredTasks GET ::1
[2023-10-11T18:05:37.926] [INFO] ma-core - get All Task success /api/task/getFiltredTasks GET ::1
[2023-10-11T18:05:37.979] [INFO] ma-core - get All Task success /api/task/getFiltredTasks GET ::1
[2023-10-11T18:05:44.401] [INFO] ma-core - get all Customer success /api/customer/ GET ::1
[2023-10-11T18:05:51.166] [INFO] ma-core - get all Customer success /api/customer/ GET ::1
[2023-10-11T18:08:23.757] [INFO] ma-core - get all Customer success /api/customer/ GET ::1
[2023-10-11T18:08:23.775] [INFO] ma-core - get All Task By ID success /api/task/getTasksByUserId GET ::1
[2023-10-11T18:08:23.886] [INFO] ma-core - get all Customer success /api/customer/ GET ::1
[2023-10-11T18:08:23.922] [INFO] ma-core - get All Task By ID success /api/task/getTasksByUserId GET ::1
[2023-10-11T18:08:27.362] [INFO] ma-core - get All Task By ID success /api/task/getTasksByUserId GET ::1
[2023-10-11T18:08:31.192] [INFO] ma-core - get All Task By ID success /api/task/getTasksByUserId GET ::1
[2023-10-11T18:08:54.399] [INFO] ma-core - add Task success /api/task/addOne POST ::1
[2023-10-11T18:08:54.487] [INFO] ma-core - Auto cancel/Done Task cron launched
[2023-10-11T18:08:58.246] [INFO] ma-core - get Created Tasks success /api/task/getworkflowTasks GET ::1
[2023-10-11T18:08:59.957] [INFO] ma-core - get all Customer success /api/customer/ GET ::1
[2023-10-11T18:08:59.983] [INFO] ma-core - get All Task By ID success /api/task/getTasksByUserId GET ::1
[2023-10-11T18:09:00.112] [INFO] ma-core - get all Customer success /api/customer/ GET ::1
[2023-10-11T18:09:00.458] [INFO] ma-core - get All Task By ID success /api/task/getTasksByUserId GET ::1
[2023-10-11T18:09:00.467] [INFO] ma-core - get All Task By ID success /api/task/getTasksByUserId GET ::1
[2023-10-11T18:09:01.969] [INFO] ma-core - get by id Task success /api/task/:id GET ::1
[2023-10-11T18:09:14.698] [INFO] ma-core - get All Task By ID success /api/task/getTasksByUserId GET ::1
[2023-10-11T18:09:16.450] [INFO] ma-core - get all Customer success /api/customer/ GET ::1
[2023-10-11T18:09:16.530] [INFO] ma-core - get All Task success /api/task/getFiltredTasks GET ::1
[2023-10-11T18:09:16.553] [INFO] ma-core - get All Task success /api/task/getFiltredTasks GET ::1
[2023-10-11T18:09:16.628] [INFO] ma-core - get all Customer success /api/customer/ GET ::1
[2023-10-11T18:09:16.762] [INFO] ma-core - get All Task success /api/task/getFiltredTasks GET ::1
[2023-10-11T18:09:16.844] [INFO] ma-core - get All Task success /api/task/getFiltredTasks GET ::1
[2023-10-11T18:09:16.931] [INFO] ma-core - get All Task success /api/task/getFiltredTasks GET ::1
[2023-10-11T18:09:16.978] [INFO] ma-core - get All Task success /api/task/getFiltredTasks GET ::1
[2023-10-11T18:09:17.299] [INFO] ma-core - get All Task success /api/task/getFiltredTasks GET ::1
[2023-10-11T18:12:56.296] [INFO] ma-core - get all Customer success /api/customer/ GET ::1
[2023-10-11T18:12:56.317] [INFO] ma-core - get All Task By ID success /api/task/getTasksByUserId GET ::1
[2023-10-11T18:12:56.422] [INFO] ma-core - get all Customer success /api/customer/ GET ::1
[2023-10-11T18:12:56.449] [INFO] ma-core - get All Task By ID success /api/task/getTasksByUserId GET ::1
[2023-10-11T18:13:04.251] [INFO] ma-core - get Created Tasks success /api/task/getworkflowTasks GET ::1
[2023-10-11T18:14:04.655] [INFO] ma-core - get all Customer success /api/customer/ GET ::1
[2023-10-11T18:14:04.672] [INFO] ma-core - get All Task By ID success /api/task/getTasksByUserId GET ::1
[2023-10-11T18:14:04.732] [INFO] ma-core - get all Customer success /api/customer/ GET ::1
[2023-10-11T18:14:07.411] [INFO] ma-core - get All Task By ID success /api/task/getTasksByUserId GET ::1
[2023-10-11T18:14:07.416] [INFO] ma-core - get All Task By ID success /api/task/getTasksByUserId GET ::1
[2023-10-11T18:14:09.399] [INFO] ma-core - get All Task By ID success /api/task/getTasksByUserId GET ::1
[2023-10-11T18:14:18.770] [INFO] ma-core - get all Customer success /api/customer/ GET ::1
[2023-10-11T18:14:18.901] [INFO] ma-core - get All Task success /api/task/getFiltredTasks GET ::1
[2023-10-11T18:14:18.969] [INFO] ma-core - get all Customer success /api/customer/ GET ::1
[2023-10-11T18:14:18.995] [INFO] ma-core - get All Task success /api/task/getFiltredTasks GET ::1
[2023-10-11T18:14:19.150] [INFO] ma-core - get All Task success /api/task/getFiltredTasks GET ::1
[2023-10-11T18:14:19.220] [INFO] ma-core - get All Task success /api/task/getFiltredTasks GET ::1
[2023-10-11T18:14:19.299] [INFO] ma-core - get All Task success /api/task/getFiltredTasks GET ::1
[2023-10-11T18:14:19.338] [INFO] ma-core - get All Task success /api/task/getFiltredTasks GET ::1
[2023-10-11T18:14:19.987] [INFO] ma-core - get All Task success /api/task/getFiltredTasks GET ::1
[2023-10-11T18:14:46.755] [INFO] ma-core - get All Task By ID success /api/task/getTasksByUserId GET ::1
[2023-10-11T18:14:46.770] [INFO] ma-core - get all Customer success /api/customer/ GET ::1
[2023-10-11T18:14:46.903] [INFO] ma-core - get all Customer success /api/customer/ GET ::1
[2023-10-11T18:14:46.917] [INFO] ma-core - get All Task By ID success /api/task/getTasksByUserId GET ::1
[2023-10-11T18:14:47.451] [INFO] ma-core - get All Task By ID success /api/task/getTasksByUserId GET ::1
[2023-10-11T18:14:47.456] [INFO] ma-core - get All Task By ID success /api/task/getTasksByUserId GET ::1
[2023-10-11T18:14:48.815] [INFO] ma-core - get by id Task success /api/task/:id GET ::1
[2023-10-11T18:14:50.326] [INFO] ma-core - get All Task By ID success /api/task/getTasksByUserId GET ::1
[2023-10-11T18:17:15.809] [INFO] ma-core - get Created Tasks success /api/task/getworkflowTasks GET ::1
[2023-10-11T18:20:04.789] [INFO] ma-core - Insert result success /api/result/ POST ::1
[2023-10-11T18:20:04.830] [INFO] ma-core - Auto cancel/Done Task cron launched
[2023-10-11T18:20:08.132] [INFO] ma-core - get all posts success /api/newsFeed/getAllPosts GET ::1
[2023-10-11T18:20:10.431] [INFO] ma-core - get all Customer success /api/customer/ GET ::1
[2023-10-11T18:20:10.458] [INFO] ma-core - get All Task By ID success /api/task/getTasksByUserId GET ::1
[2023-10-11T18:20:10.622] [INFO] ma-core - get all Customer success /api/customer/ GET ::1
[2023-10-11T18:20:10.631] [INFO] ma-core - get All Task By ID success /api/task/getTasksByUserId GET ::1
[2023-10-11T18:20:12.253] [INFO] ma-core - get all Customer success /api/customer/ GET ::1
[2023-10-11T18:20:12.462] [INFO] ma-core - get all Customer success /api/customer/ GET ::1
[2023-10-11T18:20:12.503] [INFO] ma-core - get All Task success /api/task/getFiltredTasks GET ::1
[2023-10-11T18:20:12.519] [INFO] ma-core - get All Task success /api/task/getFiltredTasks GET ::1
[2023-10-11T18:20:12.652] [INFO] ma-core - get All Task success /api/task/getFiltredTasks GET ::1
[2023-10-11T18:20:12.748] [INFO] ma-core - get All Task success /api/task/getFiltredTasks GET ::1
[2023-10-11T18:20:12.794] [INFO] ma-core - get All Task success /api/task/getFiltredTasks GET ::1
[2023-10-11T18:20:12.821] [INFO] ma-core - get All Task success /api/task/getFiltredTasks GET ::1
[2023-10-11T18:20:14.321] [INFO] ma-core - get All Task By ID success /api/task/getTasksByUserId GET ::1
[2023-10-11T18:20:14.336] [INFO] ma-core - get all Customer success /api/customer/ GET ::1
[2023-10-11T18:20:14.477] [INFO] ma-core - get all Customer success /api/customer/ GET ::1
[2023-10-11T18:20:14.490] [INFO] ma-core - get All Task By ID success /api/task/getTasksByUserId GET ::1
[2023-10-11T18:20:15.082] [INFO] ma-core - get Created Tasks success /api/task/getworkflowTasks GET ::1
[2023-10-11T18:20:16.049] [INFO] ma-core - get one result success /api/result/:id GET ::1
[2023-10-11T18:20:23.138] [INFO] ma-core - Closed the Task /api/task/closeTask/:id PUT ::1
[2023-10-11T18:20:25.259] [INFO] ma-core - get all posts success /api/newsFeed/getAllPosts GET ::1
[2023-10-11T18:20:26.670] [INFO] ma-core - get all posts success /api/newsFeed/getAllPosts GET ::1
[2023-10-11T18:20:35.749] [INFO] ma-core - get all Customer success /api/customer/ GET ::1
[2023-10-11T18:20:35.788] [INFO] ma-core - get All Task success /api/task/getFiltredTasks GET ::1
[2023-10-11T18:20:35.805] [INFO] ma-core - get All Task success /api/task/getFiltredTasks GET ::1
[2023-10-11T18:20:35.999] [INFO] ma-core - get all Customer success /api/customer/ GET ::1
[2023-10-11T18:20:36.101] [INFO] ma-core - get All Task success /api/task/getFiltredTasks GET ::1
[2023-10-11T18:20:36.179] [INFO] ma-core - get All Task success /api/task/getFiltredTasks GET ::1
[2023-10-11T18:20:36.220] [INFO] ma-core - get All Task success /api/task/getFiltredTasks GET ::1
[2023-10-11T18:20:36.272] [INFO] ma-core - get All Task success /api/task/getFiltredTasks GET ::1
[2023-10-11T18:20:37.306] [INFO] ma-core - get all Customer success /api/customer/ GET ::1
[2023-10-11T18:20:37.352] [INFO] ma-core - get All Task By ID success /api/task/getTasksByUserId GET ::1
[2023-10-11T18:20:37.428] [INFO] ma-core - get all Customer success /api/customer/ GET ::1
[2023-10-11T18:20:37.459] [INFO] ma-core - get All Task By ID success /api/task/getTasksByUserId GET ::1
[2023-10-11T18:20:40.969] [INFO] ma-core - get Created Tasks success /api/task/getworkflowTasks GET ::1
[2023-10-11T18:20:41.914] [INFO] ma-core - get one result success /api/result/:id GET ::1
[2023-10-11T18:20:55.027] [INFO] ma-core - get one result success /api/result/:id GET ::1
[2023-10-11T18:21:14.291] [INFO] ma-core - get all Customer success /api/customer/ GET ::1
[2023-10-11T18:21:14.336] [INFO] ma-core - get all Customer success /api/customer/ GET ::1
[2023-10-11T18:21:14.403] [INFO] ma-core - get all Customer success /api/customer/ GET ::1
[2023-10-11T18:22:06.073] [INFO] ma-core - get all Customer success /api/customer/ GET ::1
[2023-10-11T18:22:08.352] [INFO] ma-core - get Customer success toBase64 error /api/customer/:id/ GET ::1
[2023-10-11T18:22:50.681] [INFO] ma-core - get all Customer success /api/customer/ GET ::1
[2023-10-11T18:22:50.735] [INFO] ma-core - get All Task success /api/task/getFiltredTasks GET ::1
[2023-10-11T18:22:50.779] [INFO] ma-core - get All Task success /api/task/getFiltredTasks GET ::1
[2023-10-11T18:22:50.830] [INFO] ma-core - get all Customer success /api/customer/ GET ::1
[2023-10-11T18:22:51.026] [INFO] ma-core - get All Task success /api/task/getFiltredTasks GET ::1
[2023-10-11T18:22:51.139] [INFO] ma-core - get All Task success /api/task/getFiltredTasks GET ::1
[2023-10-11T18:22:51.186] [INFO] ma-core - get All Task success /api/task/getFiltredTasks GET ::1
[2023-10-11T18:22:51.236] [INFO] ma-core - get All Task success /api/task/getFiltredTasks GET ::1
[2023-10-11T18:23:05.632] [INFO] ma-core - get All Task By filter success /api/task/getTasksByFilter GET ::1
[2023-10-11T18:23:12.570] [INFO] ma-core - add Many Task success /api/task/addMany POST ::1
[2023-10-11T18:23:12.571] [INFO] ma-core - Auto start Task cron launched
[2023-10-11T18:23:12.572] [INFO] ma-core - Auto start Task cron launched
[2023-10-11T18:23:12.577] [INFO] ma-core - Auto cancel/Done Task cron launched
[2023-10-11T18:23:12.826] [INFO] ma-core - get All Task By filter success /api/task/getTasksByFilter GET ::1
[2023-10-11T18:23:13.475] [INFO] ma-core - get All Task success /api/task/getFiltredTasks GET ::1
[2023-10-11T18:23:18.533] [INFO] ma-core - get all Customer success /api/customer/ GET ::1
[2023-10-11T18:23:18.555] [INFO] ma-core - get All Task By ID success /api/task/getTasksByUserId GET ::1
[2023-10-11T18:23:18.631] [INFO] ma-core - get all Customer success /api/customer/ GET ::1
[2023-10-11T18:23:18.664] [INFO] ma-core - get All Task By ID success /api/task/getTasksByUserId GET ::1
[2023-10-11T18:23:20.847] [INFO] ma-core - get Created Tasks success /api/task/getworkflowTasks GET ::1
[2023-10-11T18:23:39.821] [INFO] ma-core - Insert result success /api/result/ POST ::1
[2023-10-11T18:23:39.881] [INFO] ma-core - Auto cancel/Done Task cron launched
[2023-10-11T18:23:43.268] [INFO] ma-core - get all Customer success /api/customer/ GET ::1
[2023-10-11T18:23:43.310] [INFO] ma-core - get all Customer success /api/customer/ GET ::1
[2023-10-11T18:23:43.358] [INFO] ma-core - get all Customer success /api/customer/ GET ::1
[2023-10-11T18:24:03.442] [INFO] ma-core - get all posts success /api/newsFeed/getAllPosts GET ::1
[2023-10-11T18:24:11.099] [INFO] ma-core - get all Customer success /api/customer/ GET ::1
[2023-10-11T18:24:19.586] [INFO] ma-core - get all Customer success /api/customer/ GET ::1
[2023-10-11T18:24:19.638] [INFO] ma-core - get All Task success /api/task/getFiltredTasks GET ::1
[2023-10-11T18:24:19.740] [INFO] ma-core - get All Task success /api/task/getFiltredTasks GET ::1
[2023-10-11T18:24:19.877] [INFO] ma-core - get all Customer success /api/customer/ GET ::1
[2023-10-11T18:24:20.129] [INFO] ma-core - get All Task success /api/task/getFiltredTasks GET ::1
[2023-10-11T18:24:20.221] [INFO] ma-core - get All Task success /api/task/getFiltredTasks GET ::1
[2023-10-11T18:24:20.277] [INFO] ma-core - get All Task success /api/task/getFiltredTasks GET ::1
[2023-10-11T18:24:20.325] [INFO] ma-core - get All Task success /api/task/getFiltredTasks GET ::1
[2023-10-11T18:24:22.360] [INFO] ma-core - get All nomenclature success /api/nomenclature/ GET ::1
[2023-10-11T18:24:22.920] [INFO] ma-core - Get all shifts success /api/shift/ GET ::1
[2023-10-11T18:24:23.465] [INFO] ma-core - Get all shifts success /api/shift/ GET ::1
[2023-10-11T18:24:24.257] [INFO] ma-core - get all Customer success /api/customer/ GET ::1
[2023-10-11T18:24:24.322] [INFO] ma-core - get All Task success /api/task/getFiltredTasks GET ::1
[2023-10-11T18:24:24.328] [INFO] ma-core - get All Task success /api/task/getFiltredTasks GET ::1
[2023-10-11T18:24:24.460] [INFO] ma-core - get all Customer success /api/customer/ GET ::1
[2023-10-11T18:24:24.555] [INFO] ma-core - get All Task success /api/task/getFiltredTasks GET ::1
[2023-10-11T18:24:24.630] [INFO] ma-core - get All Task success /api/task/getFiltredTasks GET ::1
[2023-10-11T18:24:24.657] [INFO] ma-core - get All Task success /api/task/getFiltredTasks GET ::1
[2023-10-11T18:24:24.699] [INFO] ma-core - get All Task success /api/task/getFiltredTasks GET ::1
[2023-10-11T18:24:25.704] [INFO] ma-core - get all Customer success /api/customer/ GET ::1
[2023-10-11T18:24:25.740] [INFO] ma-core - get all Customer success /api/customer/ GET ::1
[2023-10-11T18:24:25.759] [INFO] ma-core - get all Customer success /api/customer/ GET ::1
[2023-10-11T18:24:32.180] [INFO] ma-core - get all posts success /api/newsFeed/getAllPosts GET ::1
[2023-10-11T18:24:32.900] [INFO] ma-core - get all Customer success /api/customer/ GET ::1
[2023-10-11T18:24:34.238] [INFO] ma-core - get Customer success toBase64 error /api/customer/:id/ GET ::1
[2023-10-11T18:25:25.072] [INFO] ma-core - get all Customer success /api/customer/ GET ::1
[2023-10-11T18:25:25.123] [INFO] ma-core - get all Customer success /api/customer/ GET ::1
[2023-10-11T18:25:25.155] [INFO] ma-core - get all Customer success /api/customer/ GET ::1
[2023-10-11T18:25:27.672] [INFO] ma-core - get all Customer success /api/customer/ GET ::1
[2023-10-11T18:25:28.749] [INFO] ma-core - get Customer success toBase64 error /api/customer/:id/ GET ::1
[2023-10-11T18:25:39.853] [INFO] ma-core - get all Customer success /api/customer/ GET ::1
[2023-10-11T18:25:39.880] [INFO] ma-core - get all Customer success /api/customer/ GET ::1
[2023-10-11T18:25:39.942] [INFO] ma-core - get all Customer success /api/customer/ GET ::1
[2023-10-11T18:25:42.685] [INFO] ma-core - get all Customer success /api/customer/ GET ::1
[2023-10-11T18:25:44.291] [INFO] ma-core - get Customer success toBase64 error /api/customer/:id/ GET ::1
[2023-10-11T18:26:10.344] [INFO] ma-core - get All Task By ID success /api/task/getTasksByUserId GET ::1
[2023-10-11T18:26:10.369] [INFO] ma-core - get all Customer success /api/customer/ GET ::1
[2023-10-11T18:26:10.510] [INFO] ma-core - get all Customer success /api/customer/ GET ::1
[2023-10-11T18:26:10.537] [INFO] ma-core - get All Task By ID success /api/task/getTasksByUserId GET ::1
[2023-10-11T18:26:13.846] [INFO] ma-core - get all Customer success /api/customer/ GET ::1
[2023-10-11T18:26:14.099] [INFO] ma-core - get all Customer success /api/customer/ GET ::1
[2023-10-11T18:26:14.143] [INFO] ma-core - get All Task success /api/task/getFiltredTasks GET ::1
[2023-10-11T18:26:14.164] [INFO] ma-core - get All Task success /api/task/getFiltredTasks GET ::1
[2023-10-11T18:26:14.360] [INFO] ma-core - get All Task success /api/task/getFiltredTasks GET ::1
[2023-10-11T18:26:14.466] [INFO] ma-core - get All Task success /api/task/getFiltredTasks GET ::1
[2023-10-11T18:26:14.527] [INFO] ma-core - get All Task success /api/task/getFiltredTasks GET ::1
[2023-10-11T18:26:14.564] [INFO] ma-core - get All Task success /api/task/getFiltredTasks GET ::1
[2023-10-11T18:26:32.187] [INFO] ma-core - get All Task By filter success /api/task/getTasksByFilter GET ::1
[2023-10-11T18:26:45.202] [INFO] ma-core - add Many Task success /api/task/addMany POST ::1
[2023-10-11T18:26:45.205] [INFO] ma-core - Auto start Task cron launched
[2023-10-11T18:26:45.208] [INFO] ma-core - Auto start Task cron launched
[2023-10-11T18:26:45.589] [INFO] ma-core - get All Task By filter success /api/task/getTasksByFilter GET ::1
[2023-10-11T18:26:46.229] [INFO] ma-core - get All Task success /api/task/getFiltredTasks GET ::1
[2023-10-11T18:26:56.527] [INFO] ma-core - get all Customer success /api/customer/ GET ::1
[2023-10-11T18:26:57.891] [INFO] ma-core - get Customer success toBase64 error /api/customer/:id/ GET ::1
[2023-10-11T18:27:38.160] [INFO] ma-core - get all Customer success /api/customer/ GET ::1
[2023-10-11T18:27:38.176] [INFO] ma-core - get All Task By ID success /api/task/getTasksByUserId GET ::1
[2023-10-11T18:27:38.268] [INFO] ma-core - get all Customer success /api/customer/ GET ::1
[2023-10-11T18:27:38.291] [INFO] ma-core - get All Task By ID success /api/task/getTasksByUserId GET ::1
[2023-10-11T18:27:39.853] [INFO] ma-core - get all Customer success /api/customer/ GET ::1
[2023-10-11T18:27:40.036] [INFO] ma-core - get all Customer success /api/customer/ GET ::1
[2023-10-11T18:27:40.065] [INFO] ma-core - get All Task success /api/task/getFiltredTasks GET ::1
[2023-10-11T18:27:40.076] [INFO] ma-core - get All Task success /api/task/getFiltredTasks GET ::1
[2023-10-11T18:27:40.237] [INFO] ma-core - get All Task success /api/task/getFiltredTasks GET ::1
[2023-10-11T18:27:40.344] [INFO] ma-core - get All Task success /api/task/getFiltredTasks GET ::1
[2023-10-11T18:27:40.399] [INFO] ma-core - get All Task success /api/task/getFiltredTasks GET ::1
[2023-10-11T18:27:40.443] [INFO] ma-core - get All Task success /api/task/getFiltredTasks GET ::1
[2023-10-11T18:27:41.258] [INFO] ma-core - get all Customer success /api/customer/ GET ::1
[2023-10-11T18:27:41.276] [INFO] ma-core - get All Task By ID success /api/task/getTasksByUserId GET ::1
[2023-10-11T18:27:41.352] [INFO] ma-core - get all Customer success /api/customer/ GET ::1
[2023-10-11T18:27:41.388] [INFO] ma-core - get All Task By ID success /api/task/getTasksByUserId GET ::1
[2023-10-11T18:27:46.055] [INFO] ma-core - get All Task By ID success /api/task/getTasksByUserId GET ::1
[2023-10-11T18:27:46.069] [INFO] ma-core - get all Customer success /api/customer/ GET ::1
[2023-10-11T18:27:46.148] [INFO] ma-core - get All Task By ID success /api/task/getTasksByUserId GET ::1
[2023-10-11T18:27:46.160] [INFO] ma-core - get all Customer success /api/customer/ GET ::1
[2023-10-11T18:27:48.970] [INFO] ma-core - get all Customer success /api/customer/ GET ::1
[2023-10-11T18:27:49.163] [INFO] ma-core - get all Customer success /api/customer/ GET ::1
[2023-10-11T18:27:49.201] [INFO] ma-core - get All Task success /api/task/getFiltredTasks GET ::1
[2023-10-11T18:27:49.211] [INFO] ma-core - get All Task success /api/task/getFiltredTasks GET ::1
[2023-10-11T18:27:49.329] [INFO] ma-core - get All Task success /api/task/getFiltredTasks GET ::1
[2023-10-11T18:27:49.418] [INFO] ma-core - get All Task success /api/task/getFiltredTasks GET ::1
[2023-10-11T18:27:49.462] [INFO] ma-core - get All Task success /api/task/getFiltredTasks GET ::1
[2023-10-11T18:27:49.512] [INFO] ma-core - get All Task success /api/task/getFiltredTasks GET ::1
[2023-10-11T18:28:03.217] [INFO] ma-core - get All Task By filter success /api/task/getTasksByFilter GET ::1
[2023-10-11T18:28:22.607] [INFO] ma-core - add Many Task success /api/task/addMany POST ::1
[2023-10-11T18:28:22.609] [INFO] ma-core - Auto start Task cron launched
[2023-10-11T18:28:22.611] [INFO] ma-core - Auto start Task cron launched
[2023-10-11T18:28:22.613] [INFO] ma-core - Auto start Task cron launched
[2023-10-11T18:28:22.614] [INFO] ma-core - Auto start Task cron launched
[2023-10-11T18:28:22.885] [INFO] ma-core - get All Task By filter success /api/task/getTasksByFilter GET ::1
[2023-10-11T18:28:23.619] [INFO] ma-core - get All Task success /api/task/getFiltredTasks GET ::1
[2023-10-11T18:28:45.617] [INFO] ma-core - get all Customer success /api/customer/ GET ::1
[2023-10-11T18:28:45.654] [INFO] ma-core - get all Customer success /api/customer/ GET ::1
[2023-10-11T18:28:45.702] [INFO] ma-core - get all Customer success /api/customer/ GET ::1
[2023-10-11T18:28:50.200] [INFO] ma-core - get all Customer success /api/customer/ GET ::1
[2023-10-11T18:28:50.235] [INFO] ma-core - get All Task By ID success /api/task/getTasksByUserId GET ::1
[2023-10-11T18:28:50.302] [INFO] ma-core - get all Customer success /api/customer/ GET ::1
[2023-10-11T18:28:50.338] [INFO] ma-core - get All Task By ID success /api/task/getTasksByUserId GET ::1
[2023-10-11T18:28:51.683] [INFO] ma-core - get Created Tasks success /api/task/getworkflowTasks GET ::1
[2023-10-11T18:28:54.862] [INFO] ma-core - Closed the Task /api/task/closeTask/:id PUT ::1
[2023-10-11T18:29:19.020] [INFO] ma-core - Insert result success /api/result/ POST ::1
[2023-10-11T18:29:19.063] [INFO] ma-core - Auto cancel/Done Task cron launched
[2023-10-11T18:29:25.124] [INFO] ma-core - get all Customer success /api/customer/ GET ::1
[2023-10-11T18:29:25.139] [INFO] ma-core - get All Task By ID success /api/task/getTasksByUserId GET ::1
[2023-10-11T18:29:25.232] [INFO] ma-core - get all Customer success /api/customer/ GET ::1
[2023-10-11T18:29:25.262] [INFO] ma-core - get All Task By ID success /api/task/getTasksByUserId GET ::1
[2023-10-11T18:29:40.273] [INFO] ma-core - get Created Tasks success /api/task/getworkflowTasks GET ::1
[2023-10-11T18:29:51.502] [INFO] ma-core - Closed the Task /api/task/closeTask/:id PUT ::1
[2023-10-11T18:30:13.224] [INFO] ma-core - Insert result success /api/result/ POST ::1
[2023-10-11T18:30:13.268] [INFO] ma-core - Auto cancel/Done Task cron launched
[2023-10-11T18:30:18.377] [INFO] ma-core - get All Task By ID success /api/task/getTasksByUserId GET ::1
[2023-10-11T18:30:18.387] [INFO] ma-core - get all Customer success /api/customer/ GET ::1
[2023-10-11T18:30:18.430] [INFO] ma-core - get all Customer success /api/customer/ GET ::1
[2023-10-11T18:30:18.453] [INFO] ma-core - get All Task By ID success /api/task/getTasksByUserId GET ::1
[2023-10-11T18:30:19.307] [INFO] ma-core - get Created Tasks success /api/task/getworkflowTasks GET ::1
[2023-10-11T18:30:21.317] [INFO] ma-core - Closed the Task /api/task/closeTask/:id PUT ::1
[2023-10-11T18:30:23.753] [INFO] ma-core - get all Customer success /api/customer/ GET ::1
[2023-10-11T18:30:23.797] [INFO] ma-core - get all Customer success /api/customer/ GET ::1
[2023-10-11T18:30:23.841] [INFO] ma-core - get all Customer success /api/customer/ GET ::1
[2023-10-11T18:30:54.798] [INFO] ma-core - get all posts success /api/newsFeed/getAllPosts GET ::1
[2023-10-11T18:30:55.374] [INFO] ma-core - get all posts success /api/newsFeed/getAllPosts GET ::1
[2023-10-11T18:31:00.406] [INFO] ma-core - get all posts success /api/newsFeed/getAllPosts GET ::1
[2023-10-11T18:31:02.578] [INFO] ma-core - get all posts success /api/newsFeed/getAllPosts GET ::1
[2023-10-11T18:31:03.603] [INFO] ma-core - get all posts success /api/newsFeed/getAllPosts GET ::1
[2023-10-11T18:31:04.434] [INFO] ma-core - get all posts success /api/newsFeed/getAllPosts GET ::1
[2023-10-11T18:31:05.331] [INFO] ma-core - get all posts success /api/newsFeed/getAllPosts GET ::1
[2023-10-11T18:31:06.297] [INFO] ma-core - get all posts success /api/newsFeed/getAllPosts GET ::1
[2023-10-11T18:31:07.325] [INFO] ma-core - get all posts success /api/newsFeed/getAllPosts GET ::1
[2023-10-11T18:31:08.413] [INFO] ma-core - get all posts success /api/newsFeed/getAllPosts GET ::1
[2023-10-11T18:31:12.403] [INFO] ma-core - get all posts success /api/newsFeed/getAllPosts GET ::1
[2023-10-11T18:31:15.317] [INFO] ma-core - get all posts success /api/newsFeed/getAllPosts GET ::1
[2023-10-11T18:31:22.842] [INFO] ma-core - get all Customer success /api/customer/ GET ::1
[2023-10-11T18:31:22.880] [INFO] ma-core - get all Customer success /api/customer/ GET ::1
[2023-10-11T18:31:22.953] [INFO] ma-core - get all Customer success /api/customer/ GET ::1
[2023-10-11T18:34:25.789] [INFO] ma-core - get all posts success /api/newsFeed/getAllPosts GET ::1
[2023-10-11T18:34:26.831] [INFO] ma-core - get all posts success /api/newsFeed/getAllPosts GET ::1
[2023-10-11T18:34:27.950] [INFO] ma-core - get all posts success /api/newsFeed/getAllPosts GET ::1
[2023-10-11T18:34:29.238] [INFO] ma-core - get all posts success /api/newsFeed/getAllPosts GET ::1
[2023-10-11T18:34:30.355] [INFO] ma-core - get all posts success /api/newsFeed/getAllPosts GET ::1
[2023-10-11T18:34:31.386] [INFO] ma-core - get all posts success /api/newsFeed/getAllPosts GET ::1
[2023-10-11T18:34:32.349] [INFO] ma-core - get all posts success /api/newsFeed/getAllPosts GET ::1
[2023-10-11T18:34:33.140] [INFO] ma-core - get all posts success /api/newsFeed/getAllPosts GET ::1
[2023-10-11T18:34:34.843] [INFO] ma-core - get all posts success /api/newsFeed/getAllPosts GET ::1
[2023-10-11T18:34:48.279] [INFO] ma-core - get all posts success /api/newsFeed/getAllPosts GET ::1
[2023-10-11T18:35:31.060] [INFO] ma-core - get all posts success /api/newsFeed/getAllPosts GET ::1
[2023-10-11T18:36:55.204] [INFO] ma-core - get all Customer success /api/customer/ GET ::1
[2023-10-11T18:36:55.212] [INFO] ma-core - get All Task By ID success /api/task/getTasksByUserId GET ::1
[2023-10-11T18:36:55.291] [INFO] ma-core - get all Customer success /api/customer/ GET ::1
[2023-10-11T18:36:55.331] [INFO] ma-core - get All Task By ID success /api/task/getTasksByUserId GET ::1
[2023-10-11T18:37:05.107] [INFO] ma-core - get Created Tasks success /api/task/getworkflowTasks GET ::1
[2023-10-11T18:37:13.802] [INFO] ma-core - get All Task By ID success /api/task/getTasksByUserId GET ::1
[2023-10-11T18:37:13.819] [INFO] ma-core - get all Customer success /api/customer/ GET ::1
[2023-10-11T18:37:13.870] [INFO] ma-core - get All Task By ID success /api/task/getTasksByUserId GET ::1
[2023-10-11T18:37:13.879] [INFO] ma-core - get all Customer success /api/customer/ GET ::1
[2023-10-11T18:37:15.419] [INFO] ma-core - get Created Tasks success /api/task/getworkflowTasks GET ::1
[2023-10-11T18:37:22.641] [INFO] ma-core - get all Customer success /api/customer/ GET ::1
[2023-10-11T18:37:22.646] [INFO] ma-core - get All Task By ID success /api/task/getTasksByUserId GET ::1
[2023-10-11T18:37:22.683] [INFO] ma-core - get all Customer success /api/customer/ GET ::1
[2023-10-11T18:37:42.144] [INFO] ma-core - get all Customer success /api/customer/ GET ::1
[2023-10-11T18:37:42.288] [INFO] ma-core - get all Customer success /api/customer/ GET ::1
[2023-10-11T18:37:42.308] [INFO] ma-core - get All Task success /api/task/getFiltredTasks GET ::1
[2023-10-11T18:37:42.317] [INFO] ma-core - get All Task success /api/task/getFiltredTasks GET ::1
[2023-10-11T18:37:42.470] [INFO] ma-core - get All Task success /api/task/getFiltredTasks GET ::1
[2023-10-11T18:37:42.537] [INFO] ma-core - get All Task success /api/task/getFiltredTasks GET ::1
[2023-10-11T18:37:42.587] [INFO] ma-core - get All Task success /api/task/getFiltredTasks GET ::1
[2023-10-11T18:37:42.643] [INFO] ma-core - get All Task success /api/task/getFiltredTasks GET ::1
[2023-10-11T18:37:43.543] [INFO] ma-core - get All Task success /api/task/getFiltredTasks GET ::1
[2023-10-11T18:40:11.045] [INFO] ma-core - get all Customer success /api/customer/ GET ::1
[2023-10-11T18:40:15.119] [INFO] ma-core - get all Customer success /api/customer/ GET ::1
[2023-10-11T18:40:41.712] [INFO] ma-core - add Task success /api/task/addOne POST ::1
[2023-10-11T18:40:41.886] [INFO] ma-core - get All Task success /api/task/getFiltredTasks GET ::1
[2023-10-11T18:40:41.967] [INFO] ma-core - Auto cancel/Done Task cron launched
[2023-10-11T18:40:51.847] [INFO] ma-core - get all Customer success /api/customer/ GET ::1
[2023-10-11T18:40:51.862] [INFO] ma-core - get All Task By ID success /api/task/getTasksByUserId GET ::1
[2023-10-11T18:40:51.949] [INFO] ma-core - get all Customer success /api/customer/ GET ::1
[2023-10-11T18:40:51.981] [INFO] ma-core - get All Task By ID success /api/task/getTasksByUserId GET ::1
[2023-10-11T18:40:54.139] [INFO] ma-core - get Created Tasks success /api/task/getworkflowTasks GET ::1
[2023-10-11T18:40:57.682] [INFO] ma-core - get all Customer success /api/customer/ GET ::1
[2023-10-11T18:40:57.691] [INFO] ma-core - get All Task By ID success /api/task/getTasksByUserId GET ::1
[2023-10-11T18:40:57.759] [INFO] ma-core - get all Customer success /api/customer/ GET ::1
[2023-10-11T18:41:07.163] [INFO] ma-core - get all Customer success /api/customer/ GET ::1
[2023-10-11T18:41:07.168] [INFO] ma-core - get All Task By ID success /api/task/getTasksByUserId GET ::1
[2023-10-11T18:41:07.224] [INFO] ma-core - get all Customer success /api/customer/ GET ::1
[2023-10-11T18:41:07.256] [INFO] ma-core - get All Task By ID success /api/task/getTasksByUserId GET ::1
[2023-10-11T18:41:23.329] [INFO] ma-core - get All Task By ID success /api/task/getTasksByUserId GET ::1
[2023-10-11T18:41:23.387] [INFO] ma-core - get all Customer success /api/customer/ GET ::1
[2023-10-11T18:41:23.539] [INFO] ma-core - get all Customer success /api/customer/ GET ::1
[2023-10-11T18:41:23.554] [INFO] ma-core - get All Task By ID success /api/task/getTasksByUserId GET ::1
[2023-10-11T18:41:53.418] [INFO] ma-core - get All Task By ID success /api/task/getTasksByUserId GET ::1
[2023-10-11T18:41:53.452] [INFO] ma-core - get all Customer success /api/customer/ GET ::1
[2023-10-11T18:41:53.584] [INFO] ma-core - get all Customer success /api/customer/ GET ::1
[2023-10-11T18:41:53.599] [INFO] ma-core - get All Task By ID success /api/task/getTasksByUserId GET ::1
[2023-10-11T18:42:09.852] [INFO] ma-core - get all Customer success /api/customer/ GET ::1
[2023-10-11T18:42:10.036] [INFO] ma-core - get all Customer success /api/customer/ GET ::1
[2023-10-11T18:42:10.078] [INFO] ma-core - get All Task success /api/task/getFiltredTasks GET ::1
[2023-10-11T18:42:10.099] [INFO] ma-core - get All Task success /api/task/getFiltredTasks GET ::1
[2023-10-11T18:42:10.259] [INFO] ma-core - get All Task success /api/task/getFiltredTasks GET ::1
[2023-10-11T18:42:10.331] [INFO] ma-core - get All Task success /api/task/getFiltredTasks GET ::1
[2023-10-11T18:42:10.385] [INFO] ma-core - get All Task success /api/task/getFiltredTasks GET ::1
[2023-10-11T18:42:10.441] [INFO] ma-core - get All Task success /api/task/getFiltredTasks GET ::1
[2023-10-11T18:42:25.286] [INFO] ma-core - get all Customer success /api/customer/ GET ::1
[2023-10-11T18:42:36.252] [INFO] ma-core - get all Customer success /api/customer/ GET ::1
[2023-10-11T18:42:42.854] [INFO] ma-core - get all Customer success /api/customer/ GET ::1
[2023-10-11T18:42:42.954] [INFO] ma-core - get All Task success /api/task/getFiltredTasks GET ::1
[2023-10-11T18:42:42.959] [INFO] ma-core - get All Task success /api/task/getFiltredTasks GET ::1
[2023-10-11T18:42:43.063] [INFO] ma-core - get all Customer success /api/customer/ GET ::1
[2023-10-11T18:42:43.283] [INFO] ma-core - get All Task success /api/task/getFiltredTasks GET ::1
[2023-10-11T18:42:43.334] [INFO] ma-core - get all Customer success /api/customer/ GET ::1
[2023-10-11T18:42:43.542] [INFO] ma-core - get All Task success /api/task/getFiltredTasks GET ::1
[2023-10-11T18:42:43.569] [INFO] ma-core - get all Customer success /api/customer/ GET ::1
[2023-10-11T18:42:43.714] [INFO] ma-core - get All Task success /api/task/getFiltredTasks GET ::1
[2023-10-11T18:42:43.784] [INFO] ma-core - get All Task success /api/task/getFiltredTasks GET ::1
[2023-10-11T19:00:00.029] [INFO] ma-core - Auto start Task success
[2023-10-11T19:00:00.029] [INFO] ma-core - Task state change sent with socket!
[2023-10-11T19:00:00.037] [INFO] ma-core - Auto start Task success
[2023-10-11T19:00:00.037] [INFO] ma-core - Task state change sent with socket!
[2023-10-11T19:00:00.039] [INFO] ma-core - Auto start Task success
[2023-10-11T19:00:00.040] [INFO] ma-core - Task state change sent with socket!
[2023-10-11T19:00:00.043] [INFO] ma-core - Auto start Task success
[2023-10-11T19:00:00.043] [INFO] ma-core - Task state change sent with socket!
[2023-10-11T19:00:00.046] [INFO] ma-core - Auto start Task success
[2023-10-11T19:00:00.046] [INFO] ma-core - Task state change sent with socket!
[2023-10-11T19:00:00.049] [INFO] ma-core - Auto start Task success
[2023-10-11T19:00:00.049] [INFO] ma-core - Task state change sent with socket!
[2023-10-11T19:00:00.062] [INFO] ma-core - Auto cancel/Done Task cron launched
[2023-10-11T19:00:00.067] [INFO] ma-core - Auto cancel/Done Task cron launched
[2023-10-11T19:00:00.071] [INFO] ma-core - Auto cancel/Done Task cron launched
[2023-10-11T19:00:00.079] [INFO] ma-core - Auto cancel/Done Task cron launched
[2023-10-11T19:00:00.087] [INFO] ma-core - Auto cancel/Done Task cron launched
[2023-10-11T19:00:00.091] [INFO] ma-core - Auto cancel/Done Task cron launched
[2023-10-11T19:30:00.013] [INFO] ma-core - Auto start Task success
[2023-10-11T19:30:00.013] [INFO] ma-core - Task state change sent with socket!
[2023-10-11T19:30:00.022] [INFO] ma-core - Auto start Task success
[2023-10-11T19:30:00.022] [INFO] ma-core - Task state change sent with socket!
[2023-10-11T19:30:00.031] [INFO] ma-core - Auto cancel/Done Task cron launched
[2023-10-11T19:30:00.039] [INFO] ma-core - Auto cancel/Done Task cron launched
[2023-10-11T20:00:00.023] [INFO] ma-core - Auto start Task success
[2023-10-11T20:00:00.023] [INFO] ma-core - Task state change sent with socket!
[2023-10-11T20:00:00.039] [INFO] ma-core - Auto cancel/Done Task cron launched
[2023-10-11T20:00:00.042] [INFO] ma-core - Auto Canceled the Task
[2023-10-11T20:00:00.043] [INFO] ma-core - Task state change sent with socket!
[2023-10-11T20:08:00.008] [INFO] ma-core - Auto Canceled the Task
[2023-10-11T20:08:00.009] [INFO] ma-core - Task state change sent with socket!
[2023-10-11T20:40:00.012] [INFO] ma-core - Auto Canceled the Task
[2023-10-11T20:40:00.013] [INFO] ma-core - Task state change sent with socket!
[2023-10-11T21:00:00.044] [INFO] ma-core - Auto Canceled the Task
[2023-10-11T21:00:00.045] [INFO] ma-core - Task state change sent with socket!
[2023-10-11T21:00:00.047] [INFO] ma-core - Auto Canceled the Task
[2023-10-11T21:00:00.047] [INFO] ma-core - Task state change sent with socket!
[2023-10-11T21:00:00.049] [INFO] ma-core - Auto Canceled the Task
[2023-10-11T21:00:00.049] [INFO] ma-core - Task state change sent with socket!
[2023-10-11T21:00:00.050] [INFO] ma-core - Auto Canceled the Task
[2023-10-11T21:00:00.051] [INFO] ma-core - Task state change sent with socket!
[2023-10-11T21:00:00.052] [INFO] ma-core - Auto Canceled the Task
[2023-10-11T21:00:00.053] [INFO] ma-core - Task state change sent with socket!
[2023-10-11T21:00:00.053] [INFO] ma-core - Auto Canceled the Task
[2023-10-11T21:00:00.053] [INFO] ma-core - Task state change sent with socket!
[2023-10-11T21:00:00.058] [INFO] ma-core - Auto Canceled the Task
[2023-10-11T21:00:00.058] [INFO] ma-core - Task state change sent with socket!
[2023-10-11T21:00:00.061] [INFO] ma-core - Auto Canceled the Task
[2023-10-11T21:00:00.061] [INFO] ma-core - Task state change sent with socket!
[2023-10-11T21:30:00.013] [INFO] ma-core - Auto Canceled the Task
[2023-10-11T21:30:00.013] [INFO] ma-core - Task state change sent with socket!
[2023-10-11T21:30:00.015] [INFO] ma-core - Auto Canceled the Task
[2023-10-11T21:30:00.015] [INFO] ma-core - Task state change sent with socket!
[2023-10-11T22:00:00.011] [INFO] ma-core - Auto Canceled the Task
[2023-10-11T22:00:00.011] [INFO] ma-core - Task state change sent with socket!
[2023-10-11T23:00:00.011] [INFO] ma-core - Auto start Task success
[2023-10-11T23:00:00.011] [INFO] ma-core - Task state change sent with socket!
[2023-10-11T23:00:00.020] [INFO] ma-core - Auto cancel/Done Task cron launched
