[2022-02-17T03:00:00.017] [INFO] ma-core - Running Sync Shift 2PM UTC
[2022-02-17T03:00:07.931] [INFO] ma-core - add new shifts success /api/shift/sync PATCH ::ffff:127.0.0.1
[2022-02-17T03:00:07.943] [INFO] ma-core - sync shift success /api/shift/sync PATCH ::ffff:127.0.0.1
[2022-02-17T03:00:08.008] [INFO] ma-core - {"message":"Shift sync success"}
[2022-02-17T03:00:08.052] [INFO] ma-core - Shift Unassigned reminder cron launched
[2022-02-17T03:00:08.056] [INFO] ma-core - Shift Unassigned reminder cron launched
[2022-02-17T03:00:08.068] [INFO] ma-core - Shift Unassigned reminder cron launched
[2022-02-17T03:00:08.084] [INFO] ma-core - Shift Unassigned reminder cron launched
[2022-02-17T03:00:08.087] [INFO] ma-core - Shift Unassigned reminder cron launched
[2022-02-17T03:00:08.092] [INFO] ma-core - Shift Unassigned reminder cron launched
[2022-02-17T03:00:08.094] [INFO] ma-core - Shift Unassigned reminder cron launched
[2022-02-17T03:00:08.095] [INFO] ma-core - Shift Unassigned reminder cron launched
[2022-02-17T03:00:08.097] [INFO] ma-core - Shift Unassigned reminder cron launched
[2022-02-17T03:00:08.099] [INFO] ma-core - Shift Unassigned reminder cron launched
[2022-02-17T03:00:08.101] [INFO] ma-core - Shift Unassigned reminder cron launched
[2022-02-17T03:00:08.103] [INFO] ma-core - cron shift unassigned : startdate before now
[2022-02-17T03:00:08.109] [INFO] ma-core - Shift Unassigned reminder cron launched
[2022-02-17T03:00:08.111] [INFO] ma-core - Shift Unassigned reminder cron launched
[2022-02-17T03:00:08.112] [INFO] ma-core - Shift Unassigned reminder cron launched
[2022-02-17T03:00:08.114] [INFO] ma-core - Shift Unassigned reminder cron launched
[2022-02-17T03:00:08.117] [INFO] ma-core - Shift Unassigned reminder cron launched
[2022-02-17T16:10:51.169] [INFO] ma-core - database URI mongodb://localhost:27017/core
[2022-02-17T16:10:52.112] [INFO] ma-core - server started at port 5000
[2022-02-17T16:10:52.136] [INFO] ma-core - mongodb conected
[2022-02-17T16:10:52.216] [INFO] ma-core - add Client success testing testing testing
[2022-02-17T16:10:52.332] [INFO] ma-core - get all Customer success testing testing testing
[2022-02-17T16:10:52.334] [INFO] ma-core - get all Customer success NaN post 1234
[2022-02-17T16:10:52.335] [INFO] ma-core - get all Customer success testing testing testing
[2022-02-17T16:10:52.337] [INFO] ma-core - get all Customer error testing testing testing
[2022-02-17T16:10:52.338] [INFO] ma-core - get all Customer error NaN post 1234
[2022-02-17T16:10:52.347] [INFO] ma-core - get Customer success testing testing testing
[2022-02-17T16:10:52.348] [INFO] ma-core - get Customer error testing testing testing
[2022-02-17T16:10:52.369] [INFO] ma-core - add customer success testing testing testing
[2022-02-17T16:10:50.456] [INFO] ma-core - cancel itOperation success testing testing testing
[2022-02-17T16:10:50.458] [INFO] ma-core - finish itOperation success testing testing testing
[2022-02-17T16:10:52.511] [INFO] ma-core - get All Active itOperation success testing testing testing
[2022-02-17T16:10:52.518] [INFO] ma-core - get All Archived itOperation success testing testing testing
[2022-02-17T16:10:52.532] [INFO] ma-core - add ItOperation success testing testing testing
[2022-02-17T16:10:50.471] [INFO] ma-core - remind itOperation success testing testing testing
[2022-02-17T16:10:50.473] [INFO] ma-core - send changes itOperation success testing testing testing
[2022-02-17T16:10:52.549] [INFO] ma-core - update itOperation success testing testing testing
[2022-02-17T16:10:52.578] [INFO] ma-core - delete licence success testing testing testing
[2022-02-17T16:10:52.579] [INFO] ma-core - delete licence success NaN post 1234
[2022-02-17T16:10:52.590] [INFO] ma-core - get latest customer licence By Id success testing testing testing
[2022-02-17T16:10:52.591] [INFO] ma-core - get latest customer licence By Id success NaN post 1234
[2022-02-17T16:10:52.607] [INFO] ma-core - get licence By Id success testing testing testing
[2022-02-17T16:10:52.608] [INFO] ma-core - get licence By Id success NaN post 1234
[2022-02-17T16:10:52.618] [INFO] ma-core - add Licence success testing testing testing
[2022-02-17T16:10:52.619] [INFO] ma-core - add Licence success NaN post 1234
[2022-02-17T16:10:52.629] [INFO] ma-core - update licence By Customer success testing testing testing
[2022-02-17T16:10:52.631] [INFO] ma-core - update licence By Customer success NaN post 1234
[2022-02-17T16:10:52.701] [INFO] ma-core - delete module success testing testing testing
[2022-02-17T16:10:52.702] [INFO] ma-core - delete module success NaN post 1234
[2022-02-17T16:10:52.713] [INFO] ma-core - get All Basic Module success testing testing testing
[2022-02-17T16:10:52.714] [INFO] ma-core - get All Basic Module success NaN post 1234
[2022-02-17T16:10:52.719] [INFO] ma-core - get All Module success testing testing testing
[2022-02-17T16:10:52.720] [INFO] ma-core - get All Module success NaN post 1234
[2022-02-17T16:10:52.729] [INFO] ma-core - get module By Id success testing testing testing
[2022-02-17T16:10:52.730] [INFO] ma-core - get module By Id success NaN post 1234
[2022-02-17T16:10:52.750] [INFO] ma-core - add Module success testing testing testing
[2022-02-17T16:10:52.754] [INFO] ma-core - add Module success NaN post 1234
[2022-02-17T16:10:52.773] [INFO] ma-core - update module By Customer success testing testing testing
[2022-02-17T16:10:52.774] [INFO] ma-core - update module By Customer success NaN post 1234
[2022-02-17T16:10:52.847] [INFO] ma-core - get All nomenclature success testing testing testing
[2022-02-17T16:10:52.848] [INFO] ma-core - get All nomenclature success testing testing testing
[2022-02-17T16:10:52.850] [INFO] ma-core - get All nomenclature success testing testing testing
[2022-02-17T16:10:52.851] [INFO] ma-core - get All nomenclature success NaN post 1234
[2022-02-17T16:10:52.879] [INFO] ma-core - delete Result Form success testing testing testing
[2022-02-17T16:10:52.880] [INFO] ma-core - delete Result Form success NaN post 1234
[2022-02-17T16:10:52.893] [INFO] ma-core - get all result form success testing testing testing
[2022-02-17T16:10:52.895] [INFO] ma-core - get all result form success testing testing testing
[2022-02-17T16:10:52.897] [INFO] ma-core - get all result form success NaN post 1234
[2022-02-17T16:10:52.905] [INFO] ma-core - get by id Result Form testing testing testing
[2022-02-17T16:10:52.906] [INFO] ma-core - get by id Result Form NaN post 1234
[2022-02-17T16:10:52.914] [INFO] ma-core - get Monitoring Activities Without Result Form success testing testing testing
[2022-02-17T16:10:52.916] [INFO] ma-core - get Monitoring Activities Without Result Form success NaN post 1234
[2022-02-17T16:10:52.924] [INFO] ma-core - add result form success testing testing testing
[2022-02-17T16:10:52.926] [INFO] ma-core - add result form success NaN post 1234
[2022-02-17T16:10:52.932] [INFO] ma-core - update Result Form success testing testing testing
[2022-02-17T16:10:52.933] [INFO] ma-core - update Result Form success NaN post 1234
[2022-02-17T16:10:52.941] [INFO] ma-core - delete Role success testing testing testing
[2022-02-17T16:10:52.943] [INFO] ma-core - delete Role success NaN post 1234
[2022-02-17T16:10:52.958] [INFO] ma-core - get All Role success testing testing testing
[2022-02-17T16:10:52.959] [INFO] ma-core - get All Role success NaN post 1234
[2022-02-17T16:10:52.966] [INFO] ma-core - get by id Role success testing testing testing
[2022-02-17T16:10:52.967] [INFO] ma-core - get by id Role success NaN post 1234
[2022-02-17T16:10:52.980] [INFO] ma-core - get by user Role success testing testing testing
[2022-02-17T16:10:52.981] [INFO] ma-core - get by user Role success NaN get 1234
[2022-02-17T16:10:52.988] [INFO] ma-core - add Role success testing testing testing
[2022-02-17T16:10:52.990] [INFO] ma-core - add Role success NaN post 1234
[2022-02-17T16:10:53.000] [INFO] ma-core - update Role success testing testing testing
[2022-02-17T16:10:53.002] [INFO] ma-core - update Role success NaN post 1234
[2022-02-17T16:10:53.012] [INFO] ma-core - add Role History success testing testing testing
[2022-02-17T16:10:53.014] [INFO] ma-core - add Role History success NaN post 1234
[2022-02-17T16:10:53.061] [INFO] ma-core - Get all shifts success testing testing testing
[2022-02-17T16:10:53.078] [INFO] ma-core - Get all members success testing testing testing
[2022-02-17T16:10:53.124] [INFO] ma-core - delete sla success testing testing testing
[2022-02-17T16:10:53.125] [INFO] ma-core - delete sla success NaN post 1234
[2022-02-17T16:10:53.137] [INFO] ma-core - get sla By Id success testing testing testing
[2022-02-17T16:10:53.139] [INFO] ma-core - get sla By Id success NaN post 1234
[2022-02-17T16:10:53.160] [INFO] ma-core - add Sla success testing testing testing
[2022-02-17T16:10:53.161] [INFO] ma-core - add Sla success NaN post 1234
[2022-02-17T16:10:53.181] [INFO] ma-core - update sla By SlaContract success testing testing testing
[2022-02-17T16:10:53.182] [INFO] ma-core - update sla By SlaContract success NaN post 1234
[2022-02-17T16:10:53.193] [INFO] ma-core - delete slaContract success testing testing testing
[2022-02-17T16:10:53.195] [INFO] ma-core - delete slaContract success NaN post 1234
[2022-02-17T16:10:53.211] [INFO] ma-core - get slaContract By Customer success testing testing testing
[2022-02-17T16:10:53.213] [INFO] ma-core - get slaContract By Customer success NaN post 1234
[2022-02-17T16:10:53.217] [INFO] ma-core - get slaContract By Id success testing testing testing
[2022-02-17T16:10:53.218] [INFO] ma-core - get slaContract By Id success NaN post 1234
[2022-02-17T16:10:53.226] [INFO] ma-core - add SlaContract success testing testing testing
[2022-02-17T16:10:53.228] [INFO] ma-core - add SlaContract success NaN post 1234
[2022-02-17T16:10:53.238] [INFO] ma-core - update slaContract By Customer success testing testing testing
[2022-02-17T16:10:53.240] [INFO] ma-core - update slaContract By Customer success NaN post 1234
[2022-02-17T16:10:53.482] [INFO] ma-core - get All Task success testing testing testing
[2022-02-17T16:10:53.483] [INFO] ma-core - get All Task success NaN post 1234
[2022-02-17T16:10:53.490] [INFO] ma-core - get All Task By filter success testing testing testing
[2022-02-17T16:10:53.493] [INFO] ma-core - get All Task By filter success testing testing testing
[2022-02-17T16:10:53.494] [INFO] ma-core - get by id Task success testing testing testing
[2022-02-17T16:10:53.495] [INFO] ma-core - get by id Task success NaN post 1234
[2022-02-17T16:10:53.505] [INFO] ma-core - get All Task By filter success testing testing testing
[2022-02-17T16:10:53.508] [INFO] ma-core - get All Task By filter success testing testing testing
[2022-02-17T16:10:53.566] [INFO] ma-core - get All Task By ID success testing testing testing
[2022-02-17T16:10:53.592] [INFO] ma-core - get All Task success testing testing testing
[2022-02-17T16:10:53.602] [INFO] ma-core - get Created Tasks success testing testing testing
[2022-02-17T16:10:53.608] [INFO] ma-core - get Created Tasks success NaN post 1234
[2022-02-17T16:10:53.625] [INFO] ma-core - add Task success testing testing testing
[2022-02-17T16:10:53.626] [INFO] ma-core - add Task success NaN post 1234
[2022-02-17T16:10:53.637] [INFO] ma-core - add Many Task success testing testing testing
[2022-02-17T16:10:53.640] [INFO] ma-core - add Many Task success NaN post 1234
[2022-02-17T16:10:53.650] [INFO] ma-core - update Task success testing testing testing
[2022-02-17T16:10:53.651] [INFO] ma-core - update Task success NaN post 1234
[2022-02-17T16:10:53.661] [INFO] ma-core - Update Task Assignee success testing testing testing
[2022-02-17T16:10:53.663] [INFO] ma-core - Update Task Assignee Incomplete testing testing testing
[2022-02-17T16:10:53.673] [INFO] ma-core - Canceled the Task testing testing testing
[2022-02-17T16:10:53.674] [INFO] ma-core - Canceled the Task NaN post 1234
[2022-02-17T16:10:53.681] [INFO] ma-core - Closed the Task testing testing testing
[2022-02-17T16:10:53.683] [INFO] ma-core - Closed the Task NaN post 1234
[2022-02-17T16:10:53.690] [INFO] ma-core - Deleted the Task testing testing testing
[2022-02-17T16:10:53.691] [INFO] ma-core - Deleted the Task NaN post 1234
[2022-02-17T16:10:53.699] [INFO] ma-core - Finished the Task testing testing testing
[2022-02-17T16:10:53.700] [INFO] ma-core - Finished the Task NaN post 1234
[2022-02-17T16:10:53.707] [INFO] ma-core - Rejected the Task testing testing testing
[2022-02-17T16:10:53.709] [INFO] ma-core - Rejected the Task NaN post 1234
[2022-02-17T16:10:53.720] [INFO] ma-core - Validated the Task testing testing testing
[2022-02-17T16:10:53.722] [INFO] ma-core - Validated the Task NaN post 1234
[2022-02-17T16:10:53.734] [INFO] ma-core - update Task success testing testing testing
[2022-02-17T16:10:53.739] [INFO] ma-core - update Task success NaN post 1234
[2022-02-17T17:32:51.063] [INFO] ma-core - database URI mongodb://localhost:27017/core
[2022-02-17T17:32:51.694] [INFO] ma-core - server started at port 5000
[2022-02-17T17:32:51.715] [INFO] ma-core - mongodb conected
[2022-02-17T17:33:32.779] [INFO] ma-core - get All Active itOperation success /api/itoperation/getAllActive POST ::1
[2022-02-17T17:34:18.127] [INFO] ma-core - database URI mongodb://localhost:27017/core
[2022-02-17T17:34:18.798] [INFO] ma-core - server started at port 5000
[2022-02-17T17:34:18.817] [INFO] ma-core - mongodb conected
[2022-02-17T17:34:38.306] [INFO] ma-core - database URI mongodb://localhost:27017/core
[2022-02-17T17:34:38.942] [INFO] ma-core - server started at port 5000
[2022-02-17T17:34:38.963] [INFO] ma-core - mongodb conected
[2022-02-17T17:34:40.176] [INFO] ma-core - database URI mongodb://localhost:27017/core
[2022-02-17T17:34:40.873] [INFO] ma-core - server started at port 5000
[2022-02-17T17:34:40.901] [INFO] ma-core - mongodb conected
[2022-02-17T17:34:41.498] [INFO] ma-core - get All Active itOperation success /api/itoperation/getAllActive POST ::1
[2022-02-17T17:34:51.988] [INFO] ma-core - database URI mongodb://localhost:27017/core
[2022-02-17T17:34:52.758] [INFO] ma-core - server started at port 5000
[2022-02-17T17:34:52.784] [INFO] ma-core - mongodb conected
[2022-02-17T17:34:55.710] [INFO] ma-core - get All Active itOperation success /api/itoperation/getAllActive POST ::1
[2022-02-17T17:34:59.807] [INFO] ma-core - get All Active itOperation success /api/itoperation/getAllActive POST ::1
[2022-02-17T17:35:03.330] [INFO] ma-core - database URI mongodb://localhost:27017/core
[2022-02-17T17:35:04.101] [INFO] ma-core - server started at port 5000
[2022-02-17T17:35:04.121] [INFO] ma-core - mongodb conected
[2022-02-17T17:35:04.990] [INFO] ma-core - get All Active itOperation success /api/itoperation/getAllActive POST ::1
