[2021-12-06T09:03:56.256] [INFO] ma-core - database URI mongodb://localhost:27017/core
[2021-12-06T09:03:57.875] [INFO] ma-core - server started at port 5000
[2021-12-06T09:03:57.896] [INFO] ma-core - mongodb conected
[2021-12-06T09:03:57.969] [INFO] ma-core - add Client success testing testing testing
[2021-12-06T09:03:58.030] [INFO] ma-core - get all Customer success testing testing testing
[2021-12-06T09:03:58.032] [INFO] ma-core - get all Customer success NaN post 1234
[2021-12-06T09:03:58.034] [INFO] ma-core - get all Customer success testing testing testing
[2021-12-06T09:03:58.036] [INFO] ma-core - get all Customer error testing testing testing
[2021-12-06T09:03:58.037] [INFO] ma-core - get all Customer error NaN post 1234
[2021-12-06T09:03:58.043] [INFO] ma-core - get Customer success testing testing testing
[2021-12-06T09:03:58.044] [INFO] ma-core - get Customer error testing testing testing
[2021-12-06T09:03:58.051] [INFO] ma-core - add customer success testing testing testing
[2021-12-06T09:03:54.637] [INFO] ma-core - cancel itOperation success testing testing testing
[2021-12-06T09:03:54.638] [INFO] ma-core - finish itOperation success testing testing testing
[2021-12-06T09:03:58.194] [INFO] ma-core - get All Active itOperation success testing testing testing
[2021-12-06T09:03:58.198] [INFO] ma-core - get All Archived itOperation success testing testing testing
[2021-12-06T09:03:58.216] [INFO] ma-core - add ItOperation success testing testing testing
[2021-12-06T09:03:54.651] [INFO] ma-core - remind itOperation success testing testing testing
[2021-12-06T09:03:54.652] [INFO] ma-core - send changes itOperation success testing testing testing
[2021-12-06T09:03:58.231] [INFO] ma-core - update itOperation success testing testing testing
[2021-12-06T09:03:58.258] [INFO] ma-core - delete licence success testing testing testing
[2021-12-06T09:03:58.259] [INFO] ma-core - delete licence success NaN post 1234
[2021-12-06T09:03:58.268] [INFO] ma-core - get latest customer licence By Id success testing testing testing
[2021-12-06T09:03:58.269] [INFO] ma-core - get latest customer licence By Id success NaN post 1234
[2021-12-06T09:03:58.286] [INFO] ma-core - get licence By Id success testing testing testing
[2021-12-06T09:03:58.287] [INFO] ma-core - get licence By Id success NaN post 1234
[2021-12-06T09:03:58.298] [INFO] ma-core - add Licence success testing testing testing
[2021-12-06T09:03:58.299] [INFO] ma-core - add Licence success NaN post 1234
[2021-12-06T09:03:58.313] [INFO] ma-core - update licence By Customer success testing testing testing
[2021-12-06T09:03:58.315] [INFO] ma-core - update licence By Customer success NaN post 1234
[2021-12-06T09:03:58.387] [INFO] ma-core - delete module success testing testing testing
[2021-12-06T09:03:58.388] [INFO] ma-core - delete module success NaN post 1234
[2021-12-06T09:03:58.399] [INFO] ma-core - get All Basic Module success testing testing testing
[2021-12-06T09:03:58.401] [INFO] ma-core - get All Basic Module success NaN post 1234
[2021-12-06T09:03:58.410] [INFO] ma-core - get All Module success testing testing testing
[2021-12-06T09:03:58.412] [INFO] ma-core - get All Module success NaN post 1234
[2021-12-06T09:03:58.420] [INFO] ma-core - get module By Id success testing testing testing
[2021-12-06T09:03:58.422] [INFO] ma-core - get module By Id success NaN post 1234
[2021-12-06T09:03:58.434] [INFO] ma-core - add Module success testing testing testing
[2021-12-06T09:03:58.436] [INFO] ma-core - add Module success NaN post 1234
[2021-12-06T09:03:58.446] [INFO] ma-core - update module By Customer success testing testing testing
[2021-12-06T09:03:58.447] [INFO] ma-core - update module By Customer success NaN post 1234
[2021-12-06T09:03:58.524] [INFO] ma-core - get All nomenclature success testing testing testing
[2021-12-06T09:03:58.525] [INFO] ma-core - get All nomenclature success testing testing testing
[2021-12-06T09:03:58.526] [INFO] ma-core - get All nomenclature success NaN post 1234
[2021-12-06T09:03:58.575] [INFO] ma-core - delete Result Form success testing testing testing
[2021-12-06T09:03:58.576] [INFO] ma-core - delete Result Form success NaN post 1234
[2021-12-06T09:03:58.584] [INFO] ma-core - get all result form success testing testing testing
[2021-12-06T09:03:58.585] [INFO] ma-core - get all result form success NaN post 1234
[2021-12-06T09:03:58.592] [INFO] ma-core - get by id Result Form testing testing testing
[2021-12-06T09:03:58.593] [INFO] ma-core - get by id Result Form NaN post 1234
[2021-12-06T09:03:58.602] [INFO] ma-core - add result form success testing testing testing
[2021-12-06T09:03:58.603] [INFO] ma-core - add result form success NaN post 1234
[2021-12-06T09:03:58.610] [INFO] ma-core - update Result Form success testing testing testing
[2021-12-06T09:03:58.611] [INFO] ma-core - update Result Form success NaN post 1234
[2021-12-06T09:03:58.622] [INFO] ma-core - delete Role success testing testing testing
[2021-12-06T09:03:58.623] [INFO] ma-core - delete Role success NaN post 1234
[2021-12-06T09:03:58.636] [INFO] ma-core - get All Role success testing testing testing
[2021-12-06T09:03:58.638] [INFO] ma-core - get All Role success NaN post 1234
[2021-12-06T09:03:58.645] [INFO] ma-core - get by id Role success testing testing testing
[2021-12-06T09:03:58.648] [INFO] ma-core - get by id Role success NaN post 1234
[2021-12-06T09:03:58.661] [INFO] ma-core - get by user Role success testing testing testing
[2021-12-06T09:03:58.663] [INFO] ma-core - get by user Role success NaN get 1234
[2021-12-06T09:03:58.671] [INFO] ma-core - add Role success testing testing testing
[2021-12-06T09:03:58.674] [INFO] ma-core - add Role success NaN post 1234
[2021-12-06T09:03:58.684] [INFO] ma-core - update Role success testing testing testing
[2021-12-06T09:03:58.687] [INFO] ma-core - update Role success NaN post 1234
[2021-12-06T09:03:58.698] [INFO] ma-core - add Role History success testing testing testing
[2021-12-06T09:03:58.700] [INFO] ma-core - add Role History success NaN post 1234
[2021-12-06T09:03:58.742] [INFO] ma-core - Get all shifts success testing testing testing
[2021-12-06T09:03:58.763] [INFO] ma-core - Get all members success testing testing testing
[2021-12-06T09:03:58.784] [INFO] ma-core - delete sla success testing testing testing
[2021-12-06T09:03:58.786] [INFO] ma-core - delete sla success NaN post 1234
[2021-12-06T09:03:58.797] [INFO] ma-core - get sla By Id success testing testing testing
[2021-12-06T09:03:58.799] [INFO] ma-core - get sla By Id success NaN post 1234
[2021-12-06T09:03:58.816] [INFO] ma-core - add Sla success testing testing testing
[2021-12-06T09:03:58.818] [INFO] ma-core - add Sla success NaN post 1234
[2021-12-06T09:03:58.835] [INFO] ma-core - update sla By SlaContract success testing testing testing
[2021-12-06T09:03:58.837] [INFO] ma-core - update sla By SlaContract success NaN post 1234
[2021-12-06T09:03:58.847] [INFO] ma-core - delete slaContract success testing testing testing
[2021-12-06T09:03:58.848] [INFO] ma-core - delete slaContract success NaN post 1234
[2021-12-06T09:03:58.866] [INFO] ma-core - get slaContract By Customer success testing testing testing
[2021-12-06T09:03:58.869] [INFO] ma-core - get slaContract By Customer success NaN post 1234
[2021-12-06T09:03:58.874] [INFO] ma-core - get slaContract By Id success testing testing testing
[2021-12-06T09:03:58.875] [INFO] ma-core - get slaContract By Id success NaN post 1234
[2021-12-06T09:03:58.886] [INFO] ma-core - add SlaContract success testing testing testing
[2021-12-06T09:03:58.887] [INFO] ma-core - add SlaContract success NaN post 1234
[2021-12-06T09:03:58.898] [INFO] ma-core - update slaContract By Customer success testing testing testing
[2021-12-06T09:03:58.899] [INFO] ma-core - update slaContract By Customer success NaN post 1234
[2021-12-06T09:03:59.082] [INFO] ma-core - get All Task success testing testing testing
[2021-12-06T09:03:59.083] [INFO] ma-core - get All Task success NaN post 1234
[2021-12-06T09:03:59.087] [INFO] ma-core - get All Task By filter success testing testing testing
[2021-12-06T09:03:59.089] [INFO] ma-core - get All Task By filter success testing testing testing
[2021-12-06T09:03:59.091] [INFO] ma-core - get by id Task success testing testing testing
[2021-12-06T09:03:59.093] [INFO] ma-core - get by id Task success NaN post 1234
[2021-12-06T09:03:59.101] [INFO] ma-core - get All Task By filter success testing testing testing
[2021-12-06T09:03:59.103] [INFO] ma-core - get All Task By filter success testing testing testing
[2021-12-06T09:03:59.184] [INFO] ma-core - get All Task By ID success testing testing testing
[2021-12-06T09:03:59.199] [INFO] ma-core - get All Task success testing testing testing
[2021-12-06T09:03:59.216] [INFO] ma-core - get Created Tasks success testing testing testing
[2021-12-06T09:03:59.220] [INFO] ma-core - get Created Tasks success NaN post 1234
[2021-12-06T09:03:59.237] [INFO] ma-core - add Task success testing testing testing
[2021-12-06T09:03:59.239] [INFO] ma-core - add Task success NaN post 1234
[2021-12-06T09:03:59.251] [INFO] ma-core - add Many Task success testing testing testing
[2021-12-06T09:03:59.254] [INFO] ma-core - add Many Task success NaN post 1234
[2021-12-06T09:03:59.265] [INFO] ma-core - update Task success testing testing testing
[2021-12-06T09:03:59.267] [INFO] ma-core - update Task success NaN post 1234
[2021-12-06T09:03:59.275] [INFO] ma-core - Update Task Assignee success testing testing testing
[2021-12-06T09:03:59.277] [INFO] ma-core - Update Task Assignee Incomplete testing testing testing
[2021-12-06T09:03:59.286] [INFO] ma-core - Canceled the Task testing testing testing
[2021-12-06T09:03:59.288] [INFO] ma-core - Canceled the Task NaN post 1234
[2021-12-06T09:03:59.296] [INFO] ma-core - Deleted the Task testing testing testing
[2021-12-06T09:03:59.298] [INFO] ma-core - Deleted the Task NaN post 1234
[2021-12-06T09:03:59.305] [INFO] ma-core - Finished the Task testing testing testing
[2021-12-06T09:03:59.307] [INFO] ma-core - Finished the Task NaN post 1234
[2021-12-06T09:03:59.314] [INFO] ma-core - Rejected the Task testing testing testing
[2021-12-06T09:03:59.316] [INFO] ma-core - Rejected the Task NaN post 1234
[2021-12-06T09:03:59.323] [INFO] ma-core - Validated the Task testing testing testing
[2021-12-06T09:03:59.326] [INFO] ma-core - Validated the Task NaN post 1234
[2021-12-06T09:03:59.336] [INFO] ma-core - update Task success testing testing testing
[2021-12-06T09:03:59.341] [INFO] ma-core - update Task success NaN post 1234
[2021-12-06T09:06:31.919] [INFO] ma-core - delete Result Form success testing testing testing
[2021-12-06T09:06:31.923] [INFO] ma-core - delete Result Form success NaN post 1234
[2021-12-06T09:06:31.936] [INFO] ma-core - get all result form success testing testing testing
[2021-12-06T09:06:31.938] [INFO] ma-core - get all result form success NaN post 1234
[2021-12-06T09:06:31.943] [INFO] ma-core - get by id Result Form testing testing testing
[2021-12-06T09:06:31.945] [INFO] ma-core - get by id Result Form NaN post 1234
[2021-12-06T09:06:31.954] [INFO] ma-core - add result form success testing testing testing
[2021-12-06T09:06:31.956] [INFO] ma-core - add result form success NaN post 1234
[2021-12-06T09:06:31.965] [INFO] ma-core - update Result Form success testing testing testing
[2021-12-06T09:06:31.967] [INFO] ma-core - update Result Form success NaN post 1234
[2021-12-06T10:17:54.291] [INFO] ma-core - database URI mongodb://localhost:27017/core
[2021-12-06T10:17:54.826] [INFO] ma-core - server started at port 5000
[2021-12-06T10:17:54.847] [INFO] ma-core - mongodb conected
